===================configuration===================
learning rate :0.001 
num_mlp_layers : 1
num_layers : 2
gnn input_features : 100
gnn output_features : 64
input of rnn/transformer : 64
hidden_size (out put of rnn/tranformer) : 64
observation hour [7,19]
observation interval : 360
observation threshold : 10800
prediction time : 86400
cascade length [5,100]
model save at : ../model_save/cas2vec/weibo3/
====bidirected: False, attention: GAT, gcn_type: self, rnn: LSTM====
===================configuration===================
len(Y_train), len(Y_valid), len(Y_test): 40150 8604 8604
preparing time:147.95748353004456
total parameters 65309
---------------*****---------------
Starting training the epoch: 0 
total batch: 627.34375 
batch:99 average train loss 2.8467
batch:199 average train loss 2.5820
batch:299 average train loss 2.4170
batch:399 average train loss 2.3173
batch:499 average train loss 2.2401
batch:599 average train loss 2.2011
average train loss 2.1910
Train Consuming time:278.37 in the epoch: 0
total val iterations: 135 
average val loss 2.0153
accuracy ( less than 0.1 ): 0.1030
median val loss 0.6095
total test iterations: 135 
average test loss 1.9135
accuracy ( less than 0.1 ): 0.1019
median test loss 0.5499
Consuming time:382.20 in the epoch: 0
Best test loss is 1.91
---------------*****---------------
---------------*****---------------
Starting training the epoch: 1 
total batch: 627.34375 
batch:99 average train loss 1.9720
batch:199 average train loss 1.9911
batch:299 average train loss 1.9563
batch:399 average train loss 1.9388
batch:499 average train loss 1.9189
batch:599 average train loss 1.9183
average train loss 1.9193
Train Consuming time:179.59 in the epoch: 1
total val iterations: 135 
average val loss 1.9114
accuracy ( less than 0.1 ): 0.1418
median val loss 0.5745
total test iterations: 135 
average test loss 1.8104
accuracy ( less than 0.1 ): 0.1413
median test loss 0.5494
Consuming time:235.67 in the epoch: 1
Best test loss is 1.81
---------------*****---------------
---------------*****---------------
Starting training the epoch: 2 
total batch: 627.34375 
batch:99 average train loss 1.9077
batch:199 average train loss 1.9117
batch:299 average train loss 1.8841
batch:399 average train loss 1.8750
batch:499 average train loss 1.8629
batch:599 average train loss 1.8615
average train loss 1.8610
Train Consuming time:181.71 in the epoch: 2
total val iterations: 135 
average val loss 1.9000
accuracy ( less than 0.1 ): 0.1142
median val loss 0.5542
total test iterations: 135 
average test loss 1.8145
accuracy ( less than 0.1 ): 0.1121
median test loss 0.5237
Consuming time:239.64 in the epoch: 2
Best test loss is 1.81
---------------*****---------------
---------------*****---------------
Starting training the epoch: 3 
total batch: 627.34375 
batch:99 average train loss 1.8639
batch:199 average train loss 1.8684
batch:299 average train loss 1.8397
batch:399 average train loss 1.8308
batch:499 average train loss 1.8176
batch:599 average train loss 1.8198
average train loss 1.8198
Train Consuming time:189.96 in the epoch: 3
total val iterations: 135 
average val loss 1.9127
accuracy ( less than 0.1 ): 0.1020
median val loss 0.5671
total test iterations: 135 
average test loss 1.8216
accuracy ( less than 0.1 ): 0.1056
median test loss 0.5398
Consuming time:252.33 in the epoch: 3
Best test loss is 1.81
---------------*****---------------
---------------*****---------------
Starting training the epoch: 4 
total batch: 627.34375 
batch:99 average train loss 1.8465
batch:199 average train loss 1.8507
batch:299 average train loss 1.8208
batch:399 average train loss 1.8101
batch:499 average train loss 1.7947
batch:599 average train loss 1.7995
average train loss 1.7997
Train Consuming time:181.37 in the epoch: 4
total val iterations: 135 
average val loss 1.8498
accuracy ( less than 0.1 ): 0.1250
median val loss 0.5413
total test iterations: 135 
average test loss 1.7709
accuracy ( less than 0.1 ): 0.1287
median test loss 0.5194
Consuming time:236.07 in the epoch: 4
Best test loss is 1.77
---------------*****---------------
---------------*****---------------
Starting training the epoch: 5 
total batch: 627.34375 
batch:99 average train loss 1.8203
batch:199 average train loss 1.8266
batch:299 average train loss 1.7991
batch:399 average train loss 1.7888
batch:499 average train loss 1.7761
batch:599 average train loss 1.7800
average train loss 1.7799
Train Consuming time:178.71 in the epoch: 5
total val iterations: 135 
average val loss 1.8411
accuracy ( less than 0.1 ): 0.1234
median val loss 0.5434
total test iterations: 135 
average test loss 1.7573
accuracy ( less than 0.1 ): 0.1244
median test loss 0.5119
Consuming time:233.87 in the epoch: 5
Best test loss is 1.76
---------------*****---------------
---------------*****---------------
Starting training the epoch: 6 
total batch: 627.34375 
batch:99 average train loss 1.7996
batch:199 average train loss 1.8081
batch:299 average train loss 1.7830
batch:399 average train loss 1.7715
batch:499 average train loss 1.7596
batch:599 average train loss 1.7628
average train loss 1.7638
Train Consuming time:178.49 in the epoch: 6
total val iterations: 135 
average val loss 1.8436
accuracy ( less than 0.1 ): 0.1287
median val loss 0.5464
total test iterations: 135 
average test loss 1.7685
accuracy ( less than 0.1 ): 0.1233
median test loss 0.5110
Consuming time:239.52 in the epoch: 6
Best test loss is 1.76
---------------*****---------------
---------------*****---------------
Starting training the epoch: 7 
total batch: 627.34375 
batch:99 average train loss 1.7922
batch:199 average train loss 1.7958
batch:299 average train loss 1.7677
batch:399 average train loss 1.7584
batch:499 average train loss 1.7468
batch:599 average train loss 1.7496
average train loss 1.7497
Train Consuming time:188.28 in the epoch: 7
total val iterations: 135 
average val loss 1.8299
accuracy ( less than 0.1 ): 0.1322
median val loss 0.5488
total test iterations: 135 
average test loss 1.7547
accuracy ( less than 0.1 ): 0.1240
median test loss 0.5113
Consuming time:247.16 in the epoch: 7
Best test loss is 1.75
---------------*****---------------
---------------*****---------------
Starting training the epoch: 8 
total batch: 627.34375 
batch:99 average train loss 1.7668
batch:199 average train loss 1.7739
batch:299 average train loss 1.7491
batch:399 average train loss 1.7405
batch:499 average train loss 1.7300
batch:599 average train loss 1.7344
average train loss 1.7351
Train Consuming time:186.75 in the epoch: 8
total val iterations: 135 
average val loss 1.8175
accuracy ( less than 0.1 ): 0.1244
median val loss 0.5177
total test iterations: 135 
average test loss 1.7380
accuracy ( less than 0.1 ): 0.1208
median test loss 0.4888
Consuming time:242.28 in the epoch: 8
Best test loss is 1.74
---------------*****---------------
---------------*****---------------
Starting training the epoch: 9 
total batch: 627.34375 
batch:99 average train loss 1.7716
batch:199 average train loss 1.7697
batch:299 average train loss 1.7432
batch:399 average train loss 1.7335
batch:499 average train loss 1.7214
batch:599 average train loss 1.7258
average train loss 1.7268
Train Consuming time:178.57 in the epoch: 9
total val iterations: 135 
average val loss 1.8243
accuracy ( less than 0.1 ): 0.1147
median val loss 0.5145
total test iterations: 135 
average test loss 1.7370
accuracy ( less than 0.1 ): 0.1152
median test loss 0.4862
Consuming time:233.12 in the epoch: 9
Best test loss is 1.74
---------------*****---------------
---------------*****---------------
Starting training the epoch: 10 
total batch: 627.34375 
batch:99 average train loss 1.7577
batch:199 average train loss 1.7554
batch:299 average train loss 1.7313
batch:399 average train loss 1.7215
batch:499 average train loss 1.7122
batch:599 average train loss 1.7168
average train loss 1.7171
Train Consuming time:176.38 in the epoch: 10
total val iterations: 135 
average val loss 1.8091
accuracy ( less than 0.1 ): 0.1219
median val loss 0.5151
total test iterations: 135 
average test loss 1.7190
accuracy ( less than 0.1 ): 0.1213
median test loss 0.4830
Consuming time:230.59 in the epoch: 10
Best test loss is 1.72
---------------*****---------------
---------------*****---------------
Starting training the epoch: 11 
total batch: 627.34375 
batch:99 average train loss 1.7518
batch:199 average train loss 1.7600
batch:299 average train loss 1.7329
batch:399 average train loss 1.7232
batch:499 average train loss 1.7106
batch:599 average train loss 1.7132
average train loss 1.7136
Train Consuming time:185.89 in the epoch: 11
total val iterations: 135 
average val loss 1.8051
accuracy ( less than 0.1 ): 0.1244
median val loss 0.5204
total test iterations: 135 
average test loss 1.7229
accuracy ( less than 0.1 ): 0.1207
median test loss 0.5021
Consuming time:245.29 in the epoch: 11
Best test loss is 1.72
---------------*****---------------
---------------*****---------------
Starting training the epoch: 12 
total batch: 627.34375 
batch:99 average train loss 1.7400
batch:199 average train loss 1.7467
batch:299 average train loss 1.7189
batch:399 average train loss 1.7050
batch:499 average train loss 1.6961
batch:599 average train loss 1.6992
average train loss 1.6990
Train Consuming time:188.46 in the epoch: 12
total val iterations: 135 
average val loss 1.7966
accuracy ( less than 0.1 ): 0.1227
median val loss 0.5109
total test iterations: 135 
average test loss 1.7167
accuracy ( less than 0.1 ): 0.1228
median test loss 0.4877
Consuming time:247.32 in the epoch: 12
Best test loss is 1.72
---------------*****---------------
---------------*****---------------
Starting training the epoch: 13 
total batch: 627.34375 
batch:99 average train loss 1.7329
batch:199 average train loss 1.7349
batch:299 average train loss 1.7091
batch:399 average train loss 1.6980
batch:499 average train loss 1.6902
batch:599 average train loss 1.6926
average train loss 1.6927
Train Consuming time:182.51 in the epoch: 13
total val iterations: 135 
average val loss 1.8166
accuracy ( less than 0.1 ): 0.1194
median val loss 0.5131
total test iterations: 135 
average test loss 1.7220
accuracy ( less than 0.1 ): 0.1193
median test loss 0.4962
Consuming time:239.07 in the epoch: 13
Best test loss is 1.72
---------------*****---------------
---------------*****---------------
Starting training the epoch: 14 
total batch: 627.34375 
batch:99 average train loss 1.7205
batch:199 average train loss 1.7232
batch:299 average train loss 1.6988
batch:399 average train loss 1.6872
batch:499 average train loss 1.6770
batch:599 average train loss 1.6813
average train loss 1.6814
Train Consuming time:179.01 in the epoch: 14
total val iterations: 135 
average val loss 1.8255
accuracy ( less than 0.1 ): 0.1139
median val loss 0.5233
total test iterations: 135 
average test loss 1.7378
accuracy ( less than 0.1 ): 0.1179
median test loss 0.5086
Consuming time:234.93 in the epoch: 14
Best test loss is 1.72
---------------*****---------------
---------------*****---------------
Starting training the epoch: 15 
total batch: 627.34375 
batch:99 average train loss 1.7108
batch:199 average train loss 1.7216
batch:299 average train loss 1.6968
batch:399 average train loss 1.6858
batch:499 average train loss 1.6768
batch:599 average train loss 1.6807
average train loss 1.6792
Train Consuming time:183.30 in the epoch: 15
total val iterations: 135 
average val loss 1.8255
accuracy ( less than 0.1 ): 0.1236
median val loss 0.5368
total test iterations: 135 
average test loss 1.7280
accuracy ( less than 0.1 ): 0.1253
median test loss 0.5019
Consuming time:244.48 in the epoch: 15
Best test loss is 1.72
---------------*****---------------
---------------*****---------------
Starting training the epoch: 16 
total batch: 627.34375 
batch:99 average train loss 1.7222
batch:199 average train loss 1.7198
batch:299 average train loss 1.6920
batch:399 average train loss 1.6818
batch:499 average train loss 1.6708
batch:599 average train loss 1.6747
average train loss 1.6739
Train Consuming time:190.55 in the epoch: 16
total val iterations: 135 
average val loss 1.7936
accuracy ( less than 0.1 ): 0.1264
median val loss 0.5161
total test iterations: 135 
average test loss 1.7014
accuracy ( less than 0.1 ): 0.1294
median test loss 0.4907
Consuming time:248.93 in the epoch: 16
Best test loss is 1.70
---------------*****---------------
---------------*****---------------
Starting training the epoch: 17 
total batch: 627.34375 
batch:99 average train loss 1.7114
batch:199 average train loss 1.7135
batch:299 average train loss 1.6854
batch:399 average train loss 1.6726
batch:499 average train loss 1.6638
batch:599 average train loss 1.6662
average train loss 1.6657
Train Consuming time:185.50 in the epoch: 17
total val iterations: 135 
average val loss 1.7907
accuracy ( less than 0.1 ): 0.1248
median val loss 0.5204
total test iterations: 135 
average test loss 1.7076
accuracy ( less than 0.1 ): 0.1284
median test loss 0.5041
Consuming time:242.48 in the epoch: 17
Best test loss is 1.70
---------------*****---------------
---------------*****---------------
Starting training the epoch: 18 
total batch: 627.34375 
batch:99 average train loss 1.6875
batch:199 average train loss 1.7011
batch:299 average train loss 1.6774
batch:399 average train loss 1.6673
batch:499 average train loss 1.6578
batch:599 average train loss 1.6620
average train loss 1.6612
Train Consuming time:183.30 in the epoch: 18
total val iterations: 135 
average val loss 1.7720
accuracy ( less than 0.1 ): 0.1347
median val loss 0.5135
total test iterations: 135 
average test loss 1.6906
accuracy ( less than 0.1 ): 0.1356
median test loss 0.4886
Consuming time:240.81 in the epoch: 18
Best test loss is 1.69
---------------*****---------------
---------------*****---------------
Starting training the epoch: 19 
total batch: 627.34375 
batch:99 average train loss 1.6843
batch:199 average train loss 1.6986
batch:299 average train loss 1.6717
batch:399 average train loss 1.6611
batch:499 average train loss 1.6525
batch:599 average train loss 1.6535
average train loss 1.6529
Train Consuming time:183.46 in the epoch: 19
total val iterations: 135 
average val loss 1.7804
accuracy ( less than 0.1 ): 0.1229
median val loss 0.5037
total test iterations: 135 
average test loss 1.7037
accuracy ( less than 0.1 ): 0.1285
median test loss 0.4943
Consuming time:243.20 in the epoch: 19
Best test loss is 1.69
---------------*****---------------
---------------*****---------------
Starting training the epoch: 20 
total batch: 627.34375 
batch:99 average train loss 1.6911
batch:199 average train loss 1.6849
batch:299 average train loss 1.6563
batch:399 average train loss 1.6443
batch:499 average train loss 1.6268
batch:599 average train loss 1.6194
average train loss 1.6151
Train Consuming time:188.04 in the epoch: 20
total val iterations: 135 
average val loss 1.7491
accuracy ( less than 0.1 ): 0.1642
median val loss 0.5291
total test iterations: 135 
average test loss 1.6645
accuracy ( less than 0.1 ): 0.1643
median test loss 0.5087
Consuming time:247.33 in the epoch: 20
Best test loss is 1.66
---------------*****---------------
---------------*****---------------
Starting training the epoch: 21 
total batch: 627.34375 
batch:99 average train loss 1.6554
batch:199 average train loss 1.6594
batch:299 average train loss 1.6344
batch:399 average train loss 1.6246
batch:499 average train loss 1.6091
batch:599 average train loss 1.6029
average train loss 1.5994
Train Consuming time:186.30 in the epoch: 21
total val iterations: 135 
average val loss 1.7475
accuracy ( less than 0.1 ): 0.1673
median val loss 0.5301
total test iterations: 135 
average test loss 1.6613
accuracy ( less than 0.1 ): 0.1660
median test loss 0.5075
Consuming time:242.96 in the epoch: 21
Best test loss is 1.66
---------------*****---------------
---------------*****---------------
Starting training the epoch: 22 
total batch: 627.34375 
batch:99 average train loss 1.6457
batch:199 average train loss 1.6505
batch:299 average train loss 1.6257
batch:399 average train loss 1.6168
batch:499 average train loss 1.6020
batch:599 average train loss 1.5963
average train loss 1.5931
Train Consuming time:180.37 in the epoch: 22
total val iterations: 135 
average val loss 1.7468
accuracy ( less than 0.1 ): 0.1658
median val loss 0.5281
total test iterations: 135 
average test loss 1.6603
accuracy ( less than 0.1 ): 0.1662
median test loss 0.5072
Consuming time:236.12 in the epoch: 22
Best test loss is 1.66
---------------*****---------------
---------------*****---------------
Starting training the epoch: 23 
total batch: 627.34375 
batch:99 average train loss 1.6400
batch:199 average train loss 1.6451
batch:299 average train loss 1.6199
batch:399 average train loss 1.6112
batch:499 average train loss 1.5967
batch:599 average train loss 1.5913
average train loss 1.5885
Train Consuming time:179.86 in the epoch: 23
total val iterations: 135 
average val loss 1.7465
accuracy ( less than 0.1 ): 0.1670
median val loss 0.5287
total test iterations: 135 
average test loss 1.6597
accuracy ( less than 0.1 ): 0.1664
median test loss 0.5059
Consuming time:236.14 in the epoch: 23
Best test loss is 1.66
---------------*****---------------
---------------*****---------------
Starting training the epoch: 24 
total batch: 627.34375 
batch:99 average train loss 1.6356
batch:199 average train loss 1.6406
batch:299 average train loss 1.6154
batch:399 average train loss 1.6071
batch:499 average train loss 1.5927
batch:599 average train loss 1.5877
average train loss 1.5851
Train Consuming time:189.11 in the epoch: 24
total val iterations: 135 
average val loss 1.7460
accuracy ( less than 0.1 ): 0.1676
median val loss 0.5289
total test iterations: 135 
average test loss 1.6590
accuracy ( less than 0.1 ): 0.1664
median test loss 0.5070
Consuming time:251.28 in the epoch: 24
Best test loss is 1.66
---------------*****---------------
---------------*****---------------
Starting training the epoch: 25 
total batch: 627.34375 
batch:99 average train loss 1.6329
batch:199 average train loss 1.6374
batch:299 average train loss 1.6119
batch:399 average train loss 1.6038
batch:499 average train loss 1.5896
batch:599 average train loss 1.5850
average train loss 1.5826
Train Consuming time:193.68 in the epoch: 25
total val iterations: 135 
average val loss 1.7461
accuracy ( less than 0.1 ): 0.1681
median val loss 0.5276
total test iterations: 135 
average test loss 1.6586
accuracy ( less than 0.1 ): 0.1681
median test loss 0.5065
Consuming time:255.78 in the epoch: 25
Best test loss is 1.66
---------------*****---------------
---------------*****---------------
Starting training the epoch: 26 
total batch: 627.34375 
batch:99 average train loss 1.6307
batch:199 average train loss 1.6348
batch:299 average train loss 1.6090
batch:399 average train loss 1.6011
batch:499 average train loss 1.5872
batch:599 average train loss 1.5828
average train loss 1.5806
Train Consuming time:185.54 in the epoch: 26
total val iterations: 135 
average val loss 1.7458
accuracy ( less than 0.1 ): 0.1674
median val loss 0.5284
total test iterations: 135 
average test loss 1.6581
accuracy ( less than 0.1 ): 0.1683
median test loss 0.5075
Consuming time:244.07 in the epoch: 26
Best test loss is 1.66
---------------*****---------------
---------------*****---------------
Starting training the epoch: 27 
total batch: 627.34375 
batch:99 average train loss 1.6283
batch:199 average train loss 1.6322
batch:299 average train loss 1.6062
batch:399 average train loss 1.5985
batch:499 average train loss 1.5849
batch:599 average train loss 1.5807
average train loss 1.5786
Train Consuming time:184.67 in the epoch: 27
total val iterations: 135 
average val loss 1.7457
accuracy ( less than 0.1 ): 0.1671
median val loss 0.5263
total test iterations: 135 
average test loss 1.6577
accuracy ( less than 0.1 ): 0.1680
median test loss 0.5080
Consuming time:243.20 in the epoch: 27
Best test loss is 1.66
---------------*****---------------
---------------*****---------------
Starting training the epoch: 28 
total batch: 627.34375 
batch:99 average train loss 1.6266
batch:199 average train loss 1.6300
batch:299 average train loss 1.6038
batch:399 average train loss 1.5962
batch:499 average train loss 1.5827
batch:599 average train loss 1.5789
average train loss 1.5769
Train Consuming time:189.05 in the epoch: 28
total val iterations: 135 
average val loss 1.7452
accuracy ( less than 0.1 ): 0.1677
median val loss 0.5258
total test iterations: 135 
average test loss 1.6576
accuracy ( less than 0.1 ): 0.1681
median test loss 0.5083
Consuming time:250.69 in the epoch: 28
Best test loss is 1.66
---------------*****---------------
---------------*****---------------
Starting training the epoch: 29 
total batch: 627.34375 
batch:99 average train loss 1.6247
batch:199 average train loss 1.6280
batch:299 average train loss 1.6016
batch:399 average train loss 1.5942
batch:499 average train loss 1.5808
batch:599 average train loss 1.5772
average train loss 1.5753
Train Consuming time:192.58 in the epoch: 29
total val iterations: 135 
average val loss 1.7456
accuracy ( less than 0.1 ): 0.1676
median val loss 0.5256
total test iterations: 135 
average test loss 1.6575
accuracy ( less than 0.1 ): 0.1669
median test loss 0.5085
Consuming time:254.09 in the epoch: 29
Best test loss is 1.66
---------------*****---------------
---------------*****---------------
Starting training the epoch: 30 
total batch: 627.34375 
batch:99 average train loss 1.6244
batch:199 average train loss 1.6272
batch:299 average train loss 1.6005
batch:399 average train loss 1.5929
batch:499 average train loss 1.5795
batch:599 average train loss 1.5761
average train loss 1.5742
Train Consuming time:186.63 in the epoch: 30
total val iterations: 135 
average val loss 1.7453
accuracy ( less than 0.1 ): 0.1679
median val loss 0.5250
total test iterations: 135 
average test loss 1.6572
accuracy ( less than 0.1 ): 0.1670
median test loss 0.5090
Consuming time:245.18 in the epoch: 30
Best test loss is 1.66
---------------*****---------------
---------------*****---------------
Starting training the epoch: 31 
total batch: 627.34375 
batch:99 average train loss 1.6222
batch:199 average train loss 1.6254
batch:299 average train loss 1.5989
batch:399 average train loss 1.5913
batch:499 average train loss 1.5781
batch:599 average train loss 1.5749
average train loss 1.5731
Train Consuming time:184.93 in the epoch: 31
total val iterations: 135 
average val loss 1.7445
accuracy ( less than 0.1 ): 0.1664
median val loss 0.5238
total test iterations: 135 
average test loss 1.6570
accuracy ( less than 0.1 ): 0.1670
median test loss 0.5086
Consuming time:244.07 in the epoch: 31
Best test loss is 1.66
---------------*****---------------
---------------*****---------------
Starting training the epoch: 32 
total batch: 627.34375 
batch:99 average train loss 1.6212
batch:199 average train loss 1.6238
batch:299 average train loss 1.5975
batch:399 average train loss 1.5899
batch:499 average train loss 1.5768
batch:599 average train loss 1.5737
average train loss 1.5720
Train Consuming time:186.02 in the epoch: 32
total val iterations: 135 
average val loss 1.7447
accuracy ( less than 0.1 ): 0.1653
median val loss 0.5237
total test iterations: 135 
average test loss 1.6566
accuracy ( less than 0.1 ): 0.1672
median test loss 0.5086
Consuming time:245.81 in the epoch: 32
Best test loss is 1.66
---------------*****---------------
---------------*****---------------
Starting training the epoch: 33 
total batch: 627.34375 
batch:99 average train loss 1.6202
batch:199 average train loss 1.6227
batch:299 average train loss 1.5963
batch:399 average train loss 1.5888
batch:499 average train loss 1.5758
batch:599 average train loss 1.5729
average train loss 1.5711
Train Consuming time:188.85 in the epoch: 33
total val iterations: 135 
average val loss 1.7451
accuracy ( less than 0.1 ): 0.1664
median val loss 0.5210
total test iterations: 135 
average test loss 1.6566
accuracy ( less than 0.1 ): 0.1677
median test loss 0.5089
Consuming time:249.35 in the epoch: 33
Best test loss is 1.66
---------------*****---------------
---------------*****---------------
Starting training the epoch: 34 
total batch: 627.34375 
batch:99 average train loss 1.6192
batch:199 average train loss 1.6216
batch:299 average train loss 1.5952
batch:399 average train loss 1.5876
batch:499 average train loss 1.5747
batch:599 average train loss 1.5719
average train loss 1.5701
Train Consuming time:186.27 in the epoch: 34
total val iterations: 135 
average val loss 1.7448
accuracy ( less than 0.1 ): 0.1665
median val loss 0.5240
total test iterations: 135 
average test loss 1.6563
accuracy ( less than 0.1 ): 0.1684
median test loss 0.5101
Consuming time:243.38 in the epoch: 34
Best test loss is 1.66
---------------*****---------------
---------------*****---------------
Starting training the epoch: 35 
total batch: 627.34375 
batch:99 average train loss 1.6182
batch:199 average train loss 1.6207
batch:299 average train loss 1.5942
batch:399 average train loss 1.5866
batch:499 average train loss 1.5737
batch:599 average train loss 1.5710
average train loss 1.5693
Train Consuming time:182.83 in the epoch: 35
total val iterations: 135 
average val loss 1.7443
accuracy ( less than 0.1 ): 0.1664
median val loss 0.5238
total test iterations: 135 
average test loss 1.6562
accuracy ( less than 0.1 ): 0.1683
median test loss 0.5085
Consuming time:240.88 in the epoch: 35
Best test loss is 1.66
---------------*****---------------
---------------*****---------------
Starting training the epoch: 36 
total batch: 627.34375 
batch:99 average train loss 1.6172
batch:199 average train loss 1.6197
batch:299 average train loss 1.5932
batch:399 average train loss 1.5857
batch:499 average train loss 1.5728
batch:599 average train loss 1.5702
average train loss 1.5685
Train Consuming time:182.79 in the epoch: 36
total val iterations: 135 
average val loss 1.7444
accuracy ( less than 0.1 ): 0.1674
median val loss 0.5276
total test iterations: 135 
average test loss 1.6566
accuracy ( less than 0.1 ): 0.1686
median test loss 0.5100
Consuming time:242.47 in the epoch: 36
Best test loss is 1.66
---------------*****---------------
---------------*****---------------
Starting training the epoch: 37 
total batch: 627.34375 
batch:99 average train loss 1.6164
batch:199 average train loss 1.6186
batch:299 average train loss 1.5922
batch:399 average train loss 1.5847
batch:499 average train loss 1.5718
batch:599 average train loss 1.5693
average train loss 1.5677
Train Consuming time:186.54 in the epoch: 37
total val iterations: 135 
average val loss 1.7439
accuracy ( less than 0.1 ): 0.1665
median val loss 0.5255
total test iterations: 135 
average test loss 1.6568
accuracy ( less than 0.1 ): 0.1687
median test loss 0.5066
Consuming time:245.38 in the epoch: 37
Best test loss is 1.66
---------------*****---------------
---------------*****---------------
Starting training the epoch: 38 
total batch: 627.34375 
batch:99 average train loss 1.6154
batch:199 average train loss 1.6177
batch:299 average train loss 1.5912
batch:399 average train loss 1.5837
batch:499 average train loss 1.5709
batch:599 average train loss 1.5686
average train loss 1.5670
Train Consuming time:185.90 in the epoch: 38
total val iterations: 135 
average val loss 1.7447
accuracy ( less than 0.1 ): 0.1664
median val loss 0.5254
total test iterations: 135 
average test loss 1.6566
accuracy ( less than 0.1 ): 0.1677
median test loss 0.5071
Consuming time:241.72 in the epoch: 38
Best test loss is 1.66
---------------*****---------------
---------------*****---------------
Starting training the epoch: 39 
total batch: 627.34375 
batch:99 average train loss 1.6145
batch:199 average train loss 1.6168
batch:299 average train loss 1.5904
batch:399 average train loss 1.5829
batch:499 average train loss 1.5700
batch:599 average train loss 1.5678
average train loss 1.5662
Train Consuming time:179.34 in the epoch: 39
total val iterations: 135 
average val loss 1.7444
accuracy ( less than 0.1 ): 0.1672
median val loss 0.5260
total test iterations: 135 
average test loss 1.6566
accuracy ( less than 0.1 ): 0.1672
median test loss 0.5075
Consuming time:235.67 in the epoch: 39
Best test loss is 1.66
---------------*****---------------
---------------*****---------------
Starting training the epoch: 40 
total batch: 627.34375 
batch:99 average train loss 1.6137
batch:199 average train loss 1.6160
batch:299 average train loss 1.5897
batch:399 average train loss 1.5822
batch:499 average train loss 1.5694
batch:599 average train loss 1.5671
average train loss 1.5656
Train Consuming time:180.05 in the epoch: 40
total val iterations: 135 
average val loss 1.7440
accuracy ( less than 0.1 ): 0.1670
median val loss 0.5240
total test iterations: 135 
average test loss 1.6568
accuracy ( less than 0.1 ): 0.1670
median test loss 0.5077
Consuming time:236.98 in the epoch: 40
Best test loss is 1.66
---------------*****---------------
---------------*****---------------
Starting training the epoch: 41 
total batch: 627.34375 
batch:99 average train loss 1.6124
batch:199 average train loss 1.6150
batch:299 average train loss 1.5888
batch:399 average train loss 1.5813
batch:499 average train loss 1.5685
batch:599 average train loss 1.5664
average train loss 1.5649
Train Consuming time:187.82 in the epoch: 41
total val iterations: 135 
average val loss 1.7440
accuracy ( less than 0.1 ): 0.1674
median val loss 0.5270
total test iterations: 135 
average test loss 1.6569
accuracy ( less than 0.1 ): 0.1674
median test loss 0.5100
Consuming time:247.53 in the epoch: 41
Best test loss is 1.66
---------------*****---------------
---------------*****---------------
Starting training the epoch: 42 
total batch: 627.34375 
batch:99 average train loss 1.6119
batch:199 average train loss 1.6144
batch:299 average train loss 1.5880
batch:399 average train loss 1.5805
batch:499 average train loss 1.5678
batch:599 average train loss 1.5657
average train loss 1.5642
Train Consuming time:188.32 in the epoch: 42
total val iterations: 135 
average val loss 1.7437
accuracy ( less than 0.1 ): 0.1680
median val loss 0.5256
total test iterations: 135 
average test loss 1.6566
accuracy ( less than 0.1 ): 0.1678
median test loss 0.5113
Consuming time:246.72 in the epoch: 42
Best test loss is 1.66
---------------*****---------------
---------------*****---------------
Starting training the epoch: 43 
total batch: 627.34375 
batch:99 average train loss 1.6111
batch:199 average train loss 1.6136
batch:299 average train loss 1.5873
batch:399 average train loss 1.5797
batch:499 average train loss 1.5670
batch:599 average train loss 1.5650
average train loss 1.5635
Train Consuming time:179.74 in the epoch: 43
total val iterations: 135 
average val loss 1.7437
accuracy ( less than 0.1 ): 0.1680
median val loss 0.5272
total test iterations: 135 
average test loss 1.6569
accuracy ( less than 0.1 ): 0.1681
median test loss 0.5130
Consuming time:235.27 in the epoch: 43
Best test loss is 1.66
---------------*****---------------
---------------*****---------------
Starting training the epoch: 44 
total batch: 627.34375 
batch:99 average train loss 1.6100
batch:199 average train loss 1.6128
batch:299 average train loss 1.5865
batch:399 average train loss 1.5789
batch:499 average train loss 1.5663
batch:599 average train loss 1.5644
average train loss 1.5629
Train Consuming time:179.54 in the epoch: 44
total val iterations: 135 
average val loss 1.7434
accuracy ( less than 0.1 ): 0.1678
median val loss 0.5256
total test iterations: 135 
average test loss 1.6568
accuracy ( less than 0.1 ): 0.1680
median test loss 0.5111
Consuming time:235.19 in the epoch: 44
Best test loss is 1.66
---------------*****---------------
---------------*****---------------
Starting training the epoch: 45 
total batch: 627.34375 
batch:99 average train loss 1.6095
batch:199 average train loss 1.6121
batch:299 average train loss 1.5858
batch:399 average train loss 1.5784
batch:499 average train loss 1.5657
batch:599 average train loss 1.5638
average train loss 1.5624
Train Consuming time:184.22 in the epoch: 45
total val iterations: 135 
average val loss 1.7432
accuracy ( less than 0.1 ): 0.1677
median val loss 0.5259
total test iterations: 135 
average test loss 1.6565
accuracy ( less than 0.1 ): 0.1676
median test loss 0.5111
Consuming time:244.18 in the epoch: 45
Best test loss is 1.66
---------------*****---------------
---------------*****---------------
Starting training the epoch: 46 
total batch: 627.34375 
batch:99 average train loss 1.6085
batch:199 average train loss 1.6113
batch:299 average train loss 1.5849
batch:399 average train loss 1.5775
batch:499 average train loss 1.5649
batch:599 average train loss 1.5631
average train loss 1.5617
Train Consuming time:187.92 in the epoch: 46
total val iterations: 135 
average val loss 1.7432
accuracy ( less than 0.1 ): 0.1685
median val loss 0.5263
total test iterations: 135 
average test loss 1.6563
accuracy ( less than 0.1 ): 0.1677
median test loss 0.5102
Consuming time:246.92 in the epoch: 46
Best test loss is 1.66
---------------*****---------------
---------------*****---------------
Starting training the epoch: 47 
total batch: 627.34375 
batch:99 average train loss 1.6080
batch:199 average train loss 1.6107
batch:299 average train loss 1.5846
batch:399 average train loss 1.5771
batch:499 average train loss 1.5645
batch:599 average train loss 1.5627
average train loss 1.5613
Train Consuming time:180.97 in the epoch: 47
total val iterations: 135 
average val loss 1.7429
accuracy ( less than 0.1 ): 0.1677
median val loss 0.5278
total test iterations: 135 
average test loss 1.6566
accuracy ( less than 0.1 ): 0.1679
median test loss 0.5115
Consuming time:237.13 in the epoch: 47
Best test loss is 1.66
---------------*****---------------
---------------*****---------------
Starting training the epoch: 48 
total batch: 627.34375 
batch:99 average train loss 1.6068
batch:199 average train loss 1.6097
batch:299 average train loss 1.5836
batch:399 average train loss 1.5762
batch:499 average train loss 1.5636
batch:599 average train loss 1.5619
average train loss 1.5605
Train Consuming time:180.90 in the epoch: 48
total val iterations: 135 
average val loss 1.7428
accuracy ( less than 0.1 ): 0.1679
median val loss 0.5244
total test iterations: 135 
average test loss 1.6565
accuracy ( less than 0.1 ): 0.1685
median test loss 0.5120
Consuming time:237.33 in the epoch: 48
Best test loss is 1.66
---------------*****---------------
---------------*****---------------
Starting training the epoch: 49 
total batch: 627.34375 
batch:99 average train loss 1.6066
batch:199 average train loss 1.6093
batch:299 average train loss 1.5830
batch:399 average train loss 1.5757
batch:499 average train loss 1.5631
batch:599 average train loss 1.5614
average train loss 1.5600
Train Consuming time:180.97 in the epoch: 49
total val iterations: 135 
average val loss 1.7427
accuracy ( less than 0.1 ): 0.1684
median val loss 0.5260
total test iterations: 135 
average test loss 1.6563
accuracy ( less than 0.1 ): 0.1679
median test loss 0.5127
Consuming time:240.68 in the epoch: 49
Best test loss is 1.66
---------------*****---------------
