===================configuration===================
learning rate :0.001 
num_mlp_layers : 1
num_layers : 2
gnn input_features : 100
gnn output_features : 64
input of rnn/transformer : 64
hidden_size (out put of rnn/tranformer) : 64
observation hour [7,19]
observation interval : 180
observation threshold : 3600
prediction time : 86400
cascade length [5,100]
model save at : ../model_save/cas2vec/weibo1/
====bidirected: False, attention: GAT, gcn_type: self, rnn: LSTM====
===================configuration===================
len(Y_train), len(Y_valid), len(Y_test): 37228 7978 7978
preparing time:86.2802722454071
total parameters 65289
---------------*****---------------
Starting training the epoch: 0 
total batch: 581.6875 
batch:99 average train loss 3.0832
batch:199 average train loss 2.7814
batch:299 average train loss 2.6083
batch:399 average train loss 2.5120
batch:499 average train loss 2.4194
average train loss 2.3859
Train Consuming time:124.09 in the epoch: 0
total val iterations: 125 
average val loss 2.1532
accuracy ( less than 0.1 ): 0.1820
median val loss 0.5694
total test iterations: 125 
average test loss 2.0663
accuracy ( less than 0.1 ): 0.1815
median test loss 0.5650
Consuming time:163.25 in the epoch: 0
Best test loss is 2.07
---------------*****---------------
---------------*****---------------
Starting training the epoch: 1 
total batch: 581.6875 
batch:99 average train loss 2.0110
batch:199 average train loss 2.0403
batch:299 average train loss 2.0503
batch:399 average train loss 2.0611
batch:499 average train loss 2.0417
average train loss 2.0522
Train Consuming time:74.79 in the epoch: 1
total val iterations: 125 
average val loss 2.1469
accuracy ( less than 0.1 ): 0.1671
median val loss 0.5890
total test iterations: 125 
average test loss 2.0449
accuracy ( less than 0.1 ): 0.1729
median test loss 0.5790
Consuming time:97.50 in the epoch: 1
Best test loss is 2.04
---------------*****---------------
---------------*****---------------
Starting training the epoch: 2 
total batch: 581.6875 
batch:99 average train loss 1.9399
batch:199 average train loss 1.9755
batch:299 average train loss 1.9891
batch:399 average train loss 2.0015
batch:499 average train loss 1.9832
average train loss 1.9952
Train Consuming time:76.22 in the epoch: 2
total val iterations: 125 
average val loss 2.0826
accuracy ( less than 0.1 ): 0.1786
median val loss 0.5704
total test iterations: 125 
average test loss 1.9911
accuracy ( less than 0.1 ): 0.1804
median test loss 0.5789
Consuming time:98.69 in the epoch: 2
Best test loss is 1.99
---------------*****---------------
---------------*****---------------
Starting training the epoch: 3 
total batch: 581.6875 
batch:99 average train loss 1.8756
batch:199 average train loss 1.9216
batch:299 average train loss 1.9420
batch:399 average train loss 1.9600
batch:499 average train loss 1.9422
average train loss 1.9583
Train Consuming time:76.16 in the epoch: 3
total val iterations: 125 
average val loss 2.0769
accuracy ( less than 0.1 ): 0.1914
median val loss 0.5956
total test iterations: 125 
average test loss 1.9818
accuracy ( less than 0.1 ): 0.1938
median test loss 0.5907
Consuming time:98.69 in the epoch: 3
Best test loss is 1.98
---------------*****---------------
---------------*****---------------
Starting training the epoch: 4 
total batch: 581.6875 
batch:99 average train loss 1.8608
batch:199 average train loss 1.9051
batch:299 average train loss 1.9210
batch:399 average train loss 1.9409
batch:499 average train loss 1.9240
average train loss 1.9398
Train Consuming time:73.34 in the epoch: 4
total val iterations: 125 
average val loss 2.0030
accuracy ( less than 0.1 ): 0.1917
median val loss 0.5643
total test iterations: 125 
average test loss 1.9089
accuracy ( less than 0.1 ): 0.1948
median test loss 0.5426
Consuming time:94.98 in the epoch: 4
Best test loss is 1.91
---------------*****---------------
---------------*****---------------
Starting training the epoch: 5 
total batch: 581.6875 
batch:99 average train loss 1.8325
batch:199 average train loss 1.8854
batch:299 average train loss 1.9057
batch:399 average train loss 1.9242
batch:499 average train loss 1.9074
average train loss 1.9243
Train Consuming time:73.00 in the epoch: 5
total val iterations: 125 
average val loss 1.9971
accuracy ( less than 0.1 ): 0.2036
median val loss 0.5640
total test iterations: 125 
average test loss 1.9139
accuracy ( less than 0.1 ): 0.1992
median test loss 0.5445
Consuming time:94.39 in the epoch: 5
Best test loss is 1.91
---------------*****---------------
---------------*****---------------
Starting training the epoch: 6 
total batch: 581.6875 
batch:99 average train loss 1.8184
batch:199 average train loss 1.8683
batch:299 average train loss 1.8875
batch:399 average train loss 1.9098
batch:499 average train loss 1.8911
average train loss 1.9075
Train Consuming time:73.37 in the epoch: 6
total val iterations: 125 
average val loss 1.9972
accuracy ( less than 0.1 ): 0.2026
median val loss 0.5697
total test iterations: 125 
average test loss 1.9237
accuracy ( less than 0.1 ): 0.1993
median test loss 0.5689
Consuming time:95.49 in the epoch: 6
Best test loss is 1.91
---------------*****---------------
---------------*****---------------
Starting training the epoch: 7 
total batch: 581.6875 
batch:99 average train loss 1.8083
batch:199 average train loss 1.8585
batch:299 average train loss 1.8761
batch:399 average train loss 1.8998
batch:499 average train loss 1.8811
average train loss 1.8976
Train Consuming time:73.86 in the epoch: 7
total val iterations: 125 
average val loss 1.9981
accuracy ( less than 0.1 ): 0.2040
median val loss 0.5637
total test iterations: 125 
average test loss 1.9138
accuracy ( less than 0.1 ): 0.2041
median test loss 0.5479
Consuming time:96.01 in the epoch: 7
Best test loss is 1.91
---------------*****---------------
---------------*****---------------
Starting training the epoch: 8 
total batch: 581.6875 
batch:99 average train loss 1.7916
batch:199 average train loss 1.8511
batch:299 average train loss 1.8646
batch:399 average train loss 1.8878
batch:499 average train loss 1.8685
average train loss 1.8849
Train Consuming time:76.05 in the epoch: 8
total val iterations: 125 
average val loss 1.9810
accuracy ( less than 0.1 ): 0.2021
median val loss 0.5534
total test iterations: 125 
average test loss 1.8920
accuracy ( less than 0.1 ): 0.1970
median test loss 0.5458
Consuming time:98.74 in the epoch: 8
Best test loss is 1.89
---------------*****---------------
---------------*****---------------
Starting training the epoch: 9 
total batch: 581.6875 
batch:99 average train loss 1.7719
batch:199 average train loss 1.8350
batch:299 average train loss 1.8546
batch:399 average train loss 1.8779
batch:499 average train loss 1.8589
average train loss 1.8767
Train Consuming time:76.30 in the epoch: 9
total val iterations: 125 
average val loss 1.9706
accuracy ( less than 0.1 ): 0.2001
median val loss 0.5413
total test iterations: 125 
average test loss 1.8817
accuracy ( less than 0.1 ): 0.1995
median test loss 0.5410
Consuming time:98.57 in the epoch: 9
Best test loss is 1.88
---------------*****---------------
---------------*****---------------
Starting training the epoch: 10 
total batch: 581.6875 
batch:99 average train loss 1.7571
batch:199 average train loss 1.8175
batch:299 average train loss 1.8381
batch:399 average train loss 1.8625
batch:499 average train loss 1.8451
average train loss 1.8618
Train Consuming time:75.87 in the epoch: 10
total val iterations: 125 
average val loss 1.9797
accuracy ( less than 0.1 ): 0.2065
median val loss 0.5593
total test iterations: 125 
average test loss 1.8896
accuracy ( less than 0.1 ): 0.2053
median test loss 0.5501
Consuming time:96.71 in the epoch: 10
Best test loss is 1.88
---------------*****---------------
---------------*****---------------
Starting training the epoch: 11 
total batch: 581.6875 
batch:99 average train loss 1.7559
batch:199 average train loss 1.8131
batch:299 average train loss 1.8333
batch:399 average train loss 1.8548
batch:499 average train loss 1.8364
average train loss 1.8541
Train Consuming time:73.09 in the epoch: 11
total val iterations: 125 
average val loss 1.9728
accuracy ( less than 0.1 ): 0.2118
median val loss 0.5573
total test iterations: 125 
average test loss 1.8786
accuracy ( less than 0.1 ): 0.2109
median test loss 0.5561
Consuming time:94.92 in the epoch: 11
Best test loss is 1.88
---------------*****---------------
---------------*****---------------
Starting training the epoch: 12 
total batch: 581.6875 
batch:99 average train loss 1.7447
batch:199 average train loss 1.8047
batch:299 average train loss 1.8248
batch:399 average train loss 1.8485
batch:499 average train loss 1.8315
average train loss 1.8482
Train Consuming time:73.66 in the epoch: 12
total val iterations: 125 
average val loss 1.9688
accuracy ( less than 0.1 ): 0.2010
median val loss 0.5539
total test iterations: 125 
average test loss 1.8844
accuracy ( less than 0.1 ): 0.1948
median test loss 0.5447
Consuming time:94.98 in the epoch: 12
Best test loss is 1.88
---------------*****---------------
---------------*****---------------
Starting training the epoch: 13 
total batch: 581.6875 
batch:99 average train loss 1.7463
batch:199 average train loss 1.7996
batch:299 average train loss 1.8208
batch:399 average train loss 1.8434
batch:499 average train loss 1.8272
average train loss 1.8443
Train Consuming time:73.30 in the epoch: 13
total val iterations: 125 
average val loss 1.9672
accuracy ( less than 0.1 ): 0.2036
median val loss 0.5605
total test iterations: 125 
average test loss 1.8776
accuracy ( less than 0.1 ): 0.2024
median test loss 0.5396
Consuming time:94.65 in the epoch: 13
Best test loss is 1.88
---------------*****---------------
---------------*****---------------
Starting training the epoch: 14 
total batch: 581.6875 
batch:99 average train loss 1.7252
batch:199 average train loss 1.7865
batch:299 average train loss 1.8093
batch:399 average train loss 1.8327
batch:499 average train loss 1.8153
average train loss 1.8328
Train Consuming time:74.90 in the epoch: 14
total val iterations: 125 
average val loss 1.9885
accuracy ( less than 0.1 ): 0.2046
median val loss 0.5684
total test iterations: 125 
average test loss 1.8860
accuracy ( less than 0.1 ): 0.1983
median test loss 0.5599
Consuming time:98.12 in the epoch: 14
Best test loss is 1.88
---------------*****---------------
---------------*****---------------
Starting training the epoch: 15 
total batch: 581.6875 
batch:99 average train loss 1.7278
batch:199 average train loss 1.7851
batch:299 average train loss 1.8037
batch:399 average train loss 1.8244
batch:499 average train loss 1.8056
average train loss 1.8228
Train Consuming time:77.23 in the epoch: 15
total val iterations: 125 
average val loss 1.9494
accuracy ( less than 0.1 ): 0.2177
median val loss 0.5552
total test iterations: 125 
average test loss 1.8588
accuracy ( less than 0.1 ): 0.2118
median test loss 0.5508
Consuming time:100.31 in the epoch: 15
Best test loss is 1.86
---------------*****---------------
---------------*****---------------
Starting training the epoch: 16 
total batch: 581.6875 
batch:99 average train loss 1.7183
batch:199 average train loss 1.7758
batch:299 average train loss 1.7961
batch:399 average train loss 1.8196
batch:499 average train loss 1.8036
average train loss 1.8200
Train Consuming time:76.97 in the epoch: 16
total val iterations: 125 
average val loss 1.9751
accuracy ( less than 0.1 ): 0.2128
median val loss 0.5574
total test iterations: 125 
average test loss 1.8785
accuracy ( less than 0.1 ): 0.2069
median test loss 0.5428
Consuming time:100.02 in the epoch: 16
Best test loss is 1.86
---------------*****---------------
---------------*****---------------
Starting training the epoch: 17 
total batch: 581.6875 
batch:99 average train loss 1.7075
batch:199 average train loss 1.7662
batch:299 average train loss 1.7882
batch:399 average train loss 1.8103
batch:499 average train loss 1.7938
average train loss 1.8118
Train Consuming time:75.20 in the epoch: 17
total val iterations: 125 
average val loss 1.9787
accuracy ( less than 0.1 ): 0.2111
median val loss 0.5693
total test iterations: 125 
average test loss 1.8908
accuracy ( less than 0.1 ): 0.2077
median test loss 0.5679
Consuming time:96.96 in the epoch: 17
Best test loss is 1.86
---------------*****---------------
---------------*****---------------
Starting training the epoch: 18 
total batch: 581.6875 
batch:99 average train loss 1.7052
batch:199 average train loss 1.7636
batch:299 average train loss 1.7860
batch:399 average train loss 1.8078
batch:499 average train loss 1.7886
average train loss 1.8079
Train Consuming time:74.13 in the epoch: 18
total val iterations: 125 
average val loss 1.9480
accuracy ( less than 0.1 ): 0.2268
median val loss 0.5592
total test iterations: 125 
average test loss 1.8697
accuracy ( less than 0.1 ): 0.2203
median test loss 0.5464
Consuming time:95.99 in the epoch: 18
Best test loss is 1.86
---------------*****---------------
---------------*****---------------
Starting training the epoch: 19 
total batch: 581.6875 
batch:99 average train loss 1.7008
batch:199 average train loss 1.7637
batch:299 average train loss 1.7834
batch:399 average train loss 1.8048
batch:499 average train loss 1.7854
average train loss 1.8027
Train Consuming time:74.38 in the epoch: 19
total val iterations: 125 
average val loss 1.9585
accuracy ( less than 0.1 ): 0.2225
median val loss 0.5835
total test iterations: 125 
average test loss 1.8772
accuracy ( less than 0.1 ): 0.2172
median test loss 0.5654
Consuming time:96.23 in the epoch: 19
Best test loss is 1.86
---------------*****---------------
---------------*****---------------
Starting training the epoch: 20 
total batch: 581.6875 
batch:99 average train loss 1.6923
batch:199 average train loss 1.7583
batch:299 average train loss 1.7706
batch:399 average train loss 1.7839
batch:499 average train loss 1.7595
average train loss 1.7658
Train Consuming time:73.84 in the epoch: 20
total val iterations: 125 
average val loss 1.9326
accuracy ( less than 0.1 ): 0.2320
median val loss 0.5654
total test iterations: 125 
average test loss 1.8486
accuracy ( less than 0.1 ): 0.2242
median test loss 0.5494
Consuming time:95.41 in the epoch: 20
Best test loss is 1.85
---------------*****---------------
---------------*****---------------
Starting training the epoch: 21 
total batch: 581.6875 
batch:99 average train loss 1.6706
batch:199 average train loss 1.7358
batch:299 average train loss 1.7506
batch:399 average train loss 1.7668
batch:499 average train loss 1.7429
average train loss 1.7510
Train Consuming time:74.90 in the epoch: 21
total val iterations: 125 
average val loss 1.9318
accuracy ( less than 0.1 ): 0.2307
median val loss 0.5606
total test iterations: 125 
average test loss 1.8465
accuracy ( less than 0.1 ): 0.2252
median test loss 0.5489
Consuming time:97.05 in the epoch: 21
Best test loss is 1.85
---------------*****---------------
---------------*****---------------
Starting training the epoch: 22 
total batch: 581.6875 
batch:99 average train loss 1.6626
batch:199 average train loss 1.7262
batch:299 average train loss 1.7420
batch:399 average train loss 1.7597
batch:499 average train loss 1.7359
average train loss 1.7448
Train Consuming time:75.79 in the epoch: 22
total val iterations: 125 
average val loss 1.9316
accuracy ( less than 0.1 ): 0.2306
median val loss 0.5610
total test iterations: 125 
average test loss 1.8447
accuracy ( less than 0.1 ): 0.2264
median test loss 0.5431
Consuming time:98.17 in the epoch: 22
Best test loss is 1.84
---------------*****---------------
---------------*****---------------
Starting training the epoch: 23 
total batch: 581.6875 
batch:99 average train loss 1.6564
batch:199 average train loss 1.7193
batch:299 average train loss 1.7357
batch:399 average train loss 1.7543
batch:499 average train loss 1.7306
average train loss 1.7401
Train Consuming time:76.18 in the epoch: 23
total val iterations: 125 
average val loss 1.9313
accuracy ( less than 0.1 ): 0.2292
median val loss 0.5622
total test iterations: 125 
average test loss 1.8434
accuracy ( less than 0.1 ): 0.2259
median test loss 0.5431
Consuming time:98.56 in the epoch: 23
Best test loss is 1.84
---------------*****---------------
---------------*****---------------
Starting training the epoch: 24 
total batch: 581.6875 
batch:99 average train loss 1.6524
batch:199 average train loss 1.7139
batch:299 average train loss 1.7312
batch:399 average train loss 1.7504
batch:499 average train loss 1.7269
average train loss 1.7370
Train Consuming time:73.93 in the epoch: 24
total val iterations: 125 
average val loss 1.9309
accuracy ( less than 0.1 ): 0.2292
median val loss 0.5673
total test iterations: 125 
average test loss 1.8428
accuracy ( less than 0.1 ): 0.2256
median test loss 0.5422
Consuming time:95.40 in the epoch: 24
Best test loss is 1.84
---------------*****---------------
---------------*****---------------
Starting training the epoch: 25 
total batch: 581.6875 
batch:99 average train loss 1.6491
batch:199 average train loss 1.7098
batch:299 average train loss 1.7273
batch:399 average train loss 1.7469
batch:499 average train loss 1.7235
average train loss 1.7341
Train Consuming time:74.11 in the epoch: 25
total val iterations: 125 
average val loss 1.9304
accuracy ( less than 0.1 ): 0.2277
median val loss 0.5680
total test iterations: 125 
average test loss 1.8422
accuracy ( less than 0.1 ): 0.2247
median test loss 0.5443
Consuming time:95.74 in the epoch: 25
Best test loss is 1.84
---------------*****---------------
---------------*****---------------
Starting training the epoch: 26 
total batch: 581.6875 
batch:99 average train loss 1.6464
batch:199 average train loss 1.7067
batch:299 average train loss 1.7247
batch:399 average train loss 1.7445
batch:499 average train loss 1.7212
average train loss 1.7321
Train Consuming time:73.77 in the epoch: 26
total val iterations: 125 
average val loss 1.9301
accuracy ( less than 0.1 ): 0.2273
median val loss 0.5667
total test iterations: 125 
average test loss 1.8414
accuracy ( less than 0.1 ): 0.2249
median test loss 0.5438
Consuming time:95.50 in the epoch: 26
Best test loss is 1.84
---------------*****---------------
---------------*****---------------
Starting training the epoch: 27 
total batch: 581.6875 
batch:99 average train loss 1.6433
batch:199 average train loss 1.7035
batch:299 average train loss 1.7219
batch:399 average train loss 1.7416
batch:499 average train loss 1.7185
average train loss 1.7299
Train Consuming time:74.47 in the epoch: 27
total val iterations: 125 
average val loss 1.9304
accuracy ( less than 0.1 ): 0.2279
median val loss 0.5649
total test iterations: 125 
average test loss 1.8414
accuracy ( less than 0.1 ): 0.2238
median test loss 0.5440
Consuming time:96.04 in the epoch: 27
Best test loss is 1.84
---------------*****---------------
---------------*****---------------
Starting training the epoch: 28 
total batch: 581.6875 
batch:99 average train loss 1.6416
batch:199 average train loss 1.7015
batch:299 average train loss 1.7201
batch:399 average train loss 1.7400
batch:499 average train loss 1.7171
average train loss 1.7287
Train Consuming time:75.63 in the epoch: 28
total val iterations: 125 
average val loss 1.9306
accuracy ( less than 0.1 ): 0.2286
median val loss 0.5640
total test iterations: 125 
average test loss 1.8412
accuracy ( less than 0.1 ): 0.2242
median test loss 0.5477
Consuming time:97.60 in the epoch: 28
Best test loss is 1.84
---------------*****---------------
---------------*****---------------
Starting training the epoch: 29 
total batch: 581.6875 
batch:99 average train loss 1.6400
batch:199 average train loss 1.6995
batch:299 average train loss 1.7180
batch:399 average train loss 1.7381
batch:499 average train loss 1.7152
average train loss 1.7269
Train Consuming time:75.60 in the epoch: 29
total val iterations: 125 
average val loss 1.9304
accuracy ( less than 0.1 ): 0.2285
median val loss 0.5638
total test iterations: 125 
average test loss 1.8412
accuracy ( less than 0.1 ): 0.2237
median test loss 0.5454
Consuming time:98.18 in the epoch: 29
Best test loss is 1.84
---------------*****---------------
---------------*****---------------
Starting training the epoch: 30 
total batch: 581.6875 
batch:99 average train loss 1.6381
batch:199 average train loss 1.6975
batch:299 average train loss 1.7161
batch:399 average train loss 1.7364
batch:499 average train loss 1.7137
average train loss 1.7255
Train Consuming time:74.68 in the epoch: 30
total val iterations: 125 
average val loss 1.9303
accuracy ( less than 0.1 ): 0.2285
median val loss 0.5651
total test iterations: 125 
average test loss 1.8415
accuracy ( less than 0.1 ): 0.2224
median test loss 0.5451
Consuming time:96.23 in the epoch: 30
Best test loss is 1.84
---------------*****---------------
---------------*****---------------
Starting training the epoch: 31 
total batch: 581.6875 
batch:99 average train loss 1.6363
batch:199 average train loss 1.6955
batch:299 average train loss 1.7145
batch:399 average train loss 1.7349
batch:499 average train loss 1.7122
average train loss 1.7242
Train Consuming time:72.73 in the epoch: 31
total val iterations: 125 
average val loss 1.9302
accuracy ( less than 0.1 ): 0.2283
median val loss 0.5661
total test iterations: 125 
average test loss 1.8413
accuracy ( less than 0.1 ): 0.2230
median test loss 0.5457
Consuming time:93.18 in the epoch: 31
Best test loss is 1.84
---------------*****---------------
---------------*****---------------
Starting training the epoch: 32 
total batch: 581.6875 
batch:99 average train loss 1.6348
batch:199 average train loss 1.6939
batch:299 average train loss 1.7128
batch:399 average train loss 1.7334
batch:499 average train loss 1.7108
average train loss 1.7230
Train Consuming time:73.15 in the epoch: 32
total val iterations: 125 
average val loss 1.9299
accuracy ( less than 0.1 ): 0.2279
median val loss 0.5662
total test iterations: 125 
average test loss 1.8414
accuracy ( less than 0.1 ): 0.2229
median test loss 0.5459
Consuming time:94.27 in the epoch: 32
Best test loss is 1.84
---------------*****---------------
---------------*****---------------
Starting training the epoch: 33 
total batch: 581.6875 
batch:99 average train loss 1.6341
batch:199 average train loss 1.6925
batch:299 average train loss 1.7116
batch:399 average train loss 1.7321
batch:499 average train loss 1.7096
average train loss 1.7220
Train Consuming time:73.19 in the epoch: 33
total val iterations: 125 
average val loss 1.9298
accuracy ( less than 0.1 ): 0.2282
median val loss 0.5667
total test iterations: 125 
average test loss 1.8413
accuracy ( less than 0.1 ): 0.2227
median test loss 0.5454
Consuming time:94.89 in the epoch: 33
Best test loss is 1.84
---------------*****---------------
---------------*****---------------
Starting training the epoch: 34 
total batch: 581.6875 
batch:99 average train loss 1.6327
batch:199 average train loss 1.6912
batch:299 average train loss 1.7102
batch:399 average train loss 1.7308
batch:499 average train loss 1.7085
average train loss 1.7210
Train Consuming time:75.60 in the epoch: 34
total val iterations: 125 
average val loss 1.9299
accuracy ( less than 0.1 ): 0.2285
median val loss 0.5670
total test iterations: 125 
average test loss 1.8416
accuracy ( less than 0.1 ): 0.2227
median test loss 0.5444
Consuming time:97.89 in the epoch: 34
Best test loss is 1.84
---------------*****---------------
---------------*****---------------
Starting training the epoch: 35 
total batch: 581.6875 
batch:99 average train loss 1.6314
batch:199 average train loss 1.6895
batch:299 average train loss 1.7086
batch:399 average train loss 1.7296
batch:499 average train loss 1.7073
average train loss 1.7201
Train Consuming time:76.30 in the epoch: 35
total val iterations: 125 
average val loss 1.9299
accuracy ( less than 0.1 ): 0.2273
median val loss 0.5674
total test iterations: 125 
average test loss 1.8421
accuracy ( less than 0.1 ): 0.2229
median test loss 0.5463
Consuming time:99.81 in the epoch: 35
Best test loss is 1.84
---------------*****---------------
---------------*****---------------
Starting training the epoch: 36 
total batch: 581.6875 
batch:99 average train loss 1.6305
batch:199 average train loss 1.6882
batch:299 average train loss 1.7077
batch:399 average train loss 1.7285
batch:499 average train loss 1.7063
average train loss 1.7191
Train Consuming time:75.37 in the epoch: 36
total val iterations: 125 
average val loss 1.9300
accuracy ( less than 0.1 ): 0.2274
median val loss 0.5683
total test iterations: 125 
average test loss 1.8419
accuracy ( less than 0.1 ): 0.2228
median test loss 0.5477
Consuming time:96.77 in the epoch: 36
Best test loss is 1.84
---------------*****---------------
---------------*****---------------
Starting training the epoch: 37 
total batch: 581.6875 
batch:99 average train loss 1.6291
batch:199 average train loss 1.6871
batch:299 average train loss 1.7064
