===================configuration===================
learning rate :0.001 
num_mlp_layers : 1
num_layers : 2
gnn input_features : 100
gnn output_features : 64
input of rnn/transformer : 64
hidden_size (out put of rnn/tranformer) : 64
observation hour [7,19]
observation interval : 1
observation threshold : 6
prediction time : 86400
cascade length [10,100]
model save at : ../model_save/cas2vec/dblp1/
====bidirected: False, attention: GAT, gcn_type: self, rnn: LSTM====
===================configuration===================
len(Y_train), len(Y_valid), len(Y_test): 48622 10420 10419
preparing time:33.57763910293579
total parameters 65261
---------------*****---------------
Starting training the epoch: 0 
total batch: 759.71875 
batch:99 average train loss 3.1690
batch:199 average train loss 2.5111
batch:299 average train loss 2.2561
batch:399 average train loss 2.1149
batch:499 average train loss 2.0311
batch:599 average train loss 1.9722
batch:699 average train loss 1.9341
average train loss 1.9092
Train Consuming time:147.60 in the epoch: 0
total val iterations: 163 
average val loss 1.7084
accuracy ( less than 0.1 ): 0.2707
median val loss 0.7278
total test iterations: 163 
average test loss 1.6728
accuracy ( less than 0.1 ): 0.2694
median test loss 0.7052
Consuming time:207.24 in the epoch: 0
Best test loss is 1.67
---------------*****---------------
---------------*****---------------
Starting training the epoch: 1 
total batch: 759.71875 
batch:99 average train loss 1.5942
batch:199 average train loss 1.5972
batch:299 average train loss 1.6008
batch:399 average train loss 1.6023
batch:499 average train loss 1.6041
batch:599 average train loss 1.6068
batch:699 average train loss 1.6125
average train loss 1.6100
Train Consuming time:20.56 in the epoch: 1
total val iterations: 163 
average val loss 1.6552
accuracy ( less than 0.1 ): 0.2675
median val loss 0.7078
total test iterations: 163 
average test loss 1.6127
accuracy ( less than 0.1 ): 0.2676
median test loss 0.6647
Consuming time:25.13 in the epoch: 1
Best test loss is 1.61
---------------*****---------------
---------------*****---------------
Starting training the epoch: 2 
total batch: 759.71875 
batch:99 average train loss 1.5597
batch:199 average train loss 1.5603
batch:299 average train loss 1.5668
batch:399 average train loss 1.5696
batch:499 average train loss 1.5730
batch:599 average train loss 1.5769
batch:699 average train loss 1.5839
average train loss 1.5824
Train Consuming time:20.88 in the epoch: 2
total val iterations: 163 
average val loss 1.6224
accuracy ( less than 0.1 ): 0.2569
median val loss 0.6840
total test iterations: 163 
average test loss 1.5781
accuracy ( less than 0.1 ): 0.2573
median test loss 0.6478
Consuming time:25.48 in the epoch: 2
Best test loss is 1.58
---------------*****---------------
---------------*****---------------
Starting training the epoch: 3 
total batch: 759.71875 
batch:99 average train loss 1.5432
batch:199 average train loss 1.5441
batch:299 average train loss 1.5500
batch:399 average train loss 1.5540
batch:499 average train loss 1.5564
batch:599 average train loss 1.5604
batch:699 average train loss 1.5677
average train loss 1.5661
Train Consuming time:20.72 in the epoch: 3
total val iterations: 163 
average val loss 1.6203
accuracy ( less than 0.1 ): 0.2582
median val loss 0.6899
total test iterations: 163 
average test loss 1.5780
accuracy ( less than 0.1 ): 0.2605
median test loss 0.6481
Consuming time:25.19 in the epoch: 3
Best test loss is 1.58
---------------*****---------------
---------------*****---------------
Starting training the epoch: 4 
total batch: 759.71875 
batch:99 average train loss 1.5343
batch:199 average train loss 1.5346
batch:299 average train loss 1.5413
batch:399 average train loss 1.5445
batch:499 average train loss 1.5471
batch:599 average train loss 1.5509
batch:699 average train loss 1.5591
average train loss 1.5586
Train Consuming time:20.69 in the epoch: 4
total val iterations: 163 
average val loss 1.6200
accuracy ( less than 0.1 ): 0.2610
median val loss 0.6871
total test iterations: 163 
average test loss 1.5766
accuracy ( less than 0.1 ): 0.2640
median test loss 0.6542
Consuming time:25.20 in the epoch: 4
Best test loss is 1.58
---------------*****---------------
---------------*****---------------
Starting training the epoch: 5 
total batch: 759.71875 
batch:99 average train loss 1.5292
batch:199 average train loss 1.5268
batch:299 average train loss 1.5332
batch:399 average train loss 1.5367
batch:499 average train loss 1.5399
batch:599 average train loss 1.5451
batch:699 average train loss 1.5533
average train loss 1.5519
Train Consuming time:20.51 in the epoch: 5
total val iterations: 163 
average val loss 1.5875
accuracy ( less than 0.1 ): 0.2353
median val loss 0.6640
total test iterations: 163 
average test loss 1.5420
accuracy ( less than 0.1 ): 0.2352
median test loss 0.6290
Consuming time:25.02 in the epoch: 5
Best test loss is 1.54
---------------*****---------------
---------------*****---------------
Starting training the epoch: 6 
total batch: 759.71875 
batch:99 average train loss 1.5181
batch:199 average train loss 1.5191
batch:299 average train loss 1.5261
batch:399 average train loss 1.5299
batch:499 average train loss 1.5328
batch:599 average train loss 1.5380
batch:699 average train loss 1.5464
average train loss 1.5456
Train Consuming time:20.67 in the epoch: 6
total val iterations: 163 
average val loss 1.5809
accuracy ( less than 0.1 ): 0.2346
median val loss 0.6604
total test iterations: 163 
average test loss 1.5363
accuracy ( less than 0.1 ): 0.2331
median test loss 0.6379
Consuming time:25.27 in the epoch: 6
Best test loss is 1.54
---------------*****---------------
---------------*****---------------
Starting training the epoch: 7 
total batch: 759.71875 
batch:99 average train loss 1.5147
batch:199 average train loss 1.5158
batch:299 average train loss 1.5223
batch:399 average train loss 1.5261
batch:499 average train loss 1.5285
batch:599 average train loss 1.5341
batch:699 average train loss 1.5428
average train loss 1.5420
Train Consuming time:20.65 in the epoch: 7
total val iterations: 163 
average val loss 1.5815
accuracy ( less than 0.1 ): 0.2388
median val loss 0.6628
total test iterations: 163 
average test loss 1.5357
accuracy ( less than 0.1 ): 0.2393
median test loss 0.6350
Consuming time:25.52 in the epoch: 7
Best test loss is 1.54
---------------*****---------------
---------------*****---------------
Starting training the epoch: 8 
total batch: 759.71875 
batch:99 average train loss 1.5104
batch:199 average train loss 1.5109
batch:299 average train loss 1.5174
batch:399 average train loss 1.5216
batch:499 average train loss 1.5243
batch:599 average train loss 1.5304
batch:699 average train loss 1.5392
average train loss 1.5384
Train Consuming time:21.49 in the epoch: 8
total val iterations: 163 
average val loss 1.5777
accuracy ( less than 0.1 ): 0.2331
median val loss 0.6634
total test iterations: 163 
average test loss 1.5306
accuracy ( less than 0.1 ): 0.2318
median test loss 0.6295
Consuming time:26.24 in the epoch: 8
Best test loss is 1.53
---------------*****---------------
---------------*****---------------
Starting training the epoch: 9 
total batch: 759.71875 
batch:99 average train loss 1.5082
batch:199 average train loss 1.5083
batch:299 average train loss 1.5148
batch:399 average train loss 1.5190
batch:499 average train loss 1.5215
batch:599 average train loss 1.5269
batch:699 average train loss 1.5358
average train loss 1.5352
Train Consuming time:21.73 in the epoch: 9
total val iterations: 163 
average val loss 1.5776
accuracy ( less than 0.1 ): 0.2391
median val loss 0.6613
total test iterations: 163 
average test loss 1.5314
accuracy ( less than 0.1 ): 0.2391
median test loss 0.6292
Consuming time:26.45 in the epoch: 9
Best test loss is 1.53
---------------*****---------------
---------------*****---------------
Starting training the epoch: 10 
total batch: 759.71875 
batch:99 average train loss 1.5035
batch:199 average train loss 1.5042
batch:299 average train loss 1.5113
batch:399 average train loss 1.5162
batch:499 average train loss 1.5188
batch:599 average train loss 1.5244
batch:699 average train loss 1.5331
average train loss 1.5325
Train Consuming time:21.72 in the epoch: 10
total val iterations: 163 
average val loss 1.5807
accuracy ( less than 0.1 ): 0.2405
median val loss 0.6622
total test iterations: 163 
average test loss 1.5367
accuracy ( less than 0.1 ): 0.2425
median test loss 0.6297
Consuming time:26.38 in the epoch: 10
Best test loss is 1.53
---------------*****---------------
---------------*****---------------
Starting training the epoch: 11 
total batch: 759.71875 
batch:99 average train loss 1.5040
batch:199 average train loss 1.5032
batch:299 average train loss 1.5080
batch:399 average train loss 1.5135
batch:499 average train loss 1.5162
batch:599 average train loss 1.5217
batch:699 average train loss 1.5304
average train loss 1.5296
Train Consuming time:21.69 in the epoch: 11
total val iterations: 163 
average val loss 1.5726
accuracy ( less than 0.1 ): 0.2376
median val loss 0.6595
total test iterations: 163 
average test loss 1.5278
accuracy ( less than 0.1 ): 0.2363
median test loss 0.6247
Consuming time:26.52 in the epoch: 11
Best test loss is 1.53
---------------*****---------------
---------------*****---------------
Starting training the epoch: 12 
total batch: 759.71875 
batch:99 average train loss 1.5027
batch:199 average train loss 1.5024
batch:299 average train loss 1.5066
batch:399 average train loss 1.5115
batch:499 average train loss 1.5140
batch:599 average train loss 1.5197
batch:699 average train loss 1.5283
average train loss 1.5274
Train Consuming time:21.61 in the epoch: 12
total val iterations: 163 
average val loss 1.5688
accuracy ( less than 0.1 ): 0.2292
median val loss 0.6577
total test iterations: 163 
average test loss 1.5231
accuracy ( less than 0.1 ): 0.2284
median test loss 0.6300
Consuming time:26.32 in the epoch: 12
Best test loss is 1.52
---------------*****---------------
---------------*****---------------
Starting training the epoch: 13 
total batch: 759.71875 
batch:99 average train loss 1.5005
batch:199 average train loss 1.4993
batch:299 average train loss 1.5050
batch:399 average train loss 1.5101
batch:499 average train loss 1.5126
batch:599 average train loss 1.5183
batch:699 average train loss 1.5271
average train loss 1.5261
Train Consuming time:21.38 in the epoch: 13
total val iterations: 163 
average val loss 1.5719
accuracy ( less than 0.1 ): 0.2351
median val loss 0.6613
total test iterations: 163 
average test loss 1.5280
accuracy ( less than 0.1 ): 0.2329
median test loss 0.6268
Consuming time:26.34 in the epoch: 13
Best test loss is 1.52
---------------*****---------------
---------------*****---------------
Starting training the epoch: 14 
total batch: 759.71875 
batch:99 average train loss 1.4969
batch:199 average train loss 1.4989
batch:299 average train loss 1.5040
batch:399 average train loss 1.5085
batch:499 average train loss 1.5108
batch:599 average train loss 1.5161
batch:699 average train loss 1.5249
average train loss 1.5242
Train Consuming time:21.64 in the epoch: 14
total val iterations: 163 
average val loss 1.5657
accuracy ( less than 0.1 ): 0.2323
median val loss 0.6567
total test iterations: 163 
average test loss 1.5211
accuracy ( less than 0.1 ): 0.2307
median test loss 0.6256
Consuming time:26.51 in the epoch: 14
Best test loss is 1.52
---------------*****---------------
---------------*****---------------
Starting training the epoch: 15 
total batch: 759.71875 
batch:99 average train loss 1.4968
batch:199 average train loss 1.4954
batch:299 average train loss 1.5010
batch:399 average train loss 1.5060
batch:499 average train loss 1.5080
batch:599 average train loss 1.5134
batch:699 average train loss 1.5223
average train loss 1.5218
Train Consuming time:21.36 in the epoch: 15
total val iterations: 163 
average val loss 1.5680
accuracy ( less than 0.1 ): 0.2347
median val loss 0.6617
total test iterations: 163 
average test loss 1.5252
accuracy ( less than 0.1 ): 0.2326
median test loss 0.6254
Consuming time:26.25 in the epoch: 15
Best test loss is 1.52
---------------*****---------------
---------------*****---------------
Starting training the epoch: 16 
total batch: 759.71875 
batch:99 average train loss 1.4905
batch:199 average train loss 1.4917
batch:299 average train loss 1.4977
batch:399 average train loss 1.5026
batch:499 average train loss 1.5050
batch:599 average train loss 1.5099
batch:699 average train loss 1.5194
average train loss 1.5190
Train Consuming time:21.78 in the epoch: 16
total val iterations: 163 
average val loss 1.5681
accuracy ( less than 0.1 ): 0.2324
median val loss 0.6610
total test iterations: 163 
average test loss 1.5219
accuracy ( less than 0.1 ): 0.2310
median test loss 0.6236
Consuming time:26.69 in the epoch: 16
Best test loss is 1.52
---------------*****---------------
---------------*****---------------
Starting training the epoch: 17 
total batch: 759.71875 
batch:99 average train loss 1.4897
batch:199 average train loss 1.4906
batch:299 average train loss 1.4962
batch:399 average train loss 1.5010
batch:499 average train loss 1.5039
batch:599 average train loss 1.5089
batch:699 average train loss 1.5177
average train loss 1.5166
Train Consuming time:21.65 in the epoch: 17
total val iterations: 163 
average val loss 1.5707
accuracy ( less than 0.1 ): 0.2387
median val loss 0.6590
total test iterations: 163 
average test loss 1.5271
accuracy ( less than 0.1 ): 0.2362
median test loss 0.6298
Consuming time:26.47 in the epoch: 17
Best test loss is 1.52
---------------*****---------------
---------------*****---------------
Starting training the epoch: 18 
total batch: 759.71875 
batch:99 average train loss 1.4903
batch:199 average train loss 1.4905
batch:299 average train loss 1.4962
batch:399 average train loss 1.5008
batch:499 average train loss 1.5037
batch:599 average train loss 1.5086
batch:699 average train loss 1.5174
average train loss 1.5165
Train Consuming time:21.72 in the epoch: 18
total val iterations: 163 
average val loss 1.5698
accuracy ( less than 0.1 ): 0.2320
median val loss 0.6629
total test iterations: 163 
average test loss 1.5252
accuracy ( less than 0.1 ): 0.2302
median test loss 0.6245
Consuming time:26.52 in the epoch: 18
Best test loss is 1.52
---------------*****---------------
---------------*****---------------
Starting training the epoch: 19 
total batch: 759.71875 
batch:99 average train loss 1.4885
batch:199 average train loss 1.4888
batch:299 average train loss 1.4960
batch:399 average train loss 1.5003
batch:499 average train loss 1.5027
batch:599 average train loss 1.5072
batch:699 average train loss 1.5161
average train loss 1.5155
Train Consuming time:21.69 in the epoch: 19
total val iterations: 163 
average val loss 1.5762
accuracy ( less than 0.1 ): 0.2351
median val loss 0.6777
total test iterations: 163 
average test loss 1.5330
accuracy ( less than 0.1 ): 0.2334
median test loss 0.6245
Consuming time:26.30 in the epoch: 19
Best test loss is 1.52
---------------*****---------------
---------------*****---------------
Starting training the epoch: 20 
total batch: 759.71875 
batch:99 average train loss 1.4774
batch:199 average train loss 1.4774
batch:299 average train loss 1.4831
batch:399 average train loss 1.4848
batch:499 average train loss 1.4896
batch:599 average train loss 1.4935
batch:699 average train loss 1.5000
average train loss 1.4981
Train Consuming time:21.21 in the epoch: 20
total val iterations: 163 
average val loss 1.5652
accuracy ( less than 0.1 ): 0.2230
median val loss 0.6700
total test iterations: 163 
average test loss 1.5181
accuracy ( less than 0.1 ): 0.2210
median test loss 0.6236
Consuming time:26.07 in the epoch: 20
Best test loss is 1.52
---------------*****---------------
---------------*****---------------
Starting training the epoch: 21 
total batch: 759.71875 
batch:99 average train loss 1.4658
batch:199 average train loss 1.4681
batch:299 average train loss 1.4752
batch:399 average train loss 1.4776
batch:499 average train loss 1.4822
batch:599 average train loss 1.4858
batch:699 average train loss 1.4928
average train loss 1.4914
Train Consuming time:21.16 in the epoch: 21
total val iterations: 163 
average val loss 1.5644
accuracy ( less than 0.1 ): 0.2223
median val loss 0.6685
total test iterations: 163 
average test loss 1.5162
accuracy ( less than 0.1 ): 0.2233
median test loss 0.6193
Consuming time:25.92 in the epoch: 21
Best test loss is 1.52
---------------*****---------------
---------------*****---------------
Starting training the epoch: 22 
total batch: 759.71875 
batch:99 average train loss 1.4633
batch:199 average train loss 1.4653
batch:299 average train loss 1.4727
batch:399 average train loss 1.4754
batch:499 average train loss 1.4798
batch:599 average train loss 1.4833
batch:699 average train loss 1.4903
average train loss 1.4891
Train Consuming time:20.11 in the epoch: 22
total val iterations: 163 
average val loss 1.5648
accuracy ( less than 0.1 ): 0.2224
median val loss 0.6689
total test iterations: 163 
average test loss 1.5159
accuracy ( less than 0.1 ): 0.2222
median test loss 0.6213
Consuming time:24.62 in the epoch: 22
Best test loss is 1.52
---------------*****---------------
---------------*****---------------
Starting training the epoch: 23 
total batch: 759.71875 
batch:99 average train loss 1.4616
batch:199 average train loss 1.4636
batch:299 average train loss 1.4709
batch:399 average train loss 1.4738
batch:499 average train loss 1.4782
batch:599 average train loss 1.4815
batch:699 average train loss 1.4886
average train loss 1.4875
Train Consuming time:20.50 in the epoch: 23
total val iterations: 163 
average val loss 1.5656
accuracy ( less than 0.1 ): 0.2225
median val loss 0.6695
total test iterations: 163 
average test loss 1.5161
accuracy ( less than 0.1 ): 0.2225
median test loss 0.6205
Consuming time:24.96 in the epoch: 23
Best test loss is 1.52
---------------*****---------------
---------------*****---------------
Starting training the epoch: 24 
total batch: 759.71875 
batch:99 average train loss 1.4599
batch:199 average train loss 1.4621
batch:299 average train loss 1.4693
batch:399 average train loss 1.4725
batch:499 average train loss 1.4769
batch:599 average train loss 1.4802
batch:699 average train loss 1.4874
average train loss 1.4864
Train Consuming time:20.32 in the epoch: 24
total val iterations: 163 
average val loss 1.5662
accuracy ( less than 0.1 ): 0.2223
median val loss 0.6699
total test iterations: 163 
average test loss 1.5163
accuracy ( less than 0.1 ): 0.2224
median test loss 0.6196
Consuming time:24.83 in the epoch: 24
Best test loss is 1.52
---------------*****---------------
---------------*****---------------
Starting training the epoch: 25 
total batch: 759.71875 
batch:99 average train loss 1.4588
batch:199 average train loss 1.4608
batch:299 average train loss 1.4680
batch:399 average train loss 1.4715
batch:499 average train loss 1.4758
batch:599 average train loss 1.4792
batch:699 average train loss 1.4863
average train loss 1.4855
Train Consuming time:20.42 in the epoch: 25
total val iterations: 163 
average val loss 1.5669
accuracy ( less than 0.1 ): 0.2231
median val loss 0.6702
total test iterations: 163 
average test loss 1.5166
accuracy ( less than 0.1 ): 0.2230
median test loss 0.6215
Consuming time:24.92 in the epoch: 25
Best test loss is 1.52
---------------*****---------------
---------------*****---------------
Starting training the epoch: 26 
total batch: 759.71875 
batch:99 average train loss 1.4582
batch:199 average train loss 1.4603
batch:299 average train loss 1.4673
batch:399 average train loss 1.4707
batch:499 average train loss 1.4751
batch:599 average train loss 1.4784
batch:699 average train loss 1.4856
average train loss 1.4848
Train Consuming time:20.47 in the epoch: 26
total val iterations: 163 
average val loss 1.5673
accuracy ( less than 0.1 ): 0.2242
median val loss 0.6697
total test iterations: 163 
average test loss 1.5169
accuracy ( less than 0.1 ): 0.2223
median test loss 0.6217
Consuming time:25.06 in the epoch: 26
Best test loss is 1.52
---------------*****---------------
---------------*****---------------
Starting training the epoch: 27 
total batch: 759.71875 
batch:99 average train loss 1.4568
batch:199 average train loss 1.4592
batch:299 average train loss 1.4662
batch:399 average train loss 1.4698
batch:499 average train loss 1.4743
batch:599 average train loss 1.4776
batch:699 average train loss 1.4849
average train loss 1.4842
Train Consuming time:20.57 in the epoch: 27
total val iterations: 163 
average val loss 1.5676
accuracy ( less than 0.1 ): 0.2240
median val loss 0.6733
total test iterations: 163 
average test loss 1.5173
accuracy ( less than 0.1 ): 0.2225
median test loss 0.6205
Consuming time:25.10 in the epoch: 27
Best test loss is 1.52
---------------*****---------------
---------------*****---------------
Starting training the epoch: 28 
total batch: 759.71875 
batch:99 average train loss 1.4563
batch:199 average train loss 1.4585
batch:299 average train loss 1.4655
batch:399 average train loss 1.4693
batch:499 average train loss 1.4739
batch:599 average train loss 1.4772
batch:699 average train loss 1.4845
average train loss 1.4839
Train Consuming time:20.19 in the epoch: 28
total val iterations: 163 
average val loss 1.5680
accuracy ( less than 0.1 ): 0.2242
median val loss 0.6719
total test iterations: 163 
average test loss 1.5177
accuracy ( less than 0.1 ): 0.2220
median test loss 0.6193
Consuming time:24.73 in the epoch: 28
Best test loss is 1.52
---------------*****---------------
---------------*****---------------
Starting training the epoch: 29 
total batch: 759.71875 
batch:99 average train loss 1.4552
batch:199 average train loss 1.4576
batch:299 average train loss 1.4645
batch:399 average train loss 1.4684
batch:499 average train loss 1.4731
batch:599 average train loss 1.4763
batch:699 average train loss 1.4838
average train loss 1.4832
Train Consuming time:20.02 in the epoch: 29
total val iterations: 163 
average val loss 1.5686
accuracy ( less than 0.1 ): 0.2242
median val loss 0.6725
total test iterations: 163 
average test loss 1.5181
accuracy ( less than 0.1 ): 0.2216
median test loss 0.6187
Consuming time:24.50 in the epoch: 29
Best test loss is 1.52
---------------*****---------------
---------------*****---------------
Starting training the epoch: 30 
total batch: 759.71875 
batch:99 average train loss 1.4545
batch:199 average train loss 1.4568
batch:299 average train loss 1.4639
batch:399 average train loss 1.4679
batch:499 average train loss 1.4726
batch:599 average train loss 1.4759
batch:699 average train loss 1.4834
average train loss 1.4829
Train Consuming time:20.39 in the epoch: 30
total val iterations: 163 
average val loss 1.5688
accuracy ( less than 0.1 ): 0.2242
median val loss 0.6727
total test iterations: 163 
average test loss 1.5184
accuracy ( less than 0.1 ): 0.2221
median test loss 0.6169
Consuming time:24.84 in the epoch: 30
Best test loss is 1.52
---------------*****---------------
---------------*****---------------
Starting training the epoch: 31 
total batch: 759.71875 
batch:99 average train loss 1.4542
batch:199 average train loss 1.4565
batch:299 average train loss 1.4632
batch:399 average train loss 1.4674
batch:499 average train loss 1.4721
batch:599 average train loss 1.4754
batch:699 average train loss 1.4829
average train loss 1.4825
Train Consuming time:20.42 in the epoch: 31
total val iterations: 163 
average val loss 1.5692
accuracy ( less than 0.1 ): 0.2235
median val loss 0.6723
total test iterations: 163 
average test loss 1.5187
accuracy ( less than 0.1 ): 0.2219
median test loss 0.6164
Consuming time:24.91 in the epoch: 31
Best test loss is 1.52
---------------*****---------------
---------------*****---------------
Starting training the epoch: 32 
total batch: 759.71875 
batch:99 average train loss 1.4541
batch:199 average train loss 1.4560
batch:299 average train loss 1.4630
batch:399 average train loss 1.4672
batch:499 average train loss 1.4719
batch:599 average train loss 1.4750
batch:699 average train loss 1.4826
average train loss 1.4822
Train Consuming time:20.19 in the epoch: 32
total val iterations: 163 
average val loss 1.5695
accuracy ( less than 0.1 ): 0.2241
median val loss 0.6711
total test iterations: 163 
average test loss 1.5191
accuracy ( less than 0.1 ): 0.2219
median test loss 0.6152
Consuming time:24.73 in the epoch: 32
Best test loss is 1.52
---------------*****---------------
---------------*****---------------
Starting training the epoch: 33 
total batch: 759.71875 
batch:99 average train loss 1.4533
batch:199 average train loss 1.4559
batch:299 average train loss 1.4628
batch:399 average train loss 1.4669
batch:499 average train loss 1.4716
batch:599 average train loss 1.4748
batch:699 average train loss 1.4824
average train loss 1.4819
Train Consuming time:20.28 in the epoch: 33
total val iterations: 163 
average val loss 1.5698
accuracy ( less than 0.1 ): 0.2246
median val loss 0.6724
total test iterations: 163 
average test loss 1.5193
accuracy ( less than 0.1 ): 0.2217
median test loss 0.6181
Consuming time:24.77 in the epoch: 33
Best test loss is 1.52
---------------*****---------------
---------------*****---------------
Starting training the epoch: 34 
total batch: 759.71875 
batch:99 average train loss 1.4534
batch:199 average train loss 1.4555
batch:299 average train loss 1.4624
batch:399 average train loss 1.4667
batch:499 average train loss 1.4714
batch:599 average train loss 1.4747
batch:699 average train loss 1.4821
average train loss 1.4818
Train Consuming time:20.39 in the epoch: 34
total val iterations: 163 
average val loss 1.5701
accuracy ( less than 0.1 ): 0.2244
median val loss 0.6707
total test iterations: 163 
average test loss 1.5194
accuracy ( less than 0.1 ): 0.2210
median test loss 0.6193
Consuming time:24.95 in the epoch: 34
Best test loss is 1.52
---------------*****---------------
---------------*****---------------
Starting training the epoch: 35 
total batch: 759.71875 
batch:99 average train loss 1.4529
batch:199 average train loss 1.4553
batch:299 average train loss 1.4620
batch:399 average train loss 1.4663
batch:499 average train loss 1.4710
batch:599 average train loss 1.4742
batch:699 average train loss 1.4818
average train loss 1.4814
Train Consuming time:20.27 in the epoch: 35
total val iterations: 163 
average val loss 1.5703
accuracy ( less than 0.1 ): 0.2249
median val loss 0.6708
total test iterations: 163 
average test loss 1.5197
accuracy ( less than 0.1 ): 0.2213
median test loss 0.6181
Consuming time:24.76 in the epoch: 35
Best test loss is 1.52
---------------*****---------------
---------------*****---------------
Starting training the epoch: 36 
total batch: 759.71875 
batch:99 average train loss 1.4519
batch:199 average train loss 1.4544
batch:299 average train loss 1.4614
batch:399 average train loss 1.4657
batch:499 average train loss 1.4706
batch:599 average train loss 1.4737
batch:699 average train loss 1.4814
average train loss 1.4811
Train Consuming time:20.24 in the epoch: 36
total val iterations: 163 
average val loss 1.5704
accuracy ( less than 0.1 ): 0.2246
median val loss 0.6714
total test iterations: 163 
average test loss 1.5198
accuracy ( less than 0.1 ): 0.2213
median test loss 0.6188
Consuming time:24.75 in the epoch: 36
Best test loss is 1.52
---------------*****---------------
---------------*****---------------
Starting training the epoch: 37 
total batch: 759.71875 
batch:99 average train loss 1.4523
batch:199 average train loss 1.4543
batch:299 average train loss 1.4613
batch:399 average train loss 1.4656
batch:499 average train loss 1.4704
batch:599 average train loss 1.4736
batch:699 average train loss 1.4812
average train loss 1.4809
Train Consuming time:20.37 in the epoch: 37
total val iterations: 163 
average val loss 1.5707
accuracy ( less than 0.1 ): 0.2244
median val loss 0.6721
total test iterations: 163 
average test loss 1.5198
accuracy ( less than 0.1 ): 0.2209
median test loss 0.6190
Consuming time:24.89 in the epoch: 37
Best test loss is 1.52
---------------*****---------------
---------------*****---------------
Starting training the epoch: 38 
total batch: 759.71875 
batch:99 average train loss 1.4516
batch:199 average train loss 1.4542
batch:299 average train loss 1.4609
batch:399 average train loss 1.4653
batch:499 average train loss 1.4700
batch:599 average train loss 1.4733
batch:699 average train loss 1.4809
average train loss 1.4806
Train Consuming time:20.25 in the epoch: 38
total val iterations: 163 
average val loss 1.5709
accuracy ( less than 0.1 ): 0.2245
median val loss 0.6716
total test iterations: 163 
average test loss 1.5201
accuracy ( less than 0.1 ): 0.2211
median test loss 0.6191
Consuming time:24.74 in the epoch: 38
Best test loss is 1.52
---------------*****---------------
---------------*****---------------
Starting training the epoch: 39 
total batch: 759.71875 
batch:99 average train loss 1.4514
batch:199 average train loss 1.4539
batch:299 average train loss 1.4606
batch:399 average train loss 1.4650
batch:499 average train loss 1.4699
batch:599 average train loss 1.4731
batch:699 average train loss 1.4808
average train loss 1.4805
Train Consuming time:20.63 in the epoch: 39
total val iterations: 163 
average val loss 1.5710
accuracy ( less than 0.1 ): 0.2244
median val loss 0.6701
total test iterations: 163 
average test loss 1.5203
accuracy ( less than 0.1 ): 0.2208
median test loss 0.6188
Consuming time:25.25 in the epoch: 39
Best test loss is 1.52
---------------*****---------------
---------------*****---------------
Starting training the epoch: 40 
total batch: 759.71875 
batch:99 average train loss 1.4511
batch:199 average train loss 1.4535
batch:299 average train loss 1.4603
batch:399 average train loss 1.4647
batch:499 average train loss 1.4694
batch:599 average train loss 1.4727
batch:699 average train loss 1.4804
average train loss 1.4801
Train Consuming time:20.49 in the epoch: 40
total val iterations: 163 
average val loss 1.5711
accuracy ( less than 0.1 ): 0.2245
median val loss 0.6707
total test iterations: 163 
average test loss 1.5207
accuracy ( less than 0.1 ): 0.2212
median test loss 0.6204
Consuming time:25.00 in the epoch: 40
Best test loss is 1.52
---------------*****---------------
---------------*****---------------
Starting training the epoch: 41 
total batch: 759.71875 
batch:99 average train loss 1.4508
batch:199 average train loss 1.4532
batch:299 average train loss 1.4600
batch:399 average train loss 1.4644
batch:499 average train loss 1.4691
batch:599 average train loss 1.4723
batch:699 average train loss 1.4801
average train loss 1.4799
Train Consuming time:21.10 in the epoch: 41
total val iterations: 163 
average val loss 1.5713
accuracy ( less than 0.1 ): 0.2247
median val loss 0.6705
total test iterations: 163 
average test loss 1.5207
accuracy ( less than 0.1 ): 0.2211
median test loss 0.6199
Consuming time:25.95 in the epoch: 41
Best test loss is 1.52
---------------*****---------------
---------------*****---------------
Starting training the epoch: 42 
total batch: 759.71875 
batch:99 average train loss 1.4504
batch:199 average train loss 1.4527
batch:299 average train loss 1.4595
batch:399 average train loss 1.4639
batch:499 average train loss 1.4688
batch:599 average train loss 1.4720
batch:699 average train loss 1.4798
average train loss 1.4795
Train Consuming time:21.20 in the epoch: 42
total val iterations: 163 
average val loss 1.5715
accuracy ( less than 0.1 ): 0.2251
median val loss 0.6699
total test iterations: 163 
average test loss 1.5209
accuracy ( less than 0.1 ): 0.2212
median test loss 0.6187
Consuming time:26.07 in the epoch: 42
Best test loss is 1.52
---------------*****---------------
---------------*****---------------
Starting training the epoch: 43 
total batch: 759.71875 
batch:99 average train loss 1.4506
batch:199 average train loss 1.4531
batch:299 average train loss 1.4597
batch:399 average train loss 1.4641
batch:499 average train loss 1.4689
batch:599 average train loss 1.4721
batch:699 average train loss 1.4798
average train loss 1.4796
Train Consuming time:21.15 in the epoch: 43
total val iterations: 163 
average val loss 1.5717
accuracy ( less than 0.1 ): 0.2254
median val loss 0.6704
total test iterations: 163 
average test loss 1.5211
accuracy ( less than 0.1 ): 0.2214
median test loss 0.6201
Consuming time:26.06 in the epoch: 43
Best test loss is 1.52
---------------*****---------------
---------------*****---------------
Starting training the epoch: 44 
total batch: 759.71875 
batch:99 average train loss 1.4496
batch:199 average train loss 1.4520
batch:299 average train loss 1.4588
batch:399 average train loss 1.4635
batch:499 average train loss 1.4682
batch:599 average train loss 1.4715
batch:699 average train loss 1.4794
average train loss 1.4792
Train Consuming time:21.25 in the epoch: 44
total val iterations: 163 
average val loss 1.5718
accuracy ( less than 0.1 ): 0.2257
median val loss 0.6714
total test iterations: 163 
average test loss 1.5212
accuracy ( less than 0.1 ): 0.2212
median test loss 0.6204
Consuming time:26.01 in the epoch: 44
Best test loss is 1.52
---------------*****---------------
---------------*****---------------
Starting training the epoch: 45 
total batch: 759.71875 
batch:99 average train loss 1.4499
batch:199 average train loss 1.4522
batch:299 average train loss 1.4588
batch:399 average train loss 1.4635
batch:499 average train loss 1.4684
batch:599 average train loss 1.4716
batch:699 average train loss 1.4795
average train loss 1.4792
Train Consuming time:21.43 in the epoch: 45
total val iterations: 163 
average val loss 1.5720
accuracy ( less than 0.1 ): 0.2256
median val loss 0.6719
total test iterations: 163 
average test loss 1.5212
accuracy ( less than 0.1 ): 0.2212
median test loss 0.6211
Consuming time:26.16 in the epoch: 45
Best test loss is 1.52
---------------*****---------------
---------------*****---------------
Starting training the epoch: 46 
total batch: 759.71875 
batch:99 average train loss 1.4497
batch:199 average train loss 1.4520
batch:299 average train loss 1.4586
batch:399 average train loss 1.4633
batch:499 average train loss 1.4679
batch:599 average train loss 1.4712
batch:699 average train loss 1.4791
average train loss 1.4789
Train Consuming time:21.28 in the epoch: 46
total val iterations: 163 
average val loss 1.5722
accuracy ( less than 0.1 ): 0.2262
median val loss 0.6718
total test iterations: 163 
average test loss 1.5215
accuracy ( less than 0.1 ): 0.2211
median test loss 0.6200
Consuming time:26.08 in the epoch: 46
Best test loss is 1.52
---------------*****---------------
---------------*****---------------
Starting training the epoch: 47 
total batch: 759.71875 
batch:99 average train loss 1.4496
batch:199 average train loss 1.4518
batch:299 average train loss 1.4584
batch:399 average train loss 1.4628
batch:499 average train loss 1.4676
batch:599 average train loss 1.4709
batch:699 average train loss 1.4787
average train loss 1.4786
Train Consuming time:21.08 in the epoch: 47
total val iterations: 163 
average val loss 1.5724
accuracy ( less than 0.1 ): 0.2262
median val loss 0.6724
total test iterations: 163 
average test loss 1.5215
accuracy ( less than 0.1 ): 0.2212
median test loss 0.6208
Consuming time:25.92 in the epoch: 47
Best test loss is 1.52
---------------*****---------------
---------------*****---------------
Starting training the epoch: 48 
total batch: 759.71875 
batch:99 average train loss 1.4496
batch:199 average train loss 1.4518
batch:299 average train loss 1.4584
batch:399 average train loss 1.4629
batch:499 average train loss 1.4676
batch:599 average train loss 1.4709
batch:699 average train loss 1.4789
average train loss 1.4787
Train Consuming time:21.03 in the epoch: 48
total val iterations: 163 
average val loss 1.5724
accuracy ( less than 0.1 ): 0.2266
median val loss 0.6722
total test iterations: 163 
average test loss 1.5216
accuracy ( less than 0.1 ): 0.2214
median test loss 0.6211
Consuming time:25.82 in the epoch: 48
Best test loss is 1.52
---------------*****---------------
---------------*****---------------
Starting training the epoch: 49 
total batch: 759.71875 
batch:99 average train loss 1.4489
batch:199 average train loss 1.4517
batch:299 average train loss 1.4581
batch:399 average train loss 1.4628
batch:499 average train loss 1.4674
batch:599 average train loss 1.4707
batch:699 average train loss 1.4786
average train loss 1.4785
Train Consuming time:21.42 in the epoch: 49
total val iterations: 163 
average val loss 1.5727
accuracy ( less than 0.1 ): 0.2265
median val loss 0.6721
total test iterations: 163 
average test loss 1.5219
accuracy ( less than 0.1 ): 0.2205
median test loss 0.6213
Consuming time:26.30 in the epoch: 49
Best test loss is 1.52
---------------*****---------------
