===================configuration===================
learning rate :0.001 
num_mlp_layers : 1
num_layers : 2
gnn input_features : 100
gnn output_features : 64
input of rnn/transformer : 64
hidden_size (out put of rnn/tranformer) : 64
observation hour [7,19]
observation interval : 1
observation threshold : 7
prediction time : 86400
cascade length [10,100]
model save at : ../model_save/cas2vec/dblp2/
====bidirected: False, attention: GAT, gcn_type: self, rnn: LSTM====
===================configuration===================
len(Y_train), len(Y_valid), len(Y_test): 56612 12132 12131
preparing time:45.08654165267944
total parameters 65263
---------------*****---------------
Starting training the epoch: 0 
total batch: 884.5625 
batch:99 average train loss 2.8316
batch:199 average train loss 2.3042
batch:299 average train loss 2.1025
batch:399 average train loss 2.0086
batch:499 average train loss 1.9342
batch:599 average train loss 1.8775
batch:699 average train loss 1.8424
batch:799 average train loss 1.8157
average train loss 1.7967
Train Consuming time:209.02 in the epoch: 0
total val iterations: 190 
average val loss 1.7826
accuracy ( less than 0.1 ): 0.1355
median val loss 0.7758
total test iterations: 190 
average test loss 1.7474
accuracy ( less than 0.1 ): 0.1419
median test loss 0.7815
Consuming time:299.84 in the epoch: 0
Best test loss is 1.75
---------------*****---------------
---------------*****---------------
Starting training the epoch: 1 
total batch: 884.5625 
batch:99 average train loss 1.6126
batch:199 average train loss 1.6075
batch:299 average train loss 1.5966
batch:399 average train loss 1.6022
batch:499 average train loss 1.5955
batch:599 average train loss 1.5848
batch:699 average train loss 1.5830
batch:799 average train loss 1.5822
average train loss 1.5806
Train Consuming time:29.90 in the epoch: 1
total val iterations: 190 
average val loss 1.6142
accuracy ( less than 0.1 ): 0.1706
median val loss 0.6791
total test iterations: 190 
average test loss 1.5802
accuracy ( less than 0.1 ): 0.1732
median test loss 0.6936
Consuming time:36.72 in the epoch: 1
Best test loss is 1.58
---------------*****---------------
---------------*****---------------
Starting training the epoch: 2 
total batch: 884.5625 
batch:99 average train loss 1.5570
batch:199 average train loss 1.5609
batch:299 average train loss 1.5496
batch:399 average train loss 1.5569
batch:499 average train loss 1.5522
batch:599 average train loss 1.5454
batch:699 average train loss 1.5464
batch:799 average train loss 1.5474
average train loss 1.5476
Train Consuming time:30.03 in the epoch: 2
total val iterations: 190 
average val loss 1.5867
accuracy ( less than 0.1 ): 0.1830
median val loss 0.6809
total test iterations: 190 
average test loss 1.5556
accuracy ( less than 0.1 ): 0.1854
median test loss 0.6740
Consuming time:36.94 in the epoch: 2
Best test loss is 1.56
---------------*****---------------
---------------*****---------------
Starting training the epoch: 3 
total batch: 884.5625 
batch:99 average train loss 1.5341
batch:199 average train loss 1.5386
batch:299 average train loss 1.5304
batch:399 average train loss 1.5409
batch:499 average train loss 1.5357
batch:599 average train loss 1.5306
batch:699 average train loss 1.5315
batch:799 average train loss 1.5327
average train loss 1.5327
Train Consuming time:30.10 in the epoch: 3
total val iterations: 190 
average val loss 1.5784
accuracy ( less than 0.1 ): 0.1777
median val loss 0.6849
total test iterations: 190 
average test loss 1.5442
accuracy ( less than 0.1 ): 0.1808
median test loss 0.6713
Consuming time:36.99 in the epoch: 3
Best test loss is 1.54
---------------*****---------------
---------------*****---------------
Starting training the epoch: 4 
total batch: 884.5625 
batch:99 average train loss 1.5192
batch:199 average train loss 1.5240
batch:299 average train loss 1.5155
batch:399 average train loss 1.5250
batch:499 average train loss 1.5217
batch:599 average train loss 1.5190
batch:699 average train loss 1.5206
batch:799 average train loss 1.5224
average train loss 1.5222
Train Consuming time:30.33 in the epoch: 4
total val iterations: 190 
average val loss 1.5839
accuracy ( less than 0.1 ): 0.1725
median val loss 0.6897
total test iterations: 190 
average test loss 1.5480
accuracy ( less than 0.1 ): 0.1752
median test loss 0.6861
Consuming time:37.32 in the epoch: 4
Best test loss is 1.54
---------------*****---------------
---------------*****---------------
Starting training the epoch: 5 
total batch: 884.5625 
batch:99 average train loss 1.5081
batch:199 average train loss 1.5146
batch:299 average train loss 1.5084
batch:399 average train loss 1.5187
batch:499 average train loss 1.5146
batch:599 average train loss 1.5117
batch:699 average train loss 1.5141
batch:799 average train loss 1.5160
average train loss 1.5156
Train Consuming time:30.15 in the epoch: 5
total val iterations: 190 
average val loss 1.5893
accuracy ( less than 0.1 ): 0.1706
median val loss 0.6902
total test iterations: 190 
average test loss 1.5530
accuracy ( less than 0.1 ): 0.1751
median test loss 0.6866
Consuming time:37.00 in the epoch: 5
Best test loss is 1.54
---------------*****---------------
---------------*****---------------
Starting training the epoch: 6 
total batch: 884.5625 
batch:99 average train loss 1.5029
batch:199 average train loss 1.5100
batch:299 average train loss 1.5029
batch:399 average train loss 1.5136
batch:499 average train loss 1.5096
batch:599 average train loss 1.5078
batch:699 average train loss 1.5092
batch:799 average train loss 1.5111
average train loss 1.5109
Train Consuming time:30.14 in the epoch: 6
total val iterations: 190 
average val loss 1.6536
accuracy ( less than 0.1 ): 0.1451
median val loss 0.7106
total test iterations: 190 
average test loss 1.6123
accuracy ( less than 0.1 ): 0.1484
median test loss 0.7214
Consuming time:37.12 in the epoch: 6
Best test loss is 1.54
---------------*****---------------
---------------*****---------------
Starting training the epoch: 7 
total batch: 884.5625 
batch:99 average train loss 1.5001
batch:199 average train loss 1.5072
batch:299 average train loss 1.4999
batch:399 average train loss 1.5103
batch:499 average train loss 1.5066
batch:599 average train loss 1.5039
batch:699 average train loss 1.5052
batch:799 average train loss 1.5072
average train loss 1.5073
Train Consuming time:30.00 in the epoch: 7
total val iterations: 190 
average val loss 1.6079
accuracy ( less than 0.1 ): 0.1616
median val loss 0.6946
total test iterations: 190 
average test loss 1.5703
accuracy ( less than 0.1 ): 0.1644
median test loss 0.6930
Consuming time:36.97 in the epoch: 7
Best test loss is 1.54
---------------*****---------------
---------------*****---------------
Starting training the epoch: 8 
total batch: 884.5625 
batch:99 average train loss 1.4982
batch:199 average train loss 1.5021
batch:299 average train loss 1.4945
batch:399 average train loss 1.5055
batch:499 average train loss 1.5021
batch:599 average train loss 1.5001
batch:699 average train loss 1.5012
batch:799 average train loss 1.5032
average train loss 1.5033
Train Consuming time:29.98 in the epoch: 8
total val iterations: 190 
average val loss 1.5935
accuracy ( less than 0.1 ): 0.1701
median val loss 0.6909
total test iterations: 190 
average test loss 1.5555
accuracy ( less than 0.1 ): 0.1721
median test loss 0.6881
Consuming time:36.90 in the epoch: 8
Best test loss is 1.54
---------------*****---------------
---------------*****---------------
Starting training the epoch: 9 
total batch: 884.5625 
batch:99 average train loss 1.4955
batch:199 average train loss 1.5007
batch:299 average train loss 1.4924
batch:399 average train loss 1.5033
batch:499 average train loss 1.5001
batch:599 average train loss 1.4977
batch:699 average train loss 1.4985
batch:799 average train loss 1.5007
average train loss 1.5005
Train Consuming time:29.23 in the epoch: 9
total val iterations: 190 
average val loss 1.6011
accuracy ( less than 0.1 ): 0.1639
median val loss 0.6898
total test iterations: 190 
average test loss 1.5612
accuracy ( less than 0.1 ): 0.1654
median test loss 0.6928
Consuming time:35.76 in the epoch: 9
Best test loss is 1.54
---------------*****---------------
---------------*****---------------
Starting training the epoch: 10 
total batch: 884.5625 
batch:99 average train loss 1.4946
batch:199 average train loss 1.5012
batch:299 average train loss 1.4922
batch:399 average train loss 1.5021
batch:499 average train loss 1.4981
batch:599 average train loss 1.4957
batch:699 average train loss 1.4964
batch:799 average train loss 1.4982
average train loss 1.4981
Train Consuming time:28.59 in the epoch: 10
total val iterations: 190 
average val loss 1.5851
accuracy ( less than 0.1 ): 0.1686
median val loss 0.6904
total test iterations: 190 
average test loss 1.5459
accuracy ( less than 0.1 ): 0.1694
median test loss 0.6807
Consuming time:35.02 in the epoch: 10
Best test loss is 1.54
---------------*****---------------
---------------*****---------------
Starting training the epoch: 11 
total batch: 884.5625 
batch:99 average train loss 1.4906
batch:199 average train loss 1.4966
batch:299 average train loss 1.4876
batch:399 average train loss 1.4977
batch:499 average train loss 1.4946
batch:599 average train loss 1.4922
batch:699 average train loss 1.4933
batch:799 average train loss 1.4954
average train loss 1.4952
Train Consuming time:28.97 in the epoch: 11
total val iterations: 190 
average val loss 1.5845
accuracy ( less than 0.1 ): 0.1627
median val loss 0.6902
total test iterations: 190 
average test loss 1.5448
accuracy ( less than 0.1 ): 0.1668
median test loss 0.6778
Consuming time:35.45 in the epoch: 11
Best test loss is 1.54
---------------*****---------------
---------------*****---------------
Starting training the epoch: 12 
total batch: 884.5625 
batch:99 average train loss 1.4886
batch:199 average train loss 1.4953
batch:299 average train loss 1.4866
batch:399 average train loss 1.4966
batch:499 average train loss 1.4933
batch:599 average train loss 1.4908
batch:699 average train loss 1.4916
batch:799 average train loss 1.4937
average train loss 1.4937
Train Consuming time:28.83 in the epoch: 12
total val iterations: 190 
average val loss 1.6018
accuracy ( less than 0.1 ): 0.1574
median val loss 0.6916
total test iterations: 190 
average test loss 1.5600
accuracy ( less than 0.1 ): 0.1596
median test loss 0.6926
Consuming time:35.42 in the epoch: 12
Best test loss is 1.54
---------------*****---------------
---------------*****---------------
Starting training the epoch: 13 
total batch: 884.5625 
batch:99 average train loss 1.4894
batch:199 average train loss 1.4941
batch:299 average train loss 1.4856
batch:399 average train loss 1.4954
batch:499 average train loss 1.4923
batch:599 average train loss 1.4892
batch:699 average train loss 1.4898
batch:799 average train loss 1.4918
average train loss 1.4916
Train Consuming time:28.62 in the epoch: 13
total val iterations: 190 
average val loss 1.5920
accuracy ( less than 0.1 ): 0.1572
median val loss 0.6843
total test iterations: 190 
average test loss 1.5507
accuracy ( less than 0.1 ): 0.1594
median test loss 0.6856
Consuming time:35.17 in the epoch: 13
Best test loss is 1.54
---------------*****---------------
---------------*****---------------
Starting training the epoch: 14 
total batch: 884.5625 
batch:99 average train loss 1.4856
batch:199 average train loss 1.4933
batch:299 average train loss 1.4839
batch:399 average train loss 1.4935
batch:499 average train loss 1.4899
batch:599 average train loss 1.4878
batch:699 average train loss 1.4883
batch:799 average train loss 1.4903
average train loss 1.4901
Train Consuming time:28.51 in the epoch: 14
total val iterations: 190 
average val loss 1.6012
accuracy ( less than 0.1 ): 0.1562
median val loss 0.6917
total test iterations: 190 
average test loss 1.5561
accuracy ( less than 0.1 ): 0.1586
median test loss 0.6859
Consuming time:35.02 in the epoch: 14
Best test loss is 1.54
---------------*****---------------
---------------*****---------------
Starting training the epoch: 15 
total batch: 884.5625 
batch:99 average train loss 1.4816
batch:199 average train loss 1.4929
batch:299 average train loss 1.4841
batch:399 average train loss 1.4938
batch:499 average train loss 1.4901
batch:599 average train loss 1.4874
batch:699 average train loss 1.4879
batch:799 average train loss 1.4898
average train loss 1.4896
Train Consuming time:28.79 in the epoch: 15
total val iterations: 190 
average val loss 1.5875
accuracy ( less than 0.1 ): 0.1596
median val loss 0.6861
total test iterations: 190 
average test loss 1.5446
accuracy ( less than 0.1 ): 0.1608
median test loss 0.6793
Consuming time:35.25 in the epoch: 15
Best test loss is 1.54
---------------*****---------------
---------------*****---------------
Starting training the epoch: 16 
total batch: 884.5625 
batch:99 average train loss 1.4836
batch:199 average train loss 1.4908
batch:299 average train loss 1.4812
batch:399 average train loss 1.4906
batch:499 average train loss 1.4872
batch:599 average train loss 1.4843
batch:699 average train loss 1.4847
batch:799 average train loss 1.4872
average train loss 1.4869
Train Consuming time:28.73 in the epoch: 16
total val iterations: 190 
average val loss 1.5916
accuracy ( less than 0.1 ): 0.1553
median val loss 0.6837
total test iterations: 190 
average test loss 1.5490
accuracy ( less than 0.1 ): 0.1605
median test loss 0.6787
Consuming time:35.15 in the epoch: 16
Best test loss is 1.54
---------------*****---------------
---------------*****---------------
Starting training the epoch: 17 
total batch: 884.5625 
batch:99 average train loss 1.4808
batch:199 average train loss 1.4885
batch:299 average train loss 1.4794
batch:399 average train loss 1.4885
batch:499 average train loss 1.4847
batch:599 average train loss 1.4823
batch:699 average train loss 1.4828
batch:799 average train loss 1.4851
average train loss 1.4848
Train Consuming time:28.89 in the epoch: 17
total val iterations: 190 
average val loss 1.5942
accuracy ( less than 0.1 ): 0.1573
median val loss 0.6862
total test iterations: 190 
average test loss 1.5504
accuracy ( less than 0.1 ): 0.1601
median test loss 0.6749
Consuming time:35.32 in the epoch: 17
Best test loss is 1.54
---------------*****---------------
---------------*****---------------
Starting training the epoch: 18 
total batch: 884.5625 
batch:99 average train loss 1.4787
batch:199 average train loss 1.4875
batch:299 average train loss 1.4767
batch:399 average train loss 1.4867
batch:499 average train loss 1.4831
batch:599 average train loss 1.4806
batch:699 average train loss 1.4806
batch:799 average train loss 1.4829
average train loss 1.4825
Train Consuming time:28.60 in the epoch: 18
total val iterations: 190 
average val loss 1.6048
accuracy ( less than 0.1 ): 0.1543
median val loss 0.6834
total test iterations: 190 
average test loss 1.5558
accuracy ( less than 0.1 ): 0.1553
median test loss 0.6831
Consuming time:35.10 in the epoch: 18
Best test loss is 1.54
---------------*****---------------
---------------*****---------------
Starting training the epoch: 19 
total batch: 884.5625 
batch:99 average train loss 1.4787
batch:199 average train loss 1.4875
batch:299 average train loss 1.4772
batch:399 average train loss 1.4863
batch:499 average train loss 1.4825
batch:599 average train loss 1.4795
batch:699 average train loss 1.4792
batch:799 average train loss 1.4814
average train loss 1.4811
Train Consuming time:28.84 in the epoch: 19
total val iterations: 190 
average val loss 1.5975
accuracy ( less than 0.1 ): 0.1560
median val loss 0.6808
total test iterations: 190 
average test loss 1.5490
accuracy ( less than 0.1 ): 0.1596
median test loss 0.6801
Consuming time:35.30 in the epoch: 19
Best test loss is 1.54
---------------*****---------------
---------------*****---------------
Starting training the epoch: 20 
total batch: 884.5625 
batch:99 average train loss 1.4832
batch:199 average train loss 1.4833
batch:299 average train loss 1.4732
batch:399 average train loss 1.4773
batch:499 average train loss 1.4716
batch:599 average train loss 1.4685
batch:699 average train loss 1.4658
batch:799 average train loss 1.4654
average train loss 1.4629
Train Consuming time:28.43 in the epoch: 20
total val iterations: 190 
average val loss 1.5187
accuracy ( less than 0.1 ): 0.2035
median val loss 0.6569
total test iterations: 190 
average test loss 1.4740
accuracy ( less than 0.1 ): 0.2093
median test loss 0.6364
Consuming time:34.99 in the epoch: 20
Best test loss is 1.47
---------------*****---------------
---------------*****---------------
Starting training the epoch: 21 
total batch: 884.5625 
batch:99 average train loss 1.4566
batch:199 average train loss 1.4645
batch:299 average train loss 1.4591
batch:399 average train loss 1.4657
batch:499 average train loss 1.4618
batch:599 average train loss 1.4600
batch:699 average train loss 1.4582
batch:799 average train loss 1.4586
average train loss 1.4567
Train Consuming time:28.39 in the epoch: 21
total val iterations: 190 
average val loss 1.5175
accuracy ( less than 0.1 ): 0.2031
median val loss 0.6530
total test iterations: 190 
average test loss 1.4736
accuracy ( less than 0.1 ): 0.2097
median test loss 0.6371
Consuming time:34.96 in the epoch: 21
Best test loss is 1.47
---------------*****---------------
---------------*****---------------
Starting training the epoch: 22 
total batch: 884.5625 
batch:99 average train loss 1.4554
batch:199 average train loss 1.4632
batch:299 average train loss 1.4576
batch:399 average train loss 1.4641
batch:499 average train loss 1.4601
batch:599 average train loss 1.4583
batch:699 average train loss 1.4565
batch:799 average train loss 1.4570
average train loss 1.4552
Train Consuming time:28.32 in the epoch: 22
total val iterations: 190 
average val loss 1.5168
accuracy ( less than 0.1 ): 0.2030
median val loss 0.6541
total test iterations: 190 
average test loss 1.4735
accuracy ( less than 0.1 ): 0.2095
median test loss 0.6386
Consuming time:34.85 in the epoch: 22
Best test loss is 1.47
---------------*****---------------
---------------*****---------------
Starting training the epoch: 23 
total batch: 884.5625 
batch:99 average train loss 1.4544
batch:199 average train loss 1.4622
batch:299 average train loss 1.4565
batch:399 average train loss 1.4629
batch:499 average train loss 1.4589
batch:599 average train loss 1.4572
batch:699 average train loss 1.4554
batch:799 average train loss 1.4560
average train loss 1.4543
Train Consuming time:29.61 in the epoch: 23
total val iterations: 190 
average val loss 1.5163
accuracy ( less than 0.1 ): 0.2030
median val loss 0.6543
total test iterations: 190 
average test loss 1.4734
accuracy ( less than 0.1 ): 0.2092
median test loss 0.6380
Consuming time:36.53 in the epoch: 23
Best test loss is 1.47
---------------*****---------------
---------------*****---------------
Starting training the epoch: 24 
total batch: 884.5625 
batch:99 average train loss 1.4540
batch:199 average train loss 1.4617
batch:299 average train loss 1.4557
batch:399 average train loss 1.4621
batch:499 average train loss 1.4580
batch:599 average train loss 1.4563
batch:699 average train loss 1.4544
batch:799 average train loss 1.4551
average train loss 1.4535
Train Consuming time:29.59 in the epoch: 24
total val iterations: 190 
average val loss 1.5160
accuracy ( less than 0.1 ): 0.2033
median val loss 0.6518
total test iterations: 190 
average test loss 1.4738
accuracy ( less than 0.1 ): 0.2099
median test loss 0.6380
Consuming time:36.42 in the epoch: 24
Best test loss is 1.47
---------------*****---------------
---------------*****---------------
Starting training the epoch: 25 
total batch: 884.5625 
batch:99 average train loss 1.4526
batch:199 average train loss 1.4610
batch:299 average train loss 1.4548
batch:399 average train loss 1.4612
batch:499 average train loss 1.4572
batch:599 average train loss 1.4554
batch:699 average train loss 1.4535
batch:799 average train loss 1.4543
average train loss 1.4528
Train Consuming time:29.68 in the epoch: 25
total val iterations: 190 
average val loss 1.5158
accuracy ( less than 0.1 ): 0.2035
median val loss 0.6519
total test iterations: 190 
average test loss 1.4739
accuracy ( less than 0.1 ): 0.2097
median test loss 0.6398
Consuming time:36.51 in the epoch: 25
Best test loss is 1.47
---------------*****---------------
---------------*****---------------
Starting training the epoch: 26 
total batch: 884.5625 
batch:99 average train loss 1.4517
batch:199 average train loss 1.4603
batch:299 average train loss 1.4542
batch:399 average train loss 1.4607
batch:499 average train loss 1.4566
batch:599 average train loss 1.4548
batch:699 average train loss 1.4530
batch:799 average train loss 1.4538
average train loss 1.4523
Train Consuming time:29.70 in the epoch: 26
total val iterations: 190 
average val loss 1.5156
accuracy ( less than 0.1 ): 0.2035
median val loss 0.6532
total test iterations: 190 
average test loss 1.4739
accuracy ( less than 0.1 ): 0.2089
median test loss 0.6408
Consuming time:36.72 in the epoch: 26
Best test loss is 1.47
---------------*****---------------
---------------*****---------------
Starting training the epoch: 27 
total batch: 884.5625 
batch:99 average train loss 1.4513
batch:199 average train loss 1.4596
batch:299 average train loss 1.4534
batch:399 average train loss 1.4599
batch:499 average train loss 1.4557
batch:599 average train loss 1.4541
batch:699 average train loss 1.4522
batch:799 average train loss 1.4531
average train loss 1.4517
Train Consuming time:29.69 in the epoch: 27
total val iterations: 190 
average val loss 1.5156
accuracy ( less than 0.1 ): 0.2034
median val loss 0.6541
total test iterations: 190 
average test loss 1.4739
accuracy ( less than 0.1 ): 0.2092
median test loss 0.6408
Consuming time:36.62 in the epoch: 27
Best test loss is 1.47
---------------*****---------------
---------------*****---------------
Starting training the epoch: 28 
total batch: 884.5625 
batch:99 average train loss 1.4505
batch:199 average train loss 1.4591
batch:299 average train loss 1.4530
batch:399 average train loss 1.4595
batch:499 average train loss 1.4553
batch:599 average train loss 1.4536
batch:699 average train loss 1.4517
batch:799 average train loss 1.4527
average train loss 1.4513
Train Consuming time:29.70 in the epoch: 28
total val iterations: 190 
average val loss 1.5156
accuracy ( less than 0.1 ): 0.2034
median val loss 0.6524
total test iterations: 190 
average test loss 1.4740
accuracy ( less than 0.1 ): 0.2087
median test loss 0.6399
Consuming time:36.57 in the epoch: 28
Best test loss is 1.47
---------------*****---------------
---------------*****---------------
Starting training the epoch: 29 
total batch: 884.5625 
batch:99 average train loss 1.4506
batch:199 average train loss 1.4590
batch:299 average train loss 1.4526
batch:399 average train loss 1.4589
batch:499 average train loss 1.4548
batch:599 average train loss 1.4531
batch:699 average train loss 1.4512
batch:799 average train loss 1.4522
average train loss 1.4509
Train Consuming time:29.47 in the epoch: 29
total val iterations: 190 
average val loss 1.5157
accuracy ( less than 0.1 ): 0.2037
median val loss 0.6513
total test iterations: 190 
average test loss 1.4741
accuracy ( less than 0.1 ): 0.2091
median test loss 0.6375
Consuming time:36.30 in the epoch: 29
Best test loss is 1.47
---------------*****---------------
---------------*****---------------
Starting training the epoch: 30 
total batch: 884.5625 
batch:99 average train loss 1.4501
batch:199 average train loss 1.4585
batch:299 average train loss 1.4521
batch:399 average train loss 1.4586
batch:499 average train loss 1.4545
batch:599 average train loss 1.4527
batch:699 average train loss 1.4508
batch:799 average train loss 1.4518
average train loss 1.4506
Train Consuming time:29.71 in the epoch: 30
total val iterations: 190 
average val loss 1.5158
accuracy ( less than 0.1 ): 0.2041
median val loss 0.6509
total test iterations: 190 
average test loss 1.4743
accuracy ( less than 0.1 ): 0.2091
median test loss 0.6381
Consuming time:36.56 in the epoch: 30
Best test loss is 1.47
---------------*****---------------
---------------*****---------------
Starting training the epoch: 31 
total batch: 884.5625 
batch:99 average train loss 1.4498
batch:199 average train loss 1.4582
batch:299 average train loss 1.4518
batch:399 average train loss 1.4582
batch:499 average train loss 1.4540
batch:599 average train loss 1.4523
batch:699 average train loss 1.4503
batch:799 average train loss 1.4514
average train loss 1.4502
Train Consuming time:29.40 in the epoch: 31
total val iterations: 190 
average val loss 1.5160
accuracy ( less than 0.1 ): 0.2045
median val loss 0.6500
total test iterations: 190 
average test loss 1.4745
accuracy ( less than 0.1 ): 0.2097
median test loss 0.6381
Consuming time:36.21 in the epoch: 31
Best test loss is 1.47
---------------*****---------------
---------------*****---------------
Starting training the epoch: 32 
total batch: 884.5625 
batch:99 average train loss 1.4490
batch:199 average train loss 1.4576
batch:299 average train loss 1.4514
batch:399 average train loss 1.4578
batch:499 average train loss 1.4536
batch:599 average train loss 1.4518
batch:699 average train loss 1.4500
batch:799 average train loss 1.4510
average train loss 1.4499
Train Consuming time:29.34 in the epoch: 32
total val iterations: 190 
average val loss 1.5160
accuracy ( less than 0.1 ): 0.2048
median val loss 0.6485
total test iterations: 190 
average test loss 1.4748
accuracy ( less than 0.1 ): 0.2098
median test loss 0.6385
Consuming time:36.23 in the epoch: 32
Best test loss is 1.47
---------------*****---------------
---------------*****---------------
Starting training the epoch: 33 
total batch: 884.5625 
batch:99 average train loss 1.4489
batch:199 average train loss 1.4573
batch:299 average train loss 1.4510
batch:399 average train loss 1.4575
batch:499 average train loss 1.4533
batch:599 average train loss 1.4515
batch:699 average train loss 1.4496
batch:799 average train loss 1.4507
average train loss 1.4496
Train Consuming time:28.77 in the epoch: 33
total val iterations: 190 
average val loss 1.5161
accuracy ( less than 0.1 ): 0.2050
median val loss 0.6484
total test iterations: 190 
average test loss 1.4750
accuracy ( less than 0.1 ): 0.2095
median test loss 0.6375
Consuming time:35.30 in the epoch: 33
Best test loss is 1.47
---------------*****---------------
---------------*****---------------
Starting training the epoch: 34 
total batch: 884.5625 
batch:99 average train loss 1.4486
batch:199 average train loss 1.4571
batch:299 average train loss 1.4507
batch:399 average train loss 1.4571
batch:499 average train loss 1.4530
batch:599 average train loss 1.4510
batch:699 average train loss 1.4492
batch:799 average train loss 1.4503
average train loss 1.4493
Train Consuming time:28.51 in the epoch: 34
total val iterations: 190 
average val loss 1.5161
accuracy ( less than 0.1 ): 0.2049
median val loss 0.6489
total test iterations: 190 
average test loss 1.4753
accuracy ( less than 0.1 ): 0.2096
median test loss 0.6380
Consuming time:35.14 in the epoch: 34
Best test loss is 1.47
---------------*****---------------
---------------*****---------------
Starting training the epoch: 35 
total batch: 884.5625 
batch:99 average train loss 1.4485
batch:199 average train loss 1.4570
batch:299 average train loss 1.4505
batch:399 average train loss 1.4568
batch:499 average train loss 1.4527
batch:599 average train loss 1.4507
batch:699 average train loss 1.4489
batch:799 average train loss 1.4501
average train loss 1.4491
Train Consuming time:28.16 in the epoch: 35
total val iterations: 190 
average val loss 1.5162
accuracy ( less than 0.1 ): 0.2049
median val loss 0.6481
total test iterations: 190 
average test loss 1.4755
accuracy ( less than 0.1 ): 0.2091
median test loss 0.6385
Consuming time:34.60 in the epoch: 35
Best test loss is 1.47
---------------*****---------------
---------------*****---------------
Starting training the epoch: 36 
total batch: 884.5625 
batch:99 average train loss 1.4483
batch:199 average train loss 1.4565
batch:299 average train loss 1.4501
batch:399 average train loss 1.4564
batch:499 average train loss 1.4523
batch:599 average train loss 1.4502
batch:699 average train loss 1.4484
batch:799 average train loss 1.4497
average train loss 1.4487
Train Consuming time:28.37 in the epoch: 36
total val iterations: 190 
average val loss 1.5161
accuracy ( less than 0.1 ): 0.2049
median val loss 0.6477
total test iterations: 190 
average test loss 1.4757
accuracy ( less than 0.1 ): 0.2080
median test loss 0.6387
Consuming time:34.87 in the epoch: 36
Best test loss is 1.47
---------------*****---------------
---------------*****---------------
Starting training the epoch: 37 
total batch: 884.5625 
batch:99 average train loss 1.4478
batch:199 average train loss 1.4563
batch:299 average train loss 1.4500
batch:399 average train loss 1.4562
batch:499 average train loss 1.4521
batch:599 average train loss 1.4501
batch:699 average train loss 1.4483
batch:799 average train loss 1.4495
average train loss 1.4486
Train Consuming time:28.23 in the epoch: 37
total val iterations: 190 
average val loss 1.5160
accuracy ( less than 0.1 ): 0.2047
median val loss 0.6461
total test iterations: 190 
average test loss 1.4758
accuracy ( less than 0.1 ): 0.2080
median test loss 0.6393
Consuming time:34.70 in the epoch: 37
Best test loss is 1.47
---------------*****---------------
---------------*****---------------
Starting training the epoch: 38 
total batch: 884.5625 
batch:99 average train loss 1.4477
batch:199 average train loss 1.4561
batch:299 average train loss 1.4496
batch:399 average train loss 1.4559
batch:499 average train loss 1.4519
batch:599 average train loss 1.4497
batch:699 average train loss 1.4480
batch:799 average train loss 1.4493
average train loss 1.4484
Train Consuming time:28.44 in the epoch: 38
total val iterations: 190 
average val loss 1.5162
accuracy ( less than 0.1 ): 0.2056
median val loss 0.6461
total test iterations: 190 
average test loss 1.4760
accuracy ( less than 0.1 ): 0.2084
median test loss 0.6371
Consuming time:34.89 in the epoch: 38
Best test loss is 1.47
---------------*****---------------
---------------*****---------------
Starting training the epoch: 39 
total batch: 884.5625 
batch:99 average train loss 1.4478
batch:199 average train loss 1.4562
batch:299 average train loss 1.4497
batch:399 average train loss 1.4559
batch:499 average train loss 1.4519
batch:599 average train loss 1.4497
batch:699 average train loss 1.4479
batch:799 average train loss 1.4492
average train loss 1.4483
Train Consuming time:28.51 in the epoch: 39
total val iterations: 190 
average val loss 1.5162
accuracy ( less than 0.1 ): 0.2054
median val loss 0.6469
total test iterations: 190 
average test loss 1.4760
accuracy ( less than 0.1 ): 0.2082
median test loss 0.6385
Consuming time:34.95 in the epoch: 39
Best test loss is 1.47
---------------*****---------------
---------------*****---------------
Starting training the epoch: 40 
total batch: 884.5625 
batch:99 average train loss 1.4472
batch:199 average train loss 1.4556
batch:299 average train loss 1.4492
batch:399 average train loss 1.4554
batch:499 average train loss 1.4514
batch:599 average train loss 1.4493
batch:699 average train loss 1.4476
batch:799 average train loss 1.4489
average train loss 1.4480
Train Consuming time:28.55 in the epoch: 40
total val iterations: 190 
average val loss 1.5164
accuracy ( less than 0.1 ): 0.2047
median val loss 0.6473
total test iterations: 190 
average test loss 1.4763
accuracy ( less than 0.1 ): 0.2087
median test loss 0.6390
Consuming time:34.99 in the epoch: 40
Best test loss is 1.47
---------------*****---------------
---------------*****---------------
Starting training the epoch: 41 
total batch: 884.5625 
batch:99 average train loss 1.4465
batch:199 average train loss 1.4551
batch:299 average train loss 1.4488
batch:399 average train loss 1.4551
batch:499 average train loss 1.4512
batch:599 average train loss 1.4490
batch:699 average train loss 1.4473
batch:799 average train loss 1.4487
average train loss 1.4479
Train Consuming time:28.53 in the epoch: 41
total val iterations: 190 
average val loss 1.5164
accuracy ( less than 0.1 ): 0.2044
median val loss 0.6480
total test iterations: 190 
average test loss 1.4764
accuracy ( less than 0.1 ): 0.2085
median test loss 0.6425
Consuming time:35.04 in the epoch: 41
Best test loss is 1.47
---------------*****---------------
---------------*****---------------
Starting training the epoch: 42 
total batch: 884.5625 
batch:99 average train loss 1.4464
batch:199 average train loss 1.4551
batch:299 average train loss 1.4487
batch:399 average train loss 1.4549
batch:499 average train loss 1.4509
batch:599 average train loss 1.4488
batch:699 average train loss 1.4471
batch:799 average train loss 1.4485
average train loss 1.4477
Train Consuming time:28.51 in the epoch: 42
total val iterations: 190 
average val loss 1.5165
accuracy ( less than 0.1 ): 0.2044
median val loss 0.6496
total test iterations: 190 
average test loss 1.4767
accuracy ( less than 0.1 ): 0.2088
median test loss 0.6416
Consuming time:35.09 in the epoch: 42
Best test loss is 1.47
---------------*****---------------
---------------*****---------------
Starting training the epoch: 43 
total batch: 884.5625 
batch:99 average train loss 1.4459
batch:199 average train loss 1.4545
batch:299 average train loss 1.4482
batch:399 average train loss 1.4546
batch:499 average train loss 1.4507
batch:599 average train loss 1.4485
batch:699 average train loss 1.4468
batch:799 average train loss 1.4483
average train loss 1.4475
Train Consuming time:28.41 in the epoch: 43
total val iterations: 190 
average val loss 1.5166
accuracy ( less than 0.1 ): 0.2045
median val loss 0.6491
total test iterations: 190 
average test loss 1.4768
accuracy ( less than 0.1 ): 0.2083
median test loss 0.6422
Consuming time:34.87 in the epoch: 43
Best test loss is 1.47
---------------*****---------------
---------------*****---------------
Starting training the epoch: 44 
total batch: 884.5625 
batch:99 average train loss 1.4463
batch:199 average train loss 1.4549
batch:299 average train loss 1.4484
batch:399 average train loss 1.4547
batch:499 average train loss 1.4507
batch:599 average train loss 1.4485
batch:699 average train loss 1.4468
batch:799 average train loss 1.4482
average train loss 1.4475
Train Consuming time:28.44 in the epoch: 44
total val iterations: 190 
average val loss 1.5166
accuracy ( less than 0.1 ): 0.2048
median val loss 0.6500
total test iterations: 190 
average test loss 1.4769
accuracy ( less than 0.1 ): 0.2085
median test loss 0.6417
Consuming time:35.01 in the epoch: 44
Best test loss is 1.47
---------------*****---------------
---------------*****---------------
Starting training the epoch: 45 
total batch: 884.5625 
batch:99 average train loss 1.4459
batch:199 average train loss 1.4545
batch:299 average train loss 1.4481
batch:399 average train loss 1.4543
batch:499 average train loss 1.4504
batch:599 average train loss 1.4482
batch:699 average train loss 1.4466
batch:799 average train loss 1.4481
average train loss 1.4473
Train Consuming time:28.18 in the epoch: 45
total val iterations: 190 
average val loss 1.5166
accuracy ( less than 0.1 ): 0.2048
median val loss 0.6488
total test iterations: 190 
average test loss 1.4770
accuracy ( less than 0.1 ): 0.2085
median test loss 0.6414
Consuming time:34.64 in the epoch: 45
Best test loss is 1.47
---------------*****---------------
---------------*****---------------
Starting training the epoch: 46 
total batch: 884.5625 
batch:99 average train loss 1.4456
batch:199 average train loss 1.4543
batch:299 average train loss 1.4478
batch:399 average train loss 1.4540
batch:499 average train loss 1.4501
batch:599 average train loss 1.4479
batch:699 average train loss 1.4462
batch:799 average train loss 1.4477
average train loss 1.4470
Train Consuming time:28.48 in the epoch: 46
total val iterations: 190 
average val loss 1.5166
accuracy ( less than 0.1 ): 0.2044
median val loss 0.6485
total test iterations: 190 
average test loss 1.4771
accuracy ( less than 0.1 ): 0.2080
median test loss 0.6426
Consuming time:34.94 in the epoch: 46
Best test loss is 1.47
---------------*****---------------
---------------*****---------------
Starting training the epoch: 47 
total batch: 884.5625 
batch:99 average train loss 1.4459
batch:199 average train loss 1.4543
batch:299 average train loss 1.4479
batch:399 average train loss 1.4541
batch:499 average train loss 1.4502
batch:599 average train loss 1.4479
batch:699 average train loss 1.4463
batch:799 average train loss 1.4477
average train loss 1.4470
Train Consuming time:29.56 in the epoch: 47
total val iterations: 190 
average val loss 1.5167
accuracy ( less than 0.1 ): 0.2040
median val loss 0.6515
total test iterations: 190 
average test loss 1.4774
accuracy ( less than 0.1 ): 0.2088
median test loss 0.6431
Consuming time:36.51 in the epoch: 47
Best test loss is 1.47
---------------*****---------------
---------------*****---------------
Starting training the epoch: 48 
total batch: 884.5625 
batch:99 average train loss 1.4455
batch:199 average train loss 1.4541
batch:299 average train loss 1.4476
batch:399 average train loss 1.4539
batch:499 average train loss 1.4500
batch:599 average train loss 1.4478
batch:699 average train loss 1.4461
batch:799 average train loss 1.4476
average train loss 1.4469
Train Consuming time:29.62 in the epoch: 48
total val iterations: 190 
average val loss 1.5166
accuracy ( less than 0.1 ): 0.2045
median val loss 0.6506
total test iterations: 190 
average test loss 1.4775
accuracy ( less than 0.1 ): 0.2088
median test loss 0.6423
Consuming time:36.70 in the epoch: 48
Best test loss is 1.47
---------------*****---------------
---------------*****---------------
Starting training the epoch: 49 
total batch: 884.5625 
batch:99 average train loss 1.4452
batch:199 average train loss 1.4537
batch:299 average train loss 1.4475
batch:399 average train loss 1.4537
batch:499 average train loss 1.4498
batch:599 average train loss 1.4476
batch:699 average train loss 1.4459
batch:799 average train loss 1.4474
average train loss 1.4467
Train Consuming time:29.85 in the epoch: 49
total val iterations: 190 
average val loss 1.5168
accuracy ( less than 0.1 ): 0.2044
median val loss 0.6517
total test iterations: 190 
average test loss 1.4778
accuracy ( less than 0.1 ): 0.2087
median test loss 0.6427
Consuming time:36.78 in the epoch: 49
Best test loss is 1.47
---------------*****---------------
