===================configuration===================
learning rate :0.001 
num_mlp_layers : 1
num_layers : 2
gnn input_features : 100
gnn output_features : 64
input of rnn/transformer : 64
hidden_size (out put of rnn/tranformer) : 64
observation hour [7,19]
observation interval : 1
observation threshold : 8
prediction time : 86400
cascade length [10,100]
model save at : ../model_save/cas2vec/dblp3/
====bidirected: False, attention: GAT, gcn_type: self, rnn: LSTM====
===================configuration===================
len(Y_train), len(Y_valid), len(Y_test): 63099 13522 13521
preparing time:55.814303159713745
total parameters 65265
---------------*****---------------
Starting training the epoch: 0 
total batch: 985.921875 
batch:99 average train loss 2.7225
batch:199 average train loss 2.2449
batch:299 average train loss 2.0380
batch:399 average train loss 1.9325
batch:499 average train loss 1.8630
batch:599 average train loss 1.8211
batch:699 average train loss 1.7887
batch:799 average train loss 1.7660
batch:899 average train loss 1.7472
average train loss 1.7256
Train Consuming time:289.57 in the epoch: 0
total val iterations: 212 
average val loss 1.6504
accuracy ( less than 0.1 ): 0.1140
median val loss 0.7713
total test iterations: 212 
average test loss 1.7115
accuracy ( less than 0.1 ): 0.1118
median test loss 0.7812
Consuming time:413.03 in the epoch: 0
Best test loss is 1.71
---------------*****---------------
---------------*****---------------
Starting training the epoch: 1 
total batch: 985.921875 
batch:99 average train loss 1.5587
batch:199 average train loss 1.5605
batch:299 average train loss 1.5354
batch:399 average train loss 1.5241
batch:499 average train loss 1.5178
batch:599 average train loss 1.5192
batch:699 average train loss 1.5186
batch:799 average train loss 1.5200
batch:899 average train loss 1.5215
average train loss 1.5142
Train Consuming time:39.65 in the epoch: 1
total val iterations: 212 
average val loss 1.6128
accuracy ( less than 0.1 ): 0.1122
median val loss 0.7412
total test iterations: 212 
average test loss 1.6749
accuracy ( less than 0.1 ): 0.1091
median test loss 0.7453
Consuming time:48.99 in the epoch: 1
Best test loss is 1.67
---------------*****---------------
---------------*****---------------
Starting training the epoch: 2 
total batch: 985.921875 
batch:99 average train loss 1.5209
batch:199 average train loss 1.5185
batch:299 average train loss 1.4956
batch:399 average train loss 1.4874
batch:499 average train loss 1.4827
batch:599 average train loss 1.4855
batch:699 average train loss 1.4871
batch:799 average train loss 1.4891
batch:899 average train loss 1.4924
average train loss 1.4862
Train Consuming time:39.64 in the epoch: 2
total val iterations: 212 
average val loss 1.5089
accuracy ( less than 0.1 ): 0.1331
median val loss 0.6657
total test iterations: 212 
average test loss 1.5680
accuracy ( less than 0.1 ): 0.1333
median test loss 0.6840
Consuming time:49.04 in the epoch: 2
Best test loss is 1.57
---------------*****---------------
---------------*****---------------
Starting training the epoch: 3 
total batch: 985.921875 
batch:99 average train loss 1.5016
batch:199 average train loss 1.5016
batch:299 average train loss 1.4786
batch:399 average train loss 1.4721
batch:499 average train loss 1.4672
batch:599 average train loss 1.4708
batch:699 average train loss 1.4724
batch:799 average train loss 1.4749
batch:899 average train loss 1.4787
average train loss 1.4731
Train Consuming time:39.37 in the epoch: 3
total val iterations: 212 
average val loss 1.4728
accuracy ( less than 0.1 ): 0.1468
median val loss 0.6408
total test iterations: 212 
average test loss 1.5301
accuracy ( less than 0.1 ): 0.1494
median test loss 0.6573
Consuming time:48.72 in the epoch: 3
Best test loss is 1.53
---------------*****---------------
---------------*****---------------
Starting training the epoch: 4 
total batch: 985.921875 
batch:99 average train loss 1.4889
batch:199 average train loss 1.4906
batch:299 average train loss 1.4684
batch:399 average train loss 1.4625
batch:499 average train loss 1.4574
batch:599 average train loss 1.4615
batch:699 average train loss 1.4632
batch:799 average train loss 1.4662
batch:899 average train loss 1.4704
average train loss 1.4651
Train Consuming time:39.55 in the epoch: 4
total val iterations: 212 
average val loss 1.4402
accuracy ( less than 0.1 ): 0.1617
median val loss 0.6179
total test iterations: 212 
average test loss 1.4919
accuracy ( less than 0.1 ): 0.1664
median test loss 0.6356
Consuming time:48.94 in the epoch: 4
Best test loss is 1.49
---------------*****---------------
---------------*****---------------
Starting training the epoch: 5 
total batch: 985.921875 
batch:99 average train loss 1.4850
batch:199 average train loss 1.4873
batch:299 average train loss 1.4656
batch:399 average train loss 1.4590
batch:499 average train loss 1.4532
batch:599 average train loss 1.4573
batch:699 average train loss 1.4595
batch:799 average train loss 1.4624
batch:899 average train loss 1.4662
average train loss 1.4609
Train Consuming time:39.07 in the epoch: 5
total val iterations: 212 
average val loss 1.4413
accuracy ( less than 0.1 ): 0.1614
median val loss 0.6243
total test iterations: 212 
average test loss 1.4946
accuracy ( less than 0.1 ): 0.1645
median test loss 0.6369
Consuming time:47.89 in the epoch: 5
Best test loss is 1.49
---------------*****---------------
---------------*****---------------
Starting training the epoch: 6 
total batch: 985.921875 
batch:99 average train loss 1.4798
batch:199 average train loss 1.4839
batch:299 average train loss 1.4625
batch:399 average train loss 1.4555
batch:499 average train loss 1.4501
batch:599 average train loss 1.4541
batch:699 average train loss 1.4560
batch:799 average train loss 1.4589
batch:899 average train loss 1.4629
average train loss 1.4576
Train Consuming time:37.77 in the epoch: 6
total val iterations: 212 
average val loss 1.4346
accuracy ( less than 0.1 ): 0.1645
median val loss 0.6174
total test iterations: 212 
average test loss 1.4877
accuracy ( less than 0.1 ): 0.1707
median test loss 0.6375
Consuming time:46.65 in the epoch: 6
Best test loss is 1.49
---------------*****---------------
---------------*****---------------
Starting training the epoch: 7 
total batch: 985.921875 
batch:99 average train loss 1.4826
batch:199 average train loss 1.4838
batch:299 average train loss 1.4611
batch:399 average train loss 1.4535
batch:499 average train loss 1.4473
batch:599 average train loss 1.4513
batch:699 average train loss 1.4541
batch:799 average train loss 1.4570
batch:899 average train loss 1.4611
average train loss 1.4558
Train Consuming time:37.64 in the epoch: 7
total val iterations: 212 
average val loss 1.4401
accuracy ( less than 0.1 ): 0.1625
median val loss 0.6209
total test iterations: 212 
average test loss 1.4928
accuracy ( less than 0.1 ): 0.1668
median test loss 0.6355
Consuming time:46.50 in the epoch: 7
Best test loss is 1.49
---------------*****---------------
---------------*****---------------
Starting training the epoch: 8 
total batch: 985.921875 
batch:99 average train loss 1.4804
batch:199 average train loss 1.4804
batch:299 average train loss 1.4585
batch:399 average train loss 1.4504
batch:499 average train loss 1.4442
batch:599 average train loss 1.4486
batch:699 average train loss 1.4510
batch:799 average train loss 1.4539
batch:899 average train loss 1.4576
average train loss 1.4523
Train Consuming time:37.56 in the epoch: 8
total val iterations: 212 
average val loss 1.4361
accuracy ( less than 0.1 ): 0.1643
median val loss 0.6157
total test iterations: 212 
average test loss 1.4893
accuracy ( less than 0.1 ): 0.1703
median test loss 0.6340
Consuming time:46.23 in the epoch: 8
Best test loss is 1.49
---------------*****---------------
---------------*****---------------
Starting training the epoch: 9 
total batch: 985.921875 
batch:99 average train loss 1.4765
batch:199 average train loss 1.4777
batch:299 average train loss 1.4556
batch:399 average train loss 1.4477
batch:499 average train loss 1.4417
batch:599 average train loss 1.4462
batch:699 average train loss 1.4486
batch:799 average train loss 1.4515
batch:899 average train loss 1.4555
average train loss 1.4502
Train Consuming time:37.62 in the epoch: 9
total val iterations: 212 
average val loss 1.4341
accuracy ( less than 0.1 ): 0.1661
median val loss 0.6166
total test iterations: 212 
average test loss 1.4873
accuracy ( less than 0.1 ): 0.1712
median test loss 0.6323
Consuming time:46.47 in the epoch: 9
Best test loss is 1.49
---------------*****---------------
---------------*****---------------
Starting training the epoch: 10 
total batch: 985.921875 
batch:99 average train loss 1.4748
batch:199 average train loss 1.4761
batch:299 average train loss 1.4545
batch:399 average train loss 1.4463
batch:499 average train loss 1.4406
batch:599 average train loss 1.4457
batch:699 average train loss 1.4479
batch:799 average train loss 1.4505
batch:899 average train loss 1.4543
average train loss 1.4491
Train Consuming time:37.70 in the epoch: 10
total val iterations: 212 
average val loss 1.4354
accuracy ( less than 0.1 ): 0.1630
median val loss 0.6211
total test iterations: 212 
average test loss 1.4887
accuracy ( less than 0.1 ): 0.1699
median test loss 0.6335
Consuming time:46.48 in the epoch: 10
Best test loss is 1.49
---------------*****---------------
---------------*****---------------
Starting training the epoch: 11 
total batch: 985.921875 
batch:99 average train loss 1.4740
batch:199 average train loss 1.4739
batch:299 average train loss 1.4523
batch:399 average train loss 1.4443
batch:499 average train loss 1.4386
batch:599 average train loss 1.4428
batch:699 average train loss 1.4451
batch:799 average train loss 1.4481
batch:899 average train loss 1.4519
average train loss 1.4467
Train Consuming time:37.68 in the epoch: 11
total val iterations: 212 
average val loss 1.4376
accuracy ( less than 0.1 ): 0.1620
median val loss 0.6202
total test iterations: 212 
average test loss 1.4908
accuracy ( less than 0.1 ): 0.1694
median test loss 0.6361
Consuming time:46.38 in the epoch: 11
Best test loss is 1.49
---------------*****---------------
---------------*****---------------
Starting training the epoch: 12 
total batch: 985.921875 
batch:99 average train loss 1.4730
batch:199 average train loss 1.4730
batch:299 average train loss 1.4515
batch:399 average train loss 1.4436
batch:499 average train loss 1.4375
batch:599 average train loss 1.4417
batch:699 average train loss 1.4440
batch:799 average train loss 1.4467
batch:899 average train loss 1.4505
average train loss 1.4453
Train Consuming time:37.73 in the epoch: 12
total val iterations: 212 
average val loss 1.4382
accuracy ( less than 0.1 ): 0.1608
median val loss 0.6213
total test iterations: 212 
average test loss 1.4922
accuracy ( less than 0.1 ): 0.1675
median test loss 0.6361
Consuming time:46.40 in the epoch: 12
Best test loss is 1.49
---------------*****---------------
---------------*****---------------
Starting training the epoch: 13 
total batch: 985.921875 
batch:99 average train loss 1.4724
batch:199 average train loss 1.4721
batch:299 average train loss 1.4497
batch:399 average train loss 1.4419
batch:499 average train loss 1.4359
batch:599 average train loss 1.4400
batch:699 average train loss 1.4423
batch:799 average train loss 1.4453
batch:899 average train loss 1.4491
average train loss 1.4439
Train Consuming time:37.54 in the epoch: 13
total val iterations: 212 
average val loss 1.4460
accuracy ( less than 0.1 ): 0.1594
median val loss 0.6262
total test iterations: 212 
average test loss 1.4984
accuracy ( less than 0.1 ): 0.1630
median test loss 0.6390
Consuming time:46.18 in the epoch: 13
Best test loss is 1.49
---------------*****---------------
---------------*****---------------
Starting training the epoch: 14 
total batch: 985.921875 
batch:99 average train loss 1.4733
batch:199 average train loss 1.4725
batch:299 average train loss 1.4497
batch:399 average train loss 1.4416
batch:499 average train loss 1.4355
batch:599 average train loss 1.4392
batch:699 average train loss 1.4416
batch:799 average train loss 1.4445
batch:899 average train loss 1.4483
average train loss 1.4430
Train Consuming time:37.48 in the epoch: 14
total val iterations: 212 
average val loss 1.4406
accuracy ( less than 0.1 ): 0.1601
median val loss 0.6243
total test iterations: 212 
average test loss 1.4946
accuracy ( less than 0.1 ): 0.1663
median test loss 0.6399
Consuming time:46.18 in the epoch: 14
Best test loss is 1.49
---------------*****---------------
---------------*****---------------
Starting training the epoch: 15 
total batch: 985.921875 
batch:99 average train loss 1.4701
batch:199 average train loss 1.4710
batch:299 average train loss 1.4486
batch:399 average train loss 1.4404
batch:499 average train loss 1.4345
batch:599 average train loss 1.4382
batch:699 average train loss 1.4403
batch:799 average train loss 1.4430
batch:899 average train loss 1.4469
average train loss 1.4417
Train Consuming time:37.63 in the epoch: 15
total val iterations: 212 
average val loss 1.4375
accuracy ( less than 0.1 ): 0.1619
median val loss 0.6219
total test iterations: 212 
average test loss 1.4905
accuracy ( less than 0.1 ): 0.1680
median test loss 0.6355
Consuming time:46.52 in the epoch: 15
Best test loss is 1.49
---------------*****---------------
---------------*****---------------
Starting training the epoch: 16 
total batch: 985.921875 
batch:99 average train loss 1.4713
batch:199 average train loss 1.4709
batch:299 average train loss 1.4491
batch:399 average train loss 1.4410
batch:499 average train loss 1.4350
batch:599 average train loss 1.4386
batch:699 average train loss 1.4407
batch:799 average train loss 1.4432
batch:899 average train loss 1.4468
average train loss 1.4416
Train Consuming time:39.38 in the epoch: 16
total val iterations: 212 
average val loss 1.4405
accuracy ( less than 0.1 ): 0.1608
median val loss 0.6248
total test iterations: 212 
average test loss 1.4932
accuracy ( less than 0.1 ): 0.1644
median test loss 0.6368
Consuming time:48.55 in the epoch: 16
Best test loss is 1.49
---------------*****---------------
---------------*****---------------
Starting training the epoch: 17 
total batch: 985.921875 
batch:99 average train loss 1.4691
batch:199 average train loss 1.4690
batch:299 average train loss 1.4469
batch:399 average train loss 1.4388
batch:499 average train loss 1.4328
batch:599 average train loss 1.4365
batch:699 average train loss 1.4387
batch:799 average train loss 1.4415
batch:899 average train loss 1.4451
average train loss 1.4399
Train Consuming time:39.20 in the epoch: 17
total val iterations: 212 
average val loss 1.4408
accuracy ( less than 0.1 ): 0.1610
median val loss 0.6258
total test iterations: 212 
average test loss 1.4948
accuracy ( less than 0.1 ): 0.1645
median test loss 0.6379
Consuming time:48.58 in the epoch: 17
Best test loss is 1.49
---------------*****---------------
---------------*****---------------
Starting training the epoch: 18 
total batch: 985.921875 
batch:99 average train loss 1.4698
batch:199 average train loss 1.4703
batch:299 average train loss 1.4475
batch:399 average train loss 1.4392
batch:499 average train loss 1.4327
batch:599 average train loss 1.4363
batch:699 average train loss 1.4384
batch:799 average train loss 1.4411
batch:899 average train loss 1.4447
average train loss 1.4395
Train Consuming time:39.17 in the epoch: 18
total val iterations: 212 
average val loss 1.4408
accuracy ( less than 0.1 ): 0.1632
median val loss 0.6235
total test iterations: 212 
average test loss 1.4917
accuracy ( less than 0.1 ): 0.1674
median test loss 0.6372
Consuming time:48.32 in the epoch: 18
Best test loss is 1.49
---------------*****---------------
---------------*****---------------
Starting training the epoch: 19 
total batch: 985.921875 
batch:99 average train loss 1.4668
batch:199 average train loss 1.4677
batch:299 average train loss 1.4459
batch:399 average train loss 1.4377
batch:499 average train loss 1.4313
batch:599 average train loss 1.4349
batch:699 average train loss 1.4370
batch:799 average train loss 1.4398
batch:899 average train loss 1.4433
average train loss 1.4383
Train Consuming time:39.19 in the epoch: 19
total val iterations: 212 
average val loss 1.4407
accuracy ( less than 0.1 ): 0.1636
median val loss 0.6290
total test iterations: 212 
average test loss 1.4925
accuracy ( less than 0.1 ): 0.1650
median test loss 0.6369
Consuming time:48.34 in the epoch: 19
Best test loss is 1.49
---------------*****---------------
---------------*****---------------
Starting training the epoch: 20 
total batch: 985.921875 
batch:99 average train loss 1.4533
batch:199 average train loss 1.4482
batch:299 average train loss 1.4274
batch:399 average train loss 1.4203
batch:499 average train loss 1.4144
batch:599 average train loss 1.4183
batch:699 average train loss 1.4206
batch:799 average train loss 1.4227
batch:899 average train loss 1.4259
average train loss 1.4195
Train Consuming time:38.70 in the epoch: 20
total val iterations: 212 
average val loss 1.4245
accuracy ( less than 0.1 ): 0.1821
median val loss 0.6161
total test iterations: 212 
average test loss 1.4745
accuracy ( less than 0.1 ): 0.1871
median test loss 0.6277
Consuming time:47.96 in the epoch: 20
Best test loss is 1.47
---------------*****---------------
---------------*****---------------
Starting training the epoch: 21 
total batch: 985.921875 
batch:99 average train loss 1.4481
batch:199 average train loss 1.4450
batch:299 average train loss 1.4249
batch:399 average train loss 1.4179
batch:499 average train loss 1.4120
batch:599 average train loss 1.4160
batch:699 average train loss 1.4184
batch:799 average train loss 1.4205
batch:899 average train loss 1.4238
average train loss 1.4176
Train Consuming time:38.90 in the epoch: 21
total val iterations: 212 
average val loss 1.4244
accuracy ( less than 0.1 ): 0.1816
median val loss 0.6165
total test iterations: 212 
average test loss 1.4745
accuracy ( less than 0.1 ): 0.1865
median test loss 0.6254
Consuming time:48.23 in the epoch: 21
Best test loss is 1.47
---------------*****---------------
---------------*****---------------
Starting training the epoch: 22 
total batch: 985.921875 
batch:99 average train loss 1.4473
batch:199 average train loss 1.4443
batch:299 average train loss 1.4242
batch:399 average train loss 1.4171
batch:499 average train loss 1.4111
batch:599 average train loss 1.4151
batch:699 average train loss 1.4174
batch:799 average train loss 1.4195
batch:899 average train loss 1.4229
average train loss 1.4168
Train Consuming time:38.66 in the epoch: 22
total val iterations: 212 
average val loss 1.4244
accuracy ( less than 0.1 ): 0.1811
median val loss 0.6164
total test iterations: 212 
average test loss 1.4747
accuracy ( less than 0.1 ): 0.1862
median test loss 0.6267
Consuming time:47.97 in the epoch: 22
Best test loss is 1.47
---------------*****---------------
---------------*****---------------
Starting training the epoch: 23 
total batch: 985.921875 
batch:99 average train loss 1.4465
batch:199 average train loss 1.4437
batch:299 average train loss 1.4238
batch:399 average train loss 1.4167
batch:499 average train loss 1.4106
batch:599 average train loss 1.4145
batch:699 average train loss 1.4167
batch:799 average train loss 1.4188
batch:899 average train loss 1.4222
average train loss 1.4162
Train Consuming time:38.82 in the epoch: 23
total val iterations: 212 
average val loss 1.4247
accuracy ( less than 0.1 ): 0.1807
median val loss 0.6170
total test iterations: 212 
average test loss 1.4749
accuracy ( less than 0.1 ): 0.1854
median test loss 0.6262
Consuming time:47.86 in the epoch: 23
Best test loss is 1.47
---------------*****---------------
---------------*****---------------
Starting training the epoch: 24 
total batch: 985.921875 
batch:99 average train loss 1.4464
batch:199 average train loss 1.4434
batch:299 average train loss 1.4235
batch:399 average train loss 1.4163
batch:499 average train loss 1.4101
batch:599 average train loss 1.4140
batch:699 average train loss 1.4162
batch:799 average train loss 1.4183
batch:899 average train loss 1.4217
average train loss 1.4157
Train Consuming time:37.18 in the epoch: 24
total val iterations: 212 
average val loss 1.4249
accuracy ( less than 0.1 ): 0.1809
median val loss 0.6171
total test iterations: 212 
average test loss 1.4751
accuracy ( less than 0.1 ): 0.1854
median test loss 0.6265
Consuming time:45.87 in the epoch: 24
Best test loss is 1.47
---------------*****---------------
---------------*****---------------
Starting training the epoch: 25 
total batch: 985.921875 
batch:99 average train loss 1.4463
batch:199 average train loss 1.4432
batch:299 average train loss 1.4232
batch:399 average train loss 1.4160
batch:499 average train loss 1.4097
batch:599 average train loss 1.4136
batch:699 average train loss 1.4158
batch:799 average train loss 1.4179
batch:899 average train loss 1.4213
average train loss 1.4153
Train Consuming time:37.29 in the epoch: 25
total val iterations: 212 
average val loss 1.4252
accuracy ( less than 0.1 ): 0.1814
median val loss 0.6157
total test iterations: 212 
average test loss 1.4753
accuracy ( less than 0.1 ): 0.1851
median test loss 0.6259
Consuming time:45.98 in the epoch: 25
Best test loss is 1.47
---------------*****---------------
---------------*****---------------
Starting training the epoch: 26 
total batch: 985.921875 
batch:99 average train loss 1.4463
batch:199 average train loss 1.4431
batch:299 average train loss 1.4231
batch:399 average train loss 1.4158
batch:499 average train loss 1.4095
batch:599 average train loss 1.4132
batch:699 average train loss 1.4155
batch:799 average train loss 1.4175
batch:899 average train loss 1.4210
average train loss 1.4151
Train Consuming time:36.99 in the epoch: 26
total val iterations: 212 
average val loss 1.4253
accuracy ( less than 0.1 ): 0.1813
median val loss 0.6166
total test iterations: 212 
average test loss 1.4754
accuracy ( less than 0.1 ): 0.1848
median test loss 0.6266
Consuming time:45.66 in the epoch: 26
Best test loss is 1.47
---------------*****---------------
---------------*****---------------
Starting training the epoch: 27 
total batch: 985.921875 
batch:99 average train loss 1.4461
batch:199 average train loss 1.4429
batch:299 average train loss 1.4229
batch:399 average train loss 1.4156
batch:499 average train loss 1.4092
batch:599 average train loss 1.4130
batch:699 average train loss 1.4152
batch:799 average train loss 1.4172
batch:899 average train loss 1.4207
average train loss 1.4148
Train Consuming time:37.46 in the epoch: 27
total val iterations: 212 
average val loss 1.4255
accuracy ( less than 0.1 ): 0.1813
median val loss 0.6155
total test iterations: 212 
average test loss 1.4755
accuracy ( less than 0.1 ): 0.1842
median test loss 0.6276
Consuming time:46.24 in the epoch: 27
Best test loss is 1.47
---------------*****---------------
---------------*****---------------
Starting training the epoch: 28 
total batch: 985.921875 
batch:99 average train loss 1.4462
batch:199 average train loss 1.4428
batch:299 average train loss 1.4227
batch:399 average train loss 1.4154
batch:499 average train loss 1.4090
batch:599 average train loss 1.4127
batch:699 average train loss 1.4150
batch:799 average train loss 1.4169
batch:899 average train loss 1.4204
average train loss 1.4146
Train Consuming time:37.29 in the epoch: 28
total val iterations: 212 
average val loss 1.4256
accuracy ( less than 0.1 ): 0.1806
median val loss 0.6152
total test iterations: 212 
average test loss 1.4755
accuracy ( less than 0.1 ): 0.1845
median test loss 0.6291
Consuming time:45.99 in the epoch: 28
Best test loss is 1.47
---------------*****---------------
---------------*****---------------
Starting training the epoch: 29 
total batch: 985.921875 
batch:99 average train loss 1.4461
batch:199 average train loss 1.4427
batch:299 average train loss 1.4226
batch:399 average train loss 1.4153
batch:499 average train loss 1.4089
batch:599 average train loss 1.4126
batch:699 average train loss 1.4148
batch:799 average train loss 1.4167
batch:899 average train loss 1.4202
average train loss 1.4144
Train Consuming time:37.15 in the epoch: 29
total val iterations: 212 
average val loss 1.4258
accuracy ( less than 0.1 ): 0.1806
median val loss 0.6152
total test iterations: 212 
average test loss 1.4755
accuracy ( less than 0.1 ): 0.1844
median test loss 0.6299
Consuming time:46.00 in the epoch: 29
Best test loss is 1.47
---------------*****---------------
---------------*****---------------
Starting training the epoch: 30 
total batch: 985.921875 
batch:99 average train loss 1.4461
batch:199 average train loss 1.4426
batch:299 average train loss 1.4225
batch:399 average train loss 1.4151
batch:499 average train loss 1.4087
batch:599 average train loss 1.4123
batch:699 average train loss 1.4146
batch:799 average train loss 1.4165
batch:899 average train loss 1.4201
average train loss 1.4142
Train Consuming time:37.16 in the epoch: 30
total val iterations: 212 
average val loss 1.4259
accuracy ( less than 0.1 ): 0.1801
median val loss 0.6135
total test iterations: 212 
average test loss 1.4756
accuracy ( less than 0.1 ): 0.1842
median test loss 0.6307
Consuming time:45.86 in the epoch: 30
Best test loss is 1.47
---------------*****---------------
---------------*****---------------
Starting training the epoch: 31 
total batch: 985.921875 
batch:99 average train loss 1.4460
batch:199 average train loss 1.4424
batch:299 average train loss 1.4222
batch:399 average train loss 1.4148
batch:499 average train loss 1.4084
batch:599 average train loss 1.4120
batch:699 average train loss 1.4143
batch:799 average train loss 1.4162
batch:899 average train loss 1.4198
average train loss 1.4140
Train Consuming time:37.01 in the epoch: 31
total val iterations: 212 
average val loss 1.4261
accuracy ( less than 0.1 ): 0.1802
median val loss 0.6139
total test iterations: 212 
average test loss 1.4756
accuracy ( less than 0.1 ): 0.1842
median test loss 0.6310
Consuming time:45.72 in the epoch: 31
Best test loss is 1.47
---------------*****---------------
---------------*****---------------
Starting training the epoch: 32 
total batch: 985.921875 
batch:99 average train loss 1.4460
batch:199 average train loss 1.4424
batch:299 average train loss 1.4222
batch:399 average train loss 1.4148
batch:499 average train loss 1.4083
batch:599 average train loss 1.4119
batch:699 average train loss 1.4142
batch:799 average train loss 1.4162
batch:899 average train loss 1.4197
average train loss 1.4139
Train Consuming time:37.22 in the epoch: 32
total val iterations: 212 
average val loss 1.4262
accuracy ( less than 0.1 ): 0.1805
median val loss 0.6140
total test iterations: 212 
average test loss 1.4756
accuracy ( less than 0.1 ): 0.1842
median test loss 0.6311
Consuming time:45.95 in the epoch: 32
Best test loss is 1.47
---------------*****---------------
---------------*****---------------
Starting training the epoch: 33 
total batch: 985.921875 
batch:99 average train loss 1.4459
batch:199 average train loss 1.4422
batch:299 average train loss 1.4220
batch:399 average train loss 1.4145
batch:499 average train loss 1.4080
batch:599 average train loss 1.4117
batch:699 average train loss 1.4140
batch:799 average train loss 1.4159
batch:899 average train loss 1.4194
average train loss 1.4137
Train Consuming time:37.48 in the epoch: 33
total val iterations: 212 
average val loss 1.4263
accuracy ( less than 0.1 ): 0.1804
median val loss 0.6141
total test iterations: 212 
average test loss 1.4756
accuracy ( less than 0.1 ): 0.1841
median test loss 0.6308
Consuming time:46.35 in the epoch: 33
Best test loss is 1.47
---------------*****---------------
---------------*****---------------
Starting training the epoch: 34 
total batch: 985.921875 
batch:99 average train loss 1.4460
batch:199 average train loss 1.4423
batch:299 average train loss 1.4220
batch:399 average train loss 1.4145
batch:499 average train loss 1.4080
batch:599 average train loss 1.4116
batch:699 average train loss 1.4139
batch:799 average train loss 1.4158
batch:899 average train loss 1.4194
average train loss 1.4136
Train Consuming time:38.18 in the epoch: 34
total val iterations: 212 
average val loss 1.4263
accuracy ( less than 0.1 ): 0.1803
median val loss 0.6148
total test iterations: 212 
average test loss 1.4755
accuracy ( less than 0.1 ): 0.1841
median test loss 0.6299
Consuming time:47.30 in the epoch: 34
Best test loss is 1.47
---------------*****---------------
---------------*****---------------
Starting training the epoch: 35 
total batch: 985.921875 
batch:99 average train loss 1.4457
batch:199 average train loss 1.4421
batch:299 average train loss 1.4218
batch:399 average train loss 1.4144
batch:499 average train loss 1.4079
batch:599 average train loss 1.4115
batch:699 average train loss 1.4137
batch:799 average train loss 1.4156
batch:899 average train loss 1.4192
average train loss 1.4134
Train Consuming time:38.71 in the epoch: 35
total val iterations: 212 
average val loss 1.4264
accuracy ( less than 0.1 ): 0.1802
median val loss 0.6150
total test iterations: 212 
average test loss 1.4756
accuracy ( less than 0.1 ): 0.1842
median test loss 0.6295
Consuming time:47.89 in the epoch: 35
Best test loss is 1.47
---------------*****---------------
---------------*****---------------
Starting training the epoch: 36 
total batch: 985.921875 
batch:99 average train loss 1.4457
batch:199 average train loss 1.4420
batch:299 average train loss 1.4217
batch:399 average train loss 1.4142
batch:499 average train loss 1.4077
batch:599 average train loss 1.4113
batch:699 average train loss 1.4136
batch:799 average train loss 1.4155
batch:899 average train loss 1.4191
average train loss 1.4134
Train Consuming time:38.93 in the epoch: 36
total val iterations: 212 
average val loss 1.4265
accuracy ( less than 0.1 ): 0.1804
median val loss 0.6152
total test iterations: 212 
average test loss 1.4755
accuracy ( less than 0.1 ): 0.1844
median test loss 0.6299
Consuming time:48.23 in the epoch: 36
Best test loss is 1.47
---------------*****---------------
---------------*****---------------
Starting training the epoch: 37 
total batch: 985.921875 
batch:99 average train loss 1.4457
batch:199 average train loss 1.4419
batch:299 average train loss 1.4216
batch:399 average train loss 1.4142
batch:499 average train loss 1.4076
batch:599 average train loss 1.4112
batch:699 average train loss 1.4135
batch:799 average train loss 1.4154
batch:899 average train loss 1.4190
average train loss 1.4133
Train Consuming time:38.75 in the epoch: 37
total val iterations: 212 
average val loss 1.4266
accuracy ( less than 0.1 ): 0.1802
median val loss 0.6152
total test iterations: 212 
average test loss 1.4756
accuracy ( less than 0.1 ): 0.1843
median test loss 0.6293
Consuming time:48.25 in the epoch: 37
Best test loss is 1.47
---------------*****---------------
---------------*****---------------
Starting training the epoch: 38 
total batch: 985.921875 
batch:99 average train loss 1.4455
batch:199 average train loss 1.4418
batch:299 average train loss 1.4215
batch:399 average train loss 1.4140
batch:499 average train loss 1.4074
batch:599 average train loss 1.4110
batch:699 average train loss 1.4133
batch:799 average train loss 1.4152
batch:899 average train loss 1.4188
average train loss 1.4131
Train Consuming time:38.65 in the epoch: 38
total val iterations: 212 
average val loss 1.4267
accuracy ( less than 0.1 ): 0.1802
median val loss 0.6149
total test iterations: 212 
average test loss 1.4755
accuracy ( less than 0.1 ): 0.1848
median test loss 0.6286
Consuming time:48.07 in the epoch: 38
Best test loss is 1.47
---------------*****---------------
---------------*****---------------
Starting training the epoch: 39 
total batch: 985.921875 
batch:99 average train loss 1.4454
batch:199 average train loss 1.4417
batch:299 average train loss 1.4214
batch:399 average train loss 1.4139
batch:499 average train loss 1.4073
batch:599 average train loss 1.4109
batch:699 average train loss 1.4132
batch:799 average train loss 1.4151
batch:899 average train loss 1.4187
average train loss 1.4130
Train Consuming time:38.94 in the epoch: 39
total val iterations: 212 
average val loss 1.4267
accuracy ( less than 0.1 ): 0.1801
median val loss 0.6152
total test iterations: 212 
average test loss 1.4756
accuracy ( less than 0.1 ): 0.1848
median test loss 0.6285
Consuming time:48.24 in the epoch: 39
Best test loss is 1.47
---------------*****---------------
---------------*****---------------
Starting training the epoch: 40 
total batch: 985.921875 
batch:99 average train loss 1.4455
batch:199 average train loss 1.4418
batch:299 average train loss 1.4214
batch:399 average train loss 1.4139
batch:499 average train loss 1.4073
batch:599 average train loss 1.4109
batch:699 average train loss 1.4132
batch:799 average train loss 1.4151
batch:899 average train loss 1.4187
average train loss 1.4130
Train Consuming time:38.83 in the epoch: 40
total val iterations: 212 
average val loss 1.4268
accuracy ( less than 0.1 ): 0.1799
median val loss 0.6151
total test iterations: 212 
average test loss 1.4756
accuracy ( less than 0.1 ): 0.1848
median test loss 0.6276
Consuming time:48.19 in the epoch: 40
Best test loss is 1.47
---------------*****---------------
---------------*****---------------
Starting training the epoch: 41 
total batch: 985.921875 
batch:99 average train loss 1.4454
batch:199 average train loss 1.4416
batch:299 average train loss 1.4213
batch:399 average train loss 1.4138
batch:499 average train loss 1.4072
batch:599 average train loss 1.4108
batch:699 average train loss 1.4131
batch:799 average train loss 1.4150
batch:899 average train loss 1.4186
average train loss 1.4129
Train Consuming time:38.62 in the epoch: 41
total val iterations: 212 
average val loss 1.4269
accuracy ( less than 0.1 ): 0.1798
median val loss 0.6160
total test iterations: 212 
average test loss 1.4756
accuracy ( less than 0.1 ): 0.1848
median test loss 0.6278
Consuming time:47.96 in the epoch: 41
Best test loss is 1.47
---------------*****---------------
---------------*****---------------
Starting training the epoch: 42 
total batch: 985.921875 
batch:99 average train loss 1.4453
batch:199 average train loss 1.4415
batch:299 average train loss 1.4211
batch:399 average train loss 1.4136
batch:499 average train loss 1.4070
batch:599 average train loss 1.4106
batch:699 average train loss 1.4129
batch:799 average train loss 1.4148
batch:899 average train loss 1.4184
average train loss 1.4128
Train Consuming time:37.57 in the epoch: 42
total val iterations: 212 
average val loss 1.4269
accuracy ( less than 0.1 ): 0.1800
median val loss 0.6165
total test iterations: 212 
average test loss 1.4757
accuracy ( less than 0.1 ): 0.1848
median test loss 0.6285
Consuming time:46.29 in the epoch: 42
Best test loss is 1.47
---------------*****---------------
---------------*****---------------
Starting training the epoch: 43 
total batch: 985.921875 
batch:99 average train loss 1.4452
batch:199 average train loss 1.4415
batch:299 average train loss 1.4211
batch:399 average train loss 1.4136
batch:499 average train loss 1.4070
batch:599 average train loss 1.4106
batch:699 average train loss 1.4128
batch:799 average train loss 1.4147
batch:899 average train loss 1.4184
average train loss 1.4128
Train Consuming time:36.91 in the epoch: 43
total val iterations: 212 
average val loss 1.4270
accuracy ( less than 0.1 ): 0.1802
median val loss 0.6169
total test iterations: 212 
average test loss 1.4757
accuracy ( less than 0.1 ): 0.1851
median test loss 0.6275
Consuming time:45.59 in the epoch: 43
Best test loss is 1.47
---------------*****---------------
---------------*****---------------
Starting training the epoch: 44 
total batch: 985.921875 
batch:99 average train loss 1.4451
batch:199 average train loss 1.4415
batch:299 average train loss 1.4211
batch:399 average train loss 1.4135
batch:499 average train loss 1.4069
batch:599 average train loss 1.4105
batch:699 average train loss 1.4127
batch:799 average train loss 1.4146
batch:899 average train loss 1.4183
average train loss 1.4127
Train Consuming time:36.86 in the epoch: 44
total val iterations: 212 
average val loss 1.4271
accuracy ( less than 0.1 ): 0.1801
median val loss 0.6166
total test iterations: 212 
average test loss 1.4757
accuracy ( less than 0.1 ): 0.1850
median test loss 0.6284
Consuming time:45.56 in the epoch: 44
Best test loss is 1.47
---------------*****---------------
---------------*****---------------
Starting training the epoch: 45 
total batch: 985.921875 
batch:99 average train loss 1.4451
batch:199 average train loss 1.4415
batch:299 average train loss 1.4210
batch:399 average train loss 1.4135
batch:499 average train loss 1.4068
batch:599 average train loss 1.4104
batch:699 average train loss 1.4127
batch:799 average train loss 1.4145
batch:899 average train loss 1.4182
average train loss 1.4126
Train Consuming time:37.35 in the epoch: 45
total val iterations: 212 
average val loss 1.4271
accuracy ( less than 0.1 ): 0.1800
median val loss 0.6175
total test iterations: 212 
average test loss 1.4758
accuracy ( less than 0.1 ): 0.1849
median test loss 0.6290
Consuming time:46.14 in the epoch: 45
Best test loss is 1.47
---------------*****---------------
---------------*****---------------
Starting training the epoch: 46 
total batch: 985.921875 
batch:99 average train loss 1.4450
batch:199 average train loss 1.4413
batch:299 average train loss 1.4209
batch:399 average train loss 1.4133
batch:499 average train loss 1.4066
batch:599 average train loss 1.4102
batch:699 average train loss 1.4125
batch:799 average train loss 1.4144
batch:899 average train loss 1.4180
average train loss 1.4124
Train Consuming time:37.21 in the epoch: 46
total val iterations: 212 
average val loss 1.4272
accuracy ( less than 0.1 ): 0.1799
median val loss 0.6177
total test iterations: 212 
average test loss 1.4758
accuracy ( less than 0.1 ): 0.1852
median test loss 0.6292
Consuming time:45.91 in the epoch: 46
Best test loss is 1.47
---------------*****---------------
---------------*****---------------
Starting training the epoch: 47 
total batch: 985.921875 
batch:99 average train loss 1.4451
batch:199 average train loss 1.4415
batch:299 average train loss 1.4210
batch:399 average train loss 1.4134
batch:499 average train loss 1.4066
batch:599 average train loss 1.4102
batch:699 average train loss 1.4125
batch:799 average train loss 1.4144
batch:899 average train loss 1.4180
average train loss 1.4124
Train Consuming time:37.10 in the epoch: 47
total val iterations: 212 
average val loss 1.4273
accuracy ( less than 0.1 ): 0.1797
median val loss 0.6176
total test iterations: 212 
average test loss 1.4758
accuracy ( less than 0.1 ): 0.1851
median test loss 0.6283
Consuming time:45.81 in the epoch: 47
Best test loss is 1.47
---------------*****---------------
---------------*****---------------
Starting training the epoch: 48 
total batch: 985.921875 
batch:99 average train loss 1.4450
batch:199 average train loss 1.4414
batch:299 average train loss 1.4209
batch:399 average train loss 1.4133
batch:499 average train loss 1.4066
batch:599 average train loss 1.4102
batch:699 average train loss 1.4124
batch:799 average train loss 1.4143
batch:899 average train loss 1.4180
average train loss 1.4124
Train Consuming time:36.73 in the epoch: 48
total val iterations: 212 
average val loss 1.4273
accuracy ( less than 0.1 ): 0.1797
median val loss 0.6172
total test iterations: 212 
average test loss 1.4759
accuracy ( less than 0.1 ): 0.1848
median test loss 0.6288
Consuming time:45.46 in the epoch: 48
Best test loss is 1.47
---------------*****---------------
---------------*****---------------
Starting training the epoch: 49 
total batch: 985.921875 
batch:99 average train loss 1.4450
batch:199 average train loss 1.4413
batch:299 average train loss 1.4208
batch:399 average train loss 1.4132
batch:499 average train loss 1.4064
batch:599 average train loss 1.4100
batch:699 average train loss 1.4123
batch:799 average train loss 1.4142
batch:899 average train loss 1.4179
average train loss 1.4122
Train Consuming time:37.00 in the epoch: 49
total val iterations: 212 
average val loss 1.4274
accuracy ( less than 0.1 ): 0.1799
median val loss 0.6176
total test iterations: 212 
average test loss 1.4759
accuracy ( less than 0.1 ): 0.1849
median test loss 0.6292
Consuming time:45.84 in the epoch: 49
Best test loss is 1.47
---------------*****---------------
