os.environ: 0
1.14.0
dataset information: nodes:1439738, n_sequence:1017, n_steps:17 
===================configuration===================
dropout prob :  0.001
l2 0.05
learning rate :  0.0005
emb_learning_rate :  0.0005
observation hour [7,19]
observation threshold :  3600
prediction time :  86400
cascade length [5,1000]
model save at : ../model_save/deephawkes/weibo/
===================configuration===================
---------***---------
Number: 41474, Max: 15.170433674656016 and Min: 0.0 label Value in Train
NUmber: 8887, Max: 15.090567326304047 and Min: 0.0 label Value in Test
NUmber: 8888, Max: 14.531381460516311 and Min: 0.0 label Value in Valid
---------***---------
41474 8887 8888
Total_parameters:72012155
finish one epoch, time1234.1591000556946
#0, Training Loss= nan, Valid Loss= 9.66102, Valid median Loss= 5.48937, Best Valid Loss= 9.66102, Test Loss= 9.83149, Test median  Loss= 5.56792, Best Test Loss= 9.83149
 Val Loss mSEL:5.489374, Test Loss mSEL:5.567923,
 Val acc:0.057292, Test acc:0.059669,
 Val Loss mape:13.502302, Test Loss mape:12.993065,

finish one epoch, time2977.8470458984375
#1, Training Loss= nan, Valid Loss= 3.57564, Valid median Loss= 1.32186, Best Valid Loss= 3.57564, Test Loss= 3.50974, Test median  Loss= 1.32223, Best Test Loss= 3.50974
 Val Loss mSEL:1.321860, Test Loss mSEL:1.322235,
 Val acc:0.400815, Test acc:0.405684,
 Val Loss mape:23.313417, Test Loss mape:20.896842,

finish one epoch, time4795.58105802536
#2, Training Loss= nan, Valid Loss= 3.26712, Valid median Loss= 1.13359, Best Valid Loss= 3.26712, Test Loss= 3.23045, Test median  Loss= 1.11738, Best Test Loss= 3.23045
 Val Loss mSEL:1.133585, Test Loss mSEL:1.117379,
 Val acc:0.428782, Test acc:0.426404,
 Val Loss mape:21.954360, Test Loss mape:19.954766,

finish one epoch, time6605.098628759384
#3, Training Loss= nan, Valid Loss= 2.81582, Valid median Loss= 0.83622, Best Valid Loss= 2.81582, Test Loss= 2.82071, Test median  Loss= 0.85156, Best Test Loss= 2.82071
 Val Loss mSEL:0.836223, Test Loss mSEL:0.851559,
 Val acc:0.488451, Test acc:0.484488,
 Val Loss mape:20.213253, Test Loss mape:18.406941,

finish one epoch, time8397.775512695312
#4, Training Loss= nan, Valid Loss= 2.54371, Valid median Loss= 0.66986, Best Valid Loss= 2.54371, Test Loss= 2.57707, Test median  Loss= 0.69416, Best Test Loss= 2.57707
 Val Loss mSEL:0.669864, Test Loss mSEL:0.694159,
 Val acc:0.521852, Test acc:0.517097,
 Val Loss mape:17.385458, Test Loss mape:15.939701,

finish one epoch, time10193.594987869263
#5, Training Loss= nan, Valid Loss= 2.43460, Valid median Loss= 0.61040, Best Valid Loss= 2.43460, Test Loss= 2.47241, Test median  Loss= 0.64066, Best Test Loss= 2.47241
 Val Loss mSEL:0.610404, Test Loss mSEL:0.640657,
 Val acc:0.539855, Test acc:0.536572,
 Val Loss mape:17.946214, Test Loss mape:16.474921,

finish one epoch, time11979.8583111763
#6, Training Loss= nan, Valid Loss= 2.37173, Valid median Loss= 0.61918, Best Valid Loss= 2.37173, Test Loss= 2.37031, Test median  Loss= 0.66820, Best Test Loss= 2.37031
 Val Loss mSEL:0.619176, Test Loss mSEL:0.668196,
 Val acc:0.533062, Test acc:0.526495,
 Val Loss mape:16.887165, Test Loss mape:15.306373,

finish one epoch, time13762.497280359268
#7, Training Loss= nan, Valid Loss= 2.36117, Valid median Loss= 0.61194, Best Valid Loss= 2.36117, Test Loss= 2.38928, Test median  Loss= 0.63850, Best Test Loss= 2.37031
 Val Loss mSEL:0.611936, Test Loss mSEL:0.638496,
 Val acc:0.539289, Test acc:0.531250,
 Val Loss mape:16.476811, Test Loss mape:15.034174,

finish one epoch, time15462.006165742874
#8, Training Loss= nan, Valid Loss= 2.32656, Valid median Loss= 0.61044, Best Valid Loss= 2.32656, Test Loss= 2.34453, Test median  Loss= 0.62977, Best Test Loss= 2.34453
 Val Loss mSEL:0.610445, Test Loss mSEL:0.629765,
 Val acc:0.544158, Test acc:0.537024,
 Val Loss mape:17.129773, Test Loss mape:15.643040,

finish one epoch, time16858.417444467545
#9, Training Loss= nan, Valid Loss= 2.32954, Valid median Loss= 0.61530, Best Valid Loss= 2.32656, Test Loss= 2.34344, Test median  Loss= 0.64889, Best Test Loss= 2.34344
 Val Loss mSEL:0.615298, Test Loss mSEL:0.648888,
 Val acc:0.542346, Test acc:0.534873,
 Val Loss mape:16.387187, Test Loss mape:14.846765,

finish one epoch, time18421.699070453644
#10, Training Loss= nan, Valid Loss= 2.31645, Valid median Loss= 0.62115, Best Valid Loss= 2.31645, Test Loss= 2.31612, Test median  Loss= 0.63812, Best Test Loss= 2.31612
 Val Loss mSEL:0.621151, Test Loss mSEL:0.638119,
 Val acc:0.541553, Test acc:0.537138,
 Val Loss mape:17.193327, Test Loss mape:15.566272,

finish one epoch, time19900.058752298355
#11, Training Loss= nan, Valid Loss= 2.30512, Valid median Loss= 0.60127, Best Valid Loss= 2.30512, Test Loss= 2.31849, Test median  Loss= 0.63090, Best Test Loss= 2.31612
 Val Loss mSEL:0.601273, Test Loss mSEL:0.630902,
 Val acc:0.548120, Test acc:0.537364,
 Val Loss mape:16.474357, Test Loss mape:14.937962,

finish one epoch, time23019.002925634384
#12, Training Loss= nan, Valid Loss= 2.32054, Valid median Loss= 0.60548, Best Valid Loss= 2.30512, Test Loss= 2.32892, Test median  Loss= 0.62492, Best Test Loss= 2.31612
 Val Loss mSEL:0.605484, Test Loss mSEL:0.624916,
 Val acc:0.543139, Test acc:0.538270,
 Val Loss mape:17.478521, Test Loss mape:15.732786,

finish one epoch, time26248.151346206665
#13, Training Loss= nan, Valid Loss= 2.32724, Valid median Loss= 0.62467, Best Valid Loss= 2.30512, Test Loss= 2.33855, Test median  Loss= 0.66007, Best Test Loss= 2.31612
 Val Loss mSEL:0.624665, Test Loss mSEL:0.660066,
 Val acc:0.540308, Test acc:0.531250,
 Val Loss mape:16.197700, Test Loss mape:14.562410,

finish one epoch, time29447.980363845825
#14, Training Loss= nan, Valid Loss= 2.29310, Valid median Loss= 0.60385, Best Valid Loss= 2.29310, Test Loss= 2.31868, Test median  Loss= 0.61881, Best Test Loss= 2.31612
 Val Loss mSEL:0.603855, Test Loss mSEL:0.618812,
 Val acc:0.544497, Test acc:0.539289,
 Val Loss mape:16.515193, Test Loss mape:15.128034,

finish one epoch, time33299.50779938698
#15, Training Loss= nan, Valid Loss= 2.28960, Valid median Loss= 0.60365, Best Valid Loss= 2.28960, Test Loss= 2.31089, Test median  Loss= 0.63443, Best Test Loss= 2.31089
 Val Loss mSEL:0.603653, Test Loss mSEL:0.634430,
 Val acc:0.543705, Test acc:0.536572,
 Val Loss mape:16.402258, Test Loss mape:15.032364,

finish one epoch, time38057.842861652374
#16, Training Loss= nan, Valid Loss= 2.33435, Valid median Loss= 0.62173, Best Valid Loss= 2.28960, Test Loss= 2.32816, Test median  Loss= 0.63707, Best Test Loss= 2.31089
 Val Loss mSEL:0.621733, Test Loss mSEL:0.637068,
 Val acc:0.543705, Test acc:0.537364,
 Val Loss mape:17.374384, Test Loss mape:15.726780,

finish one epoch, time41737.87103867531
#17, Training Loss= nan, Valid Loss= 2.28672, Valid median Loss= 0.62509, Best Valid Loss= 2.28672, Test Loss= 2.30830, Test median  Loss= 0.65453, Best Test Loss= 2.30830
 Val Loss mSEL:0.625087, Test Loss mSEL:0.654529,
 Val acc:0.539176, Test acc:0.532269,
 Val Loss mape:15.859176, Test Loss mape:14.280525,

finish one epoch, time44950.144542217255
#18, Training Loss= nan, Valid Loss= 2.28142, Valid median Loss= 0.62055, Best Valid Loss= 2.28142, Test Loss= 2.31187, Test median  Loss= 0.64783, Best Test Loss= 2.30830
 Val Loss mSEL:0.620545, Test Loss mSEL:0.647829,
 Val acc:0.538270, Test acc:0.534307,
 Val Loss mape:15.827695, Test Loss mape:14.430237,

finish one epoch, time48932.493007183075
#19, Training Loss= nan, Valid Loss= 2.27916, Valid median Loss= 0.61736, Best Valid Loss= 2.27916, Test Loss= 2.31322, Test median  Loss= 0.63253, Best Test Loss= 2.30830
 Val Loss mSEL:0.617365, Test Loss mSEL:0.632529,
 Val acc:0.542233, Test acc:0.534873,
 Val Loss mape:15.943804, Test Loss mape:14.545291,

finish one epoch, time52892.09247851372
#20, Training Loss= nan, Valid Loss= 2.26939, Valid median Loss= 0.61134, Best Valid Loss= 2.26939, Test Loss= 2.31138, Test median  Loss= 0.63212, Best Test Loss= 2.30830
 Val Loss mSEL:0.611341, Test Loss mSEL:0.632119,
 Val acc:0.543818, Test acc:0.535892,
 Val Loss mape:16.050619, Test Loss mape:14.742241,

finish one epoch, time57173.35137104988
#21, Training Loss= nan, Valid Loss= 2.28318, Valid median Loss= 0.60731, Best Valid Loss= 2.26939, Test Loss= 2.30466, Test median  Loss= 0.63216, Best Test Loss= 2.30466
 Val Loss mSEL:0.607312, Test Loss mSEL:0.632163,
 Val acc:0.544271, Test acc:0.541327,
 Val Loss mape:16.447396, Test Loss mape:14.911086,

finish one epoch, time60720.439615011215
#22, Training Loss= nan, Valid Loss= 2.27758, Valid median Loss= 0.62257, Best Valid Loss= 2.26939, Test Loss= 2.30955, Test median  Loss= 0.64571, Best Test Loss= 2.30466
 Val Loss mSEL:0.622574, Test Loss mSEL:0.645710,
 Val acc:0.540874, Test acc:0.537930,
 Val Loss mape:16.137428, Test Loss mape:14.850487,

finish one epoch, time63311.39737081528
#23, Training Loss= nan, Valid Loss= 2.27092, Valid median Loss= 0.60876, Best Valid Loss= 2.26939, Test Loss= 2.29642, Test median  Loss= 0.61842, Best Test Loss= 2.29642
 Val Loss mSEL:0.608762, Test Loss mSEL:0.618422,
 Val acc:0.545290, Test acc:0.541327,
 Val Loss mape:16.407171, Test Loss mape:14.970534,

finish one epoch, time65741.93255901337
#24, Training Loss= nan, Valid Loss= 2.27188, Valid median Loss= 0.62062, Best Valid Loss= 2.26939, Test Loss= 2.30305, Test median  Loss= 0.62413, Best Test Loss= 2.29642
 Val Loss mSEL:0.620619, Test Loss mSEL:0.624128,
 Val acc:0.541101, Test acc:0.539629,
 Val Loss mape:16.034436, Test Loss mape:14.606734,

finish one epoch, time68175.17611861229
#25, Training Loss= nan, Valid Loss= 2.31077, Valid median Loss= 0.61260, Best Valid Loss= 2.26939, Test Loss= 2.34940, Test median  Loss= 0.62643, Best Test Loss= 2.29642
 Val Loss mSEL:0.612603, Test Loss mSEL:0.626428,
 Val acc:0.544044, Test acc:0.539515,
 Val Loss mape:16.469147, Test Loss mape:15.021347,

finish one epoch, time70594.88307642937
#26, Training Loss= nan, Valid Loss= 2.31782, Valid median Loss= 0.63281, Best Valid Loss= 2.26939, Test Loss= 2.34411, Test median  Loss= 0.65880, Best Test Loss= 2.29642
 Val Loss mSEL:0.632811, Test Loss mSEL:0.658798,
 Val acc:0.532609, Test acc:0.527287,
 Val Loss mape:15.213546, Test Loss mape:13.913254,

finish one epoch, time72569.41671061516
#27, Training Loss= nan, Valid Loss= 2.27246, Valid median Loss= 0.61987, Best Valid Loss= 2.26939, Test Loss= 2.31321, Test median  Loss= 0.64576, Best Test Loss= 2.29642
 Val Loss mSEL:0.619872, Test Loss mSEL:0.645763,
 Val acc:0.540082, Test acc:0.533288,
 Val Loss mape:15.665557, Test Loss mape:14.225199,

Finished!
----------------------------------------------------------------
Time: 73060.81141519547
Valid Loss: 2.2693863
Test Loss: 2.2964237
