os.environ: 0
1.14.0
dataset information: nodes:1979549, n_sequence:1020, n_steps:26 
===================configuration===================
dropout prob :  0.001
l2 0.05
learning rate :  0.0005
emb_learning_rate :  0.0005
observation hour [7,19]
observation threshold :  10800
prediction time :  86400
cascade length [5,1000]
model save at : ../model_save/deephawkes/weibo/
===================configuration===================
---------***---------
Number: 46774, Max: 14.508475697029567 and Min: 0.0 label Value in Train
NUmber: 10023, Max: 15.003210437026794 and Min: 0.0 label Value in Test
NUmber: 10024, Max: 15.170433674656016 and Min: 0.0 label Value in Valid
---------***---------
46774 10023 10024
Total_parameters:99002705
finish one epoch, time934.5736384391785
#0, Training Loss= nan, Valid Loss= 5.21992, Valid median Loss= 2.54298, Best Valid Loss= 5.21992, Test Loss= 5.40546, Test median  Loss= 2.55509, Best Test Loss= 5.40546
 Val Loss mSEL:2.542980, Test Loss mSEL:2.555088,
 Val acc:0.124499, Test acc:0.122796,
 Val Loss mape:17.852348, Test Loss mape:18.898963,

finish one epoch, time2163.4940559864044
#1, Training Loss= nan, Valid Loss= 3.14398, Valid median Loss= 1.12658, Best Valid Loss= 3.14398, Test Loss= 3.31550, Test median  Loss= 1.16807, Best Test Loss= 3.31550
 Val Loss mSEL:1.126582, Test Loss mSEL:1.168072,
 Val acc:0.358674, Test acc:0.346955,
 Val Loss mape:28.680457, Test Loss mape:30.204320,

finish one epoch, time3389.6091248989105
#2, Training Loss= nan, Valid Loss= 3.13690, Valid median Loss= 1.11061, Best Valid Loss= 3.13690, Test Loss= 3.29137, Test median  Loss= 1.16643, Best Test Loss= 3.29137
 Val Loss mSEL:1.110608, Test Loss mSEL:1.166434,
 Val acc:0.347957, Test acc:0.341847,
 Val Loss mape:28.290222, Test Loss mape:29.409404,

finish one epoch, time4609.310597896576
#3, Training Loss= nan, Valid Loss= 3.11654, Valid median Loss= 1.12445, Best Valid Loss= 3.11654, Test Loss= 3.25163, Test median  Loss= 1.17958, Best Test Loss= 3.25163
 Val Loss mSEL:1.124447, Test Loss mSEL:1.179583,
 Val acc:0.343850, Test acc:0.333934,
 Val Loss mape:27.835436, Test Loss mape:29.088433,

finish one epoch, time5831.910846948624
#4, Training Loss= nan, Valid Loss= 2.82988, Valid median Loss= 1.03816, Best Valid Loss= 2.82988, Test Loss= 2.98732, Test median  Loss= 1.07616, Best Test Loss= 2.98732
 Val Loss mSEL:1.038163, Test Loss mSEL:1.076162,
 Val acc:0.359976, Test acc:0.354167,
 Val Loss mape:25.836173, Test Loss mape:27.054289,

finish one epoch, time7064.10577750206
#5, Training Loss= nan, Valid Loss= 2.32557, Valid median Loss= 0.70801, Best Valid Loss= 2.32557, Test Loss= 2.47211, Test median  Loss= 0.72688, Best Test Loss= 2.47211
 Val Loss mSEL:0.708007, Test Loss mSEL:0.726876,
 Val acc:0.443409, Test acc:0.437901,
 Val Loss mape:23.369310, Test Loss mape:25.025773,

finish one epoch, time8298.243066072464
#6, Training Loss= nan, Valid Loss= 2.24821, Valid median Loss= 0.71780, Best Valid Loss= 2.24821, Test Loss= 2.38837, Test median  Loss= 0.73086, Best Test Loss= 2.38837
 Val Loss mSEL:0.717804, Test Loss mSEL:0.730858,
 Val acc:0.425180, Test acc:0.424780,
 Val Loss mape:20.945311, Test Loss mape:22.566631,

finish one epoch, time9528.260648727417
#7, Training Loss= nan, Valid Loss= 2.15987, Valid median Loss= 0.62647, Best Valid Loss= 2.15987, Test Loss= 2.30810, Test median  Loss= 0.63632, Best Test Loss= 2.30810
 Val Loss mSEL:0.626466, Test Loss mSEL:0.636315,
 Val acc:0.452624, Test acc:0.448618,
 Val Loss mape:22.127078, Test Loss mape:23.753888,

finish one epoch, time10756.584527730942
#8, Training Loss= nan, Valid Loss= 2.14688, Valid median Loss= 0.67022, Best Valid Loss= 2.14688, Test Loss= 2.29978, Test median  Loss= 0.66735, Best Test Loss= 2.29978
 Val Loss mSEL:0.670224, Test Loss mSEL:0.667348,
 Val acc:0.438702, Test acc:0.441607,
 Val Loss mape:19.874960, Test Loss mape:21.693055,

finish one epoch, time11998.142350912094
#9, Training Loss= nan, Valid Loss= 2.14674, Valid median Loss= 0.66976, Best Valid Loss= 2.14674, Test Loss= 2.29036, Test median  Loss= 0.66370, Best Test Loss= 2.29036
 Val Loss mSEL:0.669764, Test Loss mSEL:0.663704,
 Val acc:0.438902, Test acc:0.436999,
 Val Loss mape:20.126845, Test Loss mape:21.830812,

finish one epoch, time13231.735554933548
#10, Training Loss= nan, Valid Loss= 2.13758, Valid median Loss= 0.64660, Best Valid Loss= 2.13758, Test Loss= 2.28050, Test median  Loss= 0.65176, Best Test Loss= 2.28050
 Val Loss mSEL:0.646598, Test Loss mSEL:0.651758,
 Val acc:0.449519, Test acc:0.447216,
 Val Loss mape:21.351205, Test Loss mape:22.981215,

finish one epoch, time14469.05853509903
#11, Training Loss= nan, Valid Loss= 2.14213, Valid median Loss= 0.62300, Best Valid Loss= 2.13758, Test Loss= 2.28116, Test median  Loss= 0.63278, Best Test Loss= 2.28050
 Val Loss mSEL:0.622995, Test Loss mSEL:0.632779,
 Val acc:0.453325, Test acc:0.447917,
 Val Loss mape:22.200727, Test Loss mape:23.749187,

finish one epoch, time15705.425671100616
#12, Training Loss= nan, Valid Loss= 2.12269, Valid median Loss= 0.66864, Best Valid Loss= 2.12269, Test Loss= 2.27053, Test median  Loss= 0.65306, Best Test Loss= 2.27053
 Val Loss mSEL:0.668644, Test Loss mSEL:0.653063,
 Val acc:0.444712, Test acc:0.441506,
 Val Loss mape:19.951571, Test Loss mape:21.585820,

finish one epoch, time16938.613556861877
#13, Training Loss= nan, Valid Loss= 2.12165, Valid median Loss= 0.65962, Best Valid Loss= 2.12165, Test Loss= 2.25997, Test median  Loss= 0.65858, Best Test Loss= 2.25997
 Val Loss mSEL:0.659621, Test Loss mSEL:0.658577,
 Val acc:0.447115, Test acc:0.444411,
 Val Loss mape:19.967495, Test Loss mape:21.657244,

finish one epoch, time18178.358348846436
#14, Training Loss= nan, Valid Loss= 2.10579, Valid median Loss= 0.65527, Best Valid Loss= 2.10579, Test Loss= 2.26183, Test median  Loss= 0.66286, Best Test Loss= 2.25997
 Val Loss mSEL:0.655273, Test Loss mSEL:0.662862,
 Val acc:0.446414, Test acc:0.441306,
 Val Loss mape:20.514297, Test Loss mape:22.049368,

finish one epoch, time19418.352351665497
#15, Training Loss= nan, Valid Loss= 2.13032, Valid median Loss= 0.65650, Best Valid Loss= 2.10579, Test Loss= 2.27720, Test median  Loss= 0.66513, Best Test Loss= 2.25997
 Val Loss mSEL:0.656495, Test Loss mSEL:0.665135,
 Val acc:0.444411, Test acc:0.439603,
 Val Loss mape:19.703584, Test Loss mape:21.529515,

finish one epoch, time20666.946897506714
#16, Training Loss= nan, Valid Loss= 2.10627, Valid median Loss= 0.65326, Best Valid Loss= 2.10579, Test Loss= 2.26123, Test median  Loss= 0.64642, Best Test Loss= 2.25997
 Val Loss mSEL:0.653260, Test Loss mSEL:0.646422,
 Val acc:0.447416, Test acc:0.445212,
 Val Loss mape:21.020964, Test Loss mape:22.586622,

finish one epoch, time21910.82187104225
#17, Training Loss= nan, Valid Loss= 2.11831, Valid median Loss= 0.66853, Best Valid Loss= 2.10579, Test Loss= 2.25878, Test median  Loss= 0.66382, Best Test Loss= 2.25878
 Val Loss mSEL:0.668526, Test Loss mSEL:0.663819,
 Val acc:0.445212, Test acc:0.444411,
 Val Loss mape:20.570040, Test Loss mape:22.189214,

finish one epoch, time23152.476260900497
#18, Training Loss= nan, Valid Loss= 2.11078, Valid median Loss= 0.65119, Best Valid Loss= 2.10579, Test Loss= 2.25934, Test median  Loss= 0.65157, Best Test Loss= 2.25878
 Val Loss mSEL:0.651193, Test Loss mSEL:0.651571,
 Val acc:0.445913, Test acc:0.441607,
 Val Loss mape:20.507892, Test Loss mape:22.220928,

finish one epoch, time24387.60586643219
#19, Training Loss= nan, Valid Loss= 2.13152, Valid median Loss= 0.67190, Best Valid Loss= 2.10579, Test Loss= 2.27525, Test median  Loss= 0.67236, Best Test Loss= 2.25878
 Val Loss mSEL:0.671900, Test Loss mSEL:0.672360,
 Val acc:0.438301, Test acc:0.432392,
 Val Loss mape:19.213604, Test Loss mape:20.899247,

finish one epoch, time25647.89271092415
#20, Training Loss= nan, Valid Loss= 2.10142, Valid median Loss= 0.64988, Best Valid Loss= 2.10142, Test Loss= 2.25696, Test median  Loss= 0.64733, Best Test Loss= 2.25696
 Val Loss mSEL:0.649883, Test Loss mSEL:0.647329,
 Val acc:0.447716, Test acc:0.442007,
 Val Loss mape:20.477728, Test Loss mape:22.066376,

finish one epoch, time26901.490425109863
#21, Training Loss= nan, Valid Loss= 2.11098, Valid median Loss= 0.66009, Best Valid Loss= 2.10142, Test Loss= 2.26684, Test median  Loss= 0.66602, Best Test Loss= 2.25696
 Val Loss mSEL:0.660089, Test Loss mSEL:0.666020,
 Val acc:0.447216, Test acc:0.441707,
 Val Loss mape:20.474369, Test Loss mape:22.034002,

finish one epoch, time28158.797440052032
#22, Training Loss= nan, Valid Loss= 2.11892, Valid median Loss= 0.65453, Best Valid Loss= 2.10142, Test Loss= 2.28049, Test median  Loss= 0.66604, Best Test Loss= 2.25696
 Val Loss mSEL:0.654531, Test Loss mSEL:0.666043,
 Val acc:0.450721, Test acc:0.444912,
 Val Loss mape:20.100209, Test Loss mape:21.805288,

finish one epoch, time29572.459748983383
#23, Training Loss= nan, Valid Loss= 2.10503, Valid median Loss= 0.65133, Best Valid Loss= 2.10142, Test Loss= 2.26704, Test median  Loss= 0.64905, Best Test Loss= 2.25696
 Val Loss mSEL:0.651325, Test Loss mSEL:0.649050,
 Val acc:0.446615, Test acc:0.441206,
 Val Loss mape:19.587667, Test Loss mape:21.228475,

finish one epoch, time30999.793427705765
#24, Training Loss= nan, Valid Loss= 2.08952, Valid median Loss= 0.66028, Best Valid Loss= 2.08952, Test Loss= 2.26541, Test median  Loss= 0.67777, Best Test Loss= 2.25696
 Val Loss mSEL:0.660279, Test Loss mSEL:0.677772,
 Val acc:0.450421, Test acc:0.445813,
 Val Loss mape:20.348795, Test Loss mape:21.988354,

finish one epoch, time32229.949764490128
#25, Training Loss= nan, Valid Loss= 2.10525, Valid median Loss= 0.64473, Best Valid Loss= 2.08952, Test Loss= 2.25657, Test median  Loss= 0.65266, Best Test Loss= 2.25657
 Val Loss mSEL:0.644730, Test Loss mSEL:0.652656,
 Val acc:0.449319, Test acc:0.442909,
 Val Loss mape:20.609245, Test Loss mape:22.146617,

finish one epoch, time33456.88933157921
#26, Training Loss= nan, Valid Loss= 2.11269, Valid median Loss= 0.64244, Best Valid Loss= 2.08952, Test Loss= 2.26801, Test median  Loss= 0.64135, Best Test Loss= 2.25657
 Val Loss mSEL:0.642437, Test Loss mSEL:0.641354,
 Val acc:0.452324, Test acc:0.448017,
 Val Loss mape:20.228670, Test Loss mape:22.120793,

Finished!
----------------------------------------------------------------
Time: 34079.02852296829
Valid Loss: 2.0895224
Test Loss: 2.2565727
