os.environ: 0
1.14.0
dataset information: nodes:504281, n_sequence:120, n_steps:16 
===================configuration===================
dropout prob :  0.001
l2 0.05
learning rate :  0.0005
emb_learning_rate :  0.0005
observation hour [7,19]
observation threshold :  7
prediction time :  86400
cascade length [10,100]
model save at : ../model_save/deephawkes/dblp/
===================configuration===================
---------***---------
Number: 56612, Max: 12.243471538396332 and Min: 0.0 label Value in Train
NUmber: 12131, Max: 10.386940245324311 and Min: 0.0 label Value in Test
NUmber: 12132, Max: 11.90651484484695 and Min: 0.0 label Value in Valid
---------***---------
56612 12131 12132
Total_parameters:25239306
finish one epoch, time1377.3241753578186
#0, Training Loss= nan, Valid Loss= 2.58760, Valid median Loss= 1.13137, Best Valid Loss= 2.58760, Test Loss= 2.57818, Test median  Loss= 1.17939, Best Test Loss= 2.57818
 Val Loss mSEL:1.131366, Test Loss mSEL:1.179386,
 Val acc:0.379904, Test acc:0.376662,
 Val Loss mape:5.988352, Test Loss mape:5.678085,

finish one epoch, time3877.9994699954987
#1, Training Loss= nan, Valid Loss= 1.76140, Valid median Loss= 0.75328, Best Valid Loss= 1.76140, Test Loss= 1.74285, Test median  Loss= 0.74767, Best Test Loss= 1.74285
 Val Loss mSEL:0.753282, Test Loss mSEL:0.747666,
 Val acc:0.497507, Test acc:0.502826,
 Val Loss mape:6.995835, Test Loss mape:6.569183,

finish one epoch, time7264.749515295029
#2, Training Loss= nan, Valid Loss= 1.72260, Valid median Loss= 0.72902, Best Valid Loss= 1.72260, Test Loss= 1.69872, Test median  Loss= 0.72536, Best Test Loss= 1.69872
 Val Loss mSEL:0.729021, Test Loss mSEL:0.725357,
 Val acc:0.502909, Test acc:0.513713,
 Val Loss mape:6.835785, Test Loss mape:6.550827,

finish one epoch, time10276.68482041359
#3, Training Loss= nan, Valid Loss= 1.71049, Valid median Loss= 0.72363, Best Valid Loss= 1.71049, Test Loss= 1.68646, Test median  Loss= 0.71518, Best Test Loss= 1.68646
 Val Loss mSEL:0.723633, Test Loss mSEL:0.715183,
 Val acc:0.504654, Test acc:0.515459,
 Val Loss mape:6.911651, Test Loss mape:6.559199,

finish one epoch, time12882.217942714691
#4, Training Loss= nan, Valid Loss= 1.69711, Valid median Loss= 0.71753, Best Valid Loss= 1.69711, Test Loss= 1.68228, Test median  Loss= 0.73148, Best Test Loss= 1.68228
 Val Loss mSEL:0.717528, Test Loss mSEL:0.731477,
 Val acc:0.508976, Test acc:0.514711,
 Val Loss mape:6.969702, Test Loss mape:6.539412,

finish one epoch, time15177.279074668884
#5, Training Loss= nan, Valid Loss= 1.71054, Valid median Loss= 0.72365, Best Valid Loss= 1.69711, Test Loss= 1.67705, Test median  Loss= 0.72023, Best Test Loss= 1.67705
 Val Loss mSEL:0.723647, Test Loss mSEL:0.720227,
 Val acc:0.505652, Test acc:0.511553,
 Val Loss mape:6.974717, Test Loss mape:6.575584,

finish one epoch, time17477.655705690384
#6, Training Loss= nan, Valid Loss= 1.69591, Valid median Loss= 0.71869, Best Valid Loss= 1.69591, Test Loss= 1.67230, Test median  Loss= 0.71836, Best Test Loss= 1.67230
 Val Loss mSEL:0.718691, Test Loss mSEL:0.718364,
 Val acc:0.506649, Test acc:0.511885,
 Val Loss mape:6.784120, Test Loss mape:6.418925,

finish one epoch, time20511.542141199112
#7, Training Loss= nan, Valid Loss= 1.69409, Valid median Loss= 0.71825, Best Valid Loss= 1.69409, Test Loss= 1.66828, Test median  Loss= 0.71705, Best Test Loss= 1.66828
 Val Loss mSEL:0.718249, Test Loss mSEL:0.717050,
 Val acc:0.509392, Test acc:0.512467,
 Val Loss mape:6.872713, Test Loss mape:6.526845,

finish one epoch, time23217.801959991455
#8, Training Loss= nan, Valid Loss= 1.68982, Valid median Loss= 0.70633, Best Valid Loss= 1.68982, Test Loss= 1.66065, Test median  Loss= 0.71535, Best Test Loss= 1.66065
 Val Loss mSEL:0.706325, Test Loss mSEL:0.715351,
 Val acc:0.509807, Test acc:0.514295,
 Val Loss mape:6.908132, Test Loss mape:6.459740,

finish one epoch, time26285.376246213913
#9, Training Loss= nan, Valid Loss= 1.68768, Valid median Loss= 0.71469, Best Valid Loss= 1.68768, Test Loss= 1.66264, Test median  Loss= 0.71501, Best Test Loss= 1.66065
 Val Loss mSEL:0.714694, Test Loss mSEL:0.715008,
 Val acc:0.512467, Test acc:0.518949,
 Val Loss mape:6.956178, Test Loss mape:6.470069,

finish one epoch, time29361.971860170364
#10, Training Loss= nan, Valid Loss= 1.69324, Valid median Loss= 0.71043, Best Valid Loss= 1.68768, Test Loss= 1.66968, Test median  Loss= 0.71637, Best Test Loss= 1.66065
 Val Loss mSEL:0.710429, Test Loss mSEL:0.716373,
 Val acc:0.506483, Test acc:0.508477,
 Val Loss mape:6.905879, Test Loss mape:6.477899,

finish one epoch, time31932.319152355194
#11, Training Loss= nan, Valid Loss= 1.68769, Valid median Loss= 0.70888, Best Valid Loss= 1.68768, Test Loss= 1.67164, Test median  Loss= 0.70492, Best Test Loss= 1.66065
 Val Loss mSEL:0.708876, Test Loss mSEL:0.704924,
 Val acc:0.513381, Test acc:0.522856,
 Val Loss mape:7.052752, Test Loss mape:6.643398,

finish one epoch, time33960.75794124603
#12, Training Loss= nan, Valid Loss= 1.69272, Valid median Loss= 0.71650, Best Valid Loss= 1.68768, Test Loss= 1.66655, Test median  Loss= 0.72808, Best Test Loss= 1.66065
 Val Loss mSEL:0.716502, Test Loss mSEL:0.728079,
 Val acc:0.506400, Test acc:0.510805,
 Val Loss mape:6.853148, Test Loss mape:6.323227,

finish one epoch, time35605.38116669655
#13, Training Loss= nan, Valid Loss= 1.69234, Valid median Loss= 0.71189, Best Valid Loss= 1.68768, Test Loss= 1.67045, Test median  Loss= 0.72503, Best Test Loss= 1.66065
 Val Loss mSEL:0.711889, Test Loss mSEL:0.725027,
 Val acc:0.506233, Test acc:0.510057,
 Val Loss mape:6.819342, Test Loss mape:6.456929,

finish one epoch, time37362.07568645477
#14, Training Loss= nan, Valid Loss= 1.70872, Valid median Loss= 0.72824, Best Valid Loss= 1.68768, Test Loss= 1.67936, Test median  Loss= 0.72677, Best Test Loss= 1.66065
 Val Loss mSEL:0.728236, Test Loss mSEL:0.726773,
 Val acc:0.500416, Test acc:0.505652,
 Val Loss mape:6.681088, Test Loss mape:6.286556,

finish one epoch, time39111.781010866165
#15, Training Loss= nan, Valid Loss= 1.69112, Valid median Loss= 0.70657, Best Valid Loss= 1.68768, Test Loss= 1.66330, Test median  Loss= 0.71832, Best Test Loss= 1.66065
 Val Loss mSEL:0.706572, Test Loss mSEL:0.718324,
 Val acc:0.510389, Test acc:0.513880,
 Val Loss mape:6.977075, Test Loss mape:6.550479,

finish one epoch, time40871.7820584774
#16, Training Loss= nan, Valid Loss= 1.69270, Valid median Loss= 0.71749, Best Valid Loss= 1.68768, Test Loss= 1.66180, Test median  Loss= 0.72164, Best Test Loss= 1.66065
 Val Loss mSEL:0.717488, Test Loss mSEL:0.721643,
 Val acc:0.507896, Test acc:0.512134,
 Val Loss mape:6.893326, Test Loss mape:6.381163,

Finished!
----------------------------------------------------------------
Time: 41357.25404047966
Valid Loss: 1.68768
Test Loss: 1.6606498
