===================configuration===================
learning rate :0.001 
num_mlp_layers : 1
num_layers : 2
gnn input_features : 100
gnn output_features : 64
input of rnn/transformer : 64
hidden_size (out put of rnn/tranformer) : 64
observation hour [7,19]
observation interval : 120
observation threshold : 1800
prediction time : 86400
cascade length [10,100]
model save at : ../model_save/cas2vec/citation1/
====bidirected: True, attention: GAT, gcn_type: self, rnn: gru====
===================configuration===================
len(Y_train), len(Y_valid), len(Y_test): 30764 6593 6593
train: max, min:  11.527966 0.0
val: max, min:  9.108524 0.0
test: max, min:  10.895576 0.0
preparing time:54.587175369262695
total parameters 86015
---------------*****---------------
Starting training the epoch: 0 
total batch: 480.6875 
batch:99 average train loss 2.3099
batch:199 average train loss 1.9639
batch:299 average train loss 1.8158
batch:399 average train loss 1.7407
average train loss 1.6800
Train Consuming time:294.43 in the epoch: 0
total val iterations: 104 
average val loss 1.4156
 Val Loss mSEL:0.602414
 Val acc:0.503034
 Val Loss mape:0.381364

total test iterations: 104 
average test loss 1.5116
Test Loss mSEL:0.628656,
Test acc:0.486499,
Test Loss mape:0.405692,

Consuming time:406.66 in the epoch: 0
Best test loss is 1.51
---------------*****---------------
---------------*****---------------
Starting training the epoch: 1 
total batch: 480.6875 
batch:99 average train loss 1.4334
batch:199 average train loss 1.4287
batch:299 average train loss 1.4252
batch:399 average train loss 1.4287
average train loss 1.4118
Train Consuming time:22.60 in the epoch: 1
total val iterations: 104 
average val loss 1.3658
 Val Loss mSEL:0.576401
 Val acc:0.506220
 Val Loss mape:0.369811

total test iterations: 104 
average test loss 1.4500
Test Loss mSEL:0.600816,
Test acc:0.494691,
Test Loss mape:0.391731,

Consuming time:28.44 in the epoch: 1
Best test loss is 1.45
---------------*****---------------
---------------*****---------------
Starting training the epoch: 2 
total batch: 480.6875 
batch:99 average train loss 1.3989
batch:199 average train loss 1.3927
batch:299 average train loss 1.3896
batch:399 average train loss 1.3962
average train loss 1.3813
Train Consuming time:22.87 in the epoch: 2
total val iterations: 104 
average val loss 1.3885
 Val Loss mSEL:0.591178
 Val acc:0.496359
 Val Loss mape:0.373474

total test iterations: 104 
average test loss 1.4747
Test Loss mSEL:0.613375,
Test acc:0.491808,
Test Loss mape:0.395090,

Consuming time:28.73 in the epoch: 2
Best test loss is 1.45
---------------*****---------------
---------------*****---------------
Starting training the epoch: 3 
total batch: 480.6875 
batch:99 average train loss 1.3639
batch:199 average train loss 1.3692
batch:299 average train loss 1.3686
batch:399 average train loss 1.3762
average train loss 1.3624
Train Consuming time:22.63 in the epoch: 3
total val iterations: 104 
average val loss 1.3008
 Val Loss mSEL:0.539799
 Val acc:0.509405
 Val Loss mape:0.356186

total test iterations: 104 
average test loss 1.3884
Test Loss mSEL:0.578465,
Test acc:0.500758,
Test Loss mape:0.377698,

Consuming time:28.46 in the epoch: 3
Best test loss is 1.39
---------------*****---------------
---------------*****---------------
Starting training the epoch: 4 
total batch: 480.6875 
batch:99 average train loss 1.3398
batch:199 average train loss 1.3459
batch:299 average train loss 1.3468
batch:399 average train loss 1.3555
average train loss 1.3430
Train Consuming time:22.54 in the epoch: 4
total val iterations: 104 
average val loss 1.2938
 Val Loss mSEL:0.541624
 Val acc:0.509405
 Val Loss mape:0.354642

total test iterations: 104 
average test loss 1.3801
Test Loss mSEL:0.580060,
Test acc:0.499242,
Test Loss mape:0.375609,

Consuming time:28.54 in the epoch: 4
Best test loss is 1.38
---------------*****---------------
---------------*****---------------
Starting training the epoch: 5 
total batch: 480.6875 
batch:99 average train loss 1.3267
batch:199 average train loss 1.3331
batch:299 average train loss 1.3354
batch:399 average train loss 1.3447
average train loss 1.3309
Train Consuming time:22.94 in the epoch: 5
total val iterations: 104 
average val loss 1.2684
 Val Loss mSEL:0.528556
 Val acc:0.510922
 Val Loss mape:0.348727

total test iterations: 104 
average test loss 1.3533
Test Loss mSEL:0.573609,
Test acc:0.502731,
Test Loss mape:0.369148,

Consuming time:28.89 in the epoch: 5
Best test loss is 1.35
---------------*****---------------
---------------*****---------------
Starting training the epoch: 6 
total batch: 480.6875 
batch:99 average train loss 1.3182
batch:199 average train loss 1.3311
batch:299 average train loss 1.3321
batch:399 average train loss 1.3417
average train loss 1.3294
Train Consuming time:22.93 in the epoch: 6
total val iterations: 104 
average val loss 1.2594
 Val Loss mSEL:0.524882
 Val acc:0.512591
 Val Loss mape:0.346281

total test iterations: 104 
average test loss 1.3418
Test Loss mSEL:0.564047,
Test acc:0.501669,
Test Loss mape:0.366033,

Consuming time:28.85 in the epoch: 6
Best test loss is 1.34
---------------*****---------------
---------------*****---------------
Starting training the epoch: 7 
total batch: 480.6875 
batch:99 average train loss 1.3133
batch:199 average train loss 1.3205
batch:299 average train loss 1.3221
batch:399 average train loss 1.3342
average train loss 1.3208
Train Consuming time:22.72 in the epoch: 7
total val iterations: 104 
average val loss 1.2308
 Val Loss mSEL:0.523252
 Val acc:0.515777
 Val Loss mape:0.330175

total test iterations: 104 
average test loss 1.3008
Test Loss mSEL:0.544392,
Test acc:0.503489,
Test Loss mape:0.346985,

Consuming time:28.54 in the epoch: 7
Best test loss is 1.30
---------------*****---------------
---------------*****---------------
Starting training the epoch: 8 
total batch: 480.6875 
batch:99 average train loss 1.3095
batch:199 average train loss 1.3173
batch:299 average train loss 1.3199
batch:399 average train loss 1.3294
average train loss 1.3162
Train Consuming time:22.70 in the epoch: 8
total val iterations: 104 
average val loss 1.2388
 Val Loss mSEL:0.520321
 Val acc:0.513046
 Val Loss mape:0.338143

total test iterations: 104 
average test loss 1.3155
Test Loss mSEL:0.552250,
Test acc:0.503186,
Test Loss mape:0.356426,

Consuming time:28.37 in the epoch: 8
Best test loss is 1.30
---------------*****---------------
---------------*****---------------
Starting training the epoch: 9 
total batch: 480.6875 
batch:99 average train loss 1.2994
batch:199 average train loss 1.3087
batch:299 average train loss 1.3097
batch:399 average train loss 1.3205
average train loss 1.3077
Train Consuming time:21.75 in the epoch: 9
total val iterations: 104 
average val loss 1.2220
 Val Loss mSEL:0.536944
 Val acc:0.511074
 Val Loss mape:0.320492

total test iterations: 104 
average test loss 1.2884
Test Loss mSEL:0.535403,
Test acc:0.500000,
Test Loss mape:0.336540,

Consuming time:27.26 in the epoch: 9
Best test loss is 1.29
---------------*****---------------
---------------*****---------------
Starting training the epoch: 10 
total batch: 480.6875 
batch:99 average train loss 1.3002
batch:199 average train loss 1.3084
batch:299 average train loss 1.3101
batch:399 average train loss 1.3197
average train loss 1.3078
Train Consuming time:21.69 in the epoch: 10
total val iterations: 104 
average val loss 1.2298
 Val Loss mSEL:0.526239
 Val acc:0.516839
 Val Loss mape:0.331847

total test iterations: 104 
average test loss 1.3062
Test Loss mSEL:0.544440,
Test acc:0.499242,
Test Loss mape:0.349832,

Consuming time:27.16 in the epoch: 10
Best test loss is 1.29
---------------*****---------------
---------------*****---------------
Starting training the epoch: 11 
total batch: 480.6875 
batch:99 average train loss 1.2968
batch:199 average train loss 1.3022
batch:299 average train loss 1.3041
batch:399 average train loss 1.3162
average train loss 1.3032
Train Consuming time:21.83 in the epoch: 11
total val iterations: 104 
average val loss 1.2514
 Val Loss mSEL:0.519795
 Val acc:0.514867
 Val Loss mape:0.342966

total test iterations: 104 
average test loss 1.3333
Test Loss mSEL:0.559000,
Test acc:0.503337,
Test Loss mape:0.362196,

Consuming time:27.39 in the epoch: 11
Best test loss is 1.29
---------------*****---------------
---------------*****---------------
Starting training the epoch: 12 
total batch: 480.6875 
batch:99 average train loss 1.2957
batch:199 average train loss 1.3017
batch:299 average train loss 1.3039
batch:399 average train loss 1.3140
average train loss 1.3025
Train Consuming time:21.87 in the epoch: 12
total val iterations: 104 
average val loss 1.2459
 Val Loss mSEL:0.521343
 Val acc:0.513805
 Val Loss mape:0.340933

total test iterations: 104 
average test loss 1.3253
Test Loss mSEL:0.559366,
Test acc:0.502882,
Test Loss mape:0.359752,

Consuming time:27.80 in the epoch: 12
Best test loss is 1.29
---------------*****---------------
---------------*****---------------
Starting training the epoch: 13 
total batch: 480.6875 
batch:99 average train loss 1.2952
batch:199 average train loss 1.3011
batch:299 average train loss 1.3025
batch:399 average train loss 1.3138
average train loss 1.3018
Train Consuming time:22.85 in the epoch: 13
total val iterations: 104 
average val loss 1.2158
 Val Loss mSEL:0.522978
 Val acc:0.515473
 Val Loss mape:0.326293

total test iterations: 104 
average test loss 1.2864
Test Loss mSEL:0.532733,
Test acc:0.503792,
Test Loss mape:0.343003,

Consuming time:28.87 in the epoch: 13
Best test loss is 1.29
---------------*****---------------
---------------*****---------------
Starting training the epoch: 14 
total batch: 480.6875 
batch:99 average train loss 1.2911
batch:199 average train loss 1.2988
batch:299 average train loss 1.2996
batch:399 average train loss 1.3108
average train loss 1.2991
Train Consuming time:22.93 in the epoch: 14
total val iterations: 104 
average val loss 1.2375
 Val Loss mSEL:0.515841
 Val acc:0.516383
 Val Loss mape:0.337828

total test iterations: 104 
average test loss 1.3153
Test Loss mSEL:0.547845,
Test acc:0.503792,
Test Loss mape:0.356220,

Consuming time:28.87 in the epoch: 14
Best test loss is 1.29
---------------*****---------------
---------------*****---------------
Starting training the epoch: 15 
total batch: 480.6875 
batch:99 average train loss 1.2902
batch:199 average train loss 1.2978
batch:299 average train loss 1.2991
batch:399 average train loss 1.3118
average train loss 1.2993
Train Consuming time:22.88 in the epoch: 15
total val iterations: 104 
average val loss 1.2262
 Val Loss mSEL:0.515682
 Val acc:0.514867
 Val Loss mape:0.332773

total test iterations: 104 
average test loss 1.3010
Test Loss mSEL:0.546366,
Test acc:0.504248,
Test Loss mape:0.350378,

Consuming time:28.73 in the epoch: 15
Best test loss is 1.29
---------------*****---------------
---------------*****---------------
Starting training the epoch: 16 
total batch: 480.6875 
batch:99 average train loss 1.2875
batch:199 average train loss 1.2946
batch:299 average train loss 1.2988
batch:399 average train loss 1.3128
average train loss 1.2999
Train Consuming time:22.50 in the epoch: 16
total val iterations: 104 
average val loss 1.2158
 Val Loss mSEL:0.528651
 Val acc:0.514108
 Val Loss mape:0.321183

total test iterations: 104 
average test loss 1.2836
Test Loss mSEL:0.526682,
Test acc:0.500910,
Test Loss mape:0.337044,

Consuming time:28.26 in the epoch: 16
Best test loss is 1.28
---------------*****---------------
---------------*****---------------
Starting training the epoch: 17 
total batch: 480.6875 
batch:99 average train loss 1.2904
batch:199 average train loss 1.2970
batch:299 average train loss 1.2982
batch:399 average train loss 1.3085
average train loss 1.2969
Train Consuming time:22.64 in the epoch: 17
total val iterations: 104 
average val loss 1.2203
 Val Loss mSEL:0.533628
 Val acc:0.508040
 Val Loss mape:0.315839

total test iterations: 104 
average test loss 1.2825
Test Loss mSEL:0.529554,
Test acc:0.498180,
Test Loss mape:0.330700,

Consuming time:28.47 in the epoch: 17
Best test loss is 1.28
---------------*****---------------
---------------*****---------------
Starting training the epoch: 18 
total batch: 480.6875 
batch:99 average train loss 1.2844
batch:199 average train loss 1.2938
batch:299 average train loss 1.2959
batch:399 average train loss 1.3070
average train loss 1.2944
Train Consuming time:22.71 in the epoch: 18
total val iterations: 104 
average val loss 1.2240
 Val Loss mSEL:0.514013
 Val acc:0.514108
 Val Loss mape:0.331904

total test iterations: 104 
average test loss 1.2989
Test Loss mSEL:0.549355,
Test acc:0.502731,
Test Loss mape:0.349484,

Consuming time:28.55 in the epoch: 18
Best test loss is 1.28
---------------*****---------------
---------------*****---------------
Starting training the epoch: 19 
total batch: 480.6875 
batch:99 average train loss 1.2847
batch:199 average train loss 1.2932
batch:299 average train loss 1.2957
batch:399 average train loss 1.3063
average train loss 1.2934
Train Consuming time:22.71 in the epoch: 19
total val iterations: 104 
average val loss 1.2184
 Val Loss mSEL:0.516864
 Val acc:0.514108
 Val Loss mape:0.328612

total test iterations: 104 
average test loss 1.2913
Test Loss mSEL:0.542771,
Test acc:0.503337,
Test Loss mape:0.345735,

Consuming time:28.56 in the epoch: 19
Best test loss is 1.28
---------------*****---------------
---------------*****---------------
Starting training the epoch: 20 
total batch: 480.6875 
batch:99 average train loss 1.2668
batch:199 average train loss 1.2712
batch:299 average train loss 1.2730
batch:399 average train loss 1.2822
average train loss 1.2674
Train Consuming time:21.81 in the epoch: 20
total val iterations: 104 
average val loss 1.2097
 Val Loss mSEL:0.523722
 Val acc:0.515625
 Val Loss mape:0.319702

total test iterations: 104 
average test loss 1.2768
Test Loss mSEL:0.530311,
Test acc:0.501669,
Test Loss mape:0.335479,

Consuming time:27.51 in the epoch: 20
Best test loss is 1.28
---------------*****---------------
---------------*****---------------
Starting training the epoch: 21 
total batch: 480.6875 
batch:99 average train loss 1.2606
batch:199 average train loss 1.2676
batch:299 average train loss 1.2701
batch:399 average train loss 1.2798
average train loss 1.2653
Train Consuming time:22.12 in the epoch: 21
total val iterations: 104 
average val loss 1.2091
 Val Loss mSEL:0.523774
 Val acc:0.515018
 Val Loss mape:0.319187

total test iterations: 104 
average test loss 1.2759
Test Loss mSEL:0.532606,
Test acc:0.500758,
Test Loss mape:0.334865,

Consuming time:27.96 in the epoch: 21
Best test loss is 1.28
---------------*****---------------
---------------*****---------------
Starting training the epoch: 22 
total batch: 480.6875 
batch:99 average train loss 1.2602
batch:199 average train loss 1.2671
batch:299 average train loss 1.2697
batch:399 average train loss 1.2794
average train loss 1.2648
Train Consuming time:21.81 in the epoch: 22
total val iterations: 104 
average val loss 1.2087
 Val Loss mSEL:0.522523
 Val acc:0.515170
 Val Loss mape:0.318897

total test iterations: 104 
average test loss 1.2753
Test Loss mSEL:0.533756,
Test acc:0.501517,
Test Loss mape:0.334524,

Consuming time:27.47 in the epoch: 22
Best test loss is 1.28
---------------*****---------------
---------------*****---------------
Starting training the epoch: 23 
total batch: 480.6875 
batch:99 average train loss 1.2598
batch:199 average train loss 1.2667
batch:299 average train loss 1.2693
batch:399 average train loss 1.2790
average train loss 1.2645
Train Consuming time:22.16 in the epoch: 23
total val iterations: 104 
average val loss 1.2083
 Val Loss mSEL:0.520017
 Val acc:0.514563
 Val Loss mape:0.318680

total test iterations: 104 
average test loss 1.2749
Test Loss mSEL:0.533807,
Test acc:0.502124,
Test Loss mape:0.334275,

Consuming time:27.94 in the epoch: 23
Best test loss is 1.27
---------------*****---------------
---------------*****---------------
Starting training the epoch: 24 
total batch: 480.6875 
batch:99 average train loss 1.2596
batch:199 average train loss 1.2665
batch:299 average train loss 1.2691
batch:399 average train loss 1.2788
average train loss 1.2642
Train Consuming time:22.20 in the epoch: 24
total val iterations: 104 
average val loss 1.2081
 Val Loss mSEL:0.519772
 Val acc:0.515777
 Val Loss mape:0.318508

total test iterations: 104 
average test loss 1.2746
Test Loss mSEL:0.531567,
Test acc:0.502579,
Test Loss mape:0.334083,

Consuming time:27.85 in the epoch: 24
Best test loss is 1.27
---------------*****---------------
---------------*****---------------
Starting training the epoch: 25 
total batch: 480.6875 
batch:99 average train loss 1.2594
batch:199 average train loss 1.2662
batch:299 average train loss 1.2689
batch:399 average train loss 1.2786
average train loss 1.2640
Train Consuming time:21.76 in the epoch: 25
total val iterations: 104 
average val loss 1.2079
 Val Loss mSEL:0.519565
 Val acc:0.516080
 Val Loss mape:0.318371

total test iterations: 104 
average test loss 1.2743
Test Loss mSEL:0.529130,
Test acc:0.502579,
Test Loss mape:0.333934,

Consuming time:27.59 in the epoch: 25
Best test loss is 1.27
---------------*****---------------
---------------*****---------------
Starting training the epoch: 26 
total batch: 480.6875 
batch:99 average train loss 1.2593
batch:199 average train loss 1.2661
batch:299 average train loss 1.2688
batch:399 average train loss 1.2785
average train loss 1.2639
Train Consuming time:22.37 in the epoch: 26
total val iterations: 104 
average val loss 1.2078
 Val Loss mSEL:0.518272
 Val acc:0.517142
 Val Loss mape:0.318257

total test iterations: 104 
average test loss 1.2741
Test Loss mSEL:0.530310,
Test acc:0.502427,
Test Loss mape:0.333811,

Consuming time:28.27 in the epoch: 26
Best test loss is 1.27
---------------*****---------------
---------------*****---------------
Starting training the epoch: 27 
total batch: 480.6875 
batch:99 average train loss 1.2592
batch:199 average train loss 1.2659
batch:299 average train loss 1.2686
batch:399 average train loss 1.2784
average train loss 1.2638
Train Consuming time:22.42 in the epoch: 27
total val iterations: 104 
average val loss 1.2077
 Val Loss mSEL:0.517311
 Val acc:0.517294
 Val Loss mape:0.318164

total test iterations: 104 
average test loss 1.2740
Test Loss mSEL:0.530696,
Test acc:0.502427,
Test Loss mape:0.333711,

Consuming time:28.19 in the epoch: 27
Best test loss is 1.27
---------------*****---------------
---------------*****---------------
Starting training the epoch: 28 
total batch: 480.6875 
batch:99 average train loss 1.2591
batch:199 average train loss 1.2658
batch:299 average train loss 1.2685
batch:399 average train loss 1.2783
average train loss 1.2637
Train Consuming time:22.68 in the epoch: 28
total val iterations: 104 
average val loss 1.2076
 Val Loss mSEL:0.516854
 Val acc:0.516383
 Val Loss mape:0.318084

total test iterations: 104 
average test loss 1.2739
Test Loss mSEL:0.529655,
Test acc:0.502275,
Test Loss mape:0.333625,

Consuming time:28.55 in the epoch: 28
Best test loss is 1.27
---------------*****---------------
---------------*****---------------
Starting training the epoch: 29 
total batch: 480.6875 
batch:99 average train loss 1.2590
batch:199 average train loss 1.2657
batch:299 average train loss 1.2685
batch:399 average train loss 1.2782
average train loss 1.2636
Train Consuming time:22.49 in the epoch: 29
total val iterations: 104 
average val loss 1.2075
 Val Loss mSEL:0.518195
 Val acc:0.516535
 Val Loss mape:0.318016

total test iterations: 104 
average test loss 1.2738
Test Loss mSEL:0.530349,
Test acc:0.501669,
Test Loss mape:0.333553,

Consuming time:28.52 in the epoch: 29
Best test loss is 1.27
---------------*****---------------
---------------*****---------------
Starting training the epoch: 30 
total batch: 480.6875 
batch:99 average train loss 1.2590
batch:199 average train loss 1.2657
batch:299 average train loss 1.2684
batch:399 average train loss 1.2781
average train loss 1.2635
Train Consuming time:22.72 in the epoch: 30
total val iterations: 104 
average val loss 1.2074
 Val Loss mSEL:0.518847
 Val acc:0.516839
 Val Loss mape:0.317956

total test iterations: 104 
average test loss 1.2737
Test Loss mSEL:0.529811,
Test acc:0.501517,
Test Loss mape:0.333488,

Consuming time:28.60 in the epoch: 30
Best test loss is 1.27
---------------*****---------------
---------------*****---------------
Starting training the epoch: 31 
total batch: 480.6875 
batch:99 average train loss 1.2589
batch:199 average train loss 1.2656
batch:299 average train loss 1.2683
batch:399 average train loss 1.2781
average train loss 1.2634
Train Consuming time:22.36 in the epoch: 31
total val iterations: 104 
average val loss 1.2074
 Val Loss mSEL:0.518840
 Val acc:0.516080
 Val Loss mape:0.317902

total test iterations: 104 
average test loss 1.2736
Test Loss mSEL:0.530768,
Test acc:0.501517,
Test Loss mape:0.333431,

Consuming time:28.14 in the epoch: 31
Best test loss is 1.27
---------------*****---------------
---------------*****---------------
Starting training the epoch: 32 
total batch: 480.6875 
batch:99 average train loss 1.2589
batch:199 average train loss 1.2655
batch:299 average train loss 1.2683
batch:399 average train loss 1.2780
average train loss 1.2634
Train Consuming time:22.08 in the epoch: 32
total val iterations: 104 
average val loss 1.2074
 Val Loss mSEL:0.519415
 Val acc:0.516080
 Val Loss mape:0.317854

total test iterations: 104 
average test loss 1.2736
Test Loss mSEL:0.530610,
Test acc:0.501062,
Test Loss mape:0.333379,

Consuming time:27.78 in the epoch: 32
Best test loss is 1.27
---------------*****---------------
---------------*****---------------
Starting training the epoch: 33 
total batch: 480.6875 
batch:99 average train loss 1.2588
batch:199 average train loss 1.2655
batch:299 average train loss 1.2683
batch:399 average train loss 1.2780
average train loss 1.2633
Train Consuming time:21.87 in the epoch: 33
total val iterations: 104 
average val loss 1.2073
 Val Loss mSEL:0.519750
 Val acc:0.516080
 Val Loss mape:0.317810

total test iterations: 104 
average test loss 1.2735
Test Loss mSEL:0.530144,
Test acc:0.501062,
Test Loss mape:0.333331,

Consuming time:27.53 in the epoch: 33
Best test loss is 1.27
---------------*****---------------
---------------*****---------------
Starting training the epoch: 34 
total batch: 480.6875 
batch:99 average train loss 1.2588
batch:199 average train loss 1.2654
batch:299 average train loss 1.2682
batch:399 average train loss 1.2779
average train loss 1.2633
Train Consuming time:21.75 in the epoch: 34
total val iterations: 104 
average val loss 1.2073
 Val Loss mSEL:0.519629
 Val acc:0.515777
 Val Loss mape:0.317770

total test iterations: 104 
average test loss 1.2735
Test Loss mSEL:0.529680,
Test acc:0.501214,
Test Loss mape:0.333288,

Consuming time:27.51 in the epoch: 34
Best test loss is 1.27
---------------*****---------------
---------------*****---------------
Starting training the epoch: 35 
total batch: 480.6875 
batch:99 average train loss 1.2588
batch:199 average train loss 1.2654
batch:299 average train loss 1.2682
batch:399 average train loss 1.2779
average train loss 1.2633
Train Consuming time:21.86 in the epoch: 35
total val iterations: 104 
average val loss 1.2073
 Val Loss mSEL:0.519772
 Val acc:0.515928
 Val Loss mape:0.317734

total test iterations: 104 
average test loss 1.2734
Test Loss mSEL:0.529303,
Test acc:0.501214,
Test Loss mape:0.333249,

Consuming time:27.54 in the epoch: 35
Best test loss is 1.27
---------------*****---------------
---------------*****---------------
Starting training the epoch: 36 
total batch: 480.6875 
batch:99 average train loss 1.2588
batch:199 average train loss 1.2654
batch:299 average train loss 1.2682
batch:399 average train loss 1.2779
average train loss 1.2632
Train Consuming time:21.72 in the epoch: 36
total val iterations: 104 
average val loss 1.2073
 Val Loss mSEL:0.520072
 Val acc:0.516232
 Val Loss mape:0.317701

total test iterations: 104 
average test loss 1.2734
Test Loss mSEL:0.528399,
Test acc:0.501062,
Test Loss mape:0.333212,

Consuming time:27.48 in the epoch: 36
Best test loss is 1.27
---------------*****---------------
---------------*****---------------
Starting training the epoch: 37 
total batch: 480.6875 
batch:99 average train loss 1.2588
batch:199 average train loss 1.2653
batch:299 average train loss 1.2681
batch:399 average train loss 1.2779
average train loss 1.2632
Train Consuming time:22.08 in the epoch: 37
total val iterations: 104 
average val loss 1.2073
 Val Loss mSEL:0.519869
 Val acc:0.516232
 Val Loss mape:0.317672

total test iterations: 104 
average test loss 1.2733
Test Loss mSEL:0.527692,
Test acc:0.500758,
Test Loss mape:0.333180,

Consuming time:27.70 in the epoch: 37
Best test loss is 1.27
---------------*****---------------
---------------*****---------------
Starting training the epoch: 38 
total batch: 480.6875 
batch:99 average train loss 1.2587
batch:199 average train loss 1.2653
batch:299 average train loss 1.2681
batch:399 average train loss 1.2778
average train loss 1.2632
Train Consuming time:22.00 in the epoch: 38
total val iterations: 104 
average val loss 1.2072
 Val Loss mSEL:0.520135
 Val acc:0.516232
 Val Loss mape:0.317644

total test iterations: 104 
average test loss 1.2733
Test Loss mSEL:0.527314,
Test acc:0.500607,
Test Loss mape:0.333149,

Consuming time:27.90 in the epoch: 38
Best test loss is 1.27
---------------*****---------------
---------------*****---------------
Starting training the epoch: 39 
total batch: 480.6875 
batch:99 average train loss 1.2587
batch:199 average train loss 1.2653
batch:299 average train loss 1.2681
batch:399 average train loss 1.2778
average train loss 1.2631
Train Consuming time:22.48 in the epoch: 39
total val iterations: 104 
average val loss 1.2072
 Val Loss mSEL:0.520548
 Val acc:0.516535
 Val Loss mape:0.317620

total test iterations: 104 
average test loss 1.2732
Test Loss mSEL:0.527476,
Test acc:0.500607,
Test Loss mape:0.333122,

Consuming time:28.42 in the epoch: 39
Best test loss is 1.27
---------------*****---------------
---------------*****---------------
Starting training the epoch: 40 
total batch: 480.6875 
batch:99 average train loss 1.2587
batch:199 average train loss 1.2653
batch:299 average train loss 1.2681
batch:399 average train loss 1.2778
average train loss 1.2631
Train Consuming time:22.66 in the epoch: 40
total val iterations: 104 
average val loss 1.2072
 Val Loss mSEL:0.520607
 Val acc:0.516232
 Val Loss mape:0.317597

total test iterations: 104 
average test loss 1.2732
Test Loss mSEL:0.526939,
Test acc:0.500455,
Test Loss mape:0.333097,

Consuming time:28.62 in the epoch: 40
Best test loss is 1.27
---------------*****---------------
---------------*****---------------
Starting training the epoch: 41 
total batch: 480.6875 
batch:99 average train loss 1.2587
batch:199 average train loss 1.2652
batch:299 average train loss 1.2680
batch:399 average train loss 1.2778
average train loss 1.2631
Train Consuming time:22.53 in the epoch: 41
total val iterations: 104 
average val loss 1.2072
 Val Loss mSEL:0.520566
 Val acc:0.516535
 Val Loss mape:0.317575

total test iterations: 104 
average test loss 1.2732
Test Loss mSEL:0.526411,
Test acc:0.500607,
Test Loss mape:0.333072,

Consuming time:28.37 in the epoch: 41
Best test loss is 1.27
---------------*****---------------
---------------*****---------------
Starting training the epoch: 42 
total batch: 480.6875 
batch:99 average train loss 1.2587
batch:199 average train loss 1.2652
batch:299 average train loss 1.2680
batch:399 average train loss 1.2777
average train loss 1.2631
Train Consuming time:21.97 in the epoch: 42
total val iterations: 104 
average val loss 1.2072
 Val Loss mSEL:0.521059
 Val acc:0.516535
 Val Loss mape:0.317555

total test iterations: 104 
average test loss 1.2731
Test Loss mSEL:0.525866,
Test acc:0.500607,
Test Loss mape:0.333050,

Consuming time:27.72 in the epoch: 42
Best test loss is 1.27
---------------*****---------------
---------------*****---------------
Starting training the epoch: 43 
total batch: 480.6875 
batch:99 average train loss 1.2587
batch:199 average train loss 1.2652
batch:299 average train loss 1.2680
batch:399 average train loss 1.2777
average train loss 1.2631
Train Consuming time:22.09 in the epoch: 43
total val iterations: 104 
average val loss 1.2072
 Val Loss mSEL:0.521140
 Val acc:0.516535
 Val Loss mape:0.317537

total test iterations: 104 
average test loss 1.2731
Test Loss mSEL:0.525924,
Test acc:0.500607,
Test Loss mape:0.333030,

Consuming time:27.77 in the epoch: 43
Best test loss is 1.27
---------------*****---------------
---------------*****---------------
Starting training the epoch: 44 
total batch: 480.6875 
batch:99 average train loss 1.2587
batch:199 average train loss 1.2652
batch:299 average train loss 1.2680
batch:399 average train loss 1.2777
average train loss 1.2630
Train Consuming time:21.98 in the epoch: 44
total val iterations: 104 
average val loss 1.2072
 Val Loss mSEL:0.520954
 Val acc:0.516535
 Val Loss mape:0.317520

total test iterations: 104 
average test loss 1.2731
Test Loss mSEL:0.525778,
Test acc:0.500607,
Test Loss mape:0.333011,

Consuming time:27.81 in the epoch: 44
Best test loss is 1.27
---------------*****---------------
---------------*****---------------
Starting training the epoch: 45 
total batch: 480.6875 
batch:99 average train loss 1.2586
batch:199 average train loss 1.2652
batch:299 average train loss 1.2680
batch:399 average train loss 1.2777
average train loss 1.2630
Train Consuming time:22.53 in the epoch: 45
total val iterations: 104 
average val loss 1.2072
 Val Loss mSEL:0.520828
 Val acc:0.516687
 Val Loss mape:0.317503

total test iterations: 104 
average test loss 1.2730
Test Loss mSEL:0.526025,
Test acc:0.500607,
Test Loss mape:0.332993,

Consuming time:28.30 in the epoch: 45
Best test loss is 1.27
---------------*****---------------
---------------*****---------------
Starting training the epoch: 46 
total batch: 480.6875 
batch:99 average train loss 1.2586
batch:199 average train loss 1.2651
batch:299 average train loss 1.2679
batch:399 average train loss 1.2777
average train loss 1.2630
Train Consuming time:22.43 in the epoch: 46
total val iterations: 104 
average val loss 1.2072
 Val Loss mSEL:0.520835
 Val acc:0.516687
 Val Loss mape:0.317489

total test iterations: 104 
average test loss 1.2730
Test Loss mSEL:0.526172,
Test acc:0.500758,
Test Loss mape:0.332977,

Consuming time:28.25 in the epoch: 46
Best test loss is 1.27
---------------*****---------------
---------------*****---------------
Starting training the epoch: 47 
total batch: 480.6875 
batch:99 average train loss 1.2586
batch:199 average train loss 1.2651
batch:299 average train loss 1.2679
batch:399 average train loss 1.2777
average train loss 1.2630
Train Consuming time:22.06 in the epoch: 47
total val iterations: 104 
average val loss 1.2071
 Val Loss mSEL:0.520758
 Val acc:0.516687
 Val Loss mape:0.317475

total test iterations: 104 
average test loss 1.2730
Test Loss mSEL:0.526851,
Test acc:0.500607,
Test Loss mape:0.332963,

Consuming time:27.83 in the epoch: 47
Best test loss is 1.27
---------------*****---------------
---------------*****---------------
Starting training the epoch: 48 
total batch: 480.6875 
batch:99 average train loss 1.2586
batch:199 average train loss 1.2651
batch:299 average train loss 1.2679
batch:399 average train loss 1.2776
average train loss 1.2630
Train Consuming time:22.00 in the epoch: 48
total val iterations: 104 
average val loss 1.2071
 Val Loss mSEL:0.520719
 Val acc:0.516383
 Val Loss mape:0.317463

total test iterations: 104 
average test loss 1.2730
Test Loss mSEL:0.527163,
Test acc:0.500758,
Test Loss mape:0.332949,

Consuming time:27.63 in the epoch: 48
Best test loss is 1.27
---------------*****---------------
---------------*****---------------
Starting training the epoch: 49 
total batch: 480.6875 
batch:99 average train loss 1.2586
batch:199 average train loss 1.2651
batch:299 average train loss 1.2679
batch:399 average train loss 1.2776
average train loss 1.2629
Train Consuming time:21.80 in the epoch: 49
total val iterations: 104 
average val loss 1.2071
 Val Loss mSEL:0.521543
 Val acc:0.516080
 Val Loss mape:0.317452

total test iterations: 104 
average test loss 1.2729
Test Loss mSEL:0.527539,
Test acc:0.500758,
Test Loss mape:0.332937,

Consuming time:27.35 in the epoch: 49
Best test loss is 1.27
---------------*****---------------
