===================configuration===================
learning rate :0.001 
num_mlp_layers : 1
num_layers : 2
gnn input_features : 100
gnn output_features : 64
input of rnn/transformer : 64
hidden_size (out put of rnn/tranformer) : 64
observation hour [7,19]
observation interval : 180
observation threshold : 2520
prediction time : 86400
cascade length [10,100]
model save at : ../model_save/cas2vec/citation2/
====bidirected: True, attention: GAT, gcn_type: self, rnn: gru====
===================configuration===================
len(Y_train), len(Y_valid), len(Y_test): 38123 8170 8169
train: max, min:  11.509775 0.0
val: max, min:  9.1649065 0.0
test: max, min:  9.583083 0.0
preparing time:64.87815690040588
total parameters 86013
---------------*****---------------
Starting training the epoch: 0 
total batch: 595.671875 
batch:99 average train loss 2.1450
batch:199 average train loss 1.8218
batch:299 average train loss 1.6801
batch:399 average train loss 1.6094
batch:499 average train loss 1.5490
average train loss 1.5183
Train Consuming time:345.35 in the epoch: 0
total val iterations: 128 
average val loss 1.4153
 Val Loss mSEL:0.652788
 Val acc:0.400960
 Val Loss mape:0.364894

total test iterations: 128 
average test loss 1.3830
Test Loss mSEL:0.668592,
Test acc:0.395546,
Test Loss mape:0.359309,

Consuming time:488.50 in the epoch: 0
Best test loss is 1.38
---------------*****---------------
---------------*****---------------
Starting training the epoch: 1 
total batch: 595.671875 
batch:99 average train loss 1.3452
batch:199 average train loss 1.3326
batch:299 average train loss 1.3199
batch:399 average train loss 1.3223
batch:499 average train loss 1.3100
average train loss 1.3106
Train Consuming time:30.29 in the epoch: 1
total val iterations: 128 
average val loss 1.3770
 Val Loss mSEL:0.609395
 Val acc:0.417446
 Val Loss mape:0.363875

total test iterations: 128 
average test loss 1.3418
Test Loss mSEL:0.636191,
Test acc:0.416093,
Test Loss mape:0.358210,

Consuming time:38.19 in the epoch: 1
Best test loss is 1.34
---------------*****---------------
---------------*****---------------
Starting training the epoch: 2 
total batch: 595.671875 
batch:99 average train loss 1.3191
batch:199 average train loss 1.3038
batch:299 average train loss 1.2927
batch:399 average train loss 1.2953
batch:499 average train loss 1.2842
average train loss 1.2850
Train Consuming time:29.89 in the epoch: 2
total val iterations: 128 
average val loss 1.4211
 Val Loss mSEL:0.638432
 Val acc:0.413263
 Val Loss mape:0.370050

total test iterations: 128 
average test loss 1.3873
Test Loss mSEL:0.669375,
Test acc:0.408465,
Test Loss mape:0.364967,

Consuming time:37.83 in the epoch: 2
Best test loss is 1.34
---------------*****---------------
---------------*****---------------
Starting training the epoch: 3 
total batch: 595.671875 
batch:99 average train loss 1.2943
batch:199 average train loss 1.2828
batch:299 average train loss 1.2724
batch:399 average train loss 1.2774
batch:499 average train loss 1.2662
average train loss 1.2675
Train Consuming time:29.98 in the epoch: 3
total val iterations: 128 
average val loss 1.3316
 Val Loss mSEL:0.595652
 Val acc:0.445989
 Val Loss mape:0.394360

total test iterations: 128 
average test loss 1.2913
Test Loss mSEL:0.591246,
Test acc:0.447096,
Test Loss mape:0.387217,

Consuming time:37.76 in the epoch: 3
Best test loss is 1.29
---------------*****---------------
---------------*****---------------
Starting training the epoch: 4 
total batch: 595.671875 
batch:99 average train loss 1.2799
batch:199 average train loss 1.2675
batch:299 average train loss 1.2571
batch:399 average train loss 1.2617
batch:499 average train loss 1.2510
average train loss 1.2523
Train Consuming time:30.31 in the epoch: 4
total val iterations: 128 
average val loss 1.2815
 Val Loss mSEL:0.565400
 Val acc:0.457554
 Val Loss mape:0.382048

total test iterations: 128 
average test loss 1.2406
Test Loss mSEL:0.570517,
Test acc:0.451895,
Test Loss mape:0.374763,

Consuming time:38.22 in the epoch: 4
Best test loss is 1.24
---------------*****---------------
---------------*****---------------
Starting training the epoch: 5 
total batch: 595.671875 
batch:99 average train loss 1.2520
batch:199 average train loss 1.2443
batch:299 average train loss 1.2340
batch:399 average train loss 1.2407
batch:499 average train loss 1.2306
average train loss 1.2317
Train Consuming time:29.84 in the epoch: 5
total val iterations: 128 
average val loss 1.2684
 Val Loss mSEL:0.555017
 Val acc:0.459277
 Val Loss mape:0.378831

total test iterations: 128 
average test loss 1.2272
Test Loss mSEL:0.565358,
Test acc:0.456201,
Test Loss mape:0.371184,

Consuming time:37.33 in the epoch: 5
Best test loss is 1.23
---------------*****---------------
---------------*****---------------
Starting training the epoch: 6 
total batch: 595.671875 
batch:99 average train loss 1.2394
batch:199 average train loss 1.2343
batch:299 average train loss 1.2236
batch:399 average train loss 1.2288
batch:499 average train loss 1.2181
average train loss 1.2194
Train Consuming time:29.30 in the epoch: 6
total val iterations: 128 
average val loss 1.2577
 Val Loss mSEL:0.542522
 Val acc:0.459400
 Val Loss mape:0.372517

total test iterations: 128 
average test loss 1.2160
Test Loss mSEL:0.558059,
Test acc:0.456201,
Test Loss mape:0.364509,

Consuming time:36.74 in the epoch: 6
Best test loss is 1.22
---------------*****---------------
---------------*****---------------
Starting training the epoch: 7 
total batch: 595.671875 
batch:99 average train loss 1.2362
batch:199 average train loss 1.2255
batch:299 average train loss 1.2162
batch:399 average train loss 1.2208
batch:499 average train loss 1.2113
average train loss 1.2129
Train Consuming time:29.97 in the epoch: 7
total val iterations: 128 
average val loss 1.2597
 Val Loss mSEL:0.535873
 Val acc:0.463952
 Val Loss mape:0.374559

total test iterations: 128 
average test loss 1.2158
Test Loss mSEL:0.550184,
Test acc:0.462598,
Test Loss mape:0.366125,

Consuming time:37.69 in the epoch: 7
Best test loss is 1.22
---------------*****---------------
---------------*****---------------
Starting training the epoch: 8 
total batch: 595.671875 
batch:99 average train loss 1.2368
batch:199 average train loss 1.2247
batch:299 average train loss 1.2147
batch:399 average train loss 1.2184
batch:499 average train loss 1.2080
average train loss 1.2092
Train Consuming time:29.91 in the epoch: 8
total val iterations: 128 
average val loss 1.2542
 Val Loss mSEL:0.536559
 Val acc:0.461614
 Val Loss mape:0.371790

total test iterations: 128 
average test loss 1.2121
Test Loss mSEL:0.549806,
Test acc:0.458538,
Test Loss mape:0.363453,

Consuming time:37.57 in the epoch: 8
Best test loss is 1.21
---------------*****---------------
---------------*****---------------
Starting training the epoch: 9 
total batch: 595.671875 
batch:99 average train loss 1.2291
batch:199 average train loss 1.2200
batch:299 average train loss 1.2094
batch:399 average train loss 1.2167
batch:499 average train loss 1.2070
average train loss 1.2081
Train Consuming time:29.49 in the epoch: 9
total val iterations: 128 
average val loss 1.2536
 Val Loss mSEL:0.542250
 Val acc:0.457431
 Val Loss mape:0.369453

total test iterations: 128 
average test loss 1.2111
Test Loss mSEL:0.549681,
Test acc:0.458415,
Test Loss mape:0.361049,

Consuming time:36.89 in the epoch: 9
Best test loss is 1.21
---------------*****---------------
---------------*****---------------
Starting training the epoch: 10 
total batch: 595.671875 
batch:99 average train loss 1.2294
batch:199 average train loss 1.2184
batch:299 average train loss 1.2095
batch:399 average train loss 1.2131
batch:499 average train loss 1.2031
average train loss 1.2053
Train Consuming time:29.20 in the epoch: 10
total val iterations: 128 
average val loss 1.2480
 Val Loss mSEL:0.531013
 Val acc:0.464567
 Val Loss mape:0.370538

total test iterations: 128 
average test loss 1.2034
Test Loss mSEL:0.543896,
Test acc:0.462475,
Test Loss mape:0.361703,

Consuming time:36.72 in the epoch: 10
Best test loss is 1.20
---------------*****---------------
---------------*****---------------
Starting training the epoch: 11 
total batch: 595.671875 
batch:99 average train loss 1.2288
batch:199 average train loss 1.2173
batch:299 average train loss 1.2066
batch:399 average train loss 1.2104
batch:499 average train loss 1.2007
average train loss 1.2022
Train Consuming time:29.09 in the epoch: 11
total val iterations: 128 
average val loss 1.2553
 Val Loss mSEL:0.547526
 Val acc:0.457923
 Val Loss mape:0.368372

total test iterations: 128 
average test loss 1.2112
Test Loss mSEL:0.551450,
Test acc:0.458292,
Test Loss mape:0.359788,

Consuming time:36.25 in the epoch: 11
Best test loss is 1.20
---------------*****---------------
---------------*****---------------
Starting training the epoch: 12 
total batch: 595.671875 
batch:99 average train loss 1.2239
batch:199 average train loss 1.2138
batch:299 average train loss 1.2032
batch:399 average train loss 1.2070
batch:499 average train loss 1.1975
average train loss 1.1995
Train Consuming time:28.63 in the epoch: 12
total val iterations: 128 
average val loss 1.2503
 Val Loss mSEL:0.542294
 Val acc:0.457677
 Val Loss mape:0.367178

total test iterations: 128 
average test loss 1.2065
Test Loss mSEL:0.547581,
Test acc:0.457677,
Test Loss mape:0.358648,

Consuming time:35.77 in the epoch: 12
Best test loss is 1.20
---------------*****---------------
---------------*****---------------
Starting training the epoch: 13 
total batch: 595.671875 
batch:99 average train loss 1.2221
batch:199 average train loss 1.2126
batch:299 average train loss 1.2014
batch:399 average train loss 1.2051
batch:499 average train loss 1.1952
average train loss 1.1975
Train Consuming time:29.01 in the epoch: 13
total val iterations: 128 
average val loss 1.2415
 Val Loss mSEL:0.530311
 Val acc:0.461983
 Val Loss mape:0.364780

total test iterations: 128 
average test loss 1.1981
Test Loss mSEL:0.541217,
Test acc:0.460384,
Test Loss mape:0.356112,

Consuming time:36.35 in the epoch: 13
Best test loss is 1.20
---------------*****---------------
---------------*****---------------
Starting training the epoch: 14 
total batch: 595.671875 
batch:99 average train loss 1.2204
batch:199 average train loss 1.2113
batch:299 average train loss 1.2010
batch:399 average train loss 1.2047
batch:499 average train loss 1.1945
average train loss 1.1969
Train Consuming time:29.15 in the epoch: 14
total val iterations: 128 
average val loss 1.2467
 Val Loss mSEL:0.539030
 Val acc:0.460507
 Val Loss mape:0.365825

total test iterations: 128 
average test loss 1.2025
Test Loss mSEL:0.543725,
Test acc:0.459031,
Test Loss mape:0.357269,

Consuming time:36.57 in the epoch: 14
Best test loss is 1.20
---------------*****---------------
---------------*****---------------
Starting training the epoch: 15 
total batch: 595.671875 
batch:99 average train loss 1.2201
batch:199 average train loss 1.2103
batch:299 average train loss 1.1990
batch:399 average train loss 1.2027
batch:499 average train loss 1.1929
average train loss 1.1951
Train Consuming time:28.89 in the epoch: 15
total val iterations: 128 
average val loss 1.2411
 Val Loss mSEL:0.541111
 Val acc:0.457554
 Val Loss mape:0.363009

total test iterations: 128 
average test loss 1.1987
Test Loss mSEL:0.543683,
Test acc:0.457308,
Test Loss mape:0.354743,

Consuming time:36.20 in the epoch: 15
Best test loss is 1.20
---------------*****---------------
---------------*****---------------
Starting training the epoch: 16 
total batch: 595.671875 
batch:99 average train loss 1.2190
batch:199 average train loss 1.2105
batch:299 average train loss 1.1997
batch:399 average train loss 1.2030
batch:499 average train loss 1.1944
average train loss 1.1964
Train Consuming time:29.14 in the epoch: 16
total val iterations: 128 
average val loss 1.2467
 Val Loss mSEL:0.538014
 Val acc:0.458907
 Val Loss mape:0.369615

total test iterations: 128 
average test loss 1.2046
Test Loss mSEL:0.544355,
Test acc:0.457554,
Test Loss mape:0.361122,

Consuming time:36.45 in the epoch: 16
Best test loss is 1.20
---------------*****---------------
---------------*****---------------
Starting training the epoch: 17 
total batch: 595.671875 
batch:99 average train loss 1.2171
batch:199 average train loss 1.2091
batch:299 average train loss 1.1985
batch:399 average train loss 1.2017
batch:499 average train loss 1.1913
average train loss 1.1936
Train Consuming time:29.12 in the epoch: 17
total val iterations: 128 
average val loss 1.2430
 Val Loss mSEL:0.538443
 Val acc:0.456324
 Val Loss mape:0.367628

total test iterations: 128 
average test loss 1.2014
Test Loss mSEL:0.545882,
Test acc:0.455709,
Test Loss mape:0.359431,

Consuming time:36.25 in the epoch: 17
Best test loss is 1.20
---------------*****---------------
---------------*****---------------
Starting training the epoch: 18 
total batch: 595.671875 
batch:99 average train loss 1.2159
batch:199 average train loss 1.2080
batch:299 average train loss 1.1972
batch:399 average train loss 1.2001
batch:499 average train loss 1.1901
average train loss 1.1921
Train Consuming time:28.53 in the epoch: 18
total val iterations: 128 
average val loss 1.2405
 Val Loss mSEL:0.545572
 Val acc:0.457431
 Val Loss mape:0.365176

total test iterations: 128 
average test loss 1.1988
Test Loss mSEL:0.543068,
Test acc:0.457308,
Test Loss mape:0.356745,

Consuming time:35.82 in the epoch: 18
Best test loss is 1.20
---------------*****---------------
---------------*****---------------
Starting training the epoch: 19 
total batch: 595.671875 
batch:99 average train loss 1.2163
batch:199 average train loss 1.2068
batch:299 average train loss 1.1961
batch:399 average train loss 1.1992
batch:499 average train loss 1.1891
average train loss 1.1912
Train Consuming time:28.92 in the epoch: 19
total val iterations: 128 
average val loss 1.2469
 Val Loss mSEL:0.544676
 Val acc:0.455832
 Val Loss mape:0.367656

total test iterations: 128 
average test loss 1.2043
Test Loss mSEL:0.547161,
Test acc:0.455217,
Test Loss mape:0.359145,

Consuming time:36.33 in the epoch: 19
Best test loss is 1.20
---------------*****---------------
---------------*****---------------
Starting training the epoch: 20 
total batch: 595.671875 
batch:99 average train loss 1.2279
batch:199 average train loss 1.2213
batch:299 average train loss 1.2090
batch:399 average train loss 1.2132
batch:499 average train loss 1.2005
average train loss 1.1979
Train Consuming time:28.78 in the epoch: 20
total val iterations: 128 
average val loss 1.2284
 Val Loss mSEL:0.529616
 Val acc:0.460876
 Val Loss mape:0.364620

total test iterations: 128 
average test loss 1.1860
Test Loss mSEL:0.530769,
Test acc:0.460015,
Test Loss mape:0.355811,

Consuming time:36.17 in the epoch: 20
Best test loss is 1.19
---------------*****---------------
---------------*****---------------
Starting training the epoch: 21 
total batch: 595.671875 
batch:99 average train loss 1.2115
batch:199 average train loss 1.2060
batch:299 average train loss 1.1942
batch:399 average train loss 1.1987
batch:499 average train loss 1.1867
average train loss 1.1851
Train Consuming time:28.62 in the epoch: 21
total val iterations: 128 
average val loss 1.2175
 Val Loss mSEL:0.524746
 Val acc:0.461983
 Val Loss mape:0.362458

total test iterations: 128 
average test loss 1.1754
Test Loss mSEL:0.525010,
Test acc:0.461614,
Test Loss mape:0.353441,

Consuming time:36.02 in the epoch: 21
Best test loss is 1.18
---------------*****---------------
---------------*****---------------
Starting training the epoch: 22 
total batch: 595.671875 
batch:99 average train loss 1.2022
batch:199 average train loss 1.1974
batch:299 average train loss 1.1858
batch:399 average train loss 1.1904
batch:499 average train loss 1.1788
average train loss 1.1778
Train Consuming time:28.75 in the epoch: 22
total val iterations: 128 
average val loss 1.2109
 Val Loss mSEL:0.522080
 Val acc:0.463337
 Val Loss mape:0.361054

total test iterations: 128 
average test loss 1.1691
Test Loss mSEL:0.522283,
Test acc:0.460138,
Test Loss mape:0.351926,

Consuming time:36.12 in the epoch: 22
Best test loss is 1.17
---------------*****---------------
---------------*****---------------
Starting training the epoch: 23 
total batch: 595.671875 
batch:99 average train loss 1.1969
batch:199 average train loss 1.1925
batch:299 average train loss 1.1810
batch:399 average train loss 1.1855
batch:499 average train loss 1.1742
average train loss 1.1736
Train Consuming time:28.99 in the epoch: 23
total val iterations: 128 
average val loss 1.2069
 Val Loss mSEL:0.518159
 Val acc:0.463583
 Val Loss mape:0.360116

total test iterations: 128 
average test loss 1.1654
Test Loss mSEL:0.521142,
Test acc:0.461983,
Test Loss mape:0.350927,

Consuming time:36.16 in the epoch: 23
Best test loss is 1.17
---------------*****---------------
---------------*****---------------
Starting training the epoch: 24 
total batch: 595.671875 
batch:99 average train loss 1.1938
batch:199 average train loss 1.1897
batch:299 average train loss 1.1781
batch:399 average train loss 1.1827
batch:499 average train loss 1.1715
average train loss 1.1712
Train Consuming time:28.10 in the epoch: 24
total val iterations: 128 
average val loss 1.2044
 Val Loss mSEL:0.519365
 Val acc:0.462229
 Val Loss mape:0.359455

total test iterations: 128 
average test loss 1.1631
Test Loss mSEL:0.519294,
Test acc:0.463460,
Test Loss mape:0.350229,

Consuming time:35.24 in the epoch: 24
Best test loss is 1.16
---------------*****---------------
---------------*****---------------
Starting training the epoch: 25 
total batch: 595.671875 
batch:99 average train loss 1.1920
batch:199 average train loss 1.1881
batch:299 average train loss 1.1765
batch:399 average train loss 1.1810
batch:499 average train loss 1.1699
average train loss 1.1697
Train Consuming time:28.39 in the epoch: 25
total val iterations: 128 
average val loss 1.2028
 Val Loss mSEL:0.517216
 Val acc:0.461614
 Val Loss mape:0.358980

total test iterations: 128 
average test loss 1.1617
Test Loss mSEL:0.519678,
Test acc:0.464444,
Test Loss mape:0.349729,

Consuming time:35.75 in the epoch: 25
Best test loss is 1.16
---------------*****---------------
---------------*****---------------
Starting training the epoch: 26 
total batch: 595.671875 
batch:99 average train loss 1.1909
batch:199 average train loss 1.1871
batch:299 average train loss 1.1754
batch:399 average train loss 1.1799
batch:499 average train loss 1.1689
average train loss 1.1689
Train Consuming time:28.83 in the epoch: 26
total val iterations: 128 
average val loss 1.2018
 Val Loss mSEL:0.518061
 Val acc:0.461737
 Val Loss mape:0.358635

total test iterations: 128 
average test loss 1.1608
Test Loss mSEL:0.518836,
Test acc:0.465674,
Test Loss mape:0.349360,

Consuming time:36.18 in the epoch: 26
Best test loss is 1.16
---------------*****---------------
---------------*****---------------
Starting training the epoch: 27 
total batch: 595.671875 
batch:99 average train loss 1.1902
batch:199 average train loss 1.1865
batch:299 average train loss 1.1748
batch:399 average train loss 1.1793
batch:499 average train loss 1.1683
average train loss 1.1683
Train Consuming time:28.87 in the epoch: 27
total val iterations: 128 
average val loss 1.2011
 Val Loss mSEL:0.520365
 Val acc:0.462352
 Val Loss mape:0.358368

total test iterations: 128 
average test loss 1.1602
Test Loss mSEL:0.516807,
Test acc:0.465797,
Test Loss mape:0.349074,

Consuming time:36.20 in the epoch: 27
Best test loss is 1.16
---------------*****---------------
---------------*****---------------
Starting training the epoch: 28 
total batch: 595.671875 
batch:99 average train loss 1.1898
batch:199 average train loss 1.1862
batch:299 average train loss 1.1744
batch:399 average train loss 1.1788
batch:499 average train loss 1.1679
average train loss 1.1680
Train Consuming time:28.68 in the epoch: 28
total val iterations: 128 
average val loss 1.2006
 Val Loss mSEL:0.520436
 Val acc:0.461491
 Val Loss mape:0.358170

total test iterations: 128 
average test loss 1.1597
Test Loss mSEL:0.514938,
Test acc:0.465674,
Test Loss mape:0.348864,

Consuming time:36.04 in the epoch: 28
Best test loss is 1.16
---------------*****---------------
---------------*****---------------
Starting training the epoch: 29 
total batch: 595.671875 
batch:99 average train loss 1.1896
batch:199 average train loss 1.1859
batch:299 average train loss 1.1742
batch:399 average train loss 1.1786
batch:499 average train loss 1.1676
average train loss 1.1678
Train Consuming time:28.98 in the epoch: 29
total val iterations: 128 
average val loss 1.2002
 Val Loss mSEL:0.519932
 Val acc:0.460999
 Val Loss mape:0.358021

total test iterations: 128 
average test loss 1.1594
Test Loss mSEL:0.515255,
Test acc:0.465551,
Test Loss mape:0.348705,

Consuming time:36.49 in the epoch: 29
Best test loss is 1.16
---------------*****---------------
---------------*****---------------
Starting training the epoch: 30 
total batch: 595.671875 
batch:99 average train loss 1.1894
batch:199 average train loss 1.1858
batch:299 average train loss 1.1740
batch:399 average train loss 1.1783
batch:499 average train loss 1.1674
average train loss 1.1676
Train Consuming time:28.37 in the epoch: 30
total val iterations: 128 
average val loss 1.1999
 Val Loss mSEL:0.518396
 Val acc:0.461122
 Val Loss mape:0.357902

total test iterations: 128 
average test loss 1.1592
Test Loss mSEL:0.514965,
Test acc:0.465305,
Test Loss mape:0.348580,

Consuming time:35.52 in the epoch: 30
Best test loss is 1.16
---------------*****---------------
---------------*****---------------
Starting training the epoch: 31 
total batch: 595.671875 
batch:99 average train loss 1.1893
batch:199 average train loss 1.1857
batch:299 average train loss 1.1738
batch:399 average train loss 1.1782
batch:499 average train loss 1.1673
average train loss 1.1675
Train Consuming time:28.29 in the epoch: 31
total val iterations: 128 
average val loss 1.1997
 Val Loss mSEL:0.518499
 Val acc:0.461368
 Val Loss mape:0.357809

total test iterations: 128 
average test loss 1.1590
Test Loss mSEL:0.514974,
Test acc:0.465428,
Test Loss mape:0.348483,

Consuming time:35.55 in the epoch: 31
Best test loss is 1.16
---------------*****---------------
---------------*****---------------
Starting training the epoch: 32 
total batch: 595.671875 
batch:99 average train loss 1.1892
batch:199 average train loss 1.1856
batch:299 average train loss 1.1737
batch:399 average train loss 1.1780
batch:499 average train loss 1.1671
average train loss 1.1674
Train Consuming time:28.59 in the epoch: 32
total val iterations: 128 
average val loss 1.1996
 Val Loss mSEL:0.518240
 Val acc:0.461368
 Val Loss mape:0.357731

total test iterations: 128 
average test loss 1.1589
Test Loss mSEL:0.513543,
Test acc:0.465305,
Test Loss mape:0.348403,

Consuming time:36.08 in the epoch: 32
Best test loss is 1.16
---------------*****---------------
---------------*****---------------
Starting training the epoch: 33 
total batch: 595.671875 
batch:99 average train loss 1.1891
batch:199 average train loss 1.1855
batch:299 average train loss 1.1736
batch:399 average train loss 1.1779
batch:499 average train loss 1.1670
average train loss 1.1673
Train Consuming time:28.91 in the epoch: 33
total val iterations: 128 
average val loss 1.1994
 Val Loss mSEL:0.517946
 Val acc:0.461491
 Val Loss mape:0.357668

total test iterations: 128 
average test loss 1.1588
Test Loss mSEL:0.514514,
Test acc:0.465182,
Test Loss mape:0.348340,

Consuming time:36.39 in the epoch: 33
Best test loss is 1.16
---------------*****---------------
---------------*****---------------
Starting training the epoch: 34 
total batch: 595.671875 
batch:99 average train loss 1.1890
batch:199 average train loss 1.1854
batch:299 average train loss 1.1735
batch:399 average train loss 1.1778
batch:499 average train loss 1.1669
average train loss 1.1672
Train Consuming time:28.68 in the epoch: 34
total val iterations: 128 
average val loss 1.1993
 Val Loss mSEL:0.518137
 Val acc:0.461245
 Val Loss mape:0.357618

total test iterations: 128 
average test loss 1.1587
Test Loss mSEL:0.515064,
Test acc:0.465674,
Test Loss mape:0.348289,

Consuming time:36.02 in the epoch: 34
Best test loss is 1.16
---------------*****---------------
---------------*****---------------
Starting training the epoch: 35 
total batch: 595.671875 
batch:99 average train loss 1.1890
batch:199 average train loss 1.1854
batch:299 average train loss 1.1735
batch:399 average train loss 1.1777
batch:499 average train loss 1.1668
average train loss 1.1672
Train Consuming time:28.58 in the epoch: 35
total val iterations: 128 
average val loss 1.1992
 Val Loss mSEL:0.518035
 Val acc:0.461491
 Val Loss mape:0.357575

total test iterations: 128 
average test loss 1.1586
Test Loss mSEL:0.514644,
Test acc:0.465674,
Test Loss mape:0.348247,

Consuming time:35.95 in the epoch: 35
Best test loss is 1.16
---------------*****---------------
---------------*****---------------
Starting training the epoch: 36 
total batch: 595.671875 
batch:99 average train loss 1.1889
batch:199 average train loss 1.1853
batch:299 average train loss 1.1734
batch:399 average train loss 1.1777
batch:499 average train loss 1.1667
average train loss 1.1671
Train Consuming time:28.30 in the epoch: 36
total val iterations: 128 
average val loss 1.1991
 Val Loss mSEL:0.518108
 Val acc:0.461737
 Val Loss mape:0.357541

total test iterations: 128 
average test loss 1.1585
Test Loss mSEL:0.514960,
Test acc:0.465551,
Test Loss mape:0.348213,

Consuming time:35.44 in the epoch: 36
Best test loss is 1.16
---------------*****---------------
---------------*****---------------
Starting training the epoch: 37 
total batch: 595.671875 
batch:99 average train loss 1.1889
batch:199 average train loss 1.1852
batch:299 average train loss 1.1733
batch:399 average train loss 1.1776
batch:499 average train loss 1.1667
average train loss 1.1670
Train Consuming time:28.35 in the epoch: 37
total val iterations: 128 
average val loss 1.1990
 Val Loss mSEL:0.517814
 Val acc:0.461614
 Val Loss mape:0.357511

total test iterations: 128 
average test loss 1.1584
Test Loss mSEL:0.514743,
Test acc:0.465428,
Test Loss mape:0.348183,

Consuming time:35.64 in the epoch: 37
Best test loss is 1.16
---------------*****---------------
---------------*****---------------
Starting training the epoch: 38 
total batch: 595.671875 
batch:99 average train loss 1.1888
batch:199 average train loss 1.1852
batch:299 average train loss 1.1732
batch:399 average train loss 1.1775
batch:499 average train loss 1.1666
average train loss 1.1670
Train Consuming time:28.67 in the epoch: 38
total val iterations: 128 
average val loss 1.1989
 Val Loss mSEL:0.517704
 Val acc:0.461614
 Val Loss mape:0.357487

total test iterations: 128 
average test loss 1.1584
Test Loss mSEL:0.514773,
Test acc:0.465428,
Test Loss mape:0.348160,

Consuming time:36.03 in the epoch: 38
Best test loss is 1.16
---------------*****---------------
---------------*****---------------
Starting training the epoch: 39 
total batch: 595.671875 
batch:99 average train loss 1.1888
batch:199 average train loss 1.1851
batch:299 average train loss 1.1732
batch:399 average train loss 1.1774
batch:499 average train loss 1.1665
average train loss 1.1669
Train Consuming time:28.77 in the epoch: 39
total val iterations: 128 
average val loss 1.1988
 Val Loss mSEL:0.518181
 Val acc:0.461614
 Val Loss mape:0.357467

total test iterations: 128 
average test loss 1.1583
Test Loss mSEL:0.514941,
Test acc:0.465674,
Test Loss mape:0.348141,

Consuming time:36.16 in the epoch: 39
Best test loss is 1.16
---------------*****---------------
---------------*****---------------
Starting training the epoch: 40 
total batch: 595.671875 
batch:99 average train loss 1.1888
batch:199 average train loss 1.1851
batch:299 average train loss 1.1731
batch:399 average train loss 1.1774
batch:499 average train loss 1.1665
average train loss 1.1669
Train Consuming time:28.82 in the epoch: 40
total val iterations: 128 
average val loss 1.1988
 Val Loss mSEL:0.517984
 Val acc:0.461860
 Val Loss mape:0.357449

total test iterations: 128 
average test loss 1.1582
Test Loss mSEL:0.514861,
Test acc:0.466043,
Test Loss mape:0.348123,

Consuming time:36.15 in the epoch: 40
Best test loss is 1.16
---------------*****---------------
---------------*****---------------
Starting training the epoch: 41 
total batch: 595.671875 
batch:99 average train loss 1.1887
batch:199 average train loss 1.1850
batch:299 average train loss 1.1731
batch:399 average train loss 1.1773
batch:499 average train loss 1.1664
average train loss 1.1668
Train Consuming time:28.74 in the epoch: 41
total val iterations: 128 
average val loss 1.1987
 Val Loss mSEL:0.517572
 Val acc:0.462106
 Val Loss mape:0.357436

total test iterations: 128 
average test loss 1.1582
Test Loss mSEL:0.514149,
Test acc:0.465920,
Test Loss mape:0.348111,

Consuming time:36.14 in the epoch: 41
Best test loss is 1.16
---------------*****---------------
---------------*****---------------
Starting training the epoch: 42 
total batch: 595.671875 
batch:99 average train loss 1.1887
batch:199 average train loss 1.1850
batch:299 average train loss 1.1730
batch:399 average train loss 1.1772
batch:499 average train loss 1.1663
average train loss 1.1668
Train Consuming time:28.74 in the epoch: 42
total val iterations: 128 
average val loss 1.1986
 Val Loss mSEL:0.517518
 Val acc:0.462106
 Val Loss mape:0.357422

total test iterations: 128 
average test loss 1.1581
Test Loss mSEL:0.513686,
Test acc:0.465920,
Test Loss mape:0.348097,

Consuming time:35.98 in the epoch: 42
Best test loss is 1.16
---------------*****---------------
---------------*****---------------
Starting training the epoch: 43 
total batch: 595.671875 
batch:99 average train loss 1.1886
batch:199 average train loss 1.1849
batch:299 average train loss 1.1730
batch:399 average train loss 1.1772
batch:499 average train loss 1.1663
average train loss 1.1667
Train Consuming time:28.20 in the epoch: 43
total val iterations: 128 
average val loss 1.1986
 Val Loss mSEL:0.517282
 Val acc:0.462106
 Val Loss mape:0.357411

total test iterations: 128 
average test loss 1.1581
Test Loss mSEL:0.513410,
Test acc:0.466289,
Test Loss mape:0.348086,

Consuming time:35.38 in the epoch: 43
Best test loss is 1.16
---------------*****---------------
---------------*****---------------
Starting training the epoch: 44 
total batch: 595.671875 
batch:99 average train loss 1.1886
batch:199 average train loss 1.1849
batch:299 average train loss 1.1729
batch:399 average train loss 1.1771
batch:499 average train loss 1.1662
average train loss 1.1667
Train Consuming time:28.58 in the epoch: 44
total val iterations: 128 
average val loss 1.1985
 Val Loss mSEL:0.517796
 Val acc:0.461983
 Val Loss mape:0.357399

total test iterations: 128 
average test loss 1.1580
Test Loss mSEL:0.513163,
Test acc:0.466412,
Test Loss mape:0.348076,

Consuming time:35.94 in the epoch: 44
Best test loss is 1.16
---------------*****---------------
---------------*****---------------
Starting training the epoch: 45 
total batch: 595.671875 
batch:99 average train loss 1.1886
batch:199 average train loss 1.1848
batch:299 average train loss 1.1729
batch:399 average train loss 1.1770
batch:499 average train loss 1.1661
average train loss 1.1666
Train Consuming time:28.63 in the epoch: 45
total val iterations: 128 
average val loss 1.1984
 Val Loss mSEL:0.518150
 Val acc:0.461737
 Val Loss mape:0.357391

total test iterations: 128 
average test loss 1.1579
Test Loss mSEL:0.512886,
Test acc:0.466412,
Test Loss mape:0.348068,

Consuming time:35.95 in the epoch: 45
Best test loss is 1.16
---------------*****---------------
---------------*****---------------
Starting training the epoch: 46 
total batch: 595.671875 
batch:99 average train loss 1.1885
batch:199 average train loss 1.1848
batch:299 average train loss 1.1728
batch:399 average train loss 1.1770
batch:499 average train loss 1.1661
average train loss 1.1666
Train Consuming time:28.52 in the epoch: 46
total val iterations: 128 
average val loss 1.1984
 Val Loss mSEL:0.518049
 Val acc:0.461737
 Val Loss mape:0.357381

total test iterations: 128 
average test loss 1.1579
Test Loss mSEL:0.513144,
Test acc:0.466043,
Test Loss mape:0.348060,

Consuming time:35.86 in the epoch: 46
Best test loss is 1.16
---------------*****---------------
---------------*****---------------
Starting training the epoch: 47 
total batch: 595.671875 
batch:99 average train loss 1.1885
batch:199 average train loss 1.1847
batch:299 average train loss 1.1728
batch:399 average train loss 1.1769
batch:499 average train loss 1.1660
average train loss 1.1665
Train Consuming time:28.87 in the epoch: 47
total val iterations: 128 
average val loss 1.1983
 Val Loss mSEL:0.517910
 Val acc:0.461983
 Val Loss mape:0.357372

total test iterations: 128 
average test loss 1.1578
Test Loss mSEL:0.512950,
Test acc:0.466166,
Test Loss mape:0.348052,

Consuming time:36.38 in the epoch: 47
Best test loss is 1.16
---------------*****---------------
---------------*****---------------
Starting training the epoch: 48 
total batch: 595.671875 
batch:99 average train loss 1.1885
batch:199 average train loss 1.1847
batch:299 average train loss 1.1727
batch:399 average train loss 1.1769
batch:499 average train loss 1.1660
average train loss 1.1665
Train Consuming time:28.74 in the epoch: 48
total val iterations: 128 
average val loss 1.1983
 Val Loss mSEL:0.518613
 Val acc:0.461860
 Val Loss mape:0.357367

total test iterations: 128 
average test loss 1.1578
Test Loss mSEL:0.512440,
Test acc:0.466166,
Test Loss mape:0.348047,

Consuming time:35.93 in the epoch: 48
Best test loss is 1.16
---------------*****---------------
---------------*****---------------
Starting training the epoch: 49 
total batch: 595.671875 
batch:99 average train loss 1.1884
batch:199 average train loss 1.1846
batch:299 average train loss 1.1727
batch:399 average train loss 1.1768
batch:499 average train loss 1.1659
average train loss 1.1664
Train Consuming time:28.38 in the epoch: 49
total val iterations: 128 
average val loss 1.1982
 Val Loss mSEL:0.518859
 Val acc:0.461860
 Val Loss mape:0.357359

total test iterations: 128 
average test loss 1.1577
Test Loss mSEL:0.512022,
Test acc:0.466166,
Test Loss mape:0.348041,

Consuming time:35.69 in the epoch: 49
Best test loss is 1.16
---------------*****---------------
