===================configuration===================
learning rate :0.001 
num_mlp_layers : 1
num_layers : 2
gnn input_features : 100
gnn output_features : 64
input of rnn/transformer : 64
hidden_size (out put of rnn/tranformer) : 64
observation hour [7,19]
observation interval : 180
observation threshold : 3600
prediction time : 86400
cascade length [5,100]
model save at : ../model_save/cas2vec/weibo1/
====bidirected: True, attention: GAT, gcn_type: self, rnn: gru====
===================configuration===================
len(Y_train), len(Y_valid), len(Y_test): 37228 7978 7978
preparing time:77.96685338020325
total parameters 86025
---------------*****---------------
Starting training the epoch: 0 
total batch: 581.6875 
batch:99 average train loss 3.1489
batch:199 average train loss 2.7808
batch:299 average train loss 2.6095
batch:399 average train loss 2.5141
batch:499 average train loss 2.4278
average train loss 2.3939
Train Consuming time:124.86 in the epoch: 0
total val iterations: 125 
average val loss 2.1652
accuracy ( less than 0.1 ): 0.1525
median val loss 0.5521
total test iterations: 125 
average test loss 2.0458
accuracy ( less than 0.1 ): 0.1516
median test loss 0.5492
Consuming time:167.82 in the epoch: 0
Best test loss is 2.05
---------------*****---------------
---------------*****---------------
Starting training the epoch: 1 
total batch: 581.6875 
batch:99 average train loss 2.0081
batch:199 average train loss 2.0636
batch:299 average train loss 2.0652
batch:399 average train loss 2.0739
batch:499 average train loss 2.0551
average train loss 2.0630
Train Consuming time:66.47 in the epoch: 1
total val iterations: 125 
average val loss 2.0680
accuracy ( less than 0.1 ): 0.1643
median val loss 0.5460
total test iterations: 125 
average test loss 1.9666
accuracy ( less than 0.1 ): 0.1676
median test loss 0.5421
Consuming time:86.92 in the epoch: 1
Best test loss is 1.97
---------------*****---------------
---------------*****---------------
Starting training the epoch: 2 
total batch: 581.6875 
batch:99 average train loss 1.9379
batch:199 average train loss 1.9921
batch:299 average train loss 1.9939
batch:399 average train loss 2.0063
batch:499 average train loss 1.9919
average train loss 2.0055
Train Consuming time:66.24 in the epoch: 2
total val iterations: 125 
average val loss 2.0018
accuracy ( less than 0.1 ): 0.1971
median val loss 0.5448
total test iterations: 125 
average test loss 1.8960
accuracy ( less than 0.1 ): 0.1982
median test loss 0.5381
Consuming time:85.99 in the epoch: 2
Best test loss is 1.90
---------------*****---------------
---------------*****---------------
Starting training the epoch: 3 
total batch: 581.6875 
batch:99 average train loss 1.8961
batch:199 average train loss 1.9515
batch:299 average train loss 1.9602
batch:399 average train loss 1.9766
batch:499 average train loss 1.9597
average train loss 1.9741
Train Consuming time:65.81 in the epoch: 3
total val iterations: 125 
average val loss 1.9982
accuracy ( less than 0.1 ): 0.2036
median val loss 0.5582
total test iterations: 125 
average test loss 1.8985
accuracy ( less than 0.1 ): 0.2049
median test loss 0.5510
Consuming time:85.89 in the epoch: 3
Best test loss is 1.90
---------------*****---------------
---------------*****---------------
Starting training the epoch: 4 
total batch: 581.6875 
batch:99 average train loss 1.8853
batch:199 average train loss 1.9352
batch:299 average train loss 1.9415
batch:399 average train loss 1.9580
batch:499 average train loss 1.9411
average train loss 1.9547
Train Consuming time:65.85 in the epoch: 4
total val iterations: 125 
average val loss 1.9681
accuracy ( less than 0.1 ): 0.2090
median val loss 0.5469
total test iterations: 125 
average test loss 1.8611
accuracy ( less than 0.1 ): 0.2070
median test loss 0.5370
Consuming time:86.11 in the epoch: 4
Best test loss is 1.86
---------------*****---------------
---------------*****---------------
Starting training the epoch: 5 
total batch: 581.6875 
batch:99 average train loss 1.8644
batch:199 average train loss 1.9138
batch:299 average train loss 1.9247
batch:399 average train loss 1.9417
batch:499 average train loss 1.9262
average train loss 1.9410
Train Consuming time:66.06 in the epoch: 5
total val iterations: 125 
average val loss 1.9945
accuracy ( less than 0.1 ): 0.2196
median val loss 0.5931
total test iterations: 125 
average test loss 1.8605
accuracy ( less than 0.1 ): 0.2156
median test loss 0.5700
Consuming time:86.31 in the epoch: 5
Best test loss is 1.86
---------------*****---------------
---------------*****---------------
Starting training the epoch: 6 
total batch: 581.6875 
batch:99 average train loss 1.8524
batch:199 average train loss 1.9058
batch:299 average train loss 1.9171
batch:399 average train loss 1.9371
batch:499 average train loss 1.9206
average train loss 1.9344
Train Consuming time:66.00 in the epoch: 6
total val iterations: 125 
average val loss 1.9777
accuracy ( less than 0.1 ): 0.2177
median val loss 0.5819
total test iterations: 125 
average test loss 1.8627
accuracy ( less than 0.1 ): 0.2121
median test loss 0.5595
Consuming time:86.54 in the epoch: 6
Best test loss is 1.86
---------------*****---------------
---------------*****---------------
Starting training the epoch: 7 
total batch: 581.6875 
batch:99 average train loss 1.8455
batch:199 average train loss 1.8931
batch:299 average train loss 1.9011
batch:399 average train loss 1.9220
batch:499 average train loss 1.9043
average train loss 1.9194
Train Consuming time:66.79 in the epoch: 7
total val iterations: 125 
average val loss 1.9598
accuracy ( less than 0.1 ): 0.2191
median val loss 0.5588
total test iterations: 125 
average test loss 1.8402
accuracy ( less than 0.1 ): 0.2159
median test loss 0.5289
Consuming time:87.43 in the epoch: 7
Best test loss is 1.84
---------------*****---------------
---------------*****---------------
Starting training the epoch: 8 
total batch: 581.6875 
batch:99 average train loss 1.8419
batch:199 average train loss 1.8827
batch:299 average train loss 1.8927
batch:399 average train loss 1.9160
batch:499 average train loss 1.8992
average train loss 1.9127
Train Consuming time:66.73 in the epoch: 8
total val iterations: 125 
average val loss 1.9535
accuracy ( less than 0.1 ): 0.2279
median val loss 0.5604
total test iterations: 125 
average test loss 1.8372
accuracy ( less than 0.1 ): 0.2263
median test loss 0.5522
Consuming time:87.42 in the epoch: 8
Best test loss is 1.84
---------------*****---------------
---------------*****---------------
Starting training the epoch: 9 
total batch: 581.6875 
batch:99 average train loss 1.8192
batch:199 average train loss 1.8689
batch:299 average train loss 1.8819
batch:399 average train loss 1.9027
batch:499 average train loss 1.8837
average train loss 1.8969
Train Consuming time:66.31 in the epoch: 9
total val iterations: 125 
average val loss 1.9716
accuracy ( less than 0.1 ): 0.2312
median val loss 0.6004
total test iterations: 125 
average test loss 1.8465
accuracy ( less than 0.1 ): 0.2261
median test loss 0.5802
Consuming time:86.66 in the epoch: 9
Best test loss is 1.84
---------------*****---------------
---------------*****---------------
Starting training the epoch: 10 
total batch: 581.6875 
batch:99 average train loss 1.8148
batch:199 average train loss 1.8624
batch:299 average train loss 1.8718
batch:399 average train loss 1.8926
batch:499 average train loss 1.8743
average train loss 1.8871
Train Consuming time:66.31 in the epoch: 10
total val iterations: 125 
average val loss 1.9712
accuracy ( less than 0.1 ): 0.2348
median val loss 0.5587
total test iterations: 125 
average test loss 1.8559
accuracy ( less than 0.1 ): 0.2324
median test loss 0.5495
Consuming time:86.95 in the epoch: 10
Best test loss is 1.84
---------------*****---------------
---------------*****---------------
Starting training the epoch: 11 
total batch: 581.6875 
batch:99 average train loss 1.8006
batch:199 average train loss 1.8479
batch:299 average train loss 1.8608
batch:399 average train loss 1.8846
batch:499 average train loss 1.8673
average train loss 1.8811
Train Consuming time:66.70 in the epoch: 11
total val iterations: 125 
average val loss 1.9614
accuracy ( less than 0.1 ): 0.2292
median val loss 0.5768
total test iterations: 125 
average test loss 1.8485
accuracy ( less than 0.1 ): 0.2215
median test loss 0.5669
Consuming time:87.23 in the epoch: 11
Best test loss is 1.84
---------------*****---------------
---------------*****---------------
Starting training the epoch: 12 
total batch: 581.6875 
batch:99 average train loss 1.7973
batch:199 average train loss 1.8463
batch:299 average train loss 1.8589
batch:399 average train loss 1.8803
batch:499 average train loss 1.8625
average train loss 1.8757
Train Consuming time:66.78 in the epoch: 12
total val iterations: 125 
average val loss 1.9769
accuracy ( less than 0.1 ): 0.2320
median val loss 0.5788
total test iterations: 125 
average test loss 1.8587
accuracy ( less than 0.1 ): 0.2307
median test loss 0.5644
Consuming time:87.02 in the epoch: 12
Best test loss is 1.84
---------------*****---------------
---------------*****---------------
Starting training the epoch: 13 
total batch: 581.6875 
batch:99 average train loss 1.7913
batch:199 average train loss 1.8378
batch:299 average train loss 1.8510
batch:399 average train loss 1.8747
batch:499 average train loss 1.8597
average train loss 1.8728
Train Consuming time:66.13 in the epoch: 13
total val iterations: 125 
average val loss 1.9520
accuracy ( less than 0.1 ): 0.2190
median val loss 0.5619
total test iterations: 125 
average test loss 1.8386
accuracy ( less than 0.1 ): 0.2201
median test loss 0.5389
Consuming time:86.39 in the epoch: 13
Best test loss is 1.84
---------------*****---------------
---------------*****---------------
Starting training the epoch: 14 
total batch: 581.6875 
batch:99 average train loss 1.7810
batch:199 average train loss 1.8297
batch:299 average train loss 1.8466
batch:399 average train loss 1.8714
batch:499 average train loss 1.8546
average train loss 1.8683
Train Consuming time:66.07 in the epoch: 14
total val iterations: 125 
average val loss 1.9441
accuracy ( less than 0.1 ): 0.2240
median val loss 0.5831
total test iterations: 125 
average test loss 1.8343
accuracy ( less than 0.1 ): 0.2229
median test loss 0.5518
Consuming time:86.06 in the epoch: 14
Best test loss is 1.83
---------------*****---------------
---------------*****---------------
Starting training the epoch: 15 
total batch: 581.6875 
batch:99 average train loss 1.7723
batch:199 average train loss 1.8206
batch:299 average train loss 1.8363
batch:399 average train loss 1.8586
batch:499 average train loss 1.8420
average train loss 1.8555
Train Consuming time:66.24 in the epoch: 15
total val iterations: 125 
average val loss 1.9465
accuracy ( less than 0.1 ): 0.2254
median val loss 0.5779
total test iterations: 125 
average test loss 1.8389
accuracy ( less than 0.1 ): 0.2248
median test loss 0.5619
Consuming time:86.56 in the epoch: 15
Best test loss is 1.83
---------------*****---------------
---------------*****---------------
Starting training the epoch: 16 
total batch: 581.6875 
batch:99 average train loss 1.7612
batch:199 average train loss 1.8110
batch:299 average train loss 1.8301
batch:399 average train loss 1.8530
batch:499 average train loss 1.8363
average train loss 1.8499
Train Consuming time:66.04 in the epoch: 16
total val iterations: 125 
average val loss 1.9721
accuracy ( less than 0.1 ): 0.2169
median val loss 0.5854
total test iterations: 125 
average test loss 1.8528
accuracy ( less than 0.1 ): 0.2131
median test loss 0.5517
Consuming time:85.89 in the epoch: 16
Best test loss is 1.83
---------------*****---------------
---------------*****---------------
Starting training the epoch: 17 
total batch: 581.6875 
batch:99 average train loss 1.7620
batch:199 average train loss 1.8121
batch:299 average train loss 1.8283
batch:399 average train loss 1.8503
batch:499 average train loss 1.8325
average train loss 1.8468
Train Consuming time:66.28 in the epoch: 17
total val iterations: 125 
average val loss 1.9562
accuracy ( less than 0.1 ): 0.2272
median val loss 0.5697
total test iterations: 125 
average test loss 1.8514
accuracy ( less than 0.1 ): 0.2245
median test loss 0.5551
Consuming time:86.63 in the epoch: 17
Best test loss is 1.83
---------------*****---------------
---------------*****---------------
Starting training the epoch: 18 
total batch: 581.6875 
batch:99 average train loss 1.7518
batch:199 average train loss 1.8077
batch:299 average train loss 1.8210
batch:399 average train loss 1.8441
batch:499 average train loss 1.8272
average train loss 1.8413
Train Consuming time:66.74 in the epoch: 18
total val iterations: 125 
average val loss 1.9527
accuracy ( less than 0.1 ): 0.2240
median val loss 0.5815
total test iterations: 125 
average test loss 1.8391
accuracy ( less than 0.1 ): 0.2220
median test loss 0.5518
Consuming time:87.01 in the epoch: 18
Best test loss is 1.83
---------------*****---------------
---------------*****---------------
Starting training the epoch: 19 
total batch: 581.6875 
batch:99 average train loss 1.7423
batch:199 average train loss 1.7975
batch:299 average train loss 1.8145
batch:399 average train loss 1.8375
batch:499 average train loss 1.8237
average train loss 1.8368
Train Consuming time:66.23 in the epoch: 19
total val iterations: 125 
average val loss 1.9340
accuracy ( less than 0.1 ): 0.2345
median val loss 0.5828
total test iterations: 125 
average test loss 1.8210
accuracy ( less than 0.1 ): 0.2263
median test loss 0.5519
Consuming time:86.45 in the epoch: 19
Best test loss is 1.82
---------------*****---------------
---------------*****---------------
Starting training the epoch: 20 
total batch: 581.6875 
batch:99 average train loss 1.7008
batch:199 average train loss 1.7617
batch:299 average train loss 1.7747
batch:399 average train loss 1.7958
batch:499 average train loss 1.7752
average train loss 1.7817
Train Consuming time:65.46 in the epoch: 20
total val iterations: 125 
average val loss 1.9190
accuracy ( less than 0.1 ): 0.2296
median val loss 0.5521
total test iterations: 125 
average test loss 1.8023
accuracy ( less than 0.1 ): 0.2286
median test loss 0.5348
Consuming time:85.52 in the epoch: 20
Best test loss is 1.80
---------------*****---------------
---------------*****---------------
Starting training the epoch: 21 
total batch: 581.6875 
batch:99 average train loss 1.6857
batch:199 average train loss 1.7487
batch:299 average train loss 1.7626
batch:399 average train loss 1.7850
batch:499 average train loss 1.7652
average train loss 1.7725
Train Consuming time:65.89 in the epoch: 21
total val iterations: 125 
average val loss 1.9194
accuracy ( less than 0.1 ): 0.2279
median val loss 0.5483
total test iterations: 125 
average test loss 1.8031
accuracy ( less than 0.1 ): 0.2262
median test loss 0.5284
Consuming time:85.81 in the epoch: 21
Best test loss is 1.80
---------------*****---------------
---------------*****---------------
Starting training the epoch: 22 
total batch: 581.6875 
batch:99 average train loss 1.6833
batch:199 average train loss 1.7454
batch:299 average train loss 1.7593
batch:399 average train loss 1.7818
batch:499 average train loss 1.7618
average train loss 1.7695
Train Consuming time:66.23 in the epoch: 22
total val iterations: 125 
average val loss 1.9190
accuracy ( less than 0.1 ): 0.2283
median val loss 0.5497
total test iterations: 125 
average test loss 1.8032
accuracy ( less than 0.1 ): 0.2253
median test loss 0.5247
Consuming time:86.74 in the epoch: 22
Best test loss is 1.80
---------------*****---------------
---------------*****---------------
Starting training the epoch: 23 
total batch: 581.6875 
batch:99 average train loss 1.6826
batch:199 average train loss 1.7437
batch:299 average train loss 1.7571
batch:399 average train loss 1.7789
batch:499 average train loss 1.7593
average train loss 1.7672
Train Consuming time:66.48 in the epoch: 23
total val iterations: 125 
average val loss 1.9191
accuracy ( less than 0.1 ): 0.2288
median val loss 0.5462
total test iterations: 125 
average test loss 1.8026
accuracy ( less than 0.1 ): 0.2248
median test loss 0.5242
Consuming time:87.00 in the epoch: 23
Best test loss is 1.80
---------------*****---------------
---------------*****---------------
Starting training the epoch: 24 
total batch: 581.6875 
batch:99 average train loss 1.6819
batch:199 average train loss 1.7425
batch:299 average train loss 1.7555
batch:399 average train loss 1.7777
batch:499 average train loss 1.7580
average train loss 1.7660
Train Consuming time:66.84 in the epoch: 24
total val iterations: 125 
average val loss 1.9187
accuracy ( less than 0.1 ): 0.2286
median val loss 0.5506
total test iterations: 125 
average test loss 1.8020
accuracy ( less than 0.1 ): 0.2256
median test loss 0.5233
Consuming time:87.47 in the epoch: 24
Best test loss is 1.80
---------------*****---------------
---------------*****---------------
Starting training the epoch: 25 
total batch: 581.6875 
batch:99 average train loss 1.6804
batch:199 average train loss 1.7409
batch:299 average train loss 1.7541
batch:399 average train loss 1.7760
batch:499 average train loss 1.7563
average train loss 1.7651
Train Consuming time:66.58 in the epoch: 25
total val iterations: 125 
average val loss 1.9189
accuracy ( less than 0.1 ): 0.2285
median val loss 0.5477
total test iterations: 125 
average test loss 1.8023
accuracy ( less than 0.1 ): 0.2256
median test loss 0.5252
Consuming time:86.76 in the epoch: 25
Best test loss is 1.80
---------------*****---------------
---------------*****---------------
Starting training the epoch: 26 
total batch: 581.6875 
batch:99 average train loss 1.6801
batch:199 average train loss 1.7400
batch:299 average train loss 1.7530
batch:399 average train loss 1.7751
batch:499 average train loss 1.7554
average train loss 1.7637
Train Consuming time:66.13 in the epoch: 26
total val iterations: 125 
average val loss 1.9190
accuracy ( less than 0.1 ): 0.2279
median val loss 0.5469
total test iterations: 125 
average test loss 1.8019
accuracy ( less than 0.1 ): 0.2253
median test loss 0.5255
Consuming time:86.67 in the epoch: 26
Best test loss is 1.80
---------------*****---------------
---------------*****---------------
Starting training the epoch: 27 
total batch: 581.6875 
batch:99 average train loss 1.6781
batch:199 average train loss 1.7382
batch:299 average train loss 1.7515
batch:399 average train loss 1.7737
batch:499 average train loss 1.7540
average train loss 1.7626
Train Consuming time:66.34 in the epoch: 27
total val iterations: 125 
average val loss 1.9191
accuracy ( less than 0.1 ): 0.2277
median val loss 0.5509
total test iterations: 125 
average test loss 1.8019
accuracy ( less than 0.1 ): 0.2251
median test loss 0.5262
Consuming time:86.13 in the epoch: 27
Best test loss is 1.80
---------------*****---------------
---------------*****---------------
Starting training the epoch: 28 
total batch: 581.6875 
batch:99 average train loss 1.6786
batch:199 average train loss 1.7382
batch:299 average train loss 1.7506
batch:399 average train loss 1.7727
batch:499 average train loss 1.7532
average train loss 1.7619
Train Consuming time:65.94 in the epoch: 28
total val iterations: 125 
average val loss 1.9190
accuracy ( less than 0.1 ): 0.2271
median val loss 0.5496
total test iterations: 125 
average test loss 1.8013
accuracy ( less than 0.1 ): 0.2244
median test loss 0.5269
Consuming time:86.23 in the epoch: 28
Best test loss is 1.80
---------------*****---------------
---------------*****---------------
Starting training the epoch: 29 
total batch: 581.6875 
batch:99 average train loss 1.6770
batch:199 average train loss 1.7366
batch:299 average train loss 1.7498
batch:399 average train loss 1.7720
batch:499 average train loss 1.7524
average train loss 1.7610
Train Consuming time:65.97 in the epoch: 29
total val iterations: 125 
average val loss 1.9188
accuracy ( less than 0.1 ): 0.2269
median val loss 0.5485
total test iterations: 125 
average test loss 1.8008
accuracy ( less than 0.1 ): 0.2248
median test loss 0.5249
Consuming time:86.13 in the epoch: 29
Best test loss is 1.80
---------------*****---------------
---------------*****---------------
Starting training the epoch: 30 
total batch: 581.6875 
batch:99 average train loss 1.6767
batch:199 average train loss 1.7357
batch:299 average train loss 1.7486
batch:399 average train loss 1.7710
batch:499 average train loss 1.7514
average train loss 1.7603
Train Consuming time:66.15 in the epoch: 30
total val iterations: 125 
average val loss 1.9185
accuracy ( less than 0.1 ): 0.2281
median val loss 0.5525
total test iterations: 125 
average test loss 1.8007
accuracy ( less than 0.1 ): 0.2264
median test loss 0.5265
Consuming time:86.49 in the epoch: 30
Best test loss is 1.80
---------------*****---------------
---------------*****---------------
Starting training the epoch: 31 
total batch: 581.6875 
batch:99 average train loss 1.6753
batch:199 average train loss 1.7348
batch:299 average train loss 1.7479
batch:399 average train loss 1.7701
batch:499 average train loss 1.7506
average train loss 1.7594
Train Consuming time:66.25 in the epoch: 31
total val iterations: 125 
average val loss 1.9183
accuracy ( less than 0.1 ): 0.2271
median val loss 0.5511
total test iterations: 125 
average test loss 1.8007
accuracy ( less than 0.1 ): 0.2249
median test loss 0.5265
Consuming time:86.60 in the epoch: 31
Best test loss is 1.80
---------------*****---------------
---------------*****---------------
Starting training the epoch: 32 
total batch: 581.6875 
batch:99 average train loss 1.6746
batch:199 average train loss 1.7335
batch:299 average train loss 1.7469
batch:399 average train loss 1.7694
batch:499 average train loss 1.7498
average train loss 1.7587
Train Consuming time:66.66 in the epoch: 32
total val iterations: 125 
average val loss 1.9180
accuracy ( less than 0.1 ): 0.2269
median val loss 0.5516
total test iterations: 125 
average test loss 1.8008
accuracy ( less than 0.1 ): 0.2263
median test loss 0.5269
Consuming time:86.95 in the epoch: 32
Best test loss is 1.80
---------------*****---------------
---------------*****---------------
Starting training the epoch: 33 
total batch: 581.6875 
batch:99 average train loss 1.6741
batch:199 average train loss 1.7332
batch:299 average train loss 1.7461
batch:399 average train loss 1.7684
batch:499 average train loss 1.7490
average train loss 1.7583
Train Consuming time:66.18 in the epoch: 33
total val iterations: 125 
average val loss 1.9181
accuracy ( less than 0.1 ): 0.2271
median val loss 0.5517
total test iterations: 125 
average test loss 1.8007
accuracy ( less than 0.1 ): 0.2264
median test loss 0.5274
Consuming time:86.42 in the epoch: 33
Best test loss is 1.80
---------------*****---------------
---------------*****---------------
Starting training the epoch: 34 
total batch: 581.6875 
batch:99 average train loss 1.6725
batch:199 average train loss 1.7318
batch:299 average train loss 1.7450
batch:399 average train loss 1.7675
batch:499 average train loss 1.7480
average train loss 1.7570
Train Consuming time:65.99 in the epoch: 34
total val iterations: 125 
average val loss 1.9180
accuracy ( less than 0.1 ): 0.2274
median val loss 0.5535
total test iterations: 125 
average test loss 1.8007
accuracy ( less than 0.1 ): 0.2254
median test loss 0.5266
Consuming time:86.26 in the epoch: 34
Best test loss is 1.80
---------------*****---------------
---------------*****---------------
Starting training the epoch: 35 
total batch: 581.6875 
batch:99 average train loss 1.6724
batch:199 average train loss 1.7315
batch:299 average train loss 1.7448
batch:399 average train loss 1.7671
batch:499 average train loss 1.7475
average train loss 1.7568
Train Consuming time:66.03 in the epoch: 35
total val iterations: 125 
average val loss 1.9184
accuracy ( less than 0.1 ): 0.2282
median val loss 0.5510
total test iterations: 125 
average test loss 1.8010
accuracy ( less than 0.1 ): 0.2263
median test loss 0.5241
Consuming time:86.19 in the epoch: 35
Best test loss is 1.80
---------------*****---------------
---------------*****---------------
Starting training the epoch: 36 
total batch: 581.6875 
batch:99 average train loss 1.6722
batch:199 average train loss 1.7307
batch:299 average train loss 1.7439
batch:399 average train loss 1.7660
batch:499 average train loss 1.7468
average train loss 1.7560
Train Consuming time:65.71 in the epoch: 36
total val iterations: 125 
average val loss 1.9180
accuracy ( less than 0.1 ): 0.2271
median val loss 0.5538
total test iterations: 125 
average test loss 1.8009
accuracy ( less than 0.1 ): 0.2256
median test loss 0.5229
Consuming time:85.80 in the epoch: 36
Best test loss is 1.80
---------------*****---------------
---------------*****---------------
Starting training the epoch: 37 
total batch: 581.6875 
batch:99 average train loss 1.6700
batch:199 average train loss 1.7297
batch:299 average train loss 1.7435
batch:399 average train loss 1.7660
batch:499 average train loss 1.7462
average train loss 1.7554
Train Consuming time:65.83 in the epoch: 37
total val iterations: 125 
average val loss 1.9181
accuracy ( less than 0.1 ): 0.2273
median val loss 0.5528
total test iterations: 125 
average test loss 1.8010
accuracy ( less than 0.1 ): 0.2249
median test loss 0.5242
Consuming time:85.66 in the epoch: 37
Best test loss is 1.80
---------------*****---------------
---------------*****---------------
Starting training the epoch: 38 
total batch: 581.6875 
batch:99 average train loss 1.6700
batch:199 average train loss 1.7294
batch:299 average train loss 1.7428
batch:399 average train loss 1.7654
batch:499 average train loss 1.7460
average train loss 1.7552
Train Consuming time:65.86 in the epoch: 38
total val iterations: 125 
average val loss 1.9186
accuracy ( less than 0.1 ): 0.2277
median val loss 0.5518
total test iterations: 125 
average test loss 1.8011
accuracy ( less than 0.1 ): 0.2251
median test loss 0.5251
Consuming time:86.08 in the epoch: 38
Best test loss is 1.80
---------------*****---------------
---------------*****---------------
Starting training the epoch: 39 
total batch: 581.6875 
batch:99 average train loss 1.6699
batch:199 average train loss 1.7290
batch:299 average train loss 1.7422
batch:399 average train loss 1.7647
batch:499 average train loss 1.7452
average train loss 1.7545
Train Consuming time:65.93 in the epoch: 39
total val iterations: 125 
average val loss 1.9184
accuracy ( less than 0.1 ): 0.2283
median val loss 0.5519
total test iterations: 125 
average test loss 1.8012
accuracy ( less than 0.1 ): 0.2247
median test loss 0.5239
Consuming time:85.92 in the epoch: 39
Best test loss is 1.80
---------------*****---------------
---------------*****---------------
Starting training the epoch: 40 
total batch: 581.6875 
batch:99 average train loss 1.6689
batch:199 average train loss 1.7281
batch:299 average train loss 1.7419
batch:399 average train loss 1.7642
batch:499 average train loss 1.7450
average train loss 1.7543
Train Consuming time:66.73 in the epoch: 40
total val iterations: 125 
average val loss 1.9179
accuracy ( less than 0.1 ): 0.2276
median val loss 0.5520
total test iterations: 125 
average test loss 1.8012
accuracy ( less than 0.1 ): 0.2251
median test loss 0.5244
Consuming time:87.24 in the epoch: 40
Best test loss is 1.80
---------------*****---------------
---------------*****---------------
Starting training the epoch: 41 
total batch: 581.6875 
batch:99 average train loss 1.6680
batch:199 average train loss 1.7272
batch:299 average train loss 1.7412
batch:399 average train loss 1.7636
batch:499 average train loss 1.7443
average train loss 1.7535
Train Consuming time:66.52 in the epoch: 41
total val iterations: 125 
average val loss 1.9179
accuracy ( less than 0.1 ): 0.2286
median val loss 0.5528
total test iterations: 125 
average test loss 1.8012
accuracy ( less than 0.1 ): 0.2253
median test loss 0.5248
Consuming time:86.84 in the epoch: 41
Best test loss is 1.80
---------------*****---------------
---------------*****---------------
Starting training the epoch: 42 
total batch: 581.6875 
batch:99 average train loss 1.6679
batch:199 average train loss 1.7270
batch:299 average train loss 1.7407
batch:399 average train loss 1.7630
batch:499 average train loss 1.7437
average train loss 1.7531
Train Consuming time:66.58 in the epoch: 42
total val iterations: 125 
average val loss 1.9181
accuracy ( less than 0.1 ): 0.2278
median val loss 0.5541
total test iterations: 125 
average test loss 1.8013
accuracy ( less than 0.1 ): 0.2257
median test loss 0.5222
Consuming time:86.89 in the epoch: 42
Best test loss is 1.80
---------------*****---------------
---------------*****---------------
Starting training the epoch: 43 
total batch: 581.6875 
batch:99 average train loss 1.6673
batch:199 average train loss 1.7260
batch:299 average train loss 1.7401
batch:399 average train loss 1.7627
batch:499 average train loss 1.7433
average train loss 1.7527
Train Consuming time:66.25 in the epoch: 43
total val iterations: 125 
average val loss 1.9181
accuracy ( less than 0.1 ): 0.2279
median val loss 0.5516
total test iterations: 125 
average test loss 1.8015
accuracy ( less than 0.1 ): 0.2257
median test loss 0.5235
Consuming time:86.20 in the epoch: 43
Best test loss is 1.80
---------------*****---------------
---------------*****---------------
Starting training the epoch: 44 
total batch: 581.6875 
batch:99 average train loss 1.6683
batch:199 average train loss 1.7265
batch:299 average train loss 1.7404
batch:399 average train loss 1.7625
batch:499 average train loss 1.7431
average train loss 1.7526
Train Consuming time:66.22 in the epoch: 44
total val iterations: 125 
average val loss 1.9174
accuracy ( less than 0.1 ): 0.2278
median val loss 0.5526
total test iterations: 125 
average test loss 1.8013
accuracy ( less than 0.1 ): 0.2266
median test loss 0.5228
Consuming time:86.74 in the epoch: 44
Best test loss is 1.80
---------------*****---------------
---------------*****---------------
Starting training the epoch: 45 
total batch: 581.6875 
batch:99 average train loss 1.6660
batch:199 average train loss 1.7249
batch:299 average train loss 1.7387
batch:399 average train loss 1.7616
batch:499 average train loss 1.7422
average train loss 1.7518
Train Consuming time:66.16 in the epoch: 45
total val iterations: 125 
average val loss 1.9181
accuracy ( less than 0.1 ): 0.2283
median val loss 0.5519
total test iterations: 125 
average test loss 1.8013
accuracy ( less than 0.1 ): 0.2267
median test loss 0.5227
Consuming time:86.56 in the epoch: 45
Best test loss is 1.80
---------------*****---------------
---------------*****---------------
Starting training the epoch: 46 
total batch: 581.6875 
batch:99 average train loss 1.6665
batch:199 average train loss 1.7246
batch:299 average train loss 1.7385
batch:399 average train loss 1.7613
batch:499 average train loss 1.7419
average train loss 1.7513
Train Consuming time:65.91 in the epoch: 46
total val iterations: 125 
average val loss 1.9179
accuracy ( less than 0.1 ): 0.2292
median val loss 0.5520
total test iterations: 125 
average test loss 1.8015
accuracy ( less than 0.1 ): 0.2268
median test loss 0.5224
Consuming time:85.85 in the epoch: 46
Best test loss is 1.80
---------------*****---------------
---------------*****---------------
Starting training the epoch: 47 
total batch: 581.6875 
batch:99 average train loss 1.6644
batch:199 average train loss 1.7233
batch:299 average train loss 1.7371
batch:399 average train loss 1.7602
batch:499 average train loss 1.7410
average train loss 1.7505
Train Consuming time:66.07 in the epoch: 47
total val iterations: 125 
average val loss 1.9175
accuracy ( less than 0.1 ): 0.2283
median val loss 0.5506
total test iterations: 125 
average test loss 1.8016
accuracy ( less than 0.1 ): 0.2272
median test loss 0.5240
Consuming time:86.26 in the epoch: 47
Best test loss is 1.80
---------------*****---------------
---------------*****---------------
Starting training the epoch: 48 
total batch: 581.6875 
batch:99 average train loss 1.6651
batch:199 average train loss 1.7241
batch:299 average train loss 1.7375
batch:399 average train loss 1.7602
batch:499 average train loss 1.7408
average train loss 1.7505
Train Consuming time:66.53 in the epoch: 48
total val iterations: 125 
average val loss 1.9176
accuracy ( less than 0.1 ): 0.2283
median val loss 0.5512
total test iterations: 125 
average test loss 1.8016
accuracy ( less than 0.1 ): 0.2268
median test loss 0.5239
Consuming time:86.82 in the epoch: 48
Best test loss is 1.80
---------------*****---------------
---------------*****---------------
Starting training the epoch: 49 
total batch: 581.6875 
batch:99 average train loss 1.6655
batch:199 average train loss 1.7237
batch:299 average train loss 1.7368
batch:399 average train loss 1.7596
batch:499 average train loss 1.7403
average train loss 1.7500
Train Consuming time:66.76 in the epoch: 49
total val iterations: 125 
average val loss 1.9171
accuracy ( less than 0.1 ): 0.2281
median val loss 0.5506
total test iterations: 125 
average test loss 1.8015
accuracy ( less than 0.1 ): 0.2268
median test loss 0.5225
Consuming time:87.09 in the epoch: 49
Best test loss is 1.80
---------------*****---------------
