===================configuration===================
learning rate :0.001 
num_mlp_layers : 1
num_layers : 2
gnn input_features : 100
gnn output_features : 64
input of rnn/transformer : 64
hidden_size (out put of rnn/tranformer) : 64
observation hour [7,19]
observation interval : 360
observation threshold : 10800
prediction time : 86400
cascade length [5,100]
model save at : ../model_save/cas2vec/weibo3/
====bidirected: True, attention: GAT, gcn_type: self, rnn: gru====
===================configuration===================
len(Y_train), len(Y_valid), len(Y_test): 40150 8604 8604
preparing time:124.89321851730347
total parameters 86045
---------------*****---------------
Starting training the epoch: 0 
total batch: 627.34375 
batch:99 average train loss 3.0639
batch:199 average train loss 2.8504
batch:299 average train loss 2.6225
batch:399 average train loss 2.4821
batch:499 average train loss 2.3766
batch:599 average train loss 2.3177
average train loss 2.3039
Train Consuming time:287.00 in the epoch: 0
total val iterations: 135 
average val loss 2.1328
accuracy ( less than 0.1 ): 0.0782
median val loss 0.7083
total test iterations: 135 
average test loss 2.0349
accuracy ( less than 0.1 ): 0.0800
median test loss 0.6564
Consuming time:391.68 in the epoch: 0
Best test loss is 2.03
---------------*****---------------
---------------*****---------------
Starting training the epoch: 1 
total batch: 627.34375 
batch:99 average train loss 1.9841
batch:199 average train loss 2.0089
batch:299 average train loss 1.9783
batch:399 average train loss 1.9623
batch:499 average train loss 1.9373
batch:599 average train loss 1.9342
average train loss 1.9323
Train Consuming time:158.87 in the epoch: 1
total val iterations: 135 
average val loss 1.9416
accuracy ( less than 0.1 ): 0.1068
median val loss 0.5646
total test iterations: 135 
average test loss 1.8398
accuracy ( less than 0.1 ): 0.1034
median test loss 0.5344
Consuming time:210.60 in the epoch: 1
Best test loss is 1.84
---------------*****---------------
---------------*****---------------
Starting training the epoch: 2 
total batch: 627.34375 
batch:99 average train loss 1.9067
batch:199 average train loss 1.9289
batch:299 average train loss 1.9033
batch:399 average train loss 1.8960
batch:499 average train loss 1.8765
batch:599 average train loss 1.8770
average train loss 1.8757
Train Consuming time:159.51 in the epoch: 2
total val iterations: 135 
average val loss 1.8688
accuracy ( less than 0.1 ): 0.1226
median val loss 0.5343
total test iterations: 135 
average test loss 1.7674
accuracy ( less than 0.1 ): 0.1226
median test loss 0.5070
Consuming time:210.34 in the epoch: 2
Best test loss is 1.77
---------------*****---------------
---------------*****---------------
Starting training the epoch: 3 
total batch: 627.34375 
batch:99 average train loss 1.8636
batch:199 average train loss 1.8837
batch:299 average train loss 1.8567
batch:399 average train loss 1.8556
batch:499 average train loss 1.8393
batch:599 average train loss 1.8414
average train loss 1.8405
Train Consuming time:162.53 in the epoch: 3
total val iterations: 135 
average val loss 1.8644
accuracy ( less than 0.1 ): 0.1301
median val loss 0.5779
total test iterations: 135 
average test loss 1.7719
accuracy ( less than 0.1 ): 0.1250
median test loss 0.5396
Consuming time:215.20 in the epoch: 3
Best test loss is 1.77
---------------*****---------------
---------------*****---------------
Starting training the epoch: 4 
total batch: 627.34375 
batch:99 average train loss 1.8376
batch:199 average train loss 1.8614
batch:299 average train loss 1.8326
batch:399 average train loss 1.8308
batch:499 average train loss 1.8161
batch:599 average train loss 1.8206
average train loss 1.8201
Train Consuming time:161.44 in the epoch: 4
total val iterations: 135 
average val loss 1.8274
accuracy ( less than 0.1 ): 0.1283
median val loss 0.5394
total test iterations: 135 
average test loss 1.7354
accuracy ( less than 0.1 ): 0.1269
median test loss 0.5106
Consuming time:212.69 in the epoch: 4
Best test loss is 1.74
---------------*****---------------
---------------*****---------------
Starting training the epoch: 5 
total batch: 627.34375 
batch:99 average train loss 1.8194
batch:199 average train loss 1.8355
batch:299 average train loss 1.8070
batch:399 average train loss 1.8066
batch:499 average train loss 1.7936
batch:599 average train loss 1.7960
average train loss 1.7962
Train Consuming time:162.32 in the epoch: 5
total val iterations: 135 
average val loss 1.8691
accuracy ( less than 0.1 ): 0.1035
median val loss 0.5676
total test iterations: 135 
average test loss 1.7855
accuracy ( less than 0.1 ): 0.1023
median test loss 0.5407
Consuming time:214.10 in the epoch: 5
Best test loss is 1.74
---------------*****---------------
---------------*****---------------
Starting training the epoch: 6 
total batch: 627.34375 
batch:99 average train loss 1.7951
batch:199 average train loss 1.8131
batch:299 average train loss 1.7858
batch:399 average train loss 1.7852
batch:499 average train loss 1.7723
batch:599 average train loss 1.7750
average train loss 1.7755
Train Consuming time:162.40 in the epoch: 6
total val iterations: 135 
average val loss 1.8447
accuracy ( less than 0.1 ): 0.1101
median val loss 0.5571
total test iterations: 135 
average test loss 1.7634
accuracy ( less than 0.1 ): 0.1102
median test loss 0.5276
Consuming time:214.13 in the epoch: 6
Best test loss is 1.74
---------------*****---------------
---------------*****---------------
Starting training the epoch: 7 
total batch: 627.34375 
batch:99 average train loss 1.7861
batch:199 average train loss 1.8008
batch:299 average train loss 1.7720
batch:399 average train loss 1.7696
batch:499 average train loss 1.7591
batch:599 average train loss 1.7616
average train loss 1.7615
Train Consuming time:161.23 in the epoch: 7
total val iterations: 135 
average val loss 1.8057
accuracy ( less than 0.1 ): 0.1184
median val loss 0.5277
total test iterations: 135 
average test loss 1.7269
accuracy ( less than 0.1 ): 0.1159
median test loss 0.5045
Consuming time:212.60 in the epoch: 7
Best test loss is 1.73
---------------*****---------------
---------------*****---------------
Starting training the epoch: 8 
total batch: 627.34375 
batch:99 average train loss 1.7665
batch:199 average train loss 1.7861
batch:299 average train loss 1.7590
batch:399 average train loss 1.7573
batch:499 average train loss 1.7462
batch:599 average train loss 1.7484
average train loss 1.7487
Train Consuming time:161.38 in the epoch: 8
total val iterations: 135 
average val loss 1.8269
accuracy ( less than 0.1 ): 0.1077
median val loss 0.5372
total test iterations: 135 
average test loss 1.7409
accuracy ( less than 0.1 ): 0.1052
median test loss 0.5039
Consuming time:212.74 in the epoch: 8
Best test loss is 1.73
---------------*****---------------
---------------*****---------------
Starting training the epoch: 9 
total batch: 627.34375 
batch:99 average train loss 1.7620
batch:199 average train loss 1.7781
batch:299 average train loss 1.7494
batch:399 average train loss 1.7475
batch:499 average train loss 1.7347
batch:599 average train loss 1.7353
average train loss 1.7357
Train Consuming time:161.67 in the epoch: 9
total val iterations: 135 
average val loss 1.8180
accuracy ( less than 0.1 ): 0.1047
median val loss 0.5229
total test iterations: 135 
average test loss 1.7359
accuracy ( less than 0.1 ): 0.1076
median test loss 0.4965
Consuming time:213.25 in the epoch: 9
Best test loss is 1.73
---------------*****---------------
---------------*****---------------
Starting training the epoch: 10 
total batch: 627.34375 
batch:99 average train loss 1.7484
batch:199 average train loss 1.7614
batch:299 average train loss 1.7333
batch:399 average train loss 1.7338
batch:499 average train loss 1.7224
batch:599 average train loss 1.7240
average train loss 1.7250
Train Consuming time:162.94 in the epoch: 10
total val iterations: 135 
average val loss 1.8200
accuracy ( less than 0.1 ): 0.1054
median val loss 0.5274
total test iterations: 135 
average test loss 1.7373
accuracy ( less than 0.1 ): 0.1055
median test loss 0.4999
Consuming time:215.38 in the epoch: 10
Best test loss is 1.73
---------------*****---------------
---------------*****---------------
Starting training the epoch: 11 
total batch: 627.34375 
batch:99 average train loss 1.7404
batch:199 average train loss 1.7569
batch:299 average train loss 1.7341
batch:399 average train loss 1.7302
batch:499 average train loss 1.7190
batch:599 average train loss 1.7191
average train loss 1.7192
Train Consuming time:163.20 in the epoch: 11
total val iterations: 135 
average val loss 1.8121
accuracy ( less than 0.1 ): 0.1061
median val loss 0.5231
total test iterations: 135 
average test loss 1.7323
accuracy ( less than 0.1 ): 0.1060
median test loss 0.4956
Consuming time:215.80 in the epoch: 11
Best test loss is 1.73
---------------*****---------------
---------------*****---------------
Starting training the epoch: 12 
total batch: 627.34375 
batch:99 average train loss 1.7314
batch:199 average train loss 1.7505
batch:299 average train loss 1.7212
batch:399 average train loss 1.7191
batch:499 average train loss 1.7099
batch:599 average train loss 1.7115
average train loss 1.7119
Train Consuming time:162.91 in the epoch: 12
total val iterations: 135 
average val loss 1.8361
accuracy ( less than 0.1 ): 0.1111
median val loss 0.5487
total test iterations: 135 
average test loss 1.7514
accuracy ( less than 0.1 ): 0.1090
median test loss 0.5254
Consuming time:215.38 in the epoch: 12
Best test loss is 1.73
---------------*****---------------
---------------*****---------------
Starting training the epoch: 13 
total batch: 627.34375 
batch:99 average train loss 1.7158
batch:199 average train loss 1.7384
batch:299 average train loss 1.7144
batch:399 average train loss 1.7130
batch:499 average train loss 1.7029
batch:599 average train loss 1.7034
average train loss 1.7038
Train Consuming time:162.89 in the epoch: 13
total val iterations: 135 
average val loss 1.8194
accuracy ( less than 0.1 ): 0.1006
median val loss 0.5234
total test iterations: 135 
average test loss 1.7381
accuracy ( less than 0.1 ): 0.1032
median test loss 0.4982
Consuming time:214.59 in the epoch: 13
Best test loss is 1.73
---------------*****---------------
---------------*****---------------
Starting training the epoch: 14 
total batch: 627.34375 
batch:99 average train loss 1.7034
batch:199 average train loss 1.7257
batch:299 average train loss 1.7039
batch:399 average train loss 1.7029
batch:499 average train loss 1.6934
batch:599 average train loss 1.6962
average train loss 1.6965
Train Consuming time:161.25 in the epoch: 14
total val iterations: 135 
average val loss 1.8017
accuracy ( less than 0.1 ): 0.1103
median val loss 0.5106
total test iterations: 135 
average test loss 1.7165
accuracy ( less than 0.1 ): 0.1111
median test loss 0.4849
Consuming time:213.00 in the epoch: 14
Best test loss is 1.72
---------------*****---------------
---------------*****---------------
Starting training the epoch: 15 
total batch: 627.34375 
batch:99 average train loss 1.7041
batch:199 average train loss 1.7264
batch:299 average train loss 1.6980
batch:399 average train loss 1.6956
batch:499 average train loss 1.6858
batch:599 average train loss 1.6873
average train loss 1.6873
Train Consuming time:160.76 in the epoch: 15
total val iterations: 135 
average val loss 1.7818
accuracy ( less than 0.1 ): 0.1105
median val loss 0.5136
total test iterations: 135 
average test loss 1.7116
accuracy ( less than 0.1 ): 0.1132
median test loss 0.4891
Consuming time:212.23 in the epoch: 15
Best test loss is 1.71
---------------*****---------------
---------------*****---------------
Starting training the epoch: 16 
total batch: 627.34375 
batch:99 average train loss 1.6960
batch:199 average train loss 1.7192
batch:299 average train loss 1.6939
batch:399 average train loss 1.6942
batch:499 average train loss 1.6821
batch:599 average train loss 1.6839
average train loss 1.6842
Train Consuming time:161.34 in the epoch: 16
total val iterations: 135 
average val loss 1.8057
accuracy ( less than 0.1 ): 0.1028
median val loss 0.5172
total test iterations: 135 
average test loss 1.7282
accuracy ( less than 0.1 ): 0.1066
median test loss 0.4951
Consuming time:212.99 in the epoch: 16
Best test loss is 1.71
---------------*****---------------
---------------*****---------------
Starting training the epoch: 17 
total batch: 627.34375 
batch:99 average train loss 1.6908
batch:199 average train loss 1.7131
batch:299 average train loss 1.6889
batch:399 average train loss 1.6895
batch:499 average train loss 1.6782
batch:599 average train loss 1.6786
average train loss 1.6777
Train Consuming time:162.81 in the epoch: 17
total val iterations: 135 
average val loss 1.8032
accuracy ( less than 0.1 ): 0.1116
median val loss 0.5245
total test iterations: 135 
average test loss 1.7371
accuracy ( less than 0.1 ): 0.1123
median test loss 0.5012
Consuming time:215.36 in the epoch: 17
Best test loss is 1.71
---------------*****---------------
---------------*****---------------
Starting training the epoch: 18 
total batch: 627.34375 
batch:99 average train loss 1.6934
batch:199 average train loss 1.7103
batch:299 average train loss 1.6841
batch:399 average train loss 1.6807
batch:499 average train loss 1.6701
batch:599 average train loss 1.6699
average train loss 1.6699
Train Consuming time:162.48 in the epoch: 18
total val iterations: 135 
average val loss 1.7931
accuracy ( less than 0.1 ): 0.1153
median val loss 0.5407
total test iterations: 135 
average test loss 1.7216
accuracy ( less than 0.1 ): 0.1164
median test loss 0.5103
Consuming time:214.47 in the epoch: 18
Best test loss is 1.71
---------------*****---------------
---------------*****---------------
Starting training the epoch: 19 
total batch: 627.34375 
batch:99 average train loss 1.6873
batch:199 average train loss 1.7058
batch:299 average train loss 1.6753
batch:399 average train loss 1.6739
batch:499 average train loss 1.6648
batch:599 average train loss 1.6645
average train loss 1.6643
Train Consuming time:161.95 in the epoch: 19
total val iterations: 135 
average val loss 1.7949
accuracy ( less than 0.1 ): 0.1040
median val loss 0.4988
total test iterations: 135 
average test loss 1.7324
accuracy ( less than 0.1 ): 0.1087
median test loss 0.4961
Consuming time:213.95 in the epoch: 19
Best test loss is 1.71
---------------*****---------------
---------------*****---------------
Starting training the epoch: 20 
total batch: 627.34375 
batch:99 average train loss 1.6954
batch:199 average train loss 1.6953
batch:299 average train loss 1.6577
batch:399 average train loss 1.6445
batch:499 average train loss 1.6268
batch:599 average train loss 1.6179
average train loss 1.6141
Train Consuming time:162.31 in the epoch: 20
total val iterations: 135 
average val loss 1.7316
accuracy ( less than 0.1 ): 0.1677
median val loss 0.5244
total test iterations: 135 
average test loss 1.6665
accuracy ( less than 0.1 ): 0.1672
median test loss 0.4949
Consuming time:214.20 in the epoch: 20
Best test loss is 1.67
---------------*****---------------
---------------*****---------------
Starting training the epoch: 21 
total batch: 627.34375 
batch:99 average train loss 1.6550
batch:199 average train loss 1.6622
batch:299 average train loss 1.6282
batch:399 average train loss 1.6200
batch:499 average train loss 1.6052
batch:599 average train loss 1.5992
average train loss 1.5964
Train Consuming time:161.43 in the epoch: 21
total val iterations: 135 
average val loss 1.7292
accuracy ( less than 0.1 ): 0.1718
median val loss 0.5256
total test iterations: 135 
average test loss 1.6601
accuracy ( less than 0.1 ): 0.1686
median test loss 0.4923
Consuming time:212.94 in the epoch: 21
Best test loss is 1.66
---------------*****---------------
---------------*****---------------
Starting training the epoch: 22 
total batch: 627.34375 
batch:99 average train loss 1.6443
batch:199 average train loss 1.6538
batch:299 average train loss 1.6209
batch:399 average train loss 1.6135
batch:499 average train loss 1.5988
batch:599 average train loss 1.5938
average train loss 1.5913
Train Consuming time:160.87 in the epoch: 22
total val iterations: 135 
average val loss 1.7290
accuracy ( less than 0.1 ): 0.1709
median val loss 0.5209
total test iterations: 135 
average test loss 1.6580
accuracy ( less than 0.1 ): 0.1673
median test loss 0.4927
Consuming time:212.08 in the epoch: 22
Best test loss is 1.66
---------------*****---------------
---------------*****---------------
Starting training the epoch: 23 
total batch: 627.34375 
batch:99 average train loss 1.6397
batch:199 average train loss 1.6499
batch:299 average train loss 1.6168
batch:399 average train loss 1.6097
batch:499 average train loss 1.5949
batch:599 average train loss 1.5902
average train loss 1.5880
Train Consuming time:164.34 in the epoch: 23
total val iterations: 135 
average val loss 1.7289
accuracy ( less than 0.1 ): 0.1709
median val loss 0.5215
total test iterations: 135 
average test loss 1.6561
accuracy ( less than 0.1 ): 0.1655
median test loss 0.4891
Consuming time:217.68 in the epoch: 23
Best test loss is 1.66
---------------*****---------------
---------------*****---------------
Starting training the epoch: 24 
total batch: 627.34375 
batch:99 average train loss 1.6367
batch:199 average train loss 1.6479
batch:299 average train loss 1.6143
batch:399 average train loss 1.6071
batch:499 average train loss 1.5924
batch:599 average train loss 1.5881
average train loss 1.5858
Train Consuming time:164.76 in the epoch: 24
total val iterations: 135 
average val loss 1.7278
accuracy ( less than 0.1 ): 0.1704
median val loss 0.5198
total test iterations: 135 
average test loss 1.6548
accuracy ( less than 0.1 ): 0.1660
median test loss 0.4905
Consuming time:218.70 in the epoch: 24
Best test loss is 1.65
---------------*****---------------
---------------*****---------------
Starting training the epoch: 25 
total batch: 627.34375 
batch:99 average train loss 1.6333
batch:199 average train loss 1.6442
batch:299 average train loss 1.6113
batch:399 average train loss 1.6043
batch:499 average train loss 1.5900
batch:599 average train loss 1.5859
average train loss 1.5837
Train Consuming time:166.01 in the epoch: 25
total val iterations: 135 
average val loss 1.7267
accuracy ( less than 0.1 ): 0.1698
median val loss 0.5208
total test iterations: 135 
average test loss 1.6540
accuracy ( less than 0.1 ): 0.1653
median test loss 0.4913
Consuming time:219.86 in the epoch: 25
Best test loss is 1.65
---------------*****---------------
---------------*****---------------
Starting training the epoch: 26 
total batch: 627.34375 
batch:99 average train loss 1.6307
batch:199 average train loss 1.6420
batch:299 average train loss 1.6088
batch:399 average train loss 1.6024
batch:499 average train loss 1.5877
batch:599 average train loss 1.5838
average train loss 1.5817
Train Consuming time:165.60 in the epoch: 26
total val iterations: 135 
average val loss 1.7262
accuracy ( less than 0.1 ): 0.1712
median val loss 0.5178
total test iterations: 135 
average test loss 1.6534
accuracy ( less than 0.1 ): 0.1658
median test loss 0.4937
Consuming time:218.90 in the epoch: 26
Best test loss is 1.65
---------------*****---------------
---------------*****---------------
Starting training the epoch: 27 
total batch: 627.34375 
batch:99 average train loss 1.6285
batch:199 average train loss 1.6399
batch:299 average train loss 1.6068
batch:399 average train loss 1.6005
batch:499 average train loss 1.5860
batch:599 average train loss 1.5822
average train loss 1.5801
Train Consuming time:164.82 in the epoch: 27
total val iterations: 135 
average val loss 1.7256
accuracy ( less than 0.1 ): 0.1707
median val loss 0.5229
total test iterations: 135 
average test loss 1.6525
accuracy ( less than 0.1 ): 0.1658
median test loss 0.4957
Consuming time:218.02 in the epoch: 27
Best test loss is 1.65
---------------*****---------------
---------------*****---------------
Starting training the epoch: 28 
total batch: 627.34375 
batch:99 average train loss 1.6289
batch:199 average train loss 1.6394
batch:299 average train loss 1.6062
batch:399 average train loss 1.5995
batch:499 average train loss 1.5850
batch:599 average train loss 1.5812
average train loss 1.5791
Train Consuming time:164.73 in the epoch: 28
total val iterations: 135 
average val loss 1.7251
accuracy ( less than 0.1 ): 0.1701
median val loss 0.5226
total test iterations: 135 
average test loss 1.6522
accuracy ( less than 0.1 ): 0.1664
median test loss 0.4932
Consuming time:217.95 in the epoch: 28
Best test loss is 1.65
---------------*****---------------
---------------*****---------------
Starting training the epoch: 29 
total batch: 627.34375 
batch:99 average train loss 1.6253
batch:199 average train loss 1.6370
batch:299 average train loss 1.6040
batch:399 average train loss 1.5978
batch:499 average train loss 1.5832
batch:599 average train loss 1.5795
average train loss 1.5776
Train Consuming time:165.08 in the epoch: 29
total val iterations: 135 
average val loss 1.7253
accuracy ( less than 0.1 ): 0.1695
median val loss 0.5223
total test iterations: 135 
average test loss 1.6516
accuracy ( less than 0.1 ): 0.1664
median test loss 0.4914
Consuming time:217.69 in the epoch: 29
Best test loss is 1.65
---------------*****---------------
---------------*****---------------
Starting training the epoch: 30 
total batch: 627.34375 
batch:99 average train loss 1.6224
batch:199 average train loss 1.6346
batch:299 average train loss 1.6020
batch:399 average train loss 1.5960
batch:499 average train loss 1.5817
batch:599 average train loss 1.5781
average train loss 1.5762
Train Consuming time:164.67 in the epoch: 30
total val iterations: 135 
average val loss 1.7247
accuracy ( less than 0.1 ): 0.1705
median val loss 0.5237
total test iterations: 135 
average test loss 1.6517
accuracy ( less than 0.1 ): 0.1671
median test loss 0.4928
Consuming time:217.76 in the epoch: 30
Best test loss is 1.65
---------------*****---------------
---------------*****---------------
Starting training the epoch: 31 
total batch: 627.34375 
batch:99 average train loss 1.6222
batch:199 average train loss 1.6337
batch:299 average train loss 1.6010
batch:399 average train loss 1.5950
batch:499 average train loss 1.5807
batch:599 average train loss 1.5771
average train loss 1.5754
Train Consuming time:164.83 in the epoch: 31
total val iterations: 135 
average val loss 1.7246
accuracy ( less than 0.1 ): 0.1713
median val loss 0.5241
total test iterations: 135 
average test loss 1.6511
accuracy ( less than 0.1 ): 0.1666
median test loss 0.4946
Consuming time:217.87 in the epoch: 31
Best test loss is 1.65
---------------*****---------------
---------------*****---------------
Starting training the epoch: 32 
total batch: 627.34375 
batch:99 average train loss 1.6206
batch:199 average train loss 1.6322
batch:299 average train loss 1.5997
batch:399 average train loss 1.5937
batch:499 average train loss 1.5796
batch:599 average train loss 1.5762
average train loss 1.5744
Train Consuming time:162.13 in the epoch: 32
total val iterations: 135 
average val loss 1.7237
accuracy ( less than 0.1 ): 0.1706
median val loss 0.5230
total test iterations: 135 
average test loss 1.6504
accuracy ( less than 0.1 ): 0.1674
median test loss 0.4912
Consuming time:211.17 in the epoch: 32
Best test loss is 1.65
---------------*****---------------
---------------*****---------------
Starting training the epoch: 33 
total batch: 627.34375 
batch:99 average train loss 1.6189
batch:199 average train loss 1.6312
batch:299 average train loss 1.5990
batch:399 average train loss 1.5930
batch:499 average train loss 1.5788
batch:599 average train loss 1.5756
average train loss 1.5738
Train Consuming time:158.25 in the epoch: 33
total val iterations: 135 
average val loss 1.7237
accuracy ( less than 0.1 ): 0.1693
median val loss 0.5229
total test iterations: 135 
average test loss 1.6501
accuracy ( less than 0.1 ): 0.1659
median test loss 0.4935
Consuming time:207.47 in the epoch: 33
Best test loss is 1.65
---------------*****---------------
---------------*****---------------
Starting training the epoch: 34 
total batch: 627.34375 
batch:99 average train loss 1.6181
batch:199 average train loss 1.6298
batch:299 average train loss 1.5976
batch:399 average train loss 1.5915
batch:499 average train loss 1.5773
batch:599 average train loss 1.5744
average train loss 1.5726
Train Consuming time:158.26 in the epoch: 34
total val iterations: 135 
average val loss 1.7231
accuracy ( less than 0.1 ): 0.1688
median val loss 0.5232
total test iterations: 135 
average test loss 1.6499
accuracy ( less than 0.1 ): 0.1650
median test loss 0.4945
Consuming time:206.48 in the epoch: 34
Best test loss is 1.65
---------------*****---------------
---------------*****---------------
Starting training the epoch: 35 
total batch: 627.34375 
batch:99 average train loss 1.6166
batch:199 average train loss 1.6287
batch:299 average train loss 1.5967
batch:399 average train loss 1.5912
batch:499 average train loss 1.5769
batch:599 average train loss 1.5741
average train loss 1.5723
Train Consuming time:154.86 in the epoch: 35
total val iterations: 135 
average val loss 1.7228
accuracy ( less than 0.1 ): 0.1687
median val loss 0.5235
total test iterations: 135 
average test loss 1.6493
accuracy ( less than 0.1 ): 0.1648
median test loss 0.4957
Consuming time:202.75 in the epoch: 35
Best test loss is 1.65
---------------*****---------------
---------------*****---------------
Starting training the epoch: 36 
total batch: 627.34375 
batch:99 average train loss 1.6157
batch:199 average train loss 1.6275
batch:299 average train loss 1.5951
batch:399 average train loss 1.5895
batch:499 average train loss 1.5754
batch:599 average train loss 1.5726
average train loss 1.5709
Train Consuming time:153.93 in the epoch: 36
total val iterations: 135 
average val loss 1.7224
accuracy ( less than 0.1 ): 0.1692
median val loss 0.5220
total test iterations: 135 
average test loss 1.6491
accuracy ( less than 0.1 ): 0.1658
median test loss 0.4961
Consuming time:201.85 in the epoch: 36
Best test loss is 1.65
---------------*****---------------
---------------*****---------------
Starting training the epoch: 37 
total batch: 627.34375 
batch:99 average train loss 1.6150
batch:199 average train loss 1.6271
batch:299 average train loss 1.5950
batch:399 average train loss 1.5892
batch:499 average train loss 1.5751
batch:599 average train loss 1.5725
average train loss 1.5707
Train Consuming time:154.05 in the epoch: 37
total val iterations: 135 
average val loss 1.7225
accuracy ( less than 0.1 ): 0.1691
median val loss 0.5245
total test iterations: 135 
average test loss 1.6490
accuracy ( less than 0.1 ): 0.1662
median test loss 0.4950
Consuming time:202.90 in the epoch: 37
Best test loss is 1.65
---------------*****---------------
---------------*****---------------
Starting training the epoch: 38 
total batch: 627.34375 
batch:99 average train loss 1.6121
batch:199 average train loss 1.6251
batch:299 average train loss 1.5934
batch:399 average train loss 1.5878
batch:499 average train loss 1.5739
batch:599 average train loss 1.5712
average train loss 1.5695
Train Consuming time:156.11 in the epoch: 38
total val iterations: 135 
average val loss 1.7222
accuracy ( less than 0.1 ): 0.1680
median val loss 0.5216
total test iterations: 135 
average test loss 1.6488
accuracy ( less than 0.1 ): 0.1650
median test loss 0.4947
Consuming time:204.80 in the epoch: 38
Best test loss is 1.65
---------------*****---------------
---------------*****---------------
Starting training the epoch: 39 
total batch: 627.34375 
batch:99 average train loss 1.6120
batch:199 average train loss 1.6241
batch:299 average train loss 1.5926
batch:399 average train loss 1.5874
batch:499 average train loss 1.5731
batch:599 average train loss 1.5704
average train loss 1.5687
Train Consuming time:156.16 in the epoch: 39
total val iterations: 135 
average val loss 1.7224
accuracy ( less than 0.1 ): 0.1686
median val loss 0.5241
total test iterations: 135 
average test loss 1.6485
accuracy ( less than 0.1 ): 0.1659
median test loss 0.4964
Consuming time:206.29 in the epoch: 39
Best test loss is 1.65
---------------*****---------------
---------------*****---------------
Starting training the epoch: 40 
total batch: 627.34375 
batch:99 average train loss 1.6114
batch:199 average train loss 1.6235
batch:299 average train loss 1.5921
batch:399 average train loss 1.5867
batch:499 average train loss 1.5724
batch:599 average train loss 1.5699
average train loss 1.5682
Train Consuming time:159.27 in the epoch: 40
total val iterations: 135 
average val loss 1.7220
accuracy ( less than 0.1 ): 0.1690
median val loss 0.5224
total test iterations: 135 
average test loss 1.6481
accuracy ( less than 0.1 ): 0.1657
median test loss 0.4953
Consuming time:209.82 in the epoch: 40
Best test loss is 1.65
---------------*****---------------
---------------*****---------------
Starting training the epoch: 41 
total batch: 627.34375 
batch:99 average train loss 1.6111
batch:199 average train loss 1.6233
batch:299 average train loss 1.5917
batch:399 average train loss 1.5867
batch:499 average train loss 1.5723
batch:599 average train loss 1.5698
average train loss 1.5681
Train Consuming time:156.45 in the epoch: 41
total val iterations: 135 
average val loss 1.7221
accuracy ( less than 0.1 ): 0.1698
median val loss 0.5245
total test iterations: 135 
average test loss 1.6483
accuracy ( less than 0.1 ): 0.1653
median test loss 0.4932
Consuming time:204.28 in the epoch: 41
Best test loss is 1.65
---------------*****---------------
---------------*****---------------
Starting training the epoch: 42 
total batch: 627.34375 
batch:99 average train loss 1.6102
batch:199 average train loss 1.6225
batch:299 average train loss 1.5904
batch:399 average train loss 1.5854
batch:499 average train loss 1.5714
batch:599 average train loss 1.5686
average train loss 1.5669
Train Consuming time:154.42 in the epoch: 42
total val iterations: 135 
average val loss 1.7219
accuracy ( less than 0.1 ): 0.1692
median val loss 0.5249
total test iterations: 135 
average test loss 1.6485
accuracy ( less than 0.1 ): 0.1651
median test loss 0.4954
Consuming time:202.61 in the epoch: 42
Best test loss is 1.65
---------------*****---------------
---------------*****---------------
Starting training the epoch: 43 
total batch: 627.34375 
batch:99 average train loss 1.6096
batch:199 average train loss 1.6218
batch:299 average train loss 1.5901
batch:399 average train loss 1.5851
batch:499 average train loss 1.5712
batch:599 average train loss 1.5685
average train loss 1.5668
Train Consuming time:155.54 in the epoch: 43
total val iterations: 135 
average val loss 1.7223
accuracy ( less than 0.1 ): 0.1693
median val loss 0.5246
total test iterations: 135 
average test loss 1.6484
accuracy ( less than 0.1 ): 0.1653
median test loss 0.4950
Consuming time:204.12 in the epoch: 43
Best test loss is 1.65
---------------*****---------------
---------------*****---------------
Starting training the epoch: 44 
total batch: 627.34375 
batch:99 average train loss 1.6083
batch:199 average train loss 1.6204
batch:299 average train loss 1.5888
batch:399 average train loss 1.5839
batch:499 average train loss 1.5702
batch:599 average train loss 1.5675
average train loss 1.5658
Train Consuming time:155.69 in the epoch: 44
total val iterations: 135 
average val loss 1.7218
accuracy ( less than 0.1 ): 0.1700
median val loss 0.5240
total test iterations: 135 
average test loss 1.6488
accuracy ( less than 0.1 ): 0.1655
median test loss 0.4938
Consuming time:204.31 in the epoch: 44
Best test loss is 1.65
---------------*****---------------
---------------*****---------------
Starting training the epoch: 45 
total batch: 627.34375 
batch:99 average train loss 1.6079
batch:199 average train loss 1.6207
batch:299 average train loss 1.5893
batch:399 average train loss 1.5843
batch:499 average train loss 1.5701
batch:599 average train loss 1.5676
average train loss 1.5659
Train Consuming time:156.16 in the epoch: 45
total val iterations: 135 
average val loss 1.7214
accuracy ( less than 0.1 ): 0.1704
median val loss 0.5238
total test iterations: 135 
average test loss 1.6477
accuracy ( less than 0.1 ): 0.1667
median test loss 0.4947
Consuming time:204.91 in the epoch: 45
Best test loss is 1.65
---------------*****---------------
---------------*****---------------
Starting training the epoch: 46 
total batch: 627.34375 
batch:99 average train loss 1.6067
batch:199 average train loss 1.6197
batch:299 average train loss 1.5883
batch:399 average train loss 1.5834
batch:499 average train loss 1.5696
batch:599 average train loss 1.5669
average train loss 1.5653
Train Consuming time:155.17 in the epoch: 46
total val iterations: 135 
average val loss 1.7220
accuracy ( less than 0.1 ): 0.1704
median val loss 0.5209
total test iterations: 135 
average test loss 1.6483
accuracy ( less than 0.1 ): 0.1662
median test loss 0.4951
Consuming time:203.18 in the epoch: 46
Best test loss is 1.65
---------------*****---------------
---------------*****---------------
Starting training the epoch: 47 
total batch: 627.34375 
batch:99 average train loss 1.6076
batch:199 average train loss 1.6193
batch:299 average train loss 1.5878
batch:399 average train loss 1.5828
batch:499 average train loss 1.5691
batch:599 average train loss 1.5666
average train loss 1.5650
Train Consuming time:156.94 in the epoch: 47
total val iterations: 135 
average val loss 1.7217
accuracy ( less than 0.1 ): 0.1707
median val loss 0.5213
total test iterations: 135 
average test loss 1.6483
accuracy ( less than 0.1 ): 0.1665
median test loss 0.4966
Consuming time:206.42 in the epoch: 47
Best test loss is 1.65
---------------*****---------------
---------------*****---------------
Starting training the epoch: 48 
total batch: 627.34375 
batch:99 average train loss 1.6071
batch:199 average train loss 1.6196
batch:299 average train loss 1.5877
batch:399 average train loss 1.5828
batch:499 average train loss 1.5690
batch:599 average train loss 1.5664
average train loss 1.5648
Train Consuming time:157.70 in the epoch: 48
total val iterations: 135 
average val loss 1.7214
accuracy ( less than 0.1 ): 0.1705
median val loss 0.5215
total test iterations: 135 
average test loss 1.6473
accuracy ( less than 0.1 ): 0.1663
median test loss 0.4966
Consuming time:207.60 in the epoch: 48
Best test loss is 1.65
---------------*****---------------
---------------*****---------------
Starting training the epoch: 49 
total batch: 627.34375 
batch:99 average train loss 1.6055
batch:199 average train loss 1.6184
batch:299 average train loss 1.5868
batch:399 average train loss 1.5822
batch:499 average train loss 1.5684
batch:599 average train loss 1.5659
average train loss 1.5642
Train Consuming time:158.45 in the epoch: 49
total val iterations: 135 
average val loss 1.7208
accuracy ( less than 0.1 ): 0.1702
median val loss 0.5204
total test iterations: 135 
average test loss 1.6478
accuracy ( less than 0.1 ): 0.1660
median test loss 0.4954
Consuming time:207.88 in the epoch: 49
Best test loss is 1.65
---------------*****---------------
