===================configuration===================
learning rate :0.0005 
num_mlp_layers : 1
num_layers : 2
gnn input_features : 100
gnn output_features : 64
input of rnn/transformer : 64
hidden_size (out put of rnn/tranformer) : 64
observation hour [7,19]
observation interval : 180
observation threshold : 3600
prediction time : 86400
cascade length [5,100]
model save at : ../model_save/cas2vec/weibo1/
====bidirected: True, attention: GAT, gcn_type: self, rnn: gru====
===================configuration===================
len(Y_train), len(Y_valid), len(Y_test): 37228 7978 7978
preparing time:120.32014203071594
total parameters 86025
---------------*****---------------
Starting training the epoch: 0 
total batch: 581.6875 
batch:99 average train loss 2.9856
batch:199 average train loss 2.7256
batch:299 average train loss 2.5632
batch:399 average train loss 2.4802
batch:499 average train loss 2.4010
average train loss 2.3727
Train Consuming time:1298.72 in the epoch: 0
total val iterations: 125 
average val loss 2.1722
accuracy ( less than 0.1 ): 0.1728
median val loss 0.5627
total test iterations: 125 
average test loss 2.0723
accuracy ( less than 0.1 ): 0.1712
median test loss 0.5797
Consuming time:1813.10 in the epoch: 0
Best test loss is 2.07
---------------*****---------------
---------------*****---------------
Starting training the epoch: 1 
total batch: 581.6875 
batch:99 average train loss 2.0215
batch:199 average train loss 2.0830
batch:299 average train loss 2.0876
batch:399 average train loss 2.0932
batch:499 average train loss 2.0728
average train loss 2.0794
Train Consuming time:84.17 in the epoch: 1
total val iterations: 125 
average val loss 2.1122
accuracy ( less than 0.1 ): 0.1629
median val loss 0.5798
total test iterations: 125 
average test loss 2.0251
accuracy ( less than 0.1 ): 0.1683
median test loss 0.5684
Consuming time:111.22 in the epoch: 1
Best test loss is 2.03
---------------*****---------------
---------------*****---------------
Starting training the epoch: 2 
total batch: 581.6875 
batch:99 average train loss 1.9473
batch:199 average train loss 2.0073
batch:299 average train loss 2.0133
batch:399 average train loss 2.0281
batch:499 average train loss 2.0105
average train loss 2.0212
Train Consuming time:88.56 in the epoch: 2
total val iterations: 125 
average val loss 2.1224
accuracy ( less than 0.1 ): 0.1501
median val loss 0.5624
total test iterations: 125 
average test loss 2.0258
accuracy ( less than 0.1 ): 0.1460
median test loss 0.5626
Consuming time:116.73 in the epoch: 2
Best test loss is 2.03
---------------*****---------------
---------------*****---------------
Starting training the epoch: 3 
total batch: 581.6875 
batch:99 average train loss 1.9088
batch:199 average train loss 1.9623
batch:299 average train loss 1.9757
batch:399 average train loss 1.9926
batch:499 average train loss 1.9779
average train loss 1.9905
Train Consuming time:87.72 in the epoch: 3
total val iterations: 125 
average val loss 2.0641
accuracy ( less than 0.1 ): 0.1668
median val loss 0.5739
total test iterations: 125 
average test loss 1.9630
accuracy ( less than 0.1 ): 0.1670
median test loss 0.5499
Consuming time:115.60 in the epoch: 3
Best test loss is 1.96
---------------*****---------------
---------------*****---------------
Starting training the epoch: 4 
total batch: 581.6875 
batch:99 average train loss 1.8756
batch:199 average train loss 1.9281
batch:299 average train loss 1.9450
batch:399 average train loss 1.9582
batch:499 average train loss 1.9433
average train loss 1.9549
Train Consuming time:87.59 in the epoch: 4
total val iterations: 125 
average val loss 2.0305
accuracy ( less than 0.1 ): 0.1748
median val loss 0.5595
total test iterations: 125 
average test loss 1.9208
accuracy ( less than 0.1 ): 0.1777
median test loss 0.5249
Consuming time:113.83 in the epoch: 4
Best test loss is 1.92
---------------*****---------------
---------------*****---------------
Starting training the epoch: 5 
total batch: 581.6875 
batch:99 average train loss 1.8442
batch:199 average train loss 1.8940
batch:299 average train loss 1.9140
batch:399 average train loss 1.9274
batch:499 average train loss 1.9118
average train loss 1.9251
Train Consuming time:83.71 in the epoch: 5
total val iterations: 125 
average val loss 1.9974
accuracy ( less than 0.1 ): 0.1831
median val loss 0.5484
total test iterations: 125 
average test loss 1.8893
accuracy ( less than 0.1 ): 0.1866
median test loss 0.5396
Consuming time:109.99 in the epoch: 5
Best test loss is 1.89
---------------*****---------------
---------------*****---------------
Starting training the epoch: 6 
total batch: 581.6875 
batch:99 average train loss 1.8189
batch:199 average train loss 1.8733
batch:299 average train loss 1.8927
batch:399 average train loss 1.9100
batch:499 average train loss 1.8940
average train loss 1.9059
Train Consuming time:84.01 in the epoch: 6
total val iterations: 125 
average val loss 1.9908
accuracy ( less than 0.1 ): 0.1755
median val loss 0.5392
total test iterations: 125 
average test loss 1.8867
accuracy ( less than 0.1 ): 0.1775
median test loss 0.5338
Consuming time:110.39 in the epoch: 6
Best test loss is 1.89
---------------*****---------------
---------------*****---------------
Starting training the epoch: 7 
total batch: 581.6875 
batch:99 average train loss 1.7990
batch:199 average train loss 1.8554
batch:299 average train loss 1.8765
batch:399 average train loss 1.8929
batch:499 average train loss 1.8766
average train loss 1.8895
Train Consuming time:83.83 in the epoch: 7
total val iterations: 125 
average val loss 1.9694
accuracy ( less than 0.1 ): 0.1956
median val loss 0.5536
total test iterations: 125 
average test loss 1.8649
accuracy ( less than 0.1 ): 0.1956
median test loss 0.5569
Consuming time:110.06 in the epoch: 7
Best test loss is 1.86
---------------*****---------------
---------------*****---------------
Starting training the epoch: 8 
total batch: 581.6875 
batch:99 average train loss 1.7911
batch:199 average train loss 1.8421
batch:299 average train loss 1.8622
batch:399 average train loss 1.8802
batch:499 average train loss 1.8641
average train loss 1.8782
Train Consuming time:86.69 in the epoch: 8
total val iterations: 125 
average val loss 1.9628
accuracy ( less than 0.1 ): 0.1997
median val loss 0.5606
total test iterations: 125 
average test loss 1.8525
accuracy ( less than 0.1 ): 0.2002
median test loss 0.5658
Consuming time:114.21 in the epoch: 8
Best test loss is 1.85
---------------*****---------------
---------------*****---------------
Starting training the epoch: 9 
total batch: 581.6875 
batch:99 average train loss 1.7690
batch:199 average train loss 1.8268
batch:299 average train loss 1.8485
batch:399 average train loss 1.8673
batch:499 average train loss 1.8521
average train loss 1.8677
Train Consuming time:87.71 in the epoch: 9
total val iterations: 125 
average val loss 1.9589
accuracy ( less than 0.1 ): 0.1909
median val loss 0.5360
total test iterations: 125 
average test loss 1.8585
accuracy ( less than 0.1 ): 0.1927
median test loss 0.5410
Consuming time:115.29 in the epoch: 9
Best test loss is 1.85
---------------*****---------------
---------------*****---------------
Starting training the epoch: 10 
total batch: 581.6875 
batch:99 average train loss 1.7612
batch:199 average train loss 1.8193
batch:299 average train loss 1.8392
batch:399 average train loss 1.8561
batch:499 average train loss 1.8401
average train loss 1.8548
Train Consuming time:86.38 in the epoch: 10
total val iterations: 125 
average val loss 1.9439
accuracy ( less than 0.1 ): 0.2138
median val loss 0.5594
total test iterations: 125 
average test loss 1.8328
accuracy ( less than 0.1 ): 0.2122
median test loss 0.5507
Consuming time:113.15 in the epoch: 10
Best test loss is 1.83
---------------*****---------------
---------------*****---------------
Starting training the epoch: 11 
total batch: 581.6875 
batch:99 average train loss 1.7483
batch:199 average train loss 1.8083
batch:299 average train loss 1.8289
batch:399 average train loss 1.8449
batch:499 average train loss 1.8305
average train loss 1.8451
Train Consuming time:82.37 in the epoch: 11
total val iterations: 125 
average val loss 1.9502
accuracy ( less than 0.1 ): 0.1930
median val loss 0.5450
total test iterations: 125 
average test loss 1.8451
accuracy ( less than 0.1 ): 0.1982
median test loss 0.5331
Consuming time:108.02 in the epoch: 11
Best test loss is 1.83
---------------*****---------------
---------------*****---------------
Starting training the epoch: 12 
total batch: 581.6875 
batch:99 average train loss 1.7346
batch:199 average train loss 1.7953
batch:299 average train loss 1.8171
batch:399 average train loss 1.8346
batch:499 average train loss 1.8201
average train loss 1.8357
Train Consuming time:82.47 in the epoch: 12
total val iterations: 125 
average val loss 1.9442
accuracy ( less than 0.1 ): 0.2000
median val loss 0.5443
total test iterations: 125 
average test loss 1.8451
accuracy ( less than 0.1 ): 0.2010
median test loss 0.5453
Consuming time:108.01 in the epoch: 12
Best test loss is 1.83
---------------*****---------------
---------------*****---------------
Starting training the epoch: 13 
total batch: 581.6875 
batch:99 average train loss 1.7196
batch:199 average train loss 1.7842
batch:299 average train loss 1.8051
batch:399 average train loss 1.8245
batch:499 average train loss 1.8103
average train loss 1.8255
Train Consuming time:81.22 in the epoch: 13
total val iterations: 125 
average val loss 1.9451
accuracy ( less than 0.1 ): 0.2054
median val loss 0.5430
total test iterations: 125 
average test loss 1.8413
accuracy ( less than 0.1 ): 0.2038
median test loss 0.5475
Consuming time:106.79 in the epoch: 13
Best test loss is 1.83
---------------*****---------------
---------------*****---------------
Starting training the epoch: 14 
total batch: 581.6875 
batch:99 average train loss 1.7078
batch:199 average train loss 1.7713
batch:299 average train loss 1.7950
batch:399 average train loss 1.8133
batch:499 average train loss 1.7990
average train loss 1.8138
Train Consuming time:82.94 in the epoch: 14
total val iterations: 125 
average val loss 1.9465
accuracy ( less than 0.1 ): 0.2031
median val loss 0.5496
total test iterations: 125 
average test loss 1.8427
accuracy ( less than 0.1 ): 0.2033
median test loss 0.5504
Consuming time:108.67 in the epoch: 14
Best test loss is 1.83
---------------*****---------------
---------------*****---------------
Starting training the epoch: 15 
total batch: 581.6875 
batch:99 average train loss 1.7007
batch:199 average train loss 1.7637
batch:299 average train loss 1.7878
batch:399 average train loss 1.8091
batch:499 average train loss 1.7941
average train loss 1.8095
Train Consuming time:83.28 in the epoch: 15
total val iterations: 125 
average val loss 1.9475
accuracy ( less than 0.1 ): 0.2017
median val loss 0.5553
total test iterations: 125 
average test loss 1.8408
accuracy ( less than 0.1 ): 0.2010
median test loss 0.5359
Consuming time:108.87 in the epoch: 15
Best test loss is 1.83
---------------*****---------------
---------------*****---------------
Starting training the epoch: 16 
total batch: 581.6875 
batch:99 average train loss 1.6901
batch:199 average train loss 1.7571
batch:299 average train loss 1.7802
batch:399 average train loss 1.7983
batch:499 average train loss 1.7837
average train loss 1.7993
Train Consuming time:83.11 in the epoch: 16
total val iterations: 125 
average val loss 1.9374
accuracy ( less than 0.1 ): 0.2123
median val loss 0.5462
total test iterations: 125 
average test loss 1.8371
accuracy ( less than 0.1 ): 0.2064
median test loss 0.5438
Consuming time:109.14 in the epoch: 16
Best test loss is 1.83
---------------*****---------------
---------------*****---------------
Starting training the epoch: 17 
total batch: 581.6875 
batch:99 average train loss 1.6833
batch:199 average train loss 1.7476
batch:299 average train loss 1.7710
batch:399 average train loss 1.7907
batch:499 average train loss 1.7772
average train loss 1.7920
Train Consuming time:82.91 in the epoch: 17
total val iterations: 125 
average val loss 1.9415
accuracy ( less than 0.1 ): 0.2180
median val loss 0.5540
total test iterations: 125 
average test loss 1.8352
accuracy ( less than 0.1 ): 0.2131
median test loss 0.5592
Consuming time:108.68 in the epoch: 17
Best test loss is 1.83
---------------*****---------------
---------------*****---------------
Starting training the epoch: 18 
total batch: 581.6875 
batch:99 average train loss 1.6706
batch:199 average train loss 1.7399
batch:299 average train loss 1.7627
batch:399 average train loss 1.7799
batch:499 average train loss 1.7660
average train loss 1.7802
Train Consuming time:82.95 in the epoch: 18
total val iterations: 125 
average val loss 1.9579
accuracy ( less than 0.1 ): 0.2162
median val loss 0.5709
total test iterations: 125 
average test loss 1.8504
accuracy ( less than 0.1 ): 0.2130
median test loss 0.5638
Consuming time:108.66 in the epoch: 18
Best test loss is 1.83
---------------*****---------------
---------------*****---------------
Starting training the epoch: 19 
total batch: 581.6875 
batch:99 average train loss 1.6589
batch:199 average train loss 1.7299
batch:299 average train loss 1.7542
batch:399 average train loss 1.7724
batch:499 average train loss 1.7596
average train loss 1.7746
Train Consuming time:83.07 in the epoch: 19
total val iterations: 125 
average val loss 1.9511
accuracy ( less than 0.1 ): 0.2259
median val loss 0.5738
total test iterations: 125 
average test loss 1.8461
accuracy ( less than 0.1 ): 0.2198
median test loss 0.5615
Consuming time:109.14 in the epoch: 19
Best test loss is 1.83
---------------*****---------------
---------------*****---------------
Starting training the epoch: 20 
total batch: 581.6875 
batch:99 average train loss 1.6579
batch:199 average train loss 1.7240
batch:299 average train loss 1.7435
batch:399 average train loss 1.7591
batch:499 average train loss 1.7385
average train loss 1.7418
Train Consuming time:83.16 in the epoch: 20
total val iterations: 125 
average val loss 1.9220
accuracy ( less than 0.1 ): 0.2229
median val loss 0.5612
total test iterations: 125 
average test loss 1.8223
accuracy ( less than 0.1 ): 0.2215
median test loss 0.5458
Consuming time:109.00 in the epoch: 20
Best test loss is 1.82
---------------*****---------------
---------------*****---------------
Starting training the epoch: 21 
total batch: 581.6875 
batch:99 average train loss 1.6238
batch:199 average train loss 1.6930
batch:299 average train loss 1.7166
batch:399 average train loss 1.7359
batch:499 average train loss 1.7171
average train loss 1.7233
Train Consuming time:83.00 in the epoch: 21
total val iterations: 125 
average val loss 1.9190
accuracy ( less than 0.1 ): 0.2247
median val loss 0.5626
total test iterations: 125 
average test loss 1.8221
accuracy ( less than 0.1 ): 0.2225
median test loss 0.5444
Consuming time:108.92 in the epoch: 21
Best test loss is 1.82
---------------*****---------------
---------------*****---------------
Starting training the epoch: 22 
total batch: 581.6875 
batch:99 average train loss 1.6169
batch:199 average train loss 1.6849
batch:299 average train loss 1.7085
batch:399 average train loss 1.7289
batch:499 average train loss 1.7105
average train loss 1.7176
Train Consuming time:82.93 in the epoch: 22
total val iterations: 125 
average val loss 1.9163
accuracy ( less than 0.1 ): 0.2257
median val loss 0.5602
total test iterations: 125 
average test loss 1.8229
accuracy ( less than 0.1 ): 0.2245
median test loss 0.5445
Consuming time:108.70 in the epoch: 22
Best test loss is 1.82
---------------*****---------------
---------------*****---------------
Starting training the epoch: 23 
total batch: 581.6875 
batch:99 average train loss 1.6138
batch:199 average train loss 1.6808
batch:299 average train loss 1.7043
batch:399 average train loss 1.7248
batch:499 average train loss 1.7065
average train loss 1.7145
Train Consuming time:82.76 in the epoch: 23
total val iterations: 125 
average val loss 1.9153
accuracy ( less than 0.1 ): 0.2256
median val loss 0.5598
total test iterations: 125 
average test loss 1.8221
accuracy ( less than 0.1 ): 0.2266
median test loss 0.5467
Consuming time:108.64 in the epoch: 23
Best test loss is 1.82
---------------*****---------------
---------------*****---------------
Starting training the epoch: 24 
total batch: 581.6875 
batch:99 average train loss 1.6117
batch:199 average train loss 1.6769
batch:299 average train loss 1.7008
batch:399 average train loss 1.7217
batch:499 average train loss 1.7032
average train loss 1.7115
Train Consuming time:82.70 in the epoch: 24
total val iterations: 125 
average val loss 1.9149
accuracy ( less than 0.1 ): 0.2261
median val loss 0.5624
total test iterations: 125 
average test loss 1.8226
accuracy ( less than 0.1 ): 0.2269
median test loss 0.5492
Consuming time:107.35 in the epoch: 24
Best test loss is 1.82
---------------*****---------------
---------------*****---------------
Starting training the epoch: 25 
total batch: 581.6875 
batch:99 average train loss 1.6086
batch:199 average train loss 1.6738
batch:299 average train loss 1.6980
batch:399 average train loss 1.7188
batch:499 average train loss 1.7008
average train loss 1.7092
Train Consuming time:80.85 in the epoch: 25
total val iterations: 125 
average val loss 1.9144
accuracy ( less than 0.1 ): 0.2261
median val loss 0.5572
total test iterations: 125 
average test loss 1.8227
accuracy ( less than 0.1 ): 0.2285
median test loss 0.5502
Consuming time:106.03 in the epoch: 25
Best test loss is 1.82
---------------*****---------------
---------------*****---------------
Starting training the epoch: 26 
total batch: 581.6875 
batch:99 average train loss 1.6081
batch:199 average train loss 1.6726
batch:299 average train loss 1.6964
batch:399 average train loss 1.7172
batch:499 average train loss 1.6992
average train loss 1.7081
Train Consuming time:81.64 in the epoch: 26
total val iterations: 125 
average val loss 1.9130
accuracy ( less than 0.1 ): 0.2269
median val loss 0.5554
total test iterations: 125 
average test loss 1.8229
accuracy ( less than 0.1 ): 0.2286
median test loss 0.5496
Consuming time:106.71 in the epoch: 26
Best test loss is 1.82
---------------*****---------------
---------------*****---------------
Starting training the epoch: 27 
total batch: 581.6875 
batch:99 average train loss 1.6065
batch:199 average train loss 1.6698
batch:299 average train loss 1.6937
batch:399 average train loss 1.7146
batch:499 average train loss 1.6971
average train loss 1.7061
Train Consuming time:81.15 in the epoch: 27
total val iterations: 125 
average val loss 1.9137
accuracy ( less than 0.1 ): 0.2273
median val loss 0.5557
total test iterations: 125 
average test loss 1.8226
accuracy ( less than 0.1 ): 0.2282
median test loss 0.5490
Consuming time:107.02 in the epoch: 27
Best test loss is 1.82
---------------*****---------------
---------------*****---------------
Starting training the epoch: 28 
total batch: 581.6875 
batch:99 average train loss 1.6053
batch:199 average train loss 1.6684
batch:299 average train loss 1.6923
batch:399 average train loss 1.7134
batch:499 average train loss 1.6958
average train loss 1.7051
Train Consuming time:82.70 in the epoch: 28
total val iterations: 125 
average val loss 1.9132
accuracy ( less than 0.1 ): 0.2264
median val loss 0.5518
total test iterations: 125 
average test loss 1.8231
accuracy ( less than 0.1 ): 0.2285
median test loss 0.5495
Consuming time:108.72 in the epoch: 28
Best test loss is 1.82
---------------*****---------------
---------------*****---------------
Starting training the epoch: 29 
total batch: 581.6875 
batch:99 average train loss 1.6033
batch:199 average train loss 1.6667
batch:299 average train loss 1.6905
batch:399 average train loss 1.7114
batch:499 average train loss 1.6937
average train loss 1.7030
Train Consuming time:82.89 in the epoch: 29
total val iterations: 125 
average val loss 1.9135
accuracy ( less than 0.1 ): 0.2272
median val loss 0.5545
total test iterations: 125 
average test loss 1.8237
accuracy ( less than 0.1 ): 0.2282
median test loss 0.5498
Consuming time:108.75 in the epoch: 29
Best test loss is 1.82
---------------*****---------------
---------------*****---------------
Starting training the epoch: 30 
total batch: 581.6875 
batch:99 average train loss 1.6030
batch:199 average train loss 1.6658
batch:299 average train loss 1.6892
batch:399 average train loss 1.7105
batch:499 average train loss 1.6927
average train loss 1.7026
Train Consuming time:82.99 in the epoch: 30
total val iterations: 125 
average val loss 1.9145
accuracy ( less than 0.1 ): 0.2287
median val loss 0.5579
total test iterations: 125 
average test loss 1.8229
accuracy ( less than 0.1 ): 0.2285
median test loss 0.5546
Consuming time:108.92 in the epoch: 30
Best test loss is 1.82
---------------*****---------------
---------------*****---------------
Starting training the epoch: 31 
total batch: 581.6875 
batch:99 average train loss 1.6002
batch:199 average train loss 1.6631
batch:299 average train loss 1.6870
batch:399 average train loss 1.7084
batch:499 average train loss 1.6907
average train loss 1.7007
Train Consuming time:83.29 in the epoch: 31
total val iterations: 125 
average val loss 1.9138
accuracy ( less than 0.1 ): 0.2245
median val loss 0.5559
total test iterations: 125 
average test loss 1.8241
accuracy ( less than 0.1 ): 0.2268
median test loss 0.5473
Consuming time:109.03 in the epoch: 31
Best test loss is 1.82
---------------*****---------------
---------------*****---------------
Starting training the epoch: 32 
total batch: 581.6875 
batch:99 average train loss 1.6015
batch:199 average train loss 1.6628
batch:299 average train loss 1.6866
batch:399 average train loss 1.7081
batch:499 average train loss 1.6902
average train loss 1.7004
Train Consuming time:83.23 in the epoch: 32
total val iterations: 125 
average val loss 1.9133
accuracy ( less than 0.1 ): 0.2264
median val loss 0.5525
total test iterations: 125 
average test loss 1.8226
accuracy ( less than 0.1 ): 0.2292
median test loss 0.5538
Consuming time:109.16 in the epoch: 32
Best test loss is 1.82
---------------*****---------------
---------------*****---------------
Starting training the epoch: 33 
total batch: 581.6875 
batch:99 average train loss 1.5995
batch:199 average train loss 1.6608
batch:299 average train loss 1.6853
batch:399 average train loss 1.7068
batch:499 average train loss 1.6891
average train loss 1.6993
Train Consuming time:82.97 in the epoch: 33
total val iterations: 125 
average val loss 1.9141
accuracy ( less than 0.1 ): 0.2247
median val loss 0.5541
total test iterations: 125 
average test loss 1.8233
accuracy ( less than 0.1 ): 0.2279
median test loss 0.5526
Consuming time:109.06 in the epoch: 33
Best test loss is 1.82
---------------*****---------------
---------------*****---------------
Starting training the epoch: 34 
total batch: 581.6875 
batch:99 average train loss 1.5993
batch:199 average train loss 1.6609
batch:299 average train loss 1.6844
batch:399 average train loss 1.7056
batch:499 average train loss 1.6878
average train loss 1.6980
Train Consuming time:83.10 in the epoch: 34
total val iterations: 125 
average val loss 1.9137
accuracy ( less than 0.1 ): 0.2267
median val loss 0.5585
total test iterations: 125 
average test loss 1.8230
accuracy ( less than 0.1 ): 0.2295
median test loss 0.5533
Consuming time:108.95 in the epoch: 34
Best test loss is 1.82
---------------*****---------------
---------------*****---------------
Starting training the epoch: 35 
total batch: 581.6875 
batch:99 average train loss 1.5978
batch:199 average train loss 1.6585
batch:299 average train loss 1.6832
batch:399 average train loss 1.7050
batch:499 average train loss 1.6871
average train loss 1.6973
Train Consuming time:82.90 in the epoch: 35
total val iterations: 125 
average val loss 1.9133
accuracy ( less than 0.1 ): 0.2263
median val loss 0.5558
total test iterations: 125 
average test loss 1.8228
accuracy ( less than 0.1 ): 0.2291
median test loss 0.5536
Consuming time:108.91 in the epoch: 35
Best test loss is 1.82
---------------*****---------------
---------------*****---------------
Starting training the epoch: 36 
total batch: 581.6875 
batch:99 average train loss 1.5951
batch:199 average train loss 1.6576
batch:299 average train loss 1.6816
batch:399 average train loss 1.7032
batch:499 average train loss 1.6856
average train loss 1.6960
Train Consuming time:82.70 in the epoch: 36
total val iterations: 125 
average val loss 1.9136
accuracy ( less than 0.1 ): 0.2253
median val loss 0.5547
total test iterations: 125 
average test loss 1.8235
accuracy ( less than 0.1 ): 0.2287
median test loss 0.5526
Consuming time:108.71 in the epoch: 36
Best test loss is 1.82
---------------*****---------------
---------------*****---------------
Starting training the epoch: 37 
total batch: 581.6875 
batch:99 average train loss 1.5961
batch:199 average train loss 1.6576
batch:299 average train loss 1.6815
batch:399 average train loss 1.7032
batch:499 average train loss 1.6851
average train loss 1.6955
Train Consuming time:82.67 in the epoch: 37
total val iterations: 125 
average val loss 1.9139
accuracy ( less than 0.1 ): 0.2268
median val loss 0.5585
total test iterations: 125 
average test loss 1.8232
accuracy ( less than 0.1 ): 0.2283
median test loss 0.5520
Consuming time:108.31 in the epoch: 37
Best test loss is 1.82
---------------*****---------------
---------------*****---------------
Starting training the epoch: 38 
total batch: 581.6875 
batch:99 average train loss 1.5958
batch:199 average train loss 1.6568
batch:299 average train loss 1.6807
batch:399 average train loss 1.7022
batch:499 average train loss 1.6840
average train loss 1.6946
Train Consuming time:82.90 in the epoch: 38
total val iterations: 125 
average val loss 1.9146
accuracy ( less than 0.1 ): 0.2253
median val loss 0.5562
total test iterations: 125 
average test loss 1.8244
accuracy ( less than 0.1 ): 0.2282
median test loss 0.5551
Consuming time:107.92 in the epoch: 38
Best test loss is 1.82
---------------*****---------------
---------------*****---------------
Starting training the epoch: 39 
total batch: 581.6875 
batch:99 average train loss 1.5945
batch:199 average train loss 1.6558
batch:299 average train loss 1.6800
batch:399 average train loss 1.7011
batch:499 average train loss 1.6837
average train loss 1.6942
Train Consuming time:80.93 in the epoch: 39
total val iterations: 125 
average val loss 1.9141
accuracy ( less than 0.1 ): 0.2272
median val loss 0.5564
total test iterations: 125 
average test loss 1.8244
accuracy ( less than 0.1 ): 0.2297
median test loss 0.5540
Consuming time:106.24 in the epoch: 39
Best test loss is 1.82
---------------*****---------------
---------------*****---------------
Starting training the epoch: 40 
total batch: 581.6875 
batch:99 average train loss 1.5939
batch:199 average train loss 1.6546
batch:299 average train loss 1.6782
batch:399 average train loss 1.7002
batch:499 average train loss 1.6823
average train loss 1.6930
Train Consuming time:81.92 in the epoch: 40
total val iterations: 125 
average val loss 1.9144
accuracy ( less than 0.1 ): 0.2256
median val loss 0.5567
total test iterations: 125 
average test loss 1.8251
accuracy ( less than 0.1 ): 0.2288
median test loss 0.5543
Consuming time:107.01 in the epoch: 40
Best test loss is 1.82
---------------*****---------------
---------------*****---------------
Starting training the epoch: 41 
total batch: 581.6875 
batch:99 average train loss 1.5941
batch:199 average train loss 1.6548
batch:299 average train loss 1.6788
batch:399 average train loss 1.7004
batch:499 average train loss 1.6821
average train loss 1.6929
Train Consuming time:80.95 in the epoch: 41
total val iterations: 125 
average val loss 1.9135
accuracy ( less than 0.1 ): 0.2279
median val loss 0.5547
total test iterations: 125 
average test loss 1.8251
accuracy ( less than 0.1 ): 0.2288
median test loss 0.5525
Consuming time:106.43 in the epoch: 41
Best test loss is 1.82
---------------*****---------------
---------------*****---------------
Starting training the epoch: 42 
total batch: 581.6875 
batch:99 average train loss 1.5935
batch:199 average train loss 1.6539
batch:299 average train loss 1.6776
batch:399 average train loss 1.6992
batch:499 average train loss 1.6811
average train loss 1.6919
Train Consuming time:81.82 in the epoch: 42
total val iterations: 125 
average val loss 1.9147
accuracy ( less than 0.1 ): 0.2263
median val loss 0.5547
total test iterations: 125 
average test loss 1.8248
accuracy ( less than 0.1 ): 0.2283
median test loss 0.5507
Consuming time:107.23 in the epoch: 42
Best test loss is 1.82
---------------*****---------------
---------------*****---------------
Starting training the epoch: 43 
total batch: 581.6875 
batch:99 average train loss 1.5924
batch:199 average train loss 1.6535
batch:299 average train loss 1.6771
batch:399 average train loss 1.6986
batch:499 average train loss 1.6806
average train loss 1.6917
Train Consuming time:81.77 in the epoch: 43
total val iterations: 125 
average val loss 1.9140
accuracy ( less than 0.1 ): 0.2259
median val loss 0.5527
total test iterations: 125 
average test loss 1.8243
accuracy ( less than 0.1 ): 0.2277
median test loss 0.5560
Consuming time:106.92 in the epoch: 43
Best test loss is 1.82
---------------*****---------------
---------------*****---------------
Starting training the epoch: 44 
total batch: 581.6875 
batch:99 average train loss 1.5907
batch:199 average train loss 1.6524
batch:299 average train loss 1.6763
batch:399 average train loss 1.6979
batch:499 average train loss 1.6798
average train loss 1.6907
Train Consuming time:82.10 in the epoch: 44
total val iterations: 125 
average val loss 1.9140
accuracy ( less than 0.1 ): 0.2263
median val loss 0.5534
total test iterations: 125 
average test loss 1.8246
accuracy ( less than 0.1 ): 0.2286
median test loss 0.5564
Consuming time:107.60 in the epoch: 44
Best test loss is 1.82
---------------*****---------------
---------------*****---------------
Starting training the epoch: 45 
total batch: 581.6875 
batch:99 average train loss 1.5906
batch:199 average train loss 1.6513
batch:299 average train loss 1.6754
batch:399 average train loss 1.6973
batch:499 average train loss 1.6790
average train loss 1.6903
Train Consuming time:81.94 in the epoch: 45
total val iterations: 125 
average val loss 1.9127
accuracy ( less than 0.1 ): 0.2256
median val loss 0.5580
total test iterations: 125 
average test loss 1.8241
accuracy ( less than 0.1 ): 0.2288
median test loss 0.5533
Consuming time:107.38 in the epoch: 45
Best test loss is 1.82
---------------*****---------------
---------------*****---------------
Starting training the epoch: 46 
total batch: 581.6875 
batch:99 average train loss 1.5902
batch:199 average train loss 1.6516
batch:299 average train loss 1.6754
batch:399 average train loss 1.6966
batch:499 average train loss 1.6782
average train loss 1.6893
Train Consuming time:82.00 in the epoch: 46
total val iterations: 125 
average val loss 1.9144
accuracy ( less than 0.1 ): 0.2271
median val loss 0.5574
total test iterations: 125 
average test loss 1.8248
accuracy ( less than 0.1 ): 0.2295
median test loss 0.5552
Consuming time:107.51 in the epoch: 46
Best test loss is 1.82
---------------*****---------------
---------------*****---------------
Starting training the epoch: 47 
total batch: 581.6875 
batch:99 average train loss 1.5896
batch:199 average train loss 1.6500
batch:299 average train loss 1.6741
batch:399 average train loss 1.6958
batch:499 average train loss 1.6777
average train loss 1.6889
Train Consuming time:81.96 in the epoch: 47
total val iterations: 125 
average val loss 1.9146
accuracy ( less than 0.1 ): 0.2272
median val loss 0.5555
total test iterations: 125 
average test loss 1.8253
accuracy ( less than 0.1 ): 0.2279
median test loss 0.5539
Consuming time:107.45 in the epoch: 47
Best test loss is 1.82
---------------*****---------------
---------------*****---------------
Starting training the epoch: 48 
total batch: 581.6875 
batch:99 average train loss 1.5902
batch:199 average train loss 1.6496
batch:299 average train loss 1.6736
batch:399 average train loss 1.6949
batch:499 average train loss 1.6769
average train loss 1.6883
Train Consuming time:81.71 in the epoch: 48
total val iterations: 125 
average val loss 1.9148
accuracy ( less than 0.1 ): 0.2262
median val loss 0.5548
total test iterations: 125 
average test loss 1.8250
accuracy ( less than 0.1 ): 0.2281
median test loss 0.5541
Consuming time:106.90 in the epoch: 48
Best test loss is 1.82
---------------*****---------------
---------------*****---------------
Starting training the epoch: 49 
total batch: 581.6875 
batch:99 average train loss 1.5883
batch:199 average train loss 1.6485
batch:299 average train loss 1.6727
batch:399 average train loss 1.6941
batch:499 average train loss 1.6760
average train loss 1.6874
Train Consuming time:81.85 in the epoch: 49
total val iterations: 125 
average val loss 1.9148
accuracy ( less than 0.1 ): 0.2269
median val loss 0.5546
total test iterations: 125 
average test loss 1.8248
accuracy ( less than 0.1 ): 0.2282
median test loss 0.5568
Consuming time:107.25 in the epoch: 49
Best test loss is 1.82
---------------*****---------------
