===================configuration===================
learning rate :0.0005 
num_mlp_layers : 1
num_layers : 2
gnn input_features : 100
gnn output_features : 64
input of rnn/transformer : 64
hidden_size (out put of rnn/tranformer) : 64
observation hour [7,19]
observation interval : 1
observation threshold : 6
prediction time : 86400
cascade length [10,100]
model save at : ../model_save/cas2vec/dblp1/
====bidirected: True, attention: GAT, gcn_type: self, rnn: gru====
===================configuration===================
len(Y_train), len(Y_valid), len(Y_test): 48622 10420 10419
preparing time:52.884260177612305
total parameters 85997
---------------*****---------------
Starting training the epoch: 0 
total batch: 759.71875 
batch:99 average train loss 2.6580
batch:199 average train loss 2.2052
batch:299 average train loss 2.0312
batch:399 average train loss 1.9354
batch:499 average train loss 1.8766
batch:599 average train loss 1.8375
batch:699 average train loss 1.8137
average train loss 1.7962
Train Consuming time:270.25 in the epoch: 0
total val iterations: 163 
average val loss 1.6263
accuracy ( less than 0.1 ): 0.2420
median val loss 0.6863
total test iterations: 163 
average test loss 1.5855
accuracy ( less than 0.1 ): 0.2459
median test loss 0.6554
Consuming time:366.98 in the epoch: 0
Best test loss is 1.59
---------------*****---------------
---------------*****---------------
Starting training the epoch: 1 
total batch: 759.71875 
batch:99 average train loss 1.5790
batch:199 average train loss 1.5773
batch:299 average train loss 1.5792
batch:399 average train loss 1.5802
batch:499 average train loss 1.5819
batch:599 average train loss 1.5838
batch:699 average train loss 1.5899
average train loss 1.5880
Train Consuming time:31.12 in the epoch: 1
total val iterations: 163 
average val loss 1.6018
accuracy ( less than 0.1 ): 0.2560
median val loss 0.6744
total test iterations: 163 
average test loss 1.5596
accuracy ( less than 0.1 ): 0.2508
median test loss 0.6468
Consuming time:38.77 in the epoch: 1
Best test loss is 1.56
---------------*****---------------
---------------*****---------------
Starting training the epoch: 2 
total batch: 759.71875 
batch:99 average train loss 1.5446
batch:199 average train loss 1.5465
batch:299 average train loss 1.5516
batch:399 average train loss 1.5544
batch:499 average train loss 1.5570
batch:599 average train loss 1.5606
batch:699 average train loss 1.5682
average train loss 1.5667
Train Consuming time:30.95 in the epoch: 2
total val iterations: 163 
average val loss 1.5978
accuracy ( less than 0.1 ): 0.2556
median val loss 0.6774
total test iterations: 163 
average test loss 1.5540
accuracy ( less than 0.1 ): 0.2535
median test loss 0.6534
Consuming time:38.49 in the epoch: 2
Best test loss is 1.55
---------------*****---------------
---------------*****---------------
Starting training the epoch: 3 
total batch: 759.71875 
batch:99 average train loss 1.5344
batch:199 average train loss 1.5355
batch:299 average train loss 1.5383
batch:399 average train loss 1.5414
batch:499 average train loss 1.5446
batch:599 average train loss 1.5485
batch:699 average train loss 1.5557
average train loss 1.5548
Train Consuming time:29.91 in the epoch: 3
total val iterations: 163 
average val loss 1.5891
accuracy ( less than 0.1 ): 0.2529
median val loss 0.6770
total test iterations: 163 
average test loss 1.5459
accuracy ( less than 0.1 ): 0.2503
median test loss 0.6461
Consuming time:37.35 in the epoch: 3
Best test loss is 1.55
---------------*****---------------
---------------*****---------------
Starting training the epoch: 4 
total batch: 759.71875 
batch:99 average train loss 1.5268
batch:199 average train loss 1.5264
batch:299 average train loss 1.5304
batch:399 average train loss 1.5334
batch:499 average train loss 1.5367
batch:599 average train loss 1.5407
batch:699 average train loss 1.5487
average train loss 1.5482
Train Consuming time:30.06 in the epoch: 4
total val iterations: 163 
average val loss 1.5891
accuracy ( less than 0.1 ): 0.2542
median val loss 0.6751
total test iterations: 163 
average test loss 1.5441
accuracy ( less than 0.1 ): 0.2500
median test loss 0.6445
Consuming time:37.54 in the epoch: 4
Best test loss is 1.54
---------------*****---------------
---------------*****---------------
Starting training the epoch: 5 
total batch: 759.71875 
batch:99 average train loss 1.5200
batch:199 average train loss 1.5191
batch:299 average train loss 1.5242
batch:399 average train loss 1.5280
batch:499 average train loss 1.5306
batch:599 average train loss 1.5348
batch:699 average train loss 1.5430
average train loss 1.5420
Train Consuming time:29.50 in the epoch: 5
total val iterations: 163 
average val loss 1.5761
accuracy ( less than 0.1 ): 0.2408
median val loss 0.6605
total test iterations: 163 
average test loss 1.5335
accuracy ( less than 0.1 ): 0.2378
median test loss 0.6288
Consuming time:37.02 in the epoch: 5
Best test loss is 1.53
---------------*****---------------
---------------*****---------------
Starting training the epoch: 6 
total batch: 759.71875 
batch:99 average train loss 1.5162
batch:199 average train loss 1.5159
batch:299 average train loss 1.5208
batch:399 average train loss 1.5239
batch:499 average train loss 1.5264
batch:599 average train loss 1.5305
batch:699 average train loss 1.5386
average train loss 1.5379
Train Consuming time:30.82 in the epoch: 6
total val iterations: 163 
average val loss 1.5820
accuracy ( less than 0.1 ): 0.2479
median val loss 0.6720
total test iterations: 163 
average test loss 1.5386
accuracy ( less than 0.1 ): 0.2446
median test loss 0.6410
Consuming time:38.48 in the epoch: 6
Best test loss is 1.53
---------------*****---------------
---------------*****---------------
Starting training the epoch: 7 
total batch: 759.71875 
batch:99 average train loss 1.5113
batch:199 average train loss 1.5116
batch:299 average train loss 1.5162
batch:399 average train loss 1.5206
batch:499 average train loss 1.5229
batch:599 average train loss 1.5270
batch:699 average train loss 1.5349
average train loss 1.5341
Train Consuming time:30.82 in the epoch: 7
total val iterations: 163 
average val loss 1.5809
accuracy ( less than 0.1 ): 0.2410
median val loss 0.6671
total test iterations: 163 
average test loss 1.5380
accuracy ( less than 0.1 ): 0.2385
median test loss 0.6355
Consuming time:38.55 in the epoch: 7
Best test loss is 1.53
---------------*****---------------
---------------*****---------------
Starting training the epoch: 8 
total batch: 759.71875 
batch:99 average train loss 1.5092
batch:199 average train loss 1.5093
batch:299 average train loss 1.5144
batch:399 average train loss 1.5180
batch:499 average train loss 1.5204
batch:599 average train loss 1.5248
batch:699 average train loss 1.5331
average train loss 1.5322
Train Consuming time:30.83 in the epoch: 8
total val iterations: 163 
average val loss 1.5754
accuracy ( less than 0.1 ): 0.2389
median val loss 0.6653
total test iterations: 163 
average test loss 1.5325
accuracy ( less than 0.1 ): 0.2363
median test loss 0.6325
Consuming time:38.52 in the epoch: 8
Best test loss is 1.53
---------------*****---------------
---------------*****---------------
Starting training the epoch: 9 
total batch: 759.71875 
batch:99 average train loss 1.5064
batch:199 average train loss 1.5041
batch:299 average train loss 1.5093
batch:399 average train loss 1.5134
batch:499 average train loss 1.5163
batch:599 average train loss 1.5210
batch:699 average train loss 1.5293
average train loss 1.5284
Train Consuming time:31.63 in the epoch: 9
total val iterations: 163 
average val loss 1.5722
accuracy ( less than 0.1 ): 0.2399
median val loss 0.6619
total test iterations: 163 
average test loss 1.5312
accuracy ( less than 0.1 ): 0.2356
median test loss 0.6334
Consuming time:39.61 in the epoch: 9
Best test loss is 1.53
---------------*****---------------
---------------*****---------------
Starting training the epoch: 10 
total batch: 759.71875 
batch:99 average train loss 1.5027
batch:199 average train loss 1.5009
batch:299 average train loss 1.5077
batch:399 average train loss 1.5117
batch:499 average train loss 1.5140
batch:599 average train loss 1.5185
batch:699 average train loss 1.5273
average train loss 1.5264
Train Consuming time:31.79 in the epoch: 10
total val iterations: 163 
average val loss 1.5687
accuracy ( less than 0.1 ): 0.2190
median val loss 0.6640
total test iterations: 163 
average test loss 1.5376
accuracy ( less than 0.1 ): 0.2167
median test loss 0.6303
Consuming time:39.74 in the epoch: 10
Best test loss is 1.53
---------------*****---------------
---------------*****---------------
Starting training the epoch: 11 
total batch: 759.71875 
batch:99 average train loss 1.5008
batch:199 average train loss 1.4989
batch:299 average train loss 1.5049
batch:399 average train loss 1.5087
batch:499 average train loss 1.5113
batch:599 average train loss 1.5159
batch:699 average train loss 1.5251
average train loss 1.5242
Train Consuming time:31.75 in the epoch: 11
total val iterations: 163 
average val loss 1.5808
accuracy ( less than 0.1 ): 0.2347
median val loss 0.6666
total test iterations: 163 
average test loss 1.5436
accuracy ( less than 0.1 ): 0.2294
median test loss 0.6362
Consuming time:39.76 in the epoch: 11
Best test loss is 1.53
---------------*****---------------
---------------*****---------------
Starting training the epoch: 12 
total batch: 759.71875 
batch:99 average train loss 1.4985
batch:199 average train loss 1.4966
batch:299 average train loss 1.5023
batch:399 average train loss 1.5064
batch:499 average train loss 1.5092
batch:599 average train loss 1.5138
batch:699 average train loss 1.5222
average train loss 1.5214
Train Consuming time:31.88 in the epoch: 12
total val iterations: 163 
average val loss 1.5743
accuracy ( less than 0.1 ): 0.2364
median val loss 0.6681
total test iterations: 163 
average test loss 1.5352
accuracy ( less than 0.1 ): 0.2340
median test loss 0.6336
Consuming time:39.96 in the epoch: 12
Best test loss is 1.53
---------------*****---------------
---------------*****---------------
Starting training the epoch: 13 
total batch: 759.71875 
batch:99 average train loss 1.4985
batch:199 average train loss 1.4954
batch:299 average train loss 1.5019
batch:399 average train loss 1.5061
batch:499 average train loss 1.5085
batch:599 average train loss 1.5126
batch:699 average train loss 1.5210
average train loss 1.5205
Train Consuming time:31.80 in the epoch: 13
total val iterations: 163 
average val loss 1.5682
accuracy ( less than 0.1 ): 0.2343
median val loss 0.6626
total test iterations: 163 
average test loss 1.5273
accuracy ( less than 0.1 ): 0.2295
median test loss 0.6295
Consuming time:39.77 in the epoch: 13
Best test loss is 1.53
---------------*****---------------
---------------*****---------------
Starting training the epoch: 14 
total batch: 759.71875 
batch:99 average train loss 1.4942
batch:199 average train loss 1.4937
batch:299 average train loss 1.5007
batch:399 average train loss 1.5045
batch:499 average train loss 1.5067
batch:599 average train loss 1.5108
batch:699 average train loss 1.5198
average train loss 1.5193
Train Consuming time:31.85 in the epoch: 14
total val iterations: 163 
average val loss 1.5739
accuracy ( less than 0.1 ): 0.2366
median val loss 0.6602
total test iterations: 163 
average test loss 1.5347
accuracy ( less than 0.1 ): 0.2327
median test loss 0.6313
Consuming time:39.88 in the epoch: 14
Best test loss is 1.53
---------------*****---------------
---------------*****---------------
Starting training the epoch: 15 
total batch: 759.71875 
batch:99 average train loss 1.4942
batch:199 average train loss 1.4923
batch:299 average train loss 1.4987
batch:399 average train loss 1.5024
batch:499 average train loss 1.5047
batch:599 average train loss 1.5085
batch:699 average train loss 1.5176
average train loss 1.5171
Train Consuming time:31.91 in the epoch: 15
total val iterations: 163 
average val loss 1.5698
accuracy ( less than 0.1 ): 0.2357
median val loss 0.6629
total test iterations: 163 
average test loss 1.5297
accuracy ( less than 0.1 ): 0.2331
median test loss 0.6307
Consuming time:40.00 in the epoch: 15
Best test loss is 1.53
---------------*****---------------
---------------*****---------------
Starting training the epoch: 16 
total batch: 759.71875 
batch:99 average train loss 1.4892
batch:199 average train loss 1.4885
batch:299 average train loss 1.4950
batch:399 average train loss 1.4998
batch:499 average train loss 1.5024
batch:599 average train loss 1.5068
batch:699 average train loss 1.5157
average train loss 1.5154
Train Consuming time:32.06 in the epoch: 16
total val iterations: 163 
average val loss 1.5687
accuracy ( less than 0.1 ): 0.2360
median val loss 0.6617
total test iterations: 163 
average test loss 1.5274
accuracy ( less than 0.1 ): 0.2332
median test loss 0.6255
Consuming time:40.08 in the epoch: 16
Best test loss is 1.53
---------------*****---------------
---------------*****---------------
Starting training the epoch: 17 
total batch: 759.71875 
batch:99 average train loss 1.4879
batch:199 average train loss 1.4856
batch:299 average train loss 1.4926
batch:399 average train loss 1.4974
batch:499 average train loss 1.5006
batch:599 average train loss 1.5046
batch:699 average train loss 1.5132
average train loss 1.5129
Train Consuming time:32.00 in the epoch: 17
total val iterations: 163 
average val loss 1.5765
accuracy ( less than 0.1 ): 0.2364
median val loss 0.6661
total test iterations: 163 
average test loss 1.5360
accuracy ( less than 0.1 ): 0.2361
median test loss 0.6385
Consuming time:40.04 in the epoch: 17
Best test loss is 1.53
---------------*****---------------
---------------*****---------------
Starting training the epoch: 18 
total batch: 759.71875 
batch:99 average train loss 1.4841
batch:199 average train loss 1.4837
batch:299 average train loss 1.4911
batch:399 average train loss 1.4961
batch:499 average train loss 1.4986
batch:599 average train loss 1.5030
batch:699 average train loss 1.5117
average train loss 1.5115
Train Consuming time:31.76 in the epoch: 18
total val iterations: 163 
average val loss 1.5715
accuracy ( less than 0.1 ): 0.2367
median val loss 0.6751
total test iterations: 163 
average test loss 1.5296
accuracy ( less than 0.1 ): 0.2333
median test loss 0.6365
Consuming time:39.52 in the epoch: 18
Best test loss is 1.53
---------------*****---------------
---------------*****---------------
Starting training the epoch: 19 
total batch: 759.71875 
batch:99 average train loss 1.4826
batch:199 average train loss 1.4813
batch:299 average train loss 1.4881
batch:399 average train loss 1.4936
batch:499 average train loss 1.4960
batch:599 average train loss 1.5010
batch:699 average train loss 1.5098
average train loss 1.5098
Train Consuming time:31.05 in the epoch: 19
total val iterations: 163 
average val loss 1.5747
accuracy ( less than 0.1 ): 0.2360
median val loss 0.6677
total test iterations: 163 
average test loss 1.5374
accuracy ( less than 0.1 ): 0.2342
median test loss 0.6345
Consuming time:38.71 in the epoch: 19
Best test loss is 1.53
---------------*****---------------
---------------*****---------------
Starting training the epoch: 20 
total batch: 759.71875 
batch:99 average train loss 1.4659
batch:199 average train loss 1.4679
batch:299 average train loss 1.4760
batch:399 average train loss 1.4797
batch:499 average train loss 1.4814
batch:599 average train loss 1.4844
batch:699 average train loss 1.4925
average train loss 1.4913
Train Consuming time:30.10 in the epoch: 20
total val iterations: 163 
average val loss 1.5630
accuracy ( less than 0.1 ): 0.2287
median val loss 0.6707
total test iterations: 163 
average test loss 1.5226
accuracy ( less than 0.1 ): 0.2273
median test loss 0.6281
Consuming time:37.87 in the epoch: 20
Best test loss is 1.52
---------------*****---------------
---------------*****---------------
Starting training the epoch: 21 
total batch: 759.71875 
batch:99 average train loss 1.4540
batch:199 average train loss 1.4573
batch:299 average train loss 1.4651
batch:399 average train loss 1.4697
batch:499 average train loss 1.4722
batch:599 average train loss 1.4760
batch:699 average train loss 1.4845
average train loss 1.4839
Train Consuming time:30.25 in the epoch: 21
total val iterations: 163 
average val loss 1.5648
accuracy ( less than 0.1 ): 0.2287
median val loss 0.6746
total test iterations: 163 
average test loss 1.5221
accuracy ( less than 0.1 ): 0.2284
median test loss 0.6275
Consuming time:38.03 in the epoch: 21
Best test loss is 1.52
---------------*****---------------
---------------*****---------------
Starting training the epoch: 22 
total batch: 759.71875 
batch:99 average train loss 1.4522
batch:199 average train loss 1.4548
batch:299 average train loss 1.4622
batch:399 average train loss 1.4671
batch:499 average train loss 1.4695
batch:599 average train loss 1.4733
batch:699 average train loss 1.4818
average train loss 1.4815
Train Consuming time:30.25 in the epoch: 22
total val iterations: 163 
average val loss 1.5665
accuracy ( less than 0.1 ): 0.2300
median val loss 0.6786
total test iterations: 163 
average test loss 1.5224
accuracy ( less than 0.1 ): 0.2284
median test loss 0.6300
Consuming time:37.97 in the epoch: 22
Best test loss is 1.52
---------------*****---------------
---------------*****---------------
Starting training the epoch: 23 
total batch: 759.71875 
batch:99 average train loss 1.4508
batch:199 average train loss 1.4534
batch:299 average train loss 1.4606
batch:399 average train loss 1.4656
batch:499 average train loss 1.4680
batch:599 average train loss 1.4718
batch:699 average train loss 1.4804
average train loss 1.4803
Train Consuming time:29.79 in the epoch: 23
total val iterations: 163 
average val loss 1.5678
accuracy ( less than 0.1 ): 0.2298
median val loss 0.6821
total test iterations: 163 
average test loss 1.5229
accuracy ( less than 0.1 ): 0.2286
median test loss 0.6336
Consuming time:37.54 in the epoch: 23
Best test loss is 1.52
---------------*****---------------
---------------*****---------------
Starting training the epoch: 24 
total batch: 759.71875 
batch:99 average train loss 1.4496
batch:199 average train loss 1.4523
batch:299 average train loss 1.4593
batch:399 average train loss 1.4645
batch:499 average train loss 1.4667
batch:599 average train loss 1.4706
batch:699 average train loss 1.4794
average train loss 1.4794
Train Consuming time:30.37 in the epoch: 24
total val iterations: 163 
average val loss 1.5681
accuracy ( less than 0.1 ): 0.2299
median val loss 0.6820
total test iterations: 163 
average test loss 1.5229
accuracy ( less than 0.1 ): 0.2288
median test loss 0.6329
Consuming time:38.11 in the epoch: 24
Best test loss is 1.52
---------------*****---------------
---------------*****---------------
Starting training the epoch: 25 
total batch: 759.71875 
batch:99 average train loss 1.4488
batch:199 average train loss 1.4518
batch:299 average train loss 1.4585
batch:399 average train loss 1.4637
batch:499 average train loss 1.4659
batch:599 average train loss 1.4698
batch:699 average train loss 1.4785
average train loss 1.4786
Train Consuming time:30.24 in the epoch: 25
total val iterations: 163 
average val loss 1.5689
accuracy ( less than 0.1 ): 0.2306
median val loss 0.6803
total test iterations: 163 
average test loss 1.5233
accuracy ( less than 0.1 ): 0.2291
median test loss 0.6349
Consuming time:37.88 in the epoch: 25
Best test loss is 1.52
---------------*****---------------
---------------*****---------------
Starting training the epoch: 26 
total batch: 759.71875 
batch:99 average train loss 1.4480
batch:199 average train loss 1.4511
batch:299 average train loss 1.4578
batch:399 average train loss 1.4630
batch:499 average train loss 1.4650
batch:599 average train loss 1.4689
batch:699 average train loss 1.4778
average train loss 1.4780
Train Consuming time:30.23 in the epoch: 26
total val iterations: 163 
average val loss 1.5693
accuracy ( less than 0.1 ): 0.2308
median val loss 0.6793
total test iterations: 163 
average test loss 1.5234
accuracy ( less than 0.1 ): 0.2292
median test loss 0.6328
Consuming time:37.91 in the epoch: 26
Best test loss is 1.52
---------------*****---------------
---------------*****---------------
Starting training the epoch: 27 
total batch: 759.71875 
batch:99 average train loss 1.4476
batch:199 average train loss 1.4508
batch:299 average train loss 1.4572
batch:399 average train loss 1.4624
batch:499 average train loss 1.4645
batch:599 average train loss 1.4684
batch:699 average train loss 1.4773
average train loss 1.4775
Train Consuming time:30.58 in the epoch: 27
total val iterations: 163 
average val loss 1.5697
accuracy ( less than 0.1 ): 0.2314
median val loss 0.6778
total test iterations: 163 
average test loss 1.5237
accuracy ( less than 0.1 ): 0.2295
median test loss 0.6295
Consuming time:38.37 in the epoch: 27
Best test loss is 1.52
---------------*****---------------
---------------*****---------------
Starting training the epoch: 28 
total batch: 759.71875 
batch:99 average train loss 1.4469
batch:199 average train loss 1.4501
batch:299 average train loss 1.4566
batch:399 average train loss 1.4619
batch:499 average train loss 1.4640
batch:599 average train loss 1.4679
batch:699 average train loss 1.4768
average train loss 1.4770
Train Consuming time:30.54 in the epoch: 28
total val iterations: 163 
average val loss 1.5701
accuracy ( less than 0.1 ): 0.2317
median val loss 0.6786
total test iterations: 163 
average test loss 1.5239
accuracy ( less than 0.1 ): 0.2296
median test loss 0.6291
Consuming time:38.35 in the epoch: 28
Best test loss is 1.52
---------------*****---------------
---------------*****---------------
Starting training the epoch: 29 
total batch: 759.71875 
batch:99 average train loss 1.4469
batch:199 average train loss 1.4502
batch:299 average train loss 1.4565
batch:399 average train loss 1.4616
batch:499 average train loss 1.4637
batch:599 average train loss 1.4676
batch:699 average train loss 1.4765
average train loss 1.4768
Train Consuming time:30.89 in the epoch: 29
total val iterations: 163 
average val loss 1.5705
accuracy ( less than 0.1 ): 0.2324
median val loss 0.6791
total test iterations: 163 
average test loss 1.5241
accuracy ( less than 0.1 ): 0.2302
median test loss 0.6302
Consuming time:38.82 in the epoch: 29
Best test loss is 1.52
---------------*****---------------
---------------*****---------------
Starting training the epoch: 30 
total batch: 759.71875 
batch:99 average train loss 1.4463
batch:199 average train loss 1.4494
batch:299 average train loss 1.4559
batch:399 average train loss 1.4611
batch:499 average train loss 1.4632
batch:599 average train loss 1.4671
batch:699 average train loss 1.4760
average train loss 1.4763
Train Consuming time:31.34 in the epoch: 30
total val iterations: 163 
average val loss 1.5708
accuracy ( less than 0.1 ): 0.2329
median val loss 0.6788
total test iterations: 163 
average test loss 1.5244
accuracy ( less than 0.1 ): 0.2301
median test loss 0.6302
Consuming time:39.61 in the epoch: 30
Best test loss is 1.52
---------------*****---------------
---------------*****---------------
Starting training the epoch: 31 
total batch: 759.71875 
batch:99 average train loss 1.4455
batch:199 average train loss 1.4488
batch:299 average train loss 1.4552
batch:399 average train loss 1.4605
batch:499 average train loss 1.4626
batch:599 average train loss 1.4665
batch:699 average train loss 1.4755
average train loss 1.4759
Train Consuming time:33.74 in the epoch: 31
total val iterations: 163 
average val loss 1.5710
accuracy ( less than 0.1 ): 0.2328
median val loss 0.6761
total test iterations: 163 
average test loss 1.5243
accuracy ( less than 0.1 ): 0.2298
median test loss 0.6299
Consuming time:41.83 in the epoch: 31
Best test loss is 1.52
---------------*****---------------
---------------*****---------------
Starting training the epoch: 32 
total batch: 759.71875 
batch:99 average train loss 1.4452
batch:199 average train loss 1.4485
batch:299 average train loss 1.4549
batch:399 average train loss 1.4601
batch:499 average train loss 1.4622
batch:599 average train loss 1.4662
batch:699 average train loss 1.4752
average train loss 1.4756
Train Consuming time:31.31 in the epoch: 32
total val iterations: 163 
average val loss 1.5711
accuracy ( less than 0.1 ): 0.2335
median val loss 0.6795
total test iterations: 163 
average test loss 1.5244
accuracy ( less than 0.1 ): 0.2301
median test loss 0.6303
Consuming time:39.36 in the epoch: 32
Best test loss is 1.52
---------------*****---------------
---------------*****---------------
Starting training the epoch: 33 
total batch: 759.71875 
batch:99 average train loss 1.4451
batch:199 average train loss 1.4484
batch:299 average train loss 1.4546
batch:399 average train loss 1.4598
batch:499 average train loss 1.4620
batch:599 average train loss 1.4660
batch:699 average train loss 1.4750
average train loss 1.4754
Train Consuming time:31.63 in the epoch: 33
total val iterations: 163 
average val loss 1.5714
accuracy ( less than 0.1 ): 0.2332
median val loss 0.6786
total test iterations: 163 
average test loss 1.5246
accuracy ( less than 0.1 ): 0.2301
median test loss 0.6300
Consuming time:39.60 in the epoch: 33
Best test loss is 1.52
---------------*****---------------
---------------*****---------------
Starting training the epoch: 34 
total batch: 759.71875 
batch:99 average train loss 1.4446
batch:199 average train loss 1.4479
batch:299 average train loss 1.4541
batch:399 average train loss 1.4593
batch:499 average train loss 1.4614
batch:599 average train loss 1.4655
batch:699 average train loss 1.4745
average train loss 1.4750
Train Consuming time:31.26 in the epoch: 34
total val iterations: 163 
average val loss 1.5719
accuracy ( less than 0.1 ): 0.2333
median val loss 0.6782
total test iterations: 163 
average test loss 1.5247
accuracy ( less than 0.1 ): 0.2298
median test loss 0.6315
Consuming time:39.33 in the epoch: 34
Best test loss is 1.52
---------------*****---------------
---------------*****---------------
Starting training the epoch: 35 
total batch: 759.71875 
batch:99 average train loss 1.4442
batch:199 average train loss 1.4476
batch:299 average train loss 1.4537
batch:399 average train loss 1.4589
batch:499 average train loss 1.4611
batch:599 average train loss 1.4652
batch:699 average train loss 1.4742
average train loss 1.4747
Train Consuming time:31.46 in the epoch: 35
total val iterations: 163 
average val loss 1.5722
accuracy ( less than 0.1 ): 0.2330
median val loss 0.6788
total test iterations: 163 
average test loss 1.5250
accuracy ( less than 0.1 ): 0.2296
median test loss 0.6306
Consuming time:39.62 in the epoch: 35
Best test loss is 1.52
---------------*****---------------
---------------*****---------------
Starting training the epoch: 36 
total batch: 759.71875 
batch:99 average train loss 1.4437
batch:199 average train loss 1.4472
batch:299 average train loss 1.4534
batch:399 average train loss 1.4587
batch:499 average train loss 1.4609
batch:599 average train loss 1.4650
batch:699 average train loss 1.4740
average train loss 1.4744
Train Consuming time:30.76 in the epoch: 36
total val iterations: 163 
average val loss 1.5724
accuracy ( less than 0.1 ): 0.2331
median val loss 0.6785
total test iterations: 163 
average test loss 1.5251
accuracy ( less than 0.1 ): 0.2302
median test loss 0.6308
Consuming time:39.15 in the epoch: 36
Best test loss is 1.52
---------------*****---------------
---------------*****---------------
Starting training the epoch: 37 
total batch: 759.71875 
batch:99 average train loss 1.4438
batch:199 average train loss 1.4471
batch:299 average train loss 1.4532
batch:399 average train loss 1.4585
batch:499 average train loss 1.4607
batch:599 average train loss 1.4647
batch:699 average train loss 1.4738
average train loss 1.4742
Train Consuming time:31.50 in the epoch: 37
total val iterations: 163 
average val loss 1.5726
accuracy ( less than 0.1 ): 0.2333
median val loss 0.6781
total test iterations: 163 
average test loss 1.5252
accuracy ( less than 0.1 ): 0.2301
median test loss 0.6291
Consuming time:39.47 in the epoch: 37
Best test loss is 1.52
---------------*****---------------
---------------*****---------------
Starting training the epoch: 38 
total batch: 759.71875 
batch:99 average train loss 1.4435
batch:199 average train loss 1.4470
batch:299 average train loss 1.4530
batch:399 average train loss 1.4583
batch:499 average train loss 1.4605
batch:599 average train loss 1.4646
batch:699 average train loss 1.4736
average train loss 1.4741
Train Consuming time:31.46 in the epoch: 38
total val iterations: 163 
average val loss 1.5730
accuracy ( less than 0.1 ): 0.2328
median val loss 0.6759
total test iterations: 163 
average test loss 1.5255
accuracy ( less than 0.1 ): 0.2300
median test loss 0.6292
Consuming time:39.49 in the epoch: 38
Best test loss is 1.52
---------------*****---------------
---------------*****---------------
Starting training the epoch: 39 
total batch: 759.71875 
batch:99 average train loss 1.4432
batch:199 average train loss 1.4465
batch:299 average train loss 1.4525
batch:399 average train loss 1.4578
batch:499 average train loss 1.4601
batch:599 average train loss 1.4641
batch:699 average train loss 1.4732
average train loss 1.4737
Train Consuming time:31.42 in the epoch: 39
total val iterations: 163 
average val loss 1.5731
accuracy ( less than 0.1 ): 0.2324
median val loss 0.6767
total test iterations: 163 
average test loss 1.5256
accuracy ( less than 0.1 ): 0.2298
median test loss 0.6266
Consuming time:39.57 in the epoch: 39
Best test loss is 1.52
---------------*****---------------
---------------*****---------------
Starting training the epoch: 40 
total batch: 759.71875 
batch:99 average train loss 1.4430
batch:199 average train loss 1.4465
batch:299 average train loss 1.4524
batch:399 average train loss 1.4577
batch:499 average train loss 1.4599
batch:599 average train loss 1.4639
batch:699 average train loss 1.4729
average train loss 1.4734
Train Consuming time:30.72 in the epoch: 40
total val iterations: 163 
average val loss 1.5735
accuracy ( less than 0.1 ): 0.2331
median val loss 0.6760
total test iterations: 163 
average test loss 1.5258
accuracy ( less than 0.1 ): 0.2302
median test loss 0.6282
Consuming time:38.61 in the epoch: 40
Best test loss is 1.52
---------------*****---------------
---------------*****---------------
Starting training the epoch: 41 
total batch: 759.71875 
batch:99 average train loss 1.4428
batch:199 average train loss 1.4462
batch:299 average train loss 1.4520
batch:399 average train loss 1.4574
batch:499 average train loss 1.4596
batch:599 average train loss 1.4637
batch:699 average train loss 1.4728
average train loss 1.4733
Train Consuming time:30.26 in the epoch: 41
total val iterations: 163 
average val loss 1.5735
accuracy ( less than 0.1 ): 0.2327
median val loss 0.6766
total test iterations: 163 
average test loss 1.5260
accuracy ( less than 0.1 ): 0.2306
median test loss 0.6272
Consuming time:37.80 in the epoch: 41
Best test loss is 1.52
---------------*****---------------
---------------*****---------------
Starting training the epoch: 42 
total batch: 759.71875 
batch:99 average train loss 1.4427
batch:199 average train loss 1.4460
batch:299 average train loss 1.4519
batch:399 average train loss 1.4572
batch:499 average train loss 1.4594
batch:599 average train loss 1.4634
batch:699 average train loss 1.4725
average train loss 1.4730
Train Consuming time:29.74 in the epoch: 42
total val iterations: 163 
average val loss 1.5737
accuracy ( less than 0.1 ): 0.2326
median val loss 0.6770
total test iterations: 163 
average test loss 1.5260
accuracy ( less than 0.1 ): 0.2303
median test loss 0.6274
Consuming time:37.23 in the epoch: 42
Best test loss is 1.52
---------------*****---------------
---------------*****---------------
Starting training the epoch: 43 
total batch: 759.71875 
batch:99 average train loss 1.4424
batch:199 average train loss 1.4457
batch:299 average train loss 1.4517
batch:399 average train loss 1.4570
batch:499 average train loss 1.4592
batch:599 average train loss 1.4632
batch:699 average train loss 1.4723
average train loss 1.4729
Train Consuming time:29.14 in the epoch: 43
total val iterations: 163 
average val loss 1.5742
accuracy ( less than 0.1 ): 0.2329
median val loss 0.6764
total test iterations: 163 
average test loss 1.5263
accuracy ( less than 0.1 ): 0.2305
median test loss 0.6272
Consuming time:35.64 in the epoch: 43
Best test loss is 1.52
---------------*****---------------
---------------*****---------------
Starting training the epoch: 44 
total batch: 759.71875 
batch:99 average train loss 1.4421
batch:199 average train loss 1.4455
batch:299 average train loss 1.4514
batch:399 average train loss 1.4568
batch:499 average train loss 1.4590
batch:599 average train loss 1.4631
batch:699 average train loss 1.4721
average train loss 1.4726
Train Consuming time:26.56 in the epoch: 44
total val iterations: 163 
average val loss 1.5742
accuracy ( less than 0.1 ): 0.2332
median val loss 0.6767
total test iterations: 163 
average test loss 1.5262
accuracy ( less than 0.1 ): 0.2306
median test loss 0.6268
Consuming time:33.15 in the epoch: 44
Best test loss is 1.52
---------------*****---------------
---------------*****---------------
Starting training the epoch: 45 
total batch: 759.71875 
batch:99 average train loss 1.4422
batch:199 average train loss 1.4453
batch:299 average train loss 1.4511
batch:399 average train loss 1.4564
batch:499 average train loss 1.4587
batch:599 average train loss 1.4628
batch:699 average train loss 1.4718
average train loss 1.4724
Train Consuming time:26.46 in the epoch: 45
total val iterations: 163 
average val loss 1.5744
accuracy ( less than 0.1 ): 0.2334
median val loss 0.6776
total test iterations: 163 
average test loss 1.5262
accuracy ( less than 0.1 ): 0.2307
median test loss 0.6278
Consuming time:32.89 in the epoch: 45
Best test loss is 1.52
---------------*****---------------
---------------*****---------------
Starting training the epoch: 46 
total batch: 759.71875 
batch:99 average train loss 1.4418
batch:199 average train loss 1.4450
batch:299 average train loss 1.4508
batch:399 average train loss 1.4562
batch:499 average train loss 1.4585
batch:599 average train loss 1.4626
batch:699 average train loss 1.4716
average train loss 1.4721
Train Consuming time:26.46 in the epoch: 46
total val iterations: 163 
average val loss 1.5748
accuracy ( less than 0.1 ): 0.2339
median val loss 0.6789
total test iterations: 163 
average test loss 1.5265
accuracy ( less than 0.1 ): 0.2309
median test loss 0.6269
Consuming time:32.73 in the epoch: 46
Best test loss is 1.52
---------------*****---------------
---------------*****---------------
Starting training the epoch: 47 
total batch: 759.71875 
batch:99 average train loss 1.4412
batch:199 average train loss 1.4445
batch:299 average train loss 1.4503
batch:399 average train loss 1.4558
batch:499 average train loss 1.4581
batch:599 average train loss 1.4621
batch:699 average train loss 1.4713
average train loss 1.4719
Train Consuming time:29.30 in the epoch: 47
total val iterations: 163 
average val loss 1.5749
accuracy ( less than 0.1 ): 0.2341
median val loss 0.6781
total test iterations: 163 
average test loss 1.5267
accuracy ( less than 0.1 ): 0.2308
median test loss 0.6271
Consuming time:36.68 in the epoch: 47
Best test loss is 1.52
---------------*****---------------
---------------*****---------------
Starting training the epoch: 48 
total batch: 759.71875 
batch:99 average train loss 1.4417
batch:199 average train loss 1.4449
batch:299 average train loss 1.4505
batch:399 average train loss 1.4560
batch:499 average train loss 1.4581
batch:599 average train loss 1.4622
batch:699 average train loss 1.4713
average train loss 1.4718
Train Consuming time:29.55 in the epoch: 48
total val iterations: 163 
average val loss 1.5749
accuracy ( less than 0.1 ): 0.2341
median val loss 0.6796
total test iterations: 163 
average test loss 1.5267
accuracy ( less than 0.1 ): 0.2307
median test loss 0.6273
Consuming time:36.93 in the epoch: 48
Best test loss is 1.52
---------------*****---------------
---------------*****---------------
Starting training the epoch: 49 
total batch: 759.71875 
batch:99 average train loss 1.4415
batch:199 average train loss 1.4445
batch:299 average train loss 1.4501
batch:399 average train loss 1.4554
batch:499 average train loss 1.4576
batch:599 average train loss 1.4617
batch:699 average train loss 1.4709
average train loss 1.4715
Train Consuming time:29.68 in the epoch: 49
total val iterations: 163 
average val loss 1.5751
accuracy ( less than 0.1 ): 0.2342
median val loss 0.6795
total test iterations: 163 
average test loss 1.5270
accuracy ( less than 0.1 ): 0.2314
median test loss 0.6265
Consuming time:37.32 in the epoch: 49
Best test loss is 1.52
---------------*****---------------
