===================configuration===================
learning rate :0.0005 
num_mlp_layers : 1
num_layers : 2
gnn input_features : 100
gnn output_features : 64
input of rnn/transformer : 64
hidden_size (out put of rnn/tranformer) : 64
observation hour [7,19]
observation interval : 1
observation threshold : 7
prediction time : 86400
cascade length [10,100]
model save at : ../model_save/cas2vec/dblp2/
====bidirected: True, attention: GAT, gcn_type: self, rnn: gru====
===================configuration===================
len(Y_train), len(Y_valid), len(Y_test): 56612 12132 12131
preparing time:87.26409983634949
total parameters 85999
---------------*****---------------
Starting training the epoch: 0 
total batch: 884.5625 
batch:99 average train loss 2.4497
batch:199 average train loss 2.0943
batch:299 average train loss 1.9511
batch:399 average train loss 1.8846
batch:499 average train loss 1.8286
batch:599 average train loss 1.7853
batch:699 average train loss 1.7598
batch:799 average train loss 1.7406
average train loss 1.7262
Train Consuming time:737.04 in the epoch: 0
total val iterations: 190 
average val loss 1.6868
accuracy ( less than 0.1 ): 0.1479
median val loss 0.7226
total test iterations: 190 
average test loss 1.6523
accuracy ( less than 0.1 ): 0.1525
median test loss 0.7306
Consuming time:993.62 in the epoch: 0
Best test loss is 1.65
---------------*****---------------
---------------*****---------------
Starting training the epoch: 1 
total batch: 884.5625 
batch:99 average train loss 1.5811
batch:199 average train loss 1.5781
batch:299 average train loss 1.5665
batch:399 average train loss 1.5741
batch:499 average train loss 1.5670
batch:599 average train loss 1.5599
batch:699 average train loss 1.5603
batch:799 average train loss 1.5609
average train loss 1.5604
Train Consuming time:41.54 in the epoch: 1
total val iterations: 190 
average val loss 1.6746
accuracy ( less than 0.1 ): 0.1318
median val loss 0.7116
total test iterations: 190 
average test loss 1.6327
accuracy ( less than 0.1 ): 0.1335
median test loss 0.7332
Consuming time:52.45 in the epoch: 1
Best test loss is 1.63
---------------*****---------------
---------------*****---------------
Starting training the epoch: 2 
total batch: 884.5625 
batch:99 average train loss 1.5403
batch:199 average train loss 1.5405
batch:299 average train loss 1.5321
batch:399 average train loss 1.5420
batch:499 average train loss 1.5369
batch:599 average train loss 1.5315
batch:699 average train loss 1.5341
batch:799 average train loss 1.5358
average train loss 1.5355
Train Consuming time:41.82 in the epoch: 2
total val iterations: 190 
average val loss 1.5866
accuracy ( less than 0.1 ): 0.1716
median val loss 0.6810
total test iterations: 190 
average test loss 1.5504
accuracy ( less than 0.1 ): 0.1746
median test loss 0.6780
Consuming time:52.91 in the epoch: 2
Best test loss is 1.55
---------------*****---------------
---------------*****---------------
Starting training the epoch: 3 
total batch: 884.5625 
batch:99 average train loss 1.5273
batch:199 average train loss 1.5292
batch:299 average train loss 1.5207
batch:399 average train loss 1.5298
batch:499 average train loss 1.5258
batch:599 average train loss 1.5232
batch:699 average train loss 1.5242
batch:799 average train loss 1.5253
average train loss 1.5248
Train Consuming time:40.80 in the epoch: 3
total val iterations: 190 
average val loss 1.6045
accuracy ( less than 0.1 ): 0.1590
median val loss 0.6887
total test iterations: 190 
average test loss 1.5636
accuracy ( less than 0.1 ): 0.1599
median test loss 0.6821
Consuming time:51.37 in the epoch: 3
Best test loss is 1.55
---------------*****---------------
---------------*****---------------
Starting training the epoch: 4 
total batch: 884.5625 
batch:99 average train loss 1.5142
batch:199 average train loss 1.5180
batch:299 average train loss 1.5099
batch:399 average train loss 1.5198
batch:499 average train loss 1.5165
batch:599 average train loss 1.5150
batch:699 average train loss 1.5159
batch:799 average train loss 1.5177
average train loss 1.5171
Train Consuming time:39.85 in the epoch: 4
total val iterations: 190 
average val loss 1.6017
accuracy ( less than 0.1 ): 0.1642
median val loss 0.6883
total test iterations: 190 
average test loss 1.5604
accuracy ( less than 0.1 ): 0.1663
median test loss 0.6853
Consuming time:50.07 in the epoch: 4
Best test loss is 1.55
---------------*****---------------
---------------*****---------------
Starting training the epoch: 5 
total batch: 884.5625 
batch:99 average train loss 1.5070
batch:199 average train loss 1.5136
batch:299 average train loss 1.5052
batch:399 average train loss 1.5148
batch:499 average train loss 1.5110
batch:599 average train loss 1.5095
batch:699 average train loss 1.5107
batch:799 average train loss 1.5121
average train loss 1.5117
Train Consuming time:41.44 in the epoch: 5
total val iterations: 190 
average val loss 1.6167
accuracy ( less than 0.1 ): 0.1560
median val loss 0.6913
total test iterations: 190 
average test loss 1.5754
accuracy ( less than 0.1 ): 0.1585
median test loss 0.6927
Consuming time:51.40 in the epoch: 5
Best test loss is 1.55
---------------*****---------------
---------------*****---------------
Starting training the epoch: 6 
total batch: 884.5625 
batch:99 average train loss 1.5028
batch:199 average train loss 1.5095
batch:299 average train loss 1.5014
batch:399 average train loss 1.5110
batch:499 average train loss 1.5069
batch:599 average train loss 1.5055
batch:699 average train loss 1.5065
batch:799 average train loss 1.5082
average train loss 1.5079
Train Consuming time:42.13 in the epoch: 6
total val iterations: 190 
average val loss 1.6044
accuracy ( less than 0.1 ): 0.1529
median val loss 0.6811
total test iterations: 190 
average test loss 1.5602
accuracy ( less than 0.1 ): 0.1565
median test loss 0.6865
Consuming time:53.17 in the epoch: 6
Best test loss is 1.55
---------------*****---------------
---------------*****---------------
Starting training the epoch: 7 
total batch: 884.5625 
batch:99 average train loss 1.4974
batch:199 average train loss 1.5052
batch:299 average train loss 1.4976
batch:399 average train loss 1.5069
batch:499 average train loss 1.5031
batch:599 average train loss 1.5014
batch:699 average train loss 1.5027
batch:799 average train loss 1.5044
average train loss 1.5039
Train Consuming time:42.29 in the epoch: 7
total val iterations: 190 
average val loss 1.5489
accuracy ( less than 0.1 ): 0.1791
median val loss 0.6601
total test iterations: 190 
average test loss 1.5076
accuracy ( less than 0.1 ): 0.1779
median test loss 0.6521
Consuming time:53.41 in the epoch: 7
Best test loss is 1.51
---------------*****---------------
---------------*****---------------
Starting training the epoch: 8 
total batch: 884.5625 
batch:99 average train loss 1.4926
batch:199 average train loss 1.4993
batch:299 average train loss 1.4923
batch:399 average train loss 1.5024
batch:499 average train loss 1.4987
batch:599 average train loss 1.4975
batch:699 average train loss 1.4987
batch:799 average train loss 1.5003
average train loss 1.5002
Train Consuming time:42.41 in the epoch: 8
total val iterations: 190 
average val loss 1.5491
accuracy ( less than 0.1 ): 0.1754
median val loss 0.6607
total test iterations: 190 
average test loss 1.5105
accuracy ( less than 0.1 ): 0.1752
median test loss 0.6575
Consuming time:53.56 in the epoch: 8
Best test loss is 1.51
---------------*****---------------
---------------*****---------------
Starting training the epoch: 9 
total batch: 884.5625 
batch:99 average train loss 1.4904
batch:199 average train loss 1.4986
batch:299 average train loss 1.4918
batch:399 average train loss 1.5012
batch:499 average train loss 1.4966
batch:599 average train loss 1.4950
batch:699 average train loss 1.4958
batch:799 average train loss 1.4977
average train loss 1.4974
Train Consuming time:42.31 in the epoch: 9
total val iterations: 190 
average val loss 1.5536
accuracy ( less than 0.1 ): 0.1711
median val loss 0.6592
total test iterations: 190 
average test loss 1.5126
accuracy ( less than 0.1 ): 0.1696
median test loss 0.6574
Consuming time:53.43 in the epoch: 9
Best test loss is 1.51
---------------*****---------------
---------------*****---------------
Starting training the epoch: 10 
total batch: 884.5625 
batch:99 average train loss 1.4875
batch:199 average train loss 1.4942
batch:299 average train loss 1.4869
batch:399 average train loss 1.4964
batch:499 average train loss 1.4930
batch:599 average train loss 1.4919
batch:699 average train loss 1.4931
batch:799 average train loss 1.4948
average train loss 1.4946
Train Consuming time:42.45 in the epoch: 10
total val iterations: 190 
average val loss 1.5570
accuracy ( less than 0.1 ): 0.1669
median val loss 0.6623
total test iterations: 190 
average test loss 1.5154
accuracy ( less than 0.1 ): 0.1653
median test loss 0.6612
Consuming time:52.73 in the epoch: 10
Best test loss is 1.51
---------------*****---------------
---------------*****---------------
Starting training the epoch: 11 
total batch: 884.5625 
batch:99 average train loss 1.4848
batch:199 average train loss 1.4927
batch:299 average train loss 1.4850
batch:399 average train loss 1.4940
batch:499 average train loss 1.4911
batch:599 average train loss 1.4899
batch:699 average train loss 1.4910
batch:799 average train loss 1.4929
average train loss 1.4930
Train Consuming time:40.13 in the epoch: 11
total val iterations: 190 
average val loss 1.5435
accuracy ( less than 0.1 ): 0.1770
median val loss 0.6560
total test iterations: 190 
average test loss 1.5025
accuracy ( less than 0.1 ): 0.1748
median test loss 0.6519
Consuming time:51.45 in the epoch: 11
Best test loss is 1.50
---------------*****---------------
---------------*****---------------
Starting training the epoch: 12 
total batch: 884.5625 
batch:99 average train loss 1.4838
batch:199 average train loss 1.4909
batch:299 average train loss 1.4831
batch:399 average train loss 1.4919
batch:499 average train loss 1.4890
batch:599 average train loss 1.4879
batch:699 average train loss 1.4893
batch:799 average train loss 1.4913
average train loss 1.4914
Train Consuming time:42.19 in the epoch: 12
total val iterations: 190 
average val loss 1.5715
accuracy ( less than 0.1 ): 0.1615
median val loss 0.6664
total test iterations: 190 
average test loss 1.5295
accuracy ( less than 0.1 ): 0.1597
median test loss 0.6644
Consuming time:53.00 in the epoch: 12
Best test loss is 1.50
---------------*****---------------
---------------*****---------------
Starting training the epoch: 13 
total batch: 884.5625 
batch:99 average train loss 1.4857
batch:199 average train loss 1.4937
batch:299 average train loss 1.4848
batch:399 average train loss 1.4933
batch:499 average train loss 1.4895
batch:599 average train loss 1.4882
batch:699 average train loss 1.4893
batch:799 average train loss 1.4912
average train loss 1.4910
Train Consuming time:41.69 in the epoch: 13
total val iterations: 190 
average val loss 1.5424
accuracy ( less than 0.1 ): 0.1765
median val loss 0.6562
total test iterations: 190 
average test loss 1.4996
accuracy ( less than 0.1 ): 0.1762
median test loss 0.6464
Consuming time:52.64 in the epoch: 13
Best test loss is 1.50
---------------*****---------------
---------------*****---------------
Starting training the epoch: 14 
total batch: 884.5625 
batch:99 average train loss 1.4839
batch:199 average train loss 1.4912
batch:299 average train loss 1.4824
batch:399 average train loss 1.4909
batch:499 average train loss 1.4874
batch:599 average train loss 1.4859
batch:699 average train loss 1.4870
batch:799 average train loss 1.4889
average train loss 1.4888
Train Consuming time:41.31 in the epoch: 14
total val iterations: 190 
average val loss 1.5551
accuracy ( less than 0.1 ): 0.1702
median val loss 0.6582
total test iterations: 190 
average test loss 1.5099
accuracy ( less than 0.1 ): 0.1691
median test loss 0.6515
Consuming time:52.15 in the epoch: 14
Best test loss is 1.50
---------------*****---------------
---------------*****---------------
Starting training the epoch: 15 
total batch: 884.5625 
batch:99 average train loss 1.4802
batch:199 average train loss 1.4894
batch:299 average train loss 1.4812
batch:399 average train loss 1.4892
batch:499 average train loss 1.4858
batch:599 average train loss 1.4842
batch:699 average train loss 1.4853
batch:799 average train loss 1.4872
average train loss 1.4873
Train Consuming time:41.79 in the epoch: 15
total val iterations: 190 
average val loss 1.5648
accuracy ( less than 0.1 ): 0.1653
median val loss 0.6606
total test iterations: 190 
average test loss 1.5196
accuracy ( less than 0.1 ): 0.1664
median test loss 0.6538
Consuming time:52.63 in the epoch: 15
Best test loss is 1.50
---------------*****---------------
---------------*****---------------
Starting training the epoch: 16 
total batch: 884.5625 
batch:99 average train loss 1.4783
batch:199 average train loss 1.4867
batch:299 average train loss 1.4787
batch:399 average train loss 1.4869
batch:499 average train loss 1.4832
batch:599 average train loss 1.4821
batch:699 average train loss 1.4834
batch:799 average train loss 1.4858
average train loss 1.4858
Train Consuming time:41.47 in the epoch: 16
total val iterations: 190 
average val loss 1.5460
accuracy ( less than 0.1 ): 0.1749
median val loss 0.6564
total test iterations: 190 
average test loss 1.5002
accuracy ( less than 0.1 ): 0.1729
median test loss 0.6435
Consuming time:52.26 in the epoch: 16
Best test loss is 1.50
---------------*****---------------
---------------*****---------------
Starting training the epoch: 17 
total batch: 884.5625 
batch:99 average train loss 1.4770
batch:199 average train loss 1.4862
batch:299 average train loss 1.4788
batch:399 average train loss 1.4861
batch:499 average train loss 1.4823
batch:599 average train loss 1.4807
batch:699 average train loss 1.4818
batch:799 average train loss 1.4842
average train loss 1.4841
Train Consuming time:41.88 in the epoch: 17
total val iterations: 190 
average val loss 1.5519
accuracy ( less than 0.1 ): 0.1696
median val loss 0.6584
total test iterations: 190 
average test loss 1.5075
accuracy ( less than 0.1 ): 0.1684
median test loss 0.6503
Consuming time:52.78 in the epoch: 17
Best test loss is 1.50
---------------*****---------------
---------------*****---------------
Starting training the epoch: 18 
total batch: 884.5625 
batch:99 average train loss 1.4765
batch:199 average train loss 1.4848
batch:299 average train loss 1.4782
batch:399 average train loss 1.4848
batch:499 average train loss 1.4815
batch:599 average train loss 1.4800
batch:699 average train loss 1.4807
batch:799 average train loss 1.4830
average train loss 1.4828
Train Consuming time:41.61 in the epoch: 18
total val iterations: 190 
average val loss 1.5564
accuracy ( less than 0.1 ): 0.1696
median val loss 0.6533
total test iterations: 190 
average test loss 1.5117
accuracy ( less than 0.1 ): 0.1687
median test loss 0.6515
Consuming time:52.47 in the epoch: 18
Best test loss is 1.50
---------------*****---------------
---------------*****---------------
Starting training the epoch: 19 
total batch: 884.5625 
batch:99 average train loss 1.4764
batch:199 average train loss 1.4842
batch:299 average train loss 1.4760
batch:399 average train loss 1.4835
batch:499 average train loss 1.4800
batch:599 average train loss 1.4784
batch:699 average train loss 1.4792
batch:799 average train loss 1.4813
average train loss 1.4811
Train Consuming time:41.65 in the epoch: 19
total val iterations: 190 
average val loss 1.5684
accuracy ( less than 0.1 ): 0.1610
median val loss 0.6672
total test iterations: 190 
average test loss 1.5226
accuracy ( less than 0.1 ): 0.1598
median test loss 0.6620
Consuming time:52.42 in the epoch: 19
Best test loss is 1.50
---------------*****---------------
---------------*****---------------
Starting training the epoch: 20 
total batch: 884.5625 
batch:99 average train loss 1.4716
batch:199 average train loss 1.4717
batch:299 average train loss 1.4651
batch:399 average train loss 1.4690
batch:499 average train loss 1.4634
batch:599 average train loss 1.4622
batch:699 average train loss 1.4611
batch:799 average train loss 1.4615
average train loss 1.4601
Train Consuming time:40.85 in the epoch: 20
total val iterations: 190 
average val loss 1.5146
accuracy ( less than 0.1 ): 0.2025
median val loss 0.6543
total test iterations: 190 
average test loss 1.4675
accuracy ( less than 0.1 ): 0.2091
median test loss 0.6334
Consuming time:51.82 in the epoch: 20
Best test loss is 1.47
---------------*****---------------
---------------*****---------------
Starting training the epoch: 21 
total batch: 884.5625 
batch:99 average train loss 1.4533
batch:199 average train loss 1.4586
batch:299 average train loss 1.4553
batch:399 average train loss 1.4606
batch:499 average train loss 1.4564
batch:599 average train loss 1.4560
batch:699 average train loss 1.4556
batch:799 average train loss 1.4567
average train loss 1.4557
Train Consuming time:41.27 in the epoch: 21
total val iterations: 190 
average val loss 1.5135
accuracy ( less than 0.1 ): 0.2024
median val loss 0.6573
total test iterations: 190 
average test loss 1.4674
accuracy ( less than 0.1 ): 0.2087
median test loss 0.6322
Consuming time:52.22 in the epoch: 21
Best test loss is 1.47
---------------*****---------------
---------------*****---------------
Starting training the epoch: 22 
total batch: 884.5625 
batch:99 average train loss 1.4526
batch:199 average train loss 1.4577
batch:299 average train loss 1.4542
batch:399 average train loss 1.4593
batch:499 average train loss 1.4551
batch:599 average train loss 1.4548
batch:699 average train loss 1.4545
batch:799 average train loss 1.4557
average train loss 1.4549
Train Consuming time:42.35 in the epoch: 22
total val iterations: 190 
average val loss 1.5131
accuracy ( less than 0.1 ): 0.2030
median val loss 0.6596
total test iterations: 190 
average test loss 1.4674
accuracy ( less than 0.1 ): 0.2090
median test loss 0.6302
Consuming time:53.71 in the epoch: 22
Best test loss is 1.47
---------------*****---------------
---------------*****---------------
Starting training the epoch: 23 
total batch: 884.5625 
batch:99 average train loss 1.4516
batch:199 average train loss 1.4565
batch:299 average train loss 1.4532
batch:399 average train loss 1.4585
batch:499 average train loss 1.4543
batch:599 average train loss 1.4540
batch:699 average train loss 1.4537
batch:799 average train loss 1.4550
average train loss 1.4543
Train Consuming time:42.16 in the epoch: 23
total val iterations: 190 
average val loss 1.5127
accuracy ( less than 0.1 ): 0.2036
median val loss 0.6607
total test iterations: 190 
average test loss 1.4677
accuracy ( less than 0.1 ): 0.2081
median test loss 0.6299
Consuming time:53.48 in the epoch: 23
Best test loss is 1.47
---------------*****---------------
---------------*****---------------
Starting training the epoch: 24 
total batch: 884.5625 
batch:99 average train loss 1.4510
batch:199 average train loss 1.4561
batch:299 average train loss 1.4525
batch:399 average train loss 1.4578
batch:499 average train loss 1.4536
batch:599 average train loss 1.4533
batch:699 average train loss 1.4531
batch:799 average train loss 1.4544
average train loss 1.4538
Train Consuming time:42.25 in the epoch: 24
total val iterations: 190 
average val loss 1.5129
accuracy ( less than 0.1 ): 0.2035
median val loss 0.6614
total test iterations: 190 
average test loss 1.4677
accuracy ( less than 0.1 ): 0.2078
median test loss 0.6283
Consuming time:53.78 in the epoch: 24
Best test loss is 1.47
---------------*****---------------
---------------*****---------------
Starting training the epoch: 25 
total batch: 884.5625 
batch:99 average train loss 1.4512
batch:199 average train loss 1.4560
batch:299 average train loss 1.4521
batch:399 average train loss 1.4573
batch:499 average train loss 1.4531
batch:599 average train loss 1.4528
batch:699 average train loss 1.4525
batch:799 average train loss 1.4539
average train loss 1.4533
Train Consuming time:42.09 in the epoch: 25
total val iterations: 190 
average val loss 1.5128
accuracy ( less than 0.1 ): 0.2028
median val loss 0.6592
total test iterations: 190 
average test loss 1.4678
accuracy ( less than 0.1 ): 0.2074
median test loss 0.6304
Consuming time:53.33 in the epoch: 25
Best test loss is 1.47
---------------*****---------------
---------------*****---------------
Starting training the epoch: 26 
total batch: 884.5625 
batch:99 average train loss 1.4512
batch:199 average train loss 1.4558
batch:299 average train loss 1.4518
batch:399 average train loss 1.4569
batch:499 average train loss 1.4527
batch:599 average train loss 1.4524
batch:699 average train loss 1.4521
batch:799 average train loss 1.4536
average train loss 1.4530
Train Consuming time:42.52 in the epoch: 26
total val iterations: 190 
average val loss 1.5131
accuracy ( less than 0.1 ): 0.2031
median val loss 0.6608
total test iterations: 190 
average test loss 1.4679
accuracy ( less than 0.1 ): 0.2079
median test loss 0.6299
Consuming time:53.78 in the epoch: 26
Best test loss is 1.47
---------------*****---------------
---------------*****---------------
Starting training the epoch: 27 
total batch: 884.5625 
batch:99 average train loss 1.4510
batch:199 average train loss 1.4558
batch:299 average train loss 1.4515
batch:399 average train loss 1.4566
batch:499 average train loss 1.4525
batch:599 average train loss 1.4521
batch:699 average train loss 1.4519
batch:799 average train loss 1.4533
average train loss 1.4528
Train Consuming time:42.27 in the epoch: 27
total val iterations: 190 
average val loss 1.5131
accuracy ( less than 0.1 ): 0.2030
median val loss 0.6612
total test iterations: 190 
average test loss 1.4679
accuracy ( less than 0.1 ): 0.2079
median test loss 0.6307
Consuming time:53.62 in the epoch: 27
Best test loss is 1.47
---------------*****---------------
---------------*****---------------
Starting training the epoch: 28 
total batch: 884.5625 
batch:99 average train loss 1.4505
batch:199 average train loss 1.4555
batch:299 average train loss 1.4510
batch:399 average train loss 1.4561
batch:499 average train loss 1.4520
batch:599 average train loss 1.4516
batch:699 average train loss 1.4513
batch:799 average train loss 1.4529
average train loss 1.4524
Train Consuming time:41.95 in the epoch: 28
total val iterations: 190 
average val loss 1.5134
accuracy ( less than 0.1 ): 0.2031
median val loss 0.6623
total test iterations: 190 
average test loss 1.4681
accuracy ( less than 0.1 ): 0.2069
median test loss 0.6296
Consuming time:53.35 in the epoch: 28
Best test loss is 1.47
---------------*****---------------
---------------*****---------------
Starting training the epoch: 29 
total batch: 884.5625 
batch:99 average train loss 1.4510
batch:199 average train loss 1.4558
batch:299 average train loss 1.4512
batch:399 average train loss 1.4562
batch:499 average train loss 1.4521
batch:599 average train loss 1.4516
batch:699 average train loss 1.4514
batch:799 average train loss 1.4529
average train loss 1.4524
Train Consuming time:41.74 in the epoch: 29
total val iterations: 190 
average val loss 1.5135
accuracy ( less than 0.1 ): 0.2028
median val loss 0.6606
total test iterations: 190 
average test loss 1.4683
accuracy ( less than 0.1 ): 0.2069
median test loss 0.6311
Consuming time:52.31 in the epoch: 29
Best test loss is 1.47
---------------*****---------------
---------------*****---------------
Starting training the epoch: 30 
total batch: 884.5625 
batch:99 average train loss 1.4509
batch:199 average train loss 1.4555
batch:299 average train loss 1.4509
batch:399 average train loss 1.4560
batch:499 average train loss 1.4519
batch:599 average train loss 1.4515
batch:699 average train loss 1.4512
batch:799 average train loss 1.4527
average train loss 1.4523
Train Consuming time:40.66 in the epoch: 30
total val iterations: 190 
average val loss 1.5136
accuracy ( less than 0.1 ): 0.2030
median val loss 0.6606
total test iterations: 190 
average test loss 1.4684
accuracy ( less than 0.1 ): 0.2066
median test loss 0.6308
Consuming time:51.71 in the epoch: 30
Best test loss is 1.47
---------------*****---------------
---------------*****---------------
Starting training the epoch: 31 
total batch: 884.5625 
batch:99 average train loss 1.4507
batch:199 average train loss 1.4554
batch:299 average train loss 1.4507
batch:399 average train loss 1.4556
batch:499 average train loss 1.4515
batch:599 average train loss 1.4511
batch:699 average train loss 1.4508
batch:799 average train loss 1.4524
average train loss 1.4519
Train Consuming time:40.86 in the epoch: 31
total val iterations: 190 
average val loss 1.5137
accuracy ( less than 0.1 ): 0.2030
median val loss 0.6628
total test iterations: 190 
average test loss 1.4686
accuracy ( less than 0.1 ): 0.2066
median test loss 0.6297
Consuming time:51.74 in the epoch: 31
Best test loss is 1.47
---------------*****---------------
---------------*****---------------
Starting training the epoch: 32 
total batch: 884.5625 
batch:99 average train loss 1.4507
batch:199 average train loss 1.4553
batch:299 average train loss 1.4505
batch:399 average train loss 1.4555
batch:499 average train loss 1.4515
batch:599 average train loss 1.4511
batch:699 average train loss 1.4509
batch:799 average train loss 1.4524
average train loss 1.4520
Train Consuming time:41.11 in the epoch: 32
total val iterations: 190 
average val loss 1.5137
accuracy ( less than 0.1 ): 0.2025
median val loss 0.6627
total test iterations: 190 
average test loss 1.4686
accuracy ( less than 0.1 ): 0.2060
median test loss 0.6280
Consuming time:51.99 in the epoch: 32
Best test loss is 1.47
---------------*****---------------
---------------*****---------------
Starting training the epoch: 33 
total batch: 884.5625 
batch:99 average train loss 1.4503
batch:199 average train loss 1.4549
batch:299 average train loss 1.4500
batch:399 average train loss 1.4550
batch:499 average train loss 1.4511
batch:599 average train loss 1.4507
batch:699 average train loss 1.4505
batch:799 average train loss 1.4521
average train loss 1.4516
Train Consuming time:40.92 in the epoch: 33
total val iterations: 190 
average val loss 1.5138
accuracy ( less than 0.1 ): 0.2026
median val loss 0.6625
total test iterations: 190 
average test loss 1.4684
accuracy ( less than 0.1 ): 0.2062
median test loss 0.6289
Consuming time:51.89 in the epoch: 33
Best test loss is 1.47
---------------*****---------------
---------------*****---------------
Starting training the epoch: 34 
total batch: 884.5625 
batch:99 average train loss 1.4500
batch:199 average train loss 1.4550
batch:299 average train loss 1.4501
batch:399 average train loss 1.4550
batch:499 average train loss 1.4509
batch:599 average train loss 1.4505
batch:699 average train loss 1.4503
batch:799 average train loss 1.4519
average train loss 1.4514
Train Consuming time:41.10 in the epoch: 34
total val iterations: 190 
average val loss 1.5141
accuracy ( less than 0.1 ): 0.2022
median val loss 0.6628
total test iterations: 190 
average test loss 1.4686
accuracy ( less than 0.1 ): 0.2059
median test loss 0.6297
Consuming time:51.92 in the epoch: 34
Best test loss is 1.47
---------------*****---------------
---------------*****---------------
Starting training the epoch: 35 
total batch: 884.5625 
batch:99 average train loss 1.4498
batch:199 average train loss 1.4547
batch:299 average train loss 1.4497
batch:399 average train loss 1.4546
batch:499 average train loss 1.4507
batch:599 average train loss 1.4502
batch:699 average train loss 1.4500
batch:799 average train loss 1.4517
average train loss 1.4512
Train Consuming time:41.17 in the epoch: 35
total val iterations: 190 
average val loss 1.5143
accuracy ( less than 0.1 ): 0.2021
median val loss 0.6635
total test iterations: 190 
average test loss 1.4687
accuracy ( less than 0.1 ): 0.2063
median test loss 0.6282
Consuming time:52.08 in the epoch: 35
Best test loss is 1.47
---------------*****---------------
---------------*****---------------
Starting training the epoch: 36 
total batch: 884.5625 
batch:99 average train loss 1.4499
batch:199 average train loss 1.4548
batch:299 average train loss 1.4497
batch:399 average train loss 1.4546
batch:499 average train loss 1.4505
batch:599 average train loss 1.4501
batch:699 average train loss 1.4498
batch:799 average train loss 1.4515
average train loss 1.4511
Train Consuming time:41.04 in the epoch: 36
total val iterations: 190 
average val loss 1.5143
accuracy ( less than 0.1 ): 0.2032
median val loss 0.6629
total test iterations: 190 
average test loss 1.4687
accuracy ( less than 0.1 ): 0.2063
median test loss 0.6304
Consuming time:51.86 in the epoch: 36
Best test loss is 1.47
---------------*****---------------
---------------*****---------------
Starting training the epoch: 37 
total batch: 884.5625 
batch:99 average train loss 1.4494
batch:199 average train loss 1.4546
batch:299 average train loss 1.4495
batch:399 average train loss 1.4544
batch:499 average train loss 1.4504
batch:599 average train loss 1.4500
batch:699 average train loss 1.4498
batch:799 average train loss 1.4514
average train loss 1.4510
Train Consuming time:40.30 in the epoch: 37
total val iterations: 190 
average val loss 1.5145
accuracy ( less than 0.1 ): 0.2027
median val loss 0.6639
total test iterations: 190 
average test loss 1.4690
accuracy ( less than 0.1 ): 0.2063
median test loss 0.6296
Consuming time:51.02 in the epoch: 37
Best test loss is 1.47
---------------*****---------------
---------------*****---------------
Starting training the epoch: 38 
total batch: 884.5625 
batch:99 average train loss 1.4497
batch:199 average train loss 1.4545
batch:299 average train loss 1.4493
batch:399 average train loss 1.4541
batch:499 average train loss 1.4502
batch:599 average train loss 1.4498
batch:699 average train loss 1.4496
batch:799 average train loss 1.4512
average train loss 1.4508
Train Consuming time:40.36 in the epoch: 38
total val iterations: 190 
average val loss 1.5145
accuracy ( less than 0.1 ): 0.2030
median val loss 0.6625
total test iterations: 190 
average test loss 1.4690
accuracy ( less than 0.1 ): 0.2054
median test loss 0.6333
Consuming time:50.65 in the epoch: 38
Best test loss is 1.47
---------------*****---------------
---------------*****---------------
Starting training the epoch: 39 
total batch: 884.5625 
batch:99 average train loss 1.4494
batch:199 average train loss 1.4545
batch:299 average train loss 1.4493
batch:399 average train loss 1.4541
batch:499 average train loss 1.4502
batch:599 average train loss 1.4497
batch:699 average train loss 1.4495
batch:799 average train loss 1.4512
average train loss 1.4507
Train Consuming time:40.95 in the epoch: 39
total val iterations: 190 
average val loss 1.5147
accuracy ( less than 0.1 ): 0.2024
median val loss 0.6634
total test iterations: 190 
average test loss 1.4692
accuracy ( less than 0.1 ): 0.2056
median test loss 0.6301
Consuming time:52.03 in the epoch: 39
Best test loss is 1.47
---------------*****---------------
---------------*****---------------
Starting training the epoch: 40 
total batch: 884.5625 
batch:99 average train loss 1.4496
batch:199 average train loss 1.4546
batch:299 average train loss 1.4493
batch:399 average train loss 1.4541
batch:499 average train loss 1.4502
batch:599 average train loss 1.4497
batch:699 average train loss 1.4494
batch:799 average train loss 1.4511
average train loss 1.4507
Train Consuming time:41.11 in the epoch: 40
total val iterations: 190 
average val loss 1.5147
accuracy ( less than 0.1 ): 0.2032
median val loss 0.6646
total test iterations: 190 
average test loss 1.4691
accuracy ( less than 0.1 ): 0.2056
median test loss 0.6311
Consuming time:52.24 in the epoch: 40
Best test loss is 1.47
---------------*****---------------
---------------*****---------------
Starting training the epoch: 41 
total batch: 884.5625 
batch:99 average train loss 1.4494
batch:199 average train loss 1.4545
batch:299 average train loss 1.4491
batch:399 average train loss 1.4539
batch:499 average train loss 1.4500
batch:599 average train loss 1.4494
batch:699 average train loss 1.4492
batch:799 average train loss 1.4509
average train loss 1.4505
Train Consuming time:42.61 in the epoch: 41
total val iterations: 190 
average val loss 1.5147
accuracy ( less than 0.1 ): 0.2028
median val loss 0.6632
total test iterations: 190 
average test loss 1.4692
accuracy ( less than 0.1 ): 0.2062
median test loss 0.6304
Consuming time:53.92 in the epoch: 41
Best test loss is 1.47
---------------*****---------------
---------------*****---------------
Starting training the epoch: 42 
total batch: 884.5625 
batch:99 average train loss 1.4488
batch:199 average train loss 1.4539
batch:299 average train loss 1.4486
batch:399 average train loss 1.4534
batch:499 average train loss 1.4496
batch:599 average train loss 1.4491
batch:699 average train loss 1.4489
batch:799 average train loss 1.4506
average train loss 1.4502
Train Consuming time:42.67 in the epoch: 42
total val iterations: 190 
average val loss 1.5148
accuracy ( less than 0.1 ): 0.2035
median val loss 0.6634
total test iterations: 190 
average test loss 1.4691
accuracy ( less than 0.1 ): 0.2060
median test loss 0.6316
Consuming time:54.04 in the epoch: 42
Best test loss is 1.47
---------------*****---------------
---------------*****---------------
Starting training the epoch: 43 
total batch: 884.5625 
batch:99 average train loss 1.4490
batch:199 average train loss 1.4541
batch:299 average train loss 1.4487
batch:399 average train loss 1.4535
batch:499 average train loss 1.4497
batch:599 average train loss 1.4492
batch:699 average train loss 1.4490
batch:799 average train loss 1.4507
average train loss 1.4503
Train Consuming time:42.42 in the epoch: 43
total val iterations: 190 
average val loss 1.5150
accuracy ( less than 0.1 ): 0.2035
median val loss 0.6623
total test iterations: 190 
average test loss 1.4693
accuracy ( less than 0.1 ): 0.2062
median test loss 0.6302
Consuming time:53.82 in the epoch: 43
Best test loss is 1.47
---------------*****---------------
---------------*****---------------
Starting training the epoch: 44 
total batch: 884.5625 
batch:99 average train loss 1.4491
batch:199 average train loss 1.4540
batch:299 average train loss 1.4484
batch:399 average train loss 1.4532
batch:499 average train loss 1.4494
batch:599 average train loss 1.4490
batch:699 average train loss 1.4488
batch:799 average train loss 1.4505
average train loss 1.4501
Train Consuming time:42.40 in the epoch: 44
total val iterations: 190 
average val loss 1.5151
accuracy ( less than 0.1 ): 0.2033
median val loss 0.6636
total test iterations: 190 
average test loss 1.4693
accuracy ( less than 0.1 ): 0.2058
median test loss 0.6304
Consuming time:52.87 in the epoch: 44
Best test loss is 1.47
---------------*****---------------
---------------*****---------------
Starting training the epoch: 45 
total batch: 884.5625 
batch:99 average train loss 1.4491
batch:199 average train loss 1.4541
batch:299 average train loss 1.4485
batch:399 average train loss 1.4533
batch:499 average train loss 1.4495
batch:599 average train loss 1.4490
batch:699 average train loss 1.4488
batch:799 average train loss 1.4505
average train loss 1.4501
Train Consuming time:39.19 in the epoch: 45
total val iterations: 190 
average val loss 1.5152
accuracy ( less than 0.1 ): 0.2029
median val loss 0.6627
total test iterations: 190 
average test loss 1.4694
accuracy ( less than 0.1 ): 0.2060
median test loss 0.6313
Consuming time:50.41 in the epoch: 45
Best test loss is 1.47
---------------*****---------------
---------------*****---------------
Starting training the epoch: 46 
total batch: 884.5625 
batch:99 average train loss 1.4487
batch:199 average train loss 1.4539
batch:299 average train loss 1.4483
batch:399 average train loss 1.4531
batch:499 average train loss 1.4493
batch:599 average train loss 1.4488
batch:699 average train loss 1.4485
batch:799 average train loss 1.4502
average train loss 1.4499
Train Consuming time:41.27 in the epoch: 46
total val iterations: 190 
average val loss 1.5153
accuracy ( less than 0.1 ): 0.2039
median val loss 0.6631
total test iterations: 190 
average test loss 1.4694
accuracy ( less than 0.1 ): 0.2060
median test loss 0.6294
Consuming time:52.10 in the epoch: 46
Best test loss is 1.47
---------------*****---------------
---------------*****---------------
Starting training the epoch: 47 
total batch: 884.5625 
batch:99 average train loss 1.4487
batch:199 average train loss 1.4539
batch:299 average train loss 1.4481
batch:399 average train loss 1.4528
batch:499 average train loss 1.4490
batch:599 average train loss 1.4486
batch:699 average train loss 1.4484
batch:799 average train loss 1.4501
average train loss 1.4498
Train Consuming time:40.29 in the epoch: 47
total val iterations: 190 
average val loss 1.5153
accuracy ( less than 0.1 ): 0.2038
median val loss 0.6626
total test iterations: 190 
average test loss 1.4693
accuracy ( less than 0.1 ): 0.2061
median test loss 0.6305
Consuming time:51.07 in the epoch: 47
Best test loss is 1.47
---------------*****---------------
---------------*****---------------
Starting training the epoch: 48 
total batch: 884.5625 
batch:99 average train loss 1.4486
batch:199 average train loss 1.4538
batch:299 average train loss 1.4481
batch:399 average train loss 1.4529
batch:499 average train loss 1.4490
batch:599 average train loss 1.4486
batch:699 average train loss 1.4484
batch:799 average train loss 1.4501
average train loss 1.4497
Train Consuming time:40.34 in the epoch: 48
total val iterations: 190 
average val loss 1.5154
accuracy ( less than 0.1 ): 0.2031
median val loss 0.6618
total test iterations: 190 
average test loss 1.4693
accuracy ( less than 0.1 ): 0.2059
median test loss 0.6303
Consuming time:51.01 in the epoch: 48
Best test loss is 1.47
---------------*****---------------
---------------*****---------------
Starting training the epoch: 49 
total batch: 884.5625 
batch:99 average train loss 1.4483
batch:199 average train loss 1.4535
batch:299 average train loss 1.4478
batch:399 average train loss 1.4526
batch:499 average train loss 1.4489
batch:599 average train loss 1.4485
batch:699 average train loss 1.4482
batch:799 average train loss 1.4500
average train loss 1.4496
Train Consuming time:40.35 in the epoch: 49
total val iterations: 190 
average val loss 1.5155
accuracy ( less than 0.1 ): 0.2035
median val loss 0.6618
total test iterations: 190 
average test loss 1.4695
accuracy ( less than 0.1 ): 0.2059
median test loss 0.6302
Consuming time:51.19 in the epoch: 49
Best test loss is 1.47
---------------*****---------------
