===================configuration===================
learning rate :0.0005 
num_mlp_layers : 1
num_layers : 2
gnn input_features : 100
gnn output_features : 64
input of rnn/transformer : 64
hidden_size (out put of rnn/tranformer) : 64
observation hour [7,19]
observation interval : 1
observation threshold : 8
prediction time : 86400
cascade length [10,100]
model save at : ../model_save/cas2vec/dblp3/
====bidirected: True, attention: GAT, gcn_type: self, rnn: gru====
===================configuration===================
len(Y_train), len(Y_valid), len(Y_test): 63099 13522 13521
preparing time:105.98791027069092
total parameters 86001
---------------*****---------------
Starting training the epoch: 0 
total batch: 985.921875 
batch:99 average train loss 2.6108
batch:199 average train loss 2.1885
batch:299 average train loss 1.9953
batch:399 average train loss 1.8980
batch:499 average train loss 1.8319
batch:599 average train loss 1.7921
batch:699 average train loss 1.7613
batch:799 average train loss 1.7396
batch:899 average train loss 1.7211
average train loss 1.7014
Train Consuming time:1072.47 in the epoch: 0
total val iterations: 212 
average val loss 1.6769
accuracy ( less than 0.1 ): 0.1062
median val loss 0.7678
total test iterations: 212 
average test loss 1.7328
accuracy ( less than 0.1 ): 0.1034
median test loss 0.8015
Consuming time:1527.95 in the epoch: 0
Best test loss is 1.73
---------------*****---------------
---------------*****---------------
Starting training the epoch: 1 
total batch: 985.921875 
batch:99 average train loss 1.5466
batch:199 average train loss 1.5497
batch:299 average train loss 1.5255
batch:399 average train loss 1.5169
batch:499 average train loss 1.5100
batch:599 average train loss 1.5119
batch:699 average train loss 1.5132
batch:799 average train loss 1.5155
batch:899 average train loss 1.5178
average train loss 1.5112
Train Consuming time:55.52 in the epoch: 1
total val iterations: 212 
average val loss 1.4448
accuracy ( less than 0.1 ): 0.1708
median val loss 0.6234
total test iterations: 212 
average test loss 1.4949
accuracy ( less than 0.1 ): 0.1735
median test loss 0.6285
Consuming time:70.71 in the epoch: 1
Best test loss is 1.49
---------------*****---------------
---------------*****---------------
Starting training the epoch: 2 
total batch: 985.921875 
batch:99 average train loss 1.5155
batch:199 average train loss 1.5147
batch:299 average train loss 1.4941
batch:399 average train loss 1.4861
batch:499 average train loss 1.4807
batch:599 average train loss 1.4841
batch:699 average train loss 1.4855
batch:799 average train loss 1.4882
batch:899 average train loss 1.4919
average train loss 1.4856
Train Consuming time:54.95 in the epoch: 2
total val iterations: 212 
average val loss 1.6008
accuracy ( less than 0.1 ): 0.1100
median val loss 0.7318
total test iterations: 212 
average test loss 1.6563
accuracy ( less than 0.1 ): 0.1083
median test loss 0.7356
Consuming time:69.85 in the epoch: 2
Best test loss is 1.49
---------------*****---------------
---------------*****---------------
Starting training the epoch: 3 
total batch: 985.921875 
batch:99 average train loss 1.5025
batch:199 average train loss 1.5003
batch:299 average train loss 1.4786
batch:399 average train loss 1.4715
batch:499 average train loss 1.4659
batch:599 average train loss 1.4698
batch:699 average train loss 1.4719
batch:799 average train loss 1.4744
batch:899 average train loss 1.4784
average train loss 1.4726
Train Consuming time:53.88 in the epoch: 3
total val iterations: 212 
average val loss 1.5053
accuracy ( less than 0.1 ): 0.1345
median val loss 0.6637
total test iterations: 212 
average test loss 1.5568
accuracy ( less than 0.1 ): 0.1337
median test loss 0.6708
Consuming time:68.61 in the epoch: 3
Best test loss is 1.49
---------------*****---------------
---------------*****---------------
Starting training the epoch: 4 
total batch: 985.921875 
batch:99 average train loss 1.4882
batch:199 average train loss 1.4886
batch:299 average train loss 1.4687
batch:399 average train loss 1.4610
batch:499 average train loss 1.4555
batch:599 average train loss 1.4600
batch:699 average train loss 1.4622
batch:799 average train loss 1.4652
batch:899 average train loss 1.4690
average train loss 1.4632
Train Consuming time:54.11 in the epoch: 4
total val iterations: 212 
average val loss 1.4354
accuracy ( less than 0.1 ): 0.1666
median val loss 0.6152
total test iterations: 212 
average test loss 1.4852
accuracy ( less than 0.1 ): 0.1724
median test loss 0.6332
Consuming time:68.73 in the epoch: 4
Best test loss is 1.49
---------------*****---------------
---------------*****---------------
Starting training the epoch: 5 
total batch: 985.921875 
batch:99 average train loss 1.4832
batch:199 average train loss 1.4828
batch:299 average train loss 1.4627
batch:399 average train loss 1.4555
batch:499 average train loss 1.4503
batch:599 average train loss 1.4545
batch:699 average train loss 1.4570
batch:799 average train loss 1.4601
batch:899 average train loss 1.4640
average train loss 1.4584
Train Consuming time:53.73 in the epoch: 5
total val iterations: 212 
average val loss 1.4328
accuracy ( less than 0.1 ): 0.1697
median val loss 0.6195
total test iterations: 212 
average test loss 1.4822
accuracy ( less than 0.1 ): 0.1740
median test loss 0.6324
Consuming time:68.44 in the epoch: 5
Best test loss is 1.48
---------------*****---------------
---------------*****---------------
Starting training the epoch: 6 
total batch: 985.921875 
batch:99 average train loss 1.4785
batch:199 average train loss 1.4772
batch:299 average train loss 1.4574
batch:399 average train loss 1.4497
batch:499 average train loss 1.4445
batch:599 average train loss 1.4491
batch:699 average train loss 1.4518
batch:799 average train loss 1.4549
batch:899 average train loss 1.4591
average train loss 1.4538
Train Consuming time:53.87 in the epoch: 6
total val iterations: 212 
average val loss 1.4334
accuracy ( less than 0.1 ): 0.1690
median val loss 0.6145
total test iterations: 212 
average test loss 1.4831
accuracy ( less than 0.1 ): 0.1729
median test loss 0.6325
Consuming time:68.47 in the epoch: 6
Best test loss is 1.48
---------------*****---------------
---------------*****---------------
Starting training the epoch: 7 
total batch: 985.921875 
batch:99 average train loss 1.4789
batch:199 average train loss 1.4751
batch:299 average train loss 1.4548
batch:399 average train loss 1.4470
batch:499 average train loss 1.4415
batch:599 average train loss 1.4462
batch:699 average train loss 1.4485
batch:799 average train loss 1.4516
batch:899 average train loss 1.4556
average train loss 1.4503
Train Consuming time:53.10 in the epoch: 7
total val iterations: 212 
average val loss 1.4378
accuracy ( less than 0.1 ): 0.1654
median val loss 0.6205
total test iterations: 212 
average test loss 1.4866
accuracy ( less than 0.1 ): 0.1699
median test loss 0.6344
Consuming time:67.62 in the epoch: 7
Best test loss is 1.48
---------------*****---------------
---------------*****---------------
Starting training the epoch: 8 
total batch: 985.921875 
batch:99 average train loss 1.4762
batch:199 average train loss 1.4721
batch:299 average train loss 1.4518
batch:399 average train loss 1.4443
batch:499 average train loss 1.4386
batch:599 average train loss 1.4429
batch:699 average train loss 1.4450
batch:799 average train loss 1.4482
batch:899 average train loss 1.4524
average train loss 1.4474
Train Consuming time:53.96 in the epoch: 8
total val iterations: 212 
average val loss 1.4385
accuracy ( less than 0.1 ): 0.1640
median val loss 0.6191
total test iterations: 212 
average test loss 1.4864
accuracy ( less than 0.1 ): 0.1686
median test loss 0.6295
Consuming time:68.57 in the epoch: 8
Best test loss is 1.48
---------------*****---------------
---------------*****---------------
Starting training the epoch: 9 
total batch: 985.921875 
batch:99 average train loss 1.4722
batch:199 average train loss 1.4692
batch:299 average train loss 1.4489
batch:399 average train loss 1.4415
batch:499 average train loss 1.4359
batch:599 average train loss 1.4399
batch:699 average train loss 1.4421
batch:799 average train loss 1.4454
batch:899 average train loss 1.4495
average train loss 1.4444
Train Consuming time:53.84 in the epoch: 9
total val iterations: 212 
average val loss 1.4412
accuracy ( less than 0.1 ): 0.1607
median val loss 0.6202
total test iterations: 212 
average test loss 1.4904
accuracy ( less than 0.1 ): 0.1647
median test loss 0.6367
Consuming time:68.52 in the epoch: 9
Best test loss is 1.48
---------------*****---------------
---------------*****---------------
Starting training the epoch: 10 
total batch: 985.921875 
batch:99 average train loss 1.4712
batch:199 average train loss 1.4680
batch:299 average train loss 1.4472
batch:399 average train loss 1.4394
batch:499 average train loss 1.4338
batch:599 average train loss 1.4382
batch:699 average train loss 1.4401
batch:799 average train loss 1.4432
batch:899 average train loss 1.4473
average train loss 1.4424
Train Consuming time:55.22 in the epoch: 10
total val iterations: 212 
average val loss 1.4386
accuracy ( less than 0.1 ): 0.1622
median val loss 0.6207
total test iterations: 212 
average test loss 1.4878
accuracy ( less than 0.1 ): 0.1665
median test loss 0.6316
Consuming time:70.17 in the epoch: 10
Best test loss is 1.48
---------------*****---------------
---------------*****---------------
Starting training the epoch: 11 
total batch: 985.921875 
batch:99 average train loss 1.4692
batch:199 average train loss 1.4658
batch:299 average train loss 1.4447
batch:399 average train loss 1.4371
batch:499 average train loss 1.4318
batch:599 average train loss 1.4366
batch:699 average train loss 1.4388
batch:799 average train loss 1.4419
batch:899 average train loss 1.4460
average train loss 1.4410
Train Consuming time:55.01 in the epoch: 11
total val iterations: 212 
average val loss 1.4442
accuracy ( less than 0.1 ): 0.1587
median val loss 0.6235
total test iterations: 212 
average test loss 1.4933
accuracy ( less than 0.1 ): 0.1641
median test loss 0.6384
Consuming time:69.76 in the epoch: 11
Best test loss is 1.48
---------------*****---------------
---------------*****---------------
Starting training the epoch: 12 
total batch: 985.921875 
batch:99 average train loss 1.4644
batch:199 average train loss 1.4638
batch:299 average train loss 1.4426
batch:399 average train loss 1.4351
batch:499 average train loss 1.4298
batch:599 average train loss 1.4342
batch:699 average train loss 1.4362
batch:799 average train loss 1.4397
batch:899 average train loss 1.4437
average train loss 1.4388
Train Consuming time:54.42 in the epoch: 12
total val iterations: 212 
average val loss 1.4493
accuracy ( less than 0.1 ): 0.1568
median val loss 0.6255
total test iterations: 212 
average test loss 1.4960
accuracy ( less than 0.1 ): 0.1628
median test loss 0.6425
Consuming time:69.15 in the epoch: 12
Best test loss is 1.48
---------------*****---------------
---------------*****---------------
Starting training the epoch: 13 
total batch: 985.921875 
batch:99 average train loss 1.4638
batch:199 average train loss 1.4623
batch:299 average train loss 1.4412
batch:399 average train loss 1.4339
batch:499 average train loss 1.4285
batch:599 average train loss 1.4333
batch:699 average train loss 1.4354
batch:799 average train loss 1.4389
batch:899 average train loss 1.4428
average train loss 1.4379
Train Consuming time:54.92 in the epoch: 13
total val iterations: 212 
average val loss 1.4458
accuracy ( less than 0.1 ): 0.1583
median val loss 0.6254
total test iterations: 212 
average test loss 1.4945
accuracy ( less than 0.1 ): 0.1630
median test loss 0.6403
Consuming time:69.95 in the epoch: 13
Best test loss is 1.48
---------------*****---------------
---------------*****---------------
Starting training the epoch: 14 
total batch: 985.921875 
batch:99 average train loss 1.4604
batch:199 average train loss 1.4600
batch:299 average train loss 1.4396
batch:399 average train loss 1.4321
batch:499 average train loss 1.4268
batch:599 average train loss 1.4316
batch:699 average train loss 1.4337
batch:799 average train loss 1.4370
batch:899 average train loss 1.4411
average train loss 1.4361
Train Consuming time:55.48 in the epoch: 14
total val iterations: 212 
average val loss 1.4491
accuracy ( less than 0.1 ): 0.1564
median val loss 0.6240
total test iterations: 212 
average test loss 1.4958
accuracy ( less than 0.1 ): 0.1640
median test loss 0.6426
Consuming time:70.57 in the epoch: 14
Best test loss is 1.48
---------------*****---------------
---------------*****---------------
Starting training the epoch: 15 
total batch: 985.921875 
batch:99 average train loss 1.4570
batch:199 average train loss 1.4568
batch:299 average train loss 1.4368
batch:399 average train loss 1.4299
batch:499 average train loss 1.4250
batch:599 average train loss 1.4298
batch:699 average train loss 1.4320
batch:799 average train loss 1.4354
batch:899 average train loss 1.4395
average train loss 1.4347
Train Consuming time:55.05 in the epoch: 15
total val iterations: 212 
average val loss 1.4513
accuracy ( less than 0.1 ): 0.1564
median val loss 0.6288
total test iterations: 212 
average test loss 1.4985
accuracy ( less than 0.1 ): 0.1625
median test loss 0.6414
Consuming time:69.69 in the epoch: 15
Best test loss is 1.48
---------------*****---------------
---------------*****---------------
Starting training the epoch: 16 
total batch: 985.921875 
batch:99 average train loss 1.4542
batch:199 average train loss 1.4565
batch:299 average train loss 1.4365
batch:399 average train loss 1.4290
batch:499 average train loss 1.4244
batch:599 average train loss 1.4293
batch:699 average train loss 1.4315
batch:799 average train loss 1.4347
batch:899 average train loss 1.4389
average train loss 1.4339
Train Consuming time:51.80 in the epoch: 16
total val iterations: 212 
average val loss 1.4550
accuracy ( less than 0.1 ): 0.1544
median val loss 0.6353
total test iterations: 212 
average test loss 1.5016
accuracy ( less than 0.1 ): 0.1614
median test loss 0.6425
Consuming time:65.20 in the epoch: 16
Best test loss is 1.48
---------------*****---------------
---------------*****---------------
Starting training the epoch: 17 
total batch: 985.921875 
batch:99 average train loss 1.4548
batch:199 average train loss 1.4562
batch:299 average train loss 1.4354
batch:399 average train loss 1.4281
batch:499 average train loss 1.4230
batch:599 average train loss 1.4276
batch:699 average train loss 1.4299
batch:799 average train loss 1.4334
batch:899 average train loss 1.4375
average train loss 1.4326
Train Consuming time:52.90 in the epoch: 17
total val iterations: 212 
average val loss 1.4562
accuracy ( less than 0.1 ): 0.1554
median val loss 0.6321
total test iterations: 212 
average test loss 1.5015
accuracy ( less than 0.1 ): 0.1609
median test loss 0.6464
Consuming time:67.09 in the epoch: 17
Best test loss is 1.48
---------------*****---------------
---------------*****---------------
Starting training the epoch: 18 
total batch: 985.921875 
batch:99 average train loss 1.4517
batch:199 average train loss 1.4528
batch:299 average train loss 1.4325
batch:399 average train loss 1.4257
batch:499 average train loss 1.4214
batch:599 average train loss 1.4260
batch:699 average train loss 1.4283
batch:799 average train loss 1.4319
batch:899 average train loss 1.4360
average train loss 1.4312
Train Consuming time:52.25 in the epoch: 18
total val iterations: 212 
average val loss 1.4509
accuracy ( less than 0.1 ): 0.1581
median val loss 0.6227
total test iterations: 212 
average test loss 1.5003
accuracy ( less than 0.1 ): 0.1621
median test loss 0.6444
Consuming time:66.93 in the epoch: 18
Best test loss is 1.48
---------------*****---------------
---------------*****---------------
Starting training the epoch: 19 
total batch: 985.921875 
batch:99 average train loss 1.4491
batch:199 average train loss 1.4519
batch:299 average train loss 1.4317
batch:399 average train loss 1.4234
batch:499 average train loss 1.4194
batch:599 average train loss 1.4240
batch:699 average train loss 1.4265
batch:799 average train loss 1.4302
batch:899 average train loss 1.4344
average train loss 1.4297
Train Consuming time:53.85 in the epoch: 19
total val iterations: 212 
average val loss 1.4529
accuracy ( less than 0.1 ): 0.1557
median val loss 0.6289
total test iterations: 212 
average test loss 1.5011
accuracy ( less than 0.1 ): 0.1609
median test loss 0.6440
Consuming time:68.42 in the epoch: 19
Best test loss is 1.48
---------------*****---------------
---------------*****---------------
Starting training the epoch: 20 
total batch: 985.921875 
batch:99 average train loss 1.4403
batch:199 average train loss 1.4387
batch:299 average train loss 1.4174
batch:399 average train loss 1.4113
batch:499 average train loss 1.4061
batch:599 average train loss 1.4098
batch:699 average train loss 1.4116
batch:799 average train loss 1.4144
batch:899 average train loss 1.4173
average train loss 1.4106
Train Consuming time:53.06 in the epoch: 20
total val iterations: 212 
average val loss 1.4306
accuracy ( less than 0.1 ): 0.1796
median val loss 0.6136
total test iterations: 212 
average test loss 1.4753
accuracy ( less than 0.1 ): 0.1889
median test loss 0.6256
Consuming time:67.75 in the epoch: 20
Best test loss is 1.48
---------------*****---------------
---------------*****---------------
Starting training the epoch: 21 
total batch: 985.921875 
batch:99 average train loss 1.4373
batch:199 average train loss 1.4354
batch:299 average train loss 1.4138
batch:399 average train loss 1.4077
batch:499 average train loss 1.4025
batch:599 average train loss 1.4065
batch:699 average train loss 1.4086
batch:799 average train loss 1.4113
batch:899 average train loss 1.4144
average train loss 1.4081
Train Consuming time:52.98 in the epoch: 21
total val iterations: 212 
average val loss 1.4303
accuracy ( less than 0.1 ): 0.1812
median val loss 0.6144
total test iterations: 212 
average test loss 1.4749
accuracy ( less than 0.1 ): 0.1885
median test loss 0.6289
Consuming time:65.35 in the epoch: 21
Best test loss is 1.47
---------------*****---------------
---------------*****---------------
Starting training the epoch: 22 
total batch: 985.921875 
batch:99 average train loss 1.4366
batch:199 average train loss 1.4344
batch:299 average train loss 1.4125
batch:399 average train loss 1.4065
batch:499 average train loss 1.4014
batch:599 average train loss 1.4052
batch:699 average train loss 1.4072
batch:799 average train loss 1.4100
batch:899 average train loss 1.4132
average train loss 1.4070
Train Consuming time:51.06 in the epoch: 22
total val iterations: 212 
average val loss 1.4302
accuracy ( less than 0.1 ): 0.1808
median val loss 0.6142
total test iterations: 212 
average test loss 1.4749
accuracy ( less than 0.1 ): 0.1889
median test loss 0.6293
Consuming time:65.47 in the epoch: 22
Best test loss is 1.47
---------------*****---------------
---------------*****---------------
Starting training the epoch: 23 
total batch: 985.921875 
batch:99 average train loss 1.4361
batch:199 average train loss 1.4334
batch:299 average train loss 1.4114
batch:399 average train loss 1.4053
batch:499 average train loss 1.4002
batch:599 average train loss 1.4041
batch:699 average train loss 1.4062
batch:799 average train loss 1.4090
batch:899 average train loss 1.4122
average train loss 1.4062
Train Consuming time:53.45 in the epoch: 23
total val iterations: 212 
average val loss 1.4304
accuracy ( less than 0.1 ): 0.1808
median val loss 0.6158
total test iterations: 212 
average test loss 1.4750
accuracy ( less than 0.1 ): 0.1877
median test loss 0.6300
Consuming time:68.18 in the epoch: 23
Best test loss is 1.47
---------------*****---------------
---------------*****---------------
Starting training the epoch: 24 
total batch: 985.921875 
batch:99 average train loss 1.4352
batch:199 average train loss 1.4324
batch:299 average train loss 1.4106
batch:399 average train loss 1.4045
batch:499 average train loss 1.3994
batch:599 average train loss 1.4034
batch:699 average train loss 1.4055
batch:799 average train loss 1.4083
batch:899 average train loss 1.4116
average train loss 1.4057
Train Consuming time:52.97 in the epoch: 24
total val iterations: 212 
average val loss 1.4304
accuracy ( less than 0.1 ): 0.1805
median val loss 0.6158
total test iterations: 212 
average test loss 1.4756
accuracy ( less than 0.1 ): 0.1892
median test loss 0.6318
Consuming time:67.58 in the epoch: 24
Best test loss is 1.47
---------------*****---------------
---------------*****---------------
Starting training the epoch: 25 
total batch: 985.921875 
batch:99 average train loss 1.4345
batch:199 average train loss 1.4318
batch:299 average train loss 1.4099
batch:399 average train loss 1.4038
batch:499 average train loss 1.3989
batch:599 average train loss 1.4027
batch:699 average train loss 1.4048
batch:799 average train loss 1.4078
batch:899 average train loss 1.4111
average train loss 1.4052
Train Consuming time:53.68 in the epoch: 25
total val iterations: 212 
average val loss 1.4306
accuracy ( less than 0.1 ): 0.1802
median val loss 0.6164
total test iterations: 212 
average test loss 1.4756
accuracy ( less than 0.1 ): 0.1888
median test loss 0.6333
Consuming time:68.55 in the epoch: 25
Best test loss is 1.47
---------------*****---------------
---------------*****---------------
Starting training the epoch: 26 
total batch: 985.921875 
batch:99 average train loss 1.4344
batch:199 average train loss 1.4312
batch:299 average train loss 1.4094
batch:399 average train loss 1.4034
batch:499 average train loss 1.3985
batch:599 average train loss 1.4024
batch:699 average train loss 1.4045
batch:799 average train loss 1.4074
batch:899 average train loss 1.4107
average train loss 1.4049
Train Consuming time:53.65 in the epoch: 26
total val iterations: 212 
average val loss 1.4307
accuracy ( less than 0.1 ): 0.1802
median val loss 0.6159
total test iterations: 212 
average test loss 1.4757
accuracy ( less than 0.1 ): 0.1884
median test loss 0.6346
Consuming time:68.61 in the epoch: 26
Best test loss is 1.47
---------------*****---------------
---------------*****---------------
Starting training the epoch: 27 
total batch: 985.921875 
batch:99 average train loss 1.4335
batch:199 average train loss 1.4304
batch:299 average train loss 1.4087
batch:399 average train loss 1.4027
batch:499 average train loss 1.3978
batch:599 average train loss 1.4019
batch:699 average train loss 1.4041
batch:799 average train loss 1.4070
batch:899 average train loss 1.4103
average train loss 1.4045
Train Consuming time:53.44 in the epoch: 27
total val iterations: 212 
average val loss 1.4309
accuracy ( less than 0.1 ): 0.1799
median val loss 0.6166
total test iterations: 212 
average test loss 1.4758
accuracy ( less than 0.1 ): 0.1887
median test loss 0.6355
Consuming time:68.07 in the epoch: 27
Best test loss is 1.47
---------------*****---------------
---------------*****---------------
Starting training the epoch: 28 
total batch: 985.921875 
batch:99 average train loss 1.4333
batch:199 average train loss 1.4300
batch:299 average train loss 1.4083
batch:399 average train loss 1.4023
batch:499 average train loss 1.3975
batch:599 average train loss 1.4014
batch:699 average train loss 1.4036
batch:799 average train loss 1.4066
batch:899 average train loss 1.4100
average train loss 1.4042
Train Consuming time:53.54 in the epoch: 28
total val iterations: 212 
average val loss 1.4310
accuracy ( less than 0.1 ): 0.1799
median val loss 0.6180
total test iterations: 212 
average test loss 1.4759
accuracy ( less than 0.1 ): 0.1886
median test loss 0.6354
Consuming time:68.30 in the epoch: 28
Best test loss is 1.47
---------------*****---------------
---------------*****---------------
Starting training the epoch: 29 
total batch: 985.921875 
batch:99 average train loss 1.4326
batch:199 average train loss 1.4296
batch:299 average train loss 1.4080
batch:399 average train loss 1.4019
batch:499 average train loss 1.3971
batch:599 average train loss 1.4012
batch:699 average train loss 1.4033
batch:799 average train loss 1.4063
batch:899 average train loss 1.4096
average train loss 1.4039
Train Consuming time:52.53 in the epoch: 29
total val iterations: 212 
average val loss 1.4311
accuracy ( less than 0.1 ): 0.1807
median val loss 0.6169
total test iterations: 212 
average test loss 1.4762
accuracy ( less than 0.1 ): 0.1888
median test loss 0.6338
Consuming time:66.94 in the epoch: 29
Best test loss is 1.47
---------------*****---------------
---------------*****---------------
Starting training the epoch: 30 
total batch: 985.921875 
batch:99 average train loss 1.4324
batch:199 average train loss 1.4289
batch:299 average train loss 1.4074
batch:399 average train loss 1.4015
batch:499 average train loss 1.3969
batch:599 average train loss 1.4010
batch:699 average train loss 1.4032
batch:799 average train loss 1.4061
batch:899 average train loss 1.4095
average train loss 1.4038
Train Consuming time:52.23 in the epoch: 30
total val iterations: 212 
average val loss 1.4312
accuracy ( less than 0.1 ): 0.1802
median val loss 0.6182
total test iterations: 212 
average test loss 1.4763
accuracy ( less than 0.1 ): 0.1879
median test loss 0.6343
Consuming time:66.56 in the epoch: 30
Best test loss is 1.47
---------------*****---------------
---------------*****---------------
Starting training the epoch: 31 
total batch: 985.921875 
batch:99 average train loss 1.4320
batch:199 average train loss 1.4287
batch:299 average train loss 1.4070
batch:399 average train loss 1.4012
batch:499 average train loss 1.3966
batch:599 average train loss 1.4006
batch:699 average train loss 1.4029
batch:799 average train loss 1.4059
batch:899 average train loss 1.4092
average train loss 1.4036
Train Consuming time:52.20 in the epoch: 31
total val iterations: 212 
average val loss 1.4313
accuracy ( less than 0.1 ): 0.1799
median val loss 0.6171
total test iterations: 212 
average test loss 1.4763
accuracy ( less than 0.1 ): 0.1881
median test loss 0.6337
Consuming time:66.52 in the epoch: 31
Best test loss is 1.47
---------------*****---------------
---------------*****---------------
Starting training the epoch: 32 
total batch: 985.921875 
batch:99 average train loss 1.4318
batch:199 average train loss 1.4283
batch:299 average train loss 1.4068
batch:399 average train loss 1.4010
batch:499 average train loss 1.3963
batch:599 average train loss 1.4004
batch:699 average train loss 1.4027
batch:799 average train loss 1.4056
batch:899 average train loss 1.4089
average train loss 1.4033
Train Consuming time:52.12 in the epoch: 32
total val iterations: 212 
average val loss 1.4315
accuracy ( less than 0.1 ): 0.1803
median val loss 0.6167
total test iterations: 212 
average test loss 1.4765
accuracy ( less than 0.1 ): 0.1879
median test loss 0.6348
Consuming time:66.42 in the epoch: 32
Best test loss is 1.47
---------------*****---------------
---------------*****---------------
Starting training the epoch: 33 
total batch: 985.921875 
batch:99 average train loss 1.4318
batch:199 average train loss 1.4284
batch:299 average train loss 1.4068
batch:399 average train loss 1.4009
batch:499 average train loss 1.3962
batch:599 average train loss 1.4002
batch:699 average train loss 1.4025
batch:799 average train loss 1.4054
batch:899 average train loss 1.4087
average train loss 1.4031
Train Consuming time:52.02 in the epoch: 33
total val iterations: 212 
average val loss 1.4316
accuracy ( less than 0.1 ): 0.1806
median val loss 0.6173
total test iterations: 212 
average test loss 1.4765
accuracy ( less than 0.1 ): 0.1879
median test loss 0.6335
Consuming time:66.29 in the epoch: 33
Best test loss is 1.47
---------------*****---------------
---------------*****---------------
Starting training the epoch: 34 
total batch: 985.921875 
batch:99 average train loss 1.4317
batch:199 average train loss 1.4278
batch:299 average train loss 1.4062
batch:399 average train loss 1.4004
batch:499 average train loss 1.3957
batch:599 average train loss 1.3998
batch:699 average train loss 1.4022
batch:799 average train loss 1.4051
batch:899 average train loss 1.4084
average train loss 1.4028
Train Consuming time:52.17 in the epoch: 34
total val iterations: 212 
average val loss 1.4319
accuracy ( less than 0.1 ): 0.1802
median val loss 0.6173
total test iterations: 212 
average test loss 1.4766
accuracy ( less than 0.1 ): 0.1874
median test loss 0.6336
Consuming time:66.46 in the epoch: 34
Best test loss is 1.47
---------------*****---------------
---------------*****---------------
Starting training the epoch: 35 
total batch: 985.921875 
batch:99 average train loss 1.4310
batch:199 average train loss 1.4275
batch:299 average train loss 1.4060
batch:399 average train loss 1.4002
batch:499 average train loss 1.3956
batch:599 average train loss 1.3997
batch:699 average train loss 1.4021
batch:799 average train loss 1.4050
batch:899 average train loss 1.4084
average train loss 1.4028
Train Consuming time:52.01 in the epoch: 35
total val iterations: 212 
average val loss 1.4319
accuracy ( less than 0.1 ): 0.1798
median val loss 0.6182
total test iterations: 212 
average test loss 1.4767
accuracy ( less than 0.1 ): 0.1878
median test loss 0.6343
Consuming time:66.33 in the epoch: 35
Best test loss is 1.47
---------------*****---------------
---------------*****---------------
Starting training the epoch: 36 
total batch: 985.921875 
batch:99 average train loss 1.4310
batch:199 average train loss 1.4275
batch:299 average train loss 1.4059
batch:399 average train loss 1.4002
batch:499 average train loss 1.3956
batch:599 average train loss 1.3996
batch:699 average train loss 1.4020
batch:799 average train loss 1.4048
batch:899 average train loss 1.4081
average train loss 1.4025
Train Consuming time:51.85 in the epoch: 36
total val iterations: 212 
average val loss 1.4321
accuracy ( less than 0.1 ): 0.1792
median val loss 0.6181
total test iterations: 212 
average test loss 1.4769
accuracy ( less than 0.1 ): 0.1873
median test loss 0.6331
Consuming time:65.93 in the epoch: 36
Best test loss is 1.47
---------------*****---------------
---------------*****---------------
Starting training the epoch: 37 
total batch: 985.921875 
batch:99 average train loss 1.4308
batch:199 average train loss 1.4273
batch:299 average train loss 1.4055
batch:399 average train loss 1.3996
batch:499 average train loss 1.3951
batch:599 average train loss 1.3992
batch:699 average train loss 1.4016
batch:799 average train loss 1.4044
batch:899 average train loss 1.4077
average train loss 1.4022
Train Consuming time:50.82 in the epoch: 37
total val iterations: 212 
average val loss 1.4322
accuracy ( less than 0.1 ): 0.1791
median val loss 0.6180
total test iterations: 212 
average test loss 1.4769
accuracy ( less than 0.1 ): 0.1867
median test loss 0.6317
Consuming time:64.49 in the epoch: 37
Best test loss is 1.47
---------------*****---------------
---------------*****---------------
Starting training the epoch: 38 
total batch: 985.921875 
batch:99 average train loss 1.4297
batch:199 average train loss 1.4265
batch:299 average train loss 1.4049
batch:399 average train loss 1.3993
batch:499 average train loss 1.3948
batch:599 average train loss 1.3989
batch:699 average train loss 1.4013
batch:799 average train loss 1.4042
batch:899 average train loss 1.4076
average train loss 1.4021
Train Consuming time:50.34 in the epoch: 38
total val iterations: 212 
average val loss 1.4326
accuracy ( less than 0.1 ): 0.1793
median val loss 0.6180
total test iterations: 212 
average test loss 1.4772
accuracy ( less than 0.1 ): 0.1878
median test loss 0.6331
Consuming time:64.22 in the epoch: 38
Best test loss is 1.47
---------------*****---------------
---------------*****---------------
Starting training the epoch: 39 
total batch: 985.921875 
batch:99 average train loss 1.4303
batch:199 average train loss 1.4268
batch:299 average train loss 1.4051
batch:399 average train loss 1.3994
batch:499 average train loss 1.3949
batch:599 average train loss 1.3989
batch:699 average train loss 1.4013
batch:799 average train loss 1.4042
batch:899 average train loss 1.4075
average train loss 1.4020
Train Consuming time:53.38 in the epoch: 39
total val iterations: 212 
average val loss 1.4327
accuracy ( less than 0.1 ): 0.1793
median val loss 0.6182
total test iterations: 212 
average test loss 1.4775
accuracy ( less than 0.1 ): 0.1871
median test loss 0.6309
Consuming time:68.40 in the epoch: 39
Best test loss is 1.47
---------------*****---------------
---------------*****---------------
Starting training the epoch: 40 
total batch: 985.921875 
batch:99 average train loss 1.4302
batch:199 average train loss 1.4266
batch:299 average train loss 1.4051
batch:399 average train loss 1.3994
batch:499 average train loss 1.3949
batch:599 average train loss 1.3989
batch:699 average train loss 1.4014
batch:799 average train loss 1.4041
batch:899 average train loss 1.4074
average train loss 1.4019
Train Consuming time:53.80 in the epoch: 40
total val iterations: 212 
average val loss 1.4328
accuracy ( less than 0.1 ): 0.1789
median val loss 0.6170
total test iterations: 212 
average test loss 1.4774
accuracy ( less than 0.1 ): 0.1875
median test loss 0.6320
Consuming time:68.59 in the epoch: 40
Best test loss is 1.47
---------------*****---------------
---------------*****---------------
Starting training the epoch: 41 
total batch: 985.921875 
batch:99 average train loss 1.4299
batch:199 average train loss 1.4264
batch:299 average train loss 1.4048
batch:399 average train loss 1.3992
batch:499 average train loss 1.3946
batch:599 average train loss 1.3987
batch:699 average train loss 1.4011
batch:799 average train loss 1.4040
batch:899 average train loss 1.4072
average train loss 1.4017
Train Consuming time:53.73 in the epoch: 41
total val iterations: 212 
average val loss 1.4329
accuracy ( less than 0.1 ): 0.1790
median val loss 0.6170
total test iterations: 212 
average test loss 1.4775
accuracy ( less than 0.1 ): 0.1874
median test loss 0.6319
Consuming time:68.67 in the epoch: 41
Best test loss is 1.47
---------------*****---------------
---------------*****---------------
Starting training the epoch: 42 
total batch: 985.921875 
batch:99 average train loss 1.4294
batch:199 average train loss 1.4260
batch:299 average train loss 1.4045
batch:399 average train loss 1.3989
batch:499 average train loss 1.3945
batch:599 average train loss 1.3986
batch:699 average train loss 1.4011
batch:799 average train loss 1.4039
batch:899 average train loss 1.4071
average train loss 1.4016
Train Consuming time:54.55 in the epoch: 42
total val iterations: 212 
average val loss 1.4330
accuracy ( less than 0.1 ): 0.1789
median val loss 0.6171
total test iterations: 212 
average test loss 1.4775
accuracy ( less than 0.1 ): 0.1871
median test loss 0.6305
Consuming time:69.04 in the epoch: 42
Best test loss is 1.47
---------------*****---------------
---------------*****---------------
Starting training the epoch: 43 
total batch: 985.921875 
batch:99 average train loss 1.4294
batch:199 average train loss 1.4259
batch:299 average train loss 1.4044
batch:399 average train loss 1.3986
batch:499 average train loss 1.3941
batch:599 average train loss 1.3982
batch:699 average train loss 1.4007
batch:799 average train loss 1.4035
batch:899 average train loss 1.4068
average train loss 1.4013
Train Consuming time:51.53 in the epoch: 43
total val iterations: 212 
average val loss 1.4331
accuracy ( less than 0.1 ): 0.1789
median val loss 0.6168
total test iterations: 212 
average test loss 1.4776
accuracy ( less than 0.1 ): 0.1872
median test loss 0.6306
Consuming time:66.51 in the epoch: 43
Best test loss is 1.47
---------------*****---------------
---------------*****---------------
Starting training the epoch: 44 
total batch: 985.921875 
batch:99 average train loss 1.4291
batch:199 average train loss 1.4257
batch:299 average train loss 1.4043
batch:399 average train loss 1.3986
batch:499 average train loss 1.3941
batch:599 average train loss 1.3981
batch:699 average train loss 1.4006
batch:799 average train loss 1.4035
batch:899 average train loss 1.4067
average train loss 1.4013
Train Consuming time:54.31 in the epoch: 44
total val iterations: 212 
average val loss 1.4331
accuracy ( less than 0.1 ): 0.1793
median val loss 0.6166
total test iterations: 212 
average test loss 1.4777
accuracy ( less than 0.1 ): 0.1869
median test loss 0.6302
Consuming time:68.89 in the epoch: 44
Best test loss is 1.47
---------------*****---------------
---------------*****---------------
Starting training the epoch: 45 
total batch: 985.921875 
batch:99 average train loss 1.4290
batch:199 average train loss 1.4256
batch:299 average train loss 1.4041
batch:399 average train loss 1.3986
batch:499 average train loss 1.3941
batch:599 average train loss 1.3980
batch:699 average train loss 1.4005
batch:799 average train loss 1.4033
batch:899 average train loss 1.4066
average train loss 1.4011
Train Consuming time:52.45 in the epoch: 45
total val iterations: 212 
average val loss 1.4333
accuracy ( less than 0.1 ): 0.1785
median val loss 0.6159
total test iterations: 212 
average test loss 1.4778
accuracy ( less than 0.1 ): 0.1871
median test loss 0.6309
Consuming time:66.83 in the epoch: 45
Best test loss is 1.47
---------------*****---------------
---------------*****---------------
Starting training the epoch: 46 
total batch: 985.921875 
batch:99 average train loss 1.4285
batch:199 average train loss 1.4253
batch:299 average train loss 1.4040
batch:399 average train loss 1.3983
batch:499 average train loss 1.3937
batch:599 average train loss 1.3977
batch:699 average train loss 1.4002
batch:799 average train loss 1.4030
batch:899 average train loss 1.4063
average train loss 1.4009
Train Consuming time:52.49 in the epoch: 46
total val iterations: 212 
average val loss 1.4335
accuracy ( less than 0.1 ): 0.1789
median val loss 0.6167
total test iterations: 212 
average test loss 1.4780
accuracy ( less than 0.1 ): 0.1859
median test loss 0.6315
Consuming time:66.60 in the epoch: 46
Best test loss is 1.47
---------------*****---------------
---------------*****---------------
Starting training the epoch: 47 
total batch: 985.921875 
batch:99 average train loss 1.4288
batch:199 average train loss 1.4253
batch:299 average train loss 1.4038
batch:399 average train loss 1.3982
batch:499 average train loss 1.3936
batch:599 average train loss 1.3976
batch:699 average train loss 1.4001
batch:799 average train loss 1.4030
batch:899 average train loss 1.4062
average train loss 1.4008
Train Consuming time:51.59 in the epoch: 47
total val iterations: 212 
average val loss 1.4335
accuracy ( less than 0.1 ): 0.1790
median val loss 0.6160
total test iterations: 212 
average test loss 1.4782
accuracy ( less than 0.1 ): 0.1865
median test loss 0.6310
Consuming time:65.58 in the epoch: 47
Best test loss is 1.47
---------------*****---------------
---------------*****---------------
Starting training the epoch: 48 
total batch: 985.921875 
batch:99 average train loss 1.4288
batch:199 average train loss 1.4252
batch:299 average train loss 1.4038
batch:399 average train loss 1.3982
batch:499 average train loss 1.3935
batch:599 average train loss 1.3975
batch:699 average train loss 1.4000
batch:799 average train loss 1.4029
batch:899 average train loss 1.4062
average train loss 1.4007
Train Consuming time:51.76 in the epoch: 48
total val iterations: 212 
average val loss 1.4335
accuracy ( less than 0.1 ): 0.1791
median val loss 0.6165
total test iterations: 212 
average test loss 1.4781
accuracy ( less than 0.1 ): 0.1866
median test loss 0.6309
Consuming time:65.95 in the epoch: 48
Best test loss is 1.47
---------------*****---------------
---------------*****---------------
Starting training the epoch: 49 
total batch: 985.921875 
batch:99 average train loss 1.4289
batch:199 average train loss 1.4253
batch:299 average train loss 1.4037
batch:399 average train loss 1.3981
batch:499 average train loss 1.3936
batch:599 average train loss 1.3975
batch:699 average train loss 1.4000
batch:799 average train loss 1.4028
batch:899 average train loss 1.4061
average train loss 1.4006
Train Consuming time:52.35 in the epoch: 49
total val iterations: 212 
average val loss 1.4336
accuracy ( less than 0.1 ): 0.1793
median val loss 0.6160
total test iterations: 212 
average test loss 1.4782
accuracy ( less than 0.1 ): 0.1865
median test loss 0.6316
Consuming time:66.59 in the epoch: 49
Best test loss is 1.47
---------------*****---------------
