os.environ: 0
1.14.0
ok
dataset information: nodes:858664, n_sequence:120, n_steps:17 
===================configuration===================
dropout prob :  0.001
l2 0.05
learning rate :  0.005
emb_learning_rate :  0.005
observation hour [7,19]
observation threshold :  7200
prediction time :  86400
cascade length [5,100]
model save at : ../model_save/deephawkes/weibo/
===================configuration===================
---------***---------
Number: 39522, Max: 15.089202175838759 and Min: 0.0 label Value in Train
NUmber: 8469, Max: 13.518038379578142 and Min: 0.0 label Value in Test
NUmber: 8470, Max: 12.7737573721398 and Min: 0.0 label Value in Valid
---------***---------
39522 8469 8470
Total_parameters:42958455
finish one epoch, time252.5351049900055

train mseloss : 2.1567101862459386
lambda1 [-0.01 -0.01  0.03  0.05  0.09  0.14]
#0, Training Loss= 2.16300, Valid Loss= 2.12499, Valid median Loss= 0.65683, Best Valid Loss= 2.12499, Test Loss= 2.07378, Test median  Loss= 0.65365, Best Test Loss= 2.07378
finish one epoch, time831.6070334911346

train mseloss : 2.064606296426302
lambda1 [-0.01 -0.01  0.04  0.07  0.12  0.18]
#1, Training Loss= 2.06214, Valid Loss= 1.99985, Valid median Loss= 0.57006, Best Valid Loss= 1.99985, Test Loss= 1.98592, Test median  Loss= 0.58355, Best Test Loss= 1.98592
finish one epoch, time1463.8349702358246

train mseloss : 2.0933202138087457
lambda1 [-0.    0.01  0.04  0.08  0.14  0.21]
#2, Training Loss= 2.09275, Valid Loss= 2.04540, Valid median Loss= 0.59276, Best Valid Loss= 1.99985, Test Loss= 1.98344, Test median  Loss= 0.59434, Best Test Loss= 1.98344
finish one epoch, time2093.8406143188477

train mseloss : 2.0596819364633214
lambda1 [-0.01  0.    0.04  0.08  0.14  0.23]
#3, Training Loss= 2.06463, Valid Loss= 1.99994, Valid median Loss= 0.53935, Best Valid Loss= 1.99985, Test Loss= 1.96864, Test median  Loss= 0.55603, Best Test Loss= 1.96864
finish one epoch, time2752.4322307109833

train mseloss : 2.0622471172315544
lambda1 [-0.01 -0.    0.02  0.1   0.17  0.25]
#4, Training Loss= 2.05649, Valid Loss= 1.98651, Valid median Loss= 0.57186, Best Valid Loss= 1.98651, Test Loss= 1.97443, Test median  Loss= 0.57533, Best Test Loss= 1.96864
finish one epoch, time3399.2255845069885

train mseloss : 2.1164690730489197
lambda1 [-0.01  0.02  0.07  0.11  0.17  0.28]
#5, Training Loss= 2.11407, Valid Loss= 2.05914, Valid median Loss= 0.54973, Best Valid Loss= 1.98651, Test Loss= 2.02045, Test median  Loss= 0.55945, Best Test Loss= 1.96864
finish one epoch, time4046.2616415023804

train mseloss : 2.1190652379100077
lambda1 [-0.    0.01  0.05  0.1   0.2   0.29]
#6, Training Loss= 2.12148, Valid Loss= 2.08426, Valid median Loss= 0.61194, Best Valid Loss= 1.98651, Test Loss= 2.01981, Test median  Loss= 0.60556, Best Test Loss= 1.96864
finish one epoch, time4697.053684949875

train mseloss : 2.198672378021967
lambda1 [ 0.01 -0.01  0.06  0.11  0.21  0.3 ]
#7, Training Loss= 2.19885, Valid Loss= 2.15805, Valid median Loss= 0.60387, Best Valid Loss= 1.98651, Test Loss= 2.11948, Test median  Loss= 0.59911, Best Test Loss= 1.96864
finish one epoch, time5337.649802684784

train mseloss : 2.0413846857975364
lambda1 [-0.01 -0.01  0.04  0.13  0.23  0.34]
#8, Training Loss= 2.04211, Valid Loss= 1.96470, Valid median Loss= 0.53781, Best Valid Loss= 1.96470, Test Loss= 1.95443, Test median  Loss= 0.55472, Best Test Loss= 1.95443
finish one epoch, time5969.641625165939

train mseloss : 2.0481943989459963
lambda1 [-0.01 -0.    0.06  0.12  0.24  0.34]
#9, Training Loss= 2.04593, Valid Loss= 1.99575, Valid median Loss= 0.56213, Best Valid Loss= 1.96470, Test Loss= 1.95886, Test median  Loss= 0.56841, Best Test Loss= 1.95443
finish one epoch, time6585.623287439346

train mseloss : 2.0209299659298257
lambda1 [-0.02  0.01  0.02  0.13  0.24  0.34]
#10, Training Loss= 2.02592, Valid Loss= 1.95540, Valid median Loss= 0.53582, Best Valid Loss= 1.95540, Test Loss= 1.93477, Test median  Loss= 0.54941, Best Test Loss= 1.93477
finish one epoch, time7198.943751335144

train mseloss : 1.9972663635104881
lambda1 [-0.01 -0.01  0.08  0.12  0.27  0.38]
#11, Training Loss= 2.00025, Valid Loss= 1.94125, Valid median Loss= 0.53158, Best Valid Loss= 1.94125, Test Loss= 1.93450, Test median  Loss= 0.54264, Best Test Loss= 1.93450
finish one epoch, time7740.347266197205

train mseloss : 1.9978932077889435
lambda1 [-0.01 -0.01  0.05  0.16  0.27  0.41]
#12, Training Loss= 1.99711, Valid Loss= 1.93672, Valid median Loss= 0.53581, Best Valid Loss= 1.93672, Test Loss= 1.92303, Test median  Loss= 0.53578, Best Test Loss= 1.92303
finish one epoch, time8269.979290246964

train mseloss : 2.078461001812919
lambda1 [-0.01  0.01  0.02  0.16  0.31  0.42]
#13, Training Loss= 2.08090, Valid Loss= 2.02956, Valid median Loss= 0.56112, Best Valid Loss= 1.93672, Test Loss= 1.98300, Test median  Loss= 0.57582, Best Test Loss= 1.92303
finish one epoch, time8879.470352649689

train mseloss : 2.0621098110588814
lambda1 [-0.01  0.04  0.04  0.16  0.3   0.45]
#14, Training Loss= 2.06525, Valid Loss= 2.00965, Valid median Loss= 0.53920, Best Valid Loss= 1.93672, Test Loss= 1.95556, Test median  Loss= 0.55318, Best Test Loss= 1.92303
finish one epoch, time9555.847395896912

train mseloss : 2.1633300428562694
lambda1 [-0.01 -0.01  0.04  0.18  0.32  0.43]
#15, Training Loss= 2.16467, Valid Loss= 2.09031, Valid median Loss= 0.63538, Best Valid Loss= 1.93672, Test Loss= 2.06631, Test median  Loss= 0.63058, Best Test Loss= 1.92303
finish one epoch, time10229.521225690842

train mseloss : 2.0556932102323704
lambda1 [-0.02  0.01  0.07  0.16  0.3   0.42]
#16, Training Loss= 2.06060, Valid Loss= 1.99252, Valid median Loss= 0.54860, Best Valid Loss= 1.93672, Test Loss= 1.97738, Test median  Loss= 0.56239, Best Test Loss= 1.92303
finish one epoch, time10899.305926799774

train mseloss : 2.0225832505669836
lambda1 [-0.01 -0.01  0.07  0.13  0.29  0.43]
#17, Training Loss= 2.02244, Valid Loss= 1.97041, Valid median Loss= 0.55284, Best Valid Loss= 1.93672, Test Loss= 1.95196, Test median  Loss= 0.55332, Best Test Loss= 1.92303
finish one epoch, time11560.903468132019

train mseloss : 1.9977798477598645
lambda1 [-0.01 -0.01  0.06  0.18  0.29  0.41]
#18, Training Loss= 1.99991, Valid Loss= 1.93725, Valid median Loss= 0.54488, Best Valid Loss= 1.93672, Test Loss= 1.92719, Test median  Loss= 0.54592, Best Test Loss= 1.92303
finish one epoch, time12240.05084681511

train mseloss : 2.04864478600195
lambda1 [-0.01 -0.01  0.06  0.17  0.31  0.44]
#19, Training Loss= 2.04614, Valid Loss= 1.98808, Valid median Loss= 0.56565, Best Valid Loss= 1.93672, Test Loss= 1.95965, Test median  Loss= 0.56365, Best Test Loss= 1.92303
Finished!
----------------------------------------------------------------
Time: 12611.660867214203
Valid Loss: 1.9367191
Test Loss: 1.9230251
