os.environ: 1
1.14.0
ok
dataset information: nodes:575233, n_sequence:120, n_steps:18 
===================configuration===================
dropout prob :  0.001
l2 0.05
learning rate :  0.005
emb_learning_rate :  0.005
observation hour [7,19]
observation threshold :  8
prediction time :  86400
cascade length [10,100]
model save at : ../model_save/deephawkes/dblp/
===================configuration===================
---------***---------
Number: 63099, Max: 12.230320715661112 and Min: 0.0 label Value in Train
NUmber: 13521, Max: 10.591522346570734 and Min: 0.0 label Value in Test
NUmber: 13522, Max: 11.901998185668495 and Min: 0.0 label Value in Valid
---------***---------
63099 13521 13522
Total_parameters:28786907
finish one epoch, time405.46015334129333

train mseloss : 1.5013338028258583
lambda1 [ 0.01 -0.02 -0.01 -0.    0.02  0.04  0.08  0.13]
#0, Training Loss= 1.50150, Valid Loss= 1.49308, Valid median Loss= 0.65473, Best Valid Loss= 1.49308, Test Loss= 1.54589, Test median  Loss= 0.66815, Best Test Loss= 1.54589
finish one epoch, time1337.8876345157623

train mseloss : 1.4629163793618756
lambda1 [ 0.02 -0.01  0.    0.    0.01  0.05  0.08  0.14]
#1, Training Loss= 1.46219, Valid Loss= 1.45415, Valid median Loss= 0.63509, Best Valid Loss= 1.45415, Test Loss= 1.51191, Test median  Loss= 0.65151, Best Test Loss= 1.51191
finish one epoch, time2408.336601257324

train mseloss : 1.4492335087226234
lambda1 [ 0.01 -0.02  0.    0.01  0.03  0.07  0.1   0.15]
#2, Training Loss= 1.44962, Valid Loss= 1.44648, Valid median Loss= 0.62501, Best Valid Loss= 1.44648, Test Loss= 1.49551, Test median  Loss= 0.65257, Best Test Loss= 1.49551
finish one epoch, time3479.048059940338

train mseloss : 1.4546691069066453
lambda1 [ 0.01 -0.02 -0.01  0.01  0.03  0.06  0.1   0.15]
#3, Training Loss= 1.45512, Valid Loss= 1.45550, Valid median Loss= 0.61825, Best Valid Loss= 1.44648, Test Loss= 1.50705, Test median  Loss= 0.64112, Best Test Loss= 1.49551
finish one epoch, time4549.83932352066

train mseloss : 1.5411558190987418
lambda1 [ 0.01 -0.02 -0.02  0.01  0.03  0.06  0.1   0.16]
#4, Training Loss= 1.54332, Valid Loss= 1.53583, Valid median Loss= 0.67468, Best Valid Loss= 1.44648, Test Loss= 1.58624, Test median  Loss= 0.69673, Best Test Loss= 1.49551
finish one epoch, time5597.691602230072

train mseloss : 1.4726437651252067
lambda1 [ 0.01 -0.01 -0.01  0.    0.02  0.07  0.12  0.16]
#5, Training Loss= 1.47243, Valid Loss= 1.47815, Valid median Loss= 0.62987, Best Valid Loss= 1.44648, Test Loss= 1.52697, Test median  Loss= 0.64762, Best Test Loss= 1.49551
finish one epoch, time6649.3533663749695

train mseloss : 1.45814396422845
lambda1 [ 0.03 -0.02 -0.01  0.01  0.04  0.07  0.11  0.17]
#6, Training Loss= 1.45817, Valid Loss= 1.45877, Valid median Loss= 0.62265, Best Valid Loss= 1.44648, Test Loss= 1.50421, Test median  Loss= 0.65265, Best Test Loss= 1.49551
finish one epoch, time7715.473313093185

train mseloss : 1.4651620014916622
lambda1 [ 0.02 -0.02 -0.01  0.01  0.02  0.07  0.12  0.17]
#7, Training Loss= 1.46585, Valid Loss= 1.47310, Valid median Loss= 0.62893, Best Valid Loss= 1.44648, Test Loss= 1.52247, Test median  Loss= 0.66578, Best Test Loss= 1.49551
finish one epoch, time8813.017470359802

train mseloss : 1.449284280028224
lambda1 [ 0.01 -0.02 -0.01  0.    0.03  0.07  0.11  0.18]
#8, Training Loss= 1.44873, Valid Loss= 1.44853, Valid median Loss= 0.62742, Best Valid Loss= 1.44648, Test Loss= 1.50052, Test median  Loss= 0.65312, Best Test Loss= 1.49551
finish one epoch, time9897.582394361496

train mseloss : 1.4476770994861163
lambda1 [ 6.79e-03 -1.86e-02  5.98e-05  1.63e-02  3.71e-02  6.59e-02  1.06e-01
  1.85e-01]
#9, Training Loss= 1.44637, Valid Loss= 1.44766, Valid median Loss= 0.62912, Best Valid Loss= 1.44648, Test Loss= 1.49790, Test median  Loss= 0.64189, Best Test Loss= 1.49551
Finished!
----------------------------------------------------------------
Time: 10485.682952165604
Valid Loss: 1.4464849
Test Loss: 1.4955087
