===================configuration===================
dropout prob: 1.0
l2 1e-08
learning rate: 0.0005
emb_learning_rate: 0.005
observation hour [7,19]
observation threshold: 3600
prediction time: 86400
cascade length [5,1000]
model save at../model_save/deepcas/weibo1/
===================configuration===================
41474 8887 8888
(?, 200, 10, 50)
Total_parameters:61121420
#1, Training Loss= 9.811381, Validation Loss= 3.144198, Test Loss= 3.073741, Best Valid Loss= 3.144198, Best Test Loss= 3.073741
 Val Loss mSEL:0.570174, Test Loss mSEL:0.857621,
 Val acc:0.562500, Test acc:0.495826,
 Val Loss mape:23.914574, Test Loss mape:19.392112,

consuming time in one epoch 732.8237674236298
#2, Training Loss= 1.909654, Validation Loss= 2.747149, Test Loss= 2.706343, Best Valid Loss= 2.747149, Best Test Loss= 2.706343
 Val Loss mSEL:0.129895, Test Loss mSEL:0.756903,
 Val acc:0.687500, Test acc:0.515005,
 Val Loss mape:18.927905, Test Loss mape:15.472022,

consuming time in one epoch 708.1043202877045
#3, Training Loss= 0.935350, Validation Loss= 2.681392, Test Loss= 2.662114, Best Valid Loss= 2.681392, Best Test Loss= 2.662114
 Val Loss mSEL:0.132378, Test Loss mSEL:0.755463,
 Val acc:0.906250, Test acc:0.508687,
 Val Loss mape:19.175743, Test Loss mape:13.088809,

consuming time in one epoch 715.0592579841614
#4, Training Loss= 0.483111, Validation Loss= 2.734416, Test Loss= 2.697314, Best Valid Loss= 2.681392, Best Test Loss= 2.662114
 Val Loss mSEL:0.087103, Test Loss mSEL:0.776723,
 Val acc:0.843750, Test acc:0.505979,
 Val Loss mape:2.994000, Test Loss mape:12.196482,

consuming time in one epoch 712.6171655654907
#5, Training Loss= 0.272587, Validation Loss= 2.795196, Test Loss= 2.771869, Best Valid Loss= 2.681392, Best Test Loss= 2.662114
 Val Loss mSEL:0.090456, Test Loss mSEL:0.825423,
 Val acc:0.937500, Test acc:0.498421,
 Val Loss mape:0.121792, Test Loss mape:12.275690,

consuming time in one epoch 748.5728142261505
#6, Training Loss= 0.194776, Validation Loss= 2.804037, Test Loss= 2.748747, Best Valid Loss= 2.681392, Best Test Loss= 2.662114
 Val Loss mSEL:0.047041, Test Loss mSEL:0.793462,
 Val acc:0.937500, Test acc:0.504625,
 Val Loss mape:0.189634, Test Loss mape:12.474472,

consuming time in one epoch 774.8155648708344
#7, Training Loss= 0.150862, Validation Loss= 2.793523, Test Loss= 2.723344, Best Valid Loss= 2.681392, Best Test Loss= 2.662114
 Val Loss mSEL:0.071608, Test Loss mSEL:0.722614,
 Val acc:1.000000, Test acc:0.513312,
 Val Loss mape:0.065917, Test Loss mape:12.087248,

consuming time in one epoch 758.8007218837738
#8, Training Loss= 0.119682, Validation Loss= 2.791939, Test Loss= 2.749082, Best Valid Loss= 2.681392, Best Test Loss= 2.662114
 Val Loss mSEL:0.061175, Test Loss mSEL:0.762977,
 Val acc:0.968750, Test acc:0.506656,
 Val Loss mape:0.131398, Test Loss mape:12.443353,

consuming time in one epoch 766.736701965332
#9, Training Loss= 0.097484, Validation Loss= 2.773915, Test Loss= 2.665200, Best Valid Loss= 2.681392, Best Test Loss= 2.662114
 Val Loss mSEL:0.042505, Test Loss mSEL:0.680263,
 Val acc:0.906250, Test acc:0.524143,
 Val Loss mape:0.114053, Test Loss mape:12.521287,

consuming time in one epoch 707.4005868434906
#10, Training Loss= 0.078371, Validation Loss= 2.755421, Test Loss= 2.726236, Best Valid Loss= 2.681392, Best Test Loss= 2.662114
 Val Loss mSEL:0.028699, Test Loss mSEL:0.690806,
 Val acc:0.937500, Test acc:0.514779,
 Val Loss mape:2.874586, Test Loss mape:11.513384,

consuming time in one epoch 653.8086633682251
#11, Training Loss= 0.066025, Validation Loss= 2.799277, Test Loss= 2.737881, Best Valid Loss= 2.681392, Best Test Loss= 2.662114
 Val Loss mSEL:0.022971, Test Loss mSEL:0.742382,
 Val acc:0.968750, Test acc:0.511733,
 Val Loss mape:0.098008, Test Loss mape:12.272265,

consuming time in one epoch 668.4833042621613
#12, Training Loss= 0.051176, Validation Loss= 2.757502, Test Loss= 2.712504, Best Valid Loss= 2.681392, Best Test Loss= 2.662114
 Val Loss mSEL:0.007894, Test Loss mSEL:0.725013,
 Val acc:0.906250, Test acc:0.514328,
 Val Loss mape:0.653689, Test Loss mape:12.280740,

consuming time in one epoch 649.170812368393
#13, Training Loss= 0.042286, Validation Loss= 2.772050, Test Loss= 2.693636, Best Valid Loss= 2.681392, Best Test Loss= 2.662114
 Val Loss mSEL:0.009624, Test Loss mSEL:0.710338,
 Val acc:0.937500, Test acc:0.517035,
 Val Loss mape:2.112043, Test Loss mape:12.279455,

consuming time in one epoch 676.2450242042542
#14, Training Loss= 0.037054, Validation Loss= 2.782284, Test Loss= 2.708216, Best Valid Loss= 2.681392, Best Test Loss= 2.662114
 Val Loss mSEL:0.009059, Test Loss mSEL:0.710010,
 Val acc:0.937500, Test acc:0.517486,
 Val Loss mape:0.431180, Test Loss mape:12.630626,

consuming time in one epoch 671.7976410388947
#15, Training Loss= 0.030952, Validation Loss= 2.793085, Test Loss= 2.697848, Best Valid Loss= 2.681392, Best Test Loss= 2.662114
 Val Loss mSEL:0.010181, Test Loss mSEL:0.734684,
 Val acc:0.968750, Test acc:0.515681,
 Val Loss mape:0.033196, Test Loss mape:12.682614,

consuming time in one epoch 658.5567846298218
#16, Training Loss= 0.027421, Validation Loss= 2.797552, Test Loss= 2.719434, Best Valid Loss= 2.681392, Best Test Loss= 2.662114
 Val Loss mSEL:0.012754, Test Loss mSEL:0.729364,
 Val acc:1.000000, Test acc:0.515456,
 Val Loss mape:0.031122, Test Loss mape:12.643033,

consuming time in one epoch 686.3856155872345
#17, Training Loss= 0.026737, Validation Loss= 2.758307, Test Loss= 2.682150, Best Valid Loss= 2.681392, Best Test Loss= 2.662114
 Val Loss mSEL:0.002199, Test Loss mSEL:0.728161,
 Val acc:1.000000, Test acc:0.517938,
 Val Loss mape:0.020387, Test Loss mape:12.747405,

consuming time in one epoch 674.3642535209656
#18, Training Loss= 0.024933, Validation Loss= 2.774812, Test Loss= 2.694264, Best Valid Loss= 2.681392, Best Test Loss= 2.662114
 Val Loss mSEL:0.001824, Test Loss mSEL:0.717157,
 Val acc:0.968750, Test acc:0.518727,
 Val Loss mape:0.056767, Test Loss mape:12.482493,

consuming time in one epoch 669.676796913147
#19, Training Loss= 0.023705, Validation Loss= 2.781810, Test Loss= 2.704199, Best Valid Loss= 2.681392, Best Test Loss= 2.662114
 Val Loss mSEL:0.007991, Test Loss mSEL:0.736465,
 Val acc:0.968750, Test acc:0.514779,
 Val Loss mape:0.170535, Test Loss mape:12.381913,

consuming time in one epoch 682.5182313919067
#20, Training Loss= 0.026538, Validation Loss= 2.750269, Test Loss= 2.683650, Best Valid Loss= 2.681392, Best Test Loss= 2.662114
 Val Loss mSEL:0.005215, Test Loss mSEL:0.713874,
 Val acc:1.000000, Test acc:0.519292,
 Val Loss mape:0.027805, Test Loss mape:12.055742,

consuming time in one epoch 665.0186450481415
#21, Training Loss= 0.024206, Validation Loss= 2.777858, Test Loss= 2.692291, Best Valid Loss= 2.681392, Best Test Loss= 2.662114
 Val Loss mSEL:0.004948, Test Loss mSEL:0.736380,
 Val acc:0.906250, Test acc:0.520081,
 Val Loss mape:0.601309, Test Loss mape:12.615258,

consuming time in one epoch 690.5229051113129
#22, Training Loss= 0.019540, Validation Loss= 2.773452, Test Loss= 2.694556, Best Valid Loss= 2.681392, Best Test Loss= 2.662114
 Val Loss mSEL:0.001374, Test Loss mSEL:0.724647,
 Val acc:0.875000, Test acc:0.515907,
 Val Loss mape:0.648664, Test Loss mape:12.231333,

consuming time in one epoch 686.4973330497742
#23, Training Loss= 0.016531, Validation Loss= 2.787179, Test Loss= 2.702482, Best Valid Loss= 2.681392, Best Test Loss= 2.662114
 Val Loss mSEL:0.004266, Test Loss mSEL:0.720731,
 Val acc:0.906250, Test acc:0.515681,
 Val Loss mape:1.083458, Test Loss mape:12.276683,

consuming time in one epoch 667.8671135902405
#24, Training Loss= 0.016307, Validation Loss= 2.780022, Test Loss= 2.687426, Best Valid Loss= 2.681392, Best Test Loss= 2.662114
 Val Loss mSEL:0.001776, Test Loss mSEL:0.713033,
 Val acc:0.906250, Test acc:0.517938,
 Val Loss mape:3.297372, Test Loss mape:12.440753,

consuming time in one epoch 686.5722219944
#25, Training Loss= 0.015643, Validation Loss= 2.793788, Test Loss= 2.704231, Best Valid Loss= 2.681392, Best Test Loss= 2.662114
 Val Loss mSEL:0.003971, Test Loss mSEL:0.721934,
 Val acc:0.968750, Test acc:0.511958,
 Val Loss mape:0.093011, Test Loss mape:12.375276,

consuming time in one epoch 681.0908126831055
#26, Training Loss= 0.015028, Validation Loss= 2.779312, Test Loss= 2.696777, Best Valid Loss= 2.681392, Best Test Loss= 2.662114
 Val Loss mSEL:0.002987, Test Loss mSEL:0.731295,
 Val acc:0.968750, Test acc:0.517938,
 Val Loss mape:0.282134, Test Loss mape:12.665411,

consuming time in one epoch 681.1346709728241
#27, Training Loss= 0.015876, Validation Loss= 2.761887, Test Loss= 2.676579, Best Valid Loss= 2.681392, Best Test Loss= 2.662114
 Val Loss mSEL:0.001828, Test Loss mSEL:0.708568,
 Val acc:0.937500, Test acc:0.519856,
 Val Loss mape:0.189174, Test Loss mape:12.667455,

consuming time in one epoch 590.4712998867035
#28, Training Loss= 0.014104, Validation Loss= 2.769956, Test Loss= 2.690918, Best Valid Loss= 2.681392, Best Test Loss= 2.662114
 Val Loss mSEL:0.001639, Test Loss mSEL:0.736423,
 Val acc:0.906250, Test acc:0.517938,
 Val Loss mape:0.049393, Test Loss mape:12.356482,

consuming time in one epoch 447.73754501342773
#29, Training Loss= 0.012631, Validation Loss= 2.773378, Test Loss= 2.695767, Best Valid Loss= 2.681392, Best Test Loss= 2.662114
 Val Loss mSEL:0.001164, Test Loss mSEL:0.731035,
 Val acc:0.968750, Test acc:0.519404,
 Val Loss mape:0.022180, Test Loss mape:12.575037,

consuming time in one epoch 444.34970688819885
#30, Training Loss= 0.011936, Validation Loss= 2.789352, Test Loss= 2.695896, Best Valid Loss= 2.681392, Best Test Loss= 2.662114
 Val Loss mSEL:0.001922, Test Loss mSEL:0.738273,
 Val acc:1.000000, Test acc:0.518840,
 Val Loss mape:0.012779, Test Loss mape:12.385007,

consuming time in one epoch 464.39272952079773
#31, Training Loss= 0.012214, Validation Loss= 2.756092, Test Loss= 2.681894, Best Valid Loss= 2.681392, Best Test Loss= 2.662114
 Val Loss mSEL:0.000562, Test Loss mSEL:0.702848,
 Val acc:0.875000, Test acc:0.522676,
 Val Loss mape:0.130192, Test Loss mape:12.459655,

consuming time in one epoch 478.9402003288269
#32, Training Loss= 0.012381, Validation Loss= 2.760821, Test Loss= 2.688397, Best Valid Loss= 2.681392, Best Test Loss= 2.662114
 Val Loss mSEL:0.000700, Test Loss mSEL:0.721646,
 Val acc:0.937500, Test acc:0.519066,
 Val Loss mape:0.083590, Test Loss mape:12.649865,

Finished!
----------------------------------------------------------------
Time: 684.4858467578888
Valid Loss: 2.6813917
Test Loss: 2.6621141
