===================configuration===================
dropout prob: 1.0
l2 1e-08
learning rate: 0.0005
emb_learning_rate: 0.005
observation hour [7,19]
observation threshold: 8
prediction time: 86400
cascade length [10,100]
model save at../model_save/deepcas/dblp3/
===================configuration===================
63099 13521 13522
(?, 200, 10, 50)
<class 'int'> <class 'int'>
Total_parameters:32047070
#1, Training Loss= 7.688271, Validation Loss= 2.277744, Test Loss= 2.297612, Best Valid Loss= 2.277744, Best Test Loss= 2.297612
consuming time in one epoch 111.75634908676147
#2, Training Loss= 1.398753, Validation Loss= 2.081985, Test Loss= 2.093793, Best Valid Loss= 2.081985, Best Test Loss= 2.093793
consuming time in one epoch 110.3282823562622
#3, Training Loss= 0.641212, Validation Loss= 2.127516, Test Loss= 2.111849, Best Valid Loss= 2.081985, Best Test Loss= 2.093793
consuming time in one epoch 115.17894220352173
#4, Training Loss= 0.326992, Validation Loss= 2.181798, Test Loss= 2.161518, Best Valid Loss= 2.081985, Best Test Loss= 2.093793
consuming time in one epoch 117.61011838912964
#5, Training Loss= 0.197915, Validation Loss= 2.205879, Test Loss= 2.175850, Best Valid Loss= 2.081985, Best Test Loss= 2.093793
consuming time in one epoch 117.39072966575623
#6, Training Loss= 0.124384, Validation Loss= 2.249205, Test Loss= 2.223473, Best Valid Loss= 2.081985, Best Test Loss= 2.093793
consuming time in one epoch 110.52721405029297
#7, Training Loss= 0.086353, Validation Loss= 2.203061, Test Loss= 2.187876, Best Valid Loss= 2.081985, Best Test Loss= 2.093793
consuming time in one epoch 110.15281820297241
#8, Training Loss= 0.068083, Validation Loss= 2.193367, Test Loss= 2.161386, Best Valid Loss= 2.081985, Best Test Loss= 2.093793
consuming time in one epoch 110.04137969017029
#9, Training Loss= 0.050152, Validation Loss= 2.207747, Test Loss= 2.180085, Best Valid Loss= 2.081985, Best Test Loss= 2.093793
consuming time in one epoch 110.01404309272766
#10, Training Loss= 0.037716, Validation Loss= 2.184364, Test Loss= 2.160527, Best Valid Loss= 2.081985, Best Test Loss= 2.093793
consuming time in one epoch 110.09558987617493
#11, Training Loss= 0.031831, Validation Loss= 2.186797, Test Loss= 2.167094, Best Valid Loss= 2.081985, Best Test Loss= 2.093793
consuming time in one epoch 109.9618284702301
#12, Training Loss= 0.026800, Validation Loss= 2.201279, Test Loss= 2.177005, Best Valid Loss= 2.081985, Best Test Loss= 2.093793
consuming time in one epoch 110.1344735622406
#13, Training Loss= 0.023422, Validation Loss= 2.174292, Test Loss= 2.146907, Best Valid Loss= 2.081985, Best Test Loss= 2.093793
consuming time in one epoch 109.9728901386261
#14, Training Loss= 0.019951, Validation Loss= 2.163872, Test Loss= 2.150870, Best Valid Loss= 2.081985, Best Test Loss= 2.093793
consuming time in one epoch 110.43600106239319
#15, Training Loss= 0.018681, Validation Loss= 2.165543, Test Loss= 2.140957, Best Valid Loss= 2.081985, Best Test Loss= 2.093793
consuming time in one epoch 110.20470809936523
#16, Training Loss= 0.016371, Validation Loss= 2.196410, Test Loss= 2.165066, Best Valid Loss= 2.081985, Best Test Loss= 2.093793
consuming time in one epoch 110.28291511535645
#17, Training Loss= 0.014855, Validation Loss= 2.180366, Test Loss= 2.153087, Best Valid Loss= 2.081985, Best Test Loss= 2.093793
consuming time in one epoch 114.47971439361572
#18, Training Loss= 0.013368, Validation Loss= 2.169660, Test Loss= 2.136834, Best Valid Loss= 2.081985, Best Test Loss= 2.093793
consuming time in one epoch 117.71138548851013
#19, Training Loss= 0.011738, Validation Loss= 2.175153, Test Loss= 2.147265, Best Valid Loss= 2.081985, Best Test Loss= 2.093793
consuming time in one epoch 117.55665349960327
#20, Training Loss= 0.011061, Validation Loss= 2.154708, Test Loss= 2.130057, Best Valid Loss= 2.081985, Best Test Loss= 2.093793
consuming time in one epoch 109.98365449905396
#21, Training Loss= 0.010263, Validation Loss= 2.174305, Test Loss= 2.142889, Best Valid Loss= 2.081985, Best Test Loss= 2.093793
consuming time in one epoch 110.0524206161499
#22, Training Loss= 0.009272, Validation Loss= 2.183422, Test Loss= 2.161014, Best Valid Loss= 2.081985, Best Test Loss= 2.093793
consuming time in one epoch 109.83998775482178
#23, Training Loss= 0.008984, Validation Loss= 2.157010, Test Loss= 2.135290, Best Valid Loss= 2.081985, Best Test Loss= 2.093793
consuming time in one epoch 110.08509516716003
#24, Training Loss= 0.008661, Validation Loss= 2.173498, Test Loss= 2.145905, Best Valid Loss= 2.081985, Best Test Loss= 2.093793
consuming time in one epoch 110.2297854423523
#25, Training Loss= 0.008246, Validation Loss= 2.177457, Test Loss= 2.148538, Best Valid Loss= 2.081985, Best Test Loss= 2.093793
consuming time in one epoch 110.60589170455933
#26, Training Loss= 0.007871, Validation Loss= 2.153601, Test Loss= 2.118783, Best Valid Loss= 2.081985, Best Test Loss= 2.093793
consuming time in one epoch 110.22298836708069
#27, Training Loss= 0.007529, Validation Loss= 2.157814, Test Loss= 2.130005, Best Valid Loss= 2.081985, Best Test Loss= 2.093793
consuming time in one epoch 110.14203095436096
#28, Training Loss= 0.007408, Validation Loss= 2.166594, Test Loss= 2.147638, Best Valid Loss= 2.081985, Best Test Loss= 2.093793
consuming time in one epoch 110.40384888648987
#29, Training Loss= 0.007175, Validation Loss= 2.161590, Test Loss= 2.131380, Best Valid Loss= 2.081985, Best Test Loss= 2.093793
consuming time in one epoch 108.00395321846008
#30, Training Loss= 0.006875, Validation Loss= 2.190480, Test Loss= 2.153960, Best Valid Loss= 2.081985, Best Test Loss= 2.093793
consuming time in one epoch 109.5762870311737
#31, Training Loss= 0.006659, Validation Loss= 2.182365, Test Loss= 2.155425, Best Valid Loss= 2.081985, Best Test Loss= 2.093793
Finished!
----------------------------------------------------------------
Time: 110.2658748626709
Valid Loss: 2.0819845
Test Loss: 2.0937934
