/home/ta/anaconda3/lib/python3.6/site-packages/numba/decorators.py:149: RuntimeWarning: Caching is not available when the 'parallel' target is in use. Caching is now being disabled to allow execution to continue.
  warnings.warn(msg, RuntimeWarning)
/home/ta/anaconda3/lib/python3.6/site-packages/tensorflow/python/framework/dtypes.py:516: FutureWarning: Passing (type, 1) or '1type' as a synonym of type is deprecated; in a future version of numpy, it will be understood as (type, (1,)) / '(1,)type'.
  _np_qint8 = np.dtype([("qint8", np.int8, 1)])
/home/ta/anaconda3/lib/python3.6/site-packages/tensorflow/python/framework/dtypes.py:517: FutureWarning: Passing (type, 1) or '1type' as a synonym of type is deprecated; in a future version of numpy, it will be understood as (type, (1,)) / '(1,)type'.
  _np_quint8 = np.dtype([("quint8", np.uint8, 1)])
/home/ta/anaconda3/lib/python3.6/site-packages/tensorflow/python/framework/dtypes.py:518: FutureWarning: Passing (type, 1) or '1type' as a synonym of type is deprecated; in a future version of numpy, it will be understood as (type, (1,)) / '(1,)type'.
  _np_qint16 = np.dtype([("qint16", np.int16, 1)])
/home/ta/anaconda3/lib/python3.6/site-packages/tensorflow/python/framework/dtypes.py:519: FutureWarning: Passing (type, 1) or '1type' as a synonym of type is deprecated; in a future version of numpy, it will be understood as (type, (1,)) / '(1,)type'.
  _np_quint16 = np.dtype([("quint16", np.uint16, 1)])
/home/ta/anaconda3/lib/python3.6/site-packages/tensorflow/python/framework/dtypes.py:520: FutureWarning: Passing (type, 1) or '1type' as a synonym of type is deprecated; in a future version of numpy, it will be understood as (type, (1,)) / '(1,)type'.
  _np_qint32 = np.dtype([("qint32", np.int32, 1)])
/home/ta/anaconda3/lib/python3.6/site-packages/tensorflow/python/framework/dtypes.py:525: FutureWarning: Passing (type, 1) or '1type' as a synonym of type is deprecated; in a future version of numpy, it will be understood as (type, (1,)) / '(1,)type'.
  np_resource = np.dtype([("resource", np.ubyte, 1)])
/home/ta/.local/lib/python3.6/site-packages/tensorboard/compat/tensorflow_stub/dtypes.py:541: FutureWarning: Passing (type, 1) or '1type' as a synonym of type is deprecated; in a future version of numpy, it will be understood as (type, (1,)) / '(1,)type'.
  _np_qint8 = np.dtype([("qint8", np.int8, 1)])
/home/ta/.local/lib/python3.6/site-packages/tensorboard/compat/tensorflow_stub/dtypes.py:542: FutureWarning: Passing (type, 1) or '1type' as a synonym of type is deprecated; in a future version of numpy, it will be understood as (type, (1,)) / '(1,)type'.
  _np_quint8 = np.dtype([("quint8", np.uint8, 1)])
/home/ta/.local/lib/python3.6/site-packages/tensorboard/compat/tensorflow_stub/dtypes.py:543: FutureWarning: Passing (type, 1) or '1type' as a synonym of type is deprecated; in a future version of numpy, it will be understood as (type, (1,)) / '(1,)type'.
  _np_qint16 = np.dtype([("qint16", np.int16, 1)])
/home/ta/.local/lib/python3.6/site-packages/tensorboard/compat/tensorflow_stub/dtypes.py:544: FutureWarning: Passing (type, 1) or '1type' as a synonym of type is deprecated; in a future version of numpy, it will be understood as (type, (1,)) / '(1,)type'.
  _np_quint16 = np.dtype([("quint16", np.uint16, 1)])
/home/ta/.local/lib/python3.6/site-packages/tensorboard/compat/tensorflow_stub/dtypes.py:545: FutureWarning: Passing (type, 1) or '1type' as a synonym of type is deprecated; in a future version of numpy, it will be understood as (type, (1,)) / '(1,)type'.
  _np_qint32 = np.dtype([("qint32", np.int32, 1)])
/home/ta/.local/lib/python3.6/site-packages/tensorboard/compat/tensorflow_stub/dtypes.py:550: FutureWarning: Passing (type, 1) or '1type' as a synonym of type is deprecated; in a future version of numpy, it will be understood as (type, (1,)) / '(1,)type'.
  np_resource = np.dtype([("resource", np.ubyte, 1)])
===================configuration===================
learning rate :0.001 
num_mlp_layers : 1
num_layers : 2
gnn input_features : 100
gnn output_features : 64
input of rnn/transformer : 64
hidden_size (out put of rnn/tranformer) : 64
observation hour [7,19]
observation interval : 180
observation threshold : 3600
prediction time : 86400
cascade length [5,600]
model save at : ../model_save/cas2vec/
===================configuration===================
len(Y_train), len(Y_valid), len(Y_test): 41134 8815 8815
preparing time:79.76849746704102
====bidirected: True,attention: GAT====
total parameters 77737
---------------*****---------------
Starting training the epoch: 0 
total batch: 1285.4375 
batch:99 average train loss 3.7708
batch:199 average train loss 3.2149
batch:299 average train loss 3.0115
batch:399 average train loss 2.8449
batch:499 average train loss 2.7043
batch:599 average train loss 2.6250
batch:699 average train loss 2.5477
batch:799 average train loss 2.5020
batch:899 average train loss 2.4916
batch:999 average train loss 2.4533
batch:1099 average train loss 2.4346
batch:1199 average train loss 2.4037
average train loss 2.3793
Train Consuming time:105.52 in the epoch: 0
total val iterations: 276 
average val loss 2.3353
accuracy ( less than 0.1 ): 0.1298
median val loss 0.6118
total test iterations: 276 
average test loss 2.3036
accuracy ( less than 0.1 ): 0.1168
median test loss 0.6199
Consuming time:131.58 in the epoch: 0
Best test loss is 2.30
---------------*****---------------
---------------*****---------------
Starting training the epoch: 1 
total batch: 1285.4375 
batch:99 average train loss 2.2509
batch:199 average train loss 2.2072
batch:299 average train loss 2.2368
batch:399 average train loss 2.2263
batch:499 average train loss 2.1801
batch:599 average train loss 2.1665
batch:699 average train loss 2.1357
batch:799 average train loss 2.1307
batch:899 average train loss 2.1473
batch:999 average train loss 2.1330
batch:1099 average train loss 2.1326
batch:1199 average train loss 2.1196
average train loss 2.1088
Train Consuming time:105.27 in the epoch: 1
total val iterations: 276 
average val loss 2.2131
accuracy ( less than 0.1 ): 0.1570
median val loss 0.5608
total test iterations: 276 
average test loss 2.1643
accuracy ( less than 0.1 ): 0.1483
median test loss 0.5760
Consuming time:130.62 in the epoch: 1
Best test loss is 2.16
---------------*****---------------
---------------*****---------------
Starting training the epoch: 2 
total batch: 1285.4375 
batch:99 average train loss 2.2122
batch:199 average train loss 2.1640
batch:299 average train loss 2.1824
batch:399 average train loss 2.1738
batch:499 average train loss 2.1336
batch:599 average train loss 2.1206
batch:699 average train loss 2.0901
batch:799 average train loss 2.0789
batch:899 average train loss 2.0984
batch:999 average train loss 2.0836
batch:1099 average train loss 2.0854
batch:1199 average train loss 2.0741
average train loss 2.0646
Train Consuming time:103.71 in the epoch: 2
total val iterations: 276 
average val loss 2.1901
accuracy ( less than 0.1 ): 0.1425
median val loss 0.5513
total test iterations: 276 
average test loss 2.1589
accuracy ( less than 0.1 ): 0.1395
median test loss 0.5568
Consuming time:129.79 in the epoch: 2
Best test loss is 2.16
---------------*****---------------
---------------*****---------------
Starting training the epoch: 3 
total batch: 1285.4375 
batch:99 average train loss 2.1911
batch:199 average train loss 2.1377
batch:299 average train loss 2.1539
batch:399 average train loss 2.1391
batch:499 average train loss 2.0932
batch:599 average train loss 2.0813
batch:699 average train loss 2.0506
batch:799 average train loss 2.0444
batch:899 average train loss 2.0613
batch:999 average train loss 2.0467
batch:1099 average train loss 2.0490
batch:1199 average train loss 2.0377
average train loss 2.0287
Train Consuming time:103.31 in the epoch: 3
total val iterations: 276 
average val loss 2.1479
accuracy ( less than 0.1 ): 0.1555
median val loss 0.5351
total test iterations: 276 
average test loss 2.1049
accuracy ( less than 0.1 ): 0.1514
median test loss 0.5386
Consuming time:129.45 in the epoch: 3
Best test loss is 2.10
---------------*****---------------
---------------*****---------------
Starting training the epoch: 4 
total batch: 1285.4375 
batch:99 average train loss 2.1263
batch:199 average train loss 2.0891
batch:299 average train loss 2.1173
batch:399 average train loss 2.1069
batch:499 average train loss 2.0654
batch:599 average train loss 2.0538
batch:699 average train loss 2.0274
batch:799 average train loss 2.0204
batch:899 average train loss 2.0381
batch:999 average train loss 2.0224
batch:1099 average train loss 2.0237
batch:1199 average train loss 2.0141
average train loss 2.0048
Train Consuming time:105.11 in the epoch: 4
total val iterations: 276 
average val loss 2.1315
accuracy ( less than 0.1 ): 0.1573
median val loss 0.5189
total test iterations: 276 
average test loss 2.1071
accuracy ( less than 0.1 ): 0.1534
median test loss 0.5358
Consuming time:130.89 in the epoch: 4
Best test loss is 2.10
---------------*****---------------
---------------*****---------------
Starting training the epoch: 5 
total batch: 1285.4375 
batch:99 average train loss 2.1271
batch:199 average train loss 2.0881
batch:299 average train loss 2.1137
batch:399 average train loss 2.1001
batch:499 average train loss 2.0578
batch:599 average train loss 2.0468
batch:699 average train loss 2.0177
batch:799 average train loss 2.0123
batch:899 average train loss 2.0299
batch:999 average train loss 2.0144
batch:1099 average train loss 2.0177
batch:1199 average train loss 2.0086
average train loss 1.9967
Train Consuming time:103.53 in the epoch: 5
total val iterations: 276 
average val loss 2.2252
accuracy ( less than 0.1 ): 0.1353
median val loss 0.5542
total test iterations: 276 
average test loss 2.2058
accuracy ( less than 0.1 ): 0.1264
median test loss 0.5666
Consuming time:129.33 in the epoch: 5
Best test loss is 2.10
---------------*****---------------
---------------*****---------------
Starting training the epoch: 6 
total batch: 1285.4375 
batch:99 average train loss 2.1478
batch:199 average train loss 2.0865
batch:299 average train loss 2.1005
batch:399 average train loss 2.0883
batch:499 average train loss 2.0456
batch:599 average train loss 2.0350
batch:699 average train loss 2.0069
batch:799 average train loss 2.0012
batch:899 average train loss 2.0167
batch:999 average train loss 2.0008
batch:1099 average train loss 2.0020
batch:1199 average train loss 1.9925
average train loss 1.9827
Train Consuming time:104.84 in the epoch: 6
total val iterations: 276 
average val loss 2.1415
accuracy ( less than 0.1 ): 0.1557
median val loss 0.5175
total test iterations: 276 
average test loss 2.1081
accuracy ( less than 0.1 ): 0.1511
median test loss 0.5222
Consuming time:131.09 in the epoch: 6
Best test loss is 2.10
---------------*****---------------
---------------*****---------------
Starting training the epoch: 7 
total batch: 1285.4375 
batch:99 average train loss 2.1117
batch:199 average train loss 2.0571
batch:299 average train loss 2.0800
batch:399 average train loss 2.0705
batch:499 average train loss 2.0275
batch:599 average train loss 2.0214
batch:699 average train loss 1.9920
batch:799 average train loss 1.9862
batch:899 average train loss 2.0019
batch:999 average train loss 1.9884
batch:1099 average train loss 1.9910
batch:1199 average train loss 1.9832
average train loss 1.9728
Train Consuming time:105.44 in the epoch: 7
total val iterations: 276 
average val loss 2.1411
accuracy ( less than 0.1 ): 0.1432
median val loss 0.5026
total test iterations: 276 
average test loss 2.1175
accuracy ( less than 0.1 ): 0.1367
median test loss 0.5093
Consuming time:131.84 in the epoch: 7
Best test loss is 2.10
---------------*****---------------
---------------*****---------------
Starting training the epoch: 8 
total batch: 1285.4375 
batch:99 average train loss 2.0963
batch:199 average train loss 2.0468
batch:299 average train loss 2.0729
batch:399 average train loss 2.0651
batch:499 average train loss 2.0233
batch:599 average train loss 2.0108
batch:699 average train loss 1.9828
batch:799 average train loss 1.9791
batch:899 average train loss 1.9966
batch:999 average train loss 1.9811
batch:1099 average train loss 1.9817
batch:1199 average train loss 1.9735
average train loss 1.9629
Train Consuming time:104.69 in the epoch: 8
total val iterations: 276 
average val loss 2.1537
accuracy ( less than 0.1 ): 0.1524
median val loss 0.5260
total test iterations: 276 
average test loss 2.1666
accuracy ( less than 0.1 ): 0.1435
median test loss 0.5327
Consuming time:130.75 in the epoch: 8
Best test loss is 2.10
---------------*****---------------
---------------*****---------------
Starting training the epoch: 9 
total batch: 1285.4375 
batch:99 average train loss 2.0574
batch:199 average train loss 2.0243
batch:299 average train loss 2.0412
batch:399 average train loss 2.0390
batch:499 average train loss 2.0012
batch:599 average train loss 1.9917
batch:699 average train loss 1.9653
batch:799 average train loss 1.9620
batch:899 average train loss 1.9808
batch:999 average train loss 1.9652
batch:1099 average train loss 1.9651
batch:1199 average train loss 1.9561
average train loss 1.9470
Train Consuming time:104.80 in the epoch: 9
total val iterations: 276 
average val loss 2.1550
accuracy ( less than 0.1 ): 0.1560
median val loss 0.5289
total test iterations: 276 
average test loss 2.1662
accuracy ( less than 0.1 ): 0.1525
median test loss 0.5348
Consuming time:130.84 in the epoch: 9
Best test loss is 2.10
---------------*****---------------
---------------*****---------------
Starting training the epoch: 10 
total batch: 1285.4375 
batch:99 average train loss 2.1291
batch:199 average train loss 2.0664
batch:299 average train loss 2.0727
batch:399 average train loss 2.0524
batch:499 average train loss 2.0047
batch:599 average train loss 1.9903
batch:699 average train loss 1.9617
batch:799 average train loss 1.9506
batch:899 average train loss 1.9617
batch:999 average train loss 1.9381
batch:1099 average train loss 1.9349
batch:1199 average train loss 1.9184
average train loss 1.9017
Train Consuming time:105.64 in the epoch: 10
total val iterations: 276 
average val loss 2.0201
accuracy ( less than 0.1 ): 0.2374
median val loss 0.5272
total test iterations: 276 
average test loss 1.9704
accuracy ( less than 0.1 ): 0.2400
median test loss 0.5491
Consuming time:131.35 in the epoch: 10
Best test loss is 1.97
---------------*****---------------
---------------*****---------------
Starting training the epoch: 11 
total batch: 1285.4375 
batch:99 average train loss 2.0279
batch:199 average train loss 1.9901
batch:299 average train loss 2.0092
batch:399 average train loss 1.9982
batch:499 average train loss 1.9572
batch:599 average train loss 1.9483
batch:699 average train loss 1.9228
batch:799 average train loss 1.9165
batch:899 average train loss 1.9292
batch:999 average train loss 1.9076
batch:1099 average train loss 1.9056
batch:1199 average train loss 1.8907
average train loss 1.8760
Train Consuming time:104.74 in the epoch: 11
total val iterations: 276 
average val loss 2.0138
accuracy ( less than 0.1 ): 0.2389
median val loss 0.5276
total test iterations: 276 
average test loss 1.9596
accuracy ( less than 0.1 ): 0.2412
median test loss 0.5508
Consuming time:131.13 in the epoch: 11
Best test loss is 1.96
---------------*****---------------
---------------*****---------------
Starting training the epoch: 12 
total batch: 1285.4375 
batch:99 average train loss 2.0195
batch:199 average train loss 1.9817
batch:299 average train loss 2.0002
batch:399 average train loss 1.9901
batch:499 average train loss 1.9487
batch:599 average train loss 1.9400
batch:699 average train loss 1.9144
batch:799 average train loss 1.9088
batch:899 average train loss 1.9220
batch:999 average train loss 1.9006
batch:1099 average train loss 1.8987
batch:1199 average train loss 1.8840
average train loss 1.8700
Train Consuming time:105.21 in the epoch: 12
total val iterations: 276 
average val loss 2.0086
accuracy ( less than 0.1 ): 0.2397
median val loss 0.5272
total test iterations: 276 
average test loss 1.9540
accuracy ( less than 0.1 ): 0.2398
median test loss 0.5505
Consuming time:130.53 in the epoch: 12
Best test loss is 1.95
---------------*****---------------
---------------*****---------------
Starting training the epoch: 13 
total batch: 1285.4375 
batch:99 average train loss 2.0145
batch:199 average train loss 1.9766
batch:299 average train loss 1.9940
batch:399 average train loss 1.9851
batch:499 average train loss 1.9434
batch:599 average train loss 1.9346
batch:699 average train loss 1.9089
batch:799 average train loss 1.9035
batch:899 average train loss 1.9169
batch:999 average train loss 1.8957
batch:1099 average train loss 1.8937
batch:1199 average train loss 1.8792
average train loss 1.8655
Train Consuming time:104.77 in the epoch: 13
total val iterations: 276 
average val loss 2.0060
accuracy ( less than 0.1 ): 0.2393
median val loss 0.5236
total test iterations: 276 
average test loss 1.9503
accuracy ( less than 0.1 ): 0.2402
median test loss 0.5516
Consuming time:130.20 in the epoch: 13
Best test loss is 1.95
---------------*****---------------
---------------*****---------------
Starting training the epoch: 14 
total batch: 1285.4375 
batch:99 average train loss 2.0094
batch:199 average train loss 1.9730
batch:299 average train loss 1.9896
batch:399 average train loss 1.9812
batch:499 average train loss 1.9392
batch:599 average train loss 1.9302
batch:699 average train loss 1.9042
batch:799 average train loss 1.8988
batch:899 average train loss 1.9127
batch:999 average train loss 1.8913
batch:1099 average train loss 1.8894
batch:1199 average train loss 1.8750
average train loss 1.8615
Train Consuming time:103.83 in the epoch: 14
total val iterations: 276 
average val loss 2.0028
accuracy ( less than 0.1 ): 0.2387
median val loss 0.5191
total test iterations: 276 
average test loss 1.9475
accuracy ( less than 0.1 ): 0.2398
median test loss 0.5507
Consuming time:128.95 in the epoch: 14
Best test loss is 1.95
---------------*****---------------
---------------*****---------------
Starting training the epoch: 15 
total batch: 1285.4375 
batch:99 average train loss 2.0076
batch:199 average train loss 1.9705
batch:299 average train loss 1.9861
batch:399 average train loss 1.9781
batch:499 average train loss 1.9362
batch:599 average train loss 1.9272
batch:699 average train loss 1.9013
batch:799 average train loss 1.8957
batch:899 average train loss 1.9097
batch:999 average train loss 1.8881
batch:1099 average train loss 1.8861
batch:1199 average train loss 1.8720
average train loss 1.8587
Train Consuming time:103.68 in the epoch: 15
total val iterations: 276 
average val loss 1.9997
accuracy ( less than 0.1 ): 0.2390
median val loss 0.5229
total test iterations: 276 
average test loss 1.9437
accuracy ( less than 0.1 ): 0.2418
median test loss 0.5519
Consuming time:128.96 in the epoch: 15
Best test loss is 1.94
---------------*****---------------
---------------*****---------------
Starting training the epoch: 16 
total batch: 1285.4375 
batch:99 average train loss 2.0032
batch:199 average train loss 1.9662
batch:299 average train loss 1.9816
batch:399 average train loss 1.9742
batch:499 average train loss 1.9326
batch:599 average train loss 1.9238
batch:699 average train loss 1.8979
batch:799 average train loss 1.8926
batch:899 average train loss 1.9066
batch:999 average train loss 1.8852
batch:1099 average train loss 1.8834
batch:1199 average train loss 1.8693
average train loss 1.8561
Train Consuming time:104.07 in the epoch: 16
total val iterations: 276 
average val loss 1.9981
accuracy ( less than 0.1 ): 0.2360
median val loss 0.5217
total test iterations: 276 
average test loss 1.9423
accuracy ( less than 0.1 ): 0.2405
median test loss 0.5501
Consuming time:128.98 in the epoch: 16
Best test loss is 1.94
---------------*****---------------
---------------*****---------------
Starting training the epoch: 17 
total batch: 1285.4375 
batch:99 average train loss 2.0010
batch:199 average train loss 1.9641
batch:299 average train loss 1.9789
batch:399 average train loss 1.9712
batch:499 average train loss 1.9293
batch:599 average train loss 1.9204
batch:699 average train loss 1.8945
batch:799 average train loss 1.8892
batch:899 average train loss 1.9034
batch:999 average train loss 1.8822
batch:1099 average train loss 1.8803
batch:1199 average train loss 1.8663
average train loss 1.8533
Train Consuming time:103.80 in the epoch: 17
total val iterations: 276 
average val loss 1.9969
accuracy ( less than 0.1 ): 0.2369
median val loss 0.5202
total test iterations: 276 
average test loss 1.9404
accuracy ( less than 0.1 ): 0.2403
median test loss 0.5479
Consuming time:129.33 in the epoch: 17
Best test loss is 1.94
---------------*****---------------
---------------*****---------------
Starting training the epoch: 18 
total batch: 1285.4375 
batch:99 average train loss 1.9982
batch:199 average train loss 1.9614
batch:299 average train loss 1.9762
batch:399 average train loss 1.9690
batch:499 average train loss 1.9273
batch:599 average train loss 1.9182
batch:699 average train loss 1.8925
batch:799 average train loss 1.8873
batch:899 average train loss 1.9017
batch:999 average train loss 1.8803
batch:1099 average train loss 1.8785
batch:1199 average train loss 1.8646
average train loss 1.8517
Train Consuming time:103.61 in the epoch: 18
total val iterations: 276 
average val loss 1.9965
accuracy ( less than 0.1 ): 0.2370
median val loss 0.5153
total test iterations: 276 
average test loss 1.9404
accuracy ( less than 0.1 ): 0.2384
median test loss 0.5436
Consuming time:128.48 in the epoch: 18
Best test loss is 1.94
---------------*****---------------
---------------*****---------------
Starting training the epoch: 19 
total batch: 1285.4375 
batch:99 average train loss 1.9965
batch:199 average train loss 1.9605
batch:299 average train loss 1.9749
batch:399 average train loss 1.9674
batch:499 average train loss 1.9256
batch:599 average train loss 1.9164
batch:699 average train loss 1.8908
batch:799 average train loss 1.8855
batch:899 average train loss 1.8998
batch:999 average train loss 1.8787
batch:1099 average train loss 1.8768
batch:1199 average train loss 1.8630
average train loss 1.8502
Train Consuming time:104.88 in the epoch: 19
total val iterations: 276 
average val loss 1.9955
accuracy ( less than 0.1 ): 0.2372
median val loss 0.5176
total test iterations: 276 
average test loss 1.9396
accuracy ( less than 0.1 ): 0.2385
median test loss 0.5428
Consuming time:130.83 in the epoch: 19
Best test loss is 1.94
---------------*****---------------
---------------*****---------------
Starting training the epoch: 20 
total batch: 1285.4375 
batch:99 average train loss 1.9949
batch:199 average train loss 1.9589
batch:299 average train loss 1.9731
batch:399 average train loss 1.9660
batch:499 average train loss 1.9245
batch:599 average train loss 1.9152
batch:699 average train loss 1.8894
batch:799 average train loss 1.8840
batch:899 average train loss 1.8983
batch:999 average train loss 1.8772
batch:1099 average train loss 1.8754
batch:1199 average train loss 1.8617
average train loss 1.8490
Train Consuming time:104.68 in the epoch: 20
total val iterations: 276 
average val loss 1.9945
accuracy ( less than 0.1 ): 0.2375
median val loss 0.5199
total test iterations: 276 
average test loss 1.9379
accuracy ( less than 0.1 ): 0.2398
median test loss 0.5426
Consuming time:130.28 in the epoch: 20
Best test loss is 1.94
---------------*****---------------
---------------*****---------------
Starting training the epoch: 21 
total batch: 1285.4375 
batch:99 average train loss 1.9935
batch:199 average train loss 1.9571
batch:299 average train loss 1.9710
batch:399 average train loss 1.9639
batch:499 average train loss 1.9221
batch:599 average train loss 1.9128
batch:699 average train loss 1.8871
batch:799 average train loss 1.8816
batch:899 average train loss 1.8960
batch:999 average train loss 1.8751
batch:1099 average train loss 1.8733
batch:1199 average train loss 1.8598
average train loss 1.8473
Train Consuming time:104.94 in the epoch: 21
total val iterations: 276 
average val loss 1.9940
accuracy ( less than 0.1 ): 0.2368
median val loss 0.5193
total test iterations: 276 
average test loss 1.9377
accuracy ( less than 0.1 ): 0.2400
median test loss 0.5418
Consuming time:130.76 in the epoch: 21
Best test loss is 1.94
---------------*****---------------
---------------*****---------------
Starting training the epoch: 22 
total batch: 1285.4375 
batch:99 average train loss 1.9927
batch:199 average train loss 1.9563
batch:299 average train loss 1.9696
batch:399 average train loss 1.9628
batch:499 average train loss 1.9212
batch:599 average train loss 1.9119
batch:699 average train loss 1.8862
batch:799 average train loss 1.8807
batch:899 average train loss 1.8950
batch:999 average train loss 1.8741
batch:1099 average train loss 1.8721
batch:1199 average train loss 1.8588
average train loss 1.8462
Train Consuming time:103.32 in the epoch: 22
total val iterations: 276 
average val loss 1.9936
accuracy ( less than 0.1 ): 0.2350
median val loss 0.5170
total test iterations: 276 
average test loss 1.9374
accuracy ( less than 0.1 ): 0.2373
median test loss 0.5419
Consuming time:128.72 in the epoch: 22
Best test loss is 1.94
---------------*****---------------
---------------*****---------------
Starting training the epoch: 23 
total batch: 1285.4375 
batch:99 average train loss 1.9922
batch:199 average train loss 1.9558
batch:299 average train loss 1.9687
batch:399 average train loss 1.9621
batch:499 average train loss 1.9202
batch:599 average train loss 1.9107
batch:699 average train loss 1.8848
batch:799 average train loss 1.8792
batch:899 average train loss 1.8935
batch:999 average train loss 1.8726
batch:1099 average train loss 1.8707
batch:1199 average train loss 1.8574
average train loss 1.8450
Train Consuming time:104.37 in the epoch: 23
total val iterations: 276 
average val loss 1.9930
accuracy ( less than 0.1 ): 0.2348
median val loss 0.5166
total test iterations: 276 
average test loss 1.9369
accuracy ( less than 0.1 ): 0.2393
median test loss 0.5415
Consuming time:130.01 in the epoch: 23
Best test loss is 1.94
---------------*****---------------
---------------*****---------------
Starting training the epoch: 24 
total batch: 1285.4375 
batch:99 average train loss 1.9895
batch:199 average train loss 1.9535
batch:299 average train loss 1.9666
batch:399 average train loss 1.9604
batch:499 average train loss 1.9187
batch:599 average train loss 1.9092
batch:699 average train loss 1.8833
batch:799 average train loss 1.8778
batch:899 average train loss 1.8922
batch:999 average train loss 1.8714
batch:1099 average train loss 1.8695
batch:1199 average train loss 1.8563
average train loss 1.8440
Train Consuming time:102.73 in the epoch: 24
total val iterations: 276 
average val loss 1.9925
accuracy ( less than 0.1 ): 0.2352
median val loss 0.5162
total test iterations: 276 
average test loss 1.9358
accuracy ( less than 0.1 ): 0.2392
median test loss 0.5418
Consuming time:127.47 in the epoch: 24
Best test loss is 1.94
---------------*****---------------
---------------*****---------------
Starting training the epoch: 25 
total batch: 1285.4375 
batch:99 average train loss 1.9889
batch:199 average train loss 1.9526
batch:299 average train loss 1.9656
batch:399 average train loss 1.9593
batch:499 average train loss 1.9173
batch:599 average train loss 1.9080
batch:699 average train loss 1.8822
batch:799 average train loss 1.8767
batch:899 average train loss 1.8911
batch:999 average train loss 1.8703
batch:1099 average train loss 1.8685
batch:1199 average train loss 1.8553
average train loss 1.8431
Train Consuming time:102.99 in the epoch: 25
total val iterations: 276 
average val loss 1.9921
accuracy ( less than 0.1 ): 0.2356
median val loss 0.5156
total test iterations: 276 
average test loss 1.9352
accuracy ( less than 0.1 ): 0.2399
median test loss 0.5444
Consuming time:128.19 in the epoch: 25
Best test loss is 1.94
---------------*****---------------
---------------*****---------------
Starting training the epoch: 26 
total batch: 1285.4375 
batch:99 average train loss 1.9880
batch:199 average train loss 1.9518
batch:299 average train loss 1.9646
batch:399 average train loss 1.9583
batch:499 average train loss 1.9162
batch:599 average train loss 1.9068
batch:699 average train loss 1.8810
batch:799 average train loss 1.8754
batch:899 average train loss 1.8898
batch:999 average train loss 1.8691
batch:1099 average train loss 1.8674
batch:1199 average train loss 1.8543
average train loss 1.8421
Train Consuming time:102.31 in the epoch: 26
total val iterations: 276 
average val loss 1.9916
accuracy ( less than 0.1 ): 0.2351
median val loss 0.5141
total test iterations: 276 
average test loss 1.9346
accuracy ( less than 0.1 ): 0.2393
median test loss 0.5448
Consuming time:127.21 in the epoch: 26
Best test loss is 1.93
---------------*****---------------
---------------*****---------------
Starting training the epoch: 27 
total batch: 1285.4375 
batch:99 average train loss 1.9865
batch:199 average train loss 1.9504
batch:299 average train loss 1.9626
batch:399 average train loss 1.9568
batch:499 average train loss 1.9149
batch:599 average train loss 1.9056
batch:699 average train loss 1.8799
batch:799 average train loss 1.8743
batch:899 average train loss 1.8888
batch:999 average train loss 1.8681
batch:1099 average train loss 1.8662
batch:1199 average train loss 1.8530
average train loss 1.8410
Train Consuming time:103.09 in the epoch: 27
total val iterations: 276 
average val loss 1.9913
accuracy ( less than 0.1 ): 0.2343
median val loss 0.5161
total test iterations: 276 
average test loss 1.9344
accuracy ( less than 0.1 ): 0.2389
median test loss 0.5443
Consuming time:128.17 in the epoch: 27
Best test loss is 1.93
---------------*****---------------
---------------*****---------------
Starting training the epoch: 28 
total batch: 1285.4375 
batch:99 average train loss 1.9859
batch:199 average train loss 1.9493
batch:299 average train loss 1.9615
batch:399 average train loss 1.9552
batch:499 average train loss 1.9134
batch:599 average train loss 1.9040
batch:699 average train loss 1.8783
batch:799 average train loss 1.8728
batch:899 average train loss 1.8873
batch:999 average train loss 1.8667
batch:1099 average train loss 1.8649
batch:1199 average train loss 1.8520
average train loss 1.8400
Train Consuming time:102.18 in the epoch: 28
total val iterations: 276 
average val loss 1.9909
accuracy ( less than 0.1 ): 0.2343
median val loss 0.5153
total test iterations: 276 
average test loss 1.9339
accuracy ( less than 0.1 ): 0.2380
median test loss 0.5432
Consuming time:127.11 in the epoch: 28
Best test loss is 1.93
---------------*****---------------
---------------*****---------------
Starting training the epoch: 29 
total batch: 1285.4375 
batch:99 average train loss 1.9854
batch:199 average train loss 1.9489
batch:299 average train loss 1.9606
batch:399 average train loss 1.9545
batch:499 average train loss 1.9128
batch:599 average train loss 1.9033
batch:699 average train loss 1.8777
batch:799 average train loss 1.8721
batch:899 average train loss 1.8865
batch:999 average train loss 1.8659
batch:1099 average train loss 1.8641
batch:1199 average train loss 1.8511
average train loss 1.8392
Train Consuming time:103.31 in the epoch: 29
total val iterations: 276 
average val loss 1.9906
accuracy ( less than 0.1 ): 0.2339
median val loss 0.5172
total test iterations: 276 
average test loss 1.9337
accuracy ( less than 0.1 ): 0.2385
median test loss 0.5438
Consuming time:128.38 in the epoch: 29
Best test loss is 1.93
---------------*****---------------
---------------*****---------------
Starting training the epoch: 30 
total batch: 1285.4375 
batch:99 average train loss 1.9844
batch:199 average train loss 1.9477
batch:299 average train loss 1.9598
batch:399 average train loss 1.9535
batch:499 average train loss 1.9116
batch:599 average train loss 1.9022
batch:699 average train loss 1.8766
batch:799 average train loss 1.8711
batch:899 average train loss 1.8856
batch:999 average train loss 1.8649
batch:1099 average train loss 1.8632
batch:1199 average train loss 1.8503
average train loss 1.8384
Train Consuming time:102.04 in the epoch: 30
total val iterations: 276 
average val loss 1.9902
accuracy ( less than 0.1 ): 0.2326
median val loss 0.5159
total test iterations: 276 
average test loss 1.9340
accuracy ( less than 0.1 ): 0.2376
median test loss 0.5430
Consuming time:127.02 in the epoch: 30
Best test loss is 1.93
---------------*****---------------
---------------*****---------------
Starting training the epoch: 31 
total batch: 1285.4375 
batch:99 average train loss 1.9850
batch:199 average train loss 1.9474
batch:299 average train loss 1.9589
batch:399 average train loss 1.9527
batch:499 average train loss 1.9108
batch:599 average train loss 1.9014
batch:699 average train loss 1.8757
batch:799 average train loss 1.8703
batch:899 average train loss 1.8847
batch:999 average train loss 1.8641
batch:1099 average train loss 1.8622
batch:1199 average train loss 1.8494
average train loss 1.8376
Train Consuming time:103.27 in the epoch: 31
total val iterations: 276 
average val loss 1.9896
accuracy ( less than 0.1 ): 0.2324
median val loss 0.5174
total test iterations: 276 
average test loss 1.9330
accuracy ( less than 0.1 ): 0.2386
median test loss 0.5421
Consuming time:128.36 in the epoch: 31
Best test loss is 1.93
---------------*****---------------
---------------*****---------------
Starting training the epoch: 32 
total batch: 1285.4375 
batch:99 average train loss 1.9831
batch:199 average train loss 1.9459
batch:299 average train loss 1.9578
batch:399 average train loss 1.9518
batch:499 average train loss 1.9099
batch:599 average train loss 1.9005
batch:699 average train loss 1.8750
batch:799 average train loss 1.8696
batch:899 average train loss 1.8840
batch:999 average train loss 1.8634
batch:1099 average train loss 1.8615
batch:1199 average train loss 1.8487
average train loss 1.8369
Train Consuming time:103.40 in the epoch: 32
total val iterations: 276 
average val loss 1.9893
accuracy ( less than 0.1 ): 0.2327
median val loss 0.5179
total test iterations: 276 
average test loss 1.9328
accuracy ( less than 0.1 ): 0.2381
median test loss 0.5424
Consuming time:129.04 in the epoch: 32
Best test loss is 1.93
---------------*****---------------
---------------*****---------------
Starting training the epoch: 33 
total batch: 1285.4375 
batch:99 average train loss 1.9812
batch:199 average train loss 1.9450
batch:299 average train loss 1.9564
batch:399 average train loss 1.9501
batch:499 average train loss 1.9084
batch:599 average train loss 1.8991
batch:699 average train loss 1.8736
batch:799 average train loss 1.8683
batch:899 average train loss 1.8828
batch:999 average train loss 1.8623
batch:1099 average train loss 1.8605
batch:1199 average train loss 1.8477
average train loss 1.8360
Train Consuming time:104.51 in the epoch: 33
total val iterations: 276 
average val loss 1.9890
accuracy ( less than 0.1 ): 0.2316
median val loss 0.5172
total test iterations: 276 
average test loss 1.9327
accuracy ( less than 0.1 ): 0.2375
median test loss 0.5414
Consuming time:129.88 in the epoch: 33
Best test loss is 1.93
---------------*****---------------
---------------*****---------------
Starting training the epoch: 34 
total batch: 1285.4375 
batch:99 average train loss 1.9815
batch:199 average train loss 1.9444
batch:299 average train loss 1.9553
batch:399 average train loss 1.9493
batch:499 average train loss 1.9076
batch:599 average train loss 1.8985
batch:699 average train loss 1.8729
batch:799 average train loss 1.8676
batch:899 average train loss 1.8820
batch:999 average train loss 1.8614
batch:1099 average train loss 1.8597
batch:1199 average train loss 1.8469
average train loss 1.8352
Train Consuming time:103.85 in the epoch: 34
total val iterations: 276 
average val loss 1.9885
accuracy ( less than 0.1 ): 0.2318
median val loss 0.5167
total test iterations: 276 
average test loss 1.9324
accuracy ( less than 0.1 ): 0.2372
median test loss 0.5411
Consuming time:129.55 in the epoch: 34
Best test loss is 1.93
---------------*****---------------
---------------*****---------------
Starting training the epoch: 35 
total batch: 1285.4375 
batch:99 average train loss 1.9797
batch:199 average train loss 1.9430
batch:299 average train loss 1.9541
batch:399 average train loss 1.9478
batch:499 average train loss 1.9061
batch:599 average train loss 1.8969
batch:699 average train loss 1.8714
batch:799 average train loss 1.8661
batch:899 average train loss 1.8806
batch:999 average train loss 1.8602
batch:1099 average train loss 1.8583
batch:1199 average train loss 1.8456
average train loss 1.8340
Train Consuming time:104.65 in the epoch: 35
total val iterations: 276 
average val loss 1.9883
accuracy ( less than 0.1 ): 0.2320
median val loss 0.5145
total test iterations: 276 
average test loss 1.9319
accuracy ( less than 0.1 ): 0.2374
median test loss 0.5414
Consuming time:129.81 in the epoch: 35
Best test loss is 1.93
---------------*****---------------
---------------*****---------------
Starting training the epoch: 36 
total batch: 1285.4375 
batch:99 average train loss 1.9791
batch:199 average train loss 1.9418
batch:299 average train loss 1.9531
batch:399 average train loss 1.9471
batch:499 average train loss 1.9055
batch:599 average train loss 1.8962
batch:699 average train loss 1.8709
batch:799 average train loss 1.8657
batch:899 average train loss 1.8801
batch:999 average train loss 1.8596
batch:1099 average train loss 1.8579
batch:1199 average train loss 1.8452
average train loss 1.8336
Train Consuming time:104.43 in the epoch: 36
total val iterations: 276 
average val loss 1.9882
accuracy ( less than 0.1 ): 0.2319
median val loss 0.5138
total test iterations: 276 
average test loss 1.9321
accuracy ( less than 0.1 ): 0.2361
median test loss 0.5407
Consuming time:130.10 in the epoch: 36
Best test loss is 1.93
---------------*****---------------
---------------*****---------------
Starting training the epoch: 37 
total batch: 1285.4375 
batch:99 average train loss 1.9779
batch:199 average train loss 1.9412
batch:299 average train loss 1.9523
batch:399 average train loss 1.9463
batch:499 average train loss 1.9049
batch:599 average train loss 1.8956
batch:699 average train loss 1.8700
batch:799 average train loss 1.8648
batch:899 average train loss 1.8794
batch:999 average train loss 1.8590
batch:1099 average train loss 1.8572
batch:1199 average train loss 1.8445
average train loss 1.8329
Train Consuming time:104.48 in the epoch: 37
total val iterations: 276 
average val loss 1.9882
accuracy ( less than 0.1 ): 0.2315
median val loss 0.5144
total test iterations: 276 
average test loss 1.9321
accuracy ( less than 0.1 ): 0.2360
median test loss 0.5418
Consuming time:129.60 in the epoch: 37
Best test loss is 1.93
---------------*****---------------
---------------*****---------------
Starting training the epoch: 38 
total batch: 1285.4375 
batch:99 average train loss 1.9771
batch:199 average train loss 1.9408
batch:299 average train loss 1.9516
batch:399 average train loss 1.9456
batch:499 average train loss 1.9042
batch:599 average train loss 1.8949
batch:699 average train loss 1.8693
batch:799 average train loss 1.8642
batch:899 average train loss 1.8787
batch:999 average train loss 1.8583
batch:1099 average train loss 1.8566
batch:1199 average train loss 1.8439
average train loss 1.8324
Train Consuming time:104.71 in the epoch: 38
total val iterations: 276 
average val loss 1.9880
accuracy ( less than 0.1 ): 0.2323
median val loss 0.5155
total test iterations: 276 
average test loss 1.9313
accuracy ( less than 0.1 ): 0.2360
median test loss 0.5414
Consuming time:130.59 in the epoch: 38
Best test loss is 1.93
---------------*****---------------
---------------*****---------------
Starting training the epoch: 39 
total batch: 1285.4375 
batch:99 average train loss 1.9759
batch:199 average train loss 1.9392
batch:299 average train loss 1.9500
batch:399 average train loss 1.9442
batch:499 average train loss 1.9028
batch:599 average train loss 1.8936
batch:699 average train loss 1.8682
batch:799 average train loss 1.8631
batch:899 average train loss 1.8776
batch:999 average train loss 1.8572
batch:1099 average train loss 1.8554
batch:1199 average train loss 1.8428
average train loss 1.8313
Train Consuming time:103.86 in the epoch: 39
total val iterations: 276 
average val loss 1.9875
accuracy ( less than 0.1 ): 0.2326
median val loss 0.5141
total test iterations: 276 
average test loss 1.9307
accuracy ( less than 0.1 ): 0.2367
median test loss 0.5408
Consuming time:129.27 in the epoch: 39
Best test loss is 1.93
---------------*****---------------
---------------*****---------------
Starting training the epoch: 40 
total batch: 1285.4375 
batch:99 average train loss 1.9759
batch:199 average train loss 1.9389
batch:299 average train loss 1.9492
batch:399 average train loss 1.9434
batch:499 average train loss 1.9020
batch:599 average train loss 1.8928
batch:699 average train loss 1.8674
batch:799 average train loss 1.8622
batch:899 average train loss 1.8767
batch:999 average train loss 1.8564
batch:1099 average train loss 1.8546
batch:1199 average train loss 1.8420
average train loss 1.8305
Train Consuming time:104.65 in the epoch: 40
total val iterations: 276 
average val loss 1.9874
accuracy ( less than 0.1 ): 0.2320
median val loss 0.5135
total test iterations: 276 
average test loss 1.9307
accuracy ( less than 0.1 ): 0.2357
median test loss 0.5418
Consuming time:130.38 in the epoch: 40
Best test loss is 1.93
---------------*****---------------
---------------*****---------------
Starting training the epoch: 41 
total batch: 1285.4375 
batch:99 average train loss 1.9755
batch:199 average train loss 1.9381
batch:299 average train loss 1.9487
batch:399 average train loss 1.9427
batch:499 average train loss 1.9014
batch:599 average train loss 1.8921
batch:699 average train loss 1.8668
batch:799 average train loss 1.8618
batch:899 average train loss 1.8763
batch:999 average train loss 1.8560
batch:1099 average train loss 1.8542
batch:1199 average train loss 1.8416
average train loss 1.8301
Train Consuming time:103.42 in the epoch: 41
total val iterations: 276 
average val loss 1.9873
accuracy ( less than 0.1 ): 0.2316
median val loss 0.5133
total test iterations: 276 
average test loss 1.9309
accuracy ( less than 0.1 ): 0.2355
median test loss 0.5427
Consuming time:128.96 in the epoch: 41
Best test loss is 1.93
---------------*****---------------
---------------*****---------------
Starting training the epoch: 42 
total batch: 1285.4375 
batch:99 average train loss 1.9740
batch:199 average train loss 1.9374
batch:299 average train loss 1.9474
batch:399 average train loss 1.9413
batch:499 average train loss 1.9000
batch:599 average train loss 1.8909
batch:699 average train loss 1.8656
batch:799 average train loss 1.8606
batch:899 average train loss 1.8751
batch:999 average train loss 1.8547
batch:1099 average train loss 1.8530
batch:1199 average train loss 1.8405
average train loss 1.8290
Train Consuming time:104.67 in the epoch: 42
total val iterations: 276 
average val loss 1.9874
accuracy ( less than 0.1 ): 0.2318
median val loss 0.5139
total test iterations: 276 
average test loss 1.9306
accuracy ( less than 0.1 ): 0.2358
median test loss 0.5431
Consuming time:130.02 in the epoch: 42
Best test loss is 1.93
---------------*****---------------
---------------*****---------------
Starting training the epoch: 43 
total batch: 1285.4375 
batch:99 average train loss 1.9729
batch:199 average train loss 1.9364
batch:299 average train loss 1.9465
batch:399 average train loss 1.9407
batch:499 average train loss 1.8996
batch:599 average train loss 1.8903
batch:699 average train loss 1.8650
batch:799 average train loss 1.8601
batch:899 average train loss 1.8745
batch:999 average train loss 1.8544
batch:1099 average train loss 1.8525
batch:1199 average train loss 1.8400
average train loss 1.8285
Train Consuming time:103.90 in the epoch: 43
total val iterations: 276 
average val loss 1.9873
accuracy ( less than 0.1 ): 0.2322
median val loss 0.5121
total test iterations: 276 
average test loss 1.9303
accuracy ( less than 0.1 ): 0.2357
median test loss 0.5443
Consuming time:129.57 in the epoch: 43
Best test loss is 1.93
---------------*****---------------
---------------*****---------------
Starting training the epoch: 44 
total batch: 1285.4375 
batch:99 average train loss 1.9715
batch:199 average train loss 1.9356
batch:299 average train loss 1.9458
batch:399 average train loss 1.9395
batch:499 average train loss 1.8983
batch:599 average train loss 1.8891
batch:699 average train loss 1.8640
batch:799 average train loss 1.8591
batch:899 average train loss 1.8737
batch:999 average train loss 1.8535
batch:1099 average train loss 1.8517
batch:1199 average train loss 1.8392
average train loss 1.8278
Train Consuming time:104.43 in the epoch: 44
total val iterations: 276 
average val loss 1.9874
accuracy ( less than 0.1 ): 0.2322
median val loss 0.5126
total test iterations: 276 
average test loss 1.9301
accuracy ( less than 0.1 ): 0.2355
median test loss 0.5437
Consuming time:129.48 in the epoch: 44
Best test loss is 1.93
---------------*****---------------
---------------*****---------------
Starting training the epoch: 45 
total batch: 1285.4375 
batch:99 average train loss 1.9712
batch:199 average train loss 1.9350
batch:299 average train loss 1.9451
batch:399 average train loss 1.9393
batch:499 average train loss 1.8981
batch:599 average train loss 1.8890
batch:699 average train loss 1.8639
batch:799 average train loss 1.8589
batch:899 average train loss 1.8735
batch:999 average train loss 1.8533
batch:1099 average train loss 1.8514
batch:1199 average train loss 1.8389
average train loss 1.8276
Train Consuming time:103.84 in the epoch: 45
total val iterations: 276 
average val loss 1.9876
accuracy ( less than 0.1 ): 0.2323
median val loss 0.5130
total test iterations: 276 
average test loss 1.9301
accuracy ( less than 0.1 ): 0.2358
median test loss 0.5432
Consuming time:129.42 in the epoch: 45
Best test loss is 1.93
---------------*****---------------
---------------*****---------------
Starting training the epoch: 46 
total batch: 1285.4375 
batch:99 average train loss 1.9714
batch:199 average train loss 1.9346
batch:299 average train loss 1.9446
batch:399 average train loss 1.9386
batch:499 average train loss 1.8975
batch:599 average train loss 1.8883
batch:699 average train loss 1.8631
batch:799 average train loss 1.8582
batch:899 average train loss 1.8727
batch:999 average train loss 1.8525
batch:1099 average train loss 1.8508
batch:1199 average train loss 1.8383
average train loss 1.8270
Train Consuming time:103.48 in the epoch: 46
total val iterations: 276 
average val loss 1.9875
accuracy ( less than 0.1 ): 0.2323
median val loss 0.5113
total test iterations: 276 
average test loss 1.9301
accuracy ( less than 0.1 ): 0.2355
median test loss 0.5432
Consuming time:128.40 in the epoch: 46
Best test loss is 1.93
---------------*****---------------
---------------*****---------------
Starting training the epoch: 47 
total batch: 1285.4375 
batch:99 average train loss 1.9698
batch:199 average train loss 1.9337
batch:299 average train loss 1.9436
batch:399 average train loss 1.9377
batch:499 average train loss 1.8968
batch:599 average train loss 1.8876
batch:699 average train loss 1.8626
batch:799 average train loss 1.8577
batch:899 average train loss 1.8721
batch:999 average train loss 1.8520
batch:1099 average train loss 1.8502
batch:1199 average train loss 1.8376
average train loss 1.8263
Train Consuming time:103.54 in the epoch: 47
total val iterations: 276 
average val loss 1.9875
accuracy ( less than 0.1 ): 0.2327
median val loss 0.5127
total test iterations: 276 
average test loss 1.9301
accuracy ( less than 0.1 ): 0.2355
median test loss 0.5426
Consuming time:128.61 in the epoch: 47
Best test loss is 1.93
---------------*****---------------
---------------*****---------------
Starting training the epoch: 48 
total batch: 1285.4375 
batch:99 average train loss 1.9698
batch:199 average train loss 1.9332
batch:299 average train loss 1.9430
batch:399 average train loss 1.9371
batch:499 average train loss 1.8962
batch:599 average train loss 1.8871
batch:699 average train loss 1.8619
batch:799 average train loss 1.8572
batch:899 average train loss 1.8717
batch:999 average train loss 1.8514
batch:1099 average train loss 1.8496
batch:1199 average train loss 1.8372
average train loss 1.8258
Train Consuming time:102.37 in the epoch: 48
total val iterations: 276 
average val loss 1.9871
accuracy ( less than 0.1 ): 0.2333
median val loss 0.5114
total test iterations: 276 
average test loss 1.9301
accuracy ( less than 0.1 ): 0.2361
median test loss 0.5424
Consuming time:127.04 in the epoch: 48
Best test loss is 1.93
---------------*****---------------
---------------*****---------------
Starting training the epoch: 49 
total batch: 1285.4375 
batch:99 average train loss 1.9685
batch:199 average train loss 1.9323
batch:299 average train loss 1.9424
batch:399 average train loss 1.9369
batch:499 average train loss 1.8959
batch:599 average train loss 1.8866
batch:699 average train loss 1.8616
batch:799 average train loss 1.8567
batch:899 average train loss 1.8711
batch:999 average train loss 1.8509
batch:1099 average train loss 1.8492
batch:1199 average train loss 1.8368
average train loss 1.8254
Train Consuming time:103.75 in the epoch: 49
total val iterations: 276 
average val loss 1.9871
accuracy ( less than 0.1 ): 0.2336
median val loss 0.5105
total test iterations: 276 
average test loss 1.9305
accuracy ( less than 0.1 ): 0.2364
median test loss 0.5405
Consuming time:129.45 in the epoch: 49
Best test loss is 1.93
---------------*****---------------
---------------*****---------------
Starting training the epoch: 50 
total batch: 1285.4375 
batch:99 average train loss 1.9681
batch:199 average train loss 1.9316
batch:299 average train loss 1.9415
batch:399 average train loss 1.9360
batch:499 average train loss 1.8952
batch:599 average train loss 1.8860
batch:699 average train loss 1.8608
batch:799 average train loss 1.8561
batch:899 average train loss 1.8705
batch:999 average train loss 1.8502
batch:1099 average train loss 1.8484
batch:1199 average train loss 1.8361
average train loss 1.8248
Train Consuming time:103.82 in the epoch: 50
total val iterations: 276 
average val loss 1.9870
accuracy ( less than 0.1 ): 0.2338
median val loss 0.5074
total test iterations: 276 
average test loss 1.9303
accuracy ( less than 0.1 ): 0.2361
median test loss 0.5420
Consuming time:129.45 in the epoch: 50
Best test loss is 1.93
---------------*****---------------
---------------*****---------------
Starting training the epoch: 51 
total batch: 1285.4375 
batch:99 average train loss 1.9673
batch:199 average train loss 1.9306
batch:299 average train loss 1.9405
batch:399 average train loss 1.9348
batch:499 average train loss 1.8941
batch:599 average train loss 1.8852
batch:699 average train loss 1.8602
batch:799 average train loss 1.8554
batch:899 average train loss 1.8699
batch:999 average train loss 1.8496
batch:1099 average train loss 1.8478
batch:1199 average train loss 1.8355
average train loss 1.8242
Train Consuming time:104.39 in the epoch: 51
total val iterations: 276 
average val loss 1.9871
accuracy ( less than 0.1 ): 0.2326
median val loss 0.5082
total test iterations: 276 
average test loss 1.9298
accuracy ( less than 0.1 ): 0.2364
median test loss 0.5406
Consuming time:130.00 in the epoch: 51
Best test loss is 1.93
---------------*****---------------
---------------*****---------------
Starting training the epoch: 52 
total batch: 1285.4375 
batch:99 average train loss 1.9659
batch:199 average train loss 1.9299
batch:299 average train loss 1.9394
batch:399 average train loss 1.9338
batch:499 average train loss 1.8931
batch:599 average train loss 1.8843
batch:699 average train loss 1.8594
batch:799 average train loss 1.8546
batch:899 average train loss 1.8690
batch:999 average train loss 1.8489
batch:1099 average train loss 1.8471
batch:1199 average train loss 1.8349
average train loss 1.8236
Train Consuming time:103.31 in the epoch: 52
total val iterations: 276 
average val loss 1.9872
accuracy ( less than 0.1 ): 0.2324
median val loss 0.5082
total test iterations: 276 
average test loss 1.9295
accuracy ( less than 0.1 ): 0.2358
median test loss 0.5398
Consuming time:128.82 in the epoch: 52
Best test loss is 1.93
---------------*****---------------
---------------*****---------------
Starting training the epoch: 53 
total batch: 1285.4375 
batch:99 average train loss 1.9664
batch:199 average train loss 1.9299
batch:299 average train loss 1.9396
batch:399 average train loss 1.9339
batch:499 average train loss 1.8932
batch:599 average train loss 1.8842
batch:699 average train loss 1.8593
batch:799 average train loss 1.8544
batch:899 average train loss 1.8689
batch:999 average train loss 1.8487
batch:1099 average train loss 1.8468
batch:1199 average train loss 1.8346
average train loss 1.8232
Train Consuming time:99.68 in the epoch: 53
total val iterations: 276 
average val loss 1.9871
accuracy ( less than 0.1 ): 0.2324
median val loss 0.5084
total test iterations: 276 
average test loss 1.9298
accuracy ( less than 0.1 ): 0.2358
median test loss 0.5399
Consuming time:123.63 in the epoch: 53
Best test loss is 1.93
---------------*****---------------
---------------*****---------------
Starting training the epoch: 54 
total batch: 1285.4375 
batch:99 average train loss 1.9660
batch:199 average train loss 1.9290
batch:299 average train loss 1.9386
batch:399 average train loss 1.9330
batch:499 average train loss 1.8924
batch:599 average train loss 1.8835
batch:699 average train loss 1.8585
batch:799 average train loss 1.8537
batch:899 average train loss 1.8682
batch:999 average train loss 1.8480
batch:1099 average train loss 1.8463
batch:1199 average train loss 1.8340
average train loss 1.8228
Train Consuming time:93.97 in the epoch: 54
total val iterations: 276 
average val loss 1.9874
accuracy ( less than 0.1 ): 0.2330
median val loss 0.5078
total test iterations: 276 
average test loss 1.9297
accuracy ( less than 0.1 ): 0.2362
median test loss 0.5407
Consuming time:117.99 in the epoch: 54
Best test loss is 1.93
---------------*****---------------
---------------*****---------------
Starting training the epoch: 55 
total batch: 1285.4375 
batch:99 average train loss 1.9658
batch:199 average train loss 1.9291
batch:299 average train loss 1.9382
batch:399 average train loss 1.9327
batch:499 average train loss 1.8921
batch:599 average train loss 1.8833
batch:699 average train loss 1.8582
batch:799 average train loss 1.8534
batch:899 average train loss 1.8678
batch:999 average train loss 1.8475
batch:1099 average train loss 1.8457
batch:1199 average train loss 1.8335
average train loss 1.8222
Train Consuming time:93.87 in the epoch: 55
total val iterations: 276 
average val loss 1.9870
accuracy ( less than 0.1 ): 0.2338
median val loss 0.5091
total test iterations: 276 
average test loss 1.9293
accuracy ( less than 0.1 ): 0.2370
median test loss 0.5423
Consuming time:117.79 in the epoch: 55
Best test loss is 1.93
---------------*****---------------
---------------*****---------------
Starting training the epoch: 56 
total batch: 1285.4375 
batch:99 average train loss 1.9647
batch:199 average train loss 1.9280
batch:299 average train loss 1.9374
batch:399 average train loss 1.9318
batch:499 average train loss 1.8914
batch:599 average train loss 1.8825
batch:699 average train loss 1.8574
batch:799 average train loss 1.8527
batch:899 average train loss 1.8670
batch:999 average train loss 1.8469
batch:1099 average train loss 1.8451
batch:1199 average train loss 1.8329
average train loss 1.8216
Train Consuming time:93.95 in the epoch: 56
total val iterations: 276 
average val loss 1.9871
accuracy ( less than 0.1 ): 0.2333
median val loss 0.5082
total test iterations: 276 
average test loss 1.9298
accuracy ( less than 0.1 ): 0.2362
median test loss 0.5414
Consuming time:117.63 in the epoch: 56
Best test loss is 1.93
---------------*****---------------
---------------*****---------------
Starting training the epoch: 57 
total batch: 1285.4375 
batch:99 average train loss 1.9657
batch:199 average train loss 1.9285
batch:299 average train loss 1.9375
batch:399 average train loss 1.9318
batch:499 average train loss 1.8914
batch:599 average train loss 1.8823
batch:699 average train loss 1.8573
batch:799 average train loss 1.8525
batch:899 average train loss 1.8669
batch:999 average train loss 1.8467
batch:1099 average train loss 1.8450
batch:1199 average train loss 1.8328
average train loss 1.8215
Train Consuming time:93.57 in the epoch: 57
total val iterations: 276 
average val loss 1.9874
accuracy ( less than 0.1 ): 0.2327
median val loss 0.5085
total test iterations: 276 
average test loss 1.9301
accuracy ( less than 0.1 ): 0.2357
median test loss 0.5390
Consuming time:117.29 in the epoch: 57
Best test loss is 1.93
---------------*****---------------
---------------*****---------------
Starting training the epoch: 58 
total batch: 1285.4375 
batch:99 average train loss 1.9639
batch:199 average train loss 1.9271
batch:299 average train loss 1.9363
batch:399 average train loss 1.9307
batch:499 average train loss 1.8904
batch:599 average train loss 1.8814
batch:699 average train loss 1.8565
batch:799 average train loss 1.8518
batch:899 average train loss 1.8662
batch:999 average train loss 1.8461
batch:1099 average train loss 1.8442
batch:1199 average train loss 1.8320
average train loss 1.8208
Train Consuming time:93.51 in the epoch: 58
total val iterations: 276 
average val loss 1.9867
accuracy ( less than 0.1 ): 0.2344
median val loss 0.5090
total test iterations: 276 
average test loss 1.9291
accuracy ( less than 0.1 ): 0.2384
median test loss 0.5426
Consuming time:117.14 in the epoch: 58
Best test loss is 1.93
---------------*****---------------
---------------*****---------------
Starting training the epoch: 59 
total batch: 1285.4375 
batch:99 average train loss 1.9649
batch:199 average train loss 1.9272
batch:299 average train loss 1.9361
batch:399 average train loss 1.9302
batch:499 average train loss 1.8897
batch:599 average train loss 1.8808
batch:699 average train loss 1.8560
batch:799 average train loss 1.8512
batch:899 average train loss 1.8656
batch:999 average train loss 1.8455
batch:1099 average train loss 1.8437
batch:1199 average train loss 1.8316
average train loss 1.8203
Train Consuming time:93.60 in the epoch: 59
total val iterations: 276 
average val loss 1.9871
accuracy ( less than 0.1 ): 0.2332
median val loss 0.5090
total test iterations: 276 
average test loss 1.9300
accuracy ( less than 0.1 ): 0.2366
median test loss 0.5399
Consuming time:117.34 in the epoch: 59
Best test loss is 1.93
---------------*****---------------
---------------*****---------------
Starting training the epoch: 60 
total batch: 1285.4375 
batch:99 average train loss 1.9635
batch:199 average train loss 1.9260
batch:299 average train loss 1.9349
batch:399 average train loss 1.9294
batch:499 average train loss 1.8891
batch:599 average train loss 1.8799
batch:699 average train loss 1.8550
batch:799 average train loss 1.8505
batch:899 average train loss 1.8651
batch:999 average train loss 1.8449
batch:1099 average train loss 1.8431
batch:1199 average train loss 1.8309
average train loss 1.8197
Train Consuming time:93.54 in the epoch: 60
total val iterations: 276 
average val loss 1.9870
accuracy ( less than 0.1 ): 0.2331
median val loss 0.5104
total test iterations: 276 
average test loss 1.9300
accuracy ( less than 0.1 ): 0.2370
median test loss 0.5377
Consuming time:117.12 in the epoch: 60
Best test loss is 1.93
---------------*****---------------
---------------*****---------------
Starting training the epoch: 61 
total batch: 1285.4375 
batch:99 average train loss 1.9643
batch:199 average train loss 1.9263
batch:299 average train loss 1.9351
batch:399 average train loss 1.9294
batch:499 average train loss 1.8890
batch:599 average train loss 1.8799
batch:699 average train loss 1.8549
batch:799 average train loss 1.8503
batch:899 average train loss 1.8647
batch:999 average train loss 1.8446
batch:1099 average train loss 1.8429
batch:1199 average train loss 1.8307
average train loss 1.8195
Train Consuming time:93.52 in the epoch: 61
total val iterations: 276 
average val loss 1.9870
accuracy ( less than 0.1 ): 0.2342
median val loss 0.5093
total test iterations: 276 
average test loss 1.9293
accuracy ( less than 0.1 ): 0.2377
median test loss 0.5417
Consuming time:117.20 in the epoch: 61
Best test loss is 1.93
---------------*****---------------
---------------*****---------------
Starting training the epoch: 62 
total batch: 1285.4375 
batch:99 average train loss 1.9629
batch:199 average train loss 1.9254
batch:299 average train loss 1.9347
batch:399 average train loss 1.9289
batch:499 average train loss 1.8884
batch:599 average train loss 1.8797
batch:699 average train loss 1.8546
batch:799 average train loss 1.8499
batch:899 average train loss 1.8643
batch:999 average train loss 1.8442
batch:1099 average train loss 1.8424
batch:1199 average train loss 1.8303
average train loss 1.8191
Train Consuming time:93.48 in the epoch: 62
total val iterations: 276 
average val loss 1.9868
accuracy ( less than 0.1 ): 0.2342
median val loss 0.5098
total test iterations: 276 
average test loss 1.9295
accuracy ( less than 0.1 ): 0.2378
median test loss 0.5413
Consuming time:117.21 in the epoch: 62
Best test loss is 1.93
---------------*****---------------
---------------*****---------------
Starting training the epoch: 63 
total batch: 1285.4375 
batch:99 average train loss 1.9630
batch:199 average train loss 1.9256
batch:299 average train loss 1.9341
batch:399 average train loss 1.9284
batch:499 average train loss 1.8880
batch:599 average train loss 1.8792
batch:699 average train loss 1.8542
batch:799 average train loss 1.8495
batch:899 average train loss 1.8638
batch:999 average train loss 1.8437
batch:1099 average train loss 1.8420
batch:1199 average train loss 1.8299
average train loss 1.8188
Train Consuming time:93.60 in the epoch: 63
total val iterations: 276 
average val loss 1.9868
accuracy ( less than 0.1 ): 0.2342
median val loss 0.5108
total test iterations: 276 
average test loss 1.9291
accuracy ( less than 0.1 ): 0.2389
median test loss 0.5405
Consuming time:117.37 in the epoch: 63
Best test loss is 1.93
---------------*****---------------
---------------*****---------------
Starting training the epoch: 64 
total batch: 1285.4375 
batch:99 average train loss 1.9622
batch:199 average train loss 1.9247
batch:299 average train loss 1.9331
batch:399 average train loss 1.9272
batch:499 average train loss 1.8869
batch:599 average train loss 1.8779
batch:699 average train loss 1.8530
batch:799 average train loss 1.8485
batch:899 average train loss 1.8629
batch:999 average train loss 1.8428
batch:1099 average train loss 1.8410
batch:1199 average train loss 1.8289
average train loss 1.8178
Train Consuming time:93.39 in the epoch: 64
total val iterations: 276 
average val loss 1.9871
accuracy ( less than 0.1 ): 0.2334
median val loss 0.5120
total test iterations: 276 
average test loss 1.9301
accuracy ( less than 0.1 ): 0.2377
median test loss 0.5389
Consuming time:117.26 in the epoch: 64
Best test loss is 1.93
---------------*****---------------
---------------*****---------------
Starting training the epoch: 65 
total batch: 1285.4375 
batch:99 average train loss 1.9619
batch:199 average train loss 1.9243
batch:299 average train loss 1.9327
batch:399 average train loss 1.9270
batch:499 average train loss 1.8869
batch:599 average train loss 1.8779
batch:699 average train loss 1.8530
batch:799 average train loss 1.8484
batch:899 average train loss 1.8628
batch:999 average train loss 1.8426
batch:1099 average train loss 1.8408
batch:1199 average train loss 1.8286
average train loss 1.8175
Train Consuming time:93.90 in the epoch: 65
total val iterations: 276 
average val loss 1.9867
accuracy ( less than 0.1 ): 0.2335
median val loss 0.5128
total test iterations: 276 
average test loss 1.9302
accuracy ( less than 0.1 ): 0.2376
median test loss 0.5393
Consuming time:117.75 in the epoch: 65
Best test loss is 1.93
---------------*****---------------
---------------*****---------------
Starting training the epoch: 66 
total batch: 1285.4375 
batch:99 average train loss 1.9615
batch:199 average train loss 1.9235
batch:299 average train loss 1.9319
batch:399 average train loss 1.9259
batch:499 average train loss 1.8858
batch:599 average train loss 1.8770
batch:699 average train loss 1.8522
batch:799 average train loss 1.8477
batch:899 average train loss 1.8621
batch:999 average train loss 1.8420
batch:1099 average train loss 1.8403
batch:1199 average train loss 1.8281
average train loss 1.8171
Train Consuming time:93.77 in the epoch: 66
total val iterations: 276 
average val loss 1.9865
accuracy ( less than 0.1 ): 0.2350
median val loss 0.5144
total test iterations: 276 
average test loss 1.9296
accuracy ( less than 0.1 ): 0.2383
median test loss 0.5401
Consuming time:117.78 in the epoch: 66
Best test loss is 1.93
---------------*****---------------
---------------*****---------------
Starting training the epoch: 67 
total batch: 1285.4375 
batch:99 average train loss 1.9627
batch:199 average train loss 1.9237
batch:299 average train loss 1.9323
batch:399 average train loss 1.9263
batch:499 average train loss 1.8860
batch:599 average train loss 1.8769
batch:699 average train loss 1.8520
batch:799 average train loss 1.8476
batch:899 average train loss 1.8620
batch:999 average train loss 1.8417
batch:1099 average train loss 1.8399
batch:1199 average train loss 1.8278
average train loss 1.8167
Train Consuming time:94.14 in the epoch: 67
total val iterations: 276 
average val loss 1.9865
accuracy ( less than 0.1 ): 0.2349
median val loss 0.5133
total test iterations: 276 
average test loss 1.9292
accuracy ( less than 0.1 ): 0.2392
median test loss 0.5422
Consuming time:118.68 in the epoch: 67
Best test loss is 1.93
---------------*****---------------
---------------*****---------------
Starting training the epoch: 68 
total batch: 1285.4375 
batch:99 average train loss 1.9612
batch:199 average train loss 1.9231
batch:299 average train loss 1.9314
batch:399 average train loss 1.9251
batch:499 average train loss 1.8851
batch:599 average train loss 1.8761
batch:699 average train loss 1.8513
batch:799 average train loss 1.8468
batch:899 average train loss 1.8614
batch:999 average train loss 1.8413
batch:1099 average train loss 1.8395
batch:1199 average train loss 1.8274
average train loss 1.8162
Train Consuming time:95.01 in the epoch: 68
total val iterations: 276 
average val loss 1.9863
accuracy ( less than 0.1 ): 0.2351
median val loss 0.5134
total test iterations: 276 
average test loss 1.9291
accuracy ( less than 0.1 ): 0.2387
median test loss 0.5412
Consuming time:118.94 in the epoch: 68
Best test loss is 1.93
---------------*****---------------
---------------*****---------------
Starting training the epoch: 69 
total batch: 1285.4375 
batch:99 average train loss 1.9606
batch:199 average train loss 1.9227
batch:299 average train loss 1.9308
batch:399 average train loss 1.9246
batch:499 average train loss 1.8846
batch:599 average train loss 1.8758
batch:699 average train loss 1.8510
batch:799 average train loss 1.8466
batch:899 average train loss 1.8610
batch:999 average train loss 1.8410
batch:1099 average train loss 1.8393
batch:1199 average train loss 1.8272
average train loss 1.8161
Train Consuming time:93.95 in the epoch: 69
total val iterations: 276 
average val loss 1.9863
accuracy ( less than 0.1 ): 0.2350
median val loss 0.5144
total test iterations: 276 
average test loss 1.9299
accuracy ( less than 0.1 ): 0.2382
median test loss 0.5399
Consuming time:117.97 in the epoch: 69
Best test loss is 1.93
---------------*****---------------
---------------*****---------------
Starting training the epoch: 70 
total batch: 1285.4375 
batch:99 average train loss 1.9600
batch:199 average train loss 1.9218
batch:299 average train loss 1.9301
batch:399 average train loss 1.9238
batch:499 average train loss 1.8841
batch:599 average train loss 1.8752
batch:699 average train loss 1.8505
batch:799 average train loss 1.8460
batch:899 average train loss 1.8604
batch:999 average train loss 1.8404
batch:1099 average train loss 1.8386
batch:1199 average train loss 1.8265
average train loss 1.8154
Train Consuming time:94.05 in the epoch: 70
total val iterations: 276 
average val loss 1.9862
accuracy ( less than 0.1 ): 0.2356
median val loss 0.5133
total test iterations: 276 
average test loss 1.9292
accuracy ( less than 0.1 ): 0.2389
median test loss 0.5410
Consuming time:118.02 in the epoch: 70
Best test loss is 1.93
---------------*****---------------
---------------*****---------------
Starting training the epoch: 71 
total batch: 1285.4375 
batch:99 average train loss 1.9602
batch:199 average train loss 1.9217
batch:299 average train loss 1.9299
batch:399 average train loss 1.9236
batch:499 average train loss 1.8840
batch:599 average train loss 1.8751
batch:699 average train loss 1.8504
batch:799 average train loss 1.8459
batch:899 average train loss 1.8604
batch:999 average train loss 1.8403
batch:1099 average train loss 1.8385
batch:1199 average train loss 1.8264
average train loss 1.8154
Train Consuming time:93.98 in the epoch: 71
total val iterations: 276 
average val loss 1.9861
accuracy ( less than 0.1 ): 0.2352
median val loss 0.5146
total test iterations: 276 
average test loss 1.9291
accuracy ( less than 0.1 ): 0.2395
median test loss 0.5411
Consuming time:117.96 in the epoch: 71
Best test loss is 1.93
---------------*****---------------
---------------*****---------------
Starting training the epoch: 72 
total batch: 1285.4375 
batch:99 average train loss 1.9592
batch:199 average train loss 1.9213
batch:299 average train loss 1.9287
batch:399 average train loss 1.9225
batch:499 average train loss 1.8828
batch:599 average train loss 1.8735
batch:699 average train loss 1.8490
batch:799 average train loss 1.8447
batch:899 average train loss 1.8591
batch:999 average train loss 1.8392
batch:1099 average train loss 1.8374
batch:1199 average train loss 1.8254
average train loss 1.8144
Train Consuming time:93.93 in the epoch: 72
total val iterations: 276 
average val loss 1.9861
accuracy ( less than 0.1 ): 0.2349
median val loss 0.5138
total test iterations: 276 
average test loss 1.9293
accuracy ( less than 0.1 ): 0.2386
median test loss 0.5420
Consuming time:117.87 in the epoch: 72
Best test loss is 1.93
---------------*****---------------
---------------*****---------------
Starting training the epoch: 73 
total batch: 1285.4375 
batch:99 average train loss 1.9598
batch:199 average train loss 1.9211
batch:299 average train loss 1.9286
batch:399 average train loss 1.9226
batch:499 average train loss 1.8827
batch:599 average train loss 1.8736
batch:699 average train loss 1.8490
batch:799 average train loss 1.8446
batch:899 average train loss 1.8590
batch:999 average train loss 1.8391
batch:1099 average train loss 1.8373
batch:1199 average train loss 1.8252
average train loss 1.8143
Train Consuming time:93.86 in the epoch: 73
total val iterations: 276 
average val loss 1.9861
accuracy ( less than 0.1 ): 0.2351
median val loss 0.5151
total test iterations: 276 
average test loss 1.9297
accuracy ( less than 0.1 ): 0.2387
median test loss 0.5401
Consuming time:117.84 in the epoch: 73
Best test loss is 1.93
---------------*****---------------
---------------*****---------------
Starting training the epoch: 74 
total batch: 1285.4375 
batch:99 average train loss 1.9586
batch:199 average train loss 1.9201
batch:299 average train loss 1.9278
batch:399 average train loss 1.9216
batch:499 average train loss 1.8820
batch:599 average train loss 1.8729
batch:699 average train loss 1.8483
batch:799 average train loss 1.8440
batch:899 average train loss 1.8586
batch:999 average train loss 1.8386
batch:1099 average train loss 1.8369
batch:1199 average train loss 1.8248
average train loss 1.8139
Train Consuming time:93.89 in the epoch: 74
total val iterations: 276 
average val loss 1.9860
accuracy ( less than 0.1 ): 0.2347
median val loss 0.5147
total test iterations: 276 
average test loss 1.9295
accuracy ( less than 0.1 ): 0.2384
median test loss 0.5404
Consuming time:117.73 in the epoch: 74
Best test loss is 1.93
---------------*****---------------
---------------*****---------------
Starting training the epoch: 75 
total batch: 1285.4375 
batch:99 average train loss 1.9588
batch:199 average train loss 1.9201
batch:299 average train loss 1.9275
batch:399 average train loss 1.9212
batch:499 average train loss 1.8816
batch:599 average train loss 1.8726
batch:699 average train loss 1.8479
batch:799 average train loss 1.8437
batch:899 average train loss 1.8583
batch:999 average train loss 1.8383
batch:1099 average train loss 1.8364
batch:1199 average train loss 1.8244
average train loss 1.8134
Train Consuming time:94.01 in the epoch: 75
total val iterations: 276 
average val loss 1.9859
accuracy ( less than 0.1 ): 0.2353
median val loss 0.5147
total test iterations: 276 
average test loss 1.9295
accuracy ( less than 0.1 ): 0.2392
median test loss 0.5395
Consuming time:118.01 in the epoch: 75
Best test loss is 1.93
---------------*****---------------
---------------*****---------------
Starting training the epoch: 76 
total batch: 1285.4375 
batch:99 average train loss 1.9582
batch:199 average train loss 1.9195
batch:299 average train loss 1.9270
batch:399 average train loss 1.9208
batch:499 average train loss 1.8813
batch:599 average train loss 1.8721
batch:699 average train loss 1.8475
batch:799 average train loss 1.8432
batch:899 average train loss 1.8577
batch:999 average train loss 1.8378
batch:1099 average train loss 1.8359
batch:1199 average train loss 1.8239
average train loss 1.8130
Train Consuming time:93.89 in the epoch: 76
total val iterations: 276 
average val loss 1.9860
accuracy ( less than 0.1 ): 0.2352
median val loss 0.5163
total test iterations: 276 
average test loss 1.9295
accuracy ( less than 0.1 ): 0.2390
median test loss 0.5396
Consuming time:117.81 in the epoch: 76
Best test loss is 1.93
---------------*****---------------
---------------*****---------------
Starting training the epoch: 77 
total batch: 1285.4375 
batch:99 average train loss 1.9572
batch:199 average train loss 1.9189
batch:299 average train loss 1.9265
batch:399 average train loss 1.9204
batch:499 average train loss 1.8808
batch:599 average train loss 1.8717
batch:699 average train loss 1.8472
batch:799 average train loss 1.8430
batch:899 average train loss 1.8576
batch:999 average train loss 1.8375
batch:1099 average train loss 1.8357
batch:1199 average train loss 1.8237
average train loss 1.8127
Train Consuming time:94.00 in the epoch: 77
total val iterations: 276 
average val loss 1.9857
accuracy ( less than 0.1 ): 0.2362
median val loss 0.5154
total test iterations: 276 
average test loss 1.9296
accuracy ( less than 0.1 ): 0.2390
median test loss 0.5383
Consuming time:117.94 in the epoch: 77
Best test loss is 1.93
---------------*****---------------
---------------*****---------------
Starting training the epoch: 78 
total batch: 1285.4375 
batch:99 average train loss 1.9568
batch:199 average train loss 1.9178
batch:299 average train loss 1.9255
batch:399 average train loss 1.9195
batch:499 average train loss 1.8801
batch:599 average train loss 1.8709
batch:699 average train loss 1.8465
batch:799 average train loss 1.8423
batch:899 average train loss 1.8568
batch:999 average train loss 1.8369
batch:1099 average train loss 1.8351
batch:1199 average train loss 1.8231
average train loss 1.8122
Train Consuming time:94.12 in the epoch: 78
total val iterations: 276 
