===========configuration loading success==========
Start to run the TopoLSTM preprocess code!

Dataset path: ../../rawdata/dataset_dblp.txt

total_readin: 151247
discard_midnight: 0
discard_outer: 86493
total: 64754
Number of valid cascades: 64754/151247
Number of valid train cascades: 45327
Number of valid   val cascades: 9714
Number of valid  test cascades: 9713
Processing time: 21.46s
===========configuration loading success==========
365862 seen nodes.
total train cascade : 45327
total   val cascade : 9714
total  test cascade : 9713
===========configuration loading success==========
===================configuration===================
learning rate :  0.0001
observation hour [7,19]
observation threshold :  6
prediction time :  86400
cascade length [10,100]
model save at : ../model_save/topolstm/dblp/
===================configuration===================


# Epochs:0
 Train Loss:6.849343, Val Loss:4.480667, Test Loss:4.287533,




# Epochs:1
 Train Loss:3.888126, Val Loss:3.508051, Test Loss:3.373668,




# Epochs:2
 Train Loss:3.213609, Val Loss:2.992133, Test Loss:2.894379,




# Epochs:3
 Train Loss:2.820512, Val Loss:2.668591, Test Loss:2.583787,




# Epochs:4
 Train Loss:2.546785, Val Loss:2.447014, Test Loss:2.377938,




# Epochs:5
 Train Loss:2.327257, Val Loss:2.249869, Test Loss:2.193786,




# Epochs:6
 Train Loss:2.198797, Val Loss:2.134303, Test Loss:2.084022,




# Epochs:7
 Train Loss:2.094349, Val Loss:2.062859, Test Loss:2.017235,




# Epochs:8
 Train Loss:2.020827, Val Loss:2.010492, Test Loss:1.968849,




# Epochs:9
 Train Loss:1.964379, Val Loss:1.959896, Test Loss:1.922670,




# Epochs:10
 Train Loss:1.939097, Val Loss:1.958470, Test Loss:1.919788,




# Epochs:11
 Train Loss:1.917760, Val Loss:1.924060, Test Loss:1.889003,




# Epochs:12
 Train Loss:1.906852, Val Loss:1.924175, Test Loss:1.891811,




# Epochs:13
 Train Loss:1.902555, Val Loss:1.905014, Test Loss:1.877140,




# Epochs:14
 Train Loss:1.909560, Val Loss:2.039933, Test Loss:2.008797,




# Epochs:15
 Train Loss:1.899614, Val Loss:2.001713, Test Loss:1.973144,




# Epochs:16
 Train Loss:1.893038, Val Loss:1.907067, Test Loss:1.880859,




# Epochs:17
 Train Loss:1.894903, Val Loss:1.899265, Test Loss:1.873206,




# Epochs:18
 Train Loss:1.898790, Val Loss:1.963935, Test Loss:1.939444,




# Epochs:19
 Train Loss:1.889689, Val Loss:1.953516, Test Loss:1.925498,




# Epochs:20
 Train Loss:1.885693, Val Loss:1.909503, Test Loss:1.887911,




# Epochs:21
 Train Loss:1.887965, Val Loss:1.902983, Test Loss:1.879748,




# Epochs:22
 Train Loss:1.882315, Val Loss:1.915208, Test Loss:1.892552,




# Epochs:23
 Train Loss:1.895276, Val Loss:1.908967, Test Loss:1.887293,




# Epochs:24
 Train Loss:1.883785, Val Loss:1.913439, Test Loss:1.890886,




# Epochs:25
 Train Loss:1.880536, Val Loss:1.932106, Test Loss:1.906651,




# Epochs:26
 Train Loss:1.886318, Val Loss:1.918792, Test Loss:1.893703,




# Epochs:27
 Train Loss:1.884975, Val Loss:1.894854, Test Loss:1.872446,




# Epochs:28
 Train Loss:1.886499, Val Loss:1.900317, Test Loss:1.877208,




# Epochs:29
 Train Loss:1.880616, Val Loss:1.893187, Test Loss:1.870026,




# Epochs:30
 Train Loss:1.876850, Val Loss:1.888268, Test Loss:1.867109,




# Epochs:31
 Train Loss:1.881960, Val Loss:1.889516, Test Loss:1.866781,




# Epochs:32
 Train Loss:1.885114, Val Loss:1.888304, Test Loss:1.867129,




# Epochs:33
 Train Loss:1.879657, Val Loss:1.887319, Test Loss:1.865407,




# Epochs:34
 Train Loss:1.885746, Val Loss:1.935454, Test Loss:1.910458,




# Epochs:35
 Train Loss:1.879129, Val Loss:1.887680, Test Loss:1.866034,




# Epochs:36
 Train Loss:1.887225, Val Loss:1.944952, Test Loss:1.924278,




# Epochs:37
 Train Loss:1.886881, Val Loss:1.887308, Test Loss:1.866682,




# Epochs:38
 Train Loss:1.881127, Val Loss:1.927324, Test Loss:1.906939,




# Epochs:39
 Train Loss:1.883641, Val Loss:1.907264, Test Loss:1.884316,




# Epochs:40
 Train Loss:1.884380, Val Loss:1.916872, Test Loss:1.893672,




# Epochs:41
 Train Loss:1.874157, Val Loss:1.886763, Test Loss:1.866006,




# Epochs:42
 Train Loss:1.877207, Val Loss:1.891818, Test Loss:1.869976,




# Epochs:43
 Train Loss:1.894340, Val Loss:1.913985, Test Loss:1.892228,




# Epochs:44
 Train Loss:1.882254, Val Loss:1.899617, Test Loss:1.879124,




# Epochs:45
 Train Loss:1.879208, Val Loss:2.011172, Test Loss:1.990249,




# Epochs:46
 Train Loss:1.888567, Val Loss:1.888284, Test Loss:1.865916,




# Epochs:47
 Train Loss:1.876399, Val Loss:1.892154, Test Loss:1.869506,




# Epochs:48
 Train Loss:1.880027, Val Loss:1.902876, Test Loss:1.879857,




# Epochs:49
 Train Loss:1.878398, Val Loss:1.887596, Test Loss:1.865822,


