===========configuration loading success==========
Start to run the TopoLSTM preprocess code!

Dataset path: ../../rawdata/dataset_dblp.txt

total_readin: 151247
discard_midnight: 0
discard_outer: 72341
total: 78906
Number of valid cascades: 78906/151247
Number of valid train cascades: 55234
Number of valid   val cascades: 11836
Number of valid  test cascades: 11836
Processing time: 31.14s
===========configuration loading success==========
445765 seen nodes.
total train cascade : 55234
total   val cascade : 11836
total  test cascade : 11836
===========configuration loading success==========
===================configuration===================
learning rate :  0.0001
observation hour [7,19]
observation threshold :  6
prediction time :  86400
cascade length [10,100]
model save at : ../model_save/topolstm/dblp/
===================configuration===================


# Epochs:0
 Train Loss:4.987475, Val Loss:3.693453, Test Loss:3.900887,




# Epochs:1
 Train Loss:3.464009, Val Loss:3.067705, Test Loss:3.271815,




# Epochs:2
 Train Loss:2.944287, Val Loss:2.677134, Test Loss:2.817223,




# Epochs:3
 Train Loss:2.603767, Val Loss:2.390455, Test Loss:2.540797,




# Epochs:4
 Train Loss:2.370935, Val Loss:2.231366, Test Loss:2.348553,




# Epochs:5
 Train Loss:2.211991, Val Loss:2.135203, Test Loss:2.208969,




# Epochs:6
 Train Loss:2.111582, Val Loss:2.020257, Test Loss:2.122720,




# Epochs:7
 Train Loss:2.033894, Val Loss:1.965984, Test Loss:2.042889,




# Epochs:8
 Train Loss:1.986915, Val Loss:1.949726, Test Loss:2.014341,




# Epochs:9
 Train Loss:1.951401, Val Loss:1.935527, Test Loss:1.991185,




# Epochs:10
 Train Loss:1.935347, Val Loss:1.899831, Test Loss:1.967351,




# Epochs:11
 Train Loss:1.924502, Val Loss:1.899065, Test Loss:1.948448,




# Epochs:12
 Train Loss:1.904580, Val Loss:1.883952, Test Loss:1.941696,




# Epochs:13
 Train Loss:1.902371, Val Loss:1.882002, Test Loss:1.949890,




# Epochs:14
 Train Loss:1.901183, Val Loss:1.929319, Test Loss:2.012418,




# Epochs:15
 Train Loss:1.901073, Val Loss:1.909610, Test Loss:1.989561,




# Epochs:16
 Train Loss:1.894846, Val Loss:1.867933, Test Loss:1.916715,




# Epochs:17
 Train Loss:1.890512, Val Loss:1.899466, Test Loss:1.943673,




# Epochs:18
 Train Loss:1.892612, Val Loss:1.865951, Test Loss:1.926338,




# Epochs:19
 Train Loss:1.886004, Val Loss:1.871959, Test Loss:1.923813,




# Epochs:20
 Train Loss:1.893814, Val Loss:1.882116, Test Loss:1.924531,




# Epochs:21
 Train Loss:1.882767, Val Loss:1.880601, Test Loss:1.913967,




# Epochs:22
 Train Loss:1.884025, Val Loss:1.891578, Test Loss:1.935490,




# Epochs:23
 Train Loss:1.889699, Val Loss:1.872167, Test Loss:1.915837,




# Epochs:24
 Train Loss:1.886514, Val Loss:1.857771, Test Loss:1.921021,




# Epochs:25
 Train Loss:1.884240, Val Loss:1.868772, Test Loss:1.921887,




# Epochs:26
 Train Loss:1.887511, Val Loss:1.866464, Test Loss:1.927392,




# Epochs:27
 Train Loss:1.885980, Val Loss:1.866906, Test Loss:1.914087,




# Epochs:28
 Train Loss:1.887264, Val Loss:1.866416, Test Loss:1.930511,




# Epochs:29
 Train Loss:1.884128, Val Loss:1.876140, Test Loss:1.943256,




# Epochs:30
 Train Loss:1.886495, Val Loss:1.869744, Test Loss:1.919058,




# Epochs:31
 Train Loss:1.879468, Val Loss:1.869119, Test Loss:1.925023,




# Epochs:32
 Train Loss:1.885152, Val Loss:1.870314, Test Loss:1.930506,




# Epochs:33
 Train Loss:1.875156, Val Loss:1.884694, Test Loss:1.919659,




# Epochs:34
 Train Loss:1.879069, Val Loss:1.910162, Test Loss:1.977473,




# Epochs:35
 Train Loss:1.880188, Val Loss:1.850650, Test Loss:1.913594,




# Epochs:36
 Train Loss:1.871628, Val Loss:1.856809, Test Loss:1.902740,




# Epochs:37
 Train Loss:1.866543, Val Loss:1.842164, Test Loss:1.908707,




# Epochs:38
 Train Loss:1.864074, Val Loss:1.845838, Test Loss:1.911514,




# Epochs:39
 Train Loss:1.872804, Val Loss:1.841778, Test Loss:1.903305,




# Epochs:40
 Train Loss:1.861458, Val Loss:1.843153, Test Loss:1.897427,




# Epochs:41
 Train Loss:1.861748, Val Loss:1.845855, Test Loss:1.911841,




# Epochs:42
 Train Loss:1.864527, Val Loss:1.860090, Test Loss:1.913690,




# Epochs:43
 Train Loss:1.861496, Val Loss:1.853587, Test Loss:1.901035,




# Epochs:44
 Train Loss:1.864529, Val Loss:1.839886, Test Loss:1.902802,




# Epochs:45
 Train Loss:1.859402, Val Loss:1.841383, Test Loss:1.895969,




# Epochs:46
 Train Loss:1.856712, Val Loss:1.845337, Test Loss:1.894951,




# Epochs:47
 Train Loss:1.854745, Val Loss:1.860999, Test Loss:1.912790,




# Epochs:48
 Train Loss:1.863417, Val Loss:1.870259, Test Loss:1.924790,




# Epochs:49
 Train Loss:1.853766, Val Loss:1.839391, Test Loss:1.907970,


