/home/ta/anaconda3/lib/python3.6/site-packages/numba/decorators.py:149: RuntimeWarning: Caching is not available when the 'parallel' target is in use. Caching is now being disabled to allow execution to continue.
  warnings.warn(msg, RuntimeWarning)
/home/ta/anaconda3/lib/python3.6/site-packages/tensorflow/python/framework/dtypes.py:516: FutureWarning: Passing (type, 1) or '1type' as a synonym of type is deprecated; in a future version of numpy, it will be understood as (type, (1,)) / '(1,)type'.
  _np_qint8 = np.dtype([("qint8", np.int8, 1)])
/home/ta/anaconda3/lib/python3.6/site-packages/tensorflow/python/framework/dtypes.py:517: FutureWarning: Passing (type, 1) or '1type' as a synonym of type is deprecated; in a future version of numpy, it will be understood as (type, (1,)) / '(1,)type'.
  _np_quint8 = np.dtype([("quint8", np.uint8, 1)])
/home/ta/anaconda3/lib/python3.6/site-packages/tensorflow/python/framework/dtypes.py:518: FutureWarning: Passing (type, 1) or '1type' as a synonym of type is deprecated; in a future version of numpy, it will be understood as (type, (1,)) / '(1,)type'.
  _np_qint16 = np.dtype([("qint16", np.int16, 1)])
/home/ta/anaconda3/lib/python3.6/site-packages/tensorflow/python/framework/dtypes.py:519: FutureWarning: Passing (type, 1) or '1type' as a synonym of type is deprecated; in a future version of numpy, it will be understood as (type, (1,)) / '(1,)type'.
  _np_quint16 = np.dtype([("quint16", np.uint16, 1)])
/home/ta/anaconda3/lib/python3.6/site-packages/tensorflow/python/framework/dtypes.py:520: FutureWarning: Passing (type, 1) or '1type' as a synonym of type is deprecated; in a future version of numpy, it will be understood as (type, (1,)) / '(1,)type'.
  _np_qint32 = np.dtype([("qint32", np.int32, 1)])
/home/ta/anaconda3/lib/python3.6/site-packages/tensorflow/python/framework/dtypes.py:525: FutureWarning: Passing (type, 1) or '1type' as a synonym of type is deprecated; in a future version of numpy, it will be understood as (type, (1,)) / '(1,)type'.
  np_resource = np.dtype([("resource", np.ubyte, 1)])
/home/ta/.local/lib/python3.6/site-packages/tensorboard/compat/tensorflow_stub/dtypes.py:541: FutureWarning: Passing (type, 1) or '1type' as a synonym of type is deprecated; in a future version of numpy, it will be understood as (type, (1,)) / '(1,)type'.
  _np_qint8 = np.dtype([("qint8", np.int8, 1)])
/home/ta/.local/lib/python3.6/site-packages/tensorboard/compat/tensorflow_stub/dtypes.py:542: FutureWarning: Passing (type, 1) or '1type' as a synonym of type is deprecated; in a future version of numpy, it will be understood as (type, (1,)) / '(1,)type'.
  _np_quint8 = np.dtype([("quint8", np.uint8, 1)])
/home/ta/.local/lib/python3.6/site-packages/tensorboard/compat/tensorflow_stub/dtypes.py:543: FutureWarning: Passing (type, 1) or '1type' as a synonym of type is deprecated; in a future version of numpy, it will be understood as (type, (1,)) / '(1,)type'.
  _np_qint16 = np.dtype([("qint16", np.int16, 1)])
/home/ta/.local/lib/python3.6/site-packages/tensorboard/compat/tensorflow_stub/dtypes.py:544: FutureWarning: Passing (type, 1) or '1type' as a synonym of type is deprecated; in a future version of numpy, it will be understood as (type, (1,)) / '(1,)type'.
  _np_quint16 = np.dtype([("quint16", np.uint16, 1)])
/home/ta/.local/lib/python3.6/site-packages/tensorboard/compat/tensorflow_stub/dtypes.py:545: FutureWarning: Passing (type, 1) or '1type' as a synonym of type is deprecated; in a future version of numpy, it will be understood as (type, (1,)) / '(1,)type'.
  _np_qint32 = np.dtype([("qint32", np.int32, 1)])
/home/ta/.local/lib/python3.6/site-packages/tensorboard/compat/tensorflow_stub/dtypes.py:550: FutureWarning: Passing (type, 1) or '1type' as a synonym of type is deprecated; in a future version of numpy, it will be understood as (type, (1,)) / '(1,)type'.
  np_resource = np.dtype([("resource", np.ubyte, 1)])
===================configuration===================
learning rate :0.001 
num_mlp_layers : 1
num_layers : 2
gnn input_features : 100
gnn output_features : 128
input of rnn/transformer : 128
hidden_size (out put of rnn/tranformer) : 128
observation hour [7,19]
observation interval : 180
observation threshold : 3600
prediction time : 86400
cascade length [5,100]
model save at : ../model_save/cas2vec/
===================configuration===================
len(Y_train), len(Y_valid), len(Y_test): 37228 7978 7978
preparing time:74.55406713485718
====bidirected: False, attention: GAT, gcn_type: self, rnn: gru====
single linear
total parameters 140073
---------------*****---------------
Starting training the epoch: 0 
total batch: 581.6875 
batch:99 average train loss 3.2888
batch:199 average train loss 3.0466
batch:299 average train loss 2.8325
batch:399 average train loss 2.7023
batch:499 average train loss 2.5898
average train loss 2.5431
Train Consuming time:78.52 in the epoch: 0
total val iterations: 125 
average val loss 2.2567
accuracy ( less than 0.1 ): 0.1438
median val loss 0.6124
total test iterations: 125 
average test loss 2.1562
accuracy ( less than 0.1 ): 0.1418
median test loss 0.5941
Consuming time:102.56 in the epoch: 0
Best test loss is 2.16
---------------*****---------------
---------------*****---------------
Starting training the epoch: 1 
total batch: 581.6875 
batch:99 average train loss 2.0468
batch:199 average train loss 2.1098
batch:299 average train loss 2.1061
batch:399 average train loss 2.1214
batch:499 average train loss 2.1048
average train loss 2.1081
Train Consuming time:78.43 in the epoch: 1
total val iterations: 125 
average val loss 2.1990
accuracy ( less than 0.1 ): 0.1351
median val loss 0.5940
total test iterations: 125 
average test loss 2.0779
accuracy ( less than 0.1 ): 0.1338
median test loss 0.5679
Consuming time:102.70 in the epoch: 1
Best test loss is 2.08
---------------*****---------------
---------------*****---------------
Starting training the epoch: 2 
total batch: 581.6875 
batch:99 average train loss 1.9611
batch:199 average train loss 2.0277
batch:299 average train loss 2.0410
batch:399 average train loss 2.0565
batch:499 average train loss 2.0346
average train loss 2.0423
Train Consuming time:79.26 in the epoch: 2
total val iterations: 125 
average val loss 2.0876
accuracy ( less than 0.1 ): 0.1740
median val loss 0.5590
total test iterations: 125 
average test loss 1.9641
accuracy ( less than 0.1 ): 0.1744
median test loss 0.5436
Consuming time:102.84 in the epoch: 2
Best test loss is 1.96
---------------*****---------------
---------------*****---------------
Starting training the epoch: 3 
total batch: 581.6875 
batch:99 average train loss 1.9426
batch:199 average train loss 1.9993
batch:299 average train loss 2.0086
batch:399 average train loss 2.0226
batch:499 average train loss 2.0044
average train loss 2.0123
Train Consuming time:80.31 in the epoch: 3
total val iterations: 125 
average val loss 2.1137
accuracy ( less than 0.1 ): 0.1663
median val loss 0.5514
total test iterations: 125 
average test loss 2.0026
accuracy ( less than 0.1 ): 0.1677
median test loss 0.5434
Consuming time:104.26 in the epoch: 3
Best test loss is 1.96
---------------*****---------------
---------------*****---------------
Starting training the epoch: 4 
total batch: 581.6875 
batch:99 average train loss 1.8996
batch:199 average train loss 1.9560
batch:299 average train loss 1.9718
batch:399 average train loss 1.9898
batch:499 average train loss 1.9744
average train loss 1.9838
Train Consuming time:85.95 in the epoch: 4
total val iterations: 125 
average val loss 2.0835
accuracy ( less than 0.1 ): 0.1595
median val loss 0.5641
total test iterations: 125 
average test loss 1.9764
accuracy ( less than 0.1 ): 0.1508
median test loss 0.5296
Consuming time:110.49 in the epoch: 4
Best test loss is 1.96
---------------*****---------------
---------------*****---------------
Starting training the epoch: 5 
total batch: 581.6875 
batch:99 average train loss 1.8822
batch:199 average train loss 1.9320
batch:299 average train loss 1.9489
batch:399 average train loss 1.9650
batch:499 average train loss 1.9506
average train loss 1.9615
Train Consuming time:79.25 in the epoch: 5
total val iterations: 125 
average val loss 2.0066
accuracy ( less than 0.1 ): 0.2256
median val loss 0.5930
total test iterations: 125 
average test loss 1.8729
accuracy ( less than 0.1 ): 0.2225
median test loss 0.5721
Consuming time:103.62 in the epoch: 5
Best test loss is 1.87
---------------*****---------------
---------------*****---------------
Starting training the epoch: 6 
total batch: 581.6875 
batch:99 average train loss 1.8580
batch:199 average train loss 1.9125
batch:299 average train loss 1.9268
batch:399 average train loss 1.9507
batch:499 average train loss 1.9311
average train loss 1.9425
Train Consuming time:78.09 in the epoch: 6
total val iterations: 125 
average val loss 2.0017
accuracy ( less than 0.1 ): 0.2029
median val loss 0.5719
total test iterations: 125 
average test loss 1.8805
accuracy ( less than 0.1 ): 0.2004
median test loss 0.5477
Consuming time:102.41 in the epoch: 6
Best test loss is 1.87
---------------*****---------------
---------------*****---------------
Starting training the epoch: 7 
total batch: 581.6875 
batch:99 average train loss 1.8398
batch:199 average train loss 1.8908
batch:299 average train loss 1.9041
batch:399 average train loss 1.9271
batch:499 average train loss 1.9098
average train loss 1.9238
Train Consuming time:78.25 in the epoch: 7
total val iterations: 125 
average val loss 1.9768
accuracy ( less than 0.1 ): 0.2098
median val loss 0.5627
total test iterations: 125 
average test loss 1.8663
accuracy ( less than 0.1 ): 0.2038
median test loss 0.5295
Consuming time:102.42 in the epoch: 7
Best test loss is 1.87
---------------*****---------------
---------------*****---------------
Starting training the epoch: 8 
total batch: 581.6875 
batch:99 average train loss 1.8174
batch:199 average train loss 1.8699
batch:299 average train loss 1.8864
batch:399 average train loss 1.9107
batch:499 average train loss 1.8907
average train loss 1.9037
Train Consuming time:78.18 in the epoch: 8
total val iterations: 125 
average val loss 1.9792
accuracy ( less than 0.1 ): 0.1992
median val loss 0.5734
total test iterations: 125 
average test loss 1.8661
accuracy ( less than 0.1 ): 0.1949
median test loss 0.5302
Consuming time:106.42 in the epoch: 8
Best test loss is 1.87
---------------*****---------------
---------------*****---------------
Starting training the epoch: 9 
total batch: 581.6875 
batch:99 average train loss 1.7994
batch:199 average train loss 1.8553
batch:299 average train loss 1.8748
batch:399 average train loss 1.9007
batch:499 average train loss 1.8801
average train loss 1.8909
Train Consuming time:79.73 in the epoch: 9
total val iterations: 125 
average val loss 1.9706
accuracy ( less than 0.1 ): 0.2138
median val loss 0.5884
total test iterations: 125 
average test loss 1.8451
accuracy ( less than 0.1 ): 0.2044
median test loss 0.5537
Consuming time:103.71 in the epoch: 9
Best test loss is 1.85
---------------*****---------------
---------------*****---------------
Starting training the epoch: 10 
total batch: 581.6875 
batch:99 average train loss 1.7849
batch:199 average train loss 1.8413
batch:299 average train loss 1.8612
batch:399 average train loss 1.8866
batch:499 average train loss 1.8664
average train loss 1.8786
Train Consuming time:78.78 in the epoch: 10
total val iterations: 125 
average val loss 1.9566
accuracy ( less than 0.1 ): 0.2238
median val loss 0.5668
total test iterations: 125 
average test loss 1.8458
accuracy ( less than 0.1 ): 0.2213
median test loss 0.5580
Consuming time:102.60 in the epoch: 10
Best test loss is 1.85
---------------*****---------------
---------------*****---------------
Starting training the epoch: 11 
total batch: 581.6875 
batch:99 average train loss 1.7677
batch:199 average train loss 1.8224
batch:299 average train loss 1.8450
batch:399 average train loss 1.8715
batch:499 average train loss 1.8535
average train loss 1.8664
Train Consuming time:77.97 in the epoch: 11
total val iterations: 125 
average val loss 1.9826
accuracy ( less than 0.1 ): 0.2359
median val loss 0.5952
total test iterations: 125 
average test loss 1.8565
accuracy ( less than 0.1 ): 0.2368
median test loss 0.5810
Consuming time:102.08 in the epoch: 11
Best test loss is 1.85
---------------*****---------------
---------------*****---------------
Starting training the epoch: 12 
total batch: 581.6875 
batch:99 average train loss 1.7502
batch:199 average train loss 1.8157
batch:299 average train loss 1.8396
batch:399 average train loss 1.8627
batch:499 average train loss 1.8455
average train loss 1.8589
Train Consuming time:77.51 in the epoch: 12
total val iterations: 125 
average val loss 1.9739
accuracy ( less than 0.1 ): 0.2175
median val loss 0.5768
total test iterations: 125 
average test loss 1.8492
accuracy ( less than 0.1 ): 0.2109
median test loss 0.5475
Consuming time:101.00 in the epoch: 12
Best test loss is 1.85
---------------*****---------------
---------------*****---------------
Starting training the epoch: 13 
total batch: 581.6875 
batch:99 average train loss 1.7424
batch:199 average train loss 1.8069
batch:299 average train loss 1.8278
batch:399 average train loss 1.8541
batch:499 average train loss 1.8367
average train loss 1.8491
Train Consuming time:77.65 in the epoch: 13
total val iterations: 125 
average val loss 1.9890
accuracy ( less than 0.1 ): 0.2078
median val loss 0.6065
total test iterations: 125 
average test loss 1.8535
accuracy ( less than 0.1 ): 0.2033
median test loss 0.5666
Consuming time:104.92 in the epoch: 13
Best test loss is 1.85
---------------*****---------------
---------------*****---------------
Starting training the epoch: 14 
total batch: 581.6875 
batch:99 average train loss 1.7304
batch:199 average train loss 1.7979
batch:299 average train loss 1.8183
batch:399 average train loss 1.8433
batch:499 average train loss 1.8256
average train loss 1.8390
Train Consuming time:78.02 in the epoch: 14
total val iterations: 125 
average val loss 1.9940
accuracy ( less than 0.1 ): 0.2159
median val loss 0.6071
total test iterations: 125 
average test loss 1.8498
accuracy ( less than 0.1 ): 0.2153
median test loss 0.5813
Consuming time:101.25 in the epoch: 14
Best test loss is 1.85
---------------*****---------------
---------------*****---------------
Starting training the epoch: 15 
total batch: 581.6875 
batch:99 average train loss 1.7191
batch:199 average train loss 1.7897
batch:299 average train loss 1.8100
batch:399 average train loss 1.8329
batch:499 average train loss 1.8168
average train loss 1.8317
Train Consuming time:77.25 in the epoch: 15
total val iterations: 125 
average val loss 2.0154
accuracy ( less than 0.1 ): 0.2320
median val loss 0.6204
total test iterations: 125 
average test loss 1.8706
accuracy ( less than 0.1 ): 0.2219
median test loss 0.5954
Consuming time:99.99 in the epoch: 15
Best test loss is 1.85
---------------*****---------------
---------------*****---------------
Starting training the epoch: 16 
total batch: 581.6875 
batch:99 average train loss 1.7130
batch:199 average train loss 1.7723
batch:299 average train loss 1.7949
batch:399 average train loss 1.8210
batch:499 average train loss 1.8028
average train loss 1.8179
Train Consuming time:76.26 in the epoch: 16
total val iterations: 125 
average val loss 1.9600
accuracy ( less than 0.1 ): 0.2247
median val loss 0.5905
total test iterations: 125 
average test loss 1.8250
accuracy ( less than 0.1 ): 0.2253
median test loss 0.5575
Consuming time:99.49 in the epoch: 16
Best test loss is 1.83
---------------*****---------------
---------------*****---------------
Starting training the epoch: 17 
total batch: 581.6875 
batch:99 average train loss 1.6910
batch:199 average train loss 1.7590
batch:299 average train loss 1.7803
batch:399 average train loss 1.8078
batch:499 average train loss 1.7916
average train loss 1.8069
Train Consuming time:76.68 in the epoch: 17
total val iterations: 125 
average val loss 1.9624
accuracy ( less than 0.1 ): 0.2240
median val loss 0.5675
total test iterations: 125 
average test loss 1.8413
accuracy ( less than 0.1 ): 0.2233
median test loss 0.5473
Consuming time:99.83 in the epoch: 17
Best test loss is 1.83
---------------*****---------------
---------------*****---------------
Starting training the epoch: 18 
total batch: 581.6875 
batch:99 average train loss 1.6657
batch:199 average train loss 1.7389
batch:299 average train loss 1.7703
batch:399 average train loss 1.7998
batch:499 average train loss 1.7823
average train loss 1.7965
Train Consuming time:81.00 in the epoch: 18
total val iterations: 125 
average val loss 1.9870
accuracy ( less than 0.1 ): 0.2142
median val loss 0.5912
total test iterations: 125 
average test loss 1.8670
accuracy ( less than 0.1 ): 0.2087
median test loss 0.5712
Consuming time:104.26 in the epoch: 18
Best test loss is 1.83
---------------*****---------------
---------------*****---------------
Starting training the epoch: 19 
total batch: 581.6875 
batch:99 average train loss 1.6685
batch:199 average train loss 1.7336
batch:299 average train loss 1.7592
batch:399 average train loss 1.7903
batch:499 average train loss 1.7758
average train loss 1.7927
Train Consuming time:75.84 in the epoch: 19
total val iterations: 125 
average val loss 2.0016
accuracy ( less than 0.1 ): 0.2123
median val loss 0.5973
total test iterations: 125 
average test loss 1.8820
accuracy ( less than 0.1 ): 0.2128
median test loss 0.5653
Consuming time:98.74 in the epoch: 19
Best test loss is 1.83
---------------*****---------------
---------------*****---------------
Starting training the epoch: 20 
total batch: 581.6875 
batch:99 average train loss 1.6719
batch:199 average train loss 1.7324
batch:299 average train loss 1.7508
batch:399 average train loss 1.7719
batch:499 average train loss 1.7477
average train loss 1.7532
Train Consuming time:74.96 in the epoch: 20
total val iterations: 125 
average val loss 1.9798
accuracy ( less than 0.1 ): 0.2715
median val loss 0.6238
total test iterations: 125 
average test loss 1.8674
accuracy ( less than 0.1 ): 0.2617
median test loss 0.5890
Consuming time:97.67 in the epoch: 20
Best test loss is 1.83
---------------*****---------------
---------------*****---------------
Starting training the epoch: 21 
total batch: 581.6875 
batch:99 average train loss 1.6531
batch:199 average train loss 1.7093
batch:299 average train loss 1.7297
batch:399 average train loss 1.7548
batch:499 average train loss 1.7313
average train loss 1.7395
Train Consuming time:75.46 in the epoch: 21
total val iterations: 125 
average val loss 1.9639
accuracy ( less than 0.1 ): 0.2605
median val loss 0.6073
total test iterations: 125 
average test loss 1.8645
accuracy ( less than 0.1 ): 0.2485
median test loss 0.5761
Consuming time:98.01 in the epoch: 21
Best test loss is 1.83
---------------*****---------------
---------------*****---------------
Starting training the epoch: 22 
total batch: 581.6875 
batch:99 average train loss 1.6396
batch:199 average train loss 1.6937
batch:299 average train loss 1.7156
batch:399 average train loss 1.7400
batch:499 average train loss 1.7185
average train loss 1.7266
Train Consuming time:76.39 in the epoch: 22
total val iterations: 125 
average val loss 1.9669
accuracy ( less than 0.1 ): 0.2654
median val loss 0.6100
total test iterations: 125 
average test loss 1.8592
accuracy ( less than 0.1 ): 0.2532
median test loss 0.5746
Consuming time:98.33 in the epoch: 22
Best test loss is 1.83
---------------*****---------------
---------------*****---------------
Starting training the epoch: 23 
total batch: 581.6875 
batch:99 average train loss 1.6341
batch:199 average train loss 1.6933
batch:299 average train loss 1.7149
batch:399 average train loss 1.7369
batch:499 average train loss 1.7149
average train loss 1.7237
Train Consuming time:79.99 in the epoch: 23
total val iterations: 125 
average val loss 1.9681
accuracy ( less than 0.1 ): 0.2602
median val loss 0.6010
total test iterations: 125 
average test loss 1.8617
accuracy ( less than 0.1 ): 0.2544
median test loss 0.5707
Consuming time:102.77 in the epoch: 23
Best test loss is 1.83
---------------*****---------------
---------------*****---------------
Starting training the epoch: 24 
total batch: 581.6875 
batch:99 average train loss 1.6358
batch:199 average train loss 1.6876
batch:299 average train loss 1.7084
batch:399 average train loss 1.7316
batch:499 average train loss 1.7096
average train loss 1.7190
Train Consuming time:76.10 in the epoch: 24
total val iterations: 125 
average val loss 1.9632
accuracy ( less than 0.1 ): 0.2571
median val loss 0.5966
total test iterations: 125 
average test loss 1.8605
accuracy ( less than 0.1 ): 0.2503
median test loss 0.5701
Consuming time:99.01 in the epoch: 24
Best test loss is 1.83
---------------*****---------------
---------------*****---------------
Starting training the epoch: 25 
total batch: 581.6875 
batch:99 average train loss 1.6205
batch:199 average train loss 1.6742
batch:299 average train loss 1.6981
batch:399 average train loss 1.7218
batch:499 average train loss 1.7004
average train loss 1.7092
Train Consuming time:74.30 in the epoch: 25
total val iterations: 125 
average val loss 1.9698
accuracy ( less than 0.1 ): 0.2573
median val loss 0.6127
total test iterations: 125 
average test loss 1.8675
accuracy ( less than 0.1 ): 0.2501
median test loss 0.5785
Consuming time:97.72 in the epoch: 25
Best test loss is 1.83
---------------*****---------------
---------------*****---------------
Starting training the epoch: 26 
total batch: 581.6875 
batch:99 average train loss 1.6201
batch:199 average train loss 1.6728
batch:299 average train loss 1.6963
batch:399 average train loss 1.7193
batch:499 average train loss 1.6979
average train loss 1.7078
Train Consuming time:75.25 in the epoch: 26
total val iterations: 125 
average val loss 1.9657
accuracy ( less than 0.1 ): 0.2552
median val loss 0.5977
total test iterations: 125 
average test loss 1.8629
accuracy ( less than 0.1 ): 0.2496
median test loss 0.5685
Consuming time:98.26 in the epoch: 26
Best test loss is 1.83
---------------*****---------------
---------------*****---------------
Starting training the epoch: 27 
total batch: 581.6875 
batch:99 average train loss 1.6107
batch:199 average train loss 1.6662
batch:299 average train loss 1.6913
batch:399 average train loss 1.7153
batch:499 average train loss 1.6943
average train loss 1.7033
Train Consuming time:75.20 in the epoch: 27
total val iterations: 125 
average val loss 1.9595
accuracy ( less than 0.1 ): 0.2577
median val loss 0.6009
total test iterations: 125 
average test loss 1.8569
accuracy ( less than 0.1 ): 0.2513
median test loss 0.5756
Consuming time:98.10 in the epoch: 27
Best test loss is 1.83
---------------*****---------------
---------------*****---------------
Starting training the epoch: 28 
total batch: 581.6875 
batch:99 average train loss 1.6077
batch:199 average train loss 1.6636
batch:299 average train loss 1.6883
batch:399 average train loss 1.7104
batch:499 average train loss 1.6903
average train loss 1.7016
Train Consuming time:79.57 in the epoch: 28
total val iterations: 125 
average val loss 1.9665
accuracy ( less than 0.1 ): 0.2670
median val loss 0.6111
total test iterations: 125 
average test loss 1.8523
accuracy ( less than 0.1 ): 0.2605
median test loss 0.5903
Consuming time:101.92 in the epoch: 28
Best test loss is 1.83
---------------*****---------------
---------------*****---------------
Starting training the epoch: 29 
total batch: 581.6875 
batch:99 average train loss 1.6186
batch:199 average train loss 1.6665
batch:299 average train loss 1.6906
batch:399 average train loss 1.7106
batch:499 average train loss 1.6898
average train loss 1.6994
Train Consuming time:75.95 in the epoch: 29
total val iterations: 125 
average val loss 1.9670
accuracy ( less than 0.1 ): 0.2647
median val loss 0.6121
total test iterations: 125 
average test loss 1.8638
accuracy ( less than 0.1 ): 0.2581
median test loss 0.5903
Consuming time:98.11 in the epoch: 29
Best test loss is 1.83
---------------*****---------------
---------------*****---------------
Starting training the epoch: 30 
total batch: 581.6875 
batch:99 average train loss 1.6089
batch:199 average train loss 1.6660
batch:299 average train loss 1.6886
batch:399 average train loss 1.7085
batch:499 average train loss 1.6867
average train loss 1.6969
Train Consuming time:76.59 in the epoch: 30
total val iterations: 125 
average val loss 1.9707
accuracy ( less than 0.1 ): 0.2620
median val loss 0.6093
total test iterations: 125 
average test loss 1.8682
accuracy ( less than 0.1 ): 0.2544
median test loss 0.5922
Consuming time:98.99 in the epoch: 30
Best test loss is 1.83
---------------*****---------------
---------------*****---------------
Starting training the epoch: 31 
total batch: 581.6875 
batch:99 average train loss 1.6082
batch:199 average train loss 1.6602
batch:299 average train loss 1.6851
batch:399 average train loss 1.7059
batch:499 average train loss 1.6851
average train loss 1.6955
Train Consuming time:74.77 in the epoch: 31
total val iterations: 125 
average val loss 1.9695
accuracy ( less than 0.1 ): 0.2645
median val loss 0.6066
total test iterations: 125 
average test loss 1.8666
accuracy ( less than 0.1 ): 0.2568
median test loss 0.5896
Consuming time:97.86 in the epoch: 31
Best test loss is 1.83
---------------*****---------------
---------------*****---------------
Starting training the epoch: 32 
total batch: 581.6875 
batch:99 average train loss 1.6003
batch:199 average train loss 1.6530
batch:299 average train loss 1.6782
batch:399 average train loss 1.6995
batch:499 average train loss 1.6800
average train loss 1.6911
Train Consuming time:75.40 in the epoch: 32
total val iterations: 125 
average val loss 1.9668
accuracy ( less than 0.1 ): 0.2600
median val loss 0.5983
total test iterations: 125 
average test loss 1.8704
accuracy ( less than 0.1 ): 0.2506
median test loss 0.5785
Consuming time:98.04 in the epoch: 32
Best test loss is 1.83
---------------*****---------------
---------------*****---------------
Starting training the epoch: 33 
total batch: 581.6875 
batch:99 average train loss 1.5963
batch:199 average train loss 1.6491
batch:299 average train loss 1.6728
batch:399 average train loss 1.6982
batch:499 average train loss 1.6778
average train loss 1.6875
Train Consuming time:78.14 in the epoch: 33
total val iterations: 125 
average val loss 1.9694
accuracy ( less than 0.1 ): 0.2631
median val loss 0.6006
total test iterations: 125 
average test loss 1.8684
accuracy ( less than 0.1 ): 0.2528
median test loss 0.5859
Consuming time:101.17 in the epoch: 33
Best test loss is 1.83
---------------*****---------------
---------------*****---------------
Starting training the epoch: 34 
total batch: 581.6875 
batch:99 average train loss 1.5977
batch:199 average train loss 1.6509
batch:299 average train loss 1.6735
batch:399 average train loss 1.6968
batch:499 average train loss 1.6752
average train loss 1.6866
Train Consuming time:76.42 in the epoch: 34
total val iterations: 125 
average val loss 1.9747
accuracy ( less than 0.1 ): 0.2652
median val loss 0.5969
total test iterations: 125 
average test loss 1.8700
accuracy ( less than 0.1 ): 0.2589
median test loss 0.5839
Consuming time:99.71 in the epoch: 34
Best test loss is 1.83
---------------*****---------------
---------------*****---------------
Starting training the epoch: 35 
total batch: 581.6875 
batch:99 average train loss 1.5994
batch:199 average train loss 1.6492
batch:299 average train loss 1.6726
batch:399 average train loss 1.6944
batch:499 average train loss 1.6738
average train loss 1.6853
Train Consuming time:76.66 in the epoch: 35
total val iterations: 125 
average val loss 1.9619
accuracy ( less than 0.1 ): 0.2613
median val loss 0.5925
total test iterations: 125 
average test loss 1.8631
accuracy ( less than 0.1 ): 0.2495
median test loss 0.5819
Consuming time:100.14 in the epoch: 35
Best test loss is 1.83
---------------*****---------------
---------------*****---------------
Starting training the epoch: 36 
total batch: 581.6875 
batch:99 average train loss 1.5947
batch:199 average train loss 1.6434
batch:299 average train loss 1.6672
batch:399 average train loss 1.6890
batch:499 average train loss 1.6690
average train loss 1.6797
Train Consuming time:77.16 in the epoch: 36
total val iterations: 125 
average val loss 1.9692
accuracy ( less than 0.1 ): 0.2641
median val loss 0.5982
total test iterations: 125 
average test loss 1.8736
accuracy ( less than 0.1 ): 0.2490
median test loss 0.5772
Consuming time:100.17 in the epoch: 36
Best test loss is 1.83
---------------*****---------------
---------------*****---------------
Starting training the epoch: 37 
total batch: 581.6875 
batch:99 average train loss 1.5950
batch:199 average train loss 1.6395
batch:299 average train loss 1.6645
batch:399 average train loss 1.6890
batch:499 average train loss 1.6689
average train loss 1.6795
Train Consuming time:77.50 in the epoch: 37
total val iterations: 125 
average val loss 1.9665
accuracy ( less than 0.1 ): 0.2621
median val loss 0.5960
total test iterations: 125 
average test loss 1.8659
accuracy ( less than 0.1 ): 0.2486
median test loss 0.5733
Consuming time:99.38 in the epoch: 37
Best test loss is 1.83
---------------*****---------------
---------------*****---------------
Starting training the epoch: 38 
total batch: 581.6875 
batch:99 average train loss 1.5894
batch:199 average train loss 1.6371
batch:299 average train loss 1.6601
batch:399 average train loss 1.6838
batch:499 average train loss 1.6645
average train loss 1.6760
Train Consuming time:67.92 in the epoch: 38
total val iterations: 125 
average val loss 1.9709
accuracy ( less than 0.1 ): 0.2581
median val loss 0.5901
total test iterations: 125 
average test loss 1.8777
accuracy ( less than 0.1 ): 0.2487
median test loss 0.5853
Consuming time:89.14 in the epoch: 38
Best test loss is 1.83
---------------*****---------------
---------------*****---------------
Starting training the epoch: 39 
total batch: 581.6875 
batch:99 average train loss 1.5903
batch:199 average train loss 1.6376
batch:299 average train loss 1.6592
batch:399 average train loss 1.6819
batch:499 average train loss 1.6620
average train loss 1.6732
Train Consuming time:63.88 in the epoch: 39
total val iterations: 125 
average val loss 1.9629
accuracy ( less than 0.1 ): 0.2547
median val loss 0.5982
total test iterations: 125 
average test loss 1.8679
accuracy ( less than 0.1 ): 0.2429
median test loss 0.5642
Consuming time:85.12 in the epoch: 39
Best test loss is 1.83
---------------*****---------------
---------------*****---------------
Starting training the epoch: 40 
total batch: 581.6875 
batch:99 average train loss 1.5870
batch:199 average train loss 1.6314
batch:299 average train loss 1.6530
batch:399 average train loss 1.6775
batch:499 average train loss 1.6580
average train loss 1.6693
Train Consuming time:64.29 in the epoch: 40
total val iterations: 125 
average val loss 1.9706
accuracy ( less than 0.1 ): 0.2564
median val loss 0.5956
total test iterations: 125 
average test loss 1.8661
accuracy ( less than 0.1 ): 0.2477
median test loss 0.5729
Consuming time:85.47 in the epoch: 40
Best test loss is 1.83
---------------*****---------------
---------------*****---------------
Starting training the epoch: 41 
total batch: 581.6875 
batch:99 average train loss 1.5807
batch:199 average train loss 1.6277
batch:299 average train loss 1.6495
batch:399 average train loss 1.6728
batch:499 average train loss 1.6539
average train loss 1.6648
Train Consuming time:63.48 in the epoch: 41
total val iterations: 125 
average val loss 1.9686
accuracy ( less than 0.1 ): 0.2547
median val loss 0.5924
total test iterations: 125 
average test loss 1.8686
accuracy ( less than 0.1 ): 0.2446
median test loss 0.5712
Consuming time:84.14 in the epoch: 41
Best test loss is 1.83
---------------*****---------------
---------------*****---------------
Starting training the epoch: 42 
total batch: 581.6875 
batch:99 average train loss 1.5856
batch:199 average train loss 1.6325
batch:299 average train loss 1.6521
batch:399 average train loss 1.6774
batch:499 average train loss 1.6572
average train loss 1.6671
Train Consuming time:63.08 in the epoch: 42
total val iterations: 125 
average val loss 1.9733
accuracy ( less than 0.1 ): 0.2532
median val loss 0.5916
total test iterations: 125 
average test loss 1.8744
accuracy ( less than 0.1 ): 0.2418
median test loss 0.5741
Consuming time:87.98 in the epoch: 42
Best test loss is 1.83
---------------*****---------------
---------------*****---------------
Starting training the epoch: 43 
total batch: 581.6875 
batch:99 average train loss 1.5791
batch:199 average train loss 1.6246
batch:299 average train loss 1.6469
batch:399 average train loss 1.6718
batch:499 average train loss 1.6520
average train loss 1.6623
Train Consuming time:90.03 in the epoch: 43
total val iterations: 125 
average val loss 1.9757
accuracy ( less than 0.1 ): 0.2555
median val loss 0.5906
total test iterations: 125 
average test loss 1.8720
accuracy ( less than 0.1 ): 0.2452
median test loss 0.5723
Consuming time:122.75 in the epoch: 43
Best test loss is 1.83
---------------*****---------------
---------------*****---------------
Starting training the epoch: 44 
total batch: 581.6875 
batch:99 average train loss 1.5829
batch:199 average train loss 1.6275
batch:299 average train loss 1.6495
batch:399 average train loss 1.6731
batch:499 average train loss 1.6528
average train loss 1.6629
Train Consuming time:93.92 in the epoch: 44
total val iterations: 125 
average val loss 1.9712
accuracy ( less than 0.1 ): 0.2581
median val loss 0.5855
total test iterations: 125 
average test loss 1.8739
accuracy ( less than 0.1 ): 0.2446
median test loss 0.5693
Consuming time:127.44 in the epoch: 44
Best test loss is 1.83
---------------*****---------------
---------------*****---------------
Starting training the epoch: 45 
total batch: 581.6875 
batch:99 average train loss 1.5765
batch:199 average train loss 1.6221
batch:299 average train loss 1.6446
batch:399 average train loss 1.6680
batch:499 average train loss 1.6483
average train loss 1.6586
Train Consuming time:93.22 in the epoch: 45
total val iterations: 125 
average val loss 1.9750
accuracy ( less than 0.1 ): 0.2513
median val loss 0.5881
total test iterations: 125 
average test loss 1.8719
accuracy ( less than 0.1 ): 0.2390
median test loss 0.5631
Consuming time:126.70 in the epoch: 45
Best test loss is 1.83
---------------*****---------------
---------------*****---------------
Starting training the epoch: 46 
total batch: 581.6875 
batch:99 average train loss 1.5743
batch:199 average train loss 1.6203
batch:299 average train loss 1.6419
batch:399 average train loss 1.6662
batch:499 average train loss 1.6465
average train loss 1.6565
Train Consuming time:91.77 in the epoch: 46
total val iterations: 125 
average val loss 1.9787
accuracy ( less than 0.1 ): 0.2542
median val loss 0.5794
total test iterations: 125 
average test loss 1.8741
accuracy ( less than 0.1 ): 0.2441
median test loss 0.5706
Consuming time:123.63 in the epoch: 46
Best test loss is 1.83
---------------*****---------------
---------------*****---------------
Starting training the epoch: 47 
total batch: 581.6875 
batch:99 average train loss 1.5748
batch:199 average train loss 1.6195
batch:299 average train loss 1.6395
batch:399 average train loss 1.6633
batch:499 average train loss 1.6441
average train loss 1.6559
Train Consuming time:92.10 in the epoch: 47
total val iterations: 125 
average val loss 1.9755
accuracy ( less than 0.1 ): 0.2535
median val loss 0.5866
total test iterations: 125 
average test loss 1.8803
accuracy ( less than 0.1 ): 0.2458
median test loss 0.5802
Consuming time:132.28 in the epoch: 47
Best test loss is 1.83
---------------*****---------------
---------------*****---------------
Starting training the epoch: 48 
total batch: 581.6875 
batch:99 average train loss 1.5716
batch:199 average train loss 1.6155
batch:299 average train loss 1.6363
batch:399 average train loss 1.6589
batch:499 average train loss 1.6401
average train loss 1.6510
Train Consuming time:90.97 in the epoch: 48
total val iterations: 125 
average val loss 1.9744
accuracy ( less than 0.1 ): 0.2542
median val loss 0.5891
total test iterations: 125 
average test loss 1.8701
accuracy ( less than 0.1 ): 0.2428
median test loss 0.5632
Consuming time:123.33 in the epoch: 48
Best test loss is 1.83
---------------*****---------------
---------------*****---------------
Starting training the epoch: 49 
total batch: 581.6875 
batch:99 average train loss 1.5693
batch:199 average train loss 1.6155
batch:299 average train loss 1.6369
batch:399 average train loss 1.6593
batch:499 average train loss 1.6394
average train loss 1.6488
Train Consuming time:91.97 in the epoch: 49
total val iterations: 125 
average val loss 1.9836
accuracy ( less than 0.1 ): 0.2540
median val loss 0.5949
total test iterations: 125 
average test loss 1.8781
accuracy ( less than 0.1 ): 0.2442
median test loss 0.5657
Consuming time:124.26 in the epoch: 49
Best test loss is 1.83
---------------*****---------------
