/home/ta/anaconda3/lib/python3.6/site-packages/numba/decorators.py:149: RuntimeWarning: Caching is not available when the 'parallel' target is in use. Caching is now being disabled to allow execution to continue.
  warnings.warn(msg, RuntimeWarning)
/home/ta/anaconda3/lib/python3.6/site-packages/tensorflow/python/framework/dtypes.py:516: FutureWarning: Passing (type, 1) or '1type' as a synonym of type is deprecated; in a future version of numpy, it will be understood as (type, (1,)) / '(1,)type'.
  _np_qint8 = np.dtype([("qint8", np.int8, 1)])
/home/ta/anaconda3/lib/python3.6/site-packages/tensorflow/python/framework/dtypes.py:517: FutureWarning: Passing (type, 1) or '1type' as a synonym of type is deprecated; in a future version of numpy, it will be understood as (type, (1,)) / '(1,)type'.
  _np_quint8 = np.dtype([("quint8", np.uint8, 1)])
/home/ta/anaconda3/lib/python3.6/site-packages/tensorflow/python/framework/dtypes.py:518: FutureWarning: Passing (type, 1) or '1type' as a synonym of type is deprecated; in a future version of numpy, it will be understood as (type, (1,)) / '(1,)type'.
  _np_qint16 = np.dtype([("qint16", np.int16, 1)])
/home/ta/anaconda3/lib/python3.6/site-packages/tensorflow/python/framework/dtypes.py:519: FutureWarning: Passing (type, 1) or '1type' as a synonym of type is deprecated; in a future version of numpy, it will be understood as (type, (1,)) / '(1,)type'.
  _np_quint16 = np.dtype([("quint16", np.uint16, 1)])
/home/ta/anaconda3/lib/python3.6/site-packages/tensorflow/python/framework/dtypes.py:520: FutureWarning: Passing (type, 1) or '1type' as a synonym of type is deprecated; in a future version of numpy, it will be understood as (type, (1,)) / '(1,)type'.
  _np_qint32 = np.dtype([("qint32", np.int32, 1)])
/home/ta/anaconda3/lib/python3.6/site-packages/tensorflow/python/framework/dtypes.py:525: FutureWarning: Passing (type, 1) or '1type' as a synonym of type is deprecated; in a future version of numpy, it will be understood as (type, (1,)) / '(1,)type'.
  np_resource = np.dtype([("resource", np.ubyte, 1)])
/home/ta/.local/lib/python3.6/site-packages/tensorboard/compat/tensorflow_stub/dtypes.py:541: FutureWarning: Passing (type, 1) or '1type' as a synonym of type is deprecated; in a future version of numpy, it will be understood as (type, (1,)) / '(1,)type'.
  _np_qint8 = np.dtype([("qint8", np.int8, 1)])
/home/ta/.local/lib/python3.6/site-packages/tensorboard/compat/tensorflow_stub/dtypes.py:542: FutureWarning: Passing (type, 1) or '1type' as a synonym of type is deprecated; in a future version of numpy, it will be understood as (type, (1,)) / '(1,)type'.
  _np_quint8 = np.dtype([("quint8", np.uint8, 1)])
/home/ta/.local/lib/python3.6/site-packages/tensorboard/compat/tensorflow_stub/dtypes.py:543: FutureWarning: Passing (type, 1) or '1type' as a synonym of type is deprecated; in a future version of numpy, it will be understood as (type, (1,)) / '(1,)type'.
  _np_qint16 = np.dtype([("qint16", np.int16, 1)])
/home/ta/.local/lib/python3.6/site-packages/tensorboard/compat/tensorflow_stub/dtypes.py:544: FutureWarning: Passing (type, 1) or '1type' as a synonym of type is deprecated; in a future version of numpy, it will be understood as (type, (1,)) / '(1,)type'.
  _np_quint16 = np.dtype([("quint16", np.uint16, 1)])
/home/ta/.local/lib/python3.6/site-packages/tensorboard/compat/tensorflow_stub/dtypes.py:545: FutureWarning: Passing (type, 1) or '1type' as a synonym of type is deprecated; in a future version of numpy, it will be understood as (type, (1,)) / '(1,)type'.
  _np_qint32 = np.dtype([("qint32", np.int32, 1)])
/home/ta/.local/lib/python3.6/site-packages/tensorboard/compat/tensorflow_stub/dtypes.py:550: FutureWarning: Passing (type, 1) or '1type' as a synonym of type is deprecated; in a future version of numpy, it will be understood as (type, (1,)) / '(1,)type'.
  np_resource = np.dtype([("resource", np.ubyte, 1)])
===================configuration===================
learning rate :0.001 
num_mlp_layers : 1
num_layers : 2
gnn input_features : 100
gnn output_features : 128
input of rnn/transformer : 128
hidden_size (out put of rnn/tranformer) : 128
observation hour [7,19]
observation interval : 180
observation threshold : 3600
prediction time : 86400
cascade length [5,100]
model save at : ../model_save/cas2vec/
===================configuration===================
len(Y_train), len(Y_valid), len(Y_test): 37228 7978 7978
preparing time:75.080557346344
====bidirected: False, attention: GAT, gcn_type: self, rnn: gru====
single linear
total parameters 140073
---------------*****---------------
Starting training the epoch: 0 
total batch: 581.6875 
batch:99 average train loss 3.1720
batch:199 average train loss 2.8225
batch:299 average train loss 2.6322
batch:399 average train loss 2.5265
batch:499 average train loss 2.4326
average train loss 2.3992
Train Consuming time:78.03 in the epoch: 0
total val iterations: 125 
average val loss 2.2012
accuracy ( less than 0.1 ): 0.1341
median val loss 0.5852
total test iterations: 125 
average test loss 2.0690
accuracy ( less than 0.1 ): 0.1357
median test loss 0.5602
Consuming time:101.05 in the epoch: 0
Best test loss is 2.07
---------------*****---------------
---------------*****---------------
Starting training the epoch: 1 
total batch: 581.6875 
batch:99 average train loss 1.9805
batch:199 average train loss 2.0263
batch:299 average train loss 2.0332
batch:399 average train loss 2.0446
batch:499 average train loss 2.0235
average train loss 2.0364
Train Consuming time:77.73 in the epoch: 1
total val iterations: 125 
average val loss 2.0981
accuracy ( less than 0.1 ): 0.1694
median val loss 0.5642
total test iterations: 125 
average test loss 1.9765
accuracy ( less than 0.1 ): 0.1662
median test loss 0.5424
Consuming time:101.44 in the epoch: 1
Best test loss is 1.98
---------------*****---------------
---------------*****---------------
Starting training the epoch: 2 
total batch: 581.6875 
batch:99 average train loss 1.9050
batch:199 average train loss 1.9555
batch:299 average train loss 1.9729
batch:399 average train loss 1.9855
batch:499 average train loss 1.9700
average train loss 1.9836
Train Consuming time:77.77 in the epoch: 2
total val iterations: 125 
average val loss 2.1560
accuracy ( less than 0.1 ): 0.1666
median val loss 0.5652
total test iterations: 125 
average test loss 2.0440
accuracy ( less than 0.1 ): 0.1662
median test loss 0.5362
Consuming time:101.66 in the epoch: 2
Best test loss is 1.98
---------------*****---------------
---------------*****---------------
Starting training the epoch: 3 
total batch: 581.6875 
batch:99 average train loss 1.8536
batch:199 average train loss 1.9148
batch:299 average train loss 1.9303
batch:399 average train loss 1.9482
batch:499 average train loss 1.9340
average train loss 1.9481
Train Consuming time:77.91 in the epoch: 3
total val iterations: 125 
average val loss 2.0952
accuracy ( less than 0.1 ): 0.1728
median val loss 0.5566
total test iterations: 125 
average test loss 1.9830
accuracy ( less than 0.1 ): 0.1665
median test loss 0.5335
Consuming time:102.14 in the epoch: 3
Best test loss is 1.98
---------------*****---------------
---------------*****---------------
Starting training the epoch: 4 
total batch: 581.6875 
batch:99 average train loss 1.8354
batch:199 average train loss 1.8914
batch:299 average train loss 1.9058
batch:399 average train loss 1.9252
batch:499 average train loss 1.9099
average train loss 1.9236
Train Consuming time:83.14 in the epoch: 4
total val iterations: 125 
average val loss 2.0474
accuracy ( less than 0.1 ): 0.1815
median val loss 0.5554
total test iterations: 125 
average test loss 1.9425
accuracy ( less than 0.1 ): 0.1757
median test loss 0.5513
Consuming time:107.21 in the epoch: 4
Best test loss is 1.94
---------------*****---------------
---------------*****---------------
Starting training the epoch: 5 
total batch: 581.6875 
batch:99 average train loss 1.8046
batch:199 average train loss 1.8745
batch:299 average train loss 1.8872
batch:399 average train loss 1.9060
batch:499 average train loss 1.8912
average train loss 1.9061
Train Consuming time:79.12 in the epoch: 5
total val iterations: 125 
average val loss 2.0350
accuracy ( less than 0.1 ): 0.1723
median val loss 0.5520
total test iterations: 125 
average test loss 1.9156
accuracy ( less than 0.1 ): 0.1717
median test loss 0.5392
Consuming time:102.98 in the epoch: 5
Best test loss is 1.92
---------------*****---------------
---------------*****---------------
Starting training the epoch: 6 
total batch: 581.6875 
batch:99 average train loss 1.7870
batch:199 average train loss 1.8519
batch:299 average train loss 1.8646
batch:399 average train loss 1.8860
batch:499 average train loss 1.8722
average train loss 1.8882
Train Consuming time:79.11 in the epoch: 6
total val iterations: 125 
average val loss 2.0533
accuracy ( less than 0.1 ): 0.1793
median val loss 0.5725
total test iterations: 125 
average test loss 1.9266
accuracy ( less than 0.1 ): 0.1757
median test loss 0.5553
Consuming time:103.07 in the epoch: 6
Best test loss is 1.92
---------------*****---------------
---------------*****---------------
Starting training the epoch: 7 
total batch: 581.6875 
batch:99 average train loss 1.7811
batch:199 average train loss 1.8463
batch:299 average train loss 1.8567
batch:399 average train loss 1.8730
batch:499 average train loss 1.8604
average train loss 1.8749
Train Consuming time:75.10 in the epoch: 7
total val iterations: 125 
average val loss 2.0295
accuracy ( less than 0.1 ): 0.1815
median val loss 0.5630
total test iterations: 125 
average test loss 1.9111
accuracy ( less than 0.1 ): 0.1801
median test loss 0.5456
Consuming time:98.26 in the epoch: 7
Best test loss is 1.91
---------------*****---------------
---------------*****---------------
Starting training the epoch: 8 
total batch: 581.6875 
batch:99 average train loss 1.7596
batch:199 average train loss 1.8276
batch:299 average train loss 1.8393
batch:399 average train loss 1.8575
batch:499 average train loss 1.8448
average train loss 1.8602
Train Consuming time:74.99 in the epoch: 8
total val iterations: 125 
average val loss 2.0202
accuracy ( less than 0.1 ): 0.1862
median val loss 0.5729
total test iterations: 125 
average test loss 1.9076
accuracy ( less than 0.1 ): 0.1847
median test loss 0.5505
Consuming time:102.48 in the epoch: 8
Best test loss is 1.91
---------------*****---------------
---------------*****---------------
Starting training the epoch: 9 
total batch: 581.6875 
batch:99 average train loss 1.7459
batch:199 average train loss 1.8139
batch:299 average train loss 1.8249
batch:399 average train loss 1.8414
batch:499 average train loss 1.8289
average train loss 1.8443
Train Consuming time:74.54 in the epoch: 9
total val iterations: 125 
average val loss 2.0089
accuracy ( less than 0.1 ): 0.1875
median val loss 0.5493
total test iterations: 125 
average test loss 1.8989
accuracy ( less than 0.1 ): 0.1851
median test loss 0.5508
Consuming time:97.87 in the epoch: 9
Best test loss is 1.90
---------------*****---------------
---------------*****---------------
Starting training the epoch: 10 
total batch: 581.6875 
batch:99 average train loss 1.7362
batch:199 average train loss 1.8086
batch:299 average train loss 1.8193
batch:399 average train loss 1.8363
batch:499 average train loss 1.8213
average train loss 1.8379
Train Consuming time:75.39 in the epoch: 10
total val iterations: 125 
average val loss 1.9984
accuracy ( less than 0.1 ): 0.1968
median val loss 0.5668
total test iterations: 125 
average test loss 1.8925
accuracy ( less than 0.1 ): 0.1914
median test loss 0.5548
Consuming time:98.85 in the epoch: 10
Best test loss is 1.89
---------------*****---------------
---------------*****---------------
Starting training the epoch: 11 
total batch: 581.6875 
batch:99 average train loss 1.7384
batch:199 average train loss 1.7962
batch:299 average train loss 1.8080
batch:399 average train loss 1.8242
batch:499 average train loss 1.8097
average train loss 1.8255
Train Consuming time:72.30 in the epoch: 11
total val iterations: 125 
average val loss 2.0103
accuracy ( less than 0.1 ): 0.1920
median val loss 0.5742
total test iterations: 125 
average test loss 1.9027
accuracy ( less than 0.1 ): 0.1871
median test loss 0.5501
Consuming time:94.79 in the epoch: 11
Best test loss is 1.89
---------------*****---------------
---------------*****---------------
Starting training the epoch: 12 
total batch: 581.6875 
batch:99 average train loss 1.7190
batch:199 average train loss 1.7833
batch:299 average train loss 1.7956
batch:399 average train loss 1.8109
batch:499 average train loss 1.7958
average train loss 1.8111
Train Consuming time:72.24 in the epoch: 12
total val iterations: 125 
average val loss 2.0193
accuracy ( less than 0.1 ): 0.1750
median val loss 0.5685
total test iterations: 125 
average test loss 1.9193
accuracy ( less than 0.1 ): 0.1748
median test loss 0.5583
Consuming time:94.98 in the epoch: 12
Best test loss is 1.89
---------------*****---------------
---------------*****---------------
Starting training the epoch: 13 
total batch: 581.6875 
batch:99 average train loss 1.6916
batch:199 average train loss 1.7657
batch:299 average train loss 1.7846
batch:399 average train loss 1.7999
batch:499 average train loss 1.7866
average train loss 1.8040
Train Consuming time:71.49 in the epoch: 13
total val iterations: 125 
average val loss 2.0008
accuracy ( less than 0.1 ): 0.1967
median val loss 0.5799
total test iterations: 125 
average test loss 1.8932
accuracy ( less than 0.1 ): 0.1947
median test loss 0.5648
Consuming time:97.25 in the epoch: 13
Best test loss is 1.89
---------------*****---------------
---------------*****---------------
Starting training the epoch: 14 
total batch: 581.6875 
batch:99 average train loss 1.6795
batch:199 average train loss 1.7582
batch:299 average train loss 1.7747
batch:399 average train loss 1.7893
batch:499 average train loss 1.7737
average train loss 1.7917
Train Consuming time:69.20 in the epoch: 14
total val iterations: 125 
average val loss 1.9903
accuracy ( less than 0.1 ): 0.2033
median val loss 0.5651
total test iterations: 125 
average test loss 1.8848
accuracy ( less than 0.1 ): 0.2007
median test loss 0.5583
Consuming time:90.60 in the epoch: 14
Best test loss is 1.88
---------------*****---------------
---------------*****---------------
Starting training the epoch: 15 
total batch: 581.6875 
batch:99 average train loss 1.6636
batch:199 average train loss 1.7420
batch:299 average train loss 1.7585
batch:399 average train loss 1.7738
batch:499 average train loss 1.7599
average train loss 1.7776
Train Consuming time:68.45 in the epoch: 15
total val iterations: 125 
average val loss 2.0142
accuracy ( less than 0.1 ): 0.1884
median val loss 0.5665
total test iterations: 125 
average test loss 1.9059
accuracy ( less than 0.1 ): 0.1855
median test loss 0.5702
Consuming time:89.92 in the epoch: 15
Best test loss is 1.88
---------------*****---------------
---------------*****---------------
Starting training the epoch: 16 
total batch: 581.6875 
batch:99 average train loss 1.6653
batch:199 average train loss 1.7315
batch:299 average train loss 1.7471
batch:399 average train loss 1.7658
batch:499 average train loss 1.7525
average train loss 1.7689
Train Consuming time:68.73 in the epoch: 16
total val iterations: 125 
average val loss 2.0050
accuracy ( less than 0.1 ): 0.1878
median val loss 0.5587
total test iterations: 125 
average test loss 1.9025
accuracy ( less than 0.1 ): 0.1891
median test loss 0.5566
Consuming time:90.12 in the epoch: 16
Best test loss is 1.88
---------------*****---------------
---------------*****---------------
Starting training the epoch: 17 
total batch: 581.6875 
batch:99 average train loss 1.6306
batch:199 average train loss 1.7081
batch:299 average train loss 1.7251
batch:399 average train loss 1.7402
batch:499 average train loss 1.7273
average train loss 1.7448
Train Consuming time:68.77 in the epoch: 17
total val iterations: 125 
average val loss 2.0123
accuracy ( less than 0.1 ): 0.1888
median val loss 0.5614
total test iterations: 125 
average test loss 1.9080
accuracy ( less than 0.1 ): 0.1861
median test loss 0.5533
Consuming time:90.18 in the epoch: 17
Best test loss is 1.88
---------------*****---------------
---------------*****---------------
Starting training the epoch: 18 
total batch: 581.6875 
batch:99 average train loss 1.6269
batch:199 average train loss 1.7038
batch:299 average train loss 1.7176
batch:399 average train loss 1.7339
batch:499 average train loss 1.7213
average train loss 1.7378
Train Consuming time:72.54 in the epoch: 18
total val iterations: 125 
average val loss 2.0312
accuracy ( less than 0.1 ): 0.1967
median val loss 0.5889
total test iterations: 125 
average test loss 1.9092
accuracy ( less than 0.1 ): 0.1913
median test loss 0.5810
Consuming time:94.02 in the epoch: 18
Best test loss is 1.88
---------------*****---------------
---------------*****---------------
Starting training the epoch: 19 
total batch: 581.6875 
batch:99 average train loss 1.6256
batch:199 average train loss 1.6975
batch:299 average train loss 1.7097
batch:399 average train loss 1.7241
batch:499 average train loss 1.7104
average train loss 1.7307
Train Consuming time:68.51 in the epoch: 19
total val iterations: 125 
average val loss 2.0173
accuracy ( less than 0.1 ): 0.2050
median val loss 0.5963
total test iterations: 125 
average test loss 1.9101
accuracy ( less than 0.1 ): 0.2004
median test loss 0.5671
Consuming time:89.98 in the epoch: 19
Best test loss is 1.88
---------------*****---------------
---------------*****---------------
Starting training the epoch: 20 
total batch: 581.6875 
batch:99 average train loss 1.6372
batch:199 average train loss 1.6998
batch:299 average train loss 1.7078
batch:399 average train loss 1.7210
batch:499 average train loss 1.6937
average train loss 1.6992
Train Consuming time:68.13 in the epoch: 20
total val iterations: 125 
average val loss 2.0288
accuracy ( less than 0.1 ): 0.2620
median val loss 0.6419
total test iterations: 125 
average test loss 1.9178
accuracy ( less than 0.1 ): 0.2602
median test loss 0.6361
Consuming time:89.40 in the epoch: 20
Best test loss is 1.88
---------------*****---------------
---------------*****---------------
Starting training the epoch: 21 
total batch: 581.6875 
batch:99 average train loss 1.6120
batch:199 average train loss 1.6763
batch:299 average train loss 1.6816
batch:399 average train loss 1.6951
batch:499 average train loss 1.6705
average train loss 1.6772
Train Consuming time:63.91 in the epoch: 21
total val iterations: 125 
average val loss 2.0161
accuracy ( less than 0.1 ): 0.2581
median val loss 0.6218
total test iterations: 125 
average test loss 1.8989
accuracy ( less than 0.1 ): 0.2618
median test loss 0.6204
Consuming time:84.63 in the epoch: 21
Best test loss is 1.88
---------------*****---------------
---------------*****---------------
Starting training the epoch: 22 
total batch: 581.6875 
batch:99 average train loss 1.5978
batch:199 average train loss 1.6619
batch:299 average train loss 1.6676
batch:399 average train loss 1.6788
batch:499 average train loss 1.6543
average train loss 1.6636
Train Consuming time:63.36 in the epoch: 22
total val iterations: 125 
average val loss 2.0225
accuracy ( less than 0.1 ): 0.2578
median val loss 0.6305
total test iterations: 125 
average test loss 1.9073
accuracy ( less than 0.1 ): 0.2550
median test loss 0.6244
Consuming time:84.16 in the epoch: 22
Best test loss is 1.88
---------------*****---------------
---------------*****---------------
Starting training the epoch: 23 
total batch: 581.6875 
batch:99 average train loss 1.5798
batch:199 average train loss 1.6464
batch:299 average train loss 1.6550
batch:399 average train loss 1.6662
batch:499 average train loss 1.6432
average train loss 1.6548
Train Consuming time:67.65 in the epoch: 23
total val iterations: 125 
average val loss 2.0189
accuracy ( less than 0.1 ): 0.2603
median val loss 0.6294
total test iterations: 125 
average test loss 1.9055
accuracy ( less than 0.1 ): 0.2647
median test loss 0.6240
Consuming time:88.29 in the epoch: 23
Best test loss is 1.88
---------------*****---------------
---------------*****---------------
Starting training the epoch: 24 
total batch: 581.6875 
batch:99 average train loss 1.5718
batch:199 average train loss 1.6417
batch:299 average train loss 1.6493
batch:399 average train loss 1.6629
batch:499 average train loss 1.6393
average train loss 1.6500
Train Consuming time:63.41 in the epoch: 24
total val iterations: 125 
average val loss 2.0192
accuracy ( less than 0.1 ): 0.2554
median val loss 0.6310
total test iterations: 125 
average test loss 1.9074
accuracy ( less than 0.1 ): 0.2567
median test loss 0.6207
Consuming time:84.19 in the epoch: 24
Best test loss is 1.88
---------------*****---------------
---------------*****---------------
Starting training the epoch: 25 
total batch: 581.6875 
batch:99 average train loss 1.5704
batch:199 average train loss 1.6363
batch:299 average train loss 1.6415
batch:399 average train loss 1.6527
batch:499 average train loss 1.6287
average train loss 1.6401
Train Consuming time:63.76 in the epoch: 25
total val iterations: 125 
average val loss 2.0217
accuracy ( less than 0.1 ): 0.2549
median val loss 0.6435
total test iterations: 125 
average test loss 1.9087
accuracy ( less than 0.1 ): 0.2558
median test loss 0.6220
Consuming time:84.38 in the epoch: 25
Best test loss is 1.88
---------------*****---------------
---------------*****---------------
Starting training the epoch: 26 
total batch: 581.6875 
batch:99 average train loss 1.5601
batch:199 average train loss 1.6263
batch:299 average train loss 1.6375
batch:399 average train loss 1.6536
batch:499 average train loss 1.6295
average train loss 1.6406
Train Consuming time:63.96 in the epoch: 26
total val iterations: 125 
average val loss 2.0177
accuracy ( less than 0.1 ): 0.2544
median val loss 0.6407
total test iterations: 125 
average test loss 1.9089
accuracy ( less than 0.1 ): 0.2607
median test loss 0.6208
Consuming time:84.89 in the epoch: 26
Best test loss is 1.88
---------------*****---------------
---------------*****---------------
Starting training the epoch: 27 
total batch: 581.6875 
batch:99 average train loss 1.5498
batch:199 average train loss 1.6203
batch:299 average train loss 1.6294
batch:399 average train loss 1.6430
batch:499 average train loss 1.6203
average train loss 1.6320
Train Consuming time:63.69 in the epoch: 27
total val iterations: 125 
average val loss 2.0270
accuracy ( less than 0.1 ): 0.2618
median val loss 0.6351
total test iterations: 125 
average test loss 1.9118
accuracy ( less than 0.1 ): 0.2592
median test loss 0.6246
Consuming time:84.58 in the epoch: 27
Best test loss is 1.88
---------------*****---------------
---------------*****---------------
Starting training the epoch: 28 
total batch: 581.6875 
batch:99 average train loss 1.5497
batch:199 average train loss 1.6157
batch:299 average train loss 1.6226
batch:399 average train loss 1.6370
batch:499 average train loss 1.6168
average train loss 1.6277
Train Consuming time:67.88 in the epoch: 28
total val iterations: 125 
average val loss 2.0259
accuracy ( less than 0.1 ): 0.2579
median val loss 0.6366
total test iterations: 125 
average test loss 1.9103
accuracy ( less than 0.1 ): 0.2542
median test loss 0.6219
Consuming time:88.90 in the epoch: 28
Best test loss is 1.88
---------------*****---------------
---------------*****---------------
Starting training the epoch: 29 
total batch: 581.6875 
batch:99 average train loss 1.5465
batch:199 average train loss 1.6124
batch:299 average train loss 1.6197
batch:399 average train loss 1.6319
batch:499 average train loss 1.6102
average train loss 1.6235
Train Consuming time:63.92 in the epoch: 29
total val iterations: 125 
average val loss 2.0311
accuracy ( less than 0.1 ): 0.2583
median val loss 0.6433
total test iterations: 125 
average test loss 1.9187
accuracy ( less than 0.1 ): 0.2579
median test loss 0.6282
Consuming time:84.89 in the epoch: 29
Best test loss is 1.88
---------------*****---------------
---------------*****---------------
Starting training the epoch: 30 
total batch: 581.6875 
batch:99 average train loss 1.5445
batch:199 average train loss 1.6103
batch:299 average train loss 1.6180
batch:399 average train loss 1.6306
batch:499 average train loss 1.6090
average train loss 1.6205
Train Consuming time:64.12 in the epoch: 30
total val iterations: 125 
average val loss 2.0337
accuracy ( less than 0.1 ): 0.2576
median val loss 0.6445
total test iterations: 125 
average test loss 1.9178
accuracy ( less than 0.1 ): 0.2584
median test loss 0.6235
Consuming time:85.01 in the epoch: 30
Best test loss is 1.88
---------------*****---------------
---------------*****---------------
Starting training the epoch: 31 
total batch: 581.6875 
batch:99 average train loss 1.5358
batch:199 average train loss 1.6012
batch:299 average train loss 1.6114
batch:399 average train loss 1.6243
batch:499 average train loss 1.6030
average train loss 1.6145
Train Consuming time:64.28 in the epoch: 31
total val iterations: 125 
average val loss 2.0258
accuracy ( less than 0.1 ): 0.2495
median val loss 0.6352
total test iterations: 125 
average test loss 1.9168
accuracy ( less than 0.1 ): 0.2554
median test loss 0.6065
Consuming time:85.11 in the epoch: 31
Best test loss is 1.88
---------------*****---------------
---------------*****---------------
Starting training the epoch: 32 
total batch: 581.6875 
batch:99 average train loss 1.5340
batch:199 average train loss 1.5993
batch:299 average train loss 1.6077
batch:399 average train loss 1.6222
batch:499 average train loss 1.6017
average train loss 1.6128
Train Consuming time:64.00 in the epoch: 32
total val iterations: 125 
average val loss 2.0222
accuracy ( less than 0.1 ): 0.2528
median val loss 0.6416
total test iterations: 125 
average test loss 1.9157
accuracy ( less than 0.1 ): 0.2526
median test loss 0.6170
Consuming time:84.80 in the epoch: 32
Best test loss is 1.88
---------------*****---------------
---------------*****---------------
Starting training the epoch: 33 
total batch: 581.6875 
batch:99 average train loss 1.5295
batch:199 average train loss 1.5945
batch:299 average train loss 1.6033
batch:399 average train loss 1.6185
batch:499 average train loss 1.5974
average train loss 1.6086
Train Consuming time:67.78 in the epoch: 33
total val iterations: 125 
average val loss 2.0363
accuracy ( less than 0.1 ): 0.2525
median val loss 0.6418
total test iterations: 125 
average test loss 1.9268
accuracy ( less than 0.1 ): 0.2550
median test loss 0.6098
Consuming time:88.58 in the epoch: 33
Best test loss is 1.88
---------------*****---------------
---------------*****---------------
Starting training the epoch: 34 
total batch: 581.6875 
batch:99 average train loss 1.5244
batch:199 average train loss 1.5902
batch:299 average train loss 1.5990
batch:399 average train loss 1.6147
batch:499 average train loss 1.5941
average train loss 1.6056
Train Consuming time:63.95 in the epoch: 34
total val iterations: 125 
average val loss 2.0307
accuracy ( less than 0.1 ): 0.2518
median val loss 0.6364
total test iterations: 125 
average test loss 1.9212
accuracy ( less than 0.1 ): 0.2526
median test loss 0.6132
Consuming time:84.76 in the epoch: 34
Best test loss is 1.88
---------------*****---------------
---------------*****---------------
Starting training the epoch: 35 
total batch: 581.6875 
batch:99 average train loss 1.5163
batch:199 average train loss 1.5866
batch:299 average train loss 1.5964
batch:399 average train loss 1.6094
batch:499 average train loss 1.5880
average train loss 1.6001
Train Consuming time:63.79 in the epoch: 35
total val iterations: 125 
average val loss 2.0382
accuracy ( less than 0.1 ): 0.2543
median val loss 0.6421
total test iterations: 125 
average test loss 1.9245
accuracy ( less than 0.1 ): 0.2550
median test loss 0.6193
Consuming time:84.68 in the epoch: 35
Best test loss is 1.88
---------------*****---------------
---------------*****---------------
Starting training the epoch: 36 
total batch: 581.6875 
batch:99 average train loss 1.5162
batch:199 average train loss 1.5836
batch:299 average train loss 1.5908
batch:399 average train loss 1.6069
batch:499 average train loss 1.5867
average train loss 1.5979
Train Consuming time:63.68 in the epoch: 36
total val iterations: 125 
average val loss 2.0337
accuracy ( less than 0.1 ): 0.2482
median val loss 0.6342
total test iterations: 125 
average test loss 1.9280
accuracy ( less than 0.1 ): 0.2524
median test loss 0.6121
Consuming time:84.77 in the epoch: 36
Best test loss is 1.88
---------------*****---------------
---------------*****---------------
Starting training the epoch: 37 
total batch: 581.6875 
batch:99 average train loss 1.5139
batch:199 average train loss 1.5803
batch:299 average train loss 1.5881
batch:399 average train loss 1.6025
batch:499 average train loss 1.5823
average train loss 1.5937
Train Consuming time:63.74 in the epoch: 37
total val iterations: 125 
average val loss 2.0405
accuracy ( less than 0.1 ): 0.2539
median val loss 0.6446
total test iterations: 125 
average test loss 1.9333
accuracy ( less than 0.1 ): 0.2569
median test loss 0.6231
Consuming time:84.60 in the epoch: 37
Best test loss is 1.88
---------------*****---------------
---------------*****---------------
Starting training the epoch: 38 
total batch: 581.6875 
batch:99 average train loss 1.5053
batch:199 average train loss 1.5718
batch:299 average train loss 1.5806
batch:399 average train loss 1.5954
batch:499 average train loss 1.5754
average train loss 1.5866
Train Consuming time:68.57 in the epoch: 38
total val iterations: 125 
average val loss 2.0476
accuracy ( less than 0.1 ): 0.2554
median val loss 0.6483
total test iterations: 125 
average test loss 1.9350
accuracy ( less than 0.1 ): 0.2573
median test loss 0.6254
Consuming time:89.84 in the epoch: 38
Best test loss is 1.88
---------------*****---------------
---------------*****---------------
Starting training the epoch: 39 
total batch: 581.6875 
batch:99 average train loss 1.5059
batch:199 average train loss 1.5741
batch:299 average train loss 1.5820
batch:399 average train loss 1.5955
batch:499 average train loss 1.5754
average train loss 1.5864
Train Consuming time:64.80 in the epoch: 39
total val iterations: 125 
average val loss 2.0481
accuracy ( less than 0.1 ): 0.2523
median val loss 0.6459
total test iterations: 125 
average test loss 1.9392
accuracy ( less than 0.1 ): 0.2525
median test loss 0.6222
Consuming time:86.19 in the epoch: 39
Best test loss is 1.88
---------------*****---------------
---------------*****---------------
Starting training the epoch: 40 
total batch: 581.6875 
batch:99 average train loss 1.5047
batch:199 average train loss 1.5691
batch:299 average train loss 1.5744
batch:399 average train loss 1.5893
batch:499 average train loss 1.5694
average train loss 1.5817
Train Consuming time:64.94 in the epoch: 40
total val iterations: 125 
average val loss 2.0444
accuracy ( less than 0.1 ): 0.2549
median val loss 0.6415
total test iterations: 125 
average test loss 1.9380
accuracy ( less than 0.1 ): 0.2583
median test loss 0.6237
Consuming time:86.31 in the epoch: 40
Best test loss is 1.88
---------------*****---------------
---------------*****---------------
Starting training the epoch: 41 
total batch: 581.6875 
batch:99 average train loss 1.4967
batch:199 average train loss 1.5657
batch:299 average train loss 1.5732
batch:399 average train loss 1.5862
batch:499 average train loss 1.5672
average train loss 1.5787
Train Consuming time:65.03 in the epoch: 41
total val iterations: 125 
average val loss 2.0517
accuracy ( less than 0.1 ): 0.2532
median val loss 0.6402
total test iterations: 125 
average test loss 1.9403
accuracy ( less than 0.1 ): 0.2558
median test loss 0.6228
Consuming time:86.44 in the epoch: 41
Best test loss is 1.88
---------------*****---------------
---------------*****---------------
Starting training the epoch: 42 
total batch: 581.6875 
batch:99 average train loss 1.4924
batch:199 average train loss 1.5599
batch:299 average train loss 1.5678
batch:399 average train loss 1.5826
batch:499 average train loss 1.5635
average train loss 1.5756
Train Consuming time:64.71 in the epoch: 42
total val iterations: 125 
average val loss 2.0477
accuracy ( less than 0.1 ): 0.2540
median val loss 0.6495
total test iterations: 125 
average test loss 1.9409
accuracy ( less than 0.1 ): 0.2591
median test loss 0.6261
Consuming time:89.85 in the epoch: 42
Best test loss is 1.88
---------------*****---------------
---------------*****---------------
Starting training the epoch: 43 
total batch: 581.6875 
batch:99 average train loss 1.4900
batch:199 average train loss 1.5581
batch:299 average train loss 1.5653
batch:399 average train loss 1.5782
batch:499 average train loss 1.5586
average train loss 1.5704
Train Consuming time:64.28 in the epoch: 43
total val iterations: 125 
average val loss 2.0528
accuracy ( less than 0.1 ): 0.2516
median val loss 0.6456
total test iterations: 125 
average test loss 1.9476
accuracy ( less than 0.1 ): 0.2563
median test loss 0.6266
Consuming time:85.46 in the epoch: 43
Best test loss is 1.88
---------------*****---------------
---------------*****---------------
Starting training the epoch: 44 
total batch: 581.6875 
batch:99 average train loss 1.4943
batch:199 average train loss 1.5608
batch:299 average train loss 1.5660
batch:399 average train loss 1.5790
batch:499 average train loss 1.5586
average train loss 1.5699
Train Consuming time:63.95 in the epoch: 44
total val iterations: 125 
average val loss 2.0559
accuracy ( less than 0.1 ): 0.2523
median val loss 0.6405
total test iterations: 125 
average test loss 1.9478
accuracy ( less than 0.1 ): 0.2544
median test loss 0.6275
Consuming time:85.10 in the epoch: 44
Best test loss is 1.88
---------------*****---------------
---------------*****---------------
Starting training the epoch: 45 
total batch: 581.6875 
batch:99 average train loss 1.4866
batch:199 average train loss 1.5564
batch:299 average train loss 1.5630
batch:399 average train loss 1.5761
batch:499 average train loss 1.5556
average train loss 1.5676
Train Consuming time:63.92 in the epoch: 45
total val iterations: 125 
average val loss 2.0557
accuracy ( less than 0.1 ): 0.2503
median val loss 0.6393
total test iterations: 125 
average test loss 1.9462
accuracy ( less than 0.1 ): 0.2558
median test loss 0.6219
Consuming time:85.15 in the epoch: 45
Best test loss is 1.88
---------------*****---------------
---------------*****---------------
Starting training the epoch: 46 
total batch: 581.6875 
batch:99 average train loss 1.4792
batch:199 average train loss 1.5509
batch:299 average train loss 1.5553
batch:399 average train loss 1.5693
batch:499 average train loss 1.5498
average train loss 1.5613
Train Consuming time:63.86 in the epoch: 46
total val iterations: 125 
average val loss 2.0606
accuracy ( less than 0.1 ): 0.2547
median val loss 0.6556
total test iterations: 125 
average test loss 1.9491
accuracy ( less than 0.1 ): 0.2578
median test loss 0.6337
Consuming time:85.12 in the epoch: 46
Best test loss is 1.88
---------------*****---------------
---------------*****---------------
Starting training the epoch: 47 
total batch: 581.6875 
batch:99 average train loss 1.4762
batch:199 average train loss 1.5468
batch:299 average train loss 1.5515
batch:399 average train loss 1.5640
batch:499 average train loss 1.5454
average train loss 1.5575
Train Consuming time:63.72 in the epoch: 47
total val iterations: 125 
average val loss 2.0660
accuracy ( less than 0.1 ): 0.2544
median val loss 0.6462
total test iterations: 125 
average test loss 1.9544
accuracy ( less than 0.1 ): 0.2584
median test loss 0.6258
Consuming time:90.94 in the epoch: 47
Best test loss is 1.88
---------------*****---------------
---------------*****---------------
Starting training the epoch: 48 
total batch: 581.6875 
batch:99 average train loss 1.4729
batch:199 average train loss 1.5429
batch:299 average train loss 1.5495
batch:399 average train loss 1.5638
batch:499 average train loss 1.5437
average train loss 1.5550
Train Consuming time:92.06 in the epoch: 48
total val iterations: 125 
average val loss 2.0733
accuracy ( less than 0.1 ): 0.2544
median val loss 0.6512
total test iterations: 125 
average test loss 1.9567
accuracy ( less than 0.1 ): 0.2610
median test loss 0.6302
Consuming time:124.97 in the epoch: 48
Best test loss is 1.88
---------------*****---------------
---------------*****---------------
Starting training the epoch: 49 
total batch: 581.6875 
batch:99 average train loss 1.4681
batch:199 average train loss 1.5409
batch:299 average train loss 1.5459
batch:399 average train loss 1.5616
batch:499 average train loss 1.5426
average train loss 1.5538
Train Consuming time:93.64 in the epoch: 49
total val iterations: 125 
average val loss 2.0735
accuracy ( less than 0.1 ): 0.2568
median val loss 0.6543
total test iterations: 125 
average test loss 1.9575
accuracy ( less than 0.1 ): 0.2582
median test loss 0.6330
Consuming time:127.72 in the epoch: 49
Best test loss is 1.88
---------------*****---------------
