/home/ta/anaconda3/lib/python3.6/site-packages/numba/decorators.py:149: RuntimeWarning: Caching is not available when the 'parallel' target is in use. Caching is now being disabled to allow execution to continue.
  warnings.warn(msg, RuntimeWarning)
/home/ta/anaconda3/lib/python3.6/site-packages/tensorflow/python/framework/dtypes.py:516: FutureWarning: Passing (type, 1) or '1type' as a synonym of type is deprecated; in a future version of numpy, it will be understood as (type, (1,)) / '(1,)type'.
  _np_qint8 = np.dtype([("qint8", np.int8, 1)])
/home/ta/anaconda3/lib/python3.6/site-packages/tensorflow/python/framework/dtypes.py:517: FutureWarning: Passing (type, 1) or '1type' as a synonym of type is deprecated; in a future version of numpy, it will be understood as (type, (1,)) / '(1,)type'.
  _np_quint8 = np.dtype([("quint8", np.uint8, 1)])
/home/ta/anaconda3/lib/python3.6/site-packages/tensorflow/python/framework/dtypes.py:518: FutureWarning: Passing (type, 1) or '1type' as a synonym of type is deprecated; in a future version of numpy, it will be understood as (type, (1,)) / '(1,)type'.
  _np_qint16 = np.dtype([("qint16", np.int16, 1)])
/home/ta/anaconda3/lib/python3.6/site-packages/tensorflow/python/framework/dtypes.py:519: FutureWarning: Passing (type, 1) or '1type' as a synonym of type is deprecated; in a future version of numpy, it will be understood as (type, (1,)) / '(1,)type'.
  _np_quint16 = np.dtype([("quint16", np.uint16, 1)])
/home/ta/anaconda3/lib/python3.6/site-packages/tensorflow/python/framework/dtypes.py:520: FutureWarning: Passing (type, 1) or '1type' as a synonym of type is deprecated; in a future version of numpy, it will be understood as (type, (1,)) / '(1,)type'.
  _np_qint32 = np.dtype([("qint32", np.int32, 1)])
/home/ta/anaconda3/lib/python3.6/site-packages/tensorflow/python/framework/dtypes.py:525: FutureWarning: Passing (type, 1) or '1type' as a synonym of type is deprecated; in a future version of numpy, it will be understood as (type, (1,)) / '(1,)type'.
  np_resource = np.dtype([("resource", np.ubyte, 1)])
/home/ta/.local/lib/python3.6/site-packages/tensorboard/compat/tensorflow_stub/dtypes.py:541: FutureWarning: Passing (type, 1) or '1type' as a synonym of type is deprecated; in a future version of numpy, it will be understood as (type, (1,)) / '(1,)type'.
  _np_qint8 = np.dtype([("qint8", np.int8, 1)])
/home/ta/.local/lib/python3.6/site-packages/tensorboard/compat/tensorflow_stub/dtypes.py:542: FutureWarning: Passing (type, 1) or '1type' as a synonym of type is deprecated; in a future version of numpy, it will be understood as (type, (1,)) / '(1,)type'.
  _np_quint8 = np.dtype([("quint8", np.uint8, 1)])
/home/ta/.local/lib/python3.6/site-packages/tensorboard/compat/tensorflow_stub/dtypes.py:543: FutureWarning: Passing (type, 1) or '1type' as a synonym of type is deprecated; in a future version of numpy, it will be understood as (type, (1,)) / '(1,)type'.
  _np_qint16 = np.dtype([("qint16", np.int16, 1)])
/home/ta/.local/lib/python3.6/site-packages/tensorboard/compat/tensorflow_stub/dtypes.py:544: FutureWarning: Passing (type, 1) or '1type' as a synonym of type is deprecated; in a future version of numpy, it will be understood as (type, (1,)) / '(1,)type'.
  _np_quint16 = np.dtype([("quint16", np.uint16, 1)])
/home/ta/.local/lib/python3.6/site-packages/tensorboard/compat/tensorflow_stub/dtypes.py:545: FutureWarning: Passing (type, 1) or '1type' as a synonym of type is deprecated; in a future version of numpy, it will be understood as (type, (1,)) / '(1,)type'.
  _np_qint32 = np.dtype([("qint32", np.int32, 1)])
/home/ta/.local/lib/python3.6/site-packages/tensorboard/compat/tensorflow_stub/dtypes.py:550: FutureWarning: Passing (type, 1) or '1type' as a synonym of type is deprecated; in a future version of numpy, it will be understood as (type, (1,)) / '(1,)type'.
  np_resource = np.dtype([("resource", np.ubyte, 1)])
===================configuration===================
learning rate :0.001 
num_mlp_layers : 1
num_layers : 2
gnn input_features : 100
gnn output_features : 128
input of rnn/transformer : 128
hidden_size (out put of rnn/tranformer) : 128
observation hour [7,19]
observation interval : 180
observation threshold : 3600
prediction time : 86400
cascade length [5,100]
model save at : ../model_save/cas2vec/
===================configuration===================
len(Y_train), len(Y_valid), len(Y_test): 37228 7978 7978
preparing time:90.55154967308044
====bidirected: False, attention: GAT, gcn_type: geo, rnn: gru====
geometric gcn
total parameters 140009
---------------*****---------------
Starting training the epoch: 0 
total batch: 581.6875 
batch:99 average train loss 3.1725
batch:199 average train loss 2.9212
batch:299 average train loss 2.6742
batch:399 average train loss 2.5539
batch:499 average train loss 2.4477
average train loss 2.4104
Train Consuming time:62.23 in the epoch: 0
total val iterations: 125 
average val loss 2.1296
accuracy ( less than 0.1 ): 0.2484
median val loss 0.6315
total test iterations: 125 
average test loss 1.9976
accuracy ( less than 0.1 ): 0.2530
median test loss 0.6184
Consuming time:82.53 in the epoch: 0
Best test loss is 2.00
---------------*****---------------
---------------*****---------------
Starting training the epoch: 1 
total batch: 581.6875 
batch:99 average train loss 1.9694
batch:199 average train loss 2.0095
batch:299 average train loss 2.0095
batch:399 average train loss 2.0285
batch:499 average train loss 2.0095
average train loss 2.0254
Train Consuming time:61.21 in the epoch: 1
total val iterations: 125 
average val loss 2.0429
accuracy ( less than 0.1 ): 0.2182
median val loss 0.5957
total test iterations: 125 
average test loss 1.9502
accuracy ( less than 0.1 ): 0.2193
median test loss 0.5807
Consuming time:81.10 in the epoch: 1
Best test loss is 1.95
---------------*****---------------
---------------*****---------------
Starting training the epoch: 2 
total batch: 581.6875 
batch:99 average train loss 1.9179
batch:199 average train loss 1.9513
batch:299 average train loss 1.9553
batch:399 average train loss 1.9825
batch:499 average train loss 1.9653
average train loss 1.9810
Train Consuming time:61.42 in the epoch: 2
total val iterations: 125 
average val loss 2.0830
accuracy ( less than 0.1 ): 0.2350
median val loss 0.5987
total test iterations: 125 
average test loss 1.9839
accuracy ( less than 0.1 ): 0.2337
median test loss 0.5922
Consuming time:81.65 in the epoch: 2
Best test loss is 1.95
---------------*****---------------
---------------*****---------------
Starting training the epoch: 3 
total batch: 581.6875 
batch:99 average train loss 1.8805
batch:199 average train loss 1.9195
batch:299 average train loss 1.9278
batch:399 average train loss 1.9573
batch:499 average train loss 1.9421
average train loss 1.9579
Train Consuming time:61.62 in the epoch: 3
total val iterations: 125 
average val loss 2.0987
accuracy ( less than 0.1 ): 0.1738
median val loss 0.5555
total test iterations: 125 
average test loss 1.9955
accuracy ( less than 0.1 ): 0.1769
median test loss 0.5440
Consuming time:81.57 in the epoch: 3
Best test loss is 1.95
---------------*****---------------
---------------*****---------------
Starting training the epoch: 4 
total batch: 581.6875 
batch:99 average train loss 1.8608
batch:199 average train loss 1.9059
batch:299 average train loss 1.9194
batch:399 average train loss 1.9474
batch:499 average train loss 1.9319
average train loss 1.9475
Train Consuming time:66.00 in the epoch: 4
total val iterations: 125 
average val loss 2.0527
accuracy ( less than 0.1 ): 0.1678
median val loss 0.5515
total test iterations: 125 
average test loss 1.9556
accuracy ( less than 0.1 ): 0.1729
median test loss 0.5444
Consuming time:85.95 in the epoch: 4
Best test loss is 1.95
---------------*****---------------
---------------*****---------------
Starting training the epoch: 5 
total batch: 581.6875 
batch:99 average train loss 1.8485
batch:199 average train loss 1.8916
batch:299 average train loss 1.9056
batch:399 average train loss 1.9322
batch:499 average train loss 1.9178
average train loss 1.9341
Train Consuming time:61.60 in the epoch: 5
total val iterations: 125 
average val loss 2.0113
accuracy ( less than 0.1 ): 0.2287
median val loss 0.5806
total test iterations: 125 
average test loss 1.9079
accuracy ( less than 0.1 ): 0.2263
median test loss 0.5721
Consuming time:81.59 in the epoch: 5
Best test loss is 1.91
---------------*****---------------
---------------*****---------------
Starting training the epoch: 6 
total batch: 581.6875 
batch:99 average train loss 1.8288
batch:199 average train loss 1.8791
batch:299 average train loss 1.8939
batch:399 average train loss 1.9219
batch:499 average train loss 1.9070
average train loss 1.9202
Train Consuming time:61.42 in the epoch: 6
total val iterations: 125 
average val loss 2.0246
accuracy ( less than 0.1 ): 0.1799
median val loss 0.5486
total test iterations: 125 
average test loss 1.9251
accuracy ( less than 0.1 ): 0.1816
median test loss 0.5501
Consuming time:81.18 in the epoch: 6
Best test loss is 1.91
---------------*****---------------
---------------*****---------------
Starting training the epoch: 7 
total batch: 581.6875 
batch:99 average train loss 1.8256
batch:199 average train loss 1.8686
batch:299 average train loss 1.8858
batch:399 average train loss 1.9156
batch:499 average train loss 1.9000
average train loss 1.9133
Train Consuming time:61.28 in the epoch: 7
total val iterations: 125 
average val loss 1.9855
accuracy ( less than 0.1 ): 0.2201
median val loss 0.5716
total test iterations: 125 
average test loss 1.8825
accuracy ( less than 0.1 ): 0.2203
median test loss 0.5647
Consuming time:81.13 in the epoch: 7
Best test loss is 1.88
---------------*****---------------
---------------*****---------------
Starting training the epoch: 8 
total batch: 581.6875 
batch:99 average train loss 1.8081
batch:199 average train loss 1.8545
batch:299 average train loss 1.8732
batch:399 average train loss 1.9034
batch:499 average train loss 1.8900
average train loss 1.9039
Train Consuming time:61.27 in the epoch: 8
total val iterations: 125 
average val loss 1.9851
accuracy ( less than 0.1 ): 0.2472
median val loss 0.6022
total test iterations: 125 
average test loss 1.8806
accuracy ( less than 0.1 ): 0.2535
median test loss 0.5920
Consuming time:86.10 in the epoch: 8
Best test loss is 1.88
---------------*****---------------
---------------*****---------------
Starting training the epoch: 9 
total batch: 581.6875 
batch:99 average train loss 1.8034
batch:199 average train loss 1.8507
batch:299 average train loss 1.8665
batch:399 average train loss 1.8970
batch:499 average train loss 1.8824
average train loss 1.8952
Train Consuming time:61.41 in the epoch: 9
total val iterations: 125 
average val loss 1.9901
accuracy ( less than 0.1 ): 0.2429
median val loss 0.5933
total test iterations: 125 
average test loss 1.8826
accuracy ( less than 0.1 ): 0.2438
median test loss 0.5781
Consuming time:81.66 in the epoch: 9
Best test loss is 1.88
---------------*****---------------
---------------*****---------------
Starting training the epoch: 10 
total batch: 581.6875 
batch:99 average train loss 1.7888
batch:199 average train loss 1.8388
batch:299 average train loss 1.8588
batch:399 average train loss 1.8874
batch:499 average train loss 1.8747
average train loss 1.8894
Train Consuming time:61.01 in the epoch: 10
total val iterations: 125 
average val loss 1.9707
accuracy ( less than 0.1 ): 0.2451
median val loss 0.5878
total test iterations: 125 
average test loss 1.8630
accuracy ( less than 0.1 ): 0.2491
median test loss 0.5904
Consuming time:81.09 in the epoch: 10
Best test loss is 1.86
---------------*****---------------
---------------*****---------------
Starting training the epoch: 11 
total batch: 581.6875 
batch:99 average train loss 1.7760
batch:199 average train loss 1.8269
batch:299 average train loss 1.8501
batch:399 average train loss 1.8807
batch:499 average train loss 1.8666
average train loss 1.8801
Train Consuming time:61.44 in the epoch: 11
total val iterations: 125 
average val loss 1.9763
accuracy ( less than 0.1 ): 0.2516
median val loss 0.6185
total test iterations: 125 
average test loss 1.8757
accuracy ( less than 0.1 ): 0.2513
median test loss 0.6016
Consuming time:81.29 in the epoch: 11
Best test loss is 1.86
---------------*****---------------
---------------*****---------------
Starting training the epoch: 12 
total batch: 581.6875 
batch:99 average train loss 1.7773
batch:199 average train loss 1.8275
batch:299 average train loss 1.8476
batch:399 average train loss 1.8768
batch:499 average train loss 1.8638
average train loss 1.8765
Train Consuming time:61.54 in the epoch: 12
total val iterations: 125 
average val loss 1.9800
accuracy ( less than 0.1 ): 0.2451
median val loss 0.5992
total test iterations: 125 
average test loss 1.8963
accuracy ( less than 0.1 ): 0.2474
median test loss 0.5912
Consuming time:81.46 in the epoch: 12
Best test loss is 1.86
---------------*****---------------
---------------*****---------------
Starting training the epoch: 13 
total batch: 581.6875 
batch:99 average train loss 1.7715
batch:199 average train loss 1.8227
batch:299 average train loss 1.8436
batch:399 average train loss 1.8743
batch:499 average train loss 1.8592
average train loss 1.8717
Train Consuming time:61.17 in the epoch: 13
total val iterations: 125 
average val loss 1.9687
accuracy ( less than 0.1 ): 0.2351
median val loss 0.5817
total test iterations: 125 
average test loss 1.8805
accuracy ( less than 0.1 ): 0.2365
median test loss 0.5771
Consuming time:85.65 in the epoch: 13
Best test loss is 1.86
---------------*****---------------
---------------*****---------------
Starting training the epoch: 14 
total batch: 581.6875 
batch:99 average train loss 1.7725
batch:199 average train loss 1.8219
batch:299 average train loss 1.8402
batch:399 average train loss 1.8686
batch:499 average train loss 1.8539
average train loss 1.8661
Train Consuming time:61.17 in the epoch: 14
total val iterations: 125 
average val loss 1.9564
accuracy ( less than 0.1 ): 0.2283
median val loss 0.5870
total test iterations: 125 
average test loss 1.8610
accuracy ( less than 0.1 ): 0.2286
median test loss 0.5756
Consuming time:82.15 in the epoch: 14
Best test loss is 1.86
---------------*****---------------
---------------*****---------------
Starting training the epoch: 15 
total batch: 581.6875 
batch:99 average train loss 1.7584
batch:199 average train loss 1.8064
batch:299 average train loss 1.8288
batch:399 average train loss 1.8568
batch:499 average train loss 1.8425
average train loss 1.8541
Train Consuming time:60.99 in the epoch: 15
total val iterations: 125 
average val loss 1.9526
accuracy ( less than 0.1 ): 0.2499
median val loss 0.5905
total test iterations: 125 
average test loss 1.8575
accuracy ( less than 0.1 ): 0.2494
median test loss 0.5855
Consuming time:81.02 in the epoch: 15
Best test loss is 1.86
---------------*****---------------
---------------*****---------------
Starting training the epoch: 16 
total batch: 581.6875 
batch:99 average train loss 1.7532
batch:199 average train loss 1.8045
batch:299 average train loss 1.8265
batch:399 average train loss 1.8526
batch:499 average train loss 1.8388
average train loss 1.8511
Train Consuming time:60.56 in the epoch: 16
total val iterations: 125 
average val loss 1.9464
accuracy ( less than 0.1 ): 0.2220
median val loss 0.5627
total test iterations: 125 
average test loss 1.8537
accuracy ( less than 0.1 ): 0.2218
median test loss 0.5548
Consuming time:80.40 in the epoch: 16
Best test loss is 1.85
---------------*****---------------
---------------*****---------------
Starting training the epoch: 17 
total batch: 581.6875 
batch:99 average train loss 1.7521
batch:199 average train loss 1.8012
batch:299 average train loss 1.8251
batch:399 average train loss 1.8552
batch:499 average train loss 1.8381
average train loss 1.8512
Train Consuming time:61.97 in the epoch: 17
total val iterations: 125 
average val loss 1.9379
accuracy ( less than 0.1 ): 0.2233
median val loss 0.5464
total test iterations: 125 
average test loss 1.8437
accuracy ( less than 0.1 ): 0.2220
median test loss 0.5377
Consuming time:83.29 in the epoch: 17
Best test loss is 1.84
---------------*****---------------
---------------*****---------------
Starting training the epoch: 18 
total batch: 581.6875 
batch:99 average train loss 1.7403
batch:199 average train loss 1.7885
batch:299 average train loss 1.8120
batch:399 average train loss 1.8434
batch:499 average train loss 1.8280
average train loss 1.8396
Train Consuming time:66.16 in the epoch: 18
total val iterations: 125 
average val loss 1.9652
accuracy ( less than 0.1 ): 0.2455
median val loss 0.5882
total test iterations: 125 
average test loss 1.8636
accuracy ( less than 0.1 ): 0.2413
median test loss 0.5815
Consuming time:85.67 in the epoch: 18
Best test loss is 1.84
---------------*****---------------
---------------*****---------------
Starting training the epoch: 19 
total batch: 581.6875 
batch:99 average train loss 1.7350
batch:199 average train loss 1.7832
batch:299 average train loss 1.8077
batch:399 average train loss 1.8347
batch:499 average train loss 1.8200
average train loss 1.8312
Train Consuming time:61.25 in the epoch: 19
total val iterations: 125 
average val loss 1.9351
accuracy ( less than 0.1 ): 0.2135
median val loss 0.5427
total test iterations: 125 
average test loss 1.8319
accuracy ( less than 0.1 ): 0.2140
median test loss 0.5379
Consuming time:81.25 in the epoch: 19
Best test loss is 1.83
---------------*****---------------
---------------*****---------------
Starting training the epoch: 20 
total batch: 581.6875 
batch:99 average train loss 1.7365
batch:199 average train loss 1.7899
batch:299 average train loss 1.8098
batch:399 average train loss 1.8317
batch:499 average train loss 1.8078
average train loss 1.8145
Train Consuming time:61.09 in the epoch: 20
total val iterations: 125 
average val loss 1.9119
accuracy ( less than 0.1 ): 0.2253
median val loss 0.5408
total test iterations: 125 
average test loss 1.8118
accuracy ( less than 0.1 ): 0.2234
median test loss 0.5346
Consuming time:81.11 in the epoch: 20
Best test loss is 1.81
---------------*****---------------
---------------*****---------------
Starting training the epoch: 21 
total batch: 581.6875 
batch:99 average train loss 1.7150
batch:199 average train loss 1.7699
batch:299 average train loss 1.7925
batch:399 average train loss 1.8158
batch:499 average train loss 1.7936
average train loss 1.8016
Train Consuming time:60.46 in the epoch: 21
total val iterations: 125 
average val loss 1.9085
accuracy ( less than 0.1 ): 0.2244
median val loss 0.5426
total test iterations: 125 
average test loss 1.8066
accuracy ( less than 0.1 ): 0.2222
median test loss 0.5278
Consuming time:80.46 in the epoch: 21
Best test loss is 1.81
---------------*****---------------
---------------*****---------------
Starting training the epoch: 22 
total batch: 581.6875 
batch:99 average train loss 1.7077
batch:199 average train loss 1.7636
batch:299 average train loss 1.7862
batch:399 average train loss 1.8097
batch:499 average train loss 1.7880
average train loss 1.7964
Train Consuming time:60.92 in the epoch: 22
total val iterations: 125 
average val loss 1.9064
accuracy ( less than 0.1 ): 0.2238
median val loss 0.5423
total test iterations: 125 
average test loss 1.8037
accuracy ( less than 0.1 ): 0.2233
median test loss 0.5232
Consuming time:82.46 in the epoch: 22
Best test loss is 1.80
---------------*****---------------
---------------*****---------------
Starting training the epoch: 23 
total batch: 581.6875 
batch:99 average train loss 1.7028
batch:199 average train loss 1.7584
batch:299 average train loss 1.7813
batch:399 average train loss 1.8052
batch:499 average train loss 1.7839
average train loss 1.7926
Train Consuming time:66.18 in the epoch: 23
total val iterations: 125 
average val loss 1.9047
accuracy ( less than 0.1 ): 0.2252
median val loss 0.5372
total test iterations: 125 
average test loss 1.8011
accuracy ( less than 0.1 ): 0.2247
median test loss 0.5221
Consuming time:86.02 in the epoch: 23
Best test loss is 1.80
---------------*****---------------
---------------*****---------------
Starting training the epoch: 24 
total batch: 581.6875 
batch:99 average train loss 1.6992
batch:199 average train loss 1.7551
batch:299 average train loss 1.7783
batch:399 average train loss 1.8020
batch:499 average train loss 1.7809
average train loss 1.7898
Train Consuming time:61.33 in the epoch: 24
total val iterations: 125 
average val loss 1.9030
accuracy ( less than 0.1 ): 0.2264
median val loss 0.5319
total test iterations: 125 
average test loss 1.7995
accuracy ( less than 0.1 ): 0.2227
median test loss 0.5245
Consuming time:81.07 in the epoch: 24
Best test loss is 1.80
---------------*****---------------
---------------*****---------------
Starting training the epoch: 25 
total batch: 581.6875 
batch:99 average train loss 1.6961
batch:199 average train loss 1.7527
batch:299 average train loss 1.7755
batch:399 average train loss 1.7990
batch:499 average train loss 1.7781
average train loss 1.7872
Train Consuming time:60.57 in the epoch: 25
total val iterations: 125 
average val loss 1.9026
accuracy ( less than 0.1 ): 0.2259
median val loss 0.5290
total test iterations: 125 
average test loss 1.7983
accuracy ( less than 0.1 ): 0.2223
median test loss 0.5226
Consuming time:80.56 in the epoch: 25
Best test loss is 1.80
---------------*****---------------
---------------*****---------------
Starting training the epoch: 26 
total batch: 581.6875 
batch:99 average train loss 1.6933
batch:199 average train loss 1.7502
batch:299 average train loss 1.7735
batch:399 average train loss 1.7969
batch:499 average train loss 1.7760
average train loss 1.7853
Train Consuming time:61.06 in the epoch: 26
total val iterations: 125 
average val loss 1.9020
accuracy ( less than 0.1 ): 0.2247
median val loss 0.5292
total test iterations: 125 
average test loss 1.7978
accuracy ( less than 0.1 ): 0.2220
median test loss 0.5230
Consuming time:81.19 in the epoch: 26
Best test loss is 1.80
---------------*****---------------
---------------*****---------------
Starting training the epoch: 27 
total batch: 581.6875 
batch:99 average train loss 1.6910
batch:199 average train loss 1.7480
batch:299 average train loss 1.7717
batch:399 average train loss 1.7952
batch:499 average train loss 1.7744
average train loss 1.7837
Train Consuming time:60.93 in the epoch: 27
total val iterations: 125 
average val loss 1.9017
accuracy ( less than 0.1 ): 0.2238
median val loss 0.5282
total test iterations: 125 
average test loss 1.7972
accuracy ( less than 0.1 ): 0.2239
median test loss 0.5224
Consuming time:80.88 in the epoch: 27
Best test loss is 1.80
---------------*****---------------
---------------*****---------------
Starting training the epoch: 28 
total batch: 581.6875 
batch:99 average train loss 1.6889
batch:199 average train loss 1.7459
batch:299 average train loss 1.7700
batch:399 average train loss 1.7934
batch:499 average train loss 1.7727
average train loss 1.7821
Train Consuming time:65.94 in the epoch: 28
total val iterations: 125 
average val loss 1.9010
accuracy ( less than 0.1 ): 0.2222
median val loss 0.5265
total test iterations: 125 
average test loss 1.7971
accuracy ( less than 0.1 ): 0.2235
median test loss 0.5211
Consuming time:86.08 in the epoch: 28
Best test loss is 1.80
---------------*****---------------
---------------*****---------------
Starting training the epoch: 29 
total batch: 581.6875 
batch:99 average train loss 1.6874
batch:199 average train loss 1.7441
batch:299 average train loss 1.7683
batch:399 average train loss 1.7918
batch:499 average train loss 1.7712
average train loss 1.7806
Train Consuming time:60.48 in the epoch: 29
total val iterations: 125 
average val loss 1.9009
accuracy ( less than 0.1 ): 0.2209
median val loss 0.5267
total test iterations: 125 
average test loss 1.7971
accuracy ( less than 0.1 ): 0.2215
median test loss 0.5158
Consuming time:80.46 in the epoch: 29
Best test loss is 1.80
---------------*****---------------
---------------*****---------------
Starting training the epoch: 30 
total batch: 581.6875 
batch:99 average train loss 1.6855
batch:199 average train loss 1.7428
batch:299 average train loss 1.7671
batch:399 average train loss 1.7906
batch:499 average train loss 1.7701
average train loss 1.7795
Train Consuming time:60.41 in the epoch: 30
total val iterations: 125 
average val loss 1.9007
accuracy ( less than 0.1 ): 0.2222
median val loss 0.5283
total test iterations: 125 
average test loss 1.7965
accuracy ( less than 0.1 ): 0.2225
median test loss 0.5164
Consuming time:80.52 in the epoch: 30
Best test loss is 1.80
---------------*****---------------
---------------*****---------------
Starting training the epoch: 31 
total batch: 581.6875 
batch:99 average train loss 1.6843
batch:199 average train loss 1.7418
batch:299 average train loss 1.7662
batch:399 average train loss 1.7896
batch:499 average train loss 1.7692
average train loss 1.7787
Train Consuming time:60.52 in the epoch: 31
total val iterations: 125 
average val loss 1.9001
accuracy ( less than 0.1 ): 0.2206
median val loss 0.5283
total test iterations: 125 
average test loss 1.7969
accuracy ( less than 0.1 ): 0.2218
median test loss 0.5138
Consuming time:80.52 in the epoch: 31
Best test loss is 1.80
---------------*****---------------
---------------*****---------------
Starting training the epoch: 32 
total batch: 581.6875 
batch:99 average train loss 1.6832
batch:199 average train loss 1.7405
batch:299 average train loss 1.7649
batch:399 average train loss 1.7884
batch:499 average train loss 1.7680
average train loss 1.7775
Train Consuming time:60.35 in the epoch: 32
total val iterations: 125 
average val loss 1.8999
accuracy ( less than 0.1 ): 0.2208
median val loss 0.5302
total test iterations: 125 
average test loss 1.7962
accuracy ( less than 0.1 ): 0.2223
median test loss 0.5133
Consuming time:80.04 in the epoch: 32
Best test loss is 1.80
---------------*****---------------
---------------*****---------------
Starting training the epoch: 33 
total batch: 581.6875 
batch:99 average train loss 1.6822
batch:199 average train loss 1.7400
batch:299 average train loss 1.7645
batch:399 average train loss 1.7877
batch:499 average train loss 1.7674
average train loss 1.7769
Train Consuming time:66.03 in the epoch: 33
total val iterations: 125 
average val loss 1.8997
accuracy ( less than 0.1 ): 0.2205
median val loss 0.5293
total test iterations: 125 
average test loss 1.7959
accuracy ( less than 0.1 ): 0.2219
median test loss 0.5124
Consuming time:85.97 in the epoch: 33
Best test loss is 1.80
---------------*****---------------
---------------*****---------------
Starting training the epoch: 34 
total batch: 581.6875 
batch:99 average train loss 1.6808
batch:199 average train loss 1.7387
batch:299 average train loss 1.7634
batch:399 average train loss 1.7868
batch:499 average train loss 1.7665
average train loss 1.7760
Train Consuming time:60.02 in the epoch: 34
total val iterations: 125 
average val loss 1.8995
accuracy ( less than 0.1 ): 0.2198
median val loss 0.5287
total test iterations: 125 
average test loss 1.7958
accuracy ( less than 0.1 ): 0.2211
median test loss 0.5127
Consuming time:80.12 in the epoch: 34
Best test loss is 1.80
---------------*****---------------
---------------*****---------------
Starting training the epoch: 35 
total batch: 581.6875 
batch:99 average train loss 1.6804
batch:199 average train loss 1.7383
batch:299 average train loss 1.7628
batch:399 average train loss 1.7860
batch:499 average train loss 1.7657
average train loss 1.7753
Train Consuming time:61.06 in the epoch: 35
total val iterations: 125 
average val loss 1.8996
accuracy ( less than 0.1 ): 0.2206
median val loss 0.5301
total test iterations: 125 
average test loss 1.7951
accuracy ( less than 0.1 ): 0.2208
median test loss 0.5131
Consuming time:81.27 in the epoch: 35
Best test loss is 1.80
---------------*****---------------
---------------*****---------------
Starting training the epoch: 36 
total batch: 581.6875 
batch:99 average train loss 1.6797
batch:199 average train loss 1.7376
batch:299 average train loss 1.7621
batch:399 average train loss 1.7853
batch:499 average train loss 1.7650
average train loss 1.7748
Train Consuming time:60.75 in the epoch: 36
total val iterations: 125 
average val loss 1.8994
accuracy ( less than 0.1 ): 0.2209
median val loss 0.5275
total test iterations: 125 
average test loss 1.7952
accuracy ( less than 0.1 ): 0.2227
median test loss 0.5132
Consuming time:80.66 in the epoch: 36
Best test loss is 1.80
---------------*****---------------
---------------*****---------------
Starting training the epoch: 37 
total batch: 581.6875 
batch:99 average train loss 1.6793
batch:199 average train loss 1.7369
batch:299 average train loss 1.7614
batch:399 average train loss 1.7845
batch:499 average train loss 1.7644
average train loss 1.7743
Train Consuming time:61.25 in the epoch: 37
total val iterations: 125 
average val loss 1.8995
accuracy ( less than 0.1 ): 0.2213
median val loss 0.5290
total test iterations: 125 
average test loss 1.7947
accuracy ( less than 0.1 ): 0.2223
median test loss 0.5144
Consuming time:81.28 in the epoch: 37
Best test loss is 1.79
---------------*****---------------
---------------*****---------------
Starting training the epoch: 38 
total batch: 581.6875 
batch:99 average train loss 1.6787
batch:199 average train loss 1.7359
batch:299 average train loss 1.7605
batch:399 average train loss 1.7834
batch:499 average train loss 1.7634
average train loss 1.7732
Train Consuming time:65.74 in the epoch: 38
total val iterations: 125 
average val loss 1.8994
accuracy ( less than 0.1 ): 0.2206
median val loss 0.5298
total test iterations: 125 
average test loss 1.7936
accuracy ( less than 0.1 ): 0.2220
median test loss 0.5152
Consuming time:85.61 in the epoch: 38
Best test loss is 1.79
---------------*****---------------
---------------*****---------------
Starting training the epoch: 39 
total batch: 581.6875 
batch:99 average train loss 1.6779
batch:199 average train loss 1.7357
batch:299 average train loss 1.7603
batch:399 average train loss 1.7831
batch:499 average train loss 1.7630
average train loss 1.7729
Train Consuming time:60.66 in the epoch: 39
total val iterations: 125 
average val loss 1.8992
accuracy ( less than 0.1 ): 0.2218
median val loss 0.5318
total test iterations: 125 
average test loss 1.7934
accuracy ( less than 0.1 ): 0.2222
median test loss 0.5148
Consuming time:80.45 in the epoch: 39
Best test loss is 1.79
---------------*****---------------
---------------*****---------------
Starting training the epoch: 40 
total batch: 581.6875 
batch:99 average train loss 1.6773
batch:199 average train loss 1.7353
batch:299 average train loss 1.7594
batch:399 average train loss 1.7823
batch:499 average train loss 1.7622
average train loss 1.7721
Train Consuming time:60.81 in the epoch: 40
total val iterations: 125 
average val loss 1.8993
accuracy ( less than 0.1 ): 0.2219
median val loss 0.5320
total test iterations: 125 
average test loss 1.7929
accuracy ( less than 0.1 ): 0.2216
median test loss 0.5133
Consuming time:80.53 in the epoch: 40
Best test loss is 1.79
---------------*****---------------
---------------*****---------------
Starting training the epoch: 41 
total batch: 581.6875 
batch:99 average train loss 1.6768
batch:199 average train loss 1.7347
batch:299 average train loss 1.7592
batch:399 average train loss 1.7819
batch:499 average train loss 1.7619
average train loss 1.7718
Train Consuming time:61.03 in the epoch: 41
total val iterations: 125 
average val loss 1.8987
accuracy ( less than 0.1 ): 0.2223
median val loss 0.5332
total test iterations: 125 
average test loss 1.7928
accuracy ( less than 0.1 ): 0.2223
median test loss 0.5148
Consuming time:81.39 in the epoch: 41
Best test loss is 1.79
---------------*****---------------
---------------*****---------------
Starting training the epoch: 42 
total batch: 581.6875 
batch:99 average train loss 1.6759
batch:199 average train loss 1.7340
batch:299 average train loss 1.7584
batch:399 average train loss 1.7811
batch:499 average train loss 1.7612
average train loss 1.7712
Train Consuming time:61.20 in the epoch: 42
total val iterations: 125 
average val loss 1.8991
accuracy ( less than 0.1 ): 0.2222
median val loss 0.5323
total test iterations: 125 
average test loss 1.7923
accuracy ( less than 0.1 ): 0.2219
median test loss 0.5132
Consuming time:85.94 in the epoch: 42
Best test loss is 1.79
---------------*****---------------
---------------*****---------------
Starting training the epoch: 43 
total batch: 581.6875 
batch:99 average train loss 1.6755
batch:199 average train loss 1.7336
batch:299 average train loss 1.7579
batch:399 average train loss 1.7806
batch:499 average train loss 1.7608
average train loss 1.7708
Train Consuming time:60.86 in the epoch: 43
total val iterations: 125 
average val loss 1.8985
accuracy ( less than 0.1 ): 0.2229
median val loss 0.5325
total test iterations: 125 
average test loss 1.7922
accuracy ( less than 0.1 ): 0.2216
median test loss 0.5141
Consuming time:81.30 in the epoch: 43
Best test loss is 1.79
---------------*****---------------
---------------*****---------------
Starting training the epoch: 44 
total batch: 581.6875 
batch:99 average train loss 1.6749
batch:199 average train loss 1.7331
batch:299 average train loss 1.7573
batch:399 average train loss 1.7800
batch:499 average train loss 1.7603
average train loss 1.7704
Train Consuming time:61.04 in the epoch: 44
total val iterations: 125 
average val loss 1.8984
accuracy ( less than 0.1 ): 0.2233
median val loss 0.5321
total test iterations: 125 
average test loss 1.7920
accuracy ( less than 0.1 ): 0.2216
median test loss 0.5152
Consuming time:80.77 in the epoch: 44
Best test loss is 1.79
---------------*****---------------
---------------*****---------------
Starting training the epoch: 45 
total batch: 581.6875 
batch:99 average train loss 1.6745
batch:199 average train loss 1.7328
batch:299 average train loss 1.7569
batch:399 average train loss 1.7795
batch:499 average train loss 1.7599
average train loss 1.7699
Train Consuming time:60.69 in the epoch: 45
total val iterations: 125 
average val loss 1.8981
accuracy ( less than 0.1 ): 0.2244
median val loss 0.5327
total test iterations: 125 
average test loss 1.7918
accuracy ( less than 0.1 ): 0.2220
median test loss 0.5146
Consuming time:80.68 in the epoch: 45
Best test loss is 1.79
---------------*****---------------
---------------*****---------------
Starting training the epoch: 46 
total batch: 581.6875 
batch:99 average train loss 1.6738
batch:199 average train loss 1.7325
batch:299 average train loss 1.7565
batch:399 average train loss 1.7790
batch:499 average train loss 1.7594
average train loss 1.7695
Train Consuming time:61.04 in the epoch: 46
total val iterations: 125 
average val loss 1.8979
accuracy ( less than 0.1 ): 0.2240
median val loss 0.5329
total test iterations: 125 
average test loss 1.7917
accuracy ( less than 0.1 ): 0.2211
median test loss 0.5151
Consuming time:81.00 in the epoch: 46
Best test loss is 1.79
---------------*****---------------
---------------*****---------------
Starting training the epoch: 47 
total batch: 581.6875 
batch:99 average train loss 1.6736
batch:199 average train loss 1.7322
batch:299 average train loss 1.7561
batch:399 average train loss 1.7788
batch:499 average train loss 1.7593
average train loss 1.7694
Train Consuming time:60.81 in the epoch: 47
total val iterations: 125 
average val loss 1.8977
accuracy ( less than 0.1 ): 0.2230
median val loss 0.5334
total test iterations: 125 
average test loss 1.7921
accuracy ( less than 0.1 ): 0.2228
median test loss 0.5165
Consuming time:85.52 in the epoch: 47
Best test loss is 1.79
---------------*****---------------
---------------*****---------------
Starting training the epoch: 48 
total batch: 581.6875 
batch:99 average train loss 1.6732
batch:199 average train loss 1.7319
batch:299 average train loss 1.7558
batch:399 average train loss 1.7783
batch:499 average train loss 1.7589
average train loss 1.7691
Train Consuming time:61.06 in the epoch: 48
total val iterations: 125 
average val loss 1.8976
accuracy ( less than 0.1 ): 0.2234
median val loss 0.5345
total test iterations: 125 
average test loss 1.7919
accuracy ( less than 0.1 ): 0.2219
median test loss 0.5141
Consuming time:81.56 in the epoch: 48
Best test loss is 1.79
---------------*****---------------
---------------*****---------------
Starting training the epoch: 49 
total batch: 581.6875 
batch:99 average train loss 1.6728
batch:199 average train loss 1.7311
batch:299 average train loss 1.7550
batch:399 average train loss 1.7775
batch:499 average train loss 1.7582
average train loss 1.7683
Train Consuming time:60.88 in the epoch: 49
total val iterations: 125 
average val loss 1.8974
accuracy ( less than 0.1 ): 0.2240
median val loss 0.5321
total test iterations: 125 
average test loss 1.7911
accuracy ( less than 0.1 ): 0.2225
median test loss 0.5134
Consuming time:80.57 in the epoch: 49
Best test loss is 1.79
---------------*****---------------
