/home/ta/anaconda3/lib/python3.6/site-packages/numba/decorators.py:149: RuntimeWarning: Caching is not available when the 'parallel' target is in use. Caching is now being disabled to allow execution to continue.
  warnings.warn(msg, RuntimeWarning)
/home/ta/anaconda3/lib/python3.6/site-packages/tensorflow/python/framework/dtypes.py:516: FutureWarning: Passing (type, 1) or '1type' as a synonym of type is deprecated; in a future version of numpy, it will be understood as (type, (1,)) / '(1,)type'.
  _np_qint8 = np.dtype([("qint8", np.int8, 1)])
/home/ta/anaconda3/lib/python3.6/site-packages/tensorflow/python/framework/dtypes.py:517: FutureWarning: Passing (type, 1) or '1type' as a synonym of type is deprecated; in a future version of numpy, it will be understood as (type, (1,)) / '(1,)type'.
  _np_quint8 = np.dtype([("quint8", np.uint8, 1)])
/home/ta/anaconda3/lib/python3.6/site-packages/tensorflow/python/framework/dtypes.py:518: FutureWarning: Passing (type, 1) or '1type' as a synonym of type is deprecated; in a future version of numpy, it will be understood as (type, (1,)) / '(1,)type'.
  _np_qint16 = np.dtype([("qint16", np.int16, 1)])
/home/ta/anaconda3/lib/python3.6/site-packages/tensorflow/python/framework/dtypes.py:519: FutureWarning: Passing (type, 1) or '1type' as a synonym of type is deprecated; in a future version of numpy, it will be understood as (type, (1,)) / '(1,)type'.
  _np_quint16 = np.dtype([("quint16", np.uint16, 1)])
/home/ta/anaconda3/lib/python3.6/site-packages/tensorflow/python/framework/dtypes.py:520: FutureWarning: Passing (type, 1) or '1type' as a synonym of type is deprecated; in a future version of numpy, it will be understood as (type, (1,)) / '(1,)type'.
  _np_qint32 = np.dtype([("qint32", np.int32, 1)])
/home/ta/anaconda3/lib/python3.6/site-packages/tensorflow/python/framework/dtypes.py:525: FutureWarning: Passing (type, 1) or '1type' as a synonym of type is deprecated; in a future version of numpy, it will be understood as (type, (1,)) / '(1,)type'.
  np_resource = np.dtype([("resource", np.ubyte, 1)])
/home/ta/.local/lib/python3.6/site-packages/tensorboard/compat/tensorflow_stub/dtypes.py:541: FutureWarning: Passing (type, 1) or '1type' as a synonym of type is deprecated; in a future version of numpy, it will be understood as (type, (1,)) / '(1,)type'.
  _np_qint8 = np.dtype([("qint8", np.int8, 1)])
/home/ta/.local/lib/python3.6/site-packages/tensorboard/compat/tensorflow_stub/dtypes.py:542: FutureWarning: Passing (type, 1) or '1type' as a synonym of type is deprecated; in a future version of numpy, it will be understood as (type, (1,)) / '(1,)type'.
  _np_quint8 = np.dtype([("quint8", np.uint8, 1)])
/home/ta/.local/lib/python3.6/site-packages/tensorboard/compat/tensorflow_stub/dtypes.py:543: FutureWarning: Passing (type, 1) or '1type' as a synonym of type is deprecated; in a future version of numpy, it will be understood as (type, (1,)) / '(1,)type'.
  _np_qint16 = np.dtype([("qint16", np.int16, 1)])
/home/ta/.local/lib/python3.6/site-packages/tensorboard/compat/tensorflow_stub/dtypes.py:544: FutureWarning: Passing (type, 1) or '1type' as a synonym of type is deprecated; in a future version of numpy, it will be understood as (type, (1,)) / '(1,)type'.
  _np_quint16 = np.dtype([("quint16", np.uint16, 1)])
/home/ta/.local/lib/python3.6/site-packages/tensorboard/compat/tensorflow_stub/dtypes.py:545: FutureWarning: Passing (type, 1) or '1type' as a synonym of type is deprecated; in a future version of numpy, it will be understood as (type, (1,)) / '(1,)type'.
  _np_qint32 = np.dtype([("qint32", np.int32, 1)])
/home/ta/.local/lib/python3.6/site-packages/tensorboard/compat/tensorflow_stub/dtypes.py:550: FutureWarning: Passing (type, 1) or '1type' as a synonym of type is deprecated; in a future version of numpy, it will be understood as (type, (1,)) / '(1,)type'.
  np_resource = np.dtype([("resource", np.ubyte, 1)])
===================configuration===================
learning rate :0.001 
num_mlp_layers : 1
num_layers : 2
gnn input_features : 100
gnn output_features : 128
input of rnn/transformer : 128
hidden_size (out put of rnn/tranformer) : 128
observation hour [7,19]
observation interval : 180
observation threshold : 3600
prediction time : 86400
cascade length [5,100]
model save at : ../model_save/cas2vec/
===================configuration===================
len(Y_train), len(Y_valid), len(Y_test): 37228 7978 7978
preparing time:74.57658123970032
====bidirected: False, attention: GAT, gcn_type: self, rnn: gru====
single linear
total parameters 140073
---------------*****---------------
Starting training the epoch: 0 
total batch: 581.6875 
batch:99 average train loss 3.3024
batch:199 average train loss 3.0927
batch:299 average train loss 2.9388
batch:399 average train loss 2.8045
batch:499 average train loss 2.6832
average train loss 2.6272
Train Consuming time:1399.85 in the epoch: 0
total val iterations: 125 
average val loss 2.2461
accuracy ( less than 0.1 ): 0.1598
median val loss 0.5884
total test iterations: 125 
average test loss 2.1644
accuracy ( less than 0.1 ): 0.1591
median test loss 0.5849
Consuming time:1890.70 in the epoch: 0
Best test loss is 2.16
---------------*****---------------
---------------*****---------------
Starting training the epoch: 1 
total batch: 581.6875 
batch:99 average train loss 2.0657
batch:199 average train loss 2.1193
batch:299 average train loss 2.1118
batch:399 average train loss 2.1137
batch:499 average train loss 2.0919
average train loss 2.1010
Train Consuming time:60.01 in the epoch: 1
total val iterations: 125 
average val loss 2.1027
accuracy ( less than 0.1 ): 0.2054
median val loss 0.5668
total test iterations: 125 
average test loss 1.9896
accuracy ( less than 0.1 ): 0.2068
median test loss 0.5663
Consuming time:76.95 in the epoch: 1
Best test loss is 1.99
---------------*****---------------
---------------*****---------------
Starting training the epoch: 2 
total batch: 581.6875 
batch:99 average train loss 1.9632
batch:199 average train loss 2.0213
batch:299 average train loss 2.0283
batch:399 average train loss 2.0383
batch:499 average train loss 2.0193
average train loss 2.0291
Train Consuming time:56.47 in the epoch: 2
total val iterations: 125 
average val loss 2.0631
accuracy ( less than 0.1 ): 0.1826
median val loss 0.5664
total test iterations: 125 
average test loss 1.9375
accuracy ( less than 0.1 ): 0.1884
median test loss 0.5642
Consuming time:73.54 in the epoch: 2
Best test loss is 1.94
---------------*****---------------
---------------*****---------------
Starting training the epoch: 3 
total batch: 581.6875 
batch:99 average train loss 1.9100
batch:199 average train loss 1.9710
batch:299 average train loss 1.9849
batch:399 average train loss 1.9956
batch:499 average train loss 1.9753
average train loss 1.9885
Train Consuming time:56.10 in the epoch: 3
total val iterations: 125 
average val loss 2.0863
accuracy ( less than 0.1 ): 0.1864
median val loss 0.6067
total test iterations: 125 
average test loss 1.9552
accuracy ( less than 0.1 ): 0.1845
median test loss 0.5790
Consuming time:72.87 in the epoch: 3
Best test loss is 1.94
---------------*****---------------
---------------*****---------------
Starting training the epoch: 4 
total batch: 581.6875 
batch:99 average train loss 1.8792
batch:199 average train loss 1.9386
batch:299 average train loss 1.9513
batch:399 average train loss 1.9664
batch:499 average train loss 1.9484
average train loss 1.9637
Train Consuming time:56.03 in the epoch: 4
total val iterations: 125 
average val loss 2.0334
accuracy ( less than 0.1 ): 0.2034
median val loss 0.5551
total test iterations: 125 
average test loss 1.9234
accuracy ( less than 0.1 ): 0.2040
median test loss 0.5496
Consuming time:72.74 in the epoch: 4
Best test loss is 1.92
---------------*****---------------
---------------*****---------------
Starting training the epoch: 5 
total batch: 581.6875 
batch:99 average train loss 1.8734
batch:199 average train loss 1.9256
batch:299 average train loss 1.9385
batch:399 average train loss 1.9576
batch:499 average train loss 1.9394
average train loss 1.9513
Train Consuming time:55.50 in the epoch: 5
total val iterations: 125 
average val loss 2.0201
accuracy ( less than 0.1 ): 0.2220
median val loss 0.5939
total test iterations: 125 
average test loss 1.9176
accuracy ( less than 0.1 ): 0.2213
median test loss 0.5914
Consuming time:72.39 in the epoch: 5
Best test loss is 1.92
---------------*****---------------
---------------*****---------------
Starting training the epoch: 6 
total batch: 581.6875 
batch:99 average train loss 1.8520
batch:199 average train loss 1.8990
batch:299 average train loss 1.9150
batch:399 average train loss 1.9350
batch:499 average train loss 1.9171
average train loss 1.9298
Train Consuming time:58.81 in the epoch: 6
total val iterations: 125 
average val loss 1.9626
accuracy ( less than 0.1 ): 0.2426
median val loss 0.5895
total test iterations: 125 
average test loss 1.8721
accuracy ( less than 0.1 ): 0.2346
median test loss 0.5662
Consuming time:75.69 in the epoch: 6
Best test loss is 1.87
---------------*****---------------
---------------*****---------------
Starting training the epoch: 7 
total batch: 581.6875 
batch:99 average train loss 1.8184
batch:199 average train loss 1.8740
batch:299 average train loss 1.8931
batch:399 average train loss 1.9139
batch:499 average train loss 1.8971
average train loss 1.9095
Train Consuming time:56.09 in the epoch: 7
total val iterations: 125 
average val loss 1.9693
accuracy ( less than 0.1 ): 0.2312
median val loss 0.5673
total test iterations: 125 
average test loss 1.8754
accuracy ( less than 0.1 ): 0.2261
median test loss 0.5512
Consuming time:73.03 in the epoch: 7
Best test loss is 1.87
---------------*****---------------
---------------*****---------------
Starting training the epoch: 8 
total batch: 581.6875 
batch:99 average train loss 1.8027
batch:199 average train loss 1.8633
batch:299 average train loss 1.8815
batch:399 average train loss 1.9003
batch:499 average train loss 1.8835
average train loss 1.8972
Train Consuming time:56.17 in the epoch: 8
total val iterations: 125 
average val loss 1.9471
accuracy ( less than 0.1 ): 0.2414
median val loss 0.5840
total test iterations: 125 
average test loss 1.8592
accuracy ( less than 0.1 ): 0.2361
median test loss 0.5682
Consuming time:73.11 in the epoch: 8
Best test loss is 1.86
---------------*****---------------
---------------*****---------------
Starting training the epoch: 9 
total batch: 581.6875 
batch:99 average train loss 1.7847
batch:199 average train loss 1.8487
batch:299 average train loss 1.8653
batch:399 average train loss 1.8856
batch:499 average train loss 1.8684
average train loss 1.8809
Train Consuming time:56.34 in the epoch: 9
total val iterations: 125 
average val loss 1.9441
accuracy ( less than 0.1 ): 0.2312
median val loss 0.5919
total test iterations: 125 
average test loss 1.8414
accuracy ( less than 0.1 ): 0.2303
median test loss 0.5612
Consuming time:73.38 in the epoch: 9
Best test loss is 1.84
---------------*****---------------
---------------*****---------------
Starting training the epoch: 10 
total batch: 581.6875 
batch:99 average train loss 1.7776
batch:199 average train loss 1.8364
batch:299 average train loss 1.8503
batch:399 average train loss 1.8744
batch:499 average train loss 1.8587
average train loss 1.8727
Train Consuming time:56.41 in the epoch: 10
total val iterations: 125 
average val loss 1.9559
accuracy ( less than 0.1 ): 0.2296
median val loss 0.6037
total test iterations: 125 
average test loss 1.8542
accuracy ( less than 0.1 ): 0.2277
median test loss 0.5666
Consuming time:77.19 in the epoch: 10
Best test loss is 1.84
---------------*****---------------
---------------*****---------------
Starting training the epoch: 11 
total batch: 581.6875 
batch:99 average train loss 1.7631
batch:199 average train loss 1.8249
batch:299 average train loss 1.8438
batch:399 average train loss 1.8688
batch:499 average train loss 1.8488
average train loss 1.8637
Train Consuming time:56.34 in the epoch: 11
total val iterations: 125 
average val loss 1.9752
accuracy ( less than 0.1 ): 0.2458
median val loss 0.6120
total test iterations: 125 
average test loss 1.8532
accuracy ( less than 0.1 ): 0.2404
median test loss 0.5915
Consuming time:73.27 in the epoch: 11
Best test loss is 1.84
---------------*****---------------
---------------*****---------------
Starting training the epoch: 12 
total batch: 581.6875 
batch:99 average train loss 1.7515
batch:199 average train loss 1.8120
batch:299 average train loss 1.8322
batch:399 average train loss 1.8589
batch:499 average train loss 1.8427
average train loss 1.8590
Train Consuming time:56.35 in the epoch: 12
total val iterations: 125 
average val loss 1.9509
accuracy ( less than 0.1 ): 0.2293
median val loss 0.5656
total test iterations: 125 
average test loss 1.8513
accuracy ( less than 0.1 ): 0.2223
median test loss 0.5525
Consuming time:73.27 in the epoch: 12
Best test loss is 1.84
---------------*****---------------
---------------*****---------------
Starting training the epoch: 13 
total batch: 581.6875 
batch:99 average train loss 1.7488
batch:199 average train loss 1.8099
batch:299 average train loss 1.8283
batch:399 average train loss 1.8501
batch:499 average train loss 1.8316
average train loss 1.8457
Train Consuming time:56.37 in the epoch: 13
total val iterations: 125 
average val loss 2.0116
accuracy ( less than 0.1 ): 0.2363
median val loss 0.6176
total test iterations: 125 
average test loss 1.8662
accuracy ( less than 0.1 ): 0.2273
median test loss 0.5892
Consuming time:73.34 in the epoch: 13
Best test loss is 1.84
---------------*****---------------
---------------*****---------------
Starting training the epoch: 14 
total batch: 581.6875 
batch:99 average train loss 1.7460
batch:199 average train loss 1.8051
batch:299 average train loss 1.8199
batch:399 average train loss 1.8448
batch:499 average train loss 1.8255
average train loss 1.8383
Train Consuming time:56.15 in the epoch: 14
total val iterations: 125 
average val loss 1.9612
accuracy ( less than 0.1 ): 0.2288
median val loss 0.6016
total test iterations: 125 
average test loss 1.8612
accuracy ( less than 0.1 ): 0.2186
median test loss 0.5890
Consuming time:72.95 in the epoch: 14
Best test loss is 1.84
---------------*****---------------
---------------*****---------------
Starting training the epoch: 15 
total batch: 581.6875 
batch:99 average train loss 1.7246
batch:199 average train loss 1.7900
batch:299 average train loss 1.8096
batch:399 average train loss 1.8334
batch:499 average train loss 1.8149
average train loss 1.8294
Train Consuming time:56.00 in the epoch: 15
total val iterations: 125 
average val loss 1.9600
accuracy ( less than 0.1 ): 0.2414
median val loss 0.5940
total test iterations: 125 
average test loss 1.8507
accuracy ( less than 0.1 ): 0.2353
median test loss 0.5701
Consuming time:76.68 in the epoch: 15
Best test loss is 1.84
---------------*****---------------
---------------*****---------------
Starting training the epoch: 16 
total batch: 581.6875 
batch:99 average train loss 1.7198
batch:199 average train loss 1.7836
batch:299 average train loss 1.8047
batch:399 average train loss 1.8281
batch:499 average train loss 1.8105
average train loss 1.8232
Train Consuming time:56.07 in the epoch: 16
total val iterations: 125 
average val loss 1.9562
accuracy ( less than 0.1 ): 0.2305
median val loss 0.5896
total test iterations: 125 
average test loss 1.8511
accuracy ( less than 0.1 ): 0.2227
median test loss 0.5697
Consuming time:72.79 in the epoch: 16
Best test loss is 1.84
---------------*****---------------
---------------*****---------------
Starting training the epoch: 17 
total batch: 581.6875 
batch:99 average train loss 1.7167
batch:199 average train loss 1.7802
batch:299 average train loss 1.7948
batch:399 average train loss 1.8162
batch:499 average train loss 1.8002
average train loss 1.8141
Train Consuming time:56.16 in the epoch: 17
total val iterations: 125 
average val loss 1.9734
accuracy ( less than 0.1 ): 0.2157
median val loss 0.5953
total test iterations: 125 
average test loss 1.8665
accuracy ( less than 0.1 ): 0.2151
median test loss 0.5775
Consuming time:73.08 in the epoch: 17
Best test loss is 1.84
---------------*****---------------
---------------*****---------------
Starting training the epoch: 18 
total batch: 581.6875 
batch:99 average train loss 1.7069
batch:199 average train loss 1.7710
batch:299 average train loss 1.7879
batch:399 average train loss 1.8123
batch:499 average train loss 1.7948
average train loss 1.8086
Train Consuming time:56.25 in the epoch: 18
total val iterations: 125 
average val loss 1.9512
accuracy ( less than 0.1 ): 0.2136
median val loss 0.5976
total test iterations: 125 
average test loss 1.8561
accuracy ( less than 0.1 ): 0.2084
median test loss 0.5606
Consuming time:73.00 in the epoch: 18
Best test loss is 1.84
---------------*****---------------
---------------*****---------------
Starting training the epoch: 19 
total batch: 581.6875 
batch:99 average train loss 1.7092
batch:199 average train loss 1.7696
batch:299 average train loss 1.7842
batch:399 average train loss 1.8060
batch:499 average train loss 1.7878
average train loss 1.8025
Train Consuming time:56.10 in the epoch: 19
total val iterations: 125 
average val loss 1.9629
accuracy ( less than 0.1 ): 0.2301
median val loss 0.6022
total test iterations: 125 
average test loss 1.8521
accuracy ( less than 0.1 ): 0.2225
median test loss 0.5700
Consuming time:73.06 in the epoch: 19
Best test loss is 1.84
---------------*****---------------
---------------*****---------------
Starting training the epoch: 20 
total batch: 581.6875 
batch:99 average train loss 1.7193
batch:199 average train loss 1.7747
batch:299 average train loss 1.7851
batch:399 average train loss 1.8011
batch:499 average train loss 1.7824
average train loss 1.7808
Train Consuming time:56.10 in the epoch: 20
total val iterations: 125 
average val loss 1.9312
accuracy ( less than 0.1 ): 0.2317
median val loss 0.5716
total test iterations: 125 
average test loss 1.8231
accuracy ( less than 0.1 ): 0.2245
median test loss 0.5497
Consuming time:76.94 in the epoch: 20
Best test loss is 1.82
---------------*****---------------
---------------*****---------------
Starting training the epoch: 21 
total batch: 581.6875 
batch:99 average train loss 1.6798
batch:199 average train loss 1.7426
batch:299 average train loss 1.7550
batch:399 average train loss 1.7739
batch:499 average train loss 1.7548
average train loss 1.7575
Train Consuming time:56.03 in the epoch: 21
total val iterations: 125 
average val loss 1.9266
accuracy ( less than 0.1 ): 0.2342
median val loss 0.5701
total test iterations: 125 
average test loss 1.8203
accuracy ( less than 0.1 ): 0.2286
median test loss 0.5430
Consuming time:72.89 in the epoch: 21
Best test loss is 1.82
---------------*****---------------
---------------*****---------------
Starting training the epoch: 22 
total batch: 581.6875 
batch:99 average train loss 1.6713
batch:199 average train loss 1.7345
batch:299 average train loss 1.7467
batch:399 average train loss 1.7665
batch:499 average train loss 1.7460
average train loss 1.7502
Train Consuming time:56.02 in the epoch: 22
total val iterations: 125 
average val loss 1.9249
accuracy ( less than 0.1 ): 0.2344
median val loss 0.5665
total test iterations: 125 
average test loss 1.8180
accuracy ( less than 0.1 ): 0.2287
median test loss 0.5386
Consuming time:72.95 in the epoch: 22
Best test loss is 1.82
---------------*****---------------
---------------*****---------------
Starting training the epoch: 23 
total batch: 581.6875 
batch:99 average train loss 1.6659
batch:199 average train loss 1.7291
batch:299 average train loss 1.7413
batch:399 average train loss 1.7610
batch:499 average train loss 1.7408
average train loss 1.7457
Train Consuming time:55.98 in the epoch: 23
total val iterations: 125 
average val loss 1.9244
accuracy ( less than 0.1 ): 0.2334
median val loss 0.5641
total test iterations: 125 
average test loss 1.8166
accuracy ( less than 0.1 ): 0.2281
median test loss 0.5390
Consuming time:72.92 in the epoch: 23
Best test loss is 1.82
---------------*****---------------
---------------*****---------------
Starting training the epoch: 24 
total batch: 581.6875 
batch:99 average train loss 1.6635
batch:199 average train loss 1.7254
batch:299 average train loss 1.7367
batch:399 average train loss 1.7569
batch:499 average train loss 1.7370
average train loss 1.7425
Train Consuming time:55.99 in the epoch: 24
total val iterations: 125 
average val loss 1.9230
accuracy ( less than 0.1 ): 0.2337
median val loss 0.5625
total test iterations: 125 
average test loss 1.8154
accuracy ( less than 0.1 ): 0.2262
median test loss 0.5353
Consuming time:72.80 in the epoch: 24
Best test loss is 1.82
---------------*****---------------
---------------*****---------------
Starting training the epoch: 25 
total batch: 581.6875 
batch:99 average train loss 1.6614
batch:199 average train loss 1.7226
batch:299 average train loss 1.7343
batch:399 average train loss 1.7546
batch:499 average train loss 1.7346
average train loss 1.7404
Train Consuming time:60.08 in the epoch: 25
total val iterations: 125 
average val loss 1.9222
accuracy ( less than 0.1 ): 0.2336
median val loss 0.5640
total test iterations: 125 
average test loss 1.8144
accuracy ( less than 0.1 ): 0.2268
median test loss 0.5363
Consuming time:77.23 in the epoch: 25
Best test loss is 1.81
---------------*****---------------
---------------*****---------------
Starting training the epoch: 26 
total batch: 581.6875 
batch:99 average train loss 1.6593
batch:199 average train loss 1.7195
batch:299 average train loss 1.7313
batch:399 average train loss 1.7516
batch:499 average train loss 1.7318
average train loss 1.7380
Train Consuming time:56.29 in the epoch: 26
total val iterations: 125 
average val loss 1.9214
accuracy ( less than 0.1 ): 0.2345
median val loss 0.5633
total test iterations: 125 
average test loss 1.8138
accuracy ( less than 0.1 ): 0.2278
median test loss 0.5368
Consuming time:73.33 in the epoch: 26
Best test loss is 1.81
---------------*****---------------
---------------*****---------------
Starting training the epoch: 27 
total batch: 581.6875 
batch:99 average train loss 1.6578
batch:199 average train loss 1.7183
batch:299 average train loss 1.7295
batch:399 average train loss 1.7498
batch:499 average train loss 1.7301
average train loss 1.7366
Train Consuming time:56.20 in the epoch: 27
total val iterations: 125 
average val loss 1.9211
accuracy ( less than 0.1 ): 0.2334
median val loss 0.5648
total test iterations: 125 
average test loss 1.8136
accuracy ( less than 0.1 ): 0.2268
median test loss 0.5352
Consuming time:73.25 in the epoch: 27
Best test loss is 1.81
---------------*****---------------
---------------*****---------------
Starting training the epoch: 28 
total batch: 581.6875 
batch:99 average train loss 1.6558
batch:199 average train loss 1.7158
batch:299 average train loss 1.7273
batch:399 average train loss 1.7475
batch:499 average train loss 1.7282
average train loss 1.7348
Train Consuming time:56.37 in the epoch: 28
total val iterations: 125 
average val loss 1.9205
accuracy ( less than 0.1 ): 0.2331
median val loss 0.5624
total test iterations: 125 
average test loss 1.8132
accuracy ( less than 0.1 ): 0.2257
median test loss 0.5369
Consuming time:73.48 in the epoch: 28
Best test loss is 1.81
---------------*****---------------
---------------*****---------------
Starting training the epoch: 29 
total batch: 581.6875 
batch:99 average train loss 1.6543
batch:199 average train loss 1.7138
batch:299 average train loss 1.7249
batch:399 average train loss 1.7452
batch:499 average train loss 1.7261
average train loss 1.7331
Train Consuming time:56.19 in the epoch: 29
total val iterations: 125 
average val loss 1.9209
accuracy ( less than 0.1 ): 0.2322
median val loss 0.5637
total test iterations: 125 
average test loss 1.8135
accuracy ( less than 0.1 ): 0.2261
median test loss 0.5367
Consuming time:73.15 in the epoch: 29
Best test loss is 1.81
---------------*****---------------
---------------*****---------------
Starting training the epoch: 30 
total batch: 581.6875 
batch:99 average train loss 1.6535
batch:199 average train loss 1.7132
batch:299 average train loss 1.7238
batch:399 average train loss 1.7439
batch:499 average train loss 1.7247
average train loss 1.7318
Train Consuming time:60.05 in the epoch: 30
total val iterations: 125 
average val loss 1.9209
accuracy ( less than 0.1 ): 0.2308
median val loss 0.5634
total test iterations: 125 
average test loss 1.8134
accuracy ( less than 0.1 ): 0.2252
median test loss 0.5369
Consuming time:77.14 in the epoch: 30
Best test loss is 1.81
---------------*****---------------
---------------*****---------------
Starting training the epoch: 31 
total batch: 581.6875 
batch:99 average train loss 1.6533
batch:199 average train loss 1.7122
batch:299 average train loss 1.7223
batch:399 average train loss 1.7422
batch:499 average train loss 1.7235
average train loss 1.7309
Train Consuming time:56.27 in the epoch: 31
total val iterations: 125 
average val loss 1.9207
accuracy ( less than 0.1 ): 0.2324
median val loss 0.5599
total test iterations: 125 
average test loss 1.8128
accuracy ( less than 0.1 ): 0.2251
median test loss 0.5363
Consuming time:73.39 in the epoch: 31
Best test loss is 1.81
---------------*****---------------
---------------*****---------------
Starting training the epoch: 32 
total batch: 581.6875 
batch:99 average train loss 1.6510
batch:199 average train loss 1.7102
batch:299 average train loss 1.7211
batch:399 average train loss 1.7410
batch:499 average train loss 1.7222
average train loss 1.7296
Train Consuming time:56.16 in the epoch: 32
total val iterations: 125 
average val loss 1.9209
accuracy ( less than 0.1 ): 0.2316
median val loss 0.5597
total test iterations: 125 
average test loss 1.8134
accuracy ( less than 0.1 ): 0.2248
median test loss 0.5361
Consuming time:73.31 in the epoch: 32
Best test loss is 1.81
---------------*****---------------
---------------*****---------------
Starting training the epoch: 33 
total batch: 581.6875 
batch:99 average train loss 1.6496
batch:199 average train loss 1.7093
batch:299 average train loss 1.7196
batch:399 average train loss 1.7394
batch:499 average train loss 1.7208
average train loss 1.7284
Train Consuming time:55.94 in the epoch: 33
total val iterations: 125 
average val loss 1.9209
accuracy ( less than 0.1 ): 0.2314
median val loss 0.5599
total test iterations: 125 
average test loss 1.8129
accuracy ( less than 0.1 ): 0.2257
median test loss 0.5361
Consuming time:72.91 in the epoch: 33
Best test loss is 1.81
---------------*****---------------
---------------*****---------------
Starting training the epoch: 34 
total batch: 581.6875 
batch:99 average train loss 1.6491
batch:199 average train loss 1.7080
batch:299 average train loss 1.7181
batch:399 average train loss 1.7378
batch:499 average train loss 1.7193
average train loss 1.7271
Train Consuming time:56.49 in the epoch: 34
total val iterations: 125 
average val loss 1.9206
accuracy ( less than 0.1 ): 0.2312
median val loss 0.5562
total test iterations: 125 
average test loss 1.8129
accuracy ( less than 0.1 ): 0.2249
median test loss 0.5341
Consuming time:73.70 in the epoch: 34
Best test loss is 1.81
---------------*****---------------
---------------*****---------------
Starting training the epoch: 35 
total batch: 581.6875 
batch:99 average train loss 1.6482
batch:199 average train loss 1.7066
batch:299 average train loss 1.7168
batch:399 average train loss 1.7364
batch:499 average train loss 1.7185
average train loss 1.7263
Train Consuming time:60.55 in the epoch: 35
total val iterations: 125 
average val loss 1.9208
accuracy ( less than 0.1 ): 0.2319
median val loss 0.5573
total test iterations: 125 
average test loss 1.8134
accuracy ( less than 0.1 ): 0.2251
median test loss 0.5366
Consuming time:77.82 in the epoch: 35
Best test loss is 1.81
---------------*****---------------
---------------*****---------------
Starting training the epoch: 36 
total batch: 581.6875 
batch:99 average train loss 1.6476
batch:199 average train loss 1.7059
batch:299 average train loss 1.7157
batch:399 average train loss 1.7353
batch:499 average train loss 1.7176
average train loss 1.7257
Train Consuming time:56.49 in the epoch: 36
total val iterations: 125 
average val loss 1.9210
accuracy ( less than 0.1 ): 0.2307
median val loss 0.5564
total test iterations: 125 
average test loss 1.8131
accuracy ( less than 0.1 ): 0.2251
median test loss 0.5355
Consuming time:73.69 in the epoch: 36
Best test loss is 1.81
---------------*****---------------
---------------*****---------------
Starting training the epoch: 37 
total batch: 581.6875 
batch:99 average train loss 1.6462
batch:199 average train loss 1.7043
batch:299 average train loss 1.7145
batch:399 average train loss 1.7341
batch:499 average train loss 1.7163
average train loss 1.7247
Train Consuming time:56.25 in the epoch: 37
total val iterations: 125 
average val loss 1.9205
accuracy ( less than 0.1 ): 0.2312
median val loss 0.5559
total test iterations: 125 
average test loss 1.8136
accuracy ( less than 0.1 ): 0.2252
median test loss 0.5349
Consuming time:73.41 in the epoch: 37
Best test loss is 1.81
---------------*****---------------
---------------*****---------------
Starting training the epoch: 38 
total batch: 581.6875 
batch:99 average train loss 1.6448
batch:199 average train loss 1.7032
batch:299 average train loss 1.7134
batch:399 average train loss 1.7330
batch:499 average train loss 1.7153
average train loss 1.7238
Train Consuming time:56.34 in the epoch: 38
total val iterations: 125 
average val loss 1.9210
accuracy ( less than 0.1 ): 0.2307
median val loss 0.5568
total test iterations: 125 
average test loss 1.8134
accuracy ( less than 0.1 ): 0.2258
median test loss 0.5370
Consuming time:73.49 in the epoch: 38
Best test loss is 1.81
---------------*****---------------
---------------*****---------------
Starting training the epoch: 39 
total batch: 581.6875 
batch:99 average train loss 1.6442
batch:199 average train loss 1.7026
batch:299 average train loss 1.7125
batch:399 average train loss 1.7321
batch:499 average train loss 1.7146
average train loss 1.7230
Train Consuming time:56.25 in the epoch: 39
total val iterations: 125 
average val loss 1.9205
accuracy ( less than 0.1 ): 0.2301
median val loss 0.5548
total test iterations: 125 
average test loss 1.8136
accuracy ( less than 0.1 ): 0.2266
median test loss 0.5353
Consuming time:73.50 in the epoch: 39
Best test loss is 1.81
---------------*****---------------
---------------*****---------------
Starting training the epoch: 40 
total batch: 581.6875 
batch:99 average train loss 1.6432
batch:199 average train loss 1.7016
batch:299 average train loss 1.7114
batch:399 average train loss 1.7312
batch:499 average train loss 1.7134
average train loss 1.7220
Train Consuming time:60.13 in the epoch: 40
total val iterations: 125 
average val loss 1.9208
accuracy ( less than 0.1 ): 0.2297
median val loss 0.5550
total test iterations: 125 
average test loss 1.8135
accuracy ( less than 0.1 ): 0.2271
median test loss 0.5359
Consuming time:77.33 in the epoch: 40
Best test loss is 1.81
---------------*****---------------
---------------*****---------------
Starting training the epoch: 41 
total batch: 581.6875 
batch:99 average train loss 1.6424
batch:199 average train loss 1.7011
batch:299 average train loss 1.7111
batch:399 average train loss 1.7307
batch:499 average train loss 1.7130
average train loss 1.7217
Train Consuming time:56.36 in the epoch: 41
total val iterations: 125 
average val loss 1.9209
accuracy ( less than 0.1 ): 0.2295
median val loss 0.5564
total test iterations: 125 
average test loss 1.8136
accuracy ( less than 0.1 ): 0.2278
median test loss 0.5370
Consuming time:73.50 in the epoch: 41
Best test loss is 1.81
---------------*****---------------
---------------*****---------------
Starting training the epoch: 42 
total batch: 581.6875 
batch:99 average train loss 1.6420
batch:199 average train loss 1.7005
batch:299 average train loss 1.7100
batch:399 average train loss 1.7294
batch:499 average train loss 1.7117
average train loss 1.7206
Train Consuming time:56.27 in the epoch: 42
total val iterations: 125 
average val loss 1.9208
accuracy ( less than 0.1 ): 0.2296
median val loss 0.5559
total test iterations: 125 
average test loss 1.8139
accuracy ( less than 0.1 ): 0.2278
median test loss 0.5372
Consuming time:73.45 in the epoch: 42
Best test loss is 1.81
---------------*****---------------
---------------*****---------------
Starting training the epoch: 43 
total batch: 581.6875 
batch:99 average train loss 1.6412
batch:199 average train loss 1.6995
batch:299 average train loss 1.7092
batch:399 average train loss 1.7286
batch:499 average train loss 1.7112
average train loss 1.7200
Train Consuming time:56.23 in the epoch: 43
total val iterations: 125 
average val loss 1.9209
accuracy ( less than 0.1 ): 0.2305
median val loss 0.5548
total test iterations: 125 
average test loss 1.8141
accuracy ( less than 0.1 ): 0.2274
median test loss 0.5372
Consuming time:73.27 in the epoch: 43
Best test loss is 1.81
---------------*****---------------
---------------*****---------------
Starting training the epoch: 44 
total batch: 581.6875 
batch:99 average train loss 1.6406
batch:199 average train loss 1.6992
batch:299 average train loss 1.7091
batch:399 average train loss 1.7285
batch:499 average train loss 1.7107
average train loss 1.7197
Train Consuming time:56.22 in the epoch: 44
total val iterations: 125 
average val loss 1.9207
accuracy ( less than 0.1 ): 0.2298
median val loss 0.5560
total test iterations: 125 
average test loss 1.8137
accuracy ( less than 0.1 ): 0.2283
median test loss 0.5397
Consuming time:73.39 in the epoch: 44
Best test loss is 1.81
---------------*****---------------
---------------*****---------------
Starting training the epoch: 45 
total batch: 581.6875 
batch:99 average train loss 1.6391
batch:199 average train loss 1.6983
batch:299 average train loss 1.7079
batch:399 average train loss 1.7272
batch:499 average train loss 1.7094
average train loss 1.7185
Train Consuming time:59.90 in the epoch: 45
total val iterations: 125 
average val loss 1.9204
accuracy ( less than 0.1 ): 0.2291
median val loss 0.5561
total test iterations: 125 
average test loss 1.8139
accuracy ( less than 0.1 ): 0.2279
median test loss 0.5396
Consuming time:76.70 in the epoch: 45
Best test loss is 1.81
---------------*****---------------
---------------*****---------------
Starting training the epoch: 46 
total batch: 581.6875 
batch:99 average train loss 1.6393
batch:199 average train loss 1.6977
batch:299 average train loss 1.7075
batch:399 average train loss 1.7266
batch:499 average train loss 1.7089
average train loss 1.7181
Train Consuming time:55.96 in the epoch: 46
total val iterations: 125 
average val loss 1.9203
accuracy ( less than 0.1 ): 0.2292
median val loss 0.5574
total test iterations: 125 
average test loss 1.8138
accuracy ( less than 0.1 ): 0.2285
median test loss 0.5409
Consuming time:72.70 in the epoch: 46
Best test loss is 1.81
---------------*****---------------
---------------*****---------------
Starting training the epoch: 47 
total batch: 581.6875 
batch:99 average train loss 1.6379
batch:199 average train loss 1.6966
batch:299 average train loss 1.7069
batch:399 average train loss 1.7260
batch:499 average train loss 1.7086
average train loss 1.7178
Train Consuming time:55.75 in the epoch: 47
total val iterations: 125 
average val loss 1.9209
accuracy ( less than 0.1 ): 0.2293
median val loss 0.5564
total test iterations: 125 
average test loss 1.8139
accuracy ( less than 0.1 ): 0.2288
median test loss 0.5399
Consuming time:72.50 in the epoch: 47
Best test loss is 1.81
---------------*****---------------
---------------*****---------------
Starting training the epoch: 48 
total batch: 581.6875 
batch:99 average train loss 1.6382
batch:199 average train loss 1.6963
batch:299 average train loss 1.7058
batch:399 average train loss 1.7253
batch:499 average train loss 1.7077
average train loss 1.7170
Train Consuming time:55.92 in the epoch: 48
total val iterations: 125 
average val loss 1.9209
accuracy ( less than 0.1 ): 0.2285
median val loss 0.5565
total test iterations: 125 
average test loss 1.8136
accuracy ( less than 0.1 ): 0.2276
median test loss 0.5414
Consuming time:72.70 in the epoch: 48
Best test loss is 1.81
---------------*****---------------
---------------*****---------------
Starting training the epoch: 49 
total batch: 581.6875 
batch:99 average train loss 1.6368
batch:199 average train loss 1.6958
batch:299 average train loss 1.7056
batch:399 average train loss 1.7249
batch:499 average train loss 1.7073
average train loss 1.7167
Train Consuming time:55.48 in the epoch: 49
total val iterations: 125 
average val loss 1.9210
accuracy ( less than 0.1 ): 0.2288
median val loss 0.5571
total test iterations: 125 
average test loss 1.8135
accuracy ( less than 0.1 ): 0.2285
median test loss 0.5423
Consuming time:75.71 in the epoch: 49
Best test loss is 1.81
---------------*****---------------
