===========configuration loading success==========
===================configuration===================
learning rate :  0.001
observation hour [7,19]
observation threshold :  3240
prediction time :  86400
cascade length [10,100]
model save at : ../model_save/topolstm/citation3/
===================configuration===================
# Epochs:0
Train Loss MSEL:2.024969, Val Loss MSEL:1.748720, Test Loss MSEL:1.705925,
Train Loss mSEL:0.837619, Val Loss mSEL:0.796222, Test Loss mSEL:0.807654,
Train acc:0.295681, Val acc:0.294628, Test acc:0.291251,
Train Loss mape:0.448801, Val Loss mape:0.423025, Test Loss mape:0.417433,

# Epochs:1
Train Loss MSEL:1.674361, Val Loss MSEL:1.649909, Test Loss MSEL:1.586012,
Train Loss mSEL:0.736370, Val Loss mSEL:0.688015, Test Loss mSEL:0.659694,
Train acc:0.328165, Val acc:0.341562, Test acc:0.347650,
Train Loss mape:0.452950, Val Loss mape:0.473734, Test Loss mape:0.464789,

# Epochs:2
Train Loss MSEL:1.645588, Val Loss MSEL:1.633304, Test Loss MSEL:1.578207,
Train Loss mSEL:0.709218, Val Loss mSEL:0.672076, Test Loss mSEL:0.641681,
Train acc:0.333652, Val acc:0.347859, Test acc:0.350735,
Train Loss mape:0.461306, Val Loss mape:0.476120, Test Loss mape:0.467719,

# Epochs:3
Train Loss MSEL:1.634306, Val Loss MSEL:1.631937, Test Loss MSEL:1.585999,
Train Loss mSEL:0.687230, Val Loss mSEL:0.736160, Test Loss mSEL:0.717013,
Train acc:0.338635, Val acc:0.319535, Test acc:0.318666,
Train Loss mape:0.464440, Val Loss mape:0.452337, Test Loss mape:0.445290,

# Epochs:4
Train Loss MSEL:1.643763, Val Loss MSEL:1.624213, Test Loss MSEL:1.572563,
Train Loss mSEL:0.699382, Val Loss mSEL:0.671059, Test Loss mSEL:0.644005,
Train acc:0.338501, Val acc:0.343467, Test acc:0.349969,
Train Loss mape:0.466830, Val Loss mape:0.472904, Test Loss mape:0.464640,

# Epochs:5
Train Loss MSEL:1.636352, Val Loss MSEL:1.638582, Test Loss MSEL:1.592752,
Train Loss mSEL:0.681957, Val Loss mSEL:0.741876, Test Loss mSEL:0.723381,
Train acc:0.341258, Val acc:0.320020, Test acc:0.320281,
Train Loss mape:0.467487, Val Loss mape:0.454654, Test Loss mape:0.447529,

# Epochs:6
Train Loss MSEL:1.637673, Val Loss MSEL:1.624925, Test Loss MSEL:1.571579,
Train Loss mSEL:0.689077, Val Loss mSEL:0.660203, Test Loss mSEL:0.634352,
Train acc:0.341483, Val acc:0.349159, Test acc:0.357778,
Train Loss mape:0.468129, Val Loss mape:0.477546, Test Loss mape:0.469673,

# Epochs:7
Train Loss MSEL:1.635508, Val Loss MSEL:1.634311, Test Loss MSEL:1.580503,
Train Loss mSEL:0.689859, Val Loss mSEL:0.661383, Test Loss mSEL:0.633897,
Train acc:0.340904, Val acc:0.357027, Test acc:0.360599,
Train Loss mape:0.468225, Val Loss mape:0.486924, Test Loss mape:0.477932,

# Epochs:8
Train Loss MSEL:1.634328, Val Loss MSEL:1.653230, Test Loss MSEL:1.612129,
Train Loss mSEL:0.679222, Val Loss mSEL:0.792937, Test Loss mSEL:0.762109,
Train acc:0.341464, Val acc:0.307601, Test acc:0.303150,
Train Loss mape:0.468614, Val Loss mape:0.445878, Test Loss mape:0.439606,

# Epochs:9
Train Loss MSEL:1.637026, Val Loss MSEL:1.618932, Test Loss MSEL:1.570468,
Train Loss mSEL:0.687082, Val Loss mSEL:0.686628, Test Loss mSEL:0.665392,
Train acc:0.339027, Val acc:0.334833, Test acc:0.342005,
Train Loss mape:0.467056, Val Loss mape:0.464403, Test Loss mape:0.456732,

# Epochs:10
Train Loss MSEL:1.634342, Val Loss MSEL:1.618107, Test Loss MSEL:1.573252,
Train Loss mSEL:0.686523, Val Loss mSEL:0.696918, Test Loss mSEL:0.669171,
Train acc:0.341989, Val acc:0.330927, Test acc:0.335603,
Train Loss mape:0.468607, Val Loss mape:0.460805, Test Loss mape:0.454129,

# Epochs:11
Train Loss MSEL:1.634202, Val Loss MSEL:1.647025, Test Loss MSEL:1.585799,
Train Loss mSEL:0.684326, Val Loss mSEL:0.663592, Test Loss mSEL:0.636735,
Train acc:0.342559, Val acc:0.356527, Test acc:0.360501,
Train Loss mape:0.467289, Val Loss mape:0.487271, Test Loss mape:0.477446,

# Epochs:12
Train Loss MSEL:1.627271, Val Loss MSEL:1.616973, Test Loss MSEL:1.572491,
Train Loss mSEL:0.677992, Val Loss mSEL:0.698457, Test Loss mSEL:0.674226,
Train acc:0.342197, Val acc:0.331087, Test acc:0.336297,
Train Loss mape:0.467381, Val Loss mape:0.460193, Test Loss mape:0.453498,

# Epochs:13
Train Loss MSEL:1.623413, Val Loss MSEL:1.635790, Test Loss MSEL:1.577814,
Train Loss mSEL:0.681645, Val Loss mSEL:0.663197, Test Loss mSEL:0.634494,
Train acc:0.344091, Val acc:0.358384, Test acc:0.362125,
Train Loss mape:0.466638, Val Loss mape:0.484802, Test Loss mape:0.476233,

# Epochs:14
Train Loss MSEL:1.627762, Val Loss MSEL:1.628031, Test Loss MSEL:1.569314,
Train Loss mSEL:0.678273, Val Loss mSEL:0.659590, Test Loss mSEL:0.634846,
Train acc:0.342032, Val acc:0.353391, Test acc:0.358514,
Train Loss mape:0.466821, Val Loss mape:0.480404, Test Loss mape:0.471084,

# Epochs:15
Train Loss MSEL:1.626229, Val Loss MSEL:1.615524, Test Loss MSEL:1.577882,
Train Loss mSEL:0.680327, Val Loss mSEL:0.695192, Test Loss mSEL:0.672993,
Train acc:0.342425, Val acc:0.330982, Test acc:0.336070,
Train Loss mape:0.466635, Val Loss mape:0.459548, Test Loss mape:0.453287,

# Epochs:16
Train Loss MSEL:1.624558, Val Loss MSEL:1.613798, Test Loss MSEL:1.566744,
Train Loss mSEL:0.680592, Val Loss mSEL:0.687015, Test Loss mSEL:0.658055,
Train acc:0.343024, Val acc:0.335480, Test acc:0.343682,
Train Loss mape:0.466063, Val Loss mape:0.463675, Test Loss mape:0.456926,

# Epochs:17
Train Loss MSEL:1.620308, Val Loss MSEL:1.612139, Test Loss MSEL:1.565108,
Train Loss mSEL:0.677986, Val Loss mSEL:0.674852, Test Loss mSEL:0.644611,
Train acc:0.343131, Val acc:0.345747, Test acc:0.351241,
Train Loss mape:0.465677, Val Loss mape:0.469820, Test Loss mape:0.462339,

# Epochs:18
Train Loss MSEL:1.622793, Val Loss MSEL:1.673241, Test Loss MSEL:1.639070,
Train Loss mSEL:0.679825, Val Loss mSEL:0.795497, Test Loss mSEL:0.787642,
Train acc:0.341699, Val acc:0.299408, Test acc:0.293743,
Train Loss mape:0.465890, Val Loss mape:0.442859, Test Loss mape:0.437572,

# Epochs:19
Train Loss MSEL:1.623137, Val Loss MSEL:1.614688, Test Loss MSEL:1.573284,
Train Loss mSEL:0.682563, Val Loss mSEL:0.699651, Test Loss mSEL:0.677893,
Train acc:0.342884, Val acc:0.332340, Test acc:0.335354,
Train Loss mape:0.466031, Val Loss mape:0.459434, Test Loss mape:0.453003,

# Epochs:20
Train Loss MSEL:1.619161, Val Loss MSEL:1.616524, Test Loss MSEL:1.569514,
Train Loss mSEL:0.675489, Val Loss mSEL:0.691516, Test Loss mSEL:0.661010,
Train acc:0.342594, Val acc:0.335320, Test acc:0.341446,
Train Loss mape:0.465162, Val Loss mape:0.463368, Test Loss mape:0.456374,

# Epochs:21
Train Loss MSEL:1.627871, Val Loss MSEL:1.641691, Test Loss MSEL:1.583902,
Train Loss mSEL:0.686743, Val Loss mSEL:0.661610, Test Loss mSEL:0.632420,
Train acc:0.343073, Val acc:0.358977, Test acc:0.364643,
Train Loss mape:0.465870, Val Loss mape:0.489847, Test Loss mape:0.480415,

# Epochs:22
Train Loss MSEL:1.631867, Val Loss MSEL:1.618541, Test Loss MSEL:1.573922,
Train Loss mSEL:0.681654, Val Loss mSEL:0.703154, Test Loss mSEL:0.677281,
Train acc:0.340403, Val acc:0.329350, Test acc:0.333262,
Train Loss mape:0.466176, Val Loss mape:0.458104, Test Loss mape:0.451343,

# Epochs:23
Train Loss MSEL:1.623677, Val Loss MSEL:1.612033, Test Loss MSEL:1.569596,
Train Loss mSEL:0.677306, Val Loss mSEL:0.700220, Test Loss mSEL:0.677013,
Train acc:0.342641, Val acc:0.331633, Test acc:0.336524,
Train Loss mape:0.466868, Val Loss mape:0.459047, Test Loss mape:0.452758,

# Epochs:24
Train Loss MSEL:1.618117, Val Loss MSEL:1.630438, Test Loss MSEL:1.586920,
Train Loss mSEL:0.672186, Val Loss mSEL:0.743695, Test Loss mSEL:0.719388,
Train acc:0.342785, Val acc:0.318288, Test acc:0.320083,
Train Loss mape:0.465341, Val Loss mape:0.450436, Test Loss mape:0.443789,

# Epochs:25
Train Loss MSEL:1.623493, Val Loss MSEL:1.630276, Test Loss MSEL:1.578104,
Train Loss mSEL:0.684357, Val Loss mSEL:0.662323, Test Loss mSEL:0.634400,
Train acc:0.343255, Val acc:0.355351, Test acc:0.360922,
Train Loss mape:0.465723, Val Loss mape:0.482465, Test Loss mape:0.474680,

# Epochs:26
Train Loss MSEL:1.618414, Val Loss MSEL:1.625743, Test Loss MSEL:1.580289,
Train Loss mSEL:0.673752, Val Loss mSEL:0.716494, Test Loss mSEL:0.691916,
Train acc:0.343679, Val acc:0.327888, Test acc:0.332431,
Train Loss mape:0.465312, Val Loss mape:0.458054, Test Loss mape:0.451024,

# Epochs:27
Train Loss MSEL:1.623006, Val Loss MSEL:1.612319, Test Loss MSEL:1.569479,
Train Loss mSEL:0.682017, Val Loss mSEL:0.703598, Test Loss mSEL:0.669259,
Train acc:0.343214, Val acc:0.332450, Test acc:0.336623,
Train Loss mape:0.465655, Val Loss mape:0.459472, Test Loss mape:0.452489,

# Epochs:28
Train Loss MSEL:1.622676, Val Loss MSEL:1.629151, Test Loss MSEL:1.577409,
Train Loss mSEL:0.681205, Val Loss mSEL:0.656434, Test Loss mSEL:0.625635,
Train acc:0.342490, Val acc:0.358709, Test acc:0.365160,
Train Loss mape:0.464862, Val Loss mape:0.486165, Test Loss mape:0.477834,

# Epochs:29
Train Loss MSEL:1.622700, Val Loss MSEL:1.619617, Test Loss MSEL:1.579038,
Train Loss mSEL:0.673289, Val Loss mSEL:0.717067, Test Loss mSEL:0.686337,
Train acc:0.341685, Val acc:0.326209, Test acc:0.328698,
Train Loss mape:0.465859, Val Loss mape:0.454597, Test Loss mape:0.448086,

# Epochs:30
Train Loss MSEL:1.621923, Val Loss MSEL:1.611205, Test Loss MSEL:1.561054,
Train Loss mSEL:0.683158, Val Loss mSEL:0.672692, Test Loss mSEL:0.647917,
Train acc:0.341401, Val acc:0.343679, Test acc:0.350153,
Train Loss mape:0.465309, Val Loss mape:0.468014, Test Loss mape:0.460193,

# Epochs:31
Train Loss MSEL:1.618557, Val Loss MSEL:1.625418, Test Loss MSEL:1.571269,
Train Loss mSEL:0.680104, Val Loss mSEL:0.660490, Test Loss mSEL:0.632869,
Train acc:0.342865, Val acc:0.354587, Test acc:0.361381,
Train Loss mape:0.465440, Val Loss mape:0.481453, Test Loss mape:0.473103,

# Epochs:32
Train Loss MSEL:1.625172, Val Loss MSEL:1.619477, Test Loss MSEL:1.579822,
Train Loss mSEL:0.682504, Val Loss mSEL:0.719944, Test Loss mSEL:0.696613,
Train acc:0.340480, Val acc:0.324689, Test acc:0.326634,
Train Loss mape:0.465148, Val Loss mape:0.454229, Test Loss mape:0.447831,

# Epochs:33
Train Loss MSEL:1.622035, Val Loss MSEL:1.609315, Test Loss MSEL:1.561611,
Train Loss mSEL:0.683973, Val Loss mSEL:0.686235, Test Loss mSEL:0.657004,
Train acc:0.343436, Val acc:0.339719, Test acc:0.347362,
Train Loss mape:0.465326, Val Loss mape:0.465063, Test Loss mape:0.457947,

# Epochs:34
Train Loss MSEL:1.611691, Val Loss MSEL:1.611446, Test Loss MSEL:1.562273,
Train Loss mSEL:0.681243, Val Loss mSEL:0.674899, Test Loss mSEL:0.640424,
Train acc:0.343796, Val acc:0.346773, Test acc:0.352710,
Train Loss mape:0.464395, Val Loss mape:0.470231, Test Loss mape:0.462499,

# Epochs:35
Train Loss MSEL:1.614307, Val Loss MSEL:1.609199, Test Loss MSEL:1.565053,
Train Loss mSEL:0.677827, Val Loss mSEL:0.685407, Test Loss mSEL:0.658648,
Train acc:0.342930, Val acc:0.339393, Test acc:0.344497,
Train Loss mape:0.464286, Val Loss mape:0.464355, Test Loss mape:0.457755,

# Epochs:36
Train Loss MSEL:1.618659, Val Loss MSEL:1.639574, Test Loss MSEL:1.583554,
Train Loss mSEL:0.690053, Val Loss mSEL:0.657200, Test Loss mSEL:0.631438,
Train acc:0.342660, Val acc:0.359632, Test acc:0.363762,
Train Loss mape:0.464339, Val Loss mape:0.488233, Test Loss mape:0.480121,

# Epochs:37
Train Loss MSEL:1.619501, Val Loss MSEL:1.653675, Test Loss MSEL:1.618594,
Train Loss mSEL:0.683947, Val Loss mSEL:0.786611, Test Loss mSEL:0.768648,
Train acc:0.341464, Val acc:0.309337, Test acc:0.301568,
Train Loss mape:0.465126, Val Loss mape:0.443190, Test Loss mape:0.438259,

# Epochs:38
Train Loss MSEL:1.621814, Val Loss MSEL:1.608113, Test Loss MSEL:1.560321,
Train Loss mSEL:0.678971, Val Loss mSEL:0.677524, Test Loss mSEL:0.644986,
Train acc:0.340919, Val acc:0.344927, Test acc:0.350301,
Train Loss mape:0.465839, Val Loss mape:0.467806, Test Loss mape:0.460713,

# Epochs:39
Train Loss MSEL:1.609045, Val Loss MSEL:1.613297, Test Loss MSEL:1.570926,
Train Loss mSEL:0.672609, Val Loss mSEL:0.709002, Test Loss mSEL:0.679675,
Train acc:0.344707, Val acc:0.332016, Test acc:0.333078,
Train Loss mape:0.463692, Val Loss mape:0.458041, Test Loss mape:0.451394,

# BEST, Val Loss MSEL:1.608113, Test Loss MSEL:1.560321,
