===========configuration loading success==========
===================configuration===================
learning rate :  0.0001
observation hour [7,19]
observation threshold :  10800
prediction time :  86400
cascade length [5,100]
model save at : ../model_save/topolstm/weibo3/
===================configuration===================
# Epochs:0
Train Loss MSEL:4.993336, Val Loss MSEL:4.334132, Test Loss MSEL:4.237381,
Train Loss mSEL:2.327256, Val Loss mSEL:1.943331, Test Loss mSEL:2.011759,
Train acc:0.156291, Val acc:0.176161, Test acc:0.178409,
Train Loss mape:19.786299, Val Loss mape:22.269556, Test Loss mape:21.872660,

# Epochs:1
Train Loss MSEL:3.973793, Val Loss MSEL:3.892354, Test Loss MSEL:3.816027,
Train Loss mSEL:1.815125, Val Loss mSEL:1.737502, Test Loss mSEL:1.775867,
Train acc:0.186845, Val acc:0.190522, Test acc:0.191194,
Train Loss mape:21.566568, Val Loss mape:23.325699, Test Loss mape:23.249804,

# Epochs:2
Train Loss MSEL:3.611834, Val Loss MSEL:3.611439, Test Loss MSEL:3.527562,
Train Loss mSEL:1.621967, Val Loss mSEL:1.449809, Test Loss mSEL:1.498281,
Train acc:0.204250, Val acc:0.230772, Test acc:0.229470,
Train Loss mape:22.527620, Val Loss mape:24.943867, Test Loss mape:24.993311,

# Epochs:3
Train Loss MSEL:3.341625, Val Loss MSEL:3.363871, Test Loss MSEL:3.273108,
Train Loss mSEL:1.363190, Val Loss mSEL:1.333663, Test Loss mSEL:1.365309,
Train acc:0.236968, Val acc:0.240349, Test acc:0.237344,
Train Loss mape:23.372488, Val Loss mape:24.395254, Test Loss mape:24.411026,

# Epochs:4
Train Loss MSEL:3.136170, Val Loss MSEL:3.195606, Test Loss MSEL:3.107782,
Train Loss mSEL:1.171231, Val Loss mSEL:1.081002, Test Loss mSEL:1.094372,
Train acc:0.262628, Val acc:0.287003, Test acc:0.280198,
Train Loss mape:23.951893, Val Loss mape:26.542303, Test Loss mape:26.409931,

# Epochs:5
Train Loss MSEL:2.983059, Val Loss MSEL:3.041216, Test Loss MSEL:2.965039,
Train Loss mSEL:1.035706, Val Loss mSEL:0.999537, Test Loss mSEL:0.997030,
Train acc:0.290672, Val acc:0.298710, Test acc:0.292919,
Train Loss mape:24.592140, Val Loss mape:26.374506, Test Loss mape:26.430597,

# Epochs:6
Train Loss MSEL:2.865591, Val Loss MSEL:2.932503, Test Loss MSEL:2.864749,
Train Loss mSEL:0.954788, Val Loss mSEL:0.960814, Test Loss mSEL:0.957633,
Train acc:0.304989, Val acc:0.306187, Test acc:0.302726,
Train Loss mape:25.047588, Val Loss mape:26.730515, Test Loss mape:26.911461,

# Epochs:7
Train Loss MSEL:2.783885, Val Loss MSEL:2.870263, Test Loss MSEL:2.804903,
Train Loss mSEL:0.933956, Val Loss mSEL:0.978221, Test Loss mSEL:0.968268,
Train acc:0.315385, Val acc:0.302731, Test acc:0.294624,
Train Loss mape:25.441851, Val Loss mape:25.852005, Test Loss mape:26.198456,

# Epochs:8
Train Loss MSEL:2.716455, Val Loss MSEL:2.816257, Test Loss MSEL:2.755018,
Train Loss mSEL:0.883023, Val Loss mSEL:0.853988, Test Loss mSEL:0.833845,
Train acc:0.331671, Val acc:0.341868, Test acc:0.338798,
Train Loss mape:25.830688, Val Loss mape:28.002966, Test Loss mape:28.330994,

# Epochs:9
Train Loss MSEL:2.672760, Val Loss MSEL:2.764445, Test Loss MSEL:2.702696,
Train Loss mSEL:0.828425, Val Loss mSEL:0.857089, Test Loss mSEL:0.829891,
Train acc:0.344390, Val acc:0.340842, Test acc:0.340539,
Train Loss mape:26.198040, Val Loss mape:27.164042, Test Loss mape:27.422043,

# Epochs:10
Train Loss MSEL:2.639337, Val Loss MSEL:2.743189, Test Loss MSEL:2.670296,
Train Loss mSEL:0.794209, Val Loss mSEL:0.800475, Test Loss mSEL:0.777482,
Train acc:0.356701, Val acc:0.360259, Test acc:0.359979,
Train Loss mape:26.432026, Val Loss mape:27.969658, Test Loss mape:28.143524,

# Epochs:11
Train Loss MSEL:2.616771, Val Loss MSEL:2.715615, Test Loss MSEL:2.646906,
Train Loss mSEL:0.763258, Val Loss mSEL:0.806559, Test Loss mSEL:0.779101,
Train acc:0.368708, Val acc:0.362931, Test acc:0.363004,
Train Loss mape:26.675533, Val Loss mape:27.603018, Test Loss mape:27.845196,

# Epochs:12
Train Loss MSEL:2.596045, Val Loss MSEL:2.695176, Test Loss MSEL:2.650795,
Train Loss mSEL:0.748804, Val Loss mSEL:0.797547, Test Loss mSEL:0.773825,
Train acc:0.374155, Val acc:0.365558, Test acc:0.365874,
Train Loss mape:26.822279, Val Loss mape:27.802847, Test Loss mape:28.250635,

# Epochs:13
Train Loss MSEL:2.586709, Val Loss MSEL:2.705332, Test Loss MSEL:2.652608,
Train Loss mSEL:0.750205, Val Loss mSEL:0.770409, Test Loss mSEL:0.737211,
Train acc:0.375315, Val acc:0.382265, Test acc:0.386468,
Train Loss mape:27.019127, Val Loss mape:29.272291, Test Loss mape:29.836424,

# Epochs:14
Train Loss MSEL:2.580679, Val Loss MSEL:2.688515, Test Loss MSEL:2.621077,
Train Loss mSEL:0.745928, Val Loss mSEL:0.772051, Test Loss mSEL:0.749419,
Train acc:0.377047, Val acc:0.376055, Test acc:0.384842,
Train Loss mape:27.125031, Val Loss mape:28.859478, Test Loss mape:28.973658,

# Epochs:15
Train Loss MSEL:2.571238, Val Loss MSEL:2.696616, Test Loss MSEL:2.635908,
Train Loss mSEL:0.754321, Val Loss mSEL:0.768503, Test Loss mSEL:0.740085,
Train acc:0.378759, Val acc:0.380232, Test acc:0.391014,
Train Loss mape:27.216362, Val Loss mape:29.583931, Test Loss mape:29.835514,

# Epochs:16
Train Loss MSEL:2.569470, Val Loss MSEL:2.678685, Test Loss MSEL:2.622037,
Train Loss mSEL:0.755018, Val Loss mSEL:0.807756, Test Loss mSEL:0.785576,
Train acc:0.378923, Val acc:0.361743, Test acc:0.366545,
Train Loss mape:27.390053, Val Loss mape:27.690477, Test Loss mape:27.948706,

# Epochs:17
Train Loss MSEL:2.563303, Val Loss MSEL:2.668229, Test Loss MSEL:2.612645,
Train Loss mSEL:0.757320, Val Loss mSEL:0.781709, Test Loss mSEL:0.762439,
Train acc:0.378830, Val acc:0.370484, Test acc:0.381292,
Train Loss mape:27.384001, Val Loss mape:28.874359, Test Loss mape:29.211912,

# Epochs:18
Train Loss MSEL:2.559674, Val Loss MSEL:2.675258, Test Loss MSEL:2.616816,
Train Loss mSEL:0.764277, Val Loss mSEL:0.810421, Test Loss mSEL:0.799209,
Train acc:0.376904, Val acc:0.359060, Test acc:0.364542,
Train Loss mape:27.455587, Val Loss mape:27.738771, Test Loss mape:28.008522,

# Epochs:19
Train Loss MSEL:2.557292, Val Loss MSEL:2.707033, Test Loss MSEL:2.634110,
Train Loss mSEL:0.768273, Val Loss mSEL:0.782049, Test Loss mSEL:0.754968,
Train acc:0.375962, Val acc:0.381119, Test acc:0.390030,
Train Loss mape:27.461313, Val Loss mape:30.318316, Test Loss mape:30.324879,

# Epochs:20
Train Loss MSEL:2.562861, Val Loss MSEL:2.672810, Test Loss MSEL:2.612210,
Train Loss mSEL:0.771737, Val Loss mSEL:0.785221, Test Loss mSEL:0.758173,
Train acc:0.375544, Val acc:0.377251, Test acc:0.384321,
Train Loss mape:27.561371, Val Loss mape:29.659002, Test Loss mape:29.898905,

# Epochs:21
Train Loss MSEL:2.558485, Val Loss MSEL:2.692822, Test Loss MSEL:2.638227,
Train Loss mSEL:0.779206, Val Loss mSEL:0.831910, Test Loss mSEL:0.829727,
Train acc:0.375491, Val acc:0.350517, Test acc:0.353218,
Train Loss mape:27.536272, Val Loss mape:27.390947, Test Loss mape:27.726465,

# Epochs:22
Train Loss MSEL:2.556026, Val Loss MSEL:2.663097, Test Loss MSEL:2.601165,
Train Loss mSEL:0.781075, Val Loss mSEL:0.794657, Test Loss mSEL:0.769722,
Train acc:0.376047, Val acc:0.369418, Test acc:0.378797,
Train Loss mape:27.543777, Val Loss mape:29.110186, Test Loss mape:29.282791,

# Epochs:23
Train Loss MSEL:2.555369, Val Loss MSEL:2.665281, Test Loss MSEL:2.607535,
Train Loss mSEL:0.778891, Val Loss mSEL:0.790997, Test Loss mSEL:0.765995,
Train acc:0.377873, Val acc:0.371615, Test acc:0.383900,
Train Loss mape:27.647760, Val Loss mape:29.330427, Test Loss mape:29.627258,

# Epochs:24
Train Loss MSEL:2.552051, Val Loss MSEL:2.674366, Test Loss MSEL:2.606910,
Train Loss mSEL:0.782190, Val Loss mSEL:0.789180, Test Loss mSEL:0.769740,
Train acc:0.376171, Val acc:0.376850, Test acc:0.388781,
Train Loss mape:27.600945, Val Loss mape:29.789553, Test Loss mape:29.948698,

# Epochs:25
Train Loss MSEL:2.553681, Val Loss MSEL:2.662083, Test Loss MSEL:2.608461,
Train Loss mSEL:0.781561, Val Loss mSEL:0.789678, Test Loss mSEL:0.770909,
Train acc:0.377028, Val acc:0.371542, Test acc:0.383334,
Train Loss mape:27.647131, Val Loss mape:29.321457, Test Loss mape:29.529444,

# Epochs:26
Train Loss MSEL:2.553831, Val Loss MSEL:2.669065, Test Loss MSEL:2.602734,
Train Loss mSEL:0.787348, Val Loss mSEL:0.791505, Test Loss mSEL:0.766923,
Train acc:0.376262, Val acc:0.375801, Test acc:0.388086,
Train Loss mape:27.644260, Val Loss mape:29.683138, Test Loss mape:29.754009,

# Epochs:27
Train Loss MSEL:2.549741, Val Loss MSEL:2.659452, Test Loss MSEL:2.593174,
Train Loss mSEL:0.785458, Val Loss mSEL:0.812782, Test Loss mSEL:0.803958,
Train acc:0.376605, Val acc:0.359805, Test acc:0.369038,
Train Loss mape:27.663763, Val Loss mape:28.236259, Test Loss mape:28.378704,

# Epochs:28
Train Loss MSEL:2.550118, Val Loss MSEL:2.682830, Test Loss MSEL:2.619658,
Train Loss mSEL:0.785641, Val Loss mSEL:0.788790, Test Loss mSEL:0.764737,
Train acc:0.376251, Val acc:0.385057, Test acc:0.394405,
Train Loss mape:27.649340, Val Loss mape:30.117752, Test Loss mape:30.422134,

# Epochs:29
Train Loss MSEL:2.548472, Val Loss MSEL:2.664595, Test Loss MSEL:2.593211,
Train Loss mSEL:0.780307, Val Loss mSEL:0.794137, Test Loss mSEL:0.771927,
Train acc:0.377291, Val acc:0.371583, Test acc:0.380568,
Train Loss mape:27.682056, Val Loss mape:29.317822, Test Loss mape:29.409090,

# BEST, Val Loss MSEL:2.659452, Test Loss MSEL:2.593174,
