===========configuration loading success==========
===================configuration===================
learning rate :  0.0001
observation hour [7,19]
observation threshold :  3600
prediction time :  86400
cascade length [5,100]
model save at : ../model_save/topolstm/weibo1/
===================configuration===================
==========load finish==========
# Epochs:0
Train Loss MSEL:None, Val Loss MSEL:2.828515, Test Loss MSEL:2.629991,
Train Loss mSEL:None, Val Loss mSEL:0.701656, Test Loss mSEL:0.674413,
Train acc:None, Val acc:0.485107, Test acc:0.494774,
Train Loss mape:None, Val Loss mape:0.445839, Test Loss mape:0.430345,

===========configuration loading success==========
===================configuration===================
learning rate :  0.0001
observation hour [7,19]
observation threshold :  7200
prediction time :  86400
cascade length [5,100]
model save at : ../model_save/topolstm/weibo2/
===================configuration===================
==========load finish==========
# Epochs:0
Train Loss MSEL:None, Val Loss MSEL:2.626074, Test Loss MSEL:2.611911,
Train Loss mSEL:None, Val Loss mSEL:0.700227, Test Loss mSEL:0.709480,
Train acc:None, Val acc:0.437510, Test acc:0.437008,
Train Loss mape:None, Val Loss mape:0.498847, Test Loss mape:0.490614,

===========configuration loading success==========
===================configuration===================
learning rate :  0.0001
observation hour [7,19]
observation threshold :  10800
prediction time :  86400
cascade length [5,100]
model save at : ../model_save/topolstm/weibo3/
===================configuration===================
==========load finish==========
# Epochs:0
Train Loss MSEL:None, Val Loss MSEL:2.657733, Test Loss MSEL:2.600249,
Train Loss mSEL:None, Val Loss mSEL:0.812782, Test Loss mSEL:0.803958,
Train acc:None, Val acc:0.359290, Test acc:0.369258,
Train Loss mape:None, Val Loss mape:0.517452, Test Loss mape:0.512669,

===========configuration loading success==========
===================configuration===================
learning rate :  0.0001
observation hour [7,19]
observation threshold :  6
prediction time :  86400
cascade length [10,100]
model save at : ../model_save/topolstm/dblp1/
===================configuration===================
==========load finish==========
# Epochs:0
Train Loss MSEL:None, Val Loss MSEL:1.976834, Test Loss MSEL:1.930092,
Train Loss mSEL:None, Val Loss mSEL:0.852781, Test Loss mSEL:0.806107,
Train acc:None, Val acc:0.508725, Test acc:0.515953,
Train Loss mape:None, Val Loss mape:0.347420, Test Loss mape:0.337467,

===========configuration loading success==========
===================configuration===================
learning rate :  0.0001
observation hour [7,19]
observation threshold :  7
prediction time :  86400
cascade length [10,100]
model save at : ../model_save/topolstm/dblp2/
===================configuration===================
==========load finish==========
# Epochs:0
Train Loss MSEL:None, Val Loss MSEL:1.992014, Test Loss MSEL:1.962279,
Train Loss mSEL:None, Val Loss mSEL:0.831733, Test Loss mSEL:0.836805,
Train acc:None, Val acc:0.472845, Test acc:0.476682,
Train Loss mape:None, Val Loss mape:0.381352, Test Loss mape:0.381932,

===========configuration loading success==========
===================configuration===================
learning rate :  0.0001
observation hour [7,19]
observation threshold :  8
prediction time :  86400
cascade length [10,100]
model save at : ../model_save/topolstm/dblp3/
===================configuration===================
==========load finish==========
# Epochs:0
Train Loss MSEL:None, Val Loss MSEL:1.976428, Test Loss MSEL:2.030926,
Train Loss mSEL:None, Val Loss mSEL:0.896518, Test Loss mSEL:0.888565,
Train acc:None, Val acc:0.433564, Test acc:0.435898,
Train Loss mape:None, Val Loss mape:0.416073, Test Loss mape:0.422609,