/home/ta/anaconda3/lib/python3.6/site-packages/numba/decorators.py:149: RuntimeWarning: Caching is not available when the 'parallel' target is in use. Caching is now being disabled to allow execution to continue.
  warnings.warn(msg, RuntimeWarning)
/home/ta/anaconda3/lib/python3.6/site-packages/tensorflow/python/framework/dtypes.py:516: FutureWarning: Passing (type, 1) or '1type' as a synonym of type is deprecated; in a future version of numpy, it will be understood as (type, (1,)) / '(1,)type'.
  _np_qint8 = np.dtype([("qint8", np.int8, 1)])
/home/ta/anaconda3/lib/python3.6/site-packages/tensorflow/python/framework/dtypes.py:517: FutureWarning: Passing (type, 1) or '1type' as a synonym of type is deprecated; in a future version of numpy, it will be understood as (type, (1,)) / '(1,)type'.
  _np_quint8 = np.dtype([("quint8", np.uint8, 1)])
/home/ta/anaconda3/lib/python3.6/site-packages/tensorflow/python/framework/dtypes.py:518: FutureWarning: Passing (type, 1) or '1type' as a synonym of type is deprecated; in a future version of numpy, it will be understood as (type, (1,)) / '(1,)type'.
  _np_qint16 = np.dtype([("qint16", np.int16, 1)])
/home/ta/anaconda3/lib/python3.6/site-packages/tensorflow/python/framework/dtypes.py:519: FutureWarning: Passing (type, 1) or '1type' as a synonym of type is deprecated; in a future version of numpy, it will be understood as (type, (1,)) / '(1,)type'.
  _np_quint16 = np.dtype([("quint16", np.uint16, 1)])
/home/ta/anaconda3/lib/python3.6/site-packages/tensorflow/python/framework/dtypes.py:520: FutureWarning: Passing (type, 1) or '1type' as a synonym of type is deprecated; in a future version of numpy, it will be understood as (type, (1,)) / '(1,)type'.
  _np_qint32 = np.dtype([("qint32", np.int32, 1)])
/home/ta/anaconda3/lib/python3.6/site-packages/tensorflow/python/framework/dtypes.py:525: FutureWarning: Passing (type, 1) or '1type' as a synonym of type is deprecated; in a future version of numpy, it will be understood as (type, (1,)) / '(1,)type'.
  np_resource = np.dtype([("resource", np.ubyte, 1)])
/home/ta/.local/lib/python3.6/site-packages/tensorboard/compat/tensorflow_stub/dtypes.py:541: FutureWarning: Passing (type, 1) or '1type' as a synonym of type is deprecated; in a future version of numpy, it will be understood as (type, (1,)) / '(1,)type'.
  _np_qint8 = np.dtype([("qint8", np.int8, 1)])
/home/ta/.local/lib/python3.6/site-packages/tensorboard/compat/tensorflow_stub/dtypes.py:542: FutureWarning: Passing (type, 1) or '1type' as a synonym of type is deprecated; in a future version of numpy, it will be understood as (type, (1,)) / '(1,)type'.
  _np_quint8 = np.dtype([("quint8", np.uint8, 1)])
/home/ta/.local/lib/python3.6/site-packages/tensorboard/compat/tensorflow_stub/dtypes.py:543: FutureWarning: Passing (type, 1) or '1type' as a synonym of type is deprecated; in a future version of numpy, it will be understood as (type, (1,)) / '(1,)type'.
  _np_qint16 = np.dtype([("qint16", np.int16, 1)])
/home/ta/.local/lib/python3.6/site-packages/tensorboard/compat/tensorflow_stub/dtypes.py:544: FutureWarning: Passing (type, 1) or '1type' as a synonym of type is deprecated; in a future version of numpy, it will be understood as (type, (1,)) / '(1,)type'.
  _np_quint16 = np.dtype([("quint16", np.uint16, 1)])
/home/ta/.local/lib/python3.6/site-packages/tensorboard/compat/tensorflow_stub/dtypes.py:545: FutureWarning: Passing (type, 1) or '1type' as a synonym of type is deprecated; in a future version of numpy, it will be understood as (type, (1,)) / '(1,)type'.
  _np_qint32 = np.dtype([("qint32", np.int32, 1)])
/home/ta/.local/lib/python3.6/site-packages/tensorboard/compat/tensorflow_stub/dtypes.py:550: FutureWarning: Passing (type, 1) or '1type' as a synonym of type is deprecated; in a future version of numpy, it will be understood as (type, (1,)) / '(1,)type'.
  np_resource = np.dtype([("resource", np.ubyte, 1)])
===================configuration===================
learning rate :0.0005 
num_mlp_layers : 1
num_layers : 2
gnn input_features : 100
gnn output_features : 128
input of rnn/transformer : 128
hidden_size (out put of rnn/tranformer) : 128
observation hour [7,19]
observation interval : 180
observation threshold : 3600
prediction time : 86400
cascade length [5,100]
model save at : ../model_save/cas2vec/
===================configuration===================
len(Y_train), len(Y_valid), len(Y_test): 37228 7978 7978
preparing time:78.33326315879822
====bidirected: False, attention: GAT, gcn_type: geo, rnn: gru====
geometric gcn
total parameters 144297
---------------*****---------------
Starting training the epoch: 0 
total batch: 581.6875 
batch:99 average train loss 3.3195
batch:199 average train loss 3.0843
batch:299 average train loss 2.9642
batch:399 average train loss 2.8233
batch:499 average train loss 2.6748
average train loss 2.6091
Train Consuming time:106.94 in the epoch: 0
total val iterations: 125 
average val loss 2.2133
accuracy ( less than 0.1 ): 0.1264
median val loss 0.5982
total test iterations: 125 
average test loss 2.1074
accuracy ( less than 0.1 ): 0.1222
median test loss 0.5634
Consuming time:135.75 in the epoch: 0
Best test loss is 2.11
---------------*****---------------
---------------*****---------------
Starting training the epoch: 1 
total batch: 581.6875 
batch:99 average train loss 1.9882
batch:199 average train loss 2.0340
batch:299 average train loss 2.0289
batch:399 average train loss 2.0426
batch:499 average train loss 2.0236
average train loss 2.0359
Train Consuming time:105.52 in the epoch: 1
total val iterations: 125 
average val loss 2.0526
accuracy ( less than 0.1 ): 0.2089
median val loss 0.5487
total test iterations: 125 
average test loss 1.9549
accuracy ( less than 0.1 ): 0.2068
median test loss 0.5346
Consuming time:134.32 in the epoch: 1
Best test loss is 1.95
---------------*****---------------
---------------*****---------------
Starting training the epoch: 2 
total batch: 581.6875 
batch:99 average train loss 1.9068
batch:199 average train loss 1.9557
batch:299 average train loss 1.9618
batch:399 average train loss 1.9794
batch:499 average train loss 1.9650
average train loss 1.9796
Train Consuming time:105.46 in the epoch: 2
total val iterations: 125 
average val loss 2.0437
accuracy ( less than 0.1 ): 0.2174
median val loss 0.5576
total test iterations: 125 
average test loss 1.9469
accuracy ( less than 0.1 ): 0.2153
median test loss 0.5467
Consuming time:134.70 in the epoch: 2
Best test loss is 1.95
---------------*****---------------
---------------*****---------------
Starting training the epoch: 3 
total batch: 581.6875 
batch:99 average train loss 1.8798
batch:199 average train loss 1.9234
batch:299 average train loss 1.9317
batch:399 average train loss 1.9522
batch:499 average train loss 1.9383
average train loss 1.9533
Train Consuming time:102.80 in the epoch: 3
total val iterations: 125 
average val loss 2.0314
accuracy ( less than 0.1 ): 0.2363
median val loss 0.5709
total test iterations: 125 
average test loss 1.9363
accuracy ( less than 0.1 ): 0.2358
median test loss 0.5521
Consuming time:130.29 in the epoch: 3
Best test loss is 1.94
---------------*****---------------
---------------*****---------------
Starting training the epoch: 4 
total batch: 581.6875 
batch:99 average train loss 1.8581
batch:199 average train loss 1.9006
batch:299 average train loss 1.9097
batch:399 average train loss 1.9339
batch:499 average train loss 1.9192
average train loss 1.9344
Train Consuming time:110.28 in the epoch: 4
total val iterations: 125 
average val loss 2.0138
accuracy ( less than 0.1 ): 0.2320
median val loss 0.5737
total test iterations: 125 
average test loss 1.9222
accuracy ( less than 0.1 ): 0.2354
median test loss 0.5646
Consuming time:139.42 in the epoch: 4
Best test loss is 1.92
---------------*****---------------
---------------*****---------------
Starting training the epoch: 5 
total batch: 581.6875 
batch:99 average train loss 1.8376
batch:199 average train loss 1.8824
batch:299 average train loss 1.8928
batch:399 average train loss 1.9186
batch:499 average train loss 1.9037
average train loss 1.9190
Train Consuming time:105.61 in the epoch: 5
total val iterations: 125 
average val loss 1.9956
accuracy ( less than 0.1 ): 0.2431
median val loss 0.5654
total test iterations: 125 
average test loss 1.8982
accuracy ( less than 0.1 ): 0.2426
median test loss 0.5609
Consuming time:134.69 in the epoch: 5
Best test loss is 1.90
---------------*****---------------
---------------*****---------------
Starting training the epoch: 6 
total batch: 581.6875 
batch:99 average train loss 1.8240
batch:199 average train loss 1.8688
batch:299 average train loss 1.8803
batch:399 average train loss 1.9066
batch:499 average train loss 1.8919
average train loss 1.9073
Train Consuming time:103.52 in the epoch: 6
total val iterations: 125 
average val loss 1.9965
accuracy ( less than 0.1 ): 0.2416
median val loss 0.5790
total test iterations: 125 
average test loss 1.8993
accuracy ( less than 0.1 ): 0.2434
median test loss 0.5717
Consuming time:130.96 in the epoch: 6
Best test loss is 1.90
---------------*****---------------
---------------*****---------------
Starting training the epoch: 7 
total batch: 581.6875 
batch:99 average train loss 1.8102
batch:199 average train loss 1.8584
batch:299 average train loss 1.8718
batch:399 average train loss 1.8990
batch:499 average train loss 1.8838
average train loss 1.8990
Train Consuming time:97.51 in the epoch: 7
total val iterations: 125 
average val loss 1.9799
accuracy ( less than 0.1 ): 0.2458
median val loss 0.5865
total test iterations: 125 
average test loss 1.8811
accuracy ( less than 0.1 ): 0.2438
median test loss 0.5732
Consuming time:124.52 in the epoch: 7
Best test loss is 1.88
---------------*****---------------
---------------*****---------------
Starting training the epoch: 8 
total batch: 581.6875 
batch:99 average train loss 1.8010
batch:199 average train loss 1.8499
batch:299 average train loss 1.8641
batch:399 average train loss 1.8898
batch:499 average train loss 1.8745
average train loss 1.8900
Train Consuming time:98.32 in the epoch: 8
total val iterations: 125 
average val loss 1.9869
accuracy ( less than 0.1 ): 0.2335
median val loss 0.5677
total test iterations: 125 
average test loss 1.8889
accuracy ( less than 0.1 ): 0.2364
median test loss 0.5575
Consuming time:129.91 in the epoch: 8
Best test loss is 1.88
---------------*****---------------
---------------*****---------------
Starting training the epoch: 9 
total batch: 581.6875 
batch:99 average train loss 1.7952
batch:199 average train loss 1.8445
batch:299 average train loss 1.8600
batch:399 average train loss 1.8858
batch:499 average train loss 1.8703
average train loss 1.8851
Train Consuming time:98.99 in the epoch: 9
total val iterations: 125 
average val loss 1.9741
accuracy ( less than 0.1 ): 0.2308
median val loss 0.5625
total test iterations: 125 
average test loss 1.8700
accuracy ( less than 0.1 ): 0.2301
median test loss 0.5605
Consuming time:125.71 in the epoch: 9
Best test loss is 1.87
---------------*****---------------
---------------*****---------------
Starting training the epoch: 10 
total batch: 581.6875 
batch:99 average train loss 1.7890
batch:199 average train loss 1.8382
batch:299 average train loss 1.8535
batch:399 average train loss 1.8788
batch:499 average train loss 1.8634
average train loss 1.8776
Train Consuming time:94.46 in the epoch: 10
total val iterations: 125 
average val loss 1.9768
accuracy ( less than 0.1 ): 0.2408
median val loss 0.5658
total test iterations: 125 
average test loss 1.8681
accuracy ( less than 0.1 ): 0.2416
median test loss 0.5644
Consuming time:120.74 in the epoch: 10
Best test loss is 1.87
---------------*****---------------
---------------*****---------------
Starting training the epoch: 11 
total batch: 581.6875 
batch:99 average train loss 1.7822
batch:199 average train loss 1.8310
batch:299 average train loss 1.8463
batch:399 average train loss 1.8715
batch:499 average train loss 1.8565
average train loss 1.8703
Train Consuming time:95.52 in the epoch: 11
total val iterations: 125 
average val loss 1.9721
accuracy ( less than 0.1 ): 0.2287
median val loss 0.5782
total test iterations: 125 
average test loss 1.8666
accuracy ( less than 0.1 ): 0.2286
median test loss 0.5677
Consuming time:122.00 in the epoch: 11
Best test loss is 1.87
---------------*****---------------
---------------*****---------------
Starting training the epoch: 12 
total batch: 581.6875 
batch:99 average train loss 1.7773
batch:199 average train loss 1.8269
batch:299 average train loss 1.8434
batch:399 average train loss 1.8673
batch:499 average train loss 1.8513
average train loss 1.8658
Train Consuming time:95.04 in the epoch: 12
total val iterations: 125 
average val loss 1.9634
accuracy ( less than 0.1 ): 0.2283
median val loss 0.5663
total test iterations: 125 
average test loss 1.8537
accuracy ( less than 0.1 ): 0.2286
median test loss 0.5608
Consuming time:121.16 in the epoch: 12
Best test loss is 1.85
---------------*****---------------
---------------*****---------------
Starting training the epoch: 13 
total batch: 581.6875 
batch:99 average train loss 1.7730
batch:199 average train loss 1.8231
batch:299 average train loss 1.8401
batch:399 average train loss 1.8647
batch:499 average train loss 1.8475
average train loss 1.8611
Train Consuming time:90.03 in the epoch: 13
total val iterations: 125 
average val loss 1.9615
accuracy ( less than 0.1 ): 0.2239
median val loss 0.5735
total test iterations: 125 
average test loss 1.8530
accuracy ( less than 0.1 ): 0.2253
median test loss 0.5594
Consuming time:119.44 in the epoch: 13
Best test loss is 1.85
---------------*****---------------
---------------*****---------------
Starting training the epoch: 14 
total batch: 581.6875 
batch:99 average train loss 1.7643
batch:199 average train loss 1.8175
batch:299 average train loss 1.8347
batch:399 average train loss 1.8592
batch:499 average train loss 1.8436
average train loss 1.8569
Train Consuming time:90.57 in the epoch: 14
total val iterations: 125 
average val loss 1.9577
accuracy ( less than 0.1 ): 0.2319
median val loss 0.5641
total test iterations: 125 
average test loss 1.8469
accuracy ( less than 0.1 ): 0.2315
median test loss 0.5592
Consuming time:116.24 in the epoch: 14
Best test loss is 1.85
---------------*****---------------
---------------*****---------------
Starting training the epoch: 15 
total batch: 581.6875 
batch:99 average train loss 1.7561
batch:199 average train loss 1.8095
batch:299 average train loss 1.8297
batch:399 average train loss 1.8562
batch:499 average train loss 1.8402
average train loss 1.8531
Train Consuming time:90.36 in the epoch: 15
total val iterations: 125 
average val loss 1.9597
accuracy ( less than 0.1 ): 0.2230
median val loss 0.5584
total test iterations: 125 
average test loss 1.8515
accuracy ( less than 0.1 ): 0.2262
median test loss 0.5576
Consuming time:115.79 in the epoch: 15
Best test loss is 1.85
---------------*****---------------
---------------*****---------------
Starting training the epoch: 16 
total batch: 581.6875 
batch:99 average train loss 1.7535
batch:199 average train loss 1.8048
batch:299 average train loss 1.8265
batch:399 average train loss 1.8520
batch:499 average train loss 1.8356
average train loss 1.8485
Train Consuming time:90.11 in the epoch: 16
total val iterations: 125 
average val loss 1.9647
accuracy ( less than 0.1 ): 0.2300
median val loss 0.5669
total test iterations: 125 
average test loss 1.8529
accuracy ( less than 0.1 ): 0.2314
median test loss 0.5614
Consuming time:115.27 in the epoch: 16
Best test loss is 1.85
---------------*****---------------
---------------*****---------------
Starting training the epoch: 17 
total batch: 581.6875 
batch:99 average train loss 1.7464
batch:199 average train loss 1.7979
batch:299 average train loss 1.8190
batch:399 average train loss 1.8452
batch:499 average train loss 1.8290
average train loss 1.8419
Train Consuming time:90.16 in the epoch: 17
total val iterations: 125 
average val loss 1.9562
accuracy ( less than 0.1 ): 0.2351
median val loss 0.5781
total test iterations: 125 
average test loss 1.8405
accuracy ( less than 0.1 ): 0.2378
median test loss 0.5764
Consuming time:115.52 in the epoch: 17
Best test loss is 1.84
---------------*****---------------
---------------*****---------------
Starting training the epoch: 18 
total batch: 581.6875 
batch:99 average train loss 1.7425
batch:199 average train loss 1.7941
batch:299 average train loss 1.8140
batch:399 average train loss 1.8393
batch:499 average train loss 1.8234
average train loss 1.8364
Train Consuming time:94.60 in the epoch: 18
total val iterations: 125 
average val loss 1.9636
accuracy ( less than 0.1 ): 0.2332
median val loss 0.5778
total test iterations: 125 
average test loss 1.8497
accuracy ( less than 0.1 ): 0.2329
median test loss 0.5776
Consuming time:120.10 in the epoch: 18
Best test loss is 1.84
---------------*****---------------
---------------*****---------------
Starting training the epoch: 19 
total batch: 581.6875 
batch:99 average train loss 1.7339
batch:199 average train loss 1.7870
batch:299 average train loss 1.8092
batch:399 average train loss 1.8347
batch:499 average train loss 1.8194
average train loss 1.8310
Train Consuming time:90.19 in the epoch: 19
total val iterations: 125 
average val loss 1.9747
accuracy ( less than 0.1 ): 0.2244
median val loss 0.5882
total test iterations: 125 
average test loss 1.8564
accuracy ( less than 0.1 ): 0.2267
median test loss 0.5755
Consuming time:115.55 in the epoch: 19
Best test loss is 1.84
---------------*****---------------
---------------*****---------------
Starting training the epoch: 20 
total batch: 581.6875 
batch:99 average train loss 1.7426
batch:199 average train loss 1.7910
batch:299 average train loss 1.8029
batch:399 average train loss 1.8226
batch:499 average train loss 1.8006
average train loss 1.8109
Train Consuming time:89.85 in the epoch: 20
total val iterations: 125 
average val loss 1.9121
accuracy ( less than 0.1 ): 0.2223
median val loss 0.5481
total test iterations: 125 
average test loss 1.8022
accuracy ( less than 0.1 ): 0.2278
median test loss 0.5365
Consuming time:115.29 in the epoch: 20
Best test loss is 1.80
---------------*****---------------
---------------*****---------------
Starting training the epoch: 21 
total batch: 581.6875 
batch:99 average train loss 1.6996
batch:199 average train loss 1.7590
batch:299 average train loss 1.7787
batch:399 average train loss 1.8031
batch:499 average train loss 1.7840
average train loss 1.7958
Train Consuming time:90.44 in the epoch: 21
total val iterations: 125 
average val loss 1.9097
accuracy ( less than 0.1 ): 0.2237
median val loss 0.5452
total test iterations: 125 
average test loss 1.7992
accuracy ( less than 0.1 ): 0.2264
median test loss 0.5336
Consuming time:115.97 in the epoch: 21
Best test loss is 1.80
---------------*****---------------
---------------*****---------------
Starting training the epoch: 22 
total batch: 581.6875 
batch:99 average train loss 1.6949
batch:199 average train loss 1.7537
batch:299 average train loss 1.7745
batch:399 average train loss 1.7992
batch:499 average train loss 1.7802
average train loss 1.7920
Train Consuming time:90.46 in the epoch: 22
total val iterations: 125 
average val loss 1.9094
accuracy ( less than 0.1 ): 0.2238
median val loss 0.5437
total test iterations: 125 
average test loss 1.7970
accuracy ( less than 0.1 ): 0.2264
median test loss 0.5322
Consuming time:116.06 in the epoch: 22
Best test loss is 1.80
---------------*****---------------
---------------*****---------------
Starting training the epoch: 23 
total batch: 581.6875 
batch:99 average train loss 1.6919
batch:199 average train loss 1.7509
batch:299 average train loss 1.7727
batch:399 average train loss 1.7975
batch:499 average train loss 1.7787
average train loss 1.7905
Train Consuming time:94.94 in the epoch: 23
total val iterations: 125 
average val loss 1.9091
accuracy ( less than 0.1 ): 0.2225
median val loss 0.5446
total test iterations: 125 
average test loss 1.7961
accuracy ( less than 0.1 ): 0.2263
median test loss 0.5342
Consuming time:120.59 in the epoch: 23
Best test loss is 1.80
---------------*****---------------
---------------*****---------------
Starting training the epoch: 24 
total batch: 581.6875 
batch:99 average train loss 1.6902
batch:199 average train loss 1.7491
batch:299 average train loss 1.7712
batch:399 average train loss 1.7959
batch:499 average train loss 1.7771
average train loss 1.7888
Train Consuming time:90.26 in the epoch: 24
total val iterations: 125 
average val loss 1.9092
accuracy ( less than 0.1 ): 0.2219
median val loss 0.5439
total test iterations: 125 
average test loss 1.7956
accuracy ( less than 0.1 ): 0.2257
median test loss 0.5325
Consuming time:115.59 in the epoch: 24
Best test loss is 1.80
---------------*****---------------
---------------*****---------------
Starting training the epoch: 25 
total batch: 581.6875 
batch:99 average train loss 1.6889
batch:199 average train loss 1.7476
batch:299 average train loss 1.7697
batch:399 average train loss 1.7945
batch:499 average train loss 1.7759
average train loss 1.7877
Train Consuming time:89.95 in the epoch: 25
total val iterations: 125 
average val loss 1.9087
accuracy ( less than 0.1 ): 0.2229
median val loss 0.5425
total test iterations: 125 
average test loss 1.7942
accuracy ( less than 0.1 ): 0.2256
median test loss 0.5264
Consuming time:115.55 in the epoch: 25
Best test loss is 1.79
---------------*****---------------
---------------*****---------------
Starting training the epoch: 26 
total batch: 581.6875 
batch:99 average train loss 1.6876
batch:199 average train loss 1.7461
batch:299 average train loss 1.7686
batch:399 average train loss 1.7933
batch:499 average train loss 1.7748
average train loss 1.7866
Train Consuming time:89.90 in the epoch: 26
total val iterations: 125 
average val loss 1.9088
accuracy ( less than 0.1 ): 0.2223
median val loss 0.5440
total test iterations: 125 
average test loss 1.7938
accuracy ( less than 0.1 ): 0.2247
median test loss 0.5270
Consuming time:115.22 in the epoch: 26
Best test loss is 1.79
---------------*****---------------
---------------*****---------------
Starting training the epoch: 27 
total batch: 581.6875 
batch:99 average train loss 1.6870
batch:199 average train loss 1.7453
batch:299 average train loss 1.7679
batch:399 average train loss 1.7926
batch:499 average train loss 1.7741
average train loss 1.7859
Train Consuming time:88.93 in the epoch: 27
total val iterations: 125 
average val loss 1.9084
accuracy ( less than 0.1 ): 0.2218
median val loss 0.5419
total test iterations: 125 
average test loss 1.7932
accuracy ( less than 0.1 ): 0.2247
median test loss 0.5279
Consuming time:114.08 in the epoch: 27
Best test loss is 1.79
---------------*****---------------
---------------*****---------------
Starting training the epoch: 28 
total batch: 581.6875 
batch:99 average train loss 1.6864
batch:199 average train loss 1.7445
batch:299 average train loss 1.7671
batch:399 average train loss 1.7917
batch:499 average train loss 1.7732
average train loss 1.7851
Train Consuming time:90.93 in the epoch: 28
total val iterations: 125 
average val loss 1.9086
accuracy ( less than 0.1 ): 0.2219
median val loss 0.5398
total test iterations: 125 
average test loss 1.7934
accuracy ( less than 0.1 ): 0.2248
median test loss 0.5273
Consuming time:114.43 in the epoch: 28
Best test loss is 1.79
---------------*****---------------
---------------*****---------------
Starting training the epoch: 29 
total batch: 581.6875 
batch:99 average train loss 1.6857
batch:199 average train loss 1.7435
batch:299 average train loss 1.7662
batch:399 average train loss 1.7907
batch:499 average train loss 1.7723
average train loss 1.7843
Train Consuming time:84.24 in the epoch: 29
total val iterations: 125 
average val loss 1.9077
accuracy ( less than 0.1 ): 0.2220
median val loss 0.5384
total test iterations: 125 
average test loss 1.7930
accuracy ( less than 0.1 ): 0.2247
median test loss 0.5286
Consuming time:107.79 in the epoch: 29
Best test loss is 1.79
---------------*****---------------
---------------*****---------------
Starting training the epoch: 30 
total batch: 581.6875 
batch:99 average train loss 1.6847
batch:199 average train loss 1.7428
batch:299 average train loss 1.7655
batch:399 average train loss 1.7901
batch:499 average train loss 1.7718
average train loss 1.7839
Train Consuming time:84.07 in the epoch: 30
total val iterations: 125 
average val loss 1.9078
accuracy ( less than 0.1 ): 0.2208
median val loss 0.5378
total test iterations: 125 
average test loss 1.7928
accuracy ( less than 0.1 ): 0.2256
median test loss 0.5289
Consuming time:107.62 in the epoch: 30
Best test loss is 1.79
---------------*****---------------
---------------*****---------------
Starting training the epoch: 31 
total batch: 581.6875 
batch:99 average train loss 1.6844
batch:199 average train loss 1.7423
batch:299 average train loss 1.7651
batch:399 average train loss 1.7896
batch:499 average train loss 1.7712
average train loss 1.7832
Train Consuming time:84.75 in the epoch: 31
total val iterations: 125 
average val loss 1.9072
accuracy ( less than 0.1 ): 0.2215
median val loss 0.5365
total test iterations: 125 
average test loss 1.7924
accuracy ( less than 0.1 ): 0.2258
median test loss 0.5264
Consuming time:108.32 in the epoch: 31
Best test loss is 1.79
---------------*****---------------
---------------*****---------------
Starting training the epoch: 32 
total batch: 581.6875 
batch:99 average train loss 1.6836
batch:199 average train loss 1.7415
batch:299 average train loss 1.7643
batch:399 average train loss 1.7888
batch:499 average train loss 1.7705
average train loss 1.7826
Train Consuming time:83.99 in the epoch: 32
total val iterations: 125 
average val loss 1.9072
accuracy ( less than 0.1 ): 0.2222
median val loss 0.5366
total test iterations: 125 
average test loss 1.7925
accuracy ( less than 0.1 ): 0.2267
median test loss 0.5270
Consuming time:107.44 in the epoch: 32
Best test loss is 1.79
---------------*****---------------
---------------*****---------------
Starting training the epoch: 33 
total batch: 581.6875 
batch:99 average train loss 1.6832
batch:199 average train loss 1.7411
batch:299 average train loss 1.7640
batch:399 average train loss 1.7884
batch:499 average train loss 1.7703
average train loss 1.7823
Train Consuming time:88.08 in the epoch: 33
total val iterations: 125 
average val loss 1.9071
accuracy ( less than 0.1 ): 0.2223
median val loss 0.5354
total test iterations: 125 
average test loss 1.7924
accuracy ( less than 0.1 ): 0.2267
median test loss 0.5288
Consuming time:111.73 in the epoch: 33
Best test loss is 1.79
---------------*****---------------
---------------*****---------------
Starting training the epoch: 34 
total batch: 581.6875 
batch:99 average train loss 1.6827
batch:199 average train loss 1.7407
batch:299 average train loss 1.7636
batch:399 average train loss 1.7879
batch:499 average train loss 1.7697
average train loss 1.7817
Train Consuming time:83.71 in the epoch: 34
total val iterations: 125 
average val loss 1.9066
accuracy ( less than 0.1 ): 0.2222
median val loss 0.5348
total test iterations: 125 
average test loss 1.7919
accuracy ( less than 0.1 ): 0.2266
median test loss 0.5293
Consuming time:106.97 in the epoch: 34
Best test loss is 1.79
---------------*****---------------
---------------*****---------------
Starting training the epoch: 35 
total batch: 581.6875 
batch:99 average train loss 1.6822
batch:199 average train loss 1.7400
batch:299 average train loss 1.7631
batch:399 average train loss 1.7874
batch:499 average train loss 1.7694
average train loss 1.7815
Train Consuming time:84.65 in the epoch: 35
total val iterations: 125 
average val loss 1.9054
accuracy ( less than 0.1 ): 0.2230
median val loss 0.5351
total test iterations: 125 
average test loss 1.7914
accuracy ( less than 0.1 ): 0.2264
median test loss 0.5280
Consuming time:108.51 in the epoch: 35
Best test loss is 1.79
---------------*****---------------
---------------*****---------------
Starting training the epoch: 36 
total batch: 581.6875 
batch:99 average train loss 1.6815
batch:199 average train loss 1.7395
batch:299 average train loss 1.7626
batch:399 average train loss 1.7870
batch:499 average train loss 1.7690
average train loss 1.7810
Train Consuming time:84.72 in the epoch: 36
total val iterations: 125 
average val loss 1.9049
accuracy ( less than 0.1 ): 0.2229
median val loss 0.5376
total test iterations: 125 
average test loss 1.7916
accuracy ( less than 0.1 ): 0.2264
median test loss 0.5292
Consuming time:108.83 in the epoch: 36
Best test loss is 1.79
---------------*****---------------
---------------*****---------------
Starting training the epoch: 37 
total batch: 581.6875 
batch:99 average train loss 1.6809
batch:199 average train loss 1.7390
batch:299 average train loss 1.7621
batch:399 average train loss 1.7865
batch:499 average train loss 1.7685
average train loss 1.7806
Train Consuming time:84.78 in the epoch: 37
total val iterations: 125 
average val loss 1.9047
accuracy ( less than 0.1 ): 0.2230
median val loss 0.5357
total test iterations: 125 
average test loss 1.7913
accuracy ( less than 0.1 ): 0.2273
median test loss 0.5296
Consuming time:108.26 in the epoch: 37
Best test loss is 1.79
---------------*****---------------
---------------*****---------------
Starting training the epoch: 38 
total batch: 581.6875 
batch:99 average train loss 1.6803
batch:199 average train loss 1.7385
batch:299 average train loss 1.7614
batch:399 average train loss 1.7859
batch:499 average train loss 1.7680
average train loss 1.7799
Train Consuming time:88.58 in the epoch: 38
total val iterations: 125 
average val loss 1.9044
accuracy ( less than 0.1 ): 0.2230
median val loss 0.5390
total test iterations: 125 
average test loss 1.7909
accuracy ( less than 0.1 ): 0.2274
median test loss 0.5312
Consuming time:112.59 in the epoch: 38
Best test loss is 1.79
---------------*****---------------
---------------*****---------------
Starting training the epoch: 39 
total batch: 581.6875 
batch:99 average train loss 1.6797
batch:199 average train loss 1.7379
batch:299 average train loss 1.7611
batch:399 average train loss 1.7855
batch:499 average train loss 1.7676
average train loss 1.7796
Train Consuming time:84.84 in the epoch: 39
total val iterations: 125 
average val loss 1.9049
accuracy ( less than 0.1 ): 0.2225
median val loss 0.5401
total test iterations: 125 
average test loss 1.7916
accuracy ( less than 0.1 ): 0.2274
median test loss 0.5309
Consuming time:108.57 in the epoch: 39
Best test loss is 1.79
---------------*****---------------
---------------*****---------------
Starting training the epoch: 40 
total batch: 581.6875 
batch:99 average train loss 1.6793
batch:199 average train loss 1.7376
batch:299 average train loss 1.7605
batch:399 average train loss 1.7850
batch:499 average train loss 1.7672
average train loss 1.7792
Train Consuming time:84.84 in the epoch: 40
total val iterations: 125 
average val loss 1.9043
accuracy ( less than 0.1 ): 0.2233
median val loss 0.5389
total test iterations: 125 
average test loss 1.7910
accuracy ( less than 0.1 ): 0.2271
median test loss 0.5295
Consuming time:108.77 in the epoch: 40
Best test loss is 1.79
---------------*****---------------
---------------*****---------------
Starting training the epoch: 41 
total batch: 581.6875 
batch:99 average train loss 1.6790
batch:199 average train loss 1.7372
batch:299 average train loss 1.7601
batch:399 average train loss 1.7846
batch:499 average train loss 1.7668
average train loss 1.7788
Train Consuming time:84.70 in the epoch: 41
total val iterations: 125 
average val loss 1.9038
accuracy ( less than 0.1 ): 0.2233
median val loss 0.5410
total test iterations: 125 
average test loss 1.7909
accuracy ( less than 0.1 ): 0.2276
median test loss 0.5310
Consuming time:108.50 in the epoch: 41
Best test loss is 1.79
---------------*****---------------
---------------*****---------------
Starting training the epoch: 42 
total batch: 581.6875 
batch:99 average train loss 1.6787
batch:199 average train loss 1.7371
batch:299 average train loss 1.7598
batch:399 average train loss 1.7844
batch:499 average train loss 1.7666
average train loss 1.7785
Train Consuming time:84.75 in the epoch: 42
total val iterations: 125 
average val loss 1.9038
accuracy ( less than 0.1 ): 0.2237
median val loss 0.5413
total test iterations: 125 
average test loss 1.7910
accuracy ( less than 0.1 ): 0.2271
median test loss 0.5303
Consuming time:112.75 in the epoch: 42
Best test loss is 1.79
---------------*****---------------
---------------*****---------------
Starting training the epoch: 43 
total batch: 581.6875 
batch:99 average train loss 1.6783
batch:199 average train loss 1.7366
batch:299 average train loss 1.7595
batch:399 average train loss 1.7841
batch:499 average train loss 1.7664
average train loss 1.7784
Train Consuming time:83.77 in the epoch: 43
total val iterations: 125 
average val loss 1.9035
accuracy ( less than 0.1 ): 0.2233
median val loss 0.5410
total test iterations: 125 
average test loss 1.7908
accuracy ( less than 0.1 ): 0.2271
median test loss 0.5317
Consuming time:107.09 in the epoch: 43
Best test loss is 1.79
---------------*****---------------
---------------*****---------------
Starting training the epoch: 44 
total batch: 581.6875 
batch:99 average train loss 1.6778
batch:199 average train loss 1.7362
batch:299 average train loss 1.7591
batch:399 average train loss 1.7836
batch:499 average train loss 1.7660
average train loss 1.7781
Train Consuming time:84.05 in the epoch: 44
total val iterations: 125 
average val loss 1.9032
accuracy ( less than 0.1 ): 0.2237
median val loss 0.5412
total test iterations: 125 
average test loss 1.7905
accuracy ( less than 0.1 ): 0.2283
median test loss 0.5305
Consuming time:107.42 in the epoch: 44
Best test loss is 1.79
---------------*****---------------
---------------*****---------------
Starting training the epoch: 45 
total batch: 581.6875 
batch:99 average train loss 1.6776
batch:199 average train loss 1.7358
batch:299 average train loss 1.7587
batch:399 average train loss 1.7833
batch:499 average train loss 1.7656
average train loss 1.7777
Train Consuming time:83.62 in the epoch: 45
total val iterations: 125 
average val loss 1.9033
accuracy ( less than 0.1 ): 0.2230
median val loss 0.5409
total test iterations: 125 
average test loss 1.7906
accuracy ( less than 0.1 ): 0.2269
median test loss 0.5305
Consuming time:107.00 in the epoch: 45
Best test loss is 1.79
---------------*****---------------
---------------*****---------------
Starting training the epoch: 46 
total batch: 581.6875 
batch:99 average train loss 1.6768
batch:199 average train loss 1.7351
batch:299 average train loss 1.7583
batch:399 average train loss 1.7829
batch:499 average train loss 1.7653
average train loss 1.7774
Train Consuming time:83.64 in the epoch: 46
total val iterations: 125 
average val loss 1.9029
accuracy ( less than 0.1 ): 0.2230
median val loss 0.5393
total test iterations: 125 
average test loss 1.7905
accuracy ( less than 0.1 ): 0.2272
median test loss 0.5294
Consuming time:107.21 in the epoch: 46
Best test loss is 1.79
---------------*****---------------
---------------*****---------------
Starting training the epoch: 47 
total batch: 581.6875 
batch:99 average train loss 1.6767
batch:199 average train loss 1.7350
batch:299 average train loss 1.7581
batch:399 average train loss 1.7827
batch:499 average train loss 1.7651
average train loss 1.7772
Train Consuming time:83.43 in the epoch: 47
total val iterations: 125 
average val loss 1.9027
accuracy ( less than 0.1 ): 0.2234
median val loss 0.5396
total test iterations: 125 
average test loss 1.7903
accuracy ( less than 0.1 ): 0.2276
median test loss 0.5294
Consuming time:110.48 in the epoch: 47
Best test loss is 1.79
---------------*****---------------
---------------*****---------------
Starting training the epoch: 48 
total batch: 581.6875 
batch:99 average train loss 1.6763
batch:199 average train loss 1.7346
batch:299 average train loss 1.7577
batch:399 average train loss 1.7823
batch:499 average train loss 1.7648
average train loss 1.7770
Train Consuming time:83.21 in the epoch: 48
total val iterations: 125 
average val loss 1.9028
accuracy ( less than 0.1 ): 0.2225
median val loss 0.5380
total test iterations: 125 
average test loss 1.7906
accuracy ( less than 0.1 ): 0.2274
median test loss 0.5290
Consuming time:106.49 in the epoch: 48
Best test loss is 1.79
---------------*****---------------
---------------*****---------------
Starting training the epoch: 49 
total batch: 581.6875 
batch:99 average train loss 1.6761
batch:199 average train loss 1.7343
batch:299 average train loss 1.7574
batch:399 average train loss 1.7820
batch:499 average train loss 1.7644
average train loss 1.7766
Train Consuming time:83.26 in the epoch: 49
total val iterations: 125 
average val loss 1.9025
accuracy ( less than 0.1 ): 0.2229
median val loss 0.5405
total test iterations: 125 
average test loss 1.7905
accuracy ( less than 0.1 ): 0.2274
median test loss 0.5290
Consuming time:106.62 in the epoch: 49
Best test loss is 1.79
---------------*****---------------
