===================configuration===================
learning rate :0.001 
num_mlp_layers : 1
num_layers : 2
gnn input_features : 100
gnn output_features : 64
input of rnn/transformer : 64
hidden_size (out put of rnn/tranformer) : 64
observation hour [7,19]
observation interval : 1
observation threshold : 6
prediction time : 86400
cascade length [10,100]
model save at : ../model_save/cas2vec/dblp1/
====bidirected: False, attention: , gcn_type: geo, rnn: gru====
===================configuration===================
len(Y_train), len(Y_valid), len(Y_test): 48622 10420 10419
preparing time:36.59482550621033
geometric gcn
total parameters 42989
---------------*****---------------
Starting training the epoch: 0 
total batch: 759.71875 
batch:99 average train loss 2.5948
batch:199 average train loss 2.1454
batch:299 average train loss 1.9790
batch:399 average train loss 1.8881
batch:499 average train loss 1.8344
batch:599 average train loss 1.7986
batch:699 average train loss 1.7774
average train loss 1.7620
Train Consuming time:13.27 in the epoch: 0
total val iterations: 163 
average val loss 1.6134
accuracy ( less than 0.1 ): 0.2574
median val loss 0.6919
total test iterations: 163 
average test loss 1.5705
accuracy ( less than 0.1 ): 0.2543
median test loss 0.6549
Consuming time:17.06 in the epoch: 0
Best test loss is 1.57
---------------*****---------------
---------------*****---------------
Starting training the epoch: 1 
total batch: 759.71875 
batch:99 average train loss 1.5635
batch:199 average train loss 1.5594
batch:299 average train loss 1.5648
batch:399 average train loss 1.5662
batch:499 average train loss 1.5683
batch:599 average train loss 1.5712
batch:699 average train loss 1.5783
average train loss 1.5769
Train Consuming time:13.18 in the epoch: 1
total val iterations: 163 
average val loss 1.6012
accuracy ( less than 0.1 ): 0.2552
median val loss 0.6869
total test iterations: 163 
average test loss 1.5579
accuracy ( less than 0.1 ): 0.2516
median test loss 0.6460
Consuming time:16.77 in the epoch: 1
Best test loss is 1.56
---------------*****---------------
---------------*****---------------
Starting training the epoch: 2 
total batch: 759.71875 
batch:99 average train loss 1.5380
batch:199 average train loss 1.5369
batch:299 average train loss 1.5458
batch:399 average train loss 1.5491
batch:499 average train loss 1.5523
batch:599 average train loss 1.5564
batch:699 average train loss 1.5639
average train loss 1.5629
Train Consuming time:13.12 in the epoch: 2
total val iterations: 163 
average val loss 1.5898
accuracy ( less than 0.1 ): 0.2500
median val loss 0.6772
total test iterations: 163 
average test loss 1.5472
accuracy ( less than 0.1 ): 0.2483
median test loss 0.6401
Consuming time:16.75 in the epoch: 2
Best test loss is 1.55
---------------*****---------------
---------------*****---------------
Starting training the epoch: 3 
total batch: 759.71875 
batch:99 average train loss 1.5313
batch:199 average train loss 1.5298
batch:299 average train loss 1.5380
batch:399 average train loss 1.5411
batch:499 average train loss 1.5450
batch:599 average train loss 1.5497
batch:699 average train loss 1.5577
average train loss 1.5562
Train Consuming time:13.06 in the epoch: 3
total val iterations: 163 
average val loss 1.5833
accuracy ( less than 0.1 ): 0.2486
median val loss 0.6783
total test iterations: 163 
average test loss 1.5419
accuracy ( less than 0.1 ): 0.2463
median test loss 0.6308
Consuming time:16.81 in the epoch: 3
Best test loss is 1.54
---------------*****---------------
---------------*****---------------
Starting training the epoch: 4 
total batch: 759.71875 
batch:99 average train loss 1.5239
batch:199 average train loss 1.5235
batch:299 average train loss 1.5311
batch:399 average train loss 1.5344
batch:499 average train loss 1.5381
batch:599 average train loss 1.5425
batch:699 average train loss 1.5502
average train loss 1.5492
Train Consuming time:12.85 in the epoch: 4
total val iterations: 163 
average val loss 1.5848
accuracy ( less than 0.1 ): 0.2495
median val loss 0.6772
total test iterations: 163 
average test loss 1.5436
accuracy ( less than 0.1 ): 0.2482
median test loss 0.6313
Consuming time:16.51 in the epoch: 4
Best test loss is 1.54
---------------*****---------------
---------------*****---------------
Starting training the epoch: 5 
total batch: 759.71875 
batch:99 average train loss 1.5197
batch:199 average train loss 1.5183
batch:299 average train loss 1.5259
batch:399 average train loss 1.5295
batch:499 average train loss 1.5336
batch:599 average train loss 1.5377
batch:699 average train loss 1.5458
average train loss 1.5447
Train Consuming time:12.78 in the epoch: 5
total val iterations: 163 
average val loss 1.5809
accuracy ( less than 0.1 ): 0.2429
median val loss 0.6657
total test iterations: 163 
average test loss 1.5384
accuracy ( less than 0.1 ): 0.2412
median test loss 0.6318
Consuming time:16.22 in the epoch: 5
Best test loss is 1.54
---------------*****---------------
---------------*****---------------
Starting training the epoch: 6 
total batch: 759.71875 
batch:99 average train loss 1.5166
batch:199 average train loss 1.5165
batch:299 average train loss 1.5241
batch:399 average train loss 1.5268
batch:499 average train loss 1.5308
batch:599 average train loss 1.5346
batch:699 average train loss 1.5425
average train loss 1.5415
Train Consuming time:12.29 in the epoch: 6
total val iterations: 163 
average val loss 1.5800
accuracy ( less than 0.1 ): 0.2458
median val loss 0.6700
total test iterations: 163 
average test loss 1.5363
accuracy ( less than 0.1 ): 0.2425
median test loss 0.6335
Consuming time:15.72 in the epoch: 6
Best test loss is 1.54
---------------*****---------------
---------------*****---------------
Starting training the epoch: 7 
total batch: 759.71875 
batch:99 average train loss 1.5135
batch:199 average train loss 1.5129
batch:299 average train loss 1.5211
batch:399 average train loss 1.5245
batch:499 average train loss 1.5278
batch:599 average train loss 1.5316
batch:699 average train loss 1.5403
average train loss 1.5391
Train Consuming time:11.90 in the epoch: 7
total val iterations: 163 
average val loss 1.5738
accuracy ( less than 0.1 ): 0.2423
median val loss 0.6669
total test iterations: 163 
average test loss 1.5325
accuracy ( less than 0.1 ): 0.2407
median test loss 0.6238
Consuming time:15.31 in the epoch: 7
Best test loss is 1.53
---------------*****---------------
---------------*****---------------
Starting training the epoch: 8 
total batch: 759.71875 
batch:99 average train loss 1.5118
batch:199 average train loss 1.5108
batch:299 average train loss 1.5178
batch:399 average train loss 1.5210
batch:499 average train loss 1.5249
batch:599 average train loss 1.5285
batch:699 average train loss 1.5373
average train loss 1.5361
Train Consuming time:12.18 in the epoch: 8
total val iterations: 163 
average val loss 1.5683
accuracy ( less than 0.1 ): 0.2350
median val loss 0.6685
total test iterations: 163 
average test loss 1.5270
accuracy ( less than 0.1 ): 0.2356
median test loss 0.6209
Consuming time:15.65 in the epoch: 8
Best test loss is 1.53
---------------*****---------------
---------------*****---------------
Starting training the epoch: 9 
total batch: 759.71875 
batch:99 average train loss 1.5067
batch:199 average train loss 1.5072
batch:299 average train loss 1.5149
batch:399 average train loss 1.5189
batch:499 average train loss 1.5227
batch:599 average train loss 1.5268
batch:699 average train loss 1.5354
average train loss 1.5345
Train Consuming time:12.33 in the epoch: 9
total val iterations: 163 
average val loss 1.5711
accuracy ( less than 0.1 ): 0.2379
median val loss 0.6660
total test iterations: 163 
average test loss 1.5304
accuracy ( less than 0.1 ): 0.2387
median test loss 0.6247
Consuming time:15.72 in the epoch: 9
Best test loss is 1.53
---------------*****---------------
---------------*****---------------
Starting training the epoch: 10 
total batch: 759.71875 
batch:99 average train loss 1.5035
batch:199 average train loss 1.5045
batch:299 average train loss 1.5125
batch:399 average train loss 1.5168
batch:499 average train loss 1.5204
batch:599 average train loss 1.5245
batch:699 average train loss 1.5331
average train loss 1.5323
Train Consuming time:12.11 in the epoch: 10
total val iterations: 163 
average val loss 1.5715
accuracy ( less than 0.1 ): 0.2374
median val loss 0.6659
total test iterations: 163 
average test loss 1.5289
accuracy ( less than 0.1 ): 0.2357
median test loss 0.6206
Consuming time:15.51 in the epoch: 10
Best test loss is 1.53
---------------*****---------------
---------------*****---------------
Starting training the epoch: 11 
total batch: 759.71875 
batch:99 average train loss 1.5039
batch:199 average train loss 1.5038
batch:299 average train loss 1.5119
batch:399 average train loss 1.5157
batch:499 average train loss 1.5194
batch:599 average train loss 1.5232
batch:699 average train loss 1.5320
average train loss 1.5313
Train Consuming time:12.09 in the epoch: 11
total val iterations: 163 
average val loss 1.5681
accuracy ( less than 0.1 ): 0.2360
median val loss 0.6629
total test iterations: 163 
average test loss 1.5267
accuracy ( less than 0.1 ): 0.2355
median test loss 0.6218
Consuming time:15.49 in the epoch: 11
Best test loss is 1.53
---------------*****---------------
---------------*****---------------
Starting training the epoch: 12 
total batch: 759.71875 
batch:99 average train loss 1.5028
batch:199 average train loss 1.5031
batch:299 average train loss 1.5106
batch:399 average train loss 1.5140
batch:499 average train loss 1.5176
batch:599 average train loss 1.5214
batch:699 average train loss 1.5302
average train loss 1.5294
Train Consuming time:12.22 in the epoch: 12
total val iterations: 163 
average val loss 1.5697
accuracy ( less than 0.1 ): 0.2365
median val loss 0.6607
total test iterations: 163 
average test loss 1.5279
accuracy ( less than 0.1 ): 0.2361
median test loss 0.6198
Consuming time:15.69 in the epoch: 12
Best test loss is 1.53
---------------*****---------------
---------------*****---------------
Starting training the epoch: 13 
total batch: 759.71875 
batch:99 average train loss 1.5009
batch:199 average train loss 1.5013
batch:299 average train loss 1.5092
batch:399 average train loss 1.5125
batch:499 average train loss 1.5159
batch:599 average train loss 1.5198
batch:699 average train loss 1.5284
average train loss 1.5276
Train Consuming time:11.99 in the epoch: 13
total val iterations: 163 
average val loss 1.5655
accuracy ( less than 0.1 ): 0.2350
median val loss 0.6647
total test iterations: 163 
average test loss 1.5236
accuracy ( less than 0.1 ): 0.2353
median test loss 0.6279
Consuming time:15.39 in the epoch: 13
Best test loss is 1.52
---------------*****---------------
---------------*****---------------
Starting training the epoch: 14 
total batch: 759.71875 
batch:99 average train loss 1.4980
batch:199 average train loss 1.5001
batch:299 average train loss 1.5080
batch:399 average train loss 1.5114
batch:499 average train loss 1.5149
batch:599 average train loss 1.5188
batch:699 average train loss 1.5276
average train loss 1.5269
Train Consuming time:12.15 in the epoch: 14
total val iterations: 163 
average val loss 1.5670
accuracy ( less than 0.1 ): 0.2368
median val loss 0.6623
total test iterations: 163 
average test loss 1.5251
accuracy ( less than 0.1 ): 0.2366
median test loss 0.6240
Consuming time:15.56 in the epoch: 14
Best test loss is 1.52
---------------*****---------------
---------------*****---------------
Starting training the epoch: 15 
total batch: 759.71875 
batch:99 average train loss 1.5003
batch:199 average train loss 1.5008
batch:299 average train loss 1.5077
batch:399 average train loss 1.5107
batch:499 average train loss 1.5139
batch:599 average train loss 1.5178
batch:699 average train loss 1.5266
average train loss 1.5258
Train Consuming time:12.12 in the epoch: 15
total val iterations: 163 
average val loss 1.5669
accuracy ( less than 0.1 ): 0.2369
median val loss 0.6649
total test iterations: 163 
average test loss 1.5248
accuracy ( less than 0.1 ): 0.2374
median test loss 0.6239
Consuming time:15.64 in the epoch: 15
Best test loss is 1.52
---------------*****---------------
---------------*****---------------
Starting training the epoch: 16 
total batch: 759.71875 
batch:99 average train loss 1.4983
batch:199 average train loss 1.4988
batch:299 average train loss 1.5068
batch:399 average train loss 1.5099
batch:499 average train loss 1.5133
batch:599 average train loss 1.5168
batch:699 average train loss 1.5259
average train loss 1.5251
Train Consuming time:11.73 in the epoch: 16
total val iterations: 163 
average val loss 1.5658
accuracy ( less than 0.1 ): 0.2363
median val loss 0.6640
total test iterations: 163 
average test loss 1.5234
accuracy ( less than 0.1 ): 0.2366
median test loss 0.6250
Consuming time:15.13 in the epoch: 16
Best test loss is 1.52
---------------*****---------------
---------------*****---------------
Starting training the epoch: 17 
total batch: 759.71875 
batch:99 average train loss 1.4973
batch:199 average train loss 1.4983
batch:299 average train loss 1.5059
batch:399 average train loss 1.5092
batch:499 average train loss 1.5126
batch:599 average train loss 1.5161
batch:699 average train loss 1.5249
average train loss 1.5242
Train Consuming time:11.74 in the epoch: 17
total val iterations: 163 
average val loss 1.5650
accuracy ( less than 0.1 ): 0.2362
median val loss 0.6575
total test iterations: 163 
average test loss 1.5244
accuracy ( less than 0.1 ): 0.2353
median test loss 0.6235
Consuming time:15.22 in the epoch: 17
Best test loss is 1.52
---------------*****---------------
---------------*****---------------
Starting training the epoch: 18 
total batch: 759.71875 
batch:99 average train loss 1.4966
batch:199 average train loss 1.4976
batch:299 average train loss 1.5048
batch:399 average train loss 1.5078
batch:499 average train loss 1.5115
batch:599 average train loss 1.5152
batch:699 average train loss 1.5244
average train loss 1.5236
Train Consuming time:12.24 in the epoch: 18
total val iterations: 163 
average val loss 1.5671
accuracy ( less than 0.1 ): 0.2335
median val loss 0.6629
total test iterations: 163 
average test loss 1.5265
accuracy ( less than 0.1 ): 0.2349
median test loss 0.6215
Consuming time:15.75 in the epoch: 18
Best test loss is 1.52
---------------*****---------------
---------------*****---------------
Starting training the epoch: 19 
total batch: 759.71875 
batch:99 average train loss 1.4957
batch:199 average train loss 1.4961
batch:299 average train loss 1.5040
batch:399 average train loss 1.5072
batch:499 average train loss 1.5106
batch:599 average train loss 1.5144
batch:699 average train loss 1.5235
average train loss 1.5227
Train Consuming time:12.13 in the epoch: 19
total val iterations: 163 
average val loss 1.5643
accuracy ( less than 0.1 ): 0.2307
median val loss 0.6619
total test iterations: 163 
average test loss 1.5233
accuracy ( less than 0.1 ): 0.2315
median test loss 0.6200
Consuming time:15.59 in the epoch: 19
Best test loss is 1.52
---------------*****---------------
---------------*****---------------
Starting training the epoch: 20 
total batch: 759.71875 
batch:99 average train loss 1.4827
batch:199 average train loss 1.4838
batch:299 average train loss 1.4903
batch:399 average train loss 1.4922
batch:499 average train loss 1.4953
batch:599 average train loss 1.4991
batch:699 average train loss 1.5080
average train loss 1.5070
Train Consuming time:11.61 in the epoch: 20
total val iterations: 163 
average val loss 1.5560
accuracy ( less than 0.1 ): 0.2268
median val loss 0.6619
total test iterations: 163 
average test loss 1.5143
accuracy ( less than 0.1 ): 0.2250
median test loss 0.6188
Consuming time:15.01 in the epoch: 20
Best test loss is 1.51
---------------*****---------------
---------------*****---------------
Starting training the epoch: 21 
total batch: 759.71875 
batch:99 average train loss 1.4726
batch:199 average train loss 1.4754
batch:299 average train loss 1.4828
batch:399 average train loss 1.4859
batch:499 average train loss 1.4894
batch:599 average train loss 1.4934
batch:699 average train loss 1.5027
average train loss 1.5020
Train Consuming time:11.91 in the epoch: 21
total val iterations: 163 
average val loss 1.5548
accuracy ( less than 0.1 ): 0.2250
median val loss 0.6611
total test iterations: 163 
average test loss 1.5125
accuracy ( less than 0.1 ): 0.2245
median test loss 0.6221
Consuming time:15.34 in the epoch: 21
Best test loss is 1.51
---------------*****---------------
---------------*****---------------
Starting training the epoch: 22 
total batch: 759.71875 
batch:99 average train loss 1.4694
batch:199 average train loss 1.4727
batch:299 average train loss 1.4804
batch:399 average train loss 1.4839
batch:499 average train loss 1.4875
batch:599 average train loss 1.4914
batch:699 average train loss 1.5008
average train loss 1.5002
Train Consuming time:12.05 in the epoch: 22
total val iterations: 163 
average val loss 1.5546
accuracy ( less than 0.1 ): 0.2268
median val loss 0.6638
total test iterations: 163 
average test loss 1.5120
accuracy ( less than 0.1 ): 0.2241
median test loss 0.6204
Consuming time:15.54 in the epoch: 22
Best test loss is 1.51
---------------*****---------------
---------------*****---------------
Starting training the epoch: 23 
total batch: 759.71875 
batch:99 average train loss 1.4680
batch:199 average train loss 1.4713
batch:299 average train loss 1.4792
batch:399 average train loss 1.4829
batch:499 average train loss 1.4866
batch:599 average train loss 1.4905
batch:699 average train loss 1.4999
average train loss 1.4995
Train Consuming time:12.04 in the epoch: 23
total val iterations: 163 
average val loss 1.5545
accuracy ( less than 0.1 ): 0.2264
median val loss 0.6645
total test iterations: 163 
average test loss 1.5118
accuracy ( less than 0.1 ): 0.2237
median test loss 0.6194
Consuming time:15.51 in the epoch: 23
Best test loss is 1.51
---------------*****---------------
---------------*****---------------
Starting training the epoch: 24 
total batch: 759.71875 
batch:99 average train loss 1.4674
batch:199 average train loss 1.4706
batch:299 average train loss 1.4786
batch:399 average train loss 1.4825
batch:499 average train loss 1.4862
batch:599 average train loss 1.4900
batch:699 average train loss 1.4994
average train loss 1.4991
Train Consuming time:12.07 in the epoch: 24
total val iterations: 163 
average val loss 1.5544
accuracy ( less than 0.1 ): 0.2275
median val loss 0.6660
total test iterations: 163 
average test loss 1.5116
accuracy ( less than 0.1 ): 0.2236
median test loss 0.6222
Consuming time:15.55 in the epoch: 24
Best test loss is 1.51
---------------*****---------------
---------------*****---------------
Starting training the epoch: 25 
total batch: 759.71875 
batch:99 average train loss 1.4671
batch:199 average train loss 1.4702
batch:299 average train loss 1.4783
batch:399 average train loss 1.4822
batch:499 average train loss 1.4859
batch:599 average train loss 1.4897
batch:699 average train loss 1.4991
average train loss 1.4988
Train Consuming time:11.95 in the epoch: 25
total val iterations: 163 
average val loss 1.5543
accuracy ( less than 0.1 ): 0.2282
median val loss 0.6646
total test iterations: 163 
average test loss 1.5114
accuracy ( less than 0.1 ): 0.2232
median test loss 0.6226
Consuming time:15.36 in the epoch: 25
Best test loss is 1.51
---------------*****---------------
---------------*****---------------
Starting training the epoch: 26 
total batch: 759.71875 
batch:99 average train loss 1.4670
batch:199 average train loss 1.4699
batch:299 average train loss 1.4780
batch:399 average train loss 1.4819
batch:499 average train loss 1.4857
batch:599 average train loss 1.4895
batch:699 average train loss 1.4988
average train loss 1.4985
Train Consuming time:11.90 in the epoch: 26
total val iterations: 163 
average val loss 1.5546
accuracy ( less than 0.1 ): 0.2269
median val loss 0.6638
total test iterations: 163 
average test loss 1.5115
accuracy ( less than 0.1 ): 0.2234
median test loss 0.6217
Consuming time:15.39 in the epoch: 26
Best test loss is 1.51
---------------*****---------------
---------------*****---------------
Starting training the epoch: 27 
total batch: 759.71875 
batch:99 average train loss 1.4675
batch:199 average train loss 1.4699
batch:299 average train loss 1.4780
batch:399 average train loss 1.4818
batch:499 average train loss 1.4855
batch:599 average train loss 1.4893
batch:699 average train loss 1.4988
average train loss 1.4985
Train Consuming time:12.00 in the epoch: 27
total val iterations: 163 
average val loss 1.5542
accuracy ( less than 0.1 ): 0.2275
median val loss 0.6636
total test iterations: 163 
average test loss 1.5108
accuracy ( less than 0.1 ): 0.2226
median test loss 0.6236
Consuming time:15.41 in the epoch: 27
Best test loss is 1.51
---------------*****---------------
---------------*****---------------
Starting training the epoch: 28 
total batch: 759.71875 
batch:99 average train loss 1.4674
batch:199 average train loss 1.4696
batch:299 average train loss 1.4776
batch:399 average train loss 1.4815
batch:499 average train loss 1.4853
batch:599 average train loss 1.4891
batch:699 average train loss 1.4985
average train loss 1.4983
Train Consuming time:12.09 in the epoch: 28
total val iterations: 163 
average val loss 1.5543
accuracy ( less than 0.1 ): 0.2274
median val loss 0.6631
total test iterations: 163 
average test loss 1.5108
accuracy ( less than 0.1 ): 0.2229
median test loss 0.6229
Consuming time:15.51 in the epoch: 28
Best test loss is 1.51
---------------*****---------------
---------------*****---------------
Starting training the epoch: 29 
total batch: 759.71875 
batch:99 average train loss 1.4676
batch:199 average train loss 1.4695
batch:299 average train loss 1.4775
batch:399 average train loss 1.4813
batch:499 average train loss 1.4851
batch:599 average train loss 1.4889
batch:699 average train loss 1.4984
average train loss 1.4982
Train Consuming time:12.08 in the epoch: 29
total val iterations: 163 
average val loss 1.5544
accuracy ( less than 0.1 ): 0.2272
median val loss 0.6618
total test iterations: 163 
average test loss 1.5107
accuracy ( less than 0.1 ): 0.2235
median test loss 0.6228
Consuming time:15.53 in the epoch: 29
Best test loss is 1.51
---------------*****---------------
---------------*****---------------
Starting training the epoch: 30 
total batch: 759.71875 
batch:99 average train loss 1.4676
batch:199 average train loss 1.4694
batch:299 average train loss 1.4773
batch:399 average train loss 1.4812
batch:499 average train loss 1.4850
batch:599 average train loss 1.4888
batch:699 average train loss 1.4983
average train loss 1.4981
Train Consuming time:11.81 in the epoch: 30
total val iterations: 163 
average val loss 1.5545
accuracy ( less than 0.1 ): 0.2275
median val loss 0.6637
total test iterations: 163 
average test loss 1.5107
accuracy ( less than 0.1 ): 0.2234
median test loss 0.6218
Consuming time:15.23 in the epoch: 30
Best test loss is 1.51
---------------*****---------------
---------------*****---------------
Starting training the epoch: 31 
total batch: 759.71875 
batch:99 average train loss 1.4676
batch:199 average train loss 1.4693
batch:299 average train loss 1.4773
batch:399 average train loss 1.4811
batch:499 average train loss 1.4849
batch:599 average train loss 1.4887
batch:699 average train loss 1.4982
average train loss 1.4980
Train Consuming time:11.93 in the epoch: 31
total val iterations: 163 
average val loss 1.5547
accuracy ( less than 0.1 ): 0.2276
median val loss 0.6633
total test iterations: 163 
average test loss 1.5109
accuracy ( less than 0.1 ): 0.2237
median test loss 0.6211
Consuming time:15.47 in the epoch: 31
Best test loss is 1.51
---------------*****---------------
---------------*****---------------
Starting training the epoch: 32 
total batch: 759.71875 
batch:99 average train loss 1.4679
batch:199 average train loss 1.4694
batch:299 average train loss 1.4773
batch:399 average train loss 1.4811
batch:499 average train loss 1.4849
batch:599 average train loss 1.4886
batch:699 average train loss 1.4982
average train loss 1.4980
Train Consuming time:11.94 in the epoch: 32
total val iterations: 163 
average val loss 1.5546
accuracy ( less than 0.1 ): 0.2272
median val loss 0.6631
total test iterations: 163 
average test loss 1.5108
accuracy ( less than 0.1 ): 0.2235
median test loss 0.6215
Consuming time:15.42 in the epoch: 32
Best test loss is 1.51
---------------*****---------------
---------------*****---------------
Starting training the epoch: 33 
total batch: 759.71875 
batch:99 average train loss 1.4676
batch:199 average train loss 1.4692
batch:299 average train loss 1.4771
batch:399 average train loss 1.4809
batch:499 average train loss 1.4847
batch:599 average train loss 1.4885
batch:699 average train loss 1.4980
average train loss 1.4979
Train Consuming time:11.93 in the epoch: 33
total val iterations: 163 
average val loss 1.5546
accuracy ( less than 0.1 ): 0.2273
median val loss 0.6628
total test iterations: 163 
average test loss 1.5107
accuracy ( less than 0.1 ): 0.2237
median test loss 0.6221
Consuming time:15.32 in the epoch: 33
Best test loss is 1.51
---------------*****---------------
---------------*****---------------
Starting training the epoch: 34 
total batch: 759.71875 
batch:99 average train loss 1.4675
batch:199 average train loss 1.4691
batch:299 average train loss 1.4769
batch:399 average train loss 1.4808
batch:499 average train loss 1.4846
batch:599 average train loss 1.4883
batch:699 average train loss 1.4980
average train loss 1.4978
Train Consuming time:11.79 in the epoch: 34
total val iterations: 163 
average val loss 1.5547
accuracy ( less than 0.1 ): 0.2272
median val loss 0.6635
total test iterations: 163 
average test loss 1.5106
accuracy ( less than 0.1 ): 0.2240
median test loss 0.6220
Consuming time:15.20 in the epoch: 34
Best test loss is 1.51
---------------*****---------------
---------------*****---------------
Starting training the epoch: 35 
total batch: 759.71875 
batch:99 average train loss 1.4676
batch:199 average train loss 1.4690
batch:299 average train loss 1.4769
batch:399 average train loss 1.4808
batch:499 average train loss 1.4846
batch:599 average train loss 1.4883
batch:699 average train loss 1.4979
average train loss 1.4977
Train Consuming time:11.93 in the epoch: 35
total val iterations: 163 
average val loss 1.5549
accuracy ( less than 0.1 ): 0.2277
median val loss 0.6640
total test iterations: 163 
average test loss 1.5107
accuracy ( less than 0.1 ): 0.2242
median test loss 0.6218
Consuming time:15.34 in the epoch: 35
Best test loss is 1.51
---------------*****---------------
---------------*****---------------
Starting training the epoch: 36 
total batch: 759.71875 
batch:99 average train loss 1.4675
batch:199 average train loss 1.4690
batch:299 average train loss 1.4768
batch:399 average train loss 1.4807
batch:499 average train loss 1.4845
batch:599 average train loss 1.4882
batch:699 average train loss 1.4978
average train loss 1.4977
Train Consuming time:11.94 in the epoch: 36
total val iterations: 163 
average val loss 1.5549
accuracy ( less than 0.1 ): 0.2272
median val loss 0.6651
total test iterations: 163 
average test loss 1.5107
accuracy ( less than 0.1 ): 0.2238
median test loss 0.6212
Consuming time:15.33 in the epoch: 36
Best test loss is 1.51
---------------*****---------------
---------------*****---------------
Starting training the epoch: 37 
total batch: 759.71875 
batch:99 average train loss 1.4675
batch:199 average train loss 1.4689
batch:299 average train loss 1.4768
batch:399 average train loss 1.4806
batch:499 average train loss 1.4844
batch:599 average train loss 1.4881
batch:699 average train loss 1.4978
average train loss 1.4976
Train Consuming time:12.04 in the epoch: 37
total val iterations: 163 
average val loss 1.5549
accuracy ( less than 0.1 ): 0.2277
median val loss 0.6637
total test iterations: 163 
average test loss 1.5106
accuracy ( less than 0.1 ): 0.2242
median test loss 0.6216
Consuming time:15.60 in the epoch: 37
Best test loss is 1.51
---------------*****---------------
---------------*****---------------
Starting training the epoch: 38 
total batch: 759.71875 
batch:99 average train loss 1.4674
batch:199 average train loss 1.4688
batch:299 average train loss 1.4767
batch:399 average train loss 1.4805
batch:499 average train loss 1.4843
batch:599 average train loss 1.4880
batch:699 average train loss 1.4977
average train loss 1.4976
Train Consuming time:12.10 in the epoch: 38
total val iterations: 163 
average val loss 1.5549
accuracy ( less than 0.1 ): 0.2276
median val loss 0.6646
total test iterations: 163 
average test loss 1.5106
accuracy ( less than 0.1 ): 0.2240
median test loss 0.6212
Consuming time:15.61 in the epoch: 38
Best test loss is 1.51
---------------*****---------------
---------------*****---------------
Starting training the epoch: 39 
total batch: 759.71875 
batch:99 average train loss 1.4673
batch:199 average train loss 1.4688
batch:299 average train loss 1.4766
batch:399 average train loss 1.4805
batch:499 average train loss 1.4843
batch:599 average train loss 1.4880
batch:699 average train loss 1.4977
average train loss 1.4975
Train Consuming time:12.12 in the epoch: 39
total val iterations: 163 
average val loss 1.5550
accuracy ( less than 0.1 ): 0.2275
median val loss 0.6651
total test iterations: 163 
average test loss 1.5106
accuracy ( less than 0.1 ): 0.2241
median test loss 0.6213
Consuming time:15.67 in the epoch: 39
Best test loss is 1.51
---------------*****---------------
---------------*****---------------
Starting training the epoch: 40 
total batch: 759.71875 
batch:99 average train loss 1.4673
batch:199 average train loss 1.4687
batch:299 average train loss 1.4766
batch:399 average train loss 1.4804
batch:499 average train loss 1.4842
batch:599 average train loss 1.4879
batch:699 average train loss 1.4976
average train loss 1.4974
Train Consuming time:11.80 in the epoch: 40
total val iterations: 163 
average val loss 1.5550
accuracy ( less than 0.1 ): 0.2274
median val loss 0.6641
total test iterations: 163 
average test loss 1.5106
accuracy ( less than 0.1 ): 0.2242
median test loss 0.6217
Consuming time:15.26 in the epoch: 40
Best test loss is 1.51
---------------*****---------------
---------------*****---------------
Starting training the epoch: 41 
total batch: 759.71875 
batch:99 average train loss 1.4673
batch:199 average train loss 1.4687
batch:299 average train loss 1.4765
batch:399 average train loss 1.4804
batch:499 average train loss 1.4841
batch:599 average train loss 1.4879
batch:699 average train loss 1.4976
average train loss 1.4974
Train Consuming time:12.01 in the epoch: 41
total val iterations: 163 
average val loss 1.5551
accuracy ( less than 0.1 ): 0.2277
median val loss 0.6641
total test iterations: 163 
average test loss 1.5106
accuracy ( less than 0.1 ): 0.2237
median test loss 0.6219
Consuming time:15.50 in the epoch: 41
Best test loss is 1.51
---------------*****---------------
---------------*****---------------
Starting training the epoch: 42 
total batch: 759.71875 
batch:99 average train loss 1.4673
batch:199 average train loss 1.4687
batch:299 average train loss 1.4765
batch:399 average train loss 1.4803
batch:499 average train loss 1.4841
batch:599 average train loss 1.4878
batch:699 average train loss 1.4975
average train loss 1.4974
Train Consuming time:12.06 in the epoch: 42
total val iterations: 163 
average val loss 1.5550
accuracy ( less than 0.1 ): 0.2275
median val loss 0.6642
total test iterations: 163 
average test loss 1.5105
accuracy ( less than 0.1 ): 0.2240
median test loss 0.6214
Consuming time:15.46 in the epoch: 42
Best test loss is 1.51
---------------*****---------------
---------------*****---------------
Starting training the epoch: 43 
total batch: 759.71875 
batch:99 average train loss 1.4672
batch:199 average train loss 1.4686
batch:299 average train loss 1.4764
batch:399 average train loss 1.4802
batch:499 average train loss 1.4840
batch:599 average train loss 1.4878
batch:699 average train loss 1.4975
average train loss 1.4973
Train Consuming time:11.88 in the epoch: 43
total val iterations: 163 
average val loss 1.5550
accuracy ( less than 0.1 ): 0.2279
median val loss 0.6638
total test iterations: 163 
average test loss 1.5105
accuracy ( less than 0.1 ): 0.2236
median test loss 0.6212
Consuming time:15.29 in the epoch: 43
Best test loss is 1.51
---------------*****---------------
---------------*****---------------
Starting training the epoch: 44 
total batch: 759.71875 
batch:99 average train loss 1.4672
batch:199 average train loss 1.4686
batch:299 average train loss 1.4764
batch:399 average train loss 1.4802
batch:499 average train loss 1.4840
batch:599 average train loss 1.4877
batch:699 average train loss 1.4974
average train loss 1.4973
Train Consuming time:12.19 in the epoch: 44
total val iterations: 163 
average val loss 1.5550
accuracy ( less than 0.1 ): 0.2279
median val loss 0.6634
total test iterations: 163 
average test loss 1.5105
accuracy ( less than 0.1 ): 0.2237
median test loss 0.6216
Consuming time:15.60 in the epoch: 44
Best test loss is 1.51
---------------*****---------------
---------------*****---------------
Starting training the epoch: 45 
total batch: 759.71875 
batch:99 average train loss 1.4672
batch:199 average train loss 1.4685
batch:299 average train loss 1.4763
batch:399 average train loss 1.4802
batch:499 average train loss 1.4839
batch:599 average train loss 1.4877
batch:699 average train loss 1.4974
average train loss 1.4973
Train Consuming time:12.23 in the epoch: 45
total val iterations: 163 
average val loss 1.5551
accuracy ( less than 0.1 ): 0.2279
median val loss 0.6626
total test iterations: 163 
average test loss 1.5105
accuracy ( less than 0.1 ): 0.2236
median test loss 0.6220
Consuming time:15.81 in the epoch: 45
Best test loss is 1.51
---------------*****---------------
---------------*****---------------
Starting training the epoch: 46 
total batch: 759.71875 
batch:99 average train loss 1.4671
batch:199 average train loss 1.4685
batch:299 average train loss 1.4763
batch:399 average train loss 1.4801
batch:499 average train loss 1.4839
batch:599 average train loss 1.4876
batch:699 average train loss 1.4974
average train loss 1.4973
Train Consuming time:12.30 in the epoch: 46
total val iterations: 163 
average val loss 1.5551
accuracy ( less than 0.1 ): 0.2278
median val loss 0.6639
total test iterations: 163 
average test loss 1.5105
accuracy ( less than 0.1 ): 0.2233
median test loss 0.6219
Consuming time:15.95 in the epoch: 46
Best test loss is 1.51
---------------*****---------------
---------------*****---------------
Starting training the epoch: 47 
total batch: 759.71875 
batch:99 average train loss 1.4671
batch:199 average train loss 1.4684
batch:299 average train loss 1.4763
batch:399 average train loss 1.4801
batch:499 average train loss 1.4839
batch:599 average train loss 1.4876
batch:699 average train loss 1.4973
average train loss 1.4972
Train Consuming time:12.50 in the epoch: 47
total val iterations: 163 
average val loss 1.5551
accuracy ( less than 0.1 ): 0.2276
median val loss 0.6631
total test iterations: 163 
average test loss 1.5105
accuracy ( less than 0.1 ): 0.2234
median test loss 0.6225
Consuming time:16.21 in the epoch: 47
Best test loss is 1.51
---------------*****---------------
---------------*****---------------
Starting training the epoch: 48 
total batch: 759.71875 
batch:99 average train loss 1.4671
batch:199 average train loss 1.4684
batch:299 average train loss 1.4762
batch:399 average train loss 1.4801
batch:499 average train loss 1.4838
batch:599 average train loss 1.4876
batch:699 average train loss 1.4973
average train loss 1.4972
Train Consuming time:12.39 in the epoch: 48
total val iterations: 163 
average val loss 1.5551
accuracy ( less than 0.1 ): 0.2275
median val loss 0.6634
total test iterations: 163 
average test loss 1.5105
accuracy ( less than 0.1 ): 0.2234
median test loss 0.6228
Consuming time:16.05 in the epoch: 48
Best test loss is 1.51
---------------*****---------------
---------------*****---------------
Starting training the epoch: 49 
total batch: 759.71875 
batch:99 average train loss 1.4670
batch:199 average train loss 1.4684
batch:299 average train loss 1.4762
batch:399 average train loss 1.4800
batch:499 average train loss 1.4838
batch:599 average train loss 1.4875
batch:699 average train loss 1.4973
average train loss 1.4972
Train Consuming time:12.66 in the epoch: 49
total val iterations: 163 
average val loss 1.5551
accuracy ( less than 0.1 ): 0.2274
median val loss 0.6638
total test iterations: 163 
average test loss 1.5105
accuracy ( less than 0.1 ): 0.2235
median test loss 0.6232
Consuming time:16.43 in the epoch: 49
Best test loss is 1.51
---------------*****---------------
