===================configuration===================
learning rate :  0.0001
observation hour [7,19]
observation threshold :  1800
prediction time :  86400
cascade length [10,100]
model save at : ../model_save/casflow/citation1/
===================configuration===================
TF Version: 2.0.0
Epoch 1/15
478/478 [==============================] - 502s 1s/step - loss: 6.0695 - mape: 1.2078 - msle_log2: 2.2960 - val_loss: 3.3461 - val_mape: 1.3779 - val_msle_log2: 1.6358
Epoch 2/15
478/478 [==============================] - 475s 993ms/step - loss: 1.0265 - mape: 0.9968 - msle_log2: 1.3944 - val_loss: -4.5746 - val_mape: 0.9200 - val_msle_log2: 1.1797
Epoch 3/15
478/478 [==============================] - 459s 961ms/step - loss: -10.6620 - mape: 0.9094 - msle_log2: 1.2081 - val_loss: -17.2805 - val_mape: 0.9372 - val_msle_log2: 1.1344
Epoch 4/15
478/478 [==============================] - 583s 1s/step - loss: -24.8963 - mape: 0.8827 - msle_log2: 1.1510 - val_loss: -33.0614 - val_mape: 0.9755 - val_msle_log2: 1.1267
Epoch 5/15
478/478 [==============================] - 585s 1s/step - loss: -40.1901 - mape: 0.8724 - msle_log2: 1.1250 - val_loss: -46.7611 - val_mape: 0.7587 - val_msle_log2: 1.1215
Epoch 6/15
478/478 [==============================] - 549s 1s/step - loss: -52.3937 - mape: 0.8634 - msle_log2: 1.1078 - val_loss: -58.1719 - val_mape: 0.7343 - val_msle_log2: 1.1272
Epoch 7/15
478/478 [==============================] - 456s 955ms/step - loss: -61.8370 - mape: 0.8585 - msle_log2: 1.0926 - val_loss: -65.3627 - val_mape: 0.8901 - val_msle_log2: 1.0831
Epoch 8/15
478/478 [==============================] - 456s 955ms/step - loss: -69.1484 - mape: 0.8498 - msle_log2: 1.0792 - val_loss: -72.3490 - val_mape: 0.9230 - val_msle_log2: 1.0806
Epoch 9/15
478/478 [==============================] - 449s 940ms/step - loss: -75.2675 - mape: 0.8460 - msle_log2: 1.0711 - val_loss: -77.8104 - val_mape: 0.9445 - val_msle_log2: 1.0939
Epoch 10/15
478/478 [==============================] - 369s 773ms/step - loss: -80.3459 - mape: 0.8413 - msle_log2: 1.0595 - val_loss: -83.5008 - val_mape: 0.8208 - val_msle_log2: 1.0638
Epoch 11/15
478/478 [==============================] - 369s 773ms/step - loss: -84.6040 - mape: 0.8359 - msle_log2: 1.0526 - val_loss: -87.2039 - val_mape: 0.9560 - val_msle_log2: 1.0884
Epoch 12/15
478/478 [==============================] - 373s 779ms/step - loss: -88.3480 - mape: 0.8331 - msle_log2: 1.0427 - val_loss: -88.7088 - val_mape: 0.8570 - val_msle_log2: 1.0791
Epoch 13/15
478/478 [==============================] - 453s 947ms/step - loss: -91.7447 - mape: 0.8303 - msle_log2: 1.0409 - val_loss: -94.0544 - val_mape: 0.9122 - val_msle_log2: 1.0812
Epoch 14/15
478/478 [==============================] - 456s 953ms/step - loss: -94.6410 - mape: 0.8266 - msle_log2: 1.0333 - val_loss: -96.6259 - val_mape: 0.8120 - val_msle_log2: 1.0751
Epoch 15/15
478/478 [==============================] - 458s 958ms/step - loss: -97.4948 - mape: 0.8234 - msle_log2: 1.0283 - val_loss: -99.4194 - val_mape: 1.0004 - val_msle_log2: 1.1149
Training ended!
max preds 111.54556274414062, max truth 1421
min preds 1.0, min truth 1
test MSEL 1.4515829498427222
test mape 1.0103316538134206
test mSEL 0.5474759644135879
test acc 0.4931339639914556
max preds 112.21686553955078, max truth 624
min preds 1.0, min truth 1
val MSEL 1.4107305459135049
val mape 0.38152101153788187
val mSEL 0.5618166636502824
val acc 0.4961855355508087
Finished! Time used: 118.089mins.

max preds 111.54556274414062, max truth 1421
min preds 1.0, min truth 1
test MSEL 1.4515829498427222
test mape 1.0103316538134206
test mSEL 0.5474759644135879
test acc 0.4931339639914556
max preds 112.21686553955078, max truth 624
min preds 1.0, min truth 1
val MSEL 1.4107305459135049
val mape 0.38152101153788187
val mSEL 0.5618166636502824
val acc 0.4961855355508087
Finished! Time used: 118.089mins.