===================configuration===================
learning rate :  0.0001
observation hour [7,19]
observation threshold :  3240
prediction time :  86400
cascade length [10,100]
model save at : ../model_save/casflow/citation3/
===================configuration===================
TF Version: 2.0.0
Epoch 1/15
666/666 [==============================] - 682s 1s/step - loss: 5.1295 - mape: 1.0541 - msle_log2: 1.5995 - val_loss: 3.0698 - val_mape: 1.1112 - val_msle_log2: 1.2182
Epoch 2/15
666/666 [==============================] - 656s 985ms/step - loss: -4.0811 - mape: 0.8805 - msle_log2: 1.1040 - val_loss: -12.7581 - val_mape: 0.8921 - val_msle_log2: 1.0687
Epoch 3/15
666/666 [==============================] - 641s 962ms/step - loss: -22.7606 - mape: 0.8543 - msle_log2: 1.0481 - val_loss: -32.8934 - val_mape: 0.8571 - val_msle_log2: 1.0382
Epoch 4/15
666/666 [==============================] - 643s 965ms/step - loss: -42.4252 - mape: 0.8479 - msle_log2: 1.0267 - val_loss: -51.1123 - val_mape: 0.8532 - val_msle_log2: 1.0271
Epoch 5/15
666/666 [==============================] - 702s 1s/step - loss: -57.1189 - mape: 0.8430 - msle_log2: 1.0146 - val_loss: -62.7766 - val_mape: 0.8071 - val_msle_log2: 1.0241
Epoch 6/15
666/666 [==============================] - 729s 1s/step - loss: -67.4028 - mape: 0.8390 - msle_log2: 1.0049 - val_loss: -71.9173 - val_mape: 0.8476 - val_msle_log2: 1.0281
Epoch 7/15
666/666 [==============================] - 644s 967ms/step - loss: -75.3058 - mape: 0.8366 - msle_log2: 1.0005 - val_loss: -79.2071 - val_mape: 0.9219 - val_msle_log2: 1.0272
Epoch 8/15
666/666 [==============================] - 647s 972ms/step - loss: -81.6512 - mape: 0.8306 - msle_log2: 0.9906 - val_loss: -83.2949 - val_mape: 0.8238 - val_msle_log2: 1.0102
Epoch 9/15
666/666 [==============================] - 831s 1s/step - loss: -86.7663 - mape: 0.8285 - msle_log2: 0.9850 - val_loss: -90.2359 - val_mape: 0.7660 - val_msle_log2: 1.0169
Epoch 10/15
666/666 [==============================] - 820s 1s/step - loss: -91.1504 - mape: 0.8281 - msle_log2: 0.9813 - val_loss: -93.3580 - val_mape: 0.8631 - val_msle_log2: 1.0072
Epoch 11/15
666/666 [==============================] - 649s 974ms/step - loss: -95.0869 - mape: 0.8241 - msle_log2: 0.9764 - val_loss: -97.5135 - val_mape: 0.7753 - val_msle_log2: 1.0120
Epoch 12/15
666/666 [==============================] - 647s 972ms/step - loss: -98.5013 - mape: 0.8192 - msle_log2: 0.9654 - val_loss: -100.7397 - val_mape: 0.8497 - val_msle_log2: 1.0177
Epoch 13/15
666/666 [==============================] - 649s 975ms/step - loss: -101.6570 - mape: 0.8159 - msle_log2: 0.9649 - val_loss: -104.2280 - val_mape: 0.9482 - val_msle_log2: 1.0203
Epoch 14/15
666/666 [==============================] - 779s 1s/step - loss: -104.4303 - mape: 0.8136 - msle_log2: 0.9571 - val_loss: -106.5061 - val_mape: 0.8834 - val_msle_log2: 1.0131
Epoch 15/15
666/666 [==============================] - 834s 1s/step - loss: -107.1222 - mape: 0.8104 - msle_log2: 0.9513 - val_loss: -105.6539 - val_mape: 0.9641 - val_msle_log2: 1.0240
Training ended!
max preds 79.62296295166016, max truth 399
min preds 1.0, min truth 1
test MSEL 1.3161327447634041
test mape 0.873067896965708
test mSEL 0.5708910860834909
test acc 0.4338919925512104
max preds 79.83760070800781, max truth 476
min preds 1.0, min truth 1
val MSEL 1.3149190800238857
val mape 0.400037460256942
val mSEL 0.5631396653117452
val acc 0.42891566265060244
Finished! Time used: 177.832mins.