===================configuration===================
learning rate :  0.0005
observation hour [7,19]
observation threshold :  3240
prediction time :  86400
cascade length [10,100]
model save at : ../model_save/casflow/citation3/
===================configuration===================
TF Version: 2.0.0
Epoch 1/15
666/666 [==============================] - 679s 1s/step - loss: -26.9511 - mape: 0.9769 - msle_log2: 1.3158 - val_loss: -68.8364 - val_mape: 0.8298 - val_msle_log2: 1.0639
Epoch 2/15
666/666 [==============================] - 666s 1s/step - loss: -84.5179 - mape: 0.8684 - msle_log2: 1.0592 - val_loss: -95.2623 - val_mape: 0.9812 - val_msle_log2: 1.0689
Epoch 3/15
666/666 [==============================] - 652s 979ms/step - loss: -101.4870 - mape: 0.8553 - msle_log2: 1.0347 - val_loss: -106.1786 - val_mape: 1.0338 - val_msle_log2: 1.0765
Epoch 4/15
666/666 [==============================] - 661s 993ms/step - loss: -109.7730 - mape: 0.8489 - msle_log2: 1.0203 - val_loss: -115.3971 - val_mape: 1.0111 - val_msle_log2: 1.0711
Epoch 5/15
666/666 [==============================] - 656s 985ms/step - loss: -97.4458 - mape: 0.8415 - msle_log2: 1.0073 - val_loss: 6.3576 - val_mape: 0.7461 - val_msle_log2: 1.1185
Epoch 6/15
666/666 [==============================] - 653s 980ms/step - loss: -11.1016 - mape: 0.8406 - msle_log2: 1.0069 - val_loss: -15.0845 - val_mape: 0.7701 - val_msle_log2: 1.0216
Epoch 7/15
666/666 [==============================] - 516s 775ms/step - loss: 0.3529 - mape: 0.8377 - msle_log2: 0.9991 - val_loss: 2.8912 - val_mape: 0.8854 - val_msle_log2: 1.0285
Epoch 8/15
666/666 [==============================] - 507s 761ms/step - loss: 2.7990 - mape: 0.8368 - msle_log2: 0.9940 - val_loss: 2.9411 - val_mape: 0.9586 - val_msle_log2: 1.0427
Epoch 9/15
666/666 [==============================] - 603s 906ms/step - loss: 2.9901 - mape: 0.8287 - msle_log2: 0.9806 - val_loss: 2.7953 - val_mape: 0.8222 - val_msle_log2: 1.0229
Epoch 10/15
666/666 [==============================] - 645s 969ms/step - loss: 2.3641 - mape: 0.8202 - msle_log2: 0.9676 - val_loss: 2.1387 - val_mape: 0.8663 - val_msle_log2: 1.0180
Epoch 11/15
666/666 [==============================] - 640s 961ms/step - loss: 2.6047 - mape: 0.8148 - msle_log2: 0.9553 - val_loss: 2.5487 - val_mape: 0.7956 - val_msle_log2: 1.0219
Epoch 12/15
666/666 [==============================] - 630s 946ms/step - loss: 2.7728 - mape: 0.8040 - msle_log2: 0.9392 - val_loss: 3.0229 - val_mape: 0.9793 - val_msle_log2: 1.0369
Epoch 13/15
666/666 [==============================] - 741s 1s/step - loss: 2.9916 - mape: 0.7941 - msle_log2: 0.9187 - val_loss: 3.0787 - val_mape: 0.8889 - val_msle_log2: 1.0201
Epoch 14/15
666/666 [==============================] - 644s 967ms/step - loss: 3.3871 - mape: 0.7840 - msle_log2: 0.9011 - val_loss: 2.6945 - val_mape: 0.8536 - val_msle_log2: 1.0122
Epoch 15/15
666/666 [==============================] - 615s 923ms/step - loss: 3.2930 - mape: 0.7712 - msle_log2: 0.8797 - val_loss: 2.4633 - val_mape: 0.8419 - val_msle_log2: 1.0230
Training ended!
max preds 68.13922882080078, max truth 399
min preds 1.0, min truth 1
test MSEL 1.3931055429744488
test mape 0.6544868825092945
test mSEL 0.7080081831957087
test acc 0.38722751670500605
max preds 69.98426818847656, max truth 476
min preds 1.0, min truth 1
val MSEL 1.4060474070108955
val mape 0.33971238088803285
val mSEL 0.7100079736625731
val acc 0.388170865279299
Finished! Time used: 160.326mins.