===================configuration===================
learning rate :0.0001 
num_mlp_layers : 1
num_layers : 2
gnn input_features : 100
gnn output_features : 128
input of rnn/transformer : 128
hidden_size (out put of rnn/tranformer) : 128
observation hour [7,19]
observation interval : 1
observation threshold : 5
prediction time : 86400
cascade length [10,100]
model save at : ../model_save/cas2vec/dblp/
====bidirected: False, attention: GAT, gcn_type: self, rnn: gru====
===================configuration===================
len(Y_train), len(Y_valid), len(Y_test): 45327 9714 9713
preparing time:32.12594771385193
total parameters 145419
---------------*****---------------
Starting training the epoch: 0 
total batch: 708.234375 
batch:99 average train loss 7.2984
batch:199 average train loss 4.8046
batch:299 average train loss 3.9236
batch:399 average train loss 3.4375
batch:499 average train loss 3.1377
batch:599 average train loss 2.9165
batch:699 average train loss 2.7552
average train loss 2.7430
Train Consuming time:135.46 in the epoch: 0
total val iterations: 152 
average val loss 1.7916
accuracy ( less than 0.1 ): 0.1717
median val loss 0.8086
total test iterations: 152 
average test loss 1.7716
accuracy ( less than 0.1 ): 0.1715
median test loss 0.7523
Consuming time:191.49 in the epoch: 0
Best test loss is 1.77
---------------*****---------------
---------------*****---------------
Starting training the epoch: 1 
total batch: 708.234375 
batch:99 average train loss 1.7416
batch:199 average train loss 1.6993
batch:299 average train loss 1.7077
batch:399 average train loss 1.6905
batch:499 average train loss 1.6874
batch:599 average train loss 1.6735
batch:699 average train loss 1.6691
average train loss 1.6687
Train Consuming time:18.03 in the epoch: 1
total val iterations: 152 
average val loss 1.6819
accuracy ( less than 0.1 ): 0.1773
median val loss 0.7387
total test iterations: 152 
average test loss 1.6663
accuracy ( less than 0.1 ): 0.1777
median test loss 0.7179
Consuming time:21.66 in the epoch: 1
Best test loss is 1.67
---------------*****---------------
---------------*****---------------
Starting training the epoch: 2 
total batch: 708.234375 
batch:99 average train loss 1.6470
batch:199 average train loss 1.6126
batch:299 average train loss 1.6262
batch:399 average train loss 1.6147
batch:499 average train loss 1.6190
batch:599 average train loss 1.6103
batch:699 average train loss 1.6101
average train loss 1.6103
Train Consuming time:18.43 in the epoch: 2
total val iterations: 152 
average val loss 1.6308
accuracy ( less than 0.1 ): 0.1836
median val loss 0.7297
total test iterations: 152 
average test loss 1.6236
accuracy ( less than 0.1 ): 0.1848
median test loss 0.7016
Consuming time:22.11 in the epoch: 2
Best test loss is 1.62
---------------*****---------------
---------------*****---------------
Starting training the epoch: 3 
total batch: 708.234375 
batch:99 average train loss 1.6231
batch:199 average train loss 1.5887
batch:299 average train loss 1.6018
batch:399 average train loss 1.5914
batch:499 average train loss 1.5964
batch:599 average train loss 1.5893
batch:699 average train loss 1.5899
average train loss 1.5904
Train Consuming time:18.30 in the epoch: 3
total val iterations: 152 
average val loss 1.6148
accuracy ( less than 0.1 ): 0.1872
median val loss 0.7214
total test iterations: 152 
average test loss 1.6118
accuracy ( less than 0.1 ): 0.1882
median test loss 0.6970
Consuming time:21.98 in the epoch: 3
Best test loss is 1.61
---------------*****---------------
---------------*****---------------
Starting training the epoch: 4 
total batch: 708.234375 
batch:99 average train loss 1.6132
batch:199 average train loss 1.5779
batch:299 average train loss 1.5893
batch:399 average train loss 1.5792
batch:499 average train loss 1.5848
batch:599 average train loss 1.5784
batch:699 average train loss 1.5794
average train loss 1.5800
Train Consuming time:18.23 in the epoch: 4
total val iterations: 152 
average val loss 1.6023
accuracy ( less than 0.1 ): 0.1905
median val loss 0.7173
total test iterations: 152 
average test loss 1.5998
accuracy ( less than 0.1 ): 0.1906
median test loss 0.6888
Consuming time:21.91 in the epoch: 4
Best test loss is 1.60
---------------*****---------------
---------------*****---------------
Starting training the epoch: 5 
total batch: 708.234375 
batch:99 average train loss 1.6056
batch:199 average train loss 1.5704
batch:299 average train loss 1.5820
batch:399 average train loss 1.5725
batch:499 average train loss 1.5784
batch:599 average train loss 1.5720
batch:699 average train loss 1.5733
average train loss 1.5739
Train Consuming time:18.52 in the epoch: 5
total val iterations: 152 
average val loss 1.5976
accuracy ( less than 0.1 ): 0.1916
median val loss 0.7177
total test iterations: 152 
average test loss 1.5950
accuracy ( less than 0.1 ): 0.1914
median test loss 0.6845
Consuming time:22.27 in the epoch: 5
Best test loss is 1.59
---------------*****---------------
---------------*****---------------
Starting training the epoch: 6 
total batch: 708.234375 
batch:99 average train loss 1.5987
batch:199 average train loss 1.5639
batch:299 average train loss 1.5757
batch:399 average train loss 1.5661
batch:499 average train loss 1.5721
batch:599 average train loss 1.5661
batch:699 average train loss 1.5676
average train loss 1.5682
Train Consuming time:18.71 in the epoch: 6
total val iterations: 152 
average val loss 1.5855
accuracy ( less than 0.1 ): 0.1946
median val loss 0.7119
total test iterations: 152 
average test loss 1.5856
accuracy ( less than 0.1 ): 0.1926
median test loss 0.6791
Consuming time:22.47 in the epoch: 6
Best test loss is 1.59
---------------*****---------------
---------------*****---------------
Starting training the epoch: 7 
total batch: 708.234375 
batch:99 average train loss 1.5937
batch:199 average train loss 1.5596
batch:299 average train loss 1.5706
batch:399 average train loss 1.5609
batch:499 average train loss 1.5670
batch:599 average train loss 1.5611
batch:699 average train loss 1.5627
average train loss 1.5634
Train Consuming time:18.67 in the epoch: 7
total val iterations: 152 
average val loss 1.5881
accuracy ( less than 0.1 ): 0.1925
median val loss 0.7111
total test iterations: 152 
average test loss 1.5882
accuracy ( less than 0.1 ): 0.1927
median test loss 0.6873
Consuming time:22.48 in the epoch: 7
Best test loss is 1.59
---------------*****---------------
---------------*****---------------
Starting training the epoch: 8 
total batch: 708.234375 
batch:99 average train loss 1.5897
batch:199 average train loss 1.5549
batch:299 average train loss 1.5663
batch:399 average train loss 1.5571
batch:499 average train loss 1.5631
batch:599 average train loss 1.5573
batch:699 average train loss 1.5589
average train loss 1.5595
Train Consuming time:18.75 in the epoch: 8
total val iterations: 152 
average val loss 1.5832
accuracy ( less than 0.1 ): 0.1948
median val loss 0.7132
total test iterations: 152 
average test loss 1.5846
accuracy ( less than 0.1 ): 0.1953
median test loss 0.6824
Consuming time:22.64 in the epoch: 8
Best test loss is 1.58
---------------*****---------------
---------------*****---------------
Starting training the epoch: 9 
total batch: 708.234375 
batch:99 average train loss 1.5858
batch:199 average train loss 1.5518
batch:299 average train loss 1.5630
batch:399 average train loss 1.5535
batch:499 average train loss 1.5596
batch:599 average train loss 1.5542
batch:699 average train loss 1.5556
average train loss 1.5563
Train Consuming time:18.58 in the epoch: 9
total val iterations: 152 
average val loss 1.5809
accuracy ( less than 0.1 ): 0.1969
median val loss 0.7064
total test iterations: 152 
average test loss 1.5832
accuracy ( less than 0.1 ): 0.1963
median test loss 0.6822
Consuming time:22.48 in the epoch: 9
Best test loss is 1.58
---------------*****---------------
---------------*****---------------
Starting training the epoch: 10 
total batch: 708.234375 
batch:99 average train loss 1.5833
batch:199 average train loss 1.5490
batch:299 average train loss 1.5604
batch:399 average train loss 1.5508
batch:499 average train loss 1.5568
batch:599 average train loss 1.5514
batch:699 average train loss 1.5530
average train loss 1.5537
Train Consuming time:18.53 in the epoch: 10
total val iterations: 152 
average val loss 1.5810
accuracy ( less than 0.1 ): 0.1955
median val loss 0.7062
total test iterations: 152 
average test loss 1.5847
accuracy ( less than 0.1 ): 0.1958
median test loss 0.6822
Consuming time:22.29 in the epoch: 10
Best test loss is 1.58
---------------*****---------------
---------------*****---------------
Starting training the epoch: 11 
total batch: 708.234375 
batch:99 average train loss 1.5799
batch:199 average train loss 1.5459
batch:299 average train loss 1.5579
batch:399 average train loss 1.5480
batch:499 average train loss 1.5542
batch:599 average train loss 1.5490
batch:699 average train loss 1.5506
average train loss 1.5512
Train Consuming time:18.86 in the epoch: 11
total val iterations: 152 
average val loss 1.5800
accuracy ( less than 0.1 ): 0.1963
median val loss 0.7071
total test iterations: 152 
average test loss 1.5825
accuracy ( less than 0.1 ): 0.1976
median test loss 0.6828
Consuming time:22.58 in the epoch: 11
Best test loss is 1.58
---------------*****---------------
---------------*****---------------
Starting training the epoch: 12 
total batch: 708.234375 
batch:99 average train loss 1.5788
batch:199 average train loss 1.5443
batch:299 average train loss 1.5557
batch:399 average train loss 1.5460
batch:499 average train loss 1.5519
batch:599 average train loss 1.5468
batch:699 average train loss 1.5484
average train loss 1.5491
Train Consuming time:18.70 in the epoch: 12
total val iterations: 152 
average val loss 1.5831
accuracy ( less than 0.1 ): 0.1955
median val loss 0.7023
total test iterations: 152 
average test loss 1.5863
accuracy ( less than 0.1 ): 0.1958
median test loss 0.6781
Consuming time:22.42 in the epoch: 12
Best test loss is 1.58
---------------*****---------------
---------------*****---------------
Starting training the epoch: 13 
total batch: 708.234375 
batch:99 average train loss 1.5769
batch:199 average train loss 1.5425
batch:299 average train loss 1.5536
batch:399 average train loss 1.5438
batch:499 average train loss 1.5497
batch:599 average train loss 1.5444
batch:699 average train loss 1.5462
average train loss 1.5470
Train Consuming time:18.63 in the epoch: 13
total val iterations: 152 
average val loss 1.5768
accuracy ( less than 0.1 ): 0.1961
median val loss 0.7041
total test iterations: 152 
average test loss 1.5808
accuracy ( less than 0.1 ): 0.1971
median test loss 0.6741
Consuming time:22.45 in the epoch: 13
Best test loss is 1.58
---------------*****---------------
---------------*****---------------
Starting training the epoch: 14 
total batch: 708.234375 
batch:99 average train loss 1.5751
batch:199 average train loss 1.5396
batch:299 average train loss 1.5514
batch:399 average train loss 1.5420
batch:499 average train loss 1.5479
batch:599 average train loss 1.5430
batch:699 average train loss 1.5446
average train loss 1.5453
Train Consuming time:18.67 in the epoch: 14
total val iterations: 152 
average val loss 1.5788
accuracy ( less than 0.1 ): 0.1970
median val loss 0.7061
total test iterations: 152 
average test loss 1.5826
accuracy ( less than 0.1 ): 0.1968
median test loss 0.6782
Consuming time:22.55 in the epoch: 14
Best test loss is 1.58
---------------*****---------------
---------------*****---------------
Starting training the epoch: 15 
total batch: 708.234375 
batch:99 average train loss 1.5730
batch:199 average train loss 1.5377
batch:299 average train loss 1.5496
batch:399 average train loss 1.5401
batch:499 average train loss 1.5458
batch:599 average train loss 1.5408
batch:699 average train loss 1.5426
average train loss 1.5432
Train Consuming time:18.68 in the epoch: 15
total val iterations: 152 
average val loss 1.5740
accuracy ( less than 0.1 ): 0.1993
median val loss 0.7046
total test iterations: 152 
average test loss 1.5793
accuracy ( less than 0.1 ): 0.1993
median test loss 0.6699
Consuming time:22.53 in the epoch: 15
Best test loss is 1.58
---------------*****---------------
---------------*****---------------
Starting training the epoch: 16 
total batch: 708.234375 
batch:99 average train loss 1.5717
batch:199 average train loss 1.5356
batch:299 average train loss 1.5472
batch:399 average train loss 1.5375
batch:499 average train loss 1.5432
batch:599 average train loss 1.5381
batch:699 average train loss 1.5398
average train loss 1.5405
Train Consuming time:18.33 in the epoch: 16
total val iterations: 152 
average val loss 1.5754
accuracy ( less than 0.1 ): 0.1996
median val loss 0.7075
total test iterations: 152 
average test loss 1.5798
accuracy ( less than 0.1 ): 0.1988
median test loss 0.6675
Consuming time:21.93 in the epoch: 16
Best test loss is 1.58
---------------*****---------------
---------------*****---------------
Starting training the epoch: 17 
total batch: 708.234375 
batch:99 average train loss 1.5692
batch:199 average train loss 1.5336
batch:299 average train loss 1.5453
batch:399 average train loss 1.5358
batch:499 average train loss 1.5420
batch:599 average train loss 1.5371
batch:699 average train loss 1.5387
average train loss 1.5393
Train Consuming time:17.97 in the epoch: 17
total val iterations: 152 
average val loss 1.5725
accuracy ( less than 0.1 ): 0.2025
median val loss 0.7067
total test iterations: 152 
average test loss 1.5769
accuracy ( less than 0.1 ): 0.2015
median test loss 0.6677
Consuming time:21.10 in the epoch: 17
Best test loss is 1.58
---------------*****---------------
---------------*****---------------
Starting training the epoch: 18 
total batch: 708.234375 
batch:99 average train loss 1.5672
batch:199 average train loss 1.5309
batch:299 average train loss 1.5431
batch:399 average train loss 1.5332
batch:499 average train loss 1.5393
batch:599 average train loss 1.5344
batch:699 average train loss 1.5364
average train loss 1.5370
Train Consuming time:18.15 in the epoch: 18
total val iterations: 152 
average val loss 1.5715
accuracy ( less than 0.1 ): 0.2015
median val loss 0.7101
total test iterations: 152 
average test loss 1.5776
accuracy ( less than 0.1 ): 0.2016
median test loss 0.6686
Consuming time:21.75 in the epoch: 18
Best test loss is 1.58
---------------*****---------------
---------------*****---------------
Starting training the epoch: 19 
total batch: 708.234375 
batch:99 average train loss 1.5650
batch:199 average train loss 1.5286
batch:299 average train loss 1.5404
batch:399 average train loss 1.5309
batch:499 average train loss 1.5370
batch:599 average train loss 1.5322
batch:699 average train loss 1.5342
average train loss 1.5348
Train Consuming time:18.33 in the epoch: 19
total val iterations: 152 
average val loss 1.5696
accuracy ( less than 0.1 ): 0.2030
median val loss 0.7106
total test iterations: 152 
average test loss 1.5762
accuracy ( less than 0.1 ): 0.2015
median test loss 0.6689
Consuming time:21.98 in the epoch: 19
Best test loss is 1.58
---------------*****---------------
---------------*****---------------
Starting training the epoch: 20 
total batch: 708.234375 
batch:99 average train loss 1.5581
batch:199 average train loss 1.5265
batch:299 average train loss 1.5361
batch:399 average train loss 1.5239
batch:499 average train loss 1.5282
batch:599 average train loss 1.5229
batch:699 average train loss 1.5236
average train loss 1.5242
Train Consuming time:17.71 in the epoch: 20
total val iterations: 152 
average val loss 1.5553
accuracy ( less than 0.1 ): 0.2236
median val loss 0.6926
total test iterations: 152 
average test loss 1.5621
accuracy ( less than 0.1 ): 0.2208
median test loss 0.6558
Consuming time:21.29 in the epoch: 20
Best test loss is 1.56
---------------*****---------------
---------------*****---------------
Starting training the epoch: 21 
total batch: 708.234375 
batch:99 average train loss 1.5529
batch:199 average train loss 1.5213
batch:299 average train loss 1.5315
batch:399 average train loss 1.5200
batch:499 average train loss 1.5248
batch:599 average train loss 1.5198
batch:699 average train loss 1.5210
average train loss 1.5216
Train Consuming time:17.83 in the epoch: 21
total val iterations: 152 
average val loss 1.5564
accuracy ( less than 0.1 ): 0.2250
median val loss 0.6916
total test iterations: 152 
average test loss 1.5620
accuracy ( less than 0.1 ): 0.2201
median test loss 0.6571
Consuming time:21.43 in the epoch: 21
Best test loss is 1.56
---------------*****---------------
---------------*****---------------
Starting training the epoch: 22 
total batch: 708.234375 
batch:99 average train loss 1.5510
batch:199 average train loss 1.5193
batch:299 average train loss 1.5297
batch:399 average train loss 1.5186
batch:499 average train loss 1.5237
batch:599 average train loss 1.5187
batch:699 average train loss 1.5199
average train loss 1.5205
Train Consuming time:17.73 in the epoch: 22
total val iterations: 152 
average val loss 1.5582
accuracy ( less than 0.1 ): 0.2242
median val loss 0.6939
total test iterations: 152 
average test loss 1.5614
accuracy ( less than 0.1 ): 0.2204
median test loss 0.6515
Consuming time:21.30 in the epoch: 22
Best test loss is 1.56
---------------*****---------------
---------------*****---------------
Starting training the epoch: 23 
total batch: 708.234375 
batch:99 average train loss 1.5512
batch:199 average train loss 1.5189
batch:299 average train loss 1.5291
batch:399 average train loss 1.5180
batch:499 average train loss 1.5232
batch:599 average train loss 1.5182
batch:699 average train loss 1.5195
average train loss 1.5201
Train Consuming time:17.71 in the epoch: 23
total val iterations: 152 
average val loss 1.5560
accuracy ( less than 0.1 ): 0.2255
median val loss 0.6894
total test iterations: 152 
average test loss 1.5622
accuracy ( less than 0.1 ): 0.2209
median test loss 0.6552
Consuming time:21.34 in the epoch: 23
Best test loss is 1.56
---------------*****---------------
---------------*****---------------
Starting training the epoch: 24 
total batch: 708.234375 
batch:99 average train loss 1.5502
batch:199 average train loss 1.5175
batch:299 average train loss 1.5277
batch:399 average train loss 1.5171
batch:499 average train loss 1.5224
batch:599 average train loss 1.5175
batch:699 average train loss 1.5190
average train loss 1.5196
Train Consuming time:17.86 in the epoch: 24
total val iterations: 152 
average val loss 1.5565
accuracy ( less than 0.1 ): 0.2241
median val loss 0.6913
total test iterations: 152 
average test loss 1.5621
accuracy ( less than 0.1 ): 0.2205
median test loss 0.6545
Consuming time:21.52 in the epoch: 24
Best test loss is 1.56
---------------*****---------------
---------------*****---------------
Starting training the epoch: 25 
total batch: 708.234375 
batch:99 average train loss 1.5501
batch:199 average train loss 1.5182
batch:299 average train loss 1.5285
batch:399 average train loss 1.5174
batch:499 average train loss 1.5224
batch:599 average train loss 1.5175
batch:699 average train loss 1.5189
average train loss 1.5195
Train Consuming time:17.79 in the epoch: 25
total val iterations: 152 
average val loss 1.5571
accuracy ( less than 0.1 ): 0.2243
median val loss 0.6911
total test iterations: 152 
average test loss 1.5627
accuracy ( less than 0.1 ): 0.2201
median test loss 0.6547
Consuming time:21.38 in the epoch: 25
Best test loss is 1.56
---------------*****---------------
---------------*****---------------
Starting training the epoch: 26 
total batch: 708.234375 
batch:99 average train loss 1.5506
batch:199 average train loss 1.5175
batch:299 average train loss 1.5276
batch:399 average train loss 1.5167
batch:499 average train loss 1.5214
batch:599 average train loss 1.5164
batch:699 average train loss 1.5181
average train loss 1.5187
Train Consuming time:17.66 in the epoch: 26
total val iterations: 152 
average val loss 1.5568
accuracy ( less than 0.1 ): 0.2223
median val loss 0.6938
total test iterations: 152 
average test loss 1.5622
accuracy ( less than 0.1 ): 0.2200
median test loss 0.6577
Consuming time:21.32 in the epoch: 26
Best test loss is 1.56
---------------*****---------------
---------------*****---------------
Starting training the epoch: 27 
total batch: 708.234375 
batch:99 average train loss 1.5497
batch:199 average train loss 1.5169
batch:299 average train loss 1.5272
batch:399 average train loss 1.5163
batch:499 average train loss 1.5214
batch:599 average train loss 1.5165
batch:699 average train loss 1.5180
average train loss 1.5186
Train Consuming time:17.59 in the epoch: 27
total val iterations: 152 
average val loss 1.5574
accuracy ( less than 0.1 ): 0.2236
median val loss 0.6922
total test iterations: 152 
average test loss 1.5630
accuracy ( less than 0.1 ): 0.2197
median test loss 0.6539
Consuming time:21.19 in the epoch: 27
Best test loss is 1.56
---------------*****---------------
---------------*****---------------
Starting training the epoch: 28 
total batch: 708.234375 
batch:99 average train loss 1.5480
batch:199 average train loss 1.5157
batch:299 average train loss 1.5259
batch:399 average train loss 1.5154
batch:499 average train loss 1.5206
batch:599 average train loss 1.5158
batch:699 average train loss 1.5175
average train loss 1.5180
Train Consuming time:17.67 in the epoch: 28
total val iterations: 152 
average val loss 1.5576
accuracy ( less than 0.1 ): 0.2231
median val loss 0.6909
total test iterations: 152 
average test loss 1.5629
accuracy ( less than 0.1 ): 0.2194
median test loss 0.6548
Consuming time:21.35 in the epoch: 28
Best test loss is 1.56
---------------*****---------------
---------------*****---------------
Starting training the epoch: 29 
total batch: 708.234375 
batch:99 average train loss 1.5485
batch:199 average train loss 1.5159
batch:299 average train loss 1.5262
batch:399 average train loss 1.5154
batch:499 average train loss 1.5207
batch:599 average train loss 1.5162
batch:699 average train loss 1.5177
average train loss 1.5183
Train Consuming time:17.85 in the epoch: 29
total val iterations: 152 
average val loss 1.5573
accuracy ( less than 0.1 ): 0.2242
median val loss 0.6904
total test iterations: 152 
average test loss 1.5627
accuracy ( less than 0.1 ): 0.2206
median test loss 0.6561
Consuming time:21.47 in the epoch: 29
Best test loss is 1.56
---------------*****---------------
---------------*****---------------
Starting training the epoch: 30 
total batch: 708.234375 
batch:99 average train loss 1.5482
batch:199 average train loss 1.5155
batch:299 average train loss 1.5259
batch:399 average train loss 1.5153
batch:499 average train loss 1.5205
batch:599 average train loss 1.5157
batch:699 average train loss 1.5174
average train loss 1.5181
Train Consuming time:17.69 in the epoch: 30
total val iterations: 152 
average val loss 1.5569
accuracy ( less than 0.1 ): 0.2230
median val loss 0.6943
total test iterations: 152 
average test loss 1.5621
accuracy ( less than 0.1 ): 0.2201
median test loss 0.6543
Consuming time:21.31 in the epoch: 30
Best test loss is 1.56
---------------*****---------------
---------------*****---------------
Starting training the epoch: 31 
total batch: 708.234375 
batch:99 average train loss 1.5471
batch:199 average train loss 1.5156
batch:299 average train loss 1.5256
batch:399 average train loss 1.5146
batch:499 average train loss 1.5197
batch:599 average train loss 1.5149
batch:699 average train loss 1.5166
average train loss 1.5172
Train Consuming time:17.97 in the epoch: 31
total val iterations: 152 
average val loss 1.5576
accuracy ( less than 0.1 ): 0.2232
median val loss 0.6908
total test iterations: 152 
average test loss 1.5624
accuracy ( less than 0.1 ): 0.2195
median test loss 0.6571
Consuming time:21.83 in the epoch: 31
Best test loss is 1.56
---------------*****---------------
---------------*****---------------
Starting training the epoch: 32 
total batch: 708.234375 
batch:99 average train loss 1.5476
batch:199 average train loss 1.5154
batch:299 average train loss 1.5253
batch:399 average train loss 1.5146
batch:499 average train loss 1.5197
batch:599 average train loss 1.5149
batch:699 average train loss 1.5165
average train loss 1.5171
Train Consuming time:18.31 in the epoch: 32
total val iterations: 152 
average val loss 1.5572
accuracy ( less than 0.1 ): 0.2232
median val loss 0.6900
total test iterations: 152 
average test loss 1.5625
accuracy ( less than 0.1 ): 0.2205
median test loss 0.6595
Consuming time:22.24 in the epoch: 32
Best test loss is 1.56
---------------*****---------------
---------------*****---------------
Starting training the epoch: 33 
total batch: 708.234375 
batch:99 average train loss 1.5469
batch:199 average train loss 1.5145
batch:299 average train loss 1.5247
batch:399 average train loss 1.5142
batch:499 average train loss 1.5195
batch:599 average train loss 1.5148
batch:699 average train loss 1.5165
average train loss 1.5171
Train Consuming time:18.50 in the epoch: 33
total val iterations: 152 
average val loss 1.5574
accuracy ( less than 0.1 ): 0.2243
median val loss 0.6927
total test iterations: 152 
average test loss 1.5635
accuracy ( less than 0.1 ): 0.2209
median test loss 0.6547
Consuming time:22.33 in the epoch: 33
Best test loss is 1.56
---------------*****---------------
---------------*****---------------
Starting training the epoch: 34 
total batch: 708.234375 
batch:99 average train loss 1.5479
batch:199 average train loss 1.5149
batch:299 average train loss 1.5248
batch:399 average train loss 1.5143
batch:499 average train loss 1.5194
batch:599 average train loss 1.5147
batch:699 average train loss 1.5164
average train loss 1.5171
Train Consuming time:18.54 in the epoch: 34
total val iterations: 152 
average val loss 1.5573
accuracy ( less than 0.1 ): 0.2211
median val loss 0.6957
total test iterations: 152 
average test loss 1.5620
accuracy ( less than 0.1 ): 0.2180
median test loss 0.6570
Consuming time:22.44 in the epoch: 34
Best test loss is 1.56
---------------*****---------------
---------------*****---------------
Starting training the epoch: 35 
total batch: 708.234375 
batch:99 average train loss 1.5469
batch:199 average train loss 1.5141
batch:299 average train loss 1.5240
batch:399 average train loss 1.5135
batch:499 average train loss 1.5188
batch:599 average train loss 1.5141
batch:699 average train loss 1.5156
average train loss 1.5162
Train Consuming time:18.23 in the epoch: 35
total val iterations: 152 
average val loss 1.5572
accuracy ( less than 0.1 ): 0.2233
median val loss 0.6933
total test iterations: 152 
average test loss 1.5632
accuracy ( less than 0.1 ): 0.2212
median test loss 0.6558
Consuming time:22.01 in the epoch: 35
Best test loss is 1.56
---------------*****---------------
---------------*****---------------
Starting training the epoch: 36 
total batch: 708.234375 
batch:99 average train loss 1.5472
batch:199 average train loss 1.5146
batch:299 average train loss 1.5245
batch:399 average train loss 1.5138
batch:499 average train loss 1.5189
batch:599 average train loss 1.5143
batch:699 average train loss 1.5161
average train loss 1.5167
Train Consuming time:18.73 in the epoch: 36
total val iterations: 152 
average val loss 1.5569
accuracy ( less than 0.1 ): 0.2223
median val loss 0.6943
total test iterations: 152 
average test loss 1.5620
accuracy ( less than 0.1 ): 0.2174
median test loss 0.6569
Consuming time:22.68 in the epoch: 36
Best test loss is 1.56
---------------*****---------------
---------------*****---------------
Starting training the epoch: 37 
total batch: 708.234375 
batch:99 average train loss 1.5465
batch:199 average train loss 1.5142
batch:299 average train loss 1.5241
batch:399 average train loss 1.5137
batch:499 average train loss 1.5189
batch:599 average train loss 1.5143
batch:699 average train loss 1.5160
average train loss 1.5166
Train Consuming time:18.23 in the epoch: 37
total val iterations: 152 
average val loss 1.5572
accuracy ( less than 0.1 ): 0.2236
median val loss 0.6922
total test iterations: 152 
average test loss 1.5635
accuracy ( less than 0.1 ): 0.2215
median test loss 0.6578
Consuming time:22.19 in the epoch: 37
Best test loss is 1.56
---------------*****---------------
---------------*****---------------
Starting training the epoch: 38 
total batch: 708.234375 
batch:99 average train loss 1.5467
batch:199 average train loss 1.5146
batch:299 average train loss 1.5247
batch:399 average train loss 1.5139
batch:499 average train loss 1.5188
batch:599 average train loss 1.5141
batch:699 average train loss 1.5158
average train loss 1.5164
Train Consuming time:18.47 in the epoch: 38
total val iterations: 152 
average val loss 1.5567
accuracy ( less than 0.1 ): 0.2241
median val loss 0.6903
total test iterations: 152 
average test loss 1.5632
accuracy ( less than 0.1 ): 0.2208
median test loss 0.6563
Consuming time:22.48 in the epoch: 38
Best test loss is 1.56
---------------*****---------------
---------------*****---------------
Starting training the epoch: 39 
total batch: 708.234375 
batch:99 average train loss 1.5467
batch:199 average train loss 1.5142
batch:299 average train loss 1.5246
batch:399 average train loss 1.5137
batch:499 average train loss 1.5188
batch:599 average train loss 1.5141
batch:699 average train loss 1.5158
average train loss 1.5164
Train Consuming time:18.51 in the epoch: 39
total val iterations: 152 
average val loss 1.5568
accuracy ( less than 0.1 ): 0.2232
median val loss 0.6933
total test iterations: 152 
average test loss 1.5630
accuracy ( less than 0.1 ): 0.2201
median test loss 0.6548
Consuming time:22.34 in the epoch: 39
Best test loss is 1.56
---------------*****---------------
---------------*****---------------
Starting training the epoch: 40 
total batch: 708.234375 
batch:99 average train loss 1.5453
batch:199 average train loss 1.5130
batch:299 average train loss 1.5236
batch:399 average train loss 1.5131
batch:499 average train loss 1.5182
batch:599 average train loss 1.5138
batch:699 average train loss 1.5155
average train loss 1.5161
Train Consuming time:18.29 in the epoch: 40
total val iterations: 152 
average val loss 1.5561
accuracy ( less than 0.1 ): 0.2258
median val loss 0.6911
total test iterations: 152 
average test loss 1.5625
accuracy ( less than 0.1 ): 0.2230
median test loss 0.6572
Consuming time:22.01 in the epoch: 40
Best test loss is 1.56
---------------*****---------------
---------------*****---------------
Starting training the epoch: 41 
total batch: 708.234375 
batch:99 average train loss 1.5451
batch:199 average train loss 1.5126
batch:299 average train loss 1.5230
batch:399 average train loss 1.5125
batch:499 average train loss 1.5177
batch:599 average train loss 1.5132
batch:699 average train loss 1.5150
average train loss 1.5156
Train Consuming time:18.35 in the epoch: 41
total val iterations: 152 
average val loss 1.5570
accuracy ( less than 0.1 ): 0.2244
median val loss 0.6893
total test iterations: 152 
average test loss 1.5637
accuracy ( less than 0.1 ): 0.2216
median test loss 0.6545
Consuming time:22.12 in the epoch: 41
Best test loss is 1.56
---------------*****---------------
---------------*****---------------
Starting training the epoch: 42 
total batch: 708.234375 
batch:99 average train loss 1.5454
batch:199 average train loss 1.5130
batch:299 average train loss 1.5231
batch:399 average train loss 1.5124
batch:499 average train loss 1.5176
batch:599 average train loss 1.5131
batch:699 average train loss 1.5148
average train loss 1.5155
Train Consuming time:18.31 in the epoch: 42
total val iterations: 152 
average val loss 1.5577
accuracy ( less than 0.1 ): 0.2249
median val loss 0.6911
total test iterations: 152 
average test loss 1.5644
accuracy ( less than 0.1 ): 0.2216
median test loss 0.6576
Consuming time:22.01 in the epoch: 42
Best test loss is 1.56
---------------*****---------------
---------------*****---------------
Starting training the epoch: 43 
total batch: 708.234375 
batch:99 average train loss 1.5447
batch:199 average train loss 1.5121
batch:299 average train loss 1.5227
batch:399 average train loss 1.5119
batch:499 average train loss 1.5172
batch:599 average train loss 1.5126
batch:699 average train loss 1.5142
average train loss 1.5149
Train Consuming time:19.52 in the epoch: 43
total val iterations: 152 
average val loss 1.5569
accuracy ( less than 0.1 ): 0.2238
median val loss 0.6901
total test iterations: 152 
average test loss 1.5640
accuracy ( less than 0.1 ): 0.2224
median test loss 0.6567
Consuming time:24.93 in the epoch: 43
Best test loss is 1.56
---------------*****---------------
---------------*****---------------
Starting training the epoch: 44 
total batch: 708.234375 
batch:99 average train loss 1.5444
batch:199 average train loss 1.5118
batch:299 average train loss 1.5221
batch:399 average train loss 1.5114
batch:499 average train loss 1.5169
batch:599 average train loss 1.5124
batch:699 average train loss 1.5141
average train loss 1.5148
Train Consuming time:25.67 in the epoch: 44
total val iterations: 152 
average val loss 1.5564
accuracy ( less than 0.1 ): 0.2241
median val loss 0.6916
total test iterations: 152 
average test loss 1.5634
accuracy ( less than 0.1 ): 0.2213
median test loss 0.6576
Consuming time:29.39 in the epoch: 44
Best test loss is 1.56
---------------*****---------------
---------------*****---------------
Starting training the epoch: 45 
total batch: 708.234375 
batch:99 average train loss 1.5441
batch:199 average train loss 1.5115
batch:299 average train loss 1.5219
batch:399 average train loss 1.5112
batch:499 average train loss 1.5167
batch:599 average train loss 1.5123
batch:699 average train loss 1.5140
average train loss 1.5146
Train Consuming time:18.22 in the epoch: 45
total val iterations: 152 
average val loss 1.5573
accuracy ( less than 0.1 ): 0.2240
median val loss 0.6908
total test iterations: 152 
average test loss 1.5632
accuracy ( less than 0.1 ): 0.2196
median test loss 0.6578
Consuming time:21.85 in the epoch: 45
Best test loss is 1.56
---------------*****---------------
---------------*****---------------
Starting training the epoch: 46 
total batch: 708.234375 
batch:99 average train loss 1.5444
batch:199 average train loss 1.5122
batch:299 average train loss 1.5228
batch:399 average train loss 1.5119
batch:499 average train loss 1.5171
batch:599 average train loss 1.5126
batch:699 average train loss 1.5141
average train loss 1.5147
Train Consuming time:17.94 in the epoch: 46
total val iterations: 152 
average val loss 1.5568
accuracy ( less than 0.1 ): 0.2259
median val loss 0.6874
total test iterations: 152 
average test loss 1.5638
accuracy ( less than 0.1 ): 0.2219
median test loss 0.6571
Consuming time:21.59 in the epoch: 46
Best test loss is 1.56
---------------*****---------------
---------------*****---------------
Starting training the epoch: 47 
total batch: 708.234375 
batch:99 average train loss 1.5432
batch:199 average train loss 1.5107
batch:299 average train loss 1.5214
batch:399 average train loss 1.5109
batch:499 average train loss 1.5161
batch:599 average train loss 1.5117
batch:699 average train loss 1.5135
average train loss 1.5141
Train Consuming time:18.35 in the epoch: 47
total val iterations: 152 
average val loss 1.5578
accuracy ( less than 0.1 ): 0.2229
median val loss 0.6932
total test iterations: 152 
average test loss 1.5635
accuracy ( less than 0.1 ): 0.2192
median test loss 0.6576
Consuming time:21.97 in the epoch: 47
Best test loss is 1.56
---------------*****---------------
---------------*****---------------
Starting training the epoch: 48 
total batch: 708.234375 
batch:99 average train loss 1.5432
batch:199 average train loss 1.5108
batch:299 average train loss 1.5212
batch:399 average train loss 1.5104
batch:499 average train loss 1.5158
batch:599 average train loss 1.5112
batch:699 average train loss 1.5128
average train loss 1.5135
Train Consuming time:18.03 in the epoch: 48
total val iterations: 152 
average val loss 1.5571
accuracy ( less than 0.1 ): 0.2239
median val loss 0.6929
total test iterations: 152 
average test loss 1.5633
accuracy ( less than 0.1 ): 0.2193
median test loss 0.6584
Consuming time:21.65 in the epoch: 48
Best test loss is 1.56
---------------*****---------------
---------------*****---------------
Starting training the epoch: 49 
total batch: 708.234375 
batch:99 average train loss 1.5432
batch:199 average train loss 1.5108
batch:299 average train loss 1.5211
batch:399 average train loss 1.5104
batch:499 average train loss 1.5159
batch:599 average train loss 1.5114
batch:699 average train loss 1.5132
average train loss 1.5138
Train Consuming time:17.42 in the epoch: 49
total val iterations: 152 
average val loss 1.5572
accuracy ( less than 0.1 ): 0.2236
median val loss 0.6925
total test iterations: 152 
average test loss 1.5634
accuracy ( less than 0.1 ): 0.2193
median test loss 0.6568
Consuming time:21.03 in the epoch: 49
Best test loss is 1.56
---------------*****---------------
