total_readin: 151247
discard_midnight: 0
discard_outer: 72341
total valid: 78906
==============generation complete===============
caslist 78906
len(Y_train):55234
 len(Y_valid):11836
 len(Y_test):11836

===================configuration===================
learning rate :0.0001 
num_mlp_layers : 1
num_layers : 2
gnn input_features : 100
gnn output_features : 128
input of rnn/transformer : 128
hidden_size (out put of rnn/tranformer) : 128
observation hour [7,19]
observation interval : 1
observation threshold : 6
prediction time : 86400
cascade length [10,100]
model save at : ../model_save/cas2vec/dblp/
====bidirected: False, attention: GAT, gcn_type: self, rnn: gru====
===================configuration===================
len(Y_train), len(Y_valid), len(Y_test): 55234 11836 11836
preparing time:36.63550043106079
total parameters 145421
---------------*****---------------
Starting training the epoch: 0 
total batch: 863.03125 
batch:99 average train loss 6.4377
batch:199 average train loss 4.4371
batch:299 average train loss 3.6990
batch:399 average train loss 3.2813
batch:499 average train loss 3.0080
batch:599 average train loss 2.8198
batch:699 average train loss 2.6845
batch:799 average train loss 2.5712
average train loss 2.5107
Train Consuming time:157.27 in the epoch: 0
total val iterations: 185 
average val loss 1.6435
accuracy ( less than 0.1 ): 0.2126
median val loss 0.6914
total test iterations: 185 
average test loss 1.7062
accuracy ( less than 0.1 ): 0.2030
median test loss 0.7380
Consuming time:222.17 in the epoch: 0
Best test loss is 1.71
---------------*****---------------
---------------*****---------------
Starting training the epoch: 1 
total batch: 863.03125 
batch:99 average train loss 1.7052
batch:199 average train loss 1.6844
batch:299 average train loss 1.6778
batch:399 average train loss 1.6651
batch:499 average train loss 1.6518
batch:599 average train loss 1.6461
batch:699 average train loss 1.6471
batch:799 average train loss 1.6441
average train loss 1.6420
Train Consuming time:20.89 in the epoch: 1
total val iterations: 185 
average val loss 1.5986
accuracy ( less than 0.1 ): 0.1564
median val loss 0.6859
total test iterations: 185 
average test loss 1.6325
accuracy ( less than 0.1 ): 0.1601
median test loss 0.7237
Consuming time:25.44 in the epoch: 1
Best test loss is 1.63
---------------*****---------------
---------------*****---------------
Starting training the epoch: 2 
total batch: 863.03125 
batch:99 average train loss 1.6039
batch:199 average train loss 1.5879
batch:299 average train loss 1.5841
batch:399 average train loss 1.5786
batch:499 average train loss 1.5726
batch:599 average train loss 1.5710
batch:699 average train loss 1.5756
batch:799 average train loss 1.5753
average train loss 1.5758
Train Consuming time:20.96 in the epoch: 2
total val iterations: 185 
average val loss 1.5478
accuracy ( less than 0.1 ): 0.1673
median val loss 0.6558
total test iterations: 185 
average test loss 1.5720
accuracy ( less than 0.1 ): 0.1691
median test loss 0.6922
Consuming time:25.60 in the epoch: 2
Best test loss is 1.57
---------------*****---------------
---------------*****---------------
Starting training the epoch: 3 
total batch: 863.03125 
batch:99 average train loss 1.5678
batch:199 average train loss 1.5539
batch:299 average train loss 1.5530
batch:399 average train loss 1.5481
batch:499 average train loss 1.5426
batch:599 average train loss 1.5412
batch:699 average train loss 1.5476
batch:799 average train loss 1.5491
average train loss 1.5496
Train Consuming time:20.77 in the epoch: 3
total val iterations: 185 
average val loss 1.5253
accuracy ( less than 0.1 ): 0.1721
median val loss 0.6379
total test iterations: 185 
average test loss 1.5470
accuracy ( less than 0.1 ): 0.1747
median test loss 0.6646
Consuming time:25.35 in the epoch: 3
Best test loss is 1.55
---------------*****---------------
---------------*****---------------
Starting training the epoch: 4 
total batch: 863.03125 
batch:99 average train loss 1.5487
batch:199 average train loss 1.5371
batch:299 average train loss 1.5360
batch:399 average train loss 1.5300
batch:499 average train loss 1.5254
batch:599 average train loss 1.5242
batch:699 average train loss 1.5305
batch:799 average train loss 1.5323
average train loss 1.5330
Train Consuming time:20.49 in the epoch: 4
total val iterations: 185 
average val loss 1.5148
accuracy ( less than 0.1 ): 0.1767
median val loss 0.6324
total test iterations: 185 
average test loss 1.5370
accuracy ( less than 0.1 ): 0.1791
median test loss 0.6569
Consuming time:25.00 in the epoch: 4
Best test loss is 1.54
---------------*****---------------
---------------*****---------------
Starting training the epoch: 5 
total batch: 863.03125 
batch:99 average train loss 1.5379
batch:199 average train loss 1.5256
batch:299 average train loss 1.5247
batch:399 average train loss 1.5198
batch:499 average train loss 1.5146
batch:599 average train loss 1.5129
batch:699 average train loss 1.5197
batch:799 average train loss 1.5218
average train loss 1.5227
Train Consuming time:20.09 in the epoch: 5
total val iterations: 185 
average val loss 1.5037
accuracy ( less than 0.1 ): 0.1817
median val loss 0.6257
total test iterations: 185 
average test loss 1.5252
accuracy ( less than 0.1 ): 0.1810
median test loss 0.6556
Consuming time:24.40 in the epoch: 5
Best test loss is 1.53
---------------*****---------------
---------------*****---------------
Starting training the epoch: 6 
total batch: 863.03125 
batch:99 average train loss 1.5294
batch:199 average train loss 1.5171
batch:299 average train loss 1.5161
batch:399 average train loss 1.5110
batch:499 average train loss 1.5063
batch:599 average train loss 1.5048
batch:699 average train loss 1.5120
batch:799 average train loss 1.5143
average train loss 1.5152
Train Consuming time:19.92 in the epoch: 6
total val iterations: 185 
average val loss 1.4968
accuracy ( less than 0.1 ): 0.1856
median val loss 0.6303
total test iterations: 185 
average test loss 1.5185
accuracy ( less than 0.1 ): 0.1862
median test loss 0.6470
Consuming time:24.27 in the epoch: 6
Best test loss is 1.52
---------------*****---------------
---------------*****---------------
Starting training the epoch: 7 
total batch: 863.03125 
batch:99 average train loss 1.5224
batch:199 average train loss 1.5104
batch:299 average train loss 1.5099
batch:399 average train loss 1.5050
batch:499 average train loss 1.5004
batch:599 average train loss 1.4992
batch:699 average train loss 1.5062
batch:799 average train loss 1.5089
average train loss 1.5098
Train Consuming time:19.69 in the epoch: 7
total val iterations: 185 
average val loss 1.4977
accuracy ( less than 0.1 ): 0.1860
median val loss 0.6230
total test iterations: 185 
average test loss 1.5191
accuracy ( less than 0.1 ): 0.1860
median test loss 0.6473
Consuming time:23.96 in the epoch: 7
Best test loss is 1.52
---------------*****---------------
---------------*****---------------
Starting training the epoch: 8 
total batch: 863.03125 
batch:99 average train loss 1.5192
batch:199 average train loss 1.5071
batch:299 average train loss 1.5058
batch:399 average train loss 1.5006
batch:499 average train loss 1.4961
batch:599 average train loss 1.4950
batch:699 average train loss 1.5022
batch:799 average train loss 1.5051
average train loss 1.5059
Train Consuming time:19.81 in the epoch: 8
total val iterations: 185 
average val loss 1.4956
accuracy ( less than 0.1 ): 0.1883
median val loss 0.6301
total test iterations: 185 
average test loss 1.5155
accuracy ( less than 0.1 ): 0.1879
median test loss 0.6496
Consuming time:24.19 in the epoch: 8
Best test loss is 1.52
---------------*****---------------
---------------*****---------------
Starting training the epoch: 9 
total batch: 863.03125 
batch:99 average train loss 1.5148
batch:199 average train loss 1.5031
batch:299 average train loss 1.5016
batch:399 average train loss 1.4966
batch:499 average train loss 1.4924
batch:599 average train loss 1.4912
batch:699 average train loss 1.4987
batch:799 average train loss 1.5014
average train loss 1.5028
Train Consuming time:20.01 in the epoch: 9
total val iterations: 185 
average val loss 1.4912
accuracy ( less than 0.1 ): 0.1882
median val loss 0.6273
total test iterations: 185 
average test loss 1.5125
accuracy ( less than 0.1 ): 0.1871
median test loss 0.6486
Consuming time:24.35 in the epoch: 9
Best test loss is 1.51
---------------*****---------------
---------------*****---------------
Starting training the epoch: 10 
total batch: 863.03125 
batch:99 average train loss 1.5110
batch:199 average train loss 1.4985
batch:299 average train loss 1.4969
batch:399 average train loss 1.4922
batch:499 average train loss 1.4883
batch:599 average train loss 1.4873
batch:699 average train loss 1.4947
batch:799 average train loss 1.4977
average train loss 1.4991
Train Consuming time:19.98 in the epoch: 10
total val iterations: 185 
average val loss 1.4901
accuracy ( less than 0.1 ): 0.1908
median val loss 0.6228
total test iterations: 185 
average test loss 1.5108
accuracy ( less than 0.1 ): 0.1914
median test loss 0.6436
Consuming time:24.33 in the epoch: 10
Best test loss is 1.51
---------------*****---------------
---------------*****---------------
Starting training the epoch: 11 
total batch: 863.03125 
batch:99 average train loss 1.5092
batch:199 average train loss 1.4965
batch:299 average train loss 1.4945
batch:399 average train loss 1.4896
batch:499 average train loss 1.4856
batch:599 average train loss 1.4849
batch:699 average train loss 1.4922
batch:799 average train loss 1.4950
average train loss 1.4963
Train Consuming time:19.86 in the epoch: 11
total val iterations: 185 
average val loss 1.4906
accuracy ( less than 0.1 ): 0.1906
median val loss 0.6271
total test iterations: 185 
average test loss 1.5098
accuracy ( less than 0.1 ): 0.1885
median test loss 0.6488
Consuming time:24.22 in the epoch: 11
Best test loss is 1.51
---------------*****---------------
---------------*****---------------
Starting training the epoch: 12 
total batch: 863.03125 
batch:99 average train loss 1.5077
batch:199 average train loss 1.4947
batch:299 average train loss 1.4927
batch:399 average train loss 1.4875
batch:499 average train loss 1.4836
batch:599 average train loss 1.4828
batch:699 average train loss 1.4902
batch:799 average train loss 1.4931
average train loss 1.4945
Train Consuming time:19.66 in the epoch: 12
total val iterations: 185 
average val loss 1.4866
accuracy ( less than 0.1 ): 0.1960
median val loss 0.6264
total test iterations: 185 
average test loss 1.5063
accuracy ( less than 0.1 ): 0.1955
median test loss 0.6438
Consuming time:23.95 in the epoch: 12
Best test loss is 1.51
---------------*****---------------
---------------*****---------------
Starting training the epoch: 13 
total batch: 863.03125 
batch:99 average train loss 1.5036
batch:199 average train loss 1.4907
batch:299 average train loss 1.4890
batch:399 average train loss 1.4837
batch:499 average train loss 1.4799
batch:599 average train loss 1.4789
batch:699 average train loss 1.4866
batch:799 average train loss 1.4896
average train loss 1.4912
Train Consuming time:19.68 in the epoch: 13
total val iterations: 185 
average val loss 1.4880
accuracy ( less than 0.1 ): 0.1969
median val loss 0.6239
total test iterations: 185 
average test loss 1.5065
accuracy ( less than 0.1 ): 0.1960
median test loss 0.6457
Consuming time:23.97 in the epoch: 13
Best test loss is 1.51
---------------*****---------------
---------------*****---------------
Starting training the epoch: 14 
total batch: 863.03125 
batch:99 average train loss 1.5027
batch:199 average train loss 1.4895
batch:299 average train loss 1.4880
batch:399 average train loss 1.4823
batch:499 average train loss 1.4785
batch:599 average train loss 1.4777
batch:699 average train loss 1.4854
batch:799 average train loss 1.4885
average train loss 1.4898
Train Consuming time:19.93 in the epoch: 14
total val iterations: 185 
average val loss 1.4880
accuracy ( less than 0.1 ): 0.1984
median val loss 0.6242
total test iterations: 185 
average test loss 1.5065
accuracy ( less than 0.1 ): 0.1979
median test loss 0.6461
Consuming time:24.26 in the epoch: 14
Best test loss is 1.51
---------------*****---------------
---------------*****---------------
Starting training the epoch: 15 
total batch: 863.03125 
batch:99 average train loss 1.4997
batch:199 average train loss 1.4869
batch:299 average train loss 1.4855
batch:399 average train loss 1.4801
batch:499 average train loss 1.4760
batch:599 average train loss 1.4756
batch:699 average train loss 1.4832
batch:799 average train loss 1.4862
average train loss 1.4877
Train Consuming time:19.53 in the epoch: 15
total val iterations: 185 
average val loss 1.4876
accuracy ( less than 0.1 ): 0.1955
median val loss 0.6229
total test iterations: 185 
average test loss 1.5052
accuracy ( less than 0.1 ): 0.1960
median test loss 0.6481
Consuming time:23.90 in the epoch: 15
Best test loss is 1.51
---------------*****---------------
---------------*****---------------
Starting training the epoch: 16 
total batch: 863.03125 
batch:99 average train loss 1.4969
batch:199 average train loss 1.4850
batch:299 average train loss 1.4838
batch:399 average train loss 1.4787
batch:499 average train loss 1.4746
batch:599 average train loss 1.4736
batch:699 average train loss 1.4815
batch:799 average train loss 1.4845
average train loss 1.4860
Train Consuming time:20.05 in the epoch: 16
total val iterations: 185 
average val loss 1.4871
accuracy ( less than 0.1 ): 0.1979
median val loss 0.6241
total test iterations: 185 
average test loss 1.5050
accuracy ( less than 0.1 ): 0.1979
median test loss 0.6426
Consuming time:24.32 in the epoch: 16
Best test loss is 1.50
---------------*****---------------
---------------*****---------------
Starting training the epoch: 17 
total batch: 863.03125 
batch:99 average train loss 1.4942
batch:199 average train loss 1.4821
batch:299 average train loss 1.4813
batch:399 average train loss 1.4762
batch:499 average train loss 1.4724
batch:599 average train loss 1.4716
batch:699 average train loss 1.4794
batch:799 average train loss 1.4824
average train loss 1.4839
Train Consuming time:20.00 in the epoch: 17
total val iterations: 185 
average val loss 1.4867
accuracy ( less than 0.1 ): 0.2019
median val loss 0.6245
total test iterations: 185 
average test loss 1.5053
accuracy ( less than 0.1 ): 0.2023
median test loss 0.6375
Consuming time:24.61 in the epoch: 17
Best test loss is 1.50
---------------*****---------------
---------------*****---------------
Starting training the epoch: 18 
total batch: 863.03125 
batch:99 average train loss 1.4927
batch:199 average train loss 1.4808
batch:299 average train loss 1.4796
batch:399 average train loss 1.4742
batch:499 average train loss 1.4704
batch:599 average train loss 1.4699
batch:699 average train loss 1.4780
batch:799 average train loss 1.4810
average train loss 1.4824
Train Consuming time:20.30 in the epoch: 18
total val iterations: 185 
average val loss 1.4842
accuracy ( less than 0.1 ): 0.2012
median val loss 0.6201
total test iterations: 185 
average test loss 1.5026
accuracy ( less than 0.1 ): 0.2020
median test loss 0.6352
Consuming time:24.81 in the epoch: 18
Best test loss is 1.50
---------------*****---------------
---------------*****---------------
Starting training the epoch: 19 
total batch: 863.03125 
batch:99 average train loss 1.4900
batch:199 average train loss 1.4781
batch:299 average train loss 1.4767
batch:399 average train loss 1.4715
batch:499 average train loss 1.4680
batch:599 average train loss 1.4675
batch:699 average train loss 1.4757
batch:799 average train loss 1.4787
average train loss 1.4803
Train Consuming time:20.74 in the epoch: 19
total val iterations: 185 
average val loss 1.4844
accuracy ( less than 0.1 ): 0.2035
median val loss 0.6178
total test iterations: 185 
average test loss 1.5040
accuracy ( less than 0.1 ): 0.2008
median test loss 0.6373
Consuming time:25.39 in the epoch: 19
Best test loss is 1.50
---------------*****---------------
---------------*****---------------
Starting training the epoch: 20 
total batch: 863.03125 
batch:99 average train loss 1.4815
batch:199 average train loss 1.4719
batch:299 average train loss 1.4707
batch:399 average train loss 1.4633
batch:499 average train loss 1.4583
batch:599 average train loss 1.4556
batch:699 average train loss 1.4632
batch:799 average train loss 1.4653
average train loss 1.4659
Train Consuming time:20.58 in the epoch: 20
total val iterations: 185 
average val loss 1.4838
accuracy ( less than 0.1 ): 0.2140
median val loss 0.6249
total test iterations: 185 
average test loss 1.5005
accuracy ( less than 0.1 ): 0.2114
median test loss 0.6347
Consuming time:25.09 in the epoch: 20
Best test loss is 1.50
---------------*****---------------
---------------*****---------------
Starting training the epoch: 21 
total batch: 863.03125 
batch:99 average train loss 1.4771
batch:199 average train loss 1.4686
batch:299 average train loss 1.4671
batch:399 average train loss 1.4598
batch:499 average train loss 1.4554
batch:599 average train loss 1.4531
batch:699 average train loss 1.4609
batch:799 average train loss 1.4631
average train loss 1.4640
Train Consuming time:20.35 in the epoch: 21
total val iterations: 185 
average val loss 1.4839
accuracy ( less than 0.1 ): 0.2137
median val loss 0.6251
total test iterations: 185 
average test loss 1.5001
accuracy ( less than 0.1 ): 0.2120
median test loss 0.6336
Consuming time:24.89 in the epoch: 21
Best test loss is 1.50
---------------*****---------------
---------------*****---------------
Starting training the epoch: 22 
total batch: 863.03125 
batch:99 average train loss 1.4761
batch:199 average train loss 1.4677
batch:299 average train loss 1.4657
batch:399 average train loss 1.4585
batch:499 average train loss 1.4542
batch:599 average train loss 1.4520
batch:699 average train loss 1.4598
batch:799 average train loss 1.4621
average train loss 1.4631
Train Consuming time:20.35 in the epoch: 22
total val iterations: 185 
average val loss 1.4837
accuracy ( less than 0.1 ): 0.2149
median val loss 0.6241
total test iterations: 185 
average test loss 1.5002
accuracy ( less than 0.1 ): 0.2124
median test loss 0.6313
Consuming time:24.98 in the epoch: 22
Best test loss is 1.50
---------------*****---------------
---------------*****---------------
Starting training the epoch: 23 
total batch: 863.03125 
batch:99 average train loss 1.4755
batch:199 average train loss 1.4674
batch:299 average train loss 1.4651
batch:399 average train loss 1.4583
batch:499 average train loss 1.4542
batch:599 average train loss 1.4519
batch:699 average train loss 1.4597
batch:799 average train loss 1.4620
average train loss 1.4630
Train Consuming time:20.52 in the epoch: 23
total val iterations: 185 
average val loss 1.4844
accuracy ( less than 0.1 ): 0.2145
median val loss 0.6240
total test iterations: 185 
average test loss 1.5003
accuracy ( less than 0.1 ): 0.2126
median test loss 0.6327
Consuming time:25.06 in the epoch: 23
Best test loss is 1.50
---------------*****---------------
---------------*****---------------
Starting training the epoch: 24 
total batch: 863.03125 
batch:99 average train loss 1.4755
batch:199 average train loss 1.4668
batch:299 average train loss 1.4644
batch:399 average train loss 1.4575
batch:499 average train loss 1.4534
batch:599 average train loss 1.4512
batch:699 average train loss 1.4591
batch:799 average train loss 1.4615
average train loss 1.4625
Train Consuming time:20.47 in the epoch: 24
total val iterations: 185 
average val loss 1.4843
accuracy ( less than 0.1 ): 0.2144
median val loss 0.6237
total test iterations: 185 
average test loss 1.5001
accuracy ( less than 0.1 ): 0.2114
median test loss 0.6331
Consuming time:25.04 in the epoch: 24
Best test loss is 1.50
---------------*****---------------
---------------*****---------------
Starting training the epoch: 25 
total batch: 863.03125 
batch:99 average train loss 1.4747
batch:199 average train loss 1.4666
batch:299 average train loss 1.4640
batch:399 average train loss 1.4573
batch:499 average train loss 1.4533
batch:599 average train loss 1.4510
batch:699 average train loss 1.4588
batch:799 average train loss 1.4612
average train loss 1.4623
Train Consuming time:20.23 in the epoch: 25
total val iterations: 185 
average val loss 1.4852
accuracy ( less than 0.1 ): 0.2152
median val loss 0.6259
total test iterations: 185 
average test loss 1.5005
accuracy ( less than 0.1 ): 0.2115
median test loss 0.6319
Consuming time:24.80 in the epoch: 25
Best test loss is 1.50
---------------*****---------------
---------------*****---------------
Starting training the epoch: 26 
total batch: 863.03125 
batch:99 average train loss 1.4760
batch:199 average train loss 1.4669
batch:299 average train loss 1.4640
batch:399 average train loss 1.4570
batch:499 average train loss 1.4528
batch:599 average train loss 1.4507
batch:699 average train loss 1.4586
batch:799 average train loss 1.4611
average train loss 1.4622
Train Consuming time:19.56 in the epoch: 26
total val iterations: 185 
average val loss 1.4842
accuracy ( less than 0.1 ): 0.2140
median val loss 0.6235
total test iterations: 185 
average test loss 1.5000
accuracy ( less than 0.1 ): 0.2116
median test loss 0.6332
Consuming time:23.83 in the epoch: 26
Best test loss is 1.50
---------------*****---------------
---------------*****---------------
Starting training the epoch: 27 
total batch: 863.03125 
batch:99 average train loss 1.4742
batch:199 average train loss 1.4663
batch:299 average train loss 1.4640
batch:399 average train loss 1.4570
batch:499 average train loss 1.4528
batch:599 average train loss 1.4505
batch:699 average train loss 1.4583
batch:799 average train loss 1.4606
average train loss 1.4617
Train Consuming time:19.32 in the epoch: 27
total val iterations: 185 
average val loss 1.4841
accuracy ( less than 0.1 ): 0.2143
median val loss 0.6236
total test iterations: 185 
average test loss 1.5002
accuracy ( less than 0.1 ): 0.2114
median test loss 0.6328
Consuming time:23.59 in the epoch: 27
Best test loss is 1.50
---------------*****---------------
---------------*****---------------
Starting training the epoch: 28 
total batch: 863.03125 
batch:99 average train loss 1.4740
batch:199 average train loss 1.4658
batch:299 average train loss 1.4631
batch:399 average train loss 1.4564
batch:499 average train loss 1.4523
batch:599 average train loss 1.4501
batch:699 average train loss 1.4579
batch:799 average train loss 1.4603
average train loss 1.4613
Train Consuming time:19.39 in the epoch: 28
total val iterations: 185 
average val loss 1.4845
accuracy ( less than 0.1 ): 0.2143
median val loss 0.6262
total test iterations: 185 
average test loss 1.5001
accuracy ( less than 0.1 ): 0.2114
median test loss 0.6325
Consuming time:23.68 in the epoch: 28
Best test loss is 1.50
---------------*****---------------
---------------*****---------------
Starting training the epoch: 29 
total batch: 863.03125 
batch:99 average train loss 1.4737
batch:199 average train loss 1.4652
batch:299 average train loss 1.4624
batch:399 average train loss 1.4560
batch:499 average train loss 1.4519
batch:599 average train loss 1.4497
batch:699 average train loss 1.4575
batch:799 average train loss 1.4600
average train loss 1.4610
Train Consuming time:19.41 in the epoch: 29
total val iterations: 185 
average val loss 1.4849
accuracy ( less than 0.1 ): 0.2145
median val loss 0.6268
total test iterations: 185 
average test loss 1.5004
accuracy ( less than 0.1 ): 0.2119
median test loss 0.6302
Consuming time:23.76 in the epoch: 29
Best test loss is 1.50
---------------*****---------------
---------------*****---------------
Starting training the epoch: 30 
total batch: 863.03125 
batch:99 average train loss 1.4743
batch:199 average train loss 1.4656
batch:299 average train loss 1.4629
batch:399 average train loss 1.4560
batch:499 average train loss 1.4519
batch:599 average train loss 1.4496
batch:699 average train loss 1.4574
batch:799 average train loss 1.4600
average train loss 1.4611
Train Consuming time:19.56 in the epoch: 30
total val iterations: 185 
average val loss 1.4849
accuracy ( less than 0.1 ): 0.2136
median val loss 0.6269
total test iterations: 185 
average test loss 1.5002
accuracy ( less than 0.1 ): 0.2111
median test loss 0.6315
Consuming time:23.86 in the epoch: 30
Best test loss is 1.50
---------------*****---------------
---------------*****---------------
Starting training the epoch: 31 
total batch: 863.03125 
batch:99 average train loss 1.4738
batch:199 average train loss 1.4651
batch:299 average train loss 1.4627
batch:399 average train loss 1.4558
batch:499 average train loss 1.4516
batch:599 average train loss 1.4494
batch:699 average train loss 1.4573
batch:799 average train loss 1.4597
average train loss 1.4608
Train Consuming time:19.55 in the epoch: 31
total val iterations: 185 
average val loss 1.4849
accuracy ( less than 0.1 ): 0.2129
median val loss 0.6260
total test iterations: 185 
average test loss 1.5003
accuracy ( less than 0.1 ): 0.2115
median test loss 0.6327
Consuming time:23.82 in the epoch: 31
Best test loss is 1.50
---------------*****---------------
---------------*****---------------
Starting training the epoch: 32 
total batch: 863.03125 
batch:99 average train loss 1.4737
batch:199 average train loss 1.4649
batch:299 average train loss 1.4627
batch:399 average train loss 1.4555
batch:499 average train loss 1.4514
batch:599 average train loss 1.4491
batch:699 average train loss 1.4570
batch:799 average train loss 1.4596
average train loss 1.4606
Train Consuming time:19.65 in the epoch: 32
total val iterations: 185 
average val loss 1.4851
accuracy ( less than 0.1 ): 0.2140
median val loss 0.6246
total test iterations: 185 
average test loss 1.5003
accuracy ( less than 0.1 ): 0.2118
median test loss 0.6314
Consuming time:24.01 in the epoch: 32
Best test loss is 1.50
---------------*****---------------
---------------*****---------------
Starting training the epoch: 33 
total batch: 863.03125 
batch:99 average train loss 1.4730
batch:199 average train loss 1.4642
batch:299 average train loss 1.4618
batch:399 average train loss 1.4550
batch:499 average train loss 1.4507
batch:599 average train loss 1.4486
batch:699 average train loss 1.4565
batch:799 average train loss 1.4590
average train loss 1.4601
Train Consuming time:19.61 in the epoch: 33
total val iterations: 185 
average val loss 1.4856
accuracy ( less than 0.1 ): 0.2142
median val loss 0.6251
total test iterations: 185 
average test loss 1.5006
accuracy ( less than 0.1 ): 0.2120
median test loss 0.6300
Consuming time:23.92 in the epoch: 33
Best test loss is 1.50
---------------*****---------------
---------------*****---------------
Starting training the epoch: 34 
total batch: 863.03125 
batch:99 average train loss 1.4735
batch:199 average train loss 1.4644
batch:299 average train loss 1.4616
batch:399 average train loss 1.4547
batch:499 average train loss 1.4506
batch:599 average train loss 1.4485
batch:699 average train loss 1.4564
batch:799 average train loss 1.4589
average train loss 1.4600
Train Consuming time:19.66 in the epoch: 34
total val iterations: 185 
average val loss 1.4850
accuracy ( less than 0.1 ): 0.2140
median val loss 0.6271
total test iterations: 185 
average test loss 1.5004
accuracy ( less than 0.1 ): 0.2114
median test loss 0.6333
Consuming time:24.01 in the epoch: 34
Best test loss is 1.50
---------------*****---------------
---------------*****---------------
Starting training the epoch: 35 
total batch: 863.03125 
batch:99 average train loss 1.4727
batch:199 average train loss 1.4642
batch:299 average train loss 1.4617
batch:399 average train loss 1.4548
batch:499 average train loss 1.4506
batch:599 average train loss 1.4484
batch:699 average train loss 1.4562
batch:799 average train loss 1.4587
average train loss 1.4598
Train Consuming time:19.80 in the epoch: 35
total val iterations: 185 
average val loss 1.4852
accuracy ( less than 0.1 ): 0.2137
median val loss 0.6251
total test iterations: 185 
average test loss 1.5006
accuracy ( less than 0.1 ): 0.2126
median test loss 0.6292
Consuming time:24.15 in the epoch: 35
Best test loss is 1.50
---------------*****---------------
---------------*****---------------
Starting training the epoch: 36 
total batch: 863.03125 
batch:99 average train loss 1.4728
batch:199 average train loss 1.4639
batch:299 average train loss 1.4613
batch:399 average train loss 1.4546
batch:499 average train loss 1.4504
batch:599 average train loss 1.4481
batch:699 average train loss 1.4560
batch:799 average train loss 1.4586
average train loss 1.4596
Train Consuming time:19.64 in the epoch: 36
total val iterations: 185 
average val loss 1.4851
accuracy ( less than 0.1 ): 0.2146
median val loss 0.6268
total test iterations: 185 
average test loss 1.5010
accuracy ( less than 0.1 ): 0.2118
median test loss 0.6321
Consuming time:23.99 in the epoch: 36
Best test loss is 1.50
---------------*****---------------
---------------*****---------------
Starting training the epoch: 37 
total batch: 863.03125 
batch:99 average train loss 1.4726
batch:199 average train loss 1.4638
batch:299 average train loss 1.4610
batch:399 average train loss 1.4542
batch:499 average train loss 1.4500
batch:599 average train loss 1.4478
batch:699 average train loss 1.4557
batch:799 average train loss 1.4581
average train loss 1.4593
Train Consuming time:19.56 in the epoch: 37
total val iterations: 185 
average val loss 1.4850
accuracy ( less than 0.1 ): 0.2130
median val loss 0.6253
total test iterations: 185 
average test loss 1.5005
accuracy ( less than 0.1 ): 0.2120
median test loss 0.6318
Consuming time:23.85 in the epoch: 37
Best test loss is 1.50
---------------*****---------------
---------------*****---------------
Starting training the epoch: 38 
total batch: 863.03125 
batch:99 average train loss 1.4726
batch:199 average train loss 1.4637
batch:299 average train loss 1.4610
batch:399 average train loss 1.4542
batch:499 average train loss 1.4501
batch:599 average train loss 1.4479
batch:699 average train loss 1.4556
batch:799 average train loss 1.4582
average train loss 1.4593
Train Consuming time:20.46 in the epoch: 38
total val iterations: 185 
average val loss 1.4853
accuracy ( less than 0.1 ): 0.2134
median val loss 0.6233
total test iterations: 185 
average test loss 1.5007
accuracy ( less than 0.1 ): 0.2123
median test loss 0.6298
Consuming time:24.99 in the epoch: 38
Best test loss is 1.50
---------------*****---------------
---------------*****---------------
Starting training the epoch: 39 
total batch: 863.03125 
batch:99 average train loss 1.4721
batch:199 average train loss 1.4633
batch:299 average train loss 1.4605
batch:399 average train loss 1.4537
batch:499 average train loss 1.4496
batch:599 average train loss 1.4473
batch:699 average train loss 1.4551
batch:799 average train loss 1.4577
average train loss 1.4589
Train Consuming time:20.57 in the epoch: 39
total val iterations: 185 
average val loss 1.4850
accuracy ( less than 0.1 ): 0.2127
median val loss 0.6239
total test iterations: 185 
average test loss 1.5006
accuracy ( less than 0.1 ): 0.2118
median test loss 0.6275
Consuming time:25.15 in the epoch: 39
Best test loss is 1.50
---------------*****---------------
---------------*****---------------
Starting training the epoch: 40 
total batch: 863.03125 
batch:99 average train loss 1.4722
batch:199 average train loss 1.4634
batch:299 average train loss 1.4607
batch:399 average train loss 1.4539
batch:499 average train loss 1.4498
batch:599 average train loss 1.4476
batch:699 average train loss 1.4553
batch:799 average train loss 1.4578
average train loss 1.4589
Train Consuming time:20.31 in the epoch: 40
total val iterations: 185 
average val loss 1.4853
accuracy ( less than 0.1 ): 0.2137
median val loss 0.6232
total test iterations: 185 
average test loss 1.5012
accuracy ( less than 0.1 ): 0.2120
median test loss 0.6297
Consuming time:24.89 in the epoch: 40
Best test loss is 1.50
---------------*****---------------
---------------*****---------------
Starting training the epoch: 41 
total batch: 863.03125 
batch:99 average train loss 1.4725
batch:199 average train loss 1.4634
batch:299 average train loss 1.4606
batch:399 average train loss 1.4538
batch:499 average train loss 1.4496
batch:599 average train loss 1.4475
batch:699 average train loss 1.4553
batch:799 average train loss 1.4579
average train loss 1.4590
Train Consuming time:20.42 in the epoch: 41
total val iterations: 185 
average val loss 1.4854
accuracy ( less than 0.1 ): 0.2137
median val loss 0.6244
total test iterations: 185 
average test loss 1.5012
accuracy ( less than 0.1 ): 0.2122
median test loss 0.6293
Consuming time:25.02 in the epoch: 41
Best test loss is 1.50
---------------*****---------------
---------------*****---------------
Starting training the epoch: 42 
total batch: 863.03125 
batch:99 average train loss 1.4719
batch:199 average train loss 1.4626
batch:299 average train loss 1.4600
batch:399 average train loss 1.4532
batch:499 average train loss 1.4490
batch:599 average train loss 1.4469
batch:699 average train loss 1.4547
batch:799 average train loss 1.4573
average train loss 1.4585
Train Consuming time:20.52 in the epoch: 42
total val iterations: 185 
average val loss 1.4853
accuracy ( less than 0.1 ): 0.2130
median val loss 0.6235
total test iterations: 185 
average test loss 1.5010
accuracy ( less than 0.1 ): 0.2110
median test loss 0.6279
Consuming time:25.11 in the epoch: 42
Best test loss is 1.50
---------------*****---------------
---------------*****---------------
Starting training the epoch: 43 
total batch: 863.03125 
batch:99 average train loss 1.4719
batch:199 average train loss 1.4629
batch:299 average train loss 1.4600
batch:399 average train loss 1.4532
batch:499 average train loss 1.4490
batch:599 average train loss 1.4468
batch:699 average train loss 1.4545
batch:799 average train loss 1.4571
average train loss 1.4583
Train Consuming time:20.45 in the epoch: 43
total val iterations: 185 
average val loss 1.4852
accuracy ( less than 0.1 ): 0.2137
median val loss 0.6245
total test iterations: 185 
average test loss 1.5011
accuracy ( less than 0.1 ): 0.2110
median test loss 0.6290
Consuming time:24.98 in the epoch: 43
Best test loss is 1.50
---------------*****---------------
---------------*****---------------
Starting training the epoch: 44 
total batch: 863.03125 
batch:99 average train loss 1.4714
batch:199 average train loss 1.4623
batch:299 average train loss 1.4594
batch:399 average train loss 1.4528
batch:499 average train loss 1.4486
batch:599 average train loss 1.4466
batch:699 average train loss 1.4544
batch:799 average train loss 1.4570
average train loss 1.4581
Train Consuming time:20.36 in the epoch: 44
total val iterations: 185 
average val loss 1.4862
accuracy ( less than 0.1 ): 0.2141
median val loss 0.6249
total test iterations: 185 
average test loss 1.5014
accuracy ( less than 0.1 ): 0.2116
median test loss 0.6308
Consuming time:24.96 in the epoch: 44
Best test loss is 1.50
---------------*****---------------
---------------*****---------------
Starting training the epoch: 45 
total batch: 863.03125 
batch:99 average train loss 1.4709
batch:199 average train loss 1.4622
batch:299 average train loss 1.4594
batch:399 average train loss 1.4527
batch:499 average train loss 1.4486
batch:599 average train loss 1.4464
batch:699 average train loss 1.4542
batch:799 average train loss 1.4567
average train loss 1.4579
Train Consuming time:20.26 in the epoch: 45
total val iterations: 185 
average val loss 1.4859
accuracy ( less than 0.1 ): 0.2138
median val loss 0.6236
total test iterations: 185 
average test loss 1.5014
accuracy ( less than 0.1 ): 0.2124
median test loss 0.6304
Consuming time:24.85 in the epoch: 45
Best test loss is 1.50
---------------*****---------------
---------------*****---------------
Starting training the epoch: 46 
total batch: 863.03125 
batch:99 average train loss 1.4713
batch:199 average train loss 1.4622
batch:299 average train loss 1.4594
batch:399 average train loss 1.4525
batch:499 average train loss 1.4484
batch:599 average train loss 1.4462
batch:699 average train loss 1.4539
batch:799 average train loss 1.4567
average train loss 1.4579
Train Consuming time:20.40 in the epoch: 46
total val iterations: 185 
average val loss 1.4856
accuracy ( less than 0.1 ): 0.2133
median val loss 0.6231
total test iterations: 185 
average test loss 1.5013
accuracy ( less than 0.1 ): 0.2111
median test loss 0.6310
Consuming time:24.81 in the epoch: 46
Best test loss is 1.50
---------------*****---------------
---------------*****---------------
Starting training the epoch: 47 
total batch: 863.03125 
batch:99 average train loss 1.4706
batch:199 average train loss 1.4618
batch:299 average train loss 1.4590
batch:399 average train loss 1.4523
batch:499 average train loss 1.4481
batch:599 average train loss 1.4459
batch:699 average train loss 1.4537
batch:799 average train loss 1.4564
average train loss 1.4576
Train Consuming time:19.68 in the epoch: 47
total val iterations: 185 
average val loss 1.4868
accuracy ( less than 0.1 ): 0.2137
median val loss 0.6251
total test iterations: 185 
average test loss 1.5018
accuracy ( less than 0.1 ): 0.2120
median test loss 0.6281
Consuming time:24.02 in the epoch: 47
Best test loss is 1.50
---------------*****---------------
---------------*****---------------
Starting training the epoch: 48 
total batch: 863.03125 
batch:99 average train loss 1.4706
batch:199 average train loss 1.4617
batch:299 average train loss 1.4588
batch:399 average train loss 1.4520
batch:499 average train loss 1.4479
batch:599 average train loss 1.4458
batch:699 average train loss 1.4535
batch:799 average train loss 1.4562
average train loss 1.4574
Train Consuming time:19.62 in the epoch: 48
total val iterations: 185 
average val loss 1.4859
accuracy ( less than 0.1 ): 0.2137
median val loss 0.6239
total test iterations: 185 
average test loss 1.5015
accuracy ( less than 0.1 ): 0.2125
median test loss 0.6292
Consuming time:23.99 in the epoch: 48
Best test loss is 1.50
---------------*****---------------
---------------*****---------------
Starting training the epoch: 49 
total batch: 863.03125 
batch:99 average train loss 1.4703
batch:199 average train loss 1.4614
batch:299 average train loss 1.4588
batch:399 average train loss 1.4520
batch:499 average train loss 1.4478
batch:599 average train loss 1.4456
batch:699 average train loss 1.4534
batch:799 average train loss 1.4560
average train loss 1.4572
Train Consuming time:19.37 in the epoch: 49
total val iterations: 185 
average val loss 1.4857
accuracy ( less than 0.1 ): 0.2123
median val loss 0.6242
total test iterations: 185 
average test loss 1.5012
accuracy ( less than 0.1 ): 0.2117
median test loss 0.6304
Consuming time:23.66 in the epoch: 49
Best test loss is 1.50
---------------*****---------------
