/home/ta/anaconda3/lib/python3.6/site-packages/numba/decorators.py:149: RuntimeWarning: Caching is not available when the 'parallel' target is in use. Caching is now being disabled to allow execution to continue.
  warnings.warn(msg, RuntimeWarning)
/home/ta/anaconda3/lib/python3.6/site-packages/tensorflow/python/framework/dtypes.py:516: FutureWarning: Passing (type, 1) or '1type' as a synonym of type is deprecated; in a future version of numpy, it will be understood as (type, (1,)) / '(1,)type'.
  _np_qint8 = np.dtype([("qint8", np.int8, 1)])
/home/ta/anaconda3/lib/python3.6/site-packages/tensorflow/python/framework/dtypes.py:517: FutureWarning: Passing (type, 1) or '1type' as a synonym of type is deprecated; in a future version of numpy, it will be understood as (type, (1,)) / '(1,)type'.
  _np_quint8 = np.dtype([("quint8", np.uint8, 1)])
/home/ta/anaconda3/lib/python3.6/site-packages/tensorflow/python/framework/dtypes.py:518: FutureWarning: Passing (type, 1) or '1type' as a synonym of type is deprecated; in a future version of numpy, it will be understood as (type, (1,)) / '(1,)type'.
  _np_qint16 = np.dtype([("qint16", np.int16, 1)])
/home/ta/anaconda3/lib/python3.6/site-packages/tensorflow/python/framework/dtypes.py:519: FutureWarning: Passing (type, 1) or '1type' as a synonym of type is deprecated; in a future version of numpy, it will be understood as (type, (1,)) / '(1,)type'.
  _np_quint16 = np.dtype([("quint16", np.uint16, 1)])
/home/ta/anaconda3/lib/python3.6/site-packages/tensorflow/python/framework/dtypes.py:520: FutureWarning: Passing (type, 1) or '1type' as a synonym of type is deprecated; in a future version of numpy, it will be understood as (type, (1,)) / '(1,)type'.
  _np_qint32 = np.dtype([("qint32", np.int32, 1)])
/home/ta/anaconda3/lib/python3.6/site-packages/tensorflow/python/framework/dtypes.py:525: FutureWarning: Passing (type, 1) or '1type' as a synonym of type is deprecated; in a future version of numpy, it will be understood as (type, (1,)) / '(1,)type'.
  np_resource = np.dtype([("resource", np.ubyte, 1)])
/home/ta/.local/lib/python3.6/site-packages/tensorboard/compat/tensorflow_stub/dtypes.py:541: FutureWarning: Passing (type, 1) or '1type' as a synonym of type is deprecated; in a future version of numpy, it will be understood as (type, (1,)) / '(1,)type'.
  _np_qint8 = np.dtype([("qint8", np.int8, 1)])
/home/ta/.local/lib/python3.6/site-packages/tensorboard/compat/tensorflow_stub/dtypes.py:542: FutureWarning: Passing (type, 1) or '1type' as a synonym of type is deprecated; in a future version of numpy, it will be understood as (type, (1,)) / '(1,)type'.
  _np_quint8 = np.dtype([("quint8", np.uint8, 1)])
/home/ta/.local/lib/python3.6/site-packages/tensorboard/compat/tensorflow_stub/dtypes.py:543: FutureWarning: Passing (type, 1) or '1type' as a synonym of type is deprecated; in a future version of numpy, it will be understood as (type, (1,)) / '(1,)type'.
  _np_qint16 = np.dtype([("qint16", np.int16, 1)])
/home/ta/.local/lib/python3.6/site-packages/tensorboard/compat/tensorflow_stub/dtypes.py:544: FutureWarning: Passing (type, 1) or '1type' as a synonym of type is deprecated; in a future version of numpy, it will be understood as (type, (1,)) / '(1,)type'.
  _np_quint16 = np.dtype([("quint16", np.uint16, 1)])
/home/ta/.local/lib/python3.6/site-packages/tensorboard/compat/tensorflow_stub/dtypes.py:545: FutureWarning: Passing (type, 1) or '1type' as a synonym of type is deprecated; in a future version of numpy, it will be understood as (type, (1,)) / '(1,)type'.
  _np_qint32 = np.dtype([("qint32", np.int32, 1)])
/home/ta/.local/lib/python3.6/site-packages/tensorboard/compat/tensorflow_stub/dtypes.py:550: FutureWarning: Passing (type, 1) or '1type' as a synonym of type is deprecated; in a future version of numpy, it will be understood as (type, (1,)) / '(1,)type'.
  np_resource = np.dtype([("resource", np.ubyte, 1)])
===================configuration===================
learning rate :0.0005 
num_mlp_layers : 1
num_layers : 2
gnn input_features : 100
gnn output_features : 128
input of rnn/transformer : 128
hidden_size (out put of rnn/tranformer) : 128
observation hour [7,19]
observation interval : 180
observation threshold : 4800
prediction time : 86400
cascade length [5,100]
model save at : ../model_save/cas2vec/
===================configuration===================
len(Y_train), len(Y_valid), len(Y_test): 38385 8226 8225
preparing time:87.33768320083618
====bidirected: False, attention: GAT, gcn_type: self, rnn: gru====
total parameters 149655
---------------*****---------------
Starting training the epoch: 0 
total batch: 599.765625 
batch:99 average train loss 3.5524
batch:199 average train loss 3.0612
batch:299 average train loss 2.7957
batch:399 average train loss 2.6588
batch:499 average train loss 2.5656
average train loss 2.5021
Train Consuming time:144.14 in the epoch: 0
total val iterations: 129 
average val loss 2.0732
accuracy ( less than 0.1 ): 0.2106
median val loss 0.5714
total test iterations: 129 
average test loss 2.0492
accuracy ( less than 0.1 ): 0.2059
median test loss 0.5759
Consuming time:186.94 in the epoch: 0
Best test loss is 2.05
---------------*****---------------
---------------*****---------------
Starting training the epoch: 1 
total batch: 599.765625 
batch:99 average train loss 2.1884
batch:199 average train loss 2.1296
batch:299 average train loss 2.0871
batch:399 average train loss 2.0766
batch:499 average train loss 2.0728
average train loss 2.0709
Train Consuming time:144.99 in the epoch: 1
total val iterations: 129 
average val loss 1.9840
accuracy ( less than 0.1 ): 0.2142
median val loss 0.5830
total test iterations: 129 
average test loss 1.9786
accuracy ( less than 0.1 ): 0.2152
median test loss 0.5537
Consuming time:187.85 in the epoch: 1
Best test loss is 1.98
---------------*****---------------
---------------*****---------------
Starting training the epoch: 2 
total batch: 599.765625 
batch:99 average train loss 2.0943
batch:199 average train loss 2.0538
batch:299 average train loss 2.0153
batch:399 average train loss 2.0088
batch:499 average train loss 2.0056
average train loss 2.0071
Train Consuming time:145.43 in the epoch: 2
total val iterations: 129 
average val loss 1.9734
accuracy ( less than 0.1 ): 0.2028
median val loss 0.5658
total test iterations: 129 
average test loss 1.9653
accuracy ( less than 0.1 ): 0.2045
median test loss 0.5836
Consuming time:189.31 in the epoch: 2
Best test loss is 1.97
---------------*****---------------
---------------*****---------------
Starting training the epoch: 3 
total batch: 599.765625 
batch:99 average train loss 2.0496
batch:199 average train loss 2.0146
batch:299 average train loss 1.9778
batch:399 average train loss 1.9733
batch:499 average train loss 1.9696
average train loss 1.9704
Train Consuming time:156.67 in the epoch: 3
total val iterations: 129 
average val loss 1.9367
accuracy ( less than 0.1 ): 0.2205
median val loss 0.5606
total test iterations: 129 
average test loss 1.9395
accuracy ( less than 0.1 ): 0.2246
median test loss 0.5808
Consuming time:201.71 in the epoch: 3
Best test loss is 1.94
---------------*****---------------
---------------*****---------------
Starting training the epoch: 4 
total batch: 599.765625 
batch:99 average train loss 2.0232
batch:199 average train loss 1.9914
batch:299 average train loss 1.9577
batch:399 average train loss 1.9528
batch:499 average train loss 1.9511
average train loss 1.9510
Train Consuming time:156.70 in the epoch: 4
total val iterations: 129 
average val loss 1.9012
accuracy ( less than 0.1 ): 0.2122
median val loss 0.5636
total test iterations: 129 
average test loss 1.9055
accuracy ( less than 0.1 ): 0.2131
median test loss 0.5571
Consuming time:201.60 in the epoch: 4
Best test loss is 1.91
---------------*****---------------
---------------*****---------------
Starting training the epoch: 5 
total batch: 599.765625 
batch:99 average train loss 1.9926
batch:199 average train loss 1.9622
batch:299 average train loss 1.9242
batch:399 average train loss 1.9198
batch:499 average train loss 1.9214
average train loss 1.9223
Train Consuming time:156.47 in the epoch: 5
total val iterations: 129 
average val loss 1.9081
accuracy ( less than 0.1 ): 0.2240
median val loss 0.5684
total test iterations: 129 
average test loss 1.9127
accuracy ( less than 0.1 ): 0.2229
median test loss 0.5680
Consuming time:201.26 in the epoch: 5
Best test loss is 1.91
---------------*****---------------
---------------*****---------------
Starting training the epoch: 6 
total batch: 599.765625 
batch:99 average train loss 1.9717
batch:199 average train loss 1.9410
batch:299 average train loss 1.9058
batch:399 average train loss 1.9002
batch:499 average train loss 1.8994
average train loss 1.9010
Train Consuming time:156.30 in the epoch: 6
total val iterations: 129 
average val loss 1.8876
accuracy ( less than 0.1 ): 0.2279
median val loss 0.5655
total test iterations: 129 
average test loss 1.9090
accuracy ( less than 0.1 ): 0.2263
median test loss 0.5638
Consuming time:201.22 in the epoch: 6
Best test loss is 1.91
---------------*****---------------
---------------*****---------------
Starting training the epoch: 7 
total batch: 599.765625 
batch:99 average train loss 1.9456
batch:199 average train loss 1.9194
batch:299 average train loss 1.8824
batch:399 average train loss 1.8826
batch:499 average train loss 1.8814
average train loss 1.8844
Train Consuming time:155.58 in the epoch: 7
total val iterations: 129 
average val loss 1.8781
accuracy ( less than 0.1 ): 0.2281
median val loss 0.5644
total test iterations: 129 
average test loss 1.8965
accuracy ( less than 0.1 ): 0.2292
median test loss 0.5625
Consuming time:198.19 in the epoch: 7
Best test loss is 1.90
---------------*****---------------
---------------*****---------------
Starting training the epoch: 8 
total batch: 599.765625 
batch:99 average train loss 1.9234
batch:199 average train loss 1.9019
batch:299 average train loss 1.8695
batch:399 average train loss 1.8675
batch:499 average train loss 1.8667
average train loss 1.8712
Train Consuming time:144.72 in the epoch: 8
total val iterations: 129 
average val loss 1.8817
accuracy ( less than 0.1 ): 0.2355
median val loss 0.5620
total test iterations: 129 
average test loss 1.8973
accuracy ( less than 0.1 ): 0.2345
median test loss 0.5533
Consuming time:187.28 in the epoch: 8
Best test loss is 1.90
---------------*****---------------
---------------*****---------------
Starting training the epoch: 9 
total batch: 599.765625 
batch:99 average train loss 1.9104
batch:199 average train loss 1.8924
batch:299 average train loss 1.8592
batch:399 average train loss 1.8587
batch:499 average train loss 1.8572
average train loss 1.8593
Train Consuming time:144.80 in the epoch: 9
total val iterations: 129 
average val loss 1.8738
accuracy ( less than 0.1 ): 0.2328
median val loss 0.5791
total test iterations: 129 
average test loss 1.8998
accuracy ( less than 0.1 ): 0.2344
median test loss 0.5646
Consuming time:187.92 in the epoch: 9
Best test loss is 1.90
---------------*****---------------
---------------*****---------------
Starting training the epoch: 10 
total batch: 599.765625 
batch:99 average train loss 1.9043
batch:199 average train loss 1.8829
batch:299 average train loss 1.8478
batch:399 average train loss 1.8485
batch:499 average train loss 1.8460
average train loss 1.8484
Train Consuming time:145.65 in the epoch: 10
total val iterations: 129 
average val loss 1.8761
accuracy ( less than 0.1 ): 0.2097
median val loss 0.5647
total test iterations: 129 
average test loss 1.8876
accuracy ( less than 0.1 ): 0.2100
median test loss 0.5536
Consuming time:188.26 in the epoch: 10
Best test loss is 1.89
---------------*****---------------
---------------*****---------------
Starting training the epoch: 11 
total batch: 599.765625 
batch:99 average train loss 1.8894
batch:199 average train loss 1.8750
batch:299 average train loss 1.8415
batch:399 average train loss 1.8428
batch:499 average train loss 1.8425
average train loss 1.8453
Train Consuming time:162.07 in the epoch: 11
total val iterations: 129 
average val loss 1.8599
accuracy ( less than 0.1 ): 0.2209
median val loss 0.5491
total test iterations: 129 
average test loss 1.8780
accuracy ( less than 0.1 ): 0.2173
median test loss 0.5423
Consuming time:212.17 in the epoch: 11
Best test loss is 1.88
---------------*****---------------
---------------*****---------------
Starting training the epoch: 12 
total batch: 599.765625 
batch:99 average train loss 1.8670
batch:199 average train loss 1.8562
batch:299 average train loss 1.8245
batch:399 average train loss 1.8275
batch:499 average train loss 1.8265
average train loss 1.8309
Train Consuming time:163.16 in the epoch: 12
total val iterations: 129 
average val loss 1.8544
accuracy ( less than 0.1 ): 0.2275
median val loss 0.5568
total test iterations: 129 
average test loss 1.8828
accuracy ( less than 0.1 ): 0.2238
median test loss 0.5562
Consuming time:209.38 in the epoch: 12
Best test loss is 1.88
---------------*****---------------
---------------*****---------------
Starting training the epoch: 13 
total batch: 599.765625 
batch:99 average train loss 1.8517
batch:199 average train loss 1.8454
batch:299 average train loss 1.8151
batch:399 average train loss 1.8170
batch:499 average train loss 1.8163
average train loss 1.8197
Train Consuming time:159.16 in the epoch: 13
total val iterations: 129 
average val loss 1.8522
accuracy ( less than 0.1 ): 0.2255
median val loss 0.5655
total test iterations: 129 
average test loss 1.8773
accuracy ( less than 0.1 ): 0.2230
median test loss 0.5643
Consuming time:205.27 in the epoch: 13
Best test loss is 1.88
---------------*****---------------
---------------*****---------------
Starting training the epoch: 14 
total batch: 599.765625 
batch:99 average train loss 1.8427
batch:199 average train loss 1.8363
batch:299 average train loss 1.8043
batch:399 average train loss 1.8061
batch:499 average train loss 1.8051
average train loss 1.8088
Train Consuming time:159.59 in the epoch: 14
total val iterations: 129 
average val loss 1.8648
accuracy ( less than 0.1 ): 0.2325
median val loss 0.5735
total test iterations: 129 
average test loss 1.8953
accuracy ( less than 0.1 ): 0.2330
median test loss 0.5900
Consuming time:205.87 in the epoch: 14
Best test loss is 1.88
---------------*****---------------
---------------*****---------------
Starting training the epoch: 15 
total batch: 599.765625 
batch:99 average train loss 1.8353
batch:199 average train loss 1.8315
batch:299 average train loss 1.7968
batch:399 average train loss 1.7968
batch:499 average train loss 1.7969
average train loss 1.8010
Train Consuming time:159.45 in the epoch: 15
total val iterations: 129 
average val loss 1.8565
accuracy ( less than 0.1 ): 0.2300
median val loss 0.5673
total test iterations: 129 
average test loss 1.8854
accuracy ( less than 0.1 ): 0.2318
median test loss 0.5698
Consuming time:205.69 in the epoch: 15
Best test loss is 1.88
---------------*****---------------
---------------*****---------------
Starting training the epoch: 16 
total batch: 599.765625 
batch:99 average train loss 1.8266
batch:199 average train loss 1.8206
batch:299 average train loss 1.7888
batch:399 average train loss 1.7886
batch:499 average train loss 1.7885
average train loss 1.7920
Train Consuming time:159.38 in the epoch: 16
total val iterations: 129 
average val loss 1.8533
accuracy ( less than 0.1 ): 0.2314
median val loss 0.5569
total test iterations: 129 
average test loss 1.8797
accuracy ( less than 0.1 ): 0.2310
median test loss 0.5523
Consuming time:205.55 in the epoch: 16
Best test loss is 1.88
---------------*****---------------
---------------*****---------------
Starting training the epoch: 17 
total batch: 599.765625 
batch:99 average train loss 1.8158
batch:199 average train loss 1.8076
batch:299 average train loss 1.7803
batch:399 average train loss 1.7816
batch:499 average train loss 1.7836
average train loss 1.7868
Train Consuming time:160.05 in the epoch: 17
total val iterations: 129 
average val loss 1.8455
accuracy ( less than 0.1 ): 0.2184
median val loss 0.5456
total test iterations: 129 
average test loss 1.8748
accuracy ( less than 0.1 ): 0.2208
median test loss 0.5467
Consuming time:206.85 in the epoch: 17
Best test loss is 1.87
---------------*****---------------
---------------*****---------------
Starting training the epoch: 18 
total batch: 599.765625 
batch:99 average train loss 1.8038
batch:199 average train loss 1.7974
batch:299 average train loss 1.7680
batch:399 average train loss 1.7692
batch:499 average train loss 1.7728
average train loss 1.7753
Train Consuming time:159.14 in the epoch: 18
total val iterations: 129 
average val loss 1.8494
accuracy ( less than 0.1 ): 0.2380
median val loss 0.5632
total test iterations: 129 
average test loss 1.8832
accuracy ( less than 0.1 ): 0.2356
median test loss 0.5704
Consuming time:205.39 in the epoch: 18
Best test loss is 1.87
---------------*****---------------
---------------*****---------------
Starting training the epoch: 19 
total batch: 599.765625 
batch:99 average train loss 1.8117
batch:199 average train loss 1.8012
batch:299 average train loss 1.7692
batch:399 average train loss 1.7695
batch:499 average train loss 1.7686
average train loss 1.7726
Train Consuming time:158.44 in the epoch: 19
total val iterations: 129 
average val loss 1.8376
accuracy ( less than 0.1 ): 0.2231
median val loss 0.5514
total test iterations: 129 
average test loss 1.8736
accuracy ( less than 0.1 ): 0.2229
median test loss 0.5562
Consuming time:204.07 in the epoch: 19
Best test loss is 1.87
---------------*****---------------
---------------*****---------------
Starting training the epoch: 20 
total batch: 599.765625 
batch:99 average train loss 1.7977
batch:199 average train loss 1.7856
batch:299 average train loss 1.7470
batch:399 average train loss 1.7449
batch:499 average train loss 1.7430
average train loss 1.7340
Train Consuming time:155.69 in the epoch: 20
total val iterations: 129 
average val loss 1.8175
accuracy ( less than 0.1 ): 0.2120
median val loss 0.5247
total test iterations: 129 
average test loss 1.8729
accuracy ( less than 0.1 ): 0.2140
median test loss 0.5386
Consuming time:199.36 in the epoch: 20
Best test loss is 1.87
---------------*****---------------
---------------*****---------------
Starting training the epoch: 21 
total batch: 599.765625 
batch:99 average train loss 1.7807
batch:199 average train loss 1.7659
batch:299 average train loss 1.7303
batch:399 average train loss 1.7298
batch:499 average train loss 1.7298
average train loss 1.7223
Train Consuming time:147.18 in the epoch: 21
total val iterations: 129 
average val loss 1.8141
accuracy ( less than 0.1 ): 0.2106
median val loss 0.5209
total test iterations: 129 
average test loss 1.8724
accuracy ( less than 0.1 ): 0.2140
median test loss 0.5347
Consuming time:191.26 in the epoch: 21
Best test loss is 1.87
---------------*****---------------
---------------*****---------------
Starting training the epoch: 22 
total batch: 599.765625 
batch:99 average train loss 1.7746
batch:199 average train loss 1.7581
batch:299 average train loss 1.7232
batch:399 average train loss 1.7237
batch:499 average train loss 1.7235
average train loss 1.7169
Train Consuming time:147.88 in the epoch: 22
total val iterations: 129 
average val loss 1.8127
accuracy ( less than 0.1 ): 0.2113
median val loss 0.5183
total test iterations: 129 
average test loss 1.8744
accuracy ( less than 0.1 ): 0.2125
median test loss 0.5333
Consuming time:192.01 in the epoch: 22
Best test loss is 1.87
---------------*****---------------
---------------*****---------------
Starting training the epoch: 23 
total batch: 599.765625 
batch:99 average train loss 1.7631
batch:199 average train loss 1.7495
batch:299 average train loss 1.7172
batch:399 average train loss 1.7173
batch:499 average train loss 1.7171
average train loss 1.7114
Train Consuming time:148.78 in the epoch: 23
total val iterations: 129 
average val loss 1.8114
accuracy ( less than 0.1 ): 0.2111
median val loss 0.5208
total test iterations: 129 
average test loss 1.8749
accuracy ( less than 0.1 ): 0.2131
median test loss 0.5337
Consuming time:193.22 in the epoch: 23
Best test loss is 1.87
---------------*****---------------
---------------*****---------------
Starting training the epoch: 24 
total batch: 599.765625 
batch:99 average train loss 1.7587
batch:199 average train loss 1.7463
batch:299 average train loss 1.7136
batch:399 average train loss 1.7144
batch:499 average train loss 1.7142
average train loss 1.7087
Train Consuming time:148.97 in the epoch: 24
total val iterations: 129 
average val loss 1.8119
accuracy ( less than 0.1 ): 0.2141
median val loss 0.5216
total test iterations: 129 
average test loss 1.8746
accuracy ( less than 0.1 ): 0.2139
median test loss 0.5306
Consuming time:193.46 in the epoch: 24
Best test loss is 1.87
---------------*****---------------
---------------*****---------------
Starting training the epoch: 25 
total batch: 599.765625 
batch:99 average train loss 1.7572
batch:199 average train loss 1.7445
batch:299 average train loss 1.7113
batch:399 average train loss 1.7112
batch:499 average train loss 1.7113
average train loss 1.7063
Train Consuming time:148.93 in the epoch: 25
total val iterations: 129 
average val loss 1.8119
accuracy ( less than 0.1 ): 0.2126
median val loss 0.5181
total test iterations: 129 
average test loss 1.8762
accuracy ( less than 0.1 ): 0.2130
median test loss 0.5304
Consuming time:193.25 in the epoch: 25
Best test loss is 1.87
---------------*****---------------
---------------*****---------------
Starting training the epoch: 26 
total batch: 599.765625 
batch:99 average train loss 1.7534
batch:199 average train loss 1.7400
batch:299 average train loss 1.7078
batch:399 average train loss 1.7093
batch:499 average train loss 1.7089
average train loss 1.7045
Train Consuming time:148.96 in the epoch: 26
total val iterations: 129 
average val loss 1.8098
accuracy ( less than 0.1 ): 0.2135
median val loss 0.5155
total test iterations: 129 
average test loss 1.8758
accuracy ( less than 0.1 ): 0.2133
median test loss 0.5315
Consuming time:193.47 in the epoch: 26
Best test loss is 1.87
---------------*****---------------
---------------*****---------------
Starting training the epoch: 27 
total batch: 599.765625 
batch:99 average train loss 1.7498
batch:199 average train loss 1.7358
batch:299 average train loss 1.7045
batch:399 average train loss 1.7063
batch:499 average train loss 1.7062
average train loss 1.7020
Train Consuming time:149.02 in the epoch: 27
total val iterations: 129 
average val loss 1.8115
accuracy ( less than 0.1 ): 0.2144
median val loss 0.5132
total test iterations: 129 
average test loss 1.8755
accuracy ( less than 0.1 ): 0.2134
median test loss 0.5299
Consuming time:193.69 in the epoch: 27
Best test loss is 1.87
---------------*****---------------
---------------*****---------------
Starting training the epoch: 28 
total batch: 599.765625 
batch:99 average train loss 1.7469
batch:199 average train loss 1.7334
batch:299 average train loss 1.7025
batch:399 average train loss 1.7044
batch:499 average train loss 1.7048
average train loss 1.7009
Train Consuming time:149.17 in the epoch: 28
total val iterations: 129 
average val loss 1.8128
accuracy ( less than 0.1 ): 0.2144
median val loss 0.5180
total test iterations: 129 
average test loss 1.8763
accuracy ( less than 0.1 ): 0.2137
median test loss 0.5305
Consuming time:193.62 in the epoch: 28
Best test loss is 1.87
---------------*****---------------
---------------*****---------------
Starting training the epoch: 29 
total batch: 599.765625 
batch:99 average train loss 1.7430
batch:199 average train loss 1.7302
batch:299 average train loss 1.7009
batch:399 average train loss 1.7028
batch:499 average train loss 1.7030
average train loss 1.6990
Train Consuming time:149.05 in the epoch: 29
total val iterations: 129 
average val loss 1.8109
accuracy ( less than 0.1 ): 0.2146
median val loss 0.5168
total test iterations: 129 
average test loss 1.8772
accuracy ( less than 0.1 ): 0.2135
median test loss 0.5292
Consuming time:193.53 in the epoch: 29
Best test loss is 1.87
---------------*****---------------
---------------*****---------------
Starting training the epoch: 30 
total batch: 599.765625 
batch:99 average train loss 1.7405
batch:199 average train loss 1.7286
batch:299 average train loss 1.6987
batch:399 average train loss 1.7006
batch:499 average train loss 1.7006
average train loss 1.6969
Train Consuming time:148.92 in the epoch: 30
total val iterations: 129 
average val loss 1.8104
accuracy ( less than 0.1 ): 0.2148
median val loss 0.5198
total test iterations: 129 
average test loss 1.8762
accuracy ( less than 0.1 ): 0.2145
median test loss 0.5264
Consuming time:193.45 in the epoch: 30
Best test loss is 1.87
---------------*****---------------
---------------*****---------------
Starting training the epoch: 31 
total batch: 599.765625 
batch:99 average train loss 1.7399
batch:199 average train loss 1.7272
batch:299 average train loss 1.6966
batch:399 average train loss 1.6986
batch:499 average train loss 1.6989
average train loss 1.6955
Train Consuming time:148.34 in the epoch: 31
total val iterations: 129 
average val loss 1.8115
accuracy ( less than 0.1 ): 0.2152
median val loss 0.5206
total test iterations: 129 
average test loss 1.8765
accuracy ( less than 0.1 ): 0.2153
median test loss 0.5309
Consuming time:192.77 in the epoch: 31
Best test loss is 1.87
---------------*****---------------
---------------*****---------------
Starting training the epoch: 32 
total batch: 599.765625 
batch:99 average train loss 1.7385
batch:199 average train loss 1.7254
batch:299 average train loss 1.6954
batch:399 average train loss 1.6972
batch:499 average train loss 1.6976
average train loss 1.6941
Train Consuming time:147.62 in the epoch: 32
total val iterations: 129 
average val loss 1.8119
accuracy ( less than 0.1 ): 0.2150
median val loss 0.5233
total test iterations: 129 
average test loss 1.8751
accuracy ( less than 0.1 ): 0.2152
median test loss 0.5312
Consuming time:192.12 in the epoch: 32
Best test loss is 1.87
---------------*****---------------
---------------*****---------------
Starting training the epoch: 33 
total batch: 599.765625 
batch:99 average train loss 1.7367
batch:199 average train loss 1.7233
batch:299 average train loss 1.6938
batch:399 average train loss 1.6959
batch:499 average train loss 1.6962
average train loss 1.6931
Train Consuming time:147.65 in the epoch: 33
total val iterations: 129 
average val loss 1.8116
accuracy ( less than 0.1 ): 0.2131
median val loss 0.5190
total test iterations: 129 
average test loss 1.8762
accuracy ( less than 0.1 ): 0.2125
median test loss 0.5265
Consuming time:192.20 in the epoch: 33
Best test loss is 1.87
---------------*****---------------
---------------*****---------------
Starting training the epoch: 34 
total batch: 599.765625 
batch:99 average train loss 1.7348
batch:199 average train loss 1.7213
batch:299 average train loss 1.6916
batch:399 average train loss 1.6937
batch:499 average train loss 1.6943
average train loss 1.6913
Train Consuming time:147.65 in the epoch: 34
total val iterations: 129 
average val loss 1.8123
accuracy ( less than 0.1 ): 0.2156
median val loss 0.5216
total test iterations: 129 
average test loss 1.8769
accuracy ( less than 0.1 ): 0.2159
median test loss 0.5322
Consuming time:192.17 in the epoch: 34
Best test loss is 1.87
---------------*****---------------
---------------*****---------------
Starting training the epoch: 35 
total batch: 599.765625 
batch:99 average train loss 1.7342
batch:199 average train loss 1.7212
batch:299 average train loss 1.6916
batch:399 average train loss 1.6933
batch:499 average train loss 1.6936
average train loss 1.6907
Train Consuming time:147.58 in the epoch: 35
total val iterations: 129 
average val loss 1.8117
accuracy ( less than 0.1 ): 0.2145
median val loss 0.5225
total test iterations: 129 
average test loss 1.8760
accuracy ( less than 0.1 ): 0.2145
median test loss 0.5280
Consuming time:192.15 in the epoch: 35
Best test loss is 1.87
---------------*****---------------
---------------*****---------------
Starting training the epoch: 36 
total batch: 599.765625 
batch:99 average train loss 1.7327
batch:199 average train loss 1.7192
batch:299 average train loss 1.6896
batch:399 average train loss 1.6916
batch:499 average train loss 1.6921
average train loss 1.6894
Train Consuming time:147.60 in the epoch: 36
total val iterations: 129 
average val loss 1.8110
accuracy ( less than 0.1 ): 0.2136
median val loss 0.5217
total test iterations: 129 
average test loss 1.8774
accuracy ( less than 0.1 ): 0.2151
median test loss 0.5271
Consuming time:192.21 in the epoch: 36
Best test loss is 1.87
---------------*****---------------
---------------*****---------------
Starting training the epoch: 37 
total batch: 599.765625 
batch:99 average train loss 1.7312
batch:199 average train loss 1.7178
batch:299 average train loss 1.6879
batch:399 average train loss 1.6899
batch:499 average train loss 1.6908
average train loss 1.6884
Train Consuming time:147.41 in the epoch: 37
total val iterations: 129 
average val loss 1.8118
accuracy ( less than 0.1 ): 0.2163
median val loss 0.5185
total test iterations: 129 
average test loss 1.8757
accuracy ( less than 0.1 ): 0.2141
median test loss 0.5291
Consuming time:191.88 in the epoch: 37
Best test loss is 1.87
---------------*****---------------
---------------*****---------------
Starting training the epoch: 38 
total batch: 599.765625 
batch:99 average train loss 1.7293
batch:199 average train loss 1.7156
batch:299 average train loss 1.6862
batch:399 average train loss 1.6887
batch:499 average train loss 1.6891
average train loss 1.6869
Train Consuming time:149.02 in the epoch: 38
total val iterations: 129 
average val loss 1.8118
accuracy ( less than 0.1 ): 0.2142
median val loss 0.5203
total test iterations: 129 
average test loss 1.8754
accuracy ( less than 0.1 ): 0.2139
median test loss 0.5260
Consuming time:193.59 in the epoch: 38
Best test loss is 1.87
---------------*****---------------
---------------*****---------------
Starting training the epoch: 39 
total batch: 599.765625 
batch:99 average train loss 1.7281
batch:199 average train loss 1.7149
batch:299 average train loss 1.6851
batch:399 average train loss 1.6876
batch:499 average train loss 1.6883
average train loss 1.6861
Train Consuming time:148.94 in the epoch: 39
total val iterations: 129 
average val loss 1.8106
accuracy ( less than 0.1 ): 0.2118
median val loss 0.5218
total test iterations: 129 
average test loss 1.8761
accuracy ( less than 0.1 ): 0.2137
median test loss 0.5279
Consuming time:193.46 in the epoch: 39
Best test loss is 1.87
---------------*****---------------
---------------*****---------------
Starting training the epoch: 40 
total batch: 599.765625 
batch:99 average train loss 1.7286
batch:199 average train loss 1.7140
batch:299 average train loss 1.6843
batch:399 average train loss 1.6866
batch:499 average train loss 1.6873
average train loss 1.6853
Train Consuming time:148.91 in the epoch: 40
total val iterations: 129 
average val loss 1.8114
accuracy ( less than 0.1 ): 0.2131
median val loss 0.5234
total test iterations: 129 
average test loss 1.8754
accuracy ( less than 0.1 ): 0.2155
median test loss 0.5295
Consuming time:193.37 in the epoch: 40
Best test loss is 1.87
---------------*****---------------
---------------*****---------------
Starting training the epoch: 41 
total batch: 599.765625 
batch:99 average train loss 1.7273
batch:199 average train loss 1.7132
batch:299 average train loss 1.6835
batch:399 average train loss 1.6859
batch:499 average train loss 1.6865
average train loss 1.6845
Train Consuming time:148.91 in the epoch: 41
total val iterations: 129 
average val loss 1.8134
accuracy ( less than 0.1 ): 0.2142
median val loss 0.5197
total test iterations: 129 
average test loss 1.8754
accuracy ( less than 0.1 ): 0.2128
median test loss 0.5275
Consuming time:193.46 in the epoch: 41
Best test loss is 1.87
---------------*****---------------
---------------*****---------------
Starting training the epoch: 42 
total batch: 599.765625 
batch:99 average train loss 1.7252
batch:199 average train loss 1.7109
batch:299 average train loss 1.6816
batch:399 average train loss 1.6843
batch:499 average train loss 1.6852
average train loss 1.6834
Train Consuming time:148.94 in the epoch: 42
total val iterations: 129 
average val loss 1.8123
accuracy ( less than 0.1 ): 0.2134
median val loss 0.5198
total test iterations: 129 
average test loss 1.8749
accuracy ( less than 0.1 ): 0.2145
median test loss 0.5289
Consuming time:193.43 in the epoch: 42
Best test loss is 1.87
---------------*****---------------
---------------*****---------------
Starting training the epoch: 43 
total batch: 599.765625 
batch:99 average train loss 1.7242
batch:199 average train loss 1.7101
batch:299 average train loss 1.6807
batch:399 average train loss 1.6832
batch:499 average train loss 1.6844
average train loss 1.6826
Train Consuming time:147.58 in the epoch: 43
total val iterations: 129 
average val loss 1.8119
accuracy ( less than 0.1 ): 0.2124
median val loss 0.5194
total test iterations: 129 
average test loss 1.8756
accuracy ( less than 0.1 ): 0.2126
median test loss 0.5279
Consuming time:191.04 in the epoch: 43
Best test loss is 1.87
---------------*****---------------
---------------*****---------------
Starting training the epoch: 44 
total batch: 599.765625 
batch:99 average train loss 1.7237
batch:199 average train loss 1.7093
batch:299 average train loss 1.6800
batch:399 average train loss 1.6825
batch:499 average train loss 1.6835
average train loss 1.6818
Train Consuming time:145.16 in the epoch: 44
total val iterations: 129 
average val loss 1.8127
accuracy ( less than 0.1 ): 0.2126
median val loss 0.5245
total test iterations: 129 
average test loss 1.8757
accuracy ( less than 0.1 ): 0.2144
median test loss 0.5282
Consuming time:188.53 in the epoch: 44
Best test loss is 1.87
---------------*****---------------
---------------*****---------------
Starting training the epoch: 45 
total batch: 599.765625 
batch:99 average train loss 1.7231
batch:199 average train loss 1.7089
batch:299 average train loss 1.6796
batch:399 average train loss 1.6820
batch:499 average train loss 1.6829
average train loss 1.6813
Train Consuming time:146.20 in the epoch: 45
total val iterations: 129 
average val loss 1.8128
accuracy ( less than 0.1 ): 0.2119
median val loss 0.5254
total test iterations: 129 
average test loss 1.8759
accuracy ( less than 0.1 ): 0.2142
median test loss 0.5295
Consuming time:190.67 in the epoch: 45
Best test loss is 1.87
---------------*****---------------
---------------*****---------------
Starting training the epoch: 46 
total batch: 599.765625 
batch:99 average train loss 1.7227
batch:199 average train loss 1.7082
batch:299 average train loss 1.6788
batch:399 average train loss 1.6812
batch:499 average train loss 1.6825
average train loss 1.6807
Train Consuming time:149.77 in the epoch: 46
total val iterations: 129 
average val loss 1.8103
accuracy ( less than 0.1 ): 0.2128
median val loss 0.5185
total test iterations: 129 
average test loss 1.8746
accuracy ( less than 0.1 ): 0.2141
median test loss 0.5284
Consuming time:194.48 in the epoch: 46
Best test loss is 1.87
---------------*****---------------
---------------*****---------------
Starting training the epoch: 47 
total batch: 599.765625 
batch:99 average train loss 1.7219
batch:199 average train loss 1.7075
batch:299 average train loss 1.6781
batch:399 average train loss 1.6804
batch:499 average train loss 1.6816
average train loss 1.6801
Train Consuming time:148.42 in the epoch: 47
total val iterations: 129 
average val loss 1.8120
accuracy ( less than 0.1 ): 0.2130
median val loss 0.5213
total test iterations: 129 
average test loss 1.8750
accuracy ( less than 0.1 ): 0.2129
median test loss 0.5276
Consuming time:192.40 in the epoch: 47
Best test loss is 1.87
---------------*****---------------
---------------*****---------------
Starting training the epoch: 48 
total batch: 599.765625 
batch:99 average train loss 1.7194
batch:199 average train loss 1.7053
batch:299 average train loss 1.6769
batch:399 average train loss 1.6790
batch:499 average train loss 1.6801
average train loss 1.6786
Train Consuming time:146.99 in the epoch: 48
total val iterations: 129 
average val loss 1.8119
accuracy ( less than 0.1 ): 0.2128
median val loss 0.5198
total test iterations: 129 
average test loss 1.8750
accuracy ( less than 0.1 ): 0.2140
median test loss 0.5299
Consuming time:190.99 in the epoch: 48
Best test loss is 1.87
---------------*****---------------
---------------*****---------------
Starting training the epoch: 49 
total batch: 599.765625 
batch:99 average train loss 1.7188
batch:199 average train loss 1.7043
batch:299 average train loss 1.6757
batch:399 average train loss 1.6783
batch:499 average train loss 1.6797
average train loss 1.6782
Train Consuming time:147.21 in the epoch: 49
total val iterations: 129 
average val loss 1.8115
accuracy ( less than 0.1 ): 0.2109
median val loss 0.5202
total test iterations: 129 
average test loss 1.8754
accuracy ( less than 0.1 ): 0.2122
median test loss 0.5304
Consuming time:191.35 in the epoch: 49
Best test loss is 1.87
---------------*****---------------
