/home/ta/anaconda3/lib/python3.6/site-packages/numba/decorators.py:149: RuntimeWarning: Caching is not available when the 'parallel' target is in use. Caching is now being disabled to allow execution to continue.
  warnings.warn(msg, RuntimeWarning)
/home/ta/anaconda3/lib/python3.6/site-packages/tensorflow/python/framework/dtypes.py:516: FutureWarning: Passing (type, 1) or '1type' as a synonym of type is deprecated; in a future version of numpy, it will be understood as (type, (1,)) / '(1,)type'.
  _np_qint8 = np.dtype([("qint8", np.int8, 1)])
/home/ta/anaconda3/lib/python3.6/site-packages/tensorflow/python/framework/dtypes.py:517: FutureWarning: Passing (type, 1) or '1type' as a synonym of type is deprecated; in a future version of numpy, it will be understood as (type, (1,)) / '(1,)type'.
  _np_quint8 = np.dtype([("quint8", np.uint8, 1)])
/home/ta/anaconda3/lib/python3.6/site-packages/tensorflow/python/framework/dtypes.py:518: FutureWarning: Passing (type, 1) or '1type' as a synonym of type is deprecated; in a future version of numpy, it will be understood as (type, (1,)) / '(1,)type'.
  _np_qint16 = np.dtype([("qint16", np.int16, 1)])
/home/ta/anaconda3/lib/python3.6/site-packages/tensorflow/python/framework/dtypes.py:519: FutureWarning: Passing (type, 1) or '1type' as a synonym of type is deprecated; in a future version of numpy, it will be understood as (type, (1,)) / '(1,)type'.
  _np_quint16 = np.dtype([("quint16", np.uint16, 1)])
/home/ta/anaconda3/lib/python3.6/site-packages/tensorflow/python/framework/dtypes.py:520: FutureWarning: Passing (type, 1) or '1type' as a synonym of type is deprecated; in a future version of numpy, it will be understood as (type, (1,)) / '(1,)type'.
  _np_qint32 = np.dtype([("qint32", np.int32, 1)])
/home/ta/anaconda3/lib/python3.6/site-packages/tensorflow/python/framework/dtypes.py:525: FutureWarning: Passing (type, 1) or '1type' as a synonym of type is deprecated; in a future version of numpy, it will be understood as (type, (1,)) / '(1,)type'.
  np_resource = np.dtype([("resource", np.ubyte, 1)])
/home/ta/.local/lib/python3.6/site-packages/tensorboard/compat/tensorflow_stub/dtypes.py:541: FutureWarning: Passing (type, 1) or '1type' as a synonym of type is deprecated; in a future version of numpy, it will be understood as (type, (1,)) / '(1,)type'.
  _np_qint8 = np.dtype([("qint8", np.int8, 1)])
/home/ta/.local/lib/python3.6/site-packages/tensorboard/compat/tensorflow_stub/dtypes.py:542: FutureWarning: Passing (type, 1) or '1type' as a synonym of type is deprecated; in a future version of numpy, it will be understood as (type, (1,)) / '(1,)type'.
  _np_quint8 = np.dtype([("quint8", np.uint8, 1)])
/home/ta/.local/lib/python3.6/site-packages/tensorboard/compat/tensorflow_stub/dtypes.py:543: FutureWarning: Passing (type, 1) or '1type' as a synonym of type is deprecated; in a future version of numpy, it will be understood as (type, (1,)) / '(1,)type'.
  _np_qint16 = np.dtype([("qint16", np.int16, 1)])
/home/ta/.local/lib/python3.6/site-packages/tensorboard/compat/tensorflow_stub/dtypes.py:544: FutureWarning: Passing (type, 1) or '1type' as a synonym of type is deprecated; in a future version of numpy, it will be understood as (type, (1,)) / '(1,)type'.
  _np_quint16 = np.dtype([("quint16", np.uint16, 1)])
/home/ta/.local/lib/python3.6/site-packages/tensorboard/compat/tensorflow_stub/dtypes.py:545: FutureWarning: Passing (type, 1) or '1type' as a synonym of type is deprecated; in a future version of numpy, it will be understood as (type, (1,)) / '(1,)type'.
  _np_qint32 = np.dtype([("qint32", np.int32, 1)])
/home/ta/.local/lib/python3.6/site-packages/tensorboard/compat/tensorflow_stub/dtypes.py:550: FutureWarning: Passing (type, 1) or '1type' as a synonym of type is deprecated; in a future version of numpy, it will be understood as (type, (1,)) / '(1,)type'.
  np_resource = np.dtype([("resource", np.ubyte, 1)])
===================configuration===================
learning rate :0.001 
num_mlp_layers : 1
num_layers : 2
gnn input_features : 100
gnn output_features : 64
input of rnn/transformer : 64
hidden_size (out put of rnn/tranformer) : 64
observation hour [7,19]
observation interval : 180
observation threshold : 1780
prediction time : 86400
cascade length [10,1000]
model save at : ../model_save/cas2vec/citation/
====bidirected: True, attention: GAT, gcn_type: self, rnn: gru====
===================configuration===================
len(Y_train), len(Y_valid), len(Y_test): 20434 4379 4379
preparing time:19.877404928207397
total parameters 86005
---------------*****---------------
Starting training the epoch: 0 
total batch: 319.28125 
batch:99 average train loss 2.3715
batch:199 average train loss 2.0616
batch:299 average train loss 1.9447
average train loss 1.9302
Train Consuming time:113.89 in the epoch: 0
total val iterations: 69 
average val loss 1.5847
accuracy ( less than 0.1 ): 0.1225
median val loss 0.6934
total test iterations: 69 
average test loss 1.5485
accuracy ( less than 0.1 ): 0.1250
median test loss 0.6633
Consuming time:158.72 in the epoch: 0
Best test loss is 1.55
---------------*****---------------
---------------*****---------------
Starting training the epoch: 1 
total batch: 319.28125 
batch:99 average train loss 1.6335
batch:199 average train loss 1.6176
batch:299 average train loss 1.6193
average train loss 1.6198
Train Consuming time:12.72 in the epoch: 1
total val iterations: 69 
average val loss 1.5966
accuracy ( less than 0.1 ): 0.1052
median val loss 0.7356
total test iterations: 69 
average test loss 1.5500
accuracy ( less than 0.1 ): 0.1075
median test loss 0.6954
Consuming time:15.64 in the epoch: 1
Best test loss is 1.55
---------------*****---------------
---------------*****---------------
Starting training the epoch: 2 
total batch: 319.28125 
batch:99 average train loss 1.5728
batch:199 average train loss 1.5586
batch:299 average train loss 1.5691
average train loss 1.5708
Train Consuming time:12.48 in the epoch: 2
total val iterations: 69 
average val loss 1.5264
accuracy ( less than 0.1 ): 0.1234
median val loss 0.6641
total test iterations: 69 
average test loss 1.4856
accuracy ( less than 0.1 ): 0.1314
median test loss 0.6556
Consuming time:15.35 in the epoch: 2
Best test loss is 1.49
---------------*****---------------
---------------*****---------------
Starting training the epoch: 3 
total batch: 319.28125 
batch:99 average train loss 1.5420
batch:199 average train loss 1.5309
batch:299 average train loss 1.5395
average train loss 1.5414
Train Consuming time:12.35 in the epoch: 3
total val iterations: 69 
average val loss 1.4986
accuracy ( less than 0.1 ): 0.1409
median val loss 0.6471
total test iterations: 69 
average test loss 1.4606
accuracy ( less than 0.1 ): 0.1491
median test loss 0.6214
Consuming time:15.20 in the epoch: 3
Best test loss is 1.46
---------------*****---------------
---------------*****---------------
Starting training the epoch: 4 
total batch: 319.28125 
batch:99 average train loss 1.5311
batch:199 average train loss 1.5154
batch:299 average train loss 1.5226
average train loss 1.5248
Train Consuming time:12.13 in the epoch: 4
total val iterations: 69 
average val loss 1.4962
accuracy ( less than 0.1 ): 0.1526
median val loss 0.6462
total test iterations: 69 
average test loss 1.4582
accuracy ( less than 0.1 ): 0.1585
median test loss 0.6097
Consuming time:14.96 in the epoch: 4
Best test loss is 1.46
---------------*****---------------
---------------*****---------------
Starting training the epoch: 5 
total batch: 319.28125 
batch:99 average train loss 1.5269
batch:199 average train loss 1.5100
batch:299 average train loss 1.5166
average train loss 1.5168
Train Consuming time:12.31 in the epoch: 5
total val iterations: 69 
average val loss 1.4955
accuracy ( less than 0.1 ): 0.1482
median val loss 0.6444
total test iterations: 69 
average test loss 1.4554
accuracy ( less than 0.1 ): 0.1517
median test loss 0.6230
Consuming time:15.14 in the epoch: 5
Best test loss is 1.46
---------------*****---------------
---------------*****---------------
Starting training the epoch: 6 
total batch: 319.28125 
batch:99 average train loss 1.5225
batch:199 average train loss 1.5039
batch:299 average train loss 1.5084
average train loss 1.5093
Train Consuming time:12.25 in the epoch: 6
total val iterations: 69 
average val loss 1.4947
accuracy ( less than 0.1 ): 0.1507
median val loss 0.6460
total test iterations: 69 
average test loss 1.4548
accuracy ( less than 0.1 ): 0.1553
median test loss 0.6084
Consuming time:15.07 in the epoch: 6
Best test loss is 1.45
---------------*****---------------
---------------*****---------------
Starting training the epoch: 7 
total batch: 319.28125 
batch:99 average train loss 1.5142
batch:199 average train loss 1.4976
batch:299 average train loss 1.5016
average train loss 1.5019
Train Consuming time:12.37 in the epoch: 7
total val iterations: 69 
average val loss 1.4960
accuracy ( less than 0.1 ): 0.1537
median val loss 0.6441
total test iterations: 69 
average test loss 1.4577
accuracy ( less than 0.1 ): 0.1611
median test loss 0.6018
Consuming time:15.19 in the epoch: 7
Best test loss is 1.45
---------------*****---------------
---------------*****---------------
Starting training the epoch: 8 
total batch: 319.28125 
batch:99 average train loss 1.5086
batch:199 average train loss 1.4928
batch:299 average train loss 1.4971
average train loss 1.4989
Train Consuming time:12.30 in the epoch: 8
total val iterations: 69 
average val loss 1.4900
accuracy ( less than 0.1 ): 0.1351
median val loss 0.6475
total test iterations: 69 
average test loss 1.4391
accuracy ( less than 0.1 ): 0.1459
median test loss 0.6039
Consuming time:15.12 in the epoch: 8
Best test loss is 1.44
---------------*****---------------
---------------*****---------------
Starting training the epoch: 9 
total batch: 319.28125 
batch:99 average train loss 1.5030
batch:199 average train loss 1.4863
batch:299 average train loss 1.4894
average train loss 1.4900
Train Consuming time:12.32 in the epoch: 9
total val iterations: 69 
average val loss 1.4833
accuracy ( less than 0.1 ): 0.1353
median val loss 0.6459
total test iterations: 69 
average test loss 1.4376
accuracy ( less than 0.1 ): 0.1432
median test loss 0.5975
Consuming time:15.14 in the epoch: 9
Best test loss is 1.44
---------------*****---------------
---------------*****---------------
Starting training the epoch: 10 
total batch: 319.28125 
batch:99 average train loss 1.4995
batch:199 average train loss 1.4817
batch:299 average train loss 1.4831
average train loss 1.4844
Train Consuming time:12.38 in the epoch: 10
total val iterations: 69 
average val loss 1.4867
accuracy ( less than 0.1 ): 0.1268
median val loss 0.6514
total test iterations: 69 
average test loss 1.4385
accuracy ( less than 0.1 ): 0.1307
median test loss 0.6169
Consuming time:15.24 in the epoch: 10
Best test loss is 1.44
---------------*****---------------
---------------*****---------------
Starting training the epoch: 11 
total batch: 319.28125 
batch:99 average train loss 1.4965
batch:199 average train loss 1.4786
batch:299 average train loss 1.4788
average train loss 1.4801
Train Consuming time:12.61 in the epoch: 11
total val iterations: 69 
average val loss 1.4940
accuracy ( less than 0.1 ): 0.1216
median val loss 0.6682
total test iterations: 69 
average test loss 1.4412
accuracy ( less than 0.1 ): 0.1301
median test loss 0.6205
Consuming time:15.50 in the epoch: 11
Best test loss is 1.44
---------------*****---------------
---------------*****---------------
Starting training the epoch: 12 
total batch: 319.28125 
batch:99 average train loss 1.4866
batch:199 average train loss 1.4701
batch:299 average train loss 1.4712
average train loss 1.4723
Train Consuming time:12.38 in the epoch: 12
total val iterations: 69 
average val loss 1.4905
accuracy ( less than 0.1 ): 0.1248
median val loss 0.6610
total test iterations: 69 
average test loss 1.4384
accuracy ( less than 0.1 ): 0.1275
median test loss 0.6076
Consuming time:15.27 in the epoch: 12
Best test loss is 1.44
---------------*****---------------
---------------*****---------------
Starting training the epoch: 13 
total batch: 319.28125 
batch:99 average train loss 1.4825
batch:199 average train loss 1.4669
batch:299 average train loss 1.4691
average train loss 1.4701
Train Consuming time:12.57 in the epoch: 13
total val iterations: 69 
average val loss 1.4807
accuracy ( less than 0.1 ): 0.1266
median val loss 0.6621
total test iterations: 69 
average test loss 1.4309
accuracy ( less than 0.1 ): 0.1372
median test loss 0.6068
Consuming time:15.52 in the epoch: 13
Best test loss is 1.43
---------------*****---------------
---------------*****---------------
Starting training the epoch: 14 
total batch: 319.28125 
batch:99 average train loss 1.4758
batch:199 average train loss 1.4601
batch:299 average train loss 1.4632
average train loss 1.4648
Train Consuming time:12.64 in the epoch: 14
total val iterations: 69 
average val loss 1.4877
accuracy ( less than 0.1 ): 0.1255
median val loss 0.6617
total test iterations: 69 
average test loss 1.4353
accuracy ( less than 0.1 ): 0.1314
median test loss 0.6112
Consuming time:15.53 in the epoch: 14
Best test loss is 1.43
---------------*****---------------
---------------*****---------------
Starting training the epoch: 15 
total batch: 319.28125 
batch:99 average train loss 1.4711
batch:199 average train loss 1.4561
batch:299 average train loss 1.4602
average train loss 1.4625
Train Consuming time:12.53 in the epoch: 15
total val iterations: 69 
average val loss 1.4820
accuracy ( less than 0.1 ): 0.1264
median val loss 0.6530
total test iterations: 69 
average test loss 1.4268
accuracy ( less than 0.1 ): 0.1317
median test loss 0.6051
Consuming time:15.45 in the epoch: 15
Best test loss is 1.43
---------------*****---------------
---------------*****---------------
Starting training the epoch: 16 
total batch: 319.28125 
batch:99 average train loss 1.4667
batch:199 average train loss 1.4523
batch:299 average train loss 1.4551
average train loss 1.4575
Train Consuming time:12.47 in the epoch: 16
total val iterations: 69 
average val loss 1.4822
accuracy ( less than 0.1 ): 0.1314
median val loss 0.6458
total test iterations: 69 
average test loss 1.4300
accuracy ( less than 0.1 ): 0.1369
median test loss 0.6182
Consuming time:15.39 in the epoch: 16
Best test loss is 1.43
---------------*****---------------
---------------*****---------------
Starting training the epoch: 17 
total batch: 319.28125 
batch:99 average train loss 1.4615
batch:199 average train loss 1.4468
batch:299 average train loss 1.4501
average train loss 1.4520
Train Consuming time:12.66 in the epoch: 17
total val iterations: 69 
average val loss 1.4945
accuracy ( less than 0.1 ): 0.1282
median val loss 0.6691
total test iterations: 69 
average test loss 1.4332
accuracy ( less than 0.1 ): 0.1319
median test loss 0.6020
Consuming time:15.59 in the epoch: 17
Best test loss is 1.43
---------------*****---------------
---------------*****---------------
Starting training the epoch: 18 
total batch: 319.28125 
batch:99 average train loss 1.4598
batch:199 average train loss 1.4441
batch:299 average train loss 1.4473
average train loss 1.4494
Train Consuming time:12.40 in the epoch: 18
total val iterations: 69 
average val loss 1.4829
accuracy ( less than 0.1 ): 0.1411
median val loss 0.6546
total test iterations: 69 
average test loss 1.4288
accuracy ( less than 0.1 ): 0.1455
median test loss 0.6089
Consuming time:15.24 in the epoch: 18
Best test loss is 1.43
---------------*****---------------
---------------*****---------------
Starting training the epoch: 19 
total batch: 319.28125 
batch:99 average train loss 1.4560
batch:199 average train loss 1.4409
batch:299 average train loss 1.4437
average train loss 1.4462
Train Consuming time:12.26 in the epoch: 19
total val iterations: 69 
average val loss 1.4935
accuracy ( less than 0.1 ): 0.1372
median val loss 0.6554
total test iterations: 69 
average test loss 1.4397
accuracy ( less than 0.1 ): 0.1422
median test loss 0.6104
Consuming time:15.10 in the epoch: 19
Best test loss is 1.43
---------------*****---------------
---------------*****---------------
Starting training the epoch: 20 
total batch: 319.28125 
batch:99 average train loss 1.4260
batch:199 average train loss 1.4114
batch:299 average train loss 1.4099
average train loss 1.4073
Train Consuming time:12.00 in the epoch: 20
total val iterations: 69 
average val loss 1.4746
accuracy ( less than 0.1 ): 0.1521
median val loss 0.6391
total test iterations: 69 
average test loss 1.4222
accuracy ( less than 0.1 ): 0.1595
median test loss 0.6166
Consuming time:14.80 in the epoch: 20
Best test loss is 1.42
---------------*****---------------
---------------*****---------------
Starting training the epoch: 21 
total batch: 319.28125 
batch:99 average train loss 1.4126
batch:199 average train loss 1.3995
batch:299 average train loss 1.3995
average train loss 1.3977
Train Consuming time:12.04 in the epoch: 21
total val iterations: 69 
average val loss 1.4724
accuracy ( less than 0.1 ): 0.1521
median val loss 0.6370
total test iterations: 69 
average test loss 1.4194
accuracy ( less than 0.1 ): 0.1590
median test loss 0.6075
Consuming time:14.88 in the epoch: 21
Best test loss is 1.42
---------------*****---------------
---------------*****---------------
Starting training the epoch: 22 
total batch: 319.28125 
batch:99 average train loss 1.4093
batch:199 average train loss 1.3954
batch:299 average train loss 1.3955
average train loss 1.3941
Train Consuming time:11.84 in the epoch: 22
total val iterations: 69 
average val loss 1.4723
accuracy ( less than 0.1 ): 0.1517
median val loss 0.6373
total test iterations: 69 
average test loss 1.4187
accuracy ( less than 0.1 ): 0.1595
median test loss 0.6077
Consuming time:14.64 in the epoch: 22
Best test loss is 1.42
---------------*****---------------
---------------*****---------------
Starting training the epoch: 23 
total batch: 319.28125 
batch:99 average train loss 1.4071
batch:199 average train loss 1.3929
batch:299 average train loss 1.3930
average train loss 1.3919
Train Consuming time:12.15 in the epoch: 23
total val iterations: 69 
average val loss 1.4724
accuracy ( less than 0.1 ): 0.1519
median val loss 0.6399
total test iterations: 69 
average test loss 1.4179
accuracy ( less than 0.1 ): 0.1599
median test loss 0.6074
Consuming time:14.97 in the epoch: 23
Best test loss is 1.42
---------------*****---------------
---------------*****---------------
Starting training the epoch: 24 
total batch: 319.28125 
batch:99 average train loss 1.4056
batch:199 average train loss 1.3912
batch:299 average train loss 1.3914
average train loss 1.3905
Train Consuming time:12.26 in the epoch: 24
total val iterations: 69 
average val loss 1.4728
accuracy ( less than 0.1 ): 0.1514
median val loss 0.6409
total test iterations: 69 
average test loss 1.4175
accuracy ( less than 0.1 ): 0.1608
median test loss 0.6052
Consuming time:15.06 in the epoch: 24
Best test loss is 1.42
---------------*****---------------
---------------*****---------------
Starting training the epoch: 25 
total batch: 319.28125 
batch:99 average train loss 1.4040
batch:199 average train loss 1.3895
batch:299 average train loss 1.3901
average train loss 1.3893
Train Consuming time:12.25 in the epoch: 25
total val iterations: 69 
average val loss 1.4730
accuracy ( less than 0.1 ): 0.1519
median val loss 0.6404
total test iterations: 69 
average test loss 1.4174
accuracy ( less than 0.1 ): 0.1618
median test loss 0.6041
Consuming time:15.07 in the epoch: 25
Best test loss is 1.42
---------------*****---------------
---------------*****---------------
Starting training the epoch: 26 
total batch: 319.28125 
batch:99 average train loss 1.4023
batch:199 average train loss 1.3877
batch:299 average train loss 1.3887
average train loss 1.3880
Train Consuming time:12.08 in the epoch: 26
total val iterations: 69 
average val loss 1.4733
accuracy ( less than 0.1 ): 0.1521
median val loss 0.6351
total test iterations: 69 
average test loss 1.4172
accuracy ( less than 0.1 ): 0.1618
median test loss 0.6056
Consuming time:14.87 in the epoch: 26
Best test loss is 1.42
---------------*****---------------
---------------*****---------------
Starting training the epoch: 27 
total batch: 319.28125 
batch:99 average train loss 1.4011
batch:199 average train loss 1.3865
batch:299 average train loss 1.3877
average train loss 1.3871
Train Consuming time:12.23 in the epoch: 27
total val iterations: 69 
average val loss 1.4739
accuracy ( less than 0.1 ): 0.1519
median val loss 0.6327
total test iterations: 69 
average test loss 1.4174
accuracy ( less than 0.1 ): 0.1611
median test loss 0.6031
Consuming time:15.17 in the epoch: 27
Best test loss is 1.42
---------------*****---------------
---------------*****---------------
Starting training the epoch: 28 
total batch: 319.28125 
batch:99 average train loss 1.4002
batch:199 average train loss 1.3853
batch:299 average train loss 1.3869
average train loss 1.3863
Train Consuming time:12.38 in the epoch: 28
total val iterations: 69 
average val loss 1.4744
accuracy ( less than 0.1 ): 0.1512
median val loss 0.6359
total test iterations: 69 
average test loss 1.4173
accuracy ( less than 0.1 ): 0.1615
median test loss 0.6053
Consuming time:15.25 in the epoch: 28
Best test loss is 1.42
---------------*****---------------
---------------*****---------------
Starting training the epoch: 29 
total batch: 319.28125 
batch:99 average train loss 1.3994
batch:199 average train loss 1.3845
batch:299 average train loss 1.3863
average train loss 1.3857
Train Consuming time:12.49 in the epoch: 29
total val iterations: 69 
average val loss 1.4749
accuracy ( less than 0.1 ): 0.1512
median val loss 0.6360
total test iterations: 69 
average test loss 1.4172
accuracy ( less than 0.1 ): 0.1615
median test loss 0.6048
Consuming time:15.38 in the epoch: 29
Best test loss is 1.42
---------------*****---------------
---------------*****---------------
Starting training the epoch: 30 
total batch: 319.28125 
batch:99 average train loss 1.3987
batch:199 average train loss 1.3837
batch:299 average train loss 1.3854
average train loss 1.3850
Train Consuming time:12.38 in the epoch: 30
total val iterations: 69 
average val loss 1.4753
accuracy ( less than 0.1 ): 0.1519
median val loss 0.6331
total test iterations: 69 
average test loss 1.4171
accuracy ( less than 0.1 ): 0.1625
median test loss 0.6057
Consuming time:15.28 in the epoch: 30
Best test loss is 1.42
---------------*****---------------
---------------*****---------------
Starting training the epoch: 31 
total batch: 319.28125 
batch:99 average train loss 1.3981
batch:199 average train loss 1.3830
batch:299 average train loss 1.3848
average train loss 1.3844
Train Consuming time:12.31 in the epoch: 31
total val iterations: 69 
average val loss 1.4758
accuracy ( less than 0.1 ): 0.1519
median val loss 0.6313
total test iterations: 69 
average test loss 1.4170
accuracy ( less than 0.1 ): 0.1627
median test loss 0.6074
Consuming time:15.24 in the epoch: 31
Best test loss is 1.42
---------------*****---------------
---------------*****---------------
Starting training the epoch: 32 
total batch: 319.28125 
batch:99 average train loss 1.3977
batch:199 average train loss 1.3825
batch:299 average train loss 1.3844
average train loss 1.3840
Train Consuming time:12.54 in the epoch: 32
total val iterations: 69 
average val loss 1.4761
accuracy ( less than 0.1 ): 0.1517
median val loss 0.6321
total test iterations: 69 
average test loss 1.4171
accuracy ( less than 0.1 ): 0.1618
median test loss 0.6075
Consuming time:15.44 in the epoch: 32
Best test loss is 1.42
---------------*****---------------
---------------*****---------------
Starting training the epoch: 33 
total batch: 319.28125 
batch:99 average train loss 1.3971
batch:199 average train loss 1.3821
batch:299 average train loss 1.3840
average train loss 1.3836
Train Consuming time:12.28 in the epoch: 33
total val iterations: 69 
average val loss 1.4764
accuracy ( less than 0.1 ): 0.1514
median val loss 0.6311
total test iterations: 69 
average test loss 1.4172
accuracy ( less than 0.1 ): 0.1618
median test loss 0.6101
Consuming time:15.19 in the epoch: 33
Best test loss is 1.42
---------------*****---------------
---------------*****---------------
Starting training the epoch: 34 
total batch: 319.28125 
batch:99 average train loss 1.3966
batch:199 average train loss 1.3815
batch:299 average train loss 1.3835
average train loss 1.3831
Train Consuming time:12.34 in the epoch: 34
total val iterations: 69 
average val loss 1.4766
accuracy ( less than 0.1 ): 0.1519
median val loss 0.6321
total test iterations: 69 
average test loss 1.4172
accuracy ( less than 0.1 ): 0.1620
median test loss 0.6094
Consuming time:15.18 in the epoch: 34
Best test loss is 1.42
---------------*****---------------
---------------*****---------------
Starting training the epoch: 35 
total batch: 319.28125 
batch:99 average train loss 1.3960
batch:199 average train loss 1.3810
batch:299 average train loss 1.3831
average train loss 1.3827
Train Consuming time:12.19 in the epoch: 35
total val iterations: 69 
average val loss 1.4770
accuracy ( less than 0.1 ): 0.1521
median val loss 0.6327
total test iterations: 69 
average test loss 1.4174
accuracy ( less than 0.1 ): 0.1629
median test loss 0.6128
Consuming time:15.03 in the epoch: 35
Best test loss is 1.42
---------------*****---------------
---------------*****---------------
Starting training the epoch: 36 
total batch: 319.28125 
batch:99 average train loss 1.3956
batch:199 average train loss 1.3804
batch:299 average train loss 1.3825
average train loss 1.3822
Train Consuming time:12.10 in the epoch: 36
total val iterations: 69 
average val loss 1.4773
accuracy ( less than 0.1 ): 0.1535
median val loss 0.6308
total test iterations: 69 
average test loss 1.4175
accuracy ( less than 0.1 ): 0.1627
median test loss 0.6117
Consuming time:14.94 in the epoch: 36
Best test loss is 1.42
---------------*****---------------
---------------*****---------------
Starting training the epoch: 37 
total batch: 319.28125 
batch:99 average train loss 1.3954
batch:199 average train loss 1.3802
batch:299 average train loss 1.3822
average train loss 1.3819
Train Consuming time:12.08 in the epoch: 37
total val iterations: 69 
average val loss 1.4776
accuracy ( less than 0.1 ): 0.1530
median val loss 0.6293
total test iterations: 69 
average test loss 1.4178
accuracy ( less than 0.1 ): 0.1629
median test loss 0.6127
Consuming time:14.92 in the epoch: 37
Best test loss is 1.42
---------------*****---------------
---------------*****---------------
Starting training the epoch: 38 
total batch: 319.28125 
batch:99 average train loss 1.3950
batch:199 average train loss 1.3797
batch:299 average train loss 1.3818
average train loss 1.3815
Train Consuming time:12.24 in the epoch: 38
total val iterations: 69 
average val loss 1.4778
accuracy ( less than 0.1 ): 0.1530
median val loss 0.6290
total test iterations: 69 
average test loss 1.4179
accuracy ( less than 0.1 ): 0.1629
median test loss 0.6117
Consuming time:15.09 in the epoch: 38
Best test loss is 1.42
---------------*****---------------
---------------*****---------------
Starting training the epoch: 39 
total batch: 319.28125 
batch:99 average train loss 1.3942
batch:199 average train loss 1.3791
batch:299 average train loss 1.3813
average train loss 1.3810
Train Consuming time:12.16 in the epoch: 39
total val iterations: 69 
average val loss 1.4782
accuracy ( less than 0.1 ): 0.1530
median val loss 0.6283
total test iterations: 69 
average test loss 1.4180
accuracy ( less than 0.1 ): 0.1629
median test loss 0.6130
Consuming time:15.01 in the epoch: 39
Best test loss is 1.42
---------------*****---------------
---------------*****---------------
Starting training the epoch: 40 
total batch: 319.28125 
batch:99 average train loss 1.3942
batch:199 average train loss 1.3788
batch:299 average train loss 1.3809
average train loss 1.3807
Train Consuming time:12.17 in the epoch: 40
total val iterations: 69 
average val loss 1.4786
accuracy ( less than 0.1 ): 0.1530
median val loss 0.6298
total test iterations: 69 
average test loss 1.4181
accuracy ( less than 0.1 ): 0.1629
median test loss 0.6115
Consuming time:14.98 in the epoch: 40
Best test loss is 1.42
---------------*****---------------
---------------*****---------------
Starting training the epoch: 41 
total batch: 319.28125 
batch:99 average train loss 1.3938
batch:199 average train loss 1.3786
batch:299 average train loss 1.3808
average train loss 1.3805
Train Consuming time:12.22 in the epoch: 41
total val iterations: 69 
average val loss 1.4787
accuracy ( less than 0.1 ): 0.1533
median val loss 0.6294
total test iterations: 69 
average test loss 1.4182
accuracy ( less than 0.1 ): 0.1622
median test loss 0.6097
Consuming time:15.07 in the epoch: 41
Best test loss is 1.42
---------------*****---------------
---------------*****---------------
Starting training the epoch: 42 
total batch: 319.28125 
batch:99 average train loss 1.3932
batch:199 average train loss 1.3781
batch:299 average train loss 1.3803
average train loss 1.3801
Train Consuming time:12.25 in the epoch: 42
total val iterations: 69 
average val loss 1.4789
accuracy ( less than 0.1 ): 0.1530
median val loss 0.6300
total test iterations: 69 
average test loss 1.4183
accuracy ( less than 0.1 ): 0.1629
median test loss 0.6091
Consuming time:15.12 in the epoch: 42
Best test loss is 1.42
---------------*****---------------
---------------*****---------------
Starting training the epoch: 43 
total batch: 319.28125 
batch:99 average train loss 1.3930
batch:199 average train loss 1.3777
batch:299 average train loss 1.3800
average train loss 1.3797
Train Consuming time:12.22 in the epoch: 43
total val iterations: 69 
average val loss 1.4792
accuracy ( less than 0.1 ): 0.1535
median val loss 0.6309
total test iterations: 69 
average test loss 1.4185
accuracy ( less than 0.1 ): 0.1625
median test loss 0.6092
Consuming time:15.13 in the epoch: 43
Best test loss is 1.42
---------------*****---------------
---------------*****---------------
Starting training the epoch: 44 
total batch: 319.28125 
batch:99 average train loss 1.3926
batch:199 average train loss 1.3775
batch:299 average train loss 1.3798
average train loss 1.3796
Train Consuming time:12.17 in the epoch: 44
total val iterations: 69 
average val loss 1.4796
accuracy ( less than 0.1 ): 0.1535
median val loss 0.6305
total test iterations: 69 
average test loss 1.4186
accuracy ( less than 0.1 ): 0.1625
median test loss 0.6094
Consuming time:15.09 in the epoch: 44
Best test loss is 1.42
---------------*****---------------
---------------*****---------------
Starting training the epoch: 45 
total batch: 319.28125 
batch:99 average train loss 1.3927
batch:199 average train loss 1.3773
batch:299 average train loss 1.3795
average train loss 1.3793
Train Consuming time:12.41 in the epoch: 45
total val iterations: 69 
average val loss 1.4799
accuracy ( less than 0.1 ): 0.1540
median val loss 0.6299
total test iterations: 69 
average test loss 1.4187
accuracy ( less than 0.1 ): 0.1627
median test loss 0.6085
Consuming time:15.33 in the epoch: 45
Best test loss is 1.42
---------------*****---------------
---------------*****---------------
Starting training the epoch: 46 
total batch: 319.28125 
batch:99 average train loss 1.3922
batch:199 average train loss 1.3768
batch:299 average train loss 1.3791
average train loss 1.3789
Train Consuming time:12.47 in the epoch: 46
total val iterations: 69 
average val loss 1.4802
accuracy ( less than 0.1 ): 0.1537
median val loss 0.6285
total test iterations: 69 
average test loss 1.4188
accuracy ( less than 0.1 ): 0.1627
median test loss 0.6093
Consuming time:15.39 in the epoch: 46
Best test loss is 1.42
---------------*****---------------
---------------*****---------------
Starting training the epoch: 47 
total batch: 319.28125 
batch:99 average train loss 1.3921
batch:199 average train loss 1.3767
batch:299 average train loss 1.3789
average train loss 1.3787
Train Consuming time:12.51 in the epoch: 47
total val iterations: 69 
average val loss 1.4806
accuracy ( less than 0.1 ): 0.1528
median val loss 0.6281
total test iterations: 69 
average test loss 1.4191
accuracy ( less than 0.1 ): 0.1634
median test loss 0.6078
Consuming time:15.37 in the epoch: 47
Best test loss is 1.42
---------------*****---------------
---------------*****---------------
Starting training the epoch: 48 
total batch: 319.28125 
batch:99 average train loss 1.3920
batch:199 average train loss 1.3763
batch:299 average train loss 1.3785
average train loss 1.3784
Train Consuming time:12.41 in the epoch: 48
total val iterations: 69 
average val loss 1.4809
accuracy ( less than 0.1 ): 0.1530
median val loss 0.6285
total test iterations: 69 
average test loss 1.4192
accuracy ( less than 0.1 ): 0.1634
median test loss 0.6082
Consuming time:15.30 in the epoch: 48
Best test loss is 1.42
---------------*****---------------
---------------*****---------------
Starting training the epoch: 49 
total batch: 319.28125 
batch:99 average train loss 1.3914
batch:199 average train loss 1.3758
batch:299 average train loss 1.3781
average train loss 1.3780
Train Consuming time:12.36 in the epoch: 49
total val iterations: 69 
average val loss 1.4811
accuracy ( less than 0.1 ): 0.1523
median val loss 0.6270
total test iterations: 69 
average test loss 1.4193
accuracy ( less than 0.1 ): 0.1641
median test loss 0.6093
Consuming time:15.28 in the epoch: 49
Best test loss is 1.42
---------------*****---------------
