Working in TF version 1.14....
===================configuration===================
l2 0.001
learning rate :  0.0005
observation hour [7,19]
observation threshold :  7200
prediction time :  86400
cascade length [10,100]
model save at : ../model_save/cascn/weibo/
===================configuration===================
-----------------display step-------------------
display step : 1621
1->2->3->4->5->6->7->8->9->10->11->12->13->14->15->16->17->18->19->20->21->22->23->24->25->26->27->28->29->30->31->32->33->34->35->36->37->38->39->40->41->42->43->44->45->46->47->48->49->50->51->52->53->54->55->56->57->58->59->60->61->62->63->64->65->66->67->68->69->70->71->72->73->74->75->76->77->78->79->80->81->82->83->84->85->86->87->88->89->90->91->92->93->94->95->96->97->98->99->100->building time: 161.6603488922119
-----------------display step-------------------
display step : 25936
l2 0.001
learning rate: 0.0005

feat_in: 100 
num_nodes: 100 
n_sequences: 100
n_nodes:   761300
-----------start to train--------------

traing time for an epoch: 1536.4487693309784 
 evaluating.........
[0.02 0.04 0.05 0.06 0.08 0.11]

last test error: 2.4032886

#1.0, Training Loss= 3.525281, Validation Loss= 2.374949, Test Loss= 2.403289, Best Valid Loss= 2.374949, Best Test Loss= 2.403289

after evaluating: 1787.1414341926575

traing time for an epoch: 846.5649509429932 
 evaluating.........
[0.01 0.03 0.05 0.06 0.07 0.1 ]

last test error: 2.329081

#2.0, Training Loss= 2.366991, Validation Loss= 2.287932, Test Loss= 2.329081, Best Valid Loss= 2.287932, Best Test Loss= 2.329081

after evaluating: 1054.3946294784546

traing time for an epoch: 811.4061076641083 
 evaluating.........
[0.01 0.03 0.05 0.06 0.07 0.1 ]

last test error: 2.257792

#3.0, Training Loss= 2.288801, Validation Loss= 2.221843, Test Loss= 2.257792, Best Valid Loss= 2.221843, Best Test Loss= 2.257792

after evaluating: 1012.8906173706055

traing time for an epoch: 815.0520746707916 
 evaluating.........
[0.01 0.03 0.05 0.06 0.07 0.11]

last test error: 2.322596

#4.0, Training Loss= 2.251487, Validation Loss= 2.282206, Test Loss= 2.322596, Best Valid Loss= 2.221843, Best Test Loss= 2.257792

after evaluating: 1014.0055270195007

traing time for an epoch: 818.7116799354553 
 evaluating.........
[0.01 0.04 0.06 0.06 0.08 0.11]

last test error: 2.205391

#5.0, Training Loss= 2.214862, Validation Loss= 2.175992, Test Loss= 2.205391, Best Valid Loss= 2.175992, Best Test Loss= 2.205391

after evaluating: 1042.6805741786957

traing time for an epoch: 897.6276977062225 
 evaluating.........
[-0.    0.02  0.05  0.05  0.07  0.1 ]

last test error: 1.9213419

#6.0, Training Loss= 2.079312, Validation Loss= 1.938190, Test Loss= 1.921342, Best Valid Loss= 1.938190, Best Test Loss= 1.921342

after evaluating: 1137.8256106376648

traing time for an epoch: 956.0451064109802 
 evaluating.........
[-0.    0.01  0.03  0.04  0.06  0.09]

last test error: 1.8144565

#7.0, Training Loss= 1.920115, Validation Loss= 1.826027, Test Loss= 1.814456, Best Valid Loss= 1.826027, Best Test Loss= 1.814456

after evaluating: 1179.7700791358948

traing time for an epoch: 852.5928952693939 
 evaluating.........
[-0.    0.    0.02  0.04  0.05  0.08]

last test error: 1.7951394

#8.0, Training Loss= 1.840607, Validation Loss= 1.791647, Test Loss= 1.795139, Best Valid Loss= 1.791647, Best Test Loss= 1.795139

after evaluating: 1064.8825912475586

traing time for an epoch: 890.0603950023651 
 evaluating.........
[-0.    0.    0.02  0.04  0.05  0.08]

last test error: 1.7724624

#9.0, Training Loss= 1.807526, Validation Loss= 1.764868, Test Loss= 1.772462, Best Valid Loss= 1.764868, Best Test Loss= 1.772462

after evaluating: 1145.5677444934845

traing time for an epoch: 1053.8462090492249 
 evaluating.........
[-0.    0.    0.02  0.03  0.05  0.08]

last test error: 1.7614846

#10.0, Training Loss= 1.796881, Validation Loss= 1.748271, Test Loss= 1.761485, Best Valid Loss= 1.748271, Best Test Loss= 1.761485

after evaluating: 1310.376678943634

traing time for an epoch: 1061.8554258346558 
 evaluating.........
[-0.    0.    0.02  0.04  0.05  0.08]

last test error: 1.7534809

#11.0, Training Loss= 1.790362, Validation Loss= 1.745179, Test Loss= 1.753481, Best Valid Loss= 1.745179, Best Test Loss= 1.753481

after evaluating: 1312.532286643982

traing time for an epoch: 1052.5294609069824 
 evaluating.........
[-0.    0.    0.02  0.04  0.06  0.09]
