===================configuration===================
learning rate :0.001 
num_mlp_layers : 1
num_layers : 2
gnn input_features : 100
gnn output_features : 64
input of rnn/transformer : 64
hidden_size (out put of rnn/tranformer) : 64
observation hour [7,19]
observation interval : 180
observation threshold : 3600
prediction time : 86400
cascade length [5,100]
model save at : ../model_save/cas2vec/weibo1/
====bidirected: False, attention: GAT, gcn_type: self, rnn: None====
===================configuration===================
len(Y_train), len(Y_valid), len(Y_test): 37228 7978 7978
preparing time:96.01519775390625
total parameters 32009
---------------*****---------------
Starting training the epoch: 0 
total batch: 581.6875 
batch:99 average train loss 3.6548
batch:199 average train loss 3.0507
batch:299 average train loss 2.8016
batch:399 average train loss 2.6745
batch:499 average train loss 2.5649
average train loss 2.5213
Train Consuming time:120.70 in the epoch: 0
total val iterations: 125 
average val loss 2.2279
accuracy ( less than 0.1 ): 0.1583
median val loss 0.5945
total test iterations: 125 
average test loss 2.0966
accuracy ( less than 0.1 ): 0.1603
median test loss 0.5708
Consuming time:162.97 in the epoch: 0
Best test loss is 2.10
---------------*****---------------
---------------*****---------------
Starting training the epoch: 1 
total batch: 581.6875 
batch:99 average train loss 2.0259
batch:199 average train loss 2.0913
batch:299 average train loss 2.0995
batch:399 average train loss 2.1170
batch:499 average train loss 2.0978
average train loss 2.1110
Train Consuming time:67.52 in the epoch: 1
total val iterations: 125 
average val loss 2.2059
accuracy ( less than 0.1 ): 0.1523
median val loss 0.5905
total test iterations: 125 
average test loss 2.0882
accuracy ( less than 0.1 ): 0.1521
median test loss 0.5856
Consuming time:86.75 in the epoch: 1
Best test loss is 2.09
---------------*****---------------
---------------*****---------------
Starting training the epoch: 2 
total batch: 581.6875 
batch:99 average train loss 1.9774
batch:199 average train loss 2.0410
batch:299 average train loss 2.0493
batch:399 average train loss 2.0673
batch:499 average train loss 2.0508
average train loss 2.0652
Train Consuming time:64.48 in the epoch: 2
total val iterations: 125 
average val loss 2.2284
accuracy ( less than 0.1 ): 0.1381
median val loss 0.5955
total test iterations: 125 
average test loss 2.1063
accuracy ( less than 0.1 ): 0.1390
median test loss 0.5813
Consuming time:81.98 in the epoch: 2
Best test loss is 2.09
---------------*****---------------
---------------*****---------------
Starting training the epoch: 3 
total batch: 581.6875 
batch:99 average train loss 1.9401
batch:199 average train loss 2.0097
batch:299 average train loss 2.0209
batch:399 average train loss 2.0410
batch:499 average train loss 2.0247
average train loss 2.0400
Train Consuming time:62.38 in the epoch: 3
total val iterations: 125 
average val loss 2.1754
accuracy ( less than 0.1 ): 0.1607
median val loss 0.5823
total test iterations: 125 
average test loss 2.0546
accuracy ( less than 0.1 ): 0.1600
median test loss 0.5590
Consuming time:79.86 in the epoch: 3
Best test loss is 2.05
---------------*****---------------
---------------*****---------------
Starting training the epoch: 4 
total batch: 581.6875 
batch:99 average train loss 1.9220
batch:199 average train loss 1.9885
batch:299 average train loss 2.0003
batch:399 average train loss 2.0184
batch:499 average train loss 2.0040
average train loss 2.0187
Train Consuming time:62.40 in the epoch: 4
total val iterations: 125 
average val loss 2.1487
accuracy ( less than 0.1 ): 0.1681
median val loss 0.5775
total test iterations: 125 
average test loss 2.0263
accuracy ( less than 0.1 ): 0.1653
median test loss 0.5622
Consuming time:79.85 in the epoch: 4
Best test loss is 2.03
---------------*****---------------
---------------*****---------------
Starting training the epoch: 5 
total batch: 581.6875 
batch:99 average train loss 1.9055
batch:199 average train loss 1.9711
batch:299 average train loss 1.9829
batch:399 average train loss 2.0011
batch:499 average train loss 1.9856
average train loss 2.0018
Train Consuming time:62.63 in the epoch: 5
total val iterations: 125 
average val loss 2.1267
accuracy ( less than 0.1 ): 0.1768
median val loss 0.5824
total test iterations: 125 
average test loss 2.0069
accuracy ( less than 0.1 ): 0.1743
median test loss 0.5552
Consuming time:80.14 in the epoch: 5
Best test loss is 2.01
---------------*****---------------
---------------*****---------------
Starting training the epoch: 6 
total batch: 581.6875 
batch:99 average train loss 1.8957
batch:199 average train loss 1.9585
batch:299 average train loss 1.9707
batch:399 average train loss 1.9888
batch:499 average train loss 1.9722
average train loss 1.9866
Train Consuming time:62.49 in the epoch: 6
total val iterations: 125 
average val loss 2.1087
accuracy ( less than 0.1 ): 0.1804
median val loss 0.5815
total test iterations: 125 
average test loss 1.9899
accuracy ( less than 0.1 ): 0.1738
median test loss 0.5557
Consuming time:80.25 in the epoch: 6
Best test loss is 1.99
---------------*****---------------
---------------*****---------------
Starting training the epoch: 7 
total batch: 581.6875 
batch:99 average train loss 1.8759
batch:199 average train loss 1.9442
batch:299 average train loss 1.9562
batch:399 average train loss 1.9762
batch:499 average train loss 1.9598
average train loss 1.9751
Train Consuming time:62.82 in the epoch: 7
total val iterations: 125 
average val loss 2.1220
accuracy ( less than 0.1 ): 0.1811
median val loss 0.5911
total test iterations: 125 
average test loss 1.9921
accuracy ( less than 0.1 ): 0.1783
median test loss 0.5563
Consuming time:80.18 in the epoch: 7
Best test loss is 1.99
---------------*****---------------
---------------*****---------------
Starting training the epoch: 8 
total batch: 581.6875 
batch:99 average train loss 1.8646
batch:199 average train loss 1.9333
batch:299 average train loss 1.9449
batch:399 average train loss 1.9634
batch:499 average train loss 1.9471
average train loss 1.9623
Train Consuming time:62.24 in the epoch: 8
total val iterations: 125 
average val loss 2.0928
accuracy ( less than 0.1 ): 0.1895
median val loss 0.5729
total test iterations: 125 
average test loss 1.9788
accuracy ( less than 0.1 ): 0.1867
median test loss 0.5502
Consuming time:79.52 in the epoch: 8
Best test loss is 1.98
---------------*****---------------
---------------*****---------------
Starting training the epoch: 9 
total batch: 581.6875 
batch:99 average train loss 1.8558
batch:199 average train loss 1.9206
batch:299 average train loss 1.9317
batch:399 average train loss 1.9499
batch:499 average train loss 1.9343
average train loss 1.9504
Train Consuming time:62.49 in the epoch: 9
total val iterations: 125 
average val loss 2.1024
accuracy ( less than 0.1 ): 0.1914
median val loss 0.5799
total test iterations: 125 
average test loss 1.9950
accuracy ( less than 0.1 ): 0.1850
median test loss 0.5585
Consuming time:80.02 in the epoch: 9
Best test loss is 1.98
---------------*****---------------
---------------*****---------------
Starting training the epoch: 10 
total batch: 581.6875 
batch:99 average train loss 1.8463
batch:199 average train loss 1.9107
batch:299 average train loss 1.9230
batch:399 average train loss 1.9407
batch:499 average train loss 1.9238
average train loss 1.9384
Train Consuming time:62.39 in the epoch: 10
total val iterations: 125 
average val loss 2.1200
accuracy ( less than 0.1 ): 0.1765
median val loss 0.5884
total test iterations: 125 
average test loss 2.0178
accuracy ( less than 0.1 ): 0.1731
median test loss 0.5573
Consuming time:79.89 in the epoch: 10
Best test loss is 1.98
---------------*****---------------
---------------*****---------------
Starting training the epoch: 11 
total batch: 581.6875 
batch:99 average train loss 1.8349
batch:199 average train loss 1.8962
batch:299 average train loss 1.9090
batch:399 average train loss 1.9263
batch:499 average train loss 1.9099
average train loss 1.9265
Train Consuming time:62.42 in the epoch: 11
total val iterations: 125 
average val loss 2.0907
accuracy ( less than 0.1 ): 0.1842
median val loss 0.5795
total test iterations: 125 
average test loss 1.9780
accuracy ( less than 0.1 ): 0.1820
median test loss 0.5541
Consuming time:79.75 in the epoch: 11
Best test loss is 1.98
---------------*****---------------
---------------*****---------------
Starting training the epoch: 12 
total batch: 581.6875 
batch:99 average train loss 1.8320
batch:199 average train loss 1.8884
batch:299 average train loss 1.9004
batch:399 average train loss 1.9164
batch:499 average train loss 1.9010
average train loss 1.9177
Train Consuming time:62.40 in the epoch: 12
total val iterations: 125 
average val loss 2.1075
accuracy ( less than 0.1 ): 0.1745
median val loss 0.5805
total test iterations: 125 
average test loss 1.9901
accuracy ( less than 0.1 ): 0.1743
median test loss 0.5548
Consuming time:79.98 in the epoch: 12
Best test loss is 1.98
---------------*****---------------
---------------*****---------------
Starting training the epoch: 13 
total batch: 581.6875 
batch:99 average train loss 1.8199
batch:199 average train loss 1.8805
batch:299 average train loss 1.8915
batch:399 average train loss 1.9070
batch:499 average train loss 1.8930
average train loss 1.9096
Train Consuming time:67.24 in the epoch: 13
total val iterations: 125 
average val loss 2.0932
accuracy ( less than 0.1 ): 0.1804
median val loss 0.5745
total test iterations: 125 
average test loss 1.9774
accuracy ( less than 0.1 ): 0.1789
median test loss 0.5449
Consuming time:86.31 in the epoch: 13
Best test loss is 1.98
---------------*****---------------
---------------*****---------------
Starting training the epoch: 14 
total batch: 581.6875 
batch:99 average train loss 1.8147
batch:199 average train loss 1.8663
batch:299 average train loss 1.8808
batch:399 average train loss 1.8991
batch:499 average train loss 1.8847
average train loss 1.9005
Train Consuming time:66.70 in the epoch: 14
total val iterations: 125 
average val loss 2.0841
accuracy ( less than 0.1 ): 0.1837
median val loss 0.5667
total test iterations: 125 
average test loss 1.9771
accuracy ( less than 0.1 ): 0.1782
median test loss 0.5450
Consuming time:85.61 in the epoch: 14
Best test loss is 1.98
---------------*****---------------
---------------*****---------------
Starting training the epoch: 15 
total batch: 581.6875 
batch:99 average train loss 1.7977
batch:199 average train loss 1.8528
batch:299 average train loss 1.8686
batch:399 average train loss 1.8865
batch:499 average train loss 1.8740
average train loss 1.8883
Train Consuming time:67.09 in the epoch: 15
total val iterations: 125 
average val loss 2.0979
accuracy ( less than 0.1 ): 0.1850
median val loss 0.5883
total test iterations: 125 
average test loss 1.9907
accuracy ( less than 0.1 ): 0.1828
median test loss 0.5580
Consuming time:86.01 in the epoch: 15
Best test loss is 1.98
---------------*****---------------
---------------*****---------------
Starting training the epoch: 16 
total batch: 581.6875 
batch:99 average train loss 1.7991
batch:199 average train loss 1.8498
batch:299 average train loss 1.8609
batch:399 average train loss 1.8798
batch:499 average train loss 1.8665
average train loss 1.8815
Train Consuming time:66.67 in the epoch: 16
total val iterations: 125 
average val loss 2.0968
accuracy ( less than 0.1 ): 0.1798
median val loss 0.5865
total test iterations: 125 
average test loss 1.9950
accuracy ( less than 0.1 ): 0.1738
median test loss 0.5591
Consuming time:85.83 in the epoch: 16
Best test loss is 1.98
---------------*****---------------
---------------*****---------------
Starting training the epoch: 17 
total batch: 581.6875 
batch:99 average train loss 1.7802
batch:199 average train loss 1.8424
batch:299 average train loss 1.8560
batch:399 average train loss 1.8714
batch:499 average train loss 1.8581
average train loss 1.8748
Train Consuming time:68.12 in the epoch: 17
total val iterations: 125 
average val loss 2.0916
accuracy ( less than 0.1 ): 0.1900
median val loss 0.5808
total test iterations: 125 
average test loss 2.0023
accuracy ( less than 0.1 ): 0.1808
median test loss 0.5654
Consuming time:87.70 in the epoch: 17
Best test loss is 1.98
---------------*****---------------
---------------*****---------------
Starting training the epoch: 18 
total batch: 581.6875 
batch:99 average train loss 1.7779
batch:199 average train loss 1.8373
batch:299 average train loss 1.8521
batch:399 average train loss 1.8656
batch:499 average train loss 1.8533
average train loss 1.8699
Train Consuming time:73.09 in the epoch: 18
total val iterations: 125 
average val loss 2.0987
accuracy ( less than 0.1 ): 0.1821
median val loss 0.5890
total test iterations: 125 
average test loss 1.9930
accuracy ( less than 0.1 ): 0.1769
median test loss 0.5621
Consuming time:92.00 in the epoch: 18
Best test loss is 1.98
---------------*****---------------
---------------*****---------------
Starting training the epoch: 19 
total batch: 581.6875 
batch:99 average train loss 1.7746
batch:199 average train loss 1.8283
batch:299 average train loss 1.8419
batch:399 average train loss 1.8581
batch:499 average train loss 1.8464
average train loss 1.8610
Train Consuming time:66.67 in the epoch: 19
total val iterations: 125 
average val loss 2.0982
accuracy ( less than 0.1 ): 0.1792
median val loss 0.5817
total test iterations: 125 
average test loss 2.0027
accuracy ( less than 0.1 ): 0.1775
median test loss 0.5581
Consuming time:85.51 in the epoch: 19
Best test loss is 1.98
---------------*****---------------
---------------*****---------------
Starting training the epoch: 20 
total batch: 581.6875 
batch:99 average train loss 1.7944
batch:199 average train loss 1.8314
batch:299 average train loss 1.8371
batch:399 average train loss 1.8476
batch:499 average train loss 1.8244
average train loss 1.8282
Train Consuming time:66.54 in the epoch: 20
total val iterations: 125 
average val loss 2.0291
accuracy ( less than 0.1 ): 0.2263
median val loss 0.5792
total test iterations: 125 
average test loss 1.9284
accuracy ( less than 0.1 ): 0.2245
median test loss 0.5552
Consuming time:85.34 in the epoch: 20
Best test loss is 1.93
---------------*****---------------
---------------*****---------------
Starting training the epoch: 21 
total batch: 581.6875 
batch:99 average train loss 1.7476
batch:199 average train loss 1.7953
batch:299 average train loss 1.8060
batch:399 average train loss 1.8187
batch:499 average train loss 1.7992
average train loss 1.8058
Train Consuming time:65.94 in the epoch: 21
total val iterations: 125 
average val loss 2.0268
accuracy ( less than 0.1 ): 0.2276
median val loss 0.5758
total test iterations: 125 
average test loss 1.9280
accuracy ( less than 0.1 ): 0.2244
median test loss 0.5594
Consuming time:83.37 in the epoch: 21
Best test loss is 1.93
---------------*****---------------
---------------*****---------------
Starting training the epoch: 22 
total batch: 581.6875 
batch:99 average train loss 1.7363
batch:199 average train loss 1.7861
batch:299 average train loss 1.7957
batch:399 average train loss 1.8090
batch:499 average train loss 1.7908
average train loss 1.7986
Train Consuming time:62.27 in the epoch: 22
total val iterations: 125 
average val loss 2.0250
accuracy ( less than 0.1 ): 0.2262
median val loss 0.5732
total test iterations: 125 
average test loss 1.9268
accuracy ( less than 0.1 ): 0.2235
median test loss 0.5588
Consuming time:79.75 in the epoch: 22
Best test loss is 1.93
---------------*****---------------
---------------*****---------------
Starting training the epoch: 23 
total batch: 581.6875 
batch:99 average train loss 1.7299
batch:199 average train loss 1.7805
batch:299 average train loss 1.7905
batch:399 average train loss 1.8039
batch:499 average train loss 1.7860
average train loss 1.7945
Train Consuming time:62.20 in the epoch: 23
total val iterations: 125 
average val loss 2.0251
accuracy ( less than 0.1 ): 0.2269
median val loss 0.5714
total test iterations: 125 
average test loss 1.9261
accuracy ( less than 0.1 ): 0.2240
median test loss 0.5591
Consuming time:79.60 in the epoch: 23
Best test loss is 1.93
---------------*****---------------
---------------*****---------------
Starting training the epoch: 24 
total batch: 581.6875 
batch:99 average train loss 1.7251
batch:199 average train loss 1.7762
batch:299 average train loss 1.7864
batch:399 average train loss 1.7998
batch:499 average train loss 1.7826
average train loss 1.7912
Train Consuming time:62.85 in the epoch: 24
total val iterations: 125 
average val loss 2.0246
accuracy ( less than 0.1 ): 0.2261
median val loss 0.5710
total test iterations: 125 
average test loss 1.9260
accuracy ( less than 0.1 ): 0.2230
median test loss 0.5584
Consuming time:80.51 in the epoch: 24
Best test loss is 1.93
---------------*****---------------
---------------*****---------------
Starting training the epoch: 25 
total batch: 581.6875 
batch:99 average train loss 1.7217
batch:199 average train loss 1.7733
batch:299 average train loss 1.7836
batch:399 average train loss 1.7970
batch:499 average train loss 1.7799
average train loss 1.7887
Train Consuming time:62.52 in the epoch: 25
total val iterations: 125 
average val loss 2.0241
accuracy ( less than 0.1 ): 0.2262
median val loss 0.5710
total test iterations: 125 
average test loss 1.9259
accuracy ( less than 0.1 ): 0.2237
median test loss 0.5581
Consuming time:79.90 in the epoch: 25
Best test loss is 1.93
---------------*****---------------
---------------*****---------------
Starting training the epoch: 26 
total batch: 581.6875 
batch:99 average train loss 1.7192
batch:199 average train loss 1.7708
batch:299 average train loss 1.7811
batch:399 average train loss 1.7948
batch:499 average train loss 1.7777
average train loss 1.7868
Train Consuming time:62.36 in the epoch: 26
total val iterations: 125 
average val loss 2.0235
accuracy ( less than 0.1 ): 0.2261
median val loss 0.5723
total test iterations: 125 
average test loss 1.9266
accuracy ( less than 0.1 ): 0.2228
median test loss 0.5604
Consuming time:79.90 in the epoch: 26
Best test loss is 1.93
---------------*****---------------
---------------*****---------------
Starting training the epoch: 27 
total batch: 581.6875 
batch:99 average train loss 1.7162
batch:199 average train loss 1.7680
batch:299 average train loss 1.7789
batch:399 average train loss 1.7923
batch:499 average train loss 1.7755
average train loss 1.7848
Train Consuming time:62.38 in the epoch: 27
total val iterations: 125 
average val loss 2.0233
accuracy ( less than 0.1 ): 0.2247
median val loss 0.5701
total test iterations: 125 
average test loss 1.9266
accuracy ( less than 0.1 ): 0.2224
median test loss 0.5603
Consuming time:79.89 in the epoch: 27
Best test loss is 1.93
---------------*****---------------
---------------*****---------------
Starting training the epoch: 28 
total batch: 581.6875 
batch:99 average train loss 1.7147
batch:199 average train loss 1.7669
batch:299 average train loss 1.7774
batch:399 average train loss 1.7908
batch:499 average train loss 1.7742
average train loss 1.7837
Train Consuming time:62.27 in the epoch: 28
total val iterations: 125 
average val loss 2.0232
accuracy ( less than 0.1 ): 0.2240
median val loss 0.5673
total test iterations: 125 
average test loss 1.9266
accuracy ( less than 0.1 ): 0.2239
median test loss 0.5613
Consuming time:79.75 in the epoch: 28
Best test loss is 1.93
---------------*****---------------
---------------*****---------------
Starting training the epoch: 29 
total batch: 581.6875 
batch:99 average train loss 1.7110
batch:199 average train loss 1.7636
batch:299 average train loss 1.7745
batch:399 average train loss 1.7881
batch:499 average train loss 1.7714
average train loss 1.7811
Train Consuming time:62.14 in the epoch: 29
total val iterations: 125 
average val loss 2.0230
accuracy ( less than 0.1 ): 0.2239
median val loss 0.5681
total test iterations: 125 
average test loss 1.9268
accuracy ( less than 0.1 ): 0.2237
median test loss 0.5565
Consuming time:79.51 in the epoch: 29
Best test loss is 1.93
---------------*****---------------
---------------*****---------------
Starting training the epoch: 30 
total batch: 581.6875 
batch:99 average train loss 1.7097
batch:199 average train loss 1.7623
batch:299 average train loss 1.7734
batch:399 average train loss 1.7869
batch:499 average train loss 1.7704
average train loss 1.7801
Train Consuming time:62.69 in the epoch: 30
total val iterations: 125 
average val loss 2.0230
accuracy ( less than 0.1 ): 0.2237
median val loss 0.5665
total test iterations: 125 
average test loss 1.9268
accuracy ( less than 0.1 ): 0.2242
median test loss 0.5581
Consuming time:80.36 in the epoch: 30
Best test loss is 1.93
---------------*****---------------
---------------*****---------------
Starting training the epoch: 31 
total batch: 581.6875 
batch:99 average train loss 1.7070
batch:199 average train loss 1.7599
batch:299 average train loss 1.7712
batch:399 average train loss 1.7852
batch:499 average train loss 1.7686
average train loss 1.7787
Train Consuming time:62.60 in the epoch: 31
total val iterations: 125 
average val loss 2.0230
accuracy ( less than 0.1 ): 0.2238
median val loss 0.5680
total test iterations: 125 
average test loss 1.9269
accuracy ( less than 0.1 ): 0.2243
median test loss 0.5549
Consuming time:79.89 in the epoch: 31
Best test loss is 1.93
---------------*****---------------
---------------*****---------------
Starting training the epoch: 32 
total batch: 581.6875 
batch:99 average train loss 1.7058
batch:199 average train loss 1.7585
batch:299 average train loss 1.7700
batch:399 average train loss 1.7838
batch:499 average train loss 1.7674
average train loss 1.7774
Train Consuming time:65.24 in the epoch: 32
total val iterations: 125 
average val loss 2.0233
accuracy ( less than 0.1 ): 0.2235
median val loss 0.5665
total test iterations: 125 
average test loss 1.9270
accuracy ( less than 0.1 ): 0.2247
median test loss 0.5551
Consuming time:84.11 in the epoch: 32
Best test loss is 1.93
---------------*****---------------
---------------*****---------------
Starting training the epoch: 33 
total batch: 581.6875 
batch:99 average train loss 1.7049
batch:199 average train loss 1.7576
batch:299 average train loss 1.7691
batch:399 average train loss 1.7825
batch:499 average train loss 1.7659
average train loss 1.7761
Train Consuming time:66.75 in the epoch: 33
total val iterations: 125 
average val loss 2.0228
accuracy ( less than 0.1 ): 0.2233
median val loss 0.5660
total test iterations: 125 
average test loss 1.9271
accuracy ( less than 0.1 ): 0.2244
median test loss 0.5572
Consuming time:85.87 in the epoch: 33
Best test loss is 1.93
---------------*****---------------
---------------*****---------------
Starting training the epoch: 34 
total batch: 581.6875 
batch:99 average train loss 1.7031
batch:199 average train loss 1.7561
batch:299 average train loss 1.7674
batch:399 average train loss 1.7810
batch:499 average train loss 1.7646
average train loss 1.7751
Train Consuming time:66.26 in the epoch: 34
total val iterations: 125 
average val loss 2.0229
accuracy ( less than 0.1 ): 0.2239
median val loss 0.5660
total test iterations: 125 
average test loss 1.9273
accuracy ( less than 0.1 ): 0.2248
median test loss 0.5552
Consuming time:85.26 in the epoch: 34
Best test loss is 1.93
---------------*****---------------
---------------*****---------------
Starting training the epoch: 35 
total batch: 581.6875 
batch:99 average train loss 1.7018
batch:199 average train loss 1.7544
batch:299 average train loss 1.7661
batch:399 average train loss 1.7795
batch:499 average train loss 1.7634
average train loss 1.7737
Train Consuming time:66.29 in the epoch: 35
total val iterations: 125 
average val loss 2.0230
accuracy ( less than 0.1 ): 0.2244
median val loss 0.5683
total test iterations: 125 
average test loss 1.9273
accuracy ( less than 0.1 ): 0.2242
median test loss 0.5548
Consuming time:85.50 in the epoch: 35
Best test loss is 1.93
---------------*****---------------
---------------*****---------------
Starting training the epoch: 36 
total batch: 581.6875 
batch:99 average train loss 1.7006
batch:199 average train loss 1.7534
batch:299 average train loss 1.7649
batch:399 average train loss 1.7789
batch:499 average train loss 1.7627
average train loss 1.7730
Train Consuming time:66.88 in the epoch: 36
total val iterations: 125 
average val loss 2.0229
accuracy ( less than 0.1 ): 0.2243
median val loss 0.5662
total test iterations: 125 
average test loss 1.9272
accuracy ( less than 0.1 ): 0.2237
median test loss 0.5555
Consuming time:86.22 in the epoch: 36
Best test loss is 1.93
---------------*****---------------
---------------*****---------------
Starting training the epoch: 37 
total batch: 581.6875 
batch:99 average train loss 1.6998
batch:199 average train loss 1.7523
batch:299 average train loss 1.7644
batch:399 average train loss 1.7783
batch:499 average train loss 1.7620
average train loss 1.7725
Train Consuming time:66.57 in the epoch: 37
total val iterations: 125 
average val loss 2.0226
accuracy ( less than 0.1 ): 0.2248
median val loss 0.5679
total test iterations: 125 
average test loss 1.9274
accuracy ( less than 0.1 ): 0.2243
median test loss 0.5562
Consuming time:85.41 in the epoch: 37
Best test loss is 1.93
---------------*****---------------
---------------*****---------------
Starting training the epoch: 38 
total batch: 581.6875 
batch:99 average train loss 1.6978
batch:199 average train loss 1.7506
batch:299 average train loss 1.7622
batch:399 average train loss 1.7760
batch:499 average train loss 1.7600
average train loss 1.7706
Train Consuming time:66.47 in the epoch: 38
total val iterations: 125 
average val loss 2.0228
accuracy ( less than 0.1 ): 0.2254
median val loss 0.5667
total test iterations: 125 
average test loss 1.9274
accuracy ( less than 0.1 ): 0.2244
median test loss 0.5561
Consuming time:85.29 in the epoch: 38
Best test loss is 1.93
---------------*****---------------
---------------*****---------------
Starting training the epoch: 39 
total batch: 581.6875 
batch:99 average train loss 1.6974
batch:199 average train loss 1.7499
batch:299 average train loss 1.7614
batch:399 average train loss 1.7753
batch:499 average train loss 1.7592
average train loss 1.7697
Train Consuming time:66.85 in the epoch: 39
total val iterations: 125 
average val loss 2.0227
accuracy ( less than 0.1 ): 0.2251
median val loss 0.5645
total test iterations: 125 
average test loss 1.9277
accuracy ( less than 0.1 ): 0.2239
median test loss 0.5584
Consuming time:85.73 in the epoch: 39
Best test loss is 1.93
---------------*****---------------
---------------*****---------------
Starting training the epoch: 40 
total batch: 581.6875 
batch:99 average train loss 1.6968
batch:199 average train loss 1.7485
batch:299 average train loss 1.7602
batch:399 average train loss 1.7739
batch:499 average train loss 1.7580
average train loss 1.7686
Train Consuming time:66.15 in the epoch: 40
total val iterations: 125 
average val loss 2.0229
accuracy ( less than 0.1 ): 0.2253
median val loss 0.5661
total test iterations: 125 
average test loss 1.9278
accuracy ( less than 0.1 ): 0.2243
median test loss 0.5586
Consuming time:83.51 in the epoch: 40
Best test loss is 1.93
---------------*****---------------
---------------*****---------------
Starting training the epoch: 41 
total batch: 581.6875 
batch:99 average train loss 1.6965
batch:199 average train loss 1.7482
batch:299 average train loss 1.7596
batch:399 average train loss 1.7735
batch:499 average train loss 1.7576
average train loss 1.7683
Train Consuming time:62.37 in the epoch: 41
total val iterations: 125 
average val loss 2.0228
accuracy ( less than 0.1 ): 0.2258
median val loss 0.5655
total test iterations: 125 
average test loss 1.9278
accuracy ( less than 0.1 ): 0.2235
median test loss 0.5609
Consuming time:79.80 in the epoch: 41
Best test loss is 1.93
---------------*****---------------
---------------*****---------------
Starting training the epoch: 42 
total batch: 581.6875 
batch:99 average train loss 1.6942
batch:199 average train loss 1.7471
batch:299 average train loss 1.7591
batch:399 average train loss 1.7727
batch:499 average train loss 1.7567
average train loss 1.7673
Train Consuming time:62.69 in the epoch: 42
total val iterations: 125 
average val loss 2.0229
accuracy ( less than 0.1 ): 0.2254
median val loss 0.5658
total test iterations: 125 
average test loss 1.9282
accuracy ( less than 0.1 ): 0.2233
median test loss 0.5627
Consuming time:80.19 in the epoch: 42
Best test loss is 1.93
---------------*****---------------
---------------*****---------------
Starting training the epoch: 43 
total batch: 581.6875 
batch:99 average train loss 1.6934
batch:199 average train loss 1.7459
batch:299 average train loss 1.7579
batch:399 average train loss 1.7719
batch:499 average train loss 1.7560
average train loss 1.7669
Train Consuming time:62.51 in the epoch: 43
total val iterations: 125 
average val loss 2.0226
accuracy ( less than 0.1 ): 0.2242
median val loss 0.5673
total test iterations: 125 
average test loss 1.9280
accuracy ( less than 0.1 ): 0.2234
median test loss 0.5651
Consuming time:80.32 in the epoch: 43
Best test loss is 1.93
---------------*****---------------
---------------*****---------------
Starting training the epoch: 44 
total batch: 581.6875 
batch:99 average train loss 1.6935
batch:199 average train loss 1.7455
batch:299 average train loss 1.7572
batch:399 average train loss 1.7711
batch:499 average train loss 1.7553
average train loss 1.7661
Train Consuming time:69.38 in the epoch: 44
total val iterations: 125 
average val loss 2.0226
accuracy ( less than 0.1 ): 0.2249
median val loss 0.5665
total test iterations: 125 
average test loss 1.9281
accuracy ( less than 0.1 ): 0.2228
median test loss 0.5634
Consuming time:88.66 in the epoch: 44
Best test loss is 1.93
---------------*****---------------
---------------*****---------------
Starting training the epoch: 45 
total batch: 581.6875 
batch:99 average train loss 1.6922
batch:199 average train loss 1.7442
batch:299 average train loss 1.7558
batch:399 average train loss 1.7697
batch:499 average train loss 1.7542
average train loss 1.7649
Train Consuming time:73.10 in the epoch: 45
total val iterations: 125 
average val loss 2.0227
accuracy ( less than 0.1 ): 0.2252
median val loss 0.5677
total test iterations: 125 
average test loss 1.9282
accuracy ( less than 0.1 ): 0.2232
median test loss 0.5643
Consuming time:92.46 in the epoch: 45
Best test loss is 1.93
---------------*****---------------
---------------*****---------------
Starting training the epoch: 46 
total batch: 581.6875 
batch:99 average train loss 1.6918
batch:199 average train loss 1.7433
batch:299 average train loss 1.7549
batch:399 average train loss 1.7688
batch:499 average train loss 1.7533
average train loss 1.7641
Train Consuming time:73.21 in the epoch: 46
total val iterations: 125 
average val loss 2.0226
accuracy ( less than 0.1 ): 0.2243
median val loss 0.5690
total test iterations: 125 
average test loss 1.9284
accuracy ( less than 0.1 ): 0.2234
median test loss 0.5648
Consuming time:92.32 in the epoch: 46
Best test loss is 1.93
---------------*****---------------
---------------*****---------------
Starting training the epoch: 47 
total batch: 581.6875 
batch:99 average train loss 1.6914
batch:199 average train loss 1.7436
batch:299 average train loss 1.7548
batch:399 average train loss 1.7687
batch:499 average train loss 1.7529
average train loss 1.7636
Train Consuming time:73.44 in the epoch: 47
total val iterations: 125 
average val loss 2.0231
accuracy ( less than 0.1 ): 0.2251
median val loss 0.5676
total test iterations: 125 
average test loss 1.9284
accuracy ( less than 0.1 ): 0.2237
median test loss 0.5633
Consuming time:92.95 in the epoch: 47
Best test loss is 1.93
---------------*****---------------
---------------*****---------------
Starting training the epoch: 48 
total batch: 581.6875 
batch:99 average train loss 1.6898
batch:199 average train loss 1.7414
batch:299 average train loss 1.7535
batch:399 average train loss 1.7674
batch:499 average train loss 1.7520
average train loss 1.7628
Train Consuming time:73.28 in the epoch: 48
total val iterations: 125 
average val loss 2.0230
accuracy ( less than 0.1 ): 0.2251
median val loss 0.5711
total test iterations: 125 
average test loss 1.9285
accuracy ( less than 0.1 ): 0.2238
median test loss 0.5639
Consuming time:92.53 in the epoch: 48
Best test loss is 1.93
---------------*****---------------
---------------*****---------------
Starting training the epoch: 49 
total batch: 581.6875 
batch:99 average train loss 1.6883
batch:199 average train loss 1.7409
batch:299 average train loss 1.7523
batch:399 average train loss 1.7666
batch:499 average train loss 1.7513
average train loss 1.7621
Train Consuming time:73.28 in the epoch: 49
total val iterations: 125 
average val loss 2.0230
accuracy ( less than 0.1 ): 0.2249
median val loss 0.5710
total test iterations: 125 
average test loss 1.9286
accuracy ( less than 0.1 ): 0.2229
median test loss 0.5633
Consuming time:92.63 in the epoch: 49
Best test loss is 1.93
---------------*****---------------
