===================configuration===================
learning rate :0.001 
num_mlp_layers : 1
num_layers : 2
gnn input_features : 100
gnn output_features : 64
input of rnn/transformer : 64
hidden_size (out put of rnn/tranformer) : 64
observation hour [7,19]
observation interval : 1
observation threshold : 6
prediction time : 86400
cascade length [10,100]
model save at : ../model_save/cas2vec/dblp1/
====bidirected: False, attention: GAT, gcn_type: self, rnn: None====
===================configuration===================
len(Y_train), len(Y_valid), len(Y_test): 48622 10420 10419
preparing time:34.795574426651
total parameters 31981
---------------*****---------------
Starting training the epoch: 0 
total batch: 759.71875 
batch:99 average train loss 6.0461
batch:199 average train loss 4.0599
batch:299 average train loss 3.3425
batch:399 average train loss 2.9618
batch:499 average train loss 2.7331
batch:599 average train loss 2.5796
batch:699 average train loss 2.4720
average train loss 2.4129
Train Consuming time:19.52 in the epoch: 0
total val iterations: 163 
average val loss 1.7487
accuracy ( less than 0.1 ): 0.2439
median val loss 0.7316
total test iterations: 163 
average test loss 1.7153
accuracy ( less than 0.1 ): 0.2522
median test loss 0.7244
Consuming time:24.09 in the epoch: 0
Best test loss is 1.72
---------------*****---------------
---------------*****---------------
Starting training the epoch: 1 
total batch: 759.71875 
batch:99 average train loss 1.6687
batch:199 average train loss 1.6795
batch:299 average train loss 1.6867
batch:399 average train loss 1.6837
batch:499 average train loss 1.6880
batch:599 average train loss 1.6908
batch:699 average train loss 1.6968
average train loss 1.6925
Train Consuming time:19.22 in the epoch: 1
total val iterations: 163 
average val loss 1.7139
accuracy ( less than 0.1 ): 0.2473
median val loss 0.7308
total test iterations: 163 
average test loss 1.6831
accuracy ( less than 0.1 ): 0.2515
median test loss 0.6990
Consuming time:23.71 in the epoch: 1
Best test loss is 1.68
---------------*****---------------
---------------*****---------------
Starting training the epoch: 2 
total batch: 759.71875 
batch:99 average train loss 1.6215
batch:199 average train loss 1.6237
batch:299 average train loss 1.6292
batch:399 average train loss 1.6303
batch:499 average train loss 1.6336
batch:599 average train loss 1.6381
batch:699 average train loss 1.6470
average train loss 1.6445
Train Consuming time:19.29 in the epoch: 2
total val iterations: 163 
average val loss 1.6747
accuracy ( less than 0.1 ): 0.2404
median val loss 0.7144
total test iterations: 163 
average test loss 1.6394
accuracy ( less than 0.1 ): 0.2461
median test loss 0.6870
Consuming time:23.69 in the epoch: 2
Best test loss is 1.64
---------------*****---------------
---------------*****---------------
Starting training the epoch: 3 
total batch: 759.71875 
batch:99 average train loss 1.5986
batch:199 average train loss 1.5993
batch:299 average train loss 1.6071
batch:399 average train loss 1.6083
batch:499 average train loss 1.6123
batch:599 average train loss 1.6161
batch:699 average train loss 1.6253
average train loss 1.6234
Train Consuming time:19.37 in the epoch: 3
total val iterations: 163 
average val loss 1.6511
accuracy ( less than 0.1 ): 0.2252
median val loss 0.7024
total test iterations: 163 
average test loss 1.6196
accuracy ( less than 0.1 ): 0.2242
median test loss 0.6752
Consuming time:23.80 in the epoch: 3
Best test loss is 1.62
---------------*****---------------
---------------*****---------------
Starting training the epoch: 4 
total batch: 759.71875 
batch:99 average train loss 1.5887
batch:199 average train loss 1.5889
batch:299 average train loss 1.5957
batch:399 average train loss 1.5976
batch:499 average train loss 1.6014
batch:599 average train loss 1.6049
batch:699 average train loss 1.6142
average train loss 1.6131
Train Consuming time:19.22 in the epoch: 4
total val iterations: 163 
average val loss 1.6469
accuracy ( less than 0.1 ): 0.2227
median val loss 0.6993
total test iterations: 163 
average test loss 1.6122
accuracy ( less than 0.1 ): 0.2199
median test loss 0.6768
Consuming time:23.73 in the epoch: 4
Best test loss is 1.61
---------------*****---------------
---------------*****---------------
Starting training the epoch: 5 
total batch: 759.71875 
batch:99 average train loss 1.5771
batch:199 average train loss 1.5794
batch:299 average train loss 1.5847
batch:399 average train loss 1.5856
batch:499 average train loss 1.5897
batch:599 average train loss 1.5939
batch:699 average train loss 1.6033
average train loss 1.6014
Train Consuming time:19.28 in the epoch: 5
total val iterations: 163 
average val loss 1.6394
accuracy ( less than 0.1 ): 0.2259
median val loss 0.6890
total test iterations: 163 
average test loss 1.5968
accuracy ( less than 0.1 ): 0.2263
median test loss 0.6660
Consuming time:23.79 in the epoch: 5
Best test loss is 1.60
---------------*****---------------
---------------*****---------------
Starting training the epoch: 6 
total batch: 759.71875 
batch:99 average train loss 1.5704
batch:199 average train loss 1.5751
batch:299 average train loss 1.5801
batch:399 average train loss 1.5807
batch:499 average train loss 1.5843
batch:599 average train loss 1.5877
batch:699 average train loss 1.5969
average train loss 1.5956
Train Consuming time:19.39 in the epoch: 6
total val iterations: 163 
average val loss 1.6271
accuracy ( less than 0.1 ): 0.2151
median val loss 0.6862
total test iterations: 163 
average test loss 1.5898
accuracy ( less than 0.1 ): 0.2171
median test loss 0.6691
Consuming time:23.76 in the epoch: 6
Best test loss is 1.59
---------------*****---------------
---------------*****---------------
Starting training the epoch: 7 
total batch: 759.71875 
batch:99 average train loss 1.5674
batch:199 average train loss 1.5701
batch:299 average train loss 1.5749
batch:399 average train loss 1.5748
batch:499 average train loss 1.5788
batch:599 average train loss 1.5830
batch:699 average train loss 1.5925
average train loss 1.5911
Train Consuming time:19.28 in the epoch: 7
total val iterations: 163 
average val loss 1.6233
accuracy ( less than 0.1 ): 0.2278
median val loss 0.6860
total test iterations: 163 
average test loss 1.5856
accuracy ( less than 0.1 ): 0.2312
median test loss 0.6663
Consuming time:23.69 in the epoch: 7
Best test loss is 1.59
---------------*****---------------
---------------*****---------------
Starting training the epoch: 8 
total batch: 759.71875 
batch:99 average train loss 1.5593
batch:199 average train loss 1.5629
batch:299 average train loss 1.5681
batch:399 average train loss 1.5687
batch:499 average train loss 1.5725
batch:599 average train loss 1.5760
batch:699 average train loss 1.5845
average train loss 1.5837
Train Consuming time:19.17 in the epoch: 8
total val iterations: 163 
average val loss 1.6260
accuracy ( less than 0.1 ): 0.2180
median val loss 0.6873
total test iterations: 163 
average test loss 1.5866
accuracy ( less than 0.1 ): 0.2186
median test loss 0.6747
Consuming time:23.59 in the epoch: 8
Best test loss is 1.59
---------------*****---------------
---------------*****---------------
Starting training the epoch: 9 
total batch: 759.71875 
batch:99 average train loss 1.5531
batch:199 average train loss 1.5578
batch:299 average train loss 1.5642
batch:399 average train loss 1.5639
batch:499 average train loss 1.5675
batch:599 average train loss 1.5714
batch:699 average train loss 1.5802
average train loss 1.5794
Train Consuming time:19.29 in the epoch: 9
total val iterations: 163 
average val loss 1.6300
accuracy ( less than 0.1 ): 0.2256
median val loss 0.6924
total test iterations: 163 
average test loss 1.5880
accuracy ( less than 0.1 ): 0.2310
median test loss 0.6611
Consuming time:23.72 in the epoch: 9
Best test loss is 1.59
---------------*****---------------
---------------*****---------------
Starting training the epoch: 10 
total batch: 759.71875 
batch:99 average train loss 1.5486
batch:199 average train loss 1.5538
batch:299 average train loss 1.5609
batch:399 average train loss 1.5599
batch:499 average train loss 1.5636
batch:599 average train loss 1.5685
batch:699 average train loss 1.5764
average train loss 1.5753
Train Consuming time:19.25 in the epoch: 10
total val iterations: 163 
average val loss 1.6254
accuracy ( less than 0.1 ): 0.2187
median val loss 0.6921
total test iterations: 163 
average test loss 1.5847
accuracy ( less than 0.1 ): 0.2199
median test loss 0.6522
Consuming time:23.63 in the epoch: 10
Best test loss is 1.58
---------------*****---------------
---------------*****---------------
Starting training the epoch: 11 
total batch: 759.71875 
batch:99 average train loss 1.5478
batch:199 average train loss 1.5504
batch:299 average train loss 1.5561
batch:399 average train loss 1.5568
batch:499 average train loss 1.5598
batch:599 average train loss 1.5632
batch:699 average train loss 1.5714
average train loss 1.5702
Train Consuming time:19.26 in the epoch: 11
total val iterations: 163 
average val loss 1.6191
accuracy ( less than 0.1 ): 0.2173
median val loss 0.6908
total test iterations: 163 
average test loss 1.5782
accuracy ( less than 0.1 ): 0.2200
median test loss 0.6614
Consuming time:23.68 in the epoch: 11
Best test loss is 1.58
---------------*****---------------
---------------*****---------------
Starting training the epoch: 12 
total batch: 759.71875 
batch:99 average train loss 1.5396
batch:199 average train loss 1.5430
batch:299 average train loss 1.5516
batch:399 average train loss 1.5505
batch:499 average train loss 1.5535
batch:599 average train loss 1.5575
batch:699 average train loss 1.5655
average train loss 1.5650
Train Consuming time:19.22 in the epoch: 12
total val iterations: 163 
average val loss 1.6231
accuracy ( less than 0.1 ): 0.2301
median val loss 0.6963
total test iterations: 163 
average test loss 1.5820
accuracy ( less than 0.1 ): 0.2316
median test loss 0.6507
Consuming time:23.62 in the epoch: 12
Best test loss is 1.58
---------------*****---------------
---------------*****---------------
Starting training the epoch: 13 
total batch: 759.71875 
batch:99 average train loss 1.5342
batch:199 average train loss 1.5367
batch:299 average train loss 1.5445
batch:399 average train loss 1.5450
batch:499 average train loss 1.5489
batch:599 average train loss 1.5538
batch:699 average train loss 1.5623
average train loss 1.5613
Train Consuming time:19.16 in the epoch: 13
total val iterations: 163 
average val loss 1.6208
accuracy ( less than 0.1 ): 0.2242
median val loss 0.6833
total test iterations: 163 
average test loss 1.5813
accuracy ( less than 0.1 ): 0.2280
median test loss 0.6553
Consuming time:23.61 in the epoch: 13
Best test loss is 1.58
---------------*****---------------
---------------*****---------------
Starting training the epoch: 14 
total batch: 759.71875 
batch:99 average train loss 1.5366
batch:199 average train loss 1.5369
batch:299 average train loss 1.5434
batch:399 average train loss 1.5439
batch:499 average train loss 1.5471
batch:599 average train loss 1.5507
batch:699 average train loss 1.5592
average train loss 1.5581
Train Consuming time:19.17 in the epoch: 14
total val iterations: 163 
average val loss 1.6228
accuracy ( less than 0.1 ): 0.2198
median val loss 0.6821
total test iterations: 163 
average test loss 1.5869
accuracy ( less than 0.1 ): 0.2196
median test loss 0.6646
Consuming time:23.66 in the epoch: 14
Best test loss is 1.58
---------------*****---------------
---------------*****---------------
Starting training the epoch: 15 
total batch: 759.71875 
batch:99 average train loss 1.5281
batch:199 average train loss 1.5318
batch:299 average train loss 1.5397
batch:399 average train loss 1.5398
batch:499 average train loss 1.5433
batch:599 average train loss 1.5475
batch:699 average train loss 1.5557
average train loss 1.5555
Train Consuming time:19.31 in the epoch: 15
total val iterations: 163 
average val loss 1.6112
accuracy ( less than 0.1 ): 0.2183
median val loss 0.6758
total test iterations: 163 
average test loss 1.5768
accuracy ( less than 0.1 ): 0.2198
median test loss 0.6542
Consuming time:23.80 in the epoch: 15
Best test loss is 1.58
---------------*****---------------
---------------*****---------------
Starting training the epoch: 16 
total batch: 759.71875 
batch:99 average train loss 1.5276
batch:199 average train loss 1.5287
batch:299 average train loss 1.5358
batch:399 average train loss 1.5364
batch:499 average train loss 1.5401
batch:599 average train loss 1.5446
batch:699 average train loss 1.5527
average train loss 1.5522
Train Consuming time:19.39 in the epoch: 16
total val iterations: 163 
average val loss 1.6104
accuracy ( less than 0.1 ): 0.2176
median val loss 0.6801
total test iterations: 163 
average test loss 1.5732
accuracy ( less than 0.1 ): 0.2156
median test loss 0.6518
Consuming time:23.82 in the epoch: 16
Best test loss is 1.57
---------------*****---------------
---------------*****---------------
Starting training the epoch: 17 
total batch: 759.71875 
batch:99 average train loss 1.5262
batch:199 average train loss 1.5285
batch:299 average train loss 1.5359
batch:399 average train loss 1.5376
batch:499 average train loss 1.5405
batch:599 average train loss 1.5443
batch:699 average train loss 1.5515
average train loss 1.5513
Train Consuming time:19.40 in the epoch: 17
total val iterations: 163 
average val loss 1.6200
accuracy ( less than 0.1 ): 0.2166
median val loss 0.6816
total test iterations: 163 
average test loss 1.5834
accuracy ( less than 0.1 ): 0.2153
median test loss 0.6670
Consuming time:23.85 in the epoch: 17
Best test loss is 1.57
---------------*****---------------
---------------*****---------------
Starting training the epoch: 18 
total batch: 759.71875 
batch:99 average train loss 1.5203
batch:199 average train loss 1.5261
batch:299 average train loss 1.5314
batch:399 average train loss 1.5326
batch:499 average train loss 1.5354
batch:599 average train loss 1.5391
batch:699 average train loss 1.5464
average train loss 1.5463
Train Consuming time:19.11 in the epoch: 18
total val iterations: 163 
average val loss 1.6219
accuracy ( less than 0.1 ): 0.2242
median val loss 0.6831
total test iterations: 163 
average test loss 1.5763
accuracy ( less than 0.1 ): 0.2281
median test loss 0.6593
Consuming time:23.53 in the epoch: 18
Best test loss is 1.57
---------------*****---------------
---------------*****---------------
Starting training the epoch: 19 
total batch: 759.71875 
batch:99 average train loss 1.5161
batch:199 average train loss 1.5191
batch:299 average train loss 1.5255
batch:399 average train loss 1.5279
batch:499 average train loss 1.5322
batch:599 average train loss 1.5363
batch:699 average train loss 1.5438
average train loss 1.5434
Train Consuming time:19.35 in the epoch: 19
total val iterations: 163 
average val loss 1.6167
accuracy ( less than 0.1 ): 0.2222
median val loss 0.6757
total test iterations: 163 
average test loss 1.5746
accuracy ( less than 0.1 ): 0.2254
median test loss 0.6513
Consuming time:23.77 in the epoch: 19
Best test loss is 1.57
---------------*****---------------
---------------*****---------------
Starting training the epoch: 20 
total batch: 759.71875 
batch:99 average train loss 1.4989
batch:199 average train loss 1.5026
batch:299 average train loss 1.5066
batch:399 average train loss 1.5055
batch:499 average train loss 1.5071
batch:599 average train loss 1.5089
batch:699 average train loss 1.5152
average train loss 1.5120
Train Consuming time:19.04 in the epoch: 20
total val iterations: 163 
average val loss 1.6068
accuracy ( less than 0.1 ): 0.2214
median val loss 0.6780
total test iterations: 163 
average test loss 1.5653
accuracy ( less than 0.1 ): 0.2261
median test loss 0.6501
Consuming time:23.45 in the epoch: 20
Best test loss is 1.57
---------------*****---------------
---------------*****---------------
Starting training the epoch: 21 
total batch: 759.71875 
batch:99 average train loss 1.4829
batch:199 average train loss 1.4866
batch:299 average train loss 1.4910
batch:399 average train loss 1.4907
batch:499 average train loss 1.4935
batch:599 average train loss 1.4963
batch:699 average train loss 1.5027
average train loss 1.5005
Train Consuming time:18.87 in the epoch: 21
total val iterations: 163 
average val loss 1.6046
accuracy ( less than 0.1 ): 0.2207
median val loss 0.6796
total test iterations: 163 
average test loss 1.5644
accuracy ( less than 0.1 ): 0.2269
median test loss 0.6548
Consuming time:23.35 in the epoch: 21
Best test loss is 1.56
---------------*****---------------
---------------*****---------------
Starting training the epoch: 22 
total batch: 759.71875 
batch:99 average train loss 1.4778
batch:199 average train loss 1.4810
batch:299 average train loss 1.4858
batch:399 average train loss 1.4861
batch:499 average train loss 1.4893
batch:599 average train loss 1.4921
batch:699 average train loss 1.4986
average train loss 1.4967
Train Consuming time:19.16 in the epoch: 22
total val iterations: 163 
average val loss 1.6040
accuracy ( less than 0.1 ): 0.2217
median val loss 0.6800
total test iterations: 163 
average test loss 1.5643
accuracy ( less than 0.1 ): 0.2255
median test loss 0.6530
Consuming time:23.61 in the epoch: 22
Best test loss is 1.56
---------------*****---------------
---------------*****---------------
Starting training the epoch: 23 
total batch: 759.71875 
batch:99 average train loss 1.4752
batch:199 average train loss 1.4790
batch:299 average train loss 1.4832
batch:399 average train loss 1.4833
batch:499 average train loss 1.4862
batch:599 average train loss 1.4895
batch:699 average train loss 1.4956
average train loss 1.4940
Train Consuming time:19.43 in the epoch: 23
total val iterations: 163 
average val loss 1.6033
accuracy ( less than 0.1 ): 0.2233
median val loss 0.6835
total test iterations: 163 
average test loss 1.5641
accuracy ( less than 0.1 ): 0.2250
median test loss 0.6519
Consuming time:24.25 in the epoch: 23
Best test loss is 1.56
---------------*****---------------
---------------*****---------------
Starting training the epoch: 24 
total batch: 759.71875 
batch:99 average train loss 1.4742
batch:199 average train loss 1.4761
batch:299 average train loss 1.4807
batch:399 average train loss 1.4810
batch:499 average train loss 1.4838
batch:599 average train loss 1.4868
batch:699 average train loss 1.4932
average train loss 1.4917
Train Consuming time:19.94 in the epoch: 24
total val iterations: 163 
average val loss 1.6029
accuracy ( less than 0.1 ): 0.2242
median val loss 0.6838
total test iterations: 163 
average test loss 1.5638
accuracy ( less than 0.1 ): 0.2253
median test loss 0.6511
Consuming time:24.74 in the epoch: 24
Best test loss is 1.56
---------------*****---------------
---------------*****---------------
Starting training the epoch: 25 
total batch: 759.71875 
batch:99 average train loss 1.4726
batch:199 average train loss 1.4741
batch:299 average train loss 1.4792
batch:399 average train loss 1.4795
batch:499 average train loss 1.4823
batch:599 average train loss 1.4854
batch:699 average train loss 1.4917
average train loss 1.4906
Train Consuming time:20.11 in the epoch: 25
total val iterations: 163 
average val loss 1.6027
accuracy ( less than 0.1 ): 0.2234
median val loss 0.6834
total test iterations: 163 
average test loss 1.5635
accuracy ( less than 0.1 ): 0.2254
median test loss 0.6503
Consuming time:24.87 in the epoch: 25
Best test loss is 1.56
---------------*****---------------
---------------*****---------------
Starting training the epoch: 26 
total batch: 759.71875 
batch:99 average train loss 1.4707
batch:199 average train loss 1.4722
batch:299 average train loss 1.4768
batch:399 average train loss 1.4776
batch:499 average train loss 1.4809
batch:599 average train loss 1.4838
batch:699 average train loss 1.4903
average train loss 1.4891
Train Consuming time:20.03 in the epoch: 26
total val iterations: 163 
average val loss 1.6030
accuracy ( less than 0.1 ): 0.2247
median val loss 0.6855
total test iterations: 163 
average test loss 1.5633
accuracy ( less than 0.1 ): 0.2267
median test loss 0.6506
Consuming time:24.83 in the epoch: 26
Best test loss is 1.56
---------------*****---------------
---------------*****---------------
Starting training the epoch: 27 
total batch: 759.71875 
batch:99 average train loss 1.4703
batch:199 average train loss 1.4714
batch:299 average train loss 1.4759
batch:399 average train loss 1.4766
batch:499 average train loss 1.4797
batch:599 average train loss 1.4826
batch:699 average train loss 1.4890
average train loss 1.4881
Train Consuming time:20.06 in the epoch: 27
total val iterations: 163 
average val loss 1.6031
accuracy ( less than 0.1 ): 0.2257
median val loss 0.6846
total test iterations: 163 
average test loss 1.5636
accuracy ( less than 0.1 ): 0.2279
median test loss 0.6510
Consuming time:24.81 in the epoch: 27
Best test loss is 1.56
---------------*****---------------
---------------*****---------------
Starting training the epoch: 28 
total batch: 759.71875 
batch:99 average train loss 1.4693
batch:199 average train loss 1.4702
batch:299 average train loss 1.4750
batch:399 average train loss 1.4760
batch:499 average train loss 1.4789
batch:599 average train loss 1.4819
batch:699 average train loss 1.4882
average train loss 1.4872
Train Consuming time:20.08 in the epoch: 28
total val iterations: 163 
average val loss 1.6032
accuracy ( less than 0.1 ): 0.2248
median val loss 0.6866
total test iterations: 163 
average test loss 1.5633
accuracy ( less than 0.1 ): 0.2265
median test loss 0.6496
Consuming time:24.71 in the epoch: 28
Best test loss is 1.56
---------------*****---------------
---------------*****---------------
Starting training the epoch: 29 
total batch: 759.71875 
batch:99 average train loss 1.4674
batch:199 average train loss 1.4687
batch:299 average train loss 1.4740
batch:399 average train loss 1.4748
batch:499 average train loss 1.4780
batch:599 average train loss 1.4808
batch:699 average train loss 1.4872
average train loss 1.4865
Train Consuming time:20.02 in the epoch: 29
total val iterations: 163 
average val loss 1.6034
accuracy ( less than 0.1 ): 0.2252
median val loss 0.6840
total test iterations: 163 
average test loss 1.5634
accuracy ( less than 0.1 ): 0.2268
median test loss 0.6505
Consuming time:24.78 in the epoch: 29
Best test loss is 1.56
---------------*****---------------
---------------*****---------------
Starting training the epoch: 30 
total batch: 759.71875 
batch:99 average train loss 1.4673
batch:199 average train loss 1.4683
batch:299 average train loss 1.4735
batch:399 average train loss 1.4746
batch:499 average train loss 1.4775
batch:599 average train loss 1.4804
batch:699 average train loss 1.4869
average train loss 1.4863
Train Consuming time:20.03 in the epoch: 30
total val iterations: 163 
average val loss 1.6036
accuracy ( less than 0.1 ): 0.2259
median val loss 0.6851
total test iterations: 163 
average test loss 1.5636
accuracy ( less than 0.1 ): 0.2275
median test loss 0.6495
Consuming time:24.79 in the epoch: 30
Best test loss is 1.56
---------------*****---------------
---------------*****---------------
Starting training the epoch: 31 
total batch: 759.71875 
batch:99 average train loss 1.4660
batch:199 average train loss 1.4666
batch:299 average train loss 1.4722
batch:399 average train loss 1.4736
batch:499 average train loss 1.4768
batch:599 average train loss 1.4798
batch:699 average train loss 1.4863
average train loss 1.4857
Train Consuming time:19.92 in the epoch: 31
total val iterations: 163 
average val loss 1.6039
accuracy ( less than 0.1 ): 0.2251
median val loss 0.6833
total test iterations: 163 
average test loss 1.5634
accuracy ( less than 0.1 ): 0.2273
median test loss 0.6507
Consuming time:24.70 in the epoch: 31
Best test loss is 1.56
---------------*****---------------
---------------*****---------------
Starting training the epoch: 32 
total batch: 759.71875 
batch:99 average train loss 1.4658
batch:199 average train loss 1.4668
batch:299 average train loss 1.4718
batch:399 average train loss 1.4730
batch:499 average train loss 1.4762
batch:599 average train loss 1.4790
batch:699 average train loss 1.4855
average train loss 1.4849
Train Consuming time:20.00 in the epoch: 32
total val iterations: 163 
average val loss 1.6041
accuracy ( less than 0.1 ): 0.2254
median val loss 0.6837
total test iterations: 163 
average test loss 1.5635
accuracy ( less than 0.1 ): 0.2281
median test loss 0.6500
Consuming time:24.82 in the epoch: 32
Best test loss is 1.56
---------------*****---------------
---------------*****---------------
Starting training the epoch: 33 
total batch: 759.71875 
batch:99 average train loss 1.4673
batch:199 average train loss 1.4672
batch:299 average train loss 1.4717
batch:399 average train loss 1.4729
batch:499 average train loss 1.4758
batch:599 average train loss 1.4786
batch:699 average train loss 1.4850
average train loss 1.4847
Train Consuming time:19.97 in the epoch: 33
total val iterations: 163 
average val loss 1.6042
accuracy ( less than 0.1 ): 0.2257
median val loss 0.6859
total test iterations: 163 
average test loss 1.5635
accuracy ( less than 0.1 ): 0.2282
median test loss 0.6487
Consuming time:24.75 in the epoch: 33
Best test loss is 1.56
---------------*****---------------
---------------*****---------------
Starting training the epoch: 34 
total batch: 759.71875 
batch:99 average train loss 1.4654
batch:199 average train loss 1.4661
batch:299 average train loss 1.4708
batch:399 average train loss 1.4720
batch:499 average train loss 1.4752
batch:599 average train loss 1.4781
batch:699 average train loss 1.4844
average train loss 1.4839
Train Consuming time:20.18 in the epoch: 34
total val iterations: 163 
average val loss 1.6043
accuracy ( less than 0.1 ): 0.2250
median val loss 0.6847
total test iterations: 163 
average test loss 1.5634
accuracy ( less than 0.1 ): 0.2287
median test loss 0.6468
Consuming time:25.01 in the epoch: 34
Best test loss is 1.56
---------------*****---------------
---------------*****---------------
Starting training the epoch: 35 
total batch: 759.71875 
batch:99 average train loss 1.4646
batch:199 average train loss 1.4654
batch:299 average train loss 1.4703
batch:399 average train loss 1.4720
batch:499 average train loss 1.4753
batch:599 average train loss 1.4781
batch:699 average train loss 1.4845
average train loss 1.4841
Train Consuming time:20.06 in the epoch: 35
total val iterations: 163 
average val loss 1.6045
accuracy ( less than 0.1 ): 0.2255
median val loss 0.6871
total test iterations: 163 
average test loss 1.5637
accuracy ( less than 0.1 ): 0.2292
median test loss 0.6511
Consuming time:24.86 in the epoch: 35
Best test loss is 1.56
---------------*****---------------
---------------*****---------------
Starting training the epoch: 36 
total batch: 759.71875 
batch:99 average train loss 1.4650
batch:199 average train loss 1.4651
batch:299 average train loss 1.4701
batch:399 average train loss 1.4715
batch:499 average train loss 1.4747
batch:599 average train loss 1.4772
batch:699 average train loss 1.4839
average train loss 1.4834
Train Consuming time:20.06 in the epoch: 36
total val iterations: 163 
average val loss 1.6045
accuracy ( less than 0.1 ): 0.2252
median val loss 0.6842
total test iterations: 163 
average test loss 1.5635
accuracy ( less than 0.1 ): 0.2284
median test loss 0.6491
Consuming time:24.79 in the epoch: 36
Best test loss is 1.56
---------------*****---------------
---------------*****---------------
Starting training the epoch: 37 
total batch: 759.71875 
batch:99 average train loss 1.4638
batch:199 average train loss 1.4644
batch:299 average train loss 1.4694
batch:399 average train loss 1.4709
batch:499 average train loss 1.4741
batch:599 average train loss 1.4769
batch:699 average train loss 1.4835
average train loss 1.4831
Train Consuming time:20.06 in the epoch: 37
total val iterations: 163 
average val loss 1.6048
accuracy ( less than 0.1 ): 0.2250
median val loss 0.6857
total test iterations: 163 
average test loss 1.5637
accuracy ( less than 0.1 ): 0.2281
median test loss 0.6503
Consuming time:24.74 in the epoch: 37
Best test loss is 1.56
---------------*****---------------
---------------*****---------------
Starting training the epoch: 38 
total batch: 759.71875 
batch:99 average train loss 1.4642
batch:199 average train loss 1.4642
batch:299 average train loss 1.4690
batch:399 average train loss 1.4704
batch:499 average train loss 1.4736
batch:599 average train loss 1.4766
batch:699 average train loss 1.4831
average train loss 1.4828
Train Consuming time:19.91 in the epoch: 38
total val iterations: 163 
average val loss 1.6047
accuracy ( less than 0.1 ): 0.2246
median val loss 0.6859
total test iterations: 163 
average test loss 1.5636
accuracy ( less than 0.1 ): 0.2287
median test loss 0.6499
Consuming time:24.60 in the epoch: 38
Best test loss is 1.56
---------------*****---------------
---------------*****---------------
Starting training the epoch: 39 
total batch: 759.71875 
batch:99 average train loss 1.4628
batch:199 average train loss 1.4635
batch:299 average train loss 1.4683
batch:399 average train loss 1.4700
batch:499 average train loss 1.4732
batch:599 average train loss 1.4760
batch:699 average train loss 1.4824
average train loss 1.4820
Train Consuming time:19.80 in the epoch: 39
total val iterations: 163 
average val loss 1.6047
accuracy ( less than 0.1 ): 0.2253
median val loss 0.6872
total test iterations: 163 
average test loss 1.5636
accuracy ( less than 0.1 ): 0.2277
median test loss 0.6488
Consuming time:24.63 in the epoch: 39
Best test loss is 1.56
---------------*****---------------
---------------*****---------------
Starting training the epoch: 40 
total batch: 759.71875 
batch:99 average train loss 1.4623
batch:199 average train loss 1.4627
batch:299 average train loss 1.4679
batch:399 average train loss 1.4695
batch:499 average train loss 1.4728
batch:599 average train loss 1.4755
batch:699 average train loss 1.4822
average train loss 1.4820
Train Consuming time:20.04 in the epoch: 40
total val iterations: 163 
average val loss 1.6049
accuracy ( less than 0.1 ): 0.2250
median val loss 0.6891
total test iterations: 163 
average test loss 1.5638
accuracy ( less than 0.1 ): 0.2287
median test loss 0.6499
Consuming time:24.74 in the epoch: 40
Best test loss is 1.56
---------------*****---------------
---------------*****---------------
Starting training the epoch: 41 
total batch: 759.71875 
batch:99 average train loss 1.4619
batch:199 average train loss 1.4622
batch:299 average train loss 1.4674
batch:399 average train loss 1.4692
batch:499 average train loss 1.4723
batch:599 average train loss 1.4753
batch:699 average train loss 1.4819
average train loss 1.4817
Train Consuming time:19.84 in the epoch: 41
total val iterations: 163 
average val loss 1.6050
accuracy ( less than 0.1 ): 0.2251
median val loss 0.6880
total test iterations: 163 
average test loss 1.5638
accuracy ( less than 0.1 ): 0.2290
median test loss 0.6490
Consuming time:24.47 in the epoch: 41
Best test loss is 1.56
---------------*****---------------
---------------*****---------------
Starting training the epoch: 42 
total batch: 759.71875 
batch:99 average train loss 1.4616
batch:199 average train loss 1.4626
batch:299 average train loss 1.4673
batch:399 average train loss 1.4689
batch:499 average train loss 1.4722
batch:599 average train loss 1.4749
batch:699 average train loss 1.4817
average train loss 1.4814
Train Consuming time:19.21 in the epoch: 42
total val iterations: 163 
average val loss 1.6049
accuracy ( less than 0.1 ): 0.2253
median val loss 0.6878
total test iterations: 163 
average test loss 1.5639
accuracy ( less than 0.1 ): 0.2280
median test loss 0.6522
Consuming time:23.60 in the epoch: 42
Best test loss is 1.56
---------------*****---------------
---------------*****---------------
Starting training the epoch: 43 
total batch: 759.71875 
batch:99 average train loss 1.4612
batch:199 average train loss 1.4617
batch:299 average train loss 1.4670
batch:399 average train loss 1.4682
batch:499 average train loss 1.4717
batch:599 average train loss 1.4745
batch:699 average train loss 1.4813
average train loss 1.4810
Train Consuming time:18.91 in the epoch: 43
total val iterations: 163 
average val loss 1.6049
accuracy ( less than 0.1 ): 0.2258
median val loss 0.6894
total test iterations: 163 
average test loss 1.5640
accuracy ( less than 0.1 ): 0.2283
median test loss 0.6499
Consuming time:23.37 in the epoch: 43
Best test loss is 1.56
---------------*****---------------
---------------*****---------------
Starting training the epoch: 44 
total batch: 759.71875 
batch:99 average train loss 1.4611
batch:199 average train loss 1.4618
batch:299 average train loss 1.4670
batch:399 average train loss 1.4685
batch:499 average train loss 1.4718
batch:599 average train loss 1.4747
batch:699 average train loss 1.4815
average train loss 1.4813
Train Consuming time:19.11 in the epoch: 44
total val iterations: 163 
average val loss 1.6051
accuracy ( less than 0.1 ): 0.2264
median val loss 0.6882
total test iterations: 163 
average test loss 1.5641
accuracy ( less than 0.1 ): 0.2283
median test loss 0.6524
Consuming time:23.60 in the epoch: 44
Best test loss is 1.56
---------------*****---------------
---------------*****---------------
Starting training the epoch: 45 
total batch: 759.71875 
batch:99 average train loss 1.4613
batch:199 average train loss 1.4620
batch:299 average train loss 1.4668
batch:399 average train loss 1.4681
batch:499 average train loss 1.4716
batch:599 average train loss 1.4744
batch:699 average train loss 1.4813
average train loss 1.4811
Train Consuming time:19.15 in the epoch: 45
total val iterations: 163 
average val loss 1.6051
accuracy ( less than 0.1 ): 0.2260
median val loss 0.6872
total test iterations: 163 
average test loss 1.5640
accuracy ( less than 0.1 ): 0.2281
median test loss 0.6512
Consuming time:23.65 in the epoch: 45
Best test loss is 1.56
---------------*****---------------
---------------*****---------------
Starting training the epoch: 46 
total batch: 759.71875 
batch:99 average train loss 1.4607
batch:199 average train loss 1.4610
batch:299 average train loss 1.4659
batch:399 average train loss 1.4672
batch:499 average train loss 1.4707
batch:599 average train loss 1.4733
batch:699 average train loss 1.4802
average train loss 1.4800
Train Consuming time:18.87 in the epoch: 46
total val iterations: 163 
average val loss 1.6049
accuracy ( less than 0.1 ): 0.2256
median val loss 0.6868
total test iterations: 163 
average test loss 1.5639
accuracy ( less than 0.1 ): 0.2286
median test loss 0.6531
Consuming time:23.28 in the epoch: 46
Best test loss is 1.56
---------------*****---------------
---------------*****---------------
Starting training the epoch: 47 
total batch: 759.71875 
batch:99 average train loss 1.4605
batch:199 average train loss 1.4605
batch:299 average train loss 1.4656
batch:399 average train loss 1.4672
batch:499 average train loss 1.4706
batch:599 average train loss 1.4737
batch:699 average train loss 1.4805
average train loss 1.4803
Train Consuming time:18.99 in the epoch: 47
total val iterations: 163 
average val loss 1.6051
accuracy ( less than 0.1 ): 0.2260
median val loss 0.6874
total test iterations: 163 
average test loss 1.5643
accuracy ( less than 0.1 ): 0.2288
median test loss 0.6544
Consuming time:23.37 in the epoch: 47
Best test loss is 1.56
---------------*****---------------
---------------*****---------------
Starting training the epoch: 48 
total batch: 759.71875 
batch:99 average train loss 1.4589
batch:199 average train loss 1.4600
batch:299 average train loss 1.4653
batch:399 average train loss 1.4666
batch:499 average train loss 1.4699
batch:599 average train loss 1.4729
batch:699 average train loss 1.4799
average train loss 1.4797
Train Consuming time:19.20 in the epoch: 48
total val iterations: 163 
average val loss 1.6052
accuracy ( less than 0.1 ): 0.2252
median val loss 0.6880
total test iterations: 163 
average test loss 1.5645
accuracy ( less than 0.1 ): 0.2289
median test loss 0.6538
Consuming time:23.68 in the epoch: 48
Best test loss is 1.56
---------------*****---------------
---------------*****---------------
Starting training the epoch: 49 
total batch: 759.71875 
batch:99 average train loss 1.4597
batch:199 average train loss 1.4598
batch:299 average train loss 1.4650
batch:399 average train loss 1.4664
batch:499 average train loss 1.4698
batch:599 average train loss 1.4726
batch:699 average train loss 1.4795
average train loss 1.4794
Train Consuming time:18.89 in the epoch: 49
total val iterations: 163 
average val loss 1.6054
accuracy ( less than 0.1 ): 0.2252
median val loss 0.6870
total test iterations: 163 
average test loss 1.5647
accuracy ( less than 0.1 ): 0.2290
median test loss 0.6541
Consuming time:23.33 in the epoch: 49
Best test loss is 1.56
---------------*****---------------
