===================configuration===================
learning rate :0.0005 
num_mlp_layers : 1
num_layers : 2
gnn input_features : 100
gnn output_features : 64
input of rnn/transformer : 64
hidden_size (out put of rnn/tranformer) : 64
observation hour [7,19]
observation interval : 1
observation threshold : 6
prediction time : 86400
cascade length [10,100]
model save at : ../model_save/cas2vec/dblp1/
====bidirected: True, attention: GAT, gcn_type: self, rnn: gru====
===================configuration===================
len(Y_train), len(Y_valid), len(Y_test): 48622 10420 10419
preparing time:79.80123710632324
total parameters 85997
---------------*****---------------
Starting training the epoch: 0 
total batch: 759.71875 
batch:99 average train loss 2.6422
batch:199 average train loss 2.1951
batch:299 average train loss 2.0286
batch:399 average train loss 1.9354
batch:499 average train loss 1.8813
batch:599 average train loss 1.8436
batch:699 average train loss 1.8207
average train loss 1.8033
Train Consuming time:2224.19 in the epoch: 0
total val iterations: 163 
average val loss 1.6279
 Val Loss mSEL:0.680860
 Val acc:0.554205
 Val Loss mape:0.321365

total test iterations: 163 
average test loss 1.5914
Test Loss mSEL:0.660054,
Test acc:0.556038,
Test Loss mape:0.313829,

Consuming time:2944.63 in the epoch: 0
Best test loss is 1.59
---------------*****---------------
---------------*****---------------
Starting training the epoch: 1 
total batch: 759.71875 
batch:99 average train loss 1.5911
batch:199 average train loss 1.5916
batch:299 average train loss 1.5921
batch:399 average train loss 1.5923
batch:499 average train loss 1.5948
batch:599 average train loss 1.5964
batch:699 average train loss 1.6030
average train loss 1.5999
Train Consuming time:49.54 in the epoch: 1
total val iterations: 163 
average val loss 1.6026
 Val Loss mSEL:0.683476
 Val acc:0.554398
 Val Loss mape:0.315491

total test iterations: 163 
average test loss 1.5671
Test Loss mSEL:0.646050,
Test acc:0.557388,
Test Loss mape:0.307680,

Consuming time:62.80 in the epoch: 1
Best test loss is 1.57
---------------*****---------------
---------------*****---------------
Starting training the epoch: 2 
total batch: 759.71875 
batch:99 average train loss 1.5590
batch:199 average train loss 1.5583
batch:299 average train loss 1.5618
batch:399 average train loss 1.5643
batch:499 average train loss 1.5669
batch:599 average train loss 1.5697
batch:699 average train loss 1.5770
average train loss 1.5749
Train Consuming time:50.62 in the epoch: 2
total val iterations: 163 
average val loss 1.6059
 Val Loss mSEL:0.676727
 Val acc:0.552373
 Val Loss mape:0.318871

total test iterations: 163 
average test loss 1.5684
Test Loss mSEL:0.654406,
Test acc:0.556424,
Test Loss mape:0.310841,

Consuming time:64.13 in the epoch: 2
Best test loss is 1.57
---------------*****---------------
---------------*****---------------
Starting training the epoch: 3 
total batch: 759.71875 
batch:99 average train loss 1.5428
batch:199 average train loss 1.5437
batch:299 average train loss 1.5468
batch:399 average train loss 1.5499
batch:499 average train loss 1.5527
batch:599 average train loss 1.5564
batch:699 average train loss 1.5644
average train loss 1.5629
Train Consuming time:50.22 in the epoch: 3
total val iterations: 163 
average val loss 1.6051
 Val Loss mSEL:0.684763
 Val acc:0.553530
 Val Loss mape:0.319146

total test iterations: 163 
average test loss 1.5673
Test Loss mSEL:0.655779,
Test acc:0.559124,
Test Loss mape:0.311030,

Consuming time:62.88 in the epoch: 3
Best test loss is 1.57
---------------*****---------------
---------------*****---------------
Starting training the epoch: 4 
total batch: 759.71875 
batch:99 average train loss 1.5368
batch:199 average train loss 1.5363
batch:299 average train loss 1.5393
batch:399 average train loss 1.5417
batch:499 average train loss 1.5437
batch:599 average train loss 1.5471
batch:699 average train loss 1.5545
average train loss 1.5531
Train Consuming time:49.53 in the epoch: 4
total val iterations: 163 
average val loss 1.5912
 Val Loss mSEL:0.678705
 Val acc:0.553144
 Val Loss mape:0.315320

total test iterations: 163 
average test loss 1.5492
Test Loss mSEL:0.634570,
Test acc:0.557099,
Test Loss mape:0.306983,

Consuming time:61.83 in the epoch: 4
Best test loss is 1.55
---------------*****---------------
---------------*****---------------
Starting training the epoch: 5 
total batch: 759.71875 
batch:99 average train loss 1.5267
batch:199 average train loss 1.5259
batch:299 average train loss 1.5299
batch:399 average train loss 1.5343
batch:499 average train loss 1.5360
batch:599 average train loss 1.5398
batch:699 average train loss 1.5475
average train loss 1.5463
Train Consuming time:46.74 in the epoch: 5
total val iterations: 163 
average val loss 1.5871
 Val Loss mSEL:0.682339
 Val acc:0.555363
 Val Loss mape:0.314047

total test iterations: 163 
average test loss 1.5449
Test Loss mSEL:0.632025,
Test acc:0.559703,
Test Loss mape:0.305558,

Consuming time:59.66 in the epoch: 5
Best test loss is 1.54
---------------*****---------------
---------------*****---------------
Starting training the epoch: 6 
total batch: 759.71875 
batch:99 average train loss 1.5186
batch:199 average train loss 1.5208
batch:299 average train loss 1.5242
batch:399 average train loss 1.5290
batch:499 average train loss 1.5306
batch:599 average train loss 1.5347
batch:699 average train loss 1.5426
average train loss 1.5414
Train Consuming time:47.64 in the epoch: 6
total val iterations: 163 
average val loss 1.5761
 Val Loss mSEL:0.675748
 Val acc:0.552758
 Val Loss mape:0.310719

total test iterations: 163 
average test loss 1.5344
Test Loss mSEL:0.630501,
Test acc:0.558642,
Test Loss mape:0.302623,

Consuming time:59.70 in the epoch: 6
Best test loss is 1.53
---------------*****---------------
---------------*****---------------
Starting training the epoch: 7 
total batch: 759.71875 
batch:99 average train loss 1.5143
batch:199 average train loss 1.5149
batch:299 average train loss 1.5199
batch:399 average train loss 1.5243
batch:499 average train loss 1.5260
batch:599 average train loss 1.5297
batch:699 average train loss 1.5372
average train loss 1.5361
Train Consuming time:48.08 in the epoch: 7
total val iterations: 163 
average val loss 1.5836
 Val Loss mSEL:0.682100
 Val acc:0.550154
 Val Loss mape:0.311814

total test iterations: 163 
average test loss 1.5431
Test Loss mSEL:0.638593,
Test acc:0.559799,
Test Loss mape:0.303816,

Consuming time:60.88 in the epoch: 7
Best test loss is 1.53
---------------*****---------------
---------------*****---------------
Starting training the epoch: 8 
total batch: 759.71875 
batch:99 average train loss 1.5117
batch:199 average train loss 1.5132
batch:299 average train loss 1.5162
batch:399 average train loss 1.5204
batch:499 average train loss 1.5220
batch:599 average train loss 1.5260
batch:699 average train loss 1.5339
average train loss 1.5329
Train Consuming time:43.68 in the epoch: 8
total val iterations: 163 
average val loss 1.5796
 Val Loss mSEL:0.670301
 Val acc:0.555073
 Val Loss mape:0.310821

total test iterations: 163 
average test loss 1.5349
Test Loss mSEL:0.628634,
Test acc:0.558642,
Test Loss mape:0.302194,

Consuming time:55.67 in the epoch: 8
Best test loss is 1.53
---------------*****---------------
---------------*****---------------
Starting training the epoch: 9 
total batch: 759.71875 
batch:99 average train loss 1.5094
batch:199 average train loss 1.5093
batch:299 average train loss 1.5130
batch:399 average train loss 1.5169
batch:499 average train loss 1.5194
batch:599 average train loss 1.5232
batch:699 average train loss 1.5312
average train loss 1.5302
Train Consuming time:45.24 in the epoch: 9
total val iterations: 163 
average val loss 1.5800
 Val Loss mSEL:0.678172
 Val acc:0.551890
 Val Loss mape:0.310526

total test iterations: 163 
average test loss 1.5323
Test Loss mSEL:0.638842,
Test acc:0.560860,
Test Loss mape:0.301719,

Consuming time:57.91 in the epoch: 9
Best test loss is 1.53
---------------*****---------------
---------------*****---------------
Starting training the epoch: 10 
total batch: 759.71875 
batch:99 average train loss 1.5041
batch:199 average train loss 1.5047
batch:299 average train loss 1.5086
batch:399 average train loss 1.5137
batch:499 average train loss 1.5166
batch:599 average train loss 1.5208
batch:699 average train loss 1.5287
average train loss 1.5278
Train Consuming time:44.38 in the epoch: 10
total val iterations: 163 
average val loss 1.5774
 Val Loss mSEL:0.676344
 Val acc:0.555266
 Val Loss mape:0.309110

total test iterations: 163 
average test loss 1.5312
Test Loss mSEL:0.625695,
Test acc:0.559799,
Test Loss mape:0.300475,

Consuming time:56.19 in the epoch: 10
Best test loss is 1.53
---------------*****---------------
---------------*****---------------
Starting training the epoch: 11 
total batch: 759.71875 
batch:99 average train loss 1.5026
batch:199 average train loss 1.5024
batch:299 average train loss 1.5060
batch:399 average train loss 1.5105
batch:499 average train loss 1.5130
batch:599 average train loss 1.5172
batch:699 average train loss 1.5249
average train loss 1.5243
Train Consuming time:46.29 in the epoch: 11
total val iterations: 163 
average val loss 1.5751
 Val Loss mSEL:0.675758
 Val acc:0.554205
 Val Loss mape:0.307982

total test iterations: 163 
average test loss 1.5284
Test Loss mSEL:0.631756,
Test acc:0.562018,
Test Loss mape:0.299274,

Consuming time:58.30 in the epoch: 11
Best test loss is 1.53
---------------*****---------------
---------------*****---------------
Starting training the epoch: 12 
total batch: 759.71875 
batch:99 average train loss 1.4985
batch:199 average train loss 1.4986
batch:299 average train loss 1.5026
batch:399 average train loss 1.5075
batch:499 average train loss 1.5107
batch:599 average train loss 1.5151
batch:699 average train loss 1.5234
average train loss 1.5227
Train Consuming time:46.71 in the epoch: 12
total val iterations: 163 
average val loss 1.5812
 Val Loss mSEL:0.681492
 Val acc:0.551505
 Val Loss mape:0.310466

total test iterations: 163 
average test loss 1.5394
Test Loss mSEL:0.637016,
Test acc:0.559510,
Test Loss mape:0.302170,

Consuming time:58.58 in the epoch: 12
Best test loss is 1.53
---------------*****---------------
---------------*****---------------
Starting training the epoch: 13 
total batch: 759.71875 
batch:99 average train loss 1.4971
batch:199 average train loss 1.4974
batch:299 average train loss 1.5011
batch:399 average train loss 1.5065
batch:499 average train loss 1.5094
batch:599 average train loss 1.5136
batch:699 average train loss 1.5218
average train loss 1.5210
Train Consuming time:47.15 in the epoch: 13
total val iterations: 163 
average val loss 1.5760
 Val Loss mSEL:0.671353
 Val acc:0.555459
 Val Loss mape:0.308360

total test iterations: 163 
average test loss 1.5305
Test Loss mSEL:0.628215,
Test acc:0.558160,
Test Loss mape:0.299866,

Consuming time:59.87 in the epoch: 13
Best test loss is 1.53
---------------*****---------------
---------------*****---------------
Starting training the epoch: 14 
total batch: 759.71875 
batch:99 average train loss 1.4950
batch:199 average train loss 1.4948
batch:299 average train loss 1.4983
batch:399 average train loss 1.5038
batch:499 average train loss 1.5062
batch:599 average train loss 1.5102
batch:699 average train loss 1.5182
average train loss 1.5176
Train Consuming time:45.45 in the epoch: 14
total val iterations: 163 
average val loss 1.5788
 Val Loss mSEL:0.670050
 Val acc:0.553241
 Val Loss mape:0.308078

total test iterations: 163 
average test loss 1.5308
Test Loss mSEL:0.627573,
Test acc:0.558160,
Test Loss mape:0.299462,

Consuming time:56.10 in the epoch: 14
Best test loss is 1.53
---------------*****---------------
---------------*****---------------
Starting training the epoch: 15 
total batch: 759.71875 
batch:99 average train loss 1.4928
batch:199 average train loss 1.4925
batch:299 average train loss 1.4964
batch:399 average train loss 1.5017
batch:499 average train loss 1.5045
batch:599 average train loss 1.5088
batch:699 average train loss 1.5163
average train loss 1.5159
Train Consuming time:45.11 in the epoch: 15
total val iterations: 163 
average val loss 1.5812
 Val Loss mSEL:0.681897
 Val acc:0.552083
 Val Loss mape:0.309238

total test iterations: 163 
average test loss 1.5297
Test Loss mSEL:0.631145,
Test acc:0.557870,
Test Loss mape:0.300111,

Consuming time:57.08 in the epoch: 15
Best test loss is 1.53
---------------*****---------------
---------------*****---------------
Starting training the epoch: 16 
total batch: 759.71875 
batch:99 average train loss 1.4911
batch:199 average train loss 1.4905
batch:299 average train loss 1.4931
batch:399 average train loss 1.4992
batch:499 average train loss 1.5019
batch:599 average train loss 1.5062
batch:699 average train loss 1.5136
average train loss 1.5127
Train Consuming time:46.81 in the epoch: 16
total val iterations: 163 
average val loss 1.5807
 Val Loss mSEL:0.683232
 Val acc:0.551215
 Val Loss mape:0.308177

total test iterations: 163 
average test loss 1.5318
Test Loss mSEL:0.631982,
Test acc:0.558642,
Test Loss mape:0.299550,

Consuming time:59.26 in the epoch: 16
Best test loss is 1.53
---------------*****---------------
---------------*****---------------
Starting training the epoch: 17 
total batch: 759.71875 
batch:99 average train loss 1.4902
batch:199 average train loss 1.4909
batch:299 average train loss 1.4951
batch:399 average train loss 1.4987
batch:499 average train loss 1.5008
batch:599 average train loss 1.5049
batch:699 average train loss 1.5124
average train loss 1.5114
Train Consuming time:44.36 in the epoch: 17
total val iterations: 163 
average val loss 1.5875
 Val Loss mSEL:0.683732
 Val acc:0.550154
 Val Loss mape:0.308949

total test iterations: 163 
average test loss 1.5414
Test Loss mSEL:0.643674,
Test acc:0.557195,
Test Loss mape:0.300286,

Consuming time:56.01 in the epoch: 17
Best test loss is 1.53
---------------*****---------------
---------------*****---------------
Starting training the epoch: 18 
total batch: 759.71875 
batch:99 average train loss 1.4871
batch:199 average train loss 1.4887
batch:299 average train loss 1.4913
batch:399 average train loss 1.4959
batch:499 average train loss 1.4979
batch:599 average train loss 1.5025
batch:699 average train loss 1.5102
average train loss 1.5095
Train Consuming time:43.01 in the epoch: 18
total val iterations: 163 
average val loss 1.5845
 Val Loss mSEL:0.677406
 Val acc:0.550058
 Val Loss mape:0.308236

total test iterations: 163 
average test loss 1.5331
Test Loss mSEL:0.635406,
Test acc:0.558546,
Test Loss mape:0.299001,

Consuming time:53.17 in the epoch: 18
Best test loss is 1.53
---------------*****---------------
---------------*****---------------
Starting training the epoch: 19 
total batch: 759.71875 
batch:99 average train loss 1.4872
batch:199 average train loss 1.4870
batch:299 average train loss 1.4900
batch:399 average train loss 1.4942
batch:499 average train loss 1.4958
batch:599 average train loss 1.4999
batch:699 average train loss 1.5073
average train loss 1.5069
Train Consuming time:41.74 in the epoch: 19
total val iterations: 163 
average val loss 1.5824
 Val Loss mSEL:0.678675
 Val acc:0.551022
 Val Loss mape:0.308071

total test iterations: 163 
average test loss 1.5334
Test Loss mSEL:0.633552,
Test acc:0.558931,
Test Loss mape:0.299532,

Consuming time:53.53 in the epoch: 19
Best test loss is 1.53
---------------*****---------------
---------------*****---------------
Starting training the epoch: 20 
total batch: 759.71875 
batch:99 average train loss 1.4639
batch:199 average train loss 1.4668
batch:299 average train loss 1.4727
batch:399 average train loss 1.4764
batch:499 average train loss 1.4785
batch:599 average train loss 1.4817
batch:699 average train loss 1.4880
average train loss 1.4861
Train Consuming time:42.01 in the epoch: 20
total val iterations: 163 
average val loss 1.5715
 Val Loss mSEL:0.665484
 Val acc:0.549093
 Val Loss mape:0.303063

total test iterations: 163 
average test loss 1.5216
Test Loss mSEL:0.629925,
Test acc:0.559510,
Test Loss mape:0.294692,

Consuming time:53.85 in the epoch: 20
Best test loss is 1.52
---------------*****---------------
