===================configuration===================
learning rate :0.0005 
num_mlp_layers : 1
num_layers : 2
gnn input_features : 100
gnn output_features : 64
input of rnn/transformer : 64
hidden_size (out put of rnn/tranformer) : 64
observation hour [7,19]
observation interval : 1
observation threshold : 7
prediction time : 86400
cascade length [10,100]
model save at : ../model_save/cas2vec/dblp2/
====bidirected: True, attention: GAT, gcn_type: self, rnn: gru====
===================configuration===================
len(Y_train), len(Y_valid), len(Y_test): 56612 12132 12131
preparing time:103.42284154891968
total parameters 85999
---------------*****---------------
Starting training the epoch: 0 
total batch: 884.5625 
batch:99 average train loss 2.5220
batch:199 average train loss 2.1347
batch:299 average train loss 1.9814
batch:399 average train loss 1.9130
batch:499 average train loss 1.8535
batch:599 average train loss 1.8087
batch:699 average train loss 1.7802
batch:799 average train loss 1.7596
average train loss 1.7450
Train Consuming time:2474.79 in the epoch: 0
total val iterations: 190 
average val loss 1.7159
 Val Loss mSEL:0.730754
 Val acc:0.475942
 Val Loss mape:0.306238

total test iterations: 190 
average test loss 1.6873
Test Loss mSEL:0.746712,
Test acc:0.477017,
Test Loss mape:0.307430,

Consuming time:3646.05 in the epoch: 0
Best test loss is 1.69
---------------*****---------------
---------------*****---------------
Starting training the epoch: 1 
total batch: 884.5625 
batch:99 average train loss 1.5923
batch:199 average train loss 1.5904
batch:299 average train loss 1.5802
batch:399 average train loss 1.5855
batch:499 average train loss 1.5778
batch:599 average train loss 1.5696
batch:699 average train loss 1.5692
batch:799 average train loss 1.5688
average train loss 1.5680
Train Consuming time:63.38 in the epoch: 1
total val iterations: 190 
average val loss 1.6619
 Val Loss mSEL:0.709570
 Val acc:0.482556
 Val Loss mape:0.303964

total test iterations: 190 
average test loss 1.6290
Test Loss mSEL:0.719078,
Test acc:0.488178,
Test Loss mape:0.304824,

Consuming time:81.50 in the epoch: 1
Best test loss is 1.63
---------------*****---------------
---------------*****---------------
Starting training the epoch: 2 
total batch: 884.5625 
batch:99 average train loss 1.5476
batch:199 average train loss 1.5522
batch:299 average train loss 1.5423
batch:399 average train loss 1.5490
batch:499 average train loss 1.5435
batch:599 average train loss 1.5395
batch:699 average train loss 1.5408
batch:799 average train loss 1.5413
average train loss 1.5407
Train Consuming time:65.06 in the epoch: 2
total val iterations: 190 
average val loss 1.7412
 Val Loss mSEL:0.742466
 Val acc:0.464203
 Val Loss mape:0.299371

total test iterations: 190 
average test loss 1.6989
Test Loss mSEL:0.765843,
Test acc:0.474372,
Test Loss mape:0.299969,

Consuming time:81.40 in the epoch: 2
Best test loss is 1.63
---------------*****---------------
---------------*****---------------
Starting training the epoch: 3 
total batch: 884.5625 
batch:99 average train loss 1.5284
batch:199 average train loss 1.5338
batch:299 average train loss 1.5252
batch:399 average train loss 1.5331
batch:499 average train loss 1.5279
batch:599 average train loss 1.5252
batch:699 average train loss 1.5266
batch:799 average train loss 1.5277
average train loss 1.5270
Train Consuming time:62.04 in the epoch: 3
total val iterations: 190 
average val loss 1.6497
 Val Loss mSEL:0.705555
 Val acc:0.482556
 Val Loss mape:0.300368

total test iterations: 190 
average test loss 1.6104
Test Loss mSEL:0.718870,
Test acc:0.493221,
Test Loss mape:0.300555,

Consuming time:78.12 in the epoch: 3
Best test loss is 1.61
---------------*****---------------
---------------*****---------------
Starting training the epoch: 4 
total batch: 884.5625 
batch:99 average train loss 1.5205
batch:199 average train loss 1.5268
batch:299 average train loss 1.5179
batch:399 average train loss 1.5247
batch:499 average train loss 1.5199
batch:599 average train loss 1.5166
batch:699 average train loss 1.5178
batch:799 average train loss 1.5191
average train loss 1.5186
Train Consuming time:61.87 in the epoch: 4
total val iterations: 190 
average val loss 1.6130
 Val Loss mSEL:0.696056
 Val acc:0.489831
 Val Loss mape:0.302176

total test iterations: 190 
average test loss 1.5718
Test Loss mSEL:0.689419,
Test acc:0.501405,
Test Loss mape:0.302270,

Consuming time:78.43 in the epoch: 4
Best test loss is 1.57
---------------*****---------------
---------------*****---------------
Starting training the epoch: 5 
total batch: 884.5625 
batch:99 average train loss 1.5103
batch:199 average train loss 1.5153
batch:299 average train loss 1.5073
batch:399 average train loss 1.5154
batch:499 average train loss 1.5114
batch:599 average train loss 1.5091
batch:699 average train loss 1.5101
batch:799 average train loss 1.5122
average train loss 1.5117
Train Consuming time:59.60 in the epoch: 5
total val iterations: 190 
average val loss 1.5834
 Val Loss mSEL:0.680994
 Val acc:0.498595
 Val Loss mape:0.305188

total test iterations: 190 
average test loss 1.5458
Test Loss mSEL:0.668543,
Test acc:0.503224,
Test Loss mape:0.305287,

Consuming time:76.12 in the epoch: 5
Best test loss is 1.55
---------------*****---------------
---------------*****---------------
Starting training the epoch: 6 
total batch: 884.5625 
batch:99 average train loss 1.5050
batch:199 average train loss 1.5115
batch:299 average train loss 1.5037
batch:399 average train loss 1.5113
batch:499 average train loss 1.5071
batch:599 average train loss 1.5049
batch:699 average train loss 1.5059
batch:799 average train loss 1.5077
average train loss 1.5072
Train Consuming time:61.38 in the epoch: 6
total val iterations: 190 
average val loss 1.5827
 Val Loss mSEL:0.675675
 Val acc:0.499256
 Val Loss mape:0.303996

total test iterations: 190 
average test loss 1.5427
Test Loss mSEL:0.669682,
Test acc:0.505043,
Test Loss mape:0.303786,

Consuming time:77.97 in the epoch: 6
Best test loss is 1.54
---------------*****---------------
---------------*****---------------
Starting training the epoch: 7 
total batch: 884.5625 
batch:99 average train loss 1.5011
batch:199 average train loss 1.5075
batch:299 average train loss 1.4986
batch:399 average train loss 1.5057
batch:499 average train loss 1.5020
batch:599 average train loss 1.5005
batch:699 average train loss 1.5013
batch:799 average train loss 1.5031
average train loss 1.5027
Train Consuming time:56.72 in the epoch: 7
total val iterations: 190 
average val loss 1.5823
 Val Loss mSEL:0.679179
 Val acc:0.499587
 Val Loss mape:0.303935

total test iterations: 190 
average test loss 1.5440
Test Loss mSEL:0.676050,
Test acc:0.507937,
Test Loss mape:0.304085,

Consuming time:73.61 in the epoch: 7
Best test loss is 1.54
---------------*****---------------
---------------*****---------------
Starting training the epoch: 8 
total batch: 884.5625 
batch:99 average train loss 1.4967
batch:199 average train loss 1.5053
batch:299 average train loss 1.4955
batch:399 average train loss 1.5021
batch:499 average train loss 1.4982
batch:599 average train loss 1.4970
batch:699 average train loss 1.4974
batch:799 average train loss 1.4995
average train loss 1.4994
Train Consuming time:59.89 in the epoch: 8
total val iterations: 190 
average val loss 1.5883
 Val Loss mSEL:0.679094
 Val acc:0.496445
 Val Loss mape:0.304670

total test iterations: 190 
average test loss 1.5478
Test Loss mSEL:0.676715,
Test acc:0.505952,
Test Loss mape:0.304542,

Consuming time:76.06 in the epoch: 8
Best test loss is 1.54
---------------*****---------------
---------------*****---------------
Starting training the epoch: 9 
total batch: 884.5625 
batch:99 average train loss 1.4940
batch:199 average train loss 1.5006
batch:299 average train loss 1.4927
batch:399 average train loss 1.4998
batch:499 average train loss 1.4959
batch:599 average train loss 1.4947
batch:699 average train loss 1.4952
batch:799 average train loss 1.4969
average train loss 1.4965
Train Consuming time:60.00 in the epoch: 9
total val iterations: 190 
average val loss 1.5752
 Val Loss mSEL:0.680376
 Val acc:0.500744
 Val Loss mape:0.306934

total test iterations: 190 
average test loss 1.5356
Test Loss mSEL:0.668691,
Test acc:0.508846,
Test Loss mape:0.306512,

Consuming time:76.06 in the epoch: 9
Best test loss is 1.54
---------------*****---------------
---------------*****---------------
Starting training the epoch: 10 
total batch: 884.5625 
batch:99 average train loss 1.4925
batch:199 average train loss 1.4983
batch:299 average train loss 1.4894
batch:399 average train loss 1.4976
batch:499 average train loss 1.4935
batch:599 average train loss 1.4924
batch:699 average train loss 1.4926
batch:799 average train loss 1.4947
average train loss 1.4942
Train Consuming time:58.55 in the epoch: 10
total val iterations: 190 
average val loss 1.5590
 Val Loss mSEL:0.668960
 Val acc:0.505126
 Val Loss mape:0.308516

total test iterations: 190 
average test loss 1.5199
Test Loss mSEL:0.649620,
Test acc:0.516286,
Test Loss mape:0.308100,

Consuming time:74.70 in the epoch: 10
Best test loss is 1.52
---------------*****---------------
---------------*****---------------
Starting training the epoch: 11 
total batch: 884.5625 
batch:99 average train loss 1.4925
batch:199 average train loss 1.4961
batch:299 average train loss 1.4864
batch:399 average train loss 1.4939
batch:499 average train loss 1.4902
batch:599 average train loss 1.4890
batch:699 average train loss 1.4896
batch:799 average train loss 1.4917
average train loss 1.4907
Train Consuming time:62.85 in the epoch: 11
total val iterations: 190 
average val loss 1.5548
 Val Loss mSEL:0.673082
 Val acc:0.504795
 Val Loss mape:0.308252

total test iterations: 190 
average test loss 1.5168
Test Loss mSEL:0.649125,
Test acc:0.515129,
Test Loss mape:0.307913,

Consuming time:79.23 in the epoch: 11
Best test loss is 1.52
---------------*****---------------
---------------*****---------------
Starting training the epoch: 12 
total batch: 884.5625 
batch:99 average train loss 1.4884
batch:199 average train loss 1.4913
batch:299 average train loss 1.4824
batch:399 average train loss 1.4895
batch:499 average train loss 1.4859
batch:599 average train loss 1.4852
batch:699 average train loss 1.4861
batch:799 average train loss 1.4881
average train loss 1.4876
Train Consuming time:64.07 in the epoch: 12
total val iterations: 190 
average val loss 1.5642
 Val Loss mSEL:0.675402
 Val acc:0.503390
 Val Loss mape:0.309016

total test iterations: 190 
average test loss 1.5225
Test Loss mSEL:0.654233,
Test acc:0.515625,
Test Loss mape:0.308348,

Consuming time:81.24 in the epoch: 12
Best test loss is 1.52
---------------*****---------------
---------------*****---------------
Starting training the epoch: 13 
total batch: 884.5625 
batch:99 average train loss 1.4883
batch:199 average train loss 1.4902
batch:299 average train loss 1.4823
batch:399 average train loss 1.4899
batch:499 average train loss 1.4866
batch:599 average train loss 1.4850
batch:699 average train loss 1.4854
batch:799 average train loss 1.4870
average train loss 1.4860
Train Consuming time:62.21 in the epoch: 13
total val iterations: 190 
average val loss 1.5667
 Val Loss mSEL:0.681032
 Val acc:0.504299
 Val Loss mape:0.308976

total test iterations: 190 
average test loss 1.5276
Test Loss mSEL:0.657059,
Test acc:0.513145,
Test Loss mape:0.308385,

Consuming time:78.39 in the epoch: 13
Best test loss is 1.52
---------------*****---------------
---------------*****---------------
Starting training the epoch: 14 
total batch: 884.5625 
batch:99 average train loss 1.4844
batch:199 average train loss 1.4878
batch:299 average train loss 1.4798
batch:399 average train loss 1.4880
batch:499 average train loss 1.4845
batch:599 average train loss 1.4831
batch:699 average train loss 1.4836
batch:799 average train loss 1.4849
average train loss 1.4838
Train Consuming time:57.45 in the epoch: 14
total val iterations: 190 
average val loss 1.5678
 Val Loss mSEL:0.669793
 Val acc:0.504216
 Val Loss mape:0.310155

total test iterations: 190 
average test loss 1.5289
Test Loss mSEL:0.656344,
Test acc:0.517940,
Test Loss mape:0.309698,

Consuming time:70.96 in the epoch: 14
Best test loss is 1.52
---------------*****---------------
---------------*****---------------
Starting training the epoch: 15 
total batch: 884.5625 
batch:99 average train loss 1.4873
batch:199 average train loss 1.4873
batch:299 average train loss 1.4788
batch:399 average train loss 1.4860
batch:499 average train loss 1.4821
batch:599 average train loss 1.4810
batch:699 average train loss 1.4813
batch:799 average train loss 1.4829
average train loss 1.4818
Train Consuming time:57.27 in the epoch: 15
total val iterations: 190 
average val loss 1.5540
 Val Loss mSEL:0.668302
 Val acc:0.506035
 Val Loss mape:0.310431

total test iterations: 190 
average test loss 1.5168
Test Loss mSEL:0.652966,
Test acc:0.519015,
Test Loss mape:0.310018,

Consuming time:74.76 in the epoch: 15
Best test loss is 1.52
---------------*****---------------
---------------*****---------------
Starting training the epoch: 16 
total batch: 884.5625 
batch:99 average train loss 1.4856
batch:199 average train loss 1.4870
batch:299 average train loss 1.4778
batch:399 average train loss 1.4846
batch:499 average train loss 1.4813
batch:599 average train loss 1.4798
batch:699 average train loss 1.4804
batch:799 average train loss 1.4817
average train loss 1.4809
Train Consuming time:60.36 in the epoch: 16
total val iterations: 190 
average val loss 1.5521
 Val Loss mSEL:0.670238
 Val acc:0.505374
 Val Loss mape:0.310141

total test iterations: 190 
average test loss 1.5149
Test Loss mSEL:0.642467,
Test acc:0.517278,
Test Loss mape:0.310048,

Consuming time:75.93 in the epoch: 16
Best test loss is 1.51
---------------*****---------------
---------------*****---------------
Starting training the epoch: 17 
total batch: 884.5625 
batch:99 average train loss 1.4808
batch:199 average train loss 1.4834
batch:299 average train loss 1.4758
batch:399 average train loss 1.4829
batch:499 average train loss 1.4786
batch:599 average train loss 1.4773
batch:699 average train loss 1.4780
batch:799 average train loss 1.4793
average train loss 1.4785
Train Consuming time:59.53 in the epoch: 17
total val iterations: 190 
average val loss 1.5517
 Val Loss mSEL:0.676253
 Val acc:0.505870
 Val Loss mape:0.310040

total test iterations: 190 
average test loss 1.5140
Test Loss mSEL:0.644031,
Test acc:0.519841,
Test Loss mape:0.309737,

Consuming time:75.92 in the epoch: 17
Best test loss is 1.51
---------------*****---------------
---------------*****---------------
Starting training the epoch: 18 
total batch: 884.5625 
batch:99 average train loss 1.4798
batch:199 average train loss 1.4833
batch:299 average train loss 1.4749
batch:399 average train loss 1.4814
batch:499 average train loss 1.4772
batch:599 average train loss 1.4756
batch:699 average train loss 1.4759
batch:799 average train loss 1.4775
average train loss 1.4767
Train Consuming time:61.07 in the epoch: 18
total val iterations: 190 
average val loss 1.5488
 Val Loss mSEL:0.666588
 Val acc:0.507358
 Val Loss mape:0.311129

total test iterations: 190 
average test loss 1.5114
Test Loss mSEL:0.642603,
Test acc:0.518849,
Test Loss mape:0.310714,

Consuming time:77.60 in the epoch: 18
Best test loss is 1.51
---------------*****---------------
---------------*****---------------
Starting training the epoch: 19 
total batch: 884.5625 
batch:99 average train loss 1.4788
batch:199 average train loss 1.4815
batch:299 average train loss 1.4742
batch:399 average train loss 1.4803
batch:499 average train loss 1.4764
batch:599 average train loss 1.4747
batch:699 average train loss 1.4753
batch:799 average train loss 1.4767
average train loss 1.4753
Train Consuming time:59.60 in the epoch: 19
total val iterations: 190 
average val loss 1.5569
 Val Loss mSEL:0.673841
 Val acc:0.502811
 Val Loss mape:0.310439

total test iterations: 190 
average test loss 1.5175
Test Loss mSEL:0.650386,
Test acc:0.516534,
Test Loss mape:0.309937,

Consuming time:74.69 in the epoch: 19
Best test loss is 1.51
---------------*****---------------
---------------*****---------------
Starting training the epoch: 20 
total batch: 884.5625 
batch:99 average train loss 1.4742
batch:199 average train loss 1.4761
batch:299 average train loss 1.4677
batch:399 average train loss 1.4724
batch:499 average train loss 1.4659
batch:599 average train loss 1.4634
batch:699 average train loss 1.4616
batch:799 average train loss 1.4603
average train loss 1.4567
Train Consuming time:58.99 in the epoch: 20
total val iterations: 190 
average val loss 1.5167
 Val Loss mSEL:0.649831
 Val acc:0.521329
 Val Loss mape:0.321236

total test iterations: 190 
average test loss 1.4806
Test Loss mSEL:0.632995,
Test acc:0.531581,
Test Loss mape:0.320530,

Consuming time:75.97 in the epoch: 20
Best test loss is 1.48
---------------*****---------------
---------------*****---------------
Starting training the epoch: 21 
total batch: 884.5625 
batch:99 average train loss 1.4585
batch:199 average train loss 1.4630
batch:299 average train loss 1.4578
batch:399 average train loss 1.4628
batch:499 average train loss 1.4571
batch:599 average train loss 1.4554
batch:699 average train loss 1.4540
batch:799 average train loss 1.4534
average train loss 1.4509
Train Consuming time:60.71 in the epoch: 21
total val iterations: 190 
average val loss 1.5156
 Val Loss mSEL:0.652958
 Val acc:0.519841
 Val Loss mape:0.320753

total test iterations: 190 
average test loss 1.4801
Test Loss mSEL:0.634513,
Test acc:0.530506,
Test Loss mape:0.320191,

Consuming time:76.26 in the epoch: 21
Best test loss is 1.48
---------------*****---------------
---------------*****---------------
Starting training the epoch: 22 
total batch: 884.5625 
batch:99 average train loss 1.4552
batch:199 average train loss 1.4603
batch:299 average train loss 1.4549
batch:399 average train loss 1.4594
batch:499 average train loss 1.4539
batch:599 average train loss 1.4526
batch:699 average train loss 1.4515
batch:799 average train loss 1.4511
average train loss 1.4490
Train Consuming time:56.83 in the epoch: 22
total val iterations: 190 
average val loss 1.5151
 Val Loss mSEL:0.651661
 Val acc:0.520337
 Val Loss mape:0.320517

total test iterations: 190 
average test loss 1.4793
Test Loss mSEL:0.636704,
Test acc:0.530506,
Test Loss mape:0.319979,

Consuming time:74.51 in the epoch: 22
Best test loss is 1.48
---------------*****---------------
---------------*****---------------
Starting training the epoch: 23 
total batch: 884.5625 
batch:99 average train loss 1.4545
batch:199 average train loss 1.4585
batch:299 average train loss 1.4532
batch:399 average train loss 1.4576
batch:499 average train loss 1.4520
batch:599 average train loss 1.4510
batch:699 average train loss 1.4497
batch:799 average train loss 1.4494
average train loss 1.4476
Train Consuming time:59.84 in the epoch: 23
total val iterations: 190 
average val loss 1.5152
 Val Loss mSEL:0.653669
 Val acc:0.518932
 Val Loss mape:0.320342

total test iterations: 190 
average test loss 1.4793
Test Loss mSEL:0.638579,
Test acc:0.530258,
Test Loss mape:0.319730,

Consuming time:75.30 in the epoch: 23
Best test loss is 1.48
---------------*****---------------
---------------*****---------------
Starting training the epoch: 24 
total batch: 884.5625 
batch:99 average train loss 1.4531
batch:199 average train loss 1.4576
batch:299 average train loss 1.4526
batch:399 average train loss 1.4567
batch:499 average train loss 1.4511
batch:599 average train loss 1.4498
batch:699 average train loss 1.4487
batch:799 average train loss 1.4485
average train loss 1.4469
Train Consuming time:59.38 in the epoch: 24
total val iterations: 190 
average val loss 1.5150
 Val Loss mSEL:0.652209
 Val acc:0.518601
 Val Loss mape:0.320307

total test iterations: 190 
average test loss 1.4791
Test Loss mSEL:0.637551,
Test acc:0.531415,
Test Loss mape:0.319692,

Consuming time:77.08 in the epoch: 24
Best test loss is 1.48
---------------*****---------------
---------------*****---------------
Starting training the epoch: 25 
total batch: 884.5625 
batch:99 average train loss 1.4518
batch:199 average train loss 1.4560
batch:299 average train loss 1.4509
batch:399 average train loss 1.4552
batch:499 average train loss 1.4497
batch:599 average train loss 1.4486
batch:699 average train loss 1.4475
batch:799 average train loss 1.4474
average train loss 1.4460
Train Consuming time:62.86 in the epoch: 25
total val iterations: 190 
average val loss 1.5146
 Val Loss mSEL:0.651818
 Val acc:0.519097
 Val Loss mape:0.320379

total test iterations: 190 
average test loss 1.4791
Test Loss mSEL:0.636863,
Test acc:0.531746,
Test Loss mape:0.319782,

Consuming time:80.90 in the epoch: 25
Best test loss is 1.48
---------------*****---------------
---------------*****---------------
Starting training the epoch: 26 
total batch: 884.5625 
batch:99 average train loss 1.4504
batch:199 average train loss 1.4548
batch:299 average train loss 1.4501
batch:399 average train loss 1.4546
batch:499 average train loss 1.4488
batch:599 average train loss 1.4478
batch:699 average train loss 1.4467
batch:799 average train loss 1.4467
average train loss 1.4453
Train Consuming time:63.74 in the epoch: 26
total val iterations: 190 
average val loss 1.5143
 Val Loss mSEL:0.651558
 Val acc:0.519511
 Val Loss mape:0.320179

total test iterations: 190 
average test loss 1.4794
Test Loss mSEL:0.637568,
Test acc:0.531663,
Test Loss mape:0.319645,

Consuming time:81.87 in the epoch: 26
Best test loss is 1.48
---------------*****---------------
---------------*****---------------
Starting training the epoch: 27 
total batch: 884.5625 
batch:99 average train loss 1.4504
batch:199 average train loss 1.4552
batch:299 average train loss 1.4505
batch:399 average train loss 1.4546
batch:499 average train loss 1.4490
batch:599 average train loss 1.4479
batch:699 average train loss 1.4468
batch:799 average train loss 1.4467
average train loss 1.4453
Train Consuming time:62.92 in the epoch: 27
total val iterations: 190 
average val loss 1.5148
 Val Loss mSEL:0.650886
 Val acc:0.519841
 Val Loss mape:0.319988

total test iterations: 190 
average test loss 1.4794
Test Loss mSEL:0.637634,
Test acc:0.530919,
Test Loss mape:0.319410,

Consuming time:80.05 in the epoch: 27
Best test loss is 1.48
---------------*****---------------
---------------*****---------------
Starting training the epoch: 28 
total batch: 884.5625 
batch:99 average train loss 1.4494
batch:199 average train loss 1.4539
batch:299 average train loss 1.4492
batch:399 average train loss 1.4536
batch:499 average train loss 1.4481
batch:599 average train loss 1.4471
batch:699 average train loss 1.4459
batch:799 average train loss 1.4459
average train loss 1.4446
Train Consuming time:60.90 in the epoch: 28
total val iterations: 190 
average val loss 1.5146
 Val Loss mSEL:0.652092
 Val acc:0.519097
 Val Loss mape:0.320216

total test iterations: 190 
average test loss 1.4795
Test Loss mSEL:0.636560,
Test acc:0.530589,
Test Loss mape:0.319613,

Consuming time:77.58 in the epoch: 28
Best test loss is 1.48
---------------*****---------------
---------------*****---------------
Starting training the epoch: 29 
total batch: 884.5625 
batch:99 average train loss 1.4501
batch:199 average train loss 1.4542
batch:299 average train loss 1.4495
batch:399 average train loss 1.4538
batch:499 average train loss 1.4481
batch:599 average train loss 1.4470
batch:699 average train loss 1.4459
batch:799 average train loss 1.4459
average train loss 1.4446
Train Consuming time:58.12 in the epoch: 29
total val iterations: 190 
average val loss 1.5149
 Val Loss mSEL:0.654149
 Val acc:0.519263
 Val Loss mape:0.320281

total test iterations: 190 
average test loss 1.4797
Test Loss mSEL:0.635984,
Test acc:0.530423,
Test Loss mape:0.319668,

Consuming time:73.94 in the epoch: 29
Best test loss is 1.48
---------------*****---------------
