===========configuration loading success==========
===================configuration===================
learning rate :  0.0001
observation hour [7,19]
observation threshold :  3600
prediction time :  86400
cascade length [5,100]
model save at : ../model_save/topolstm/weibo/
===================configuration===================
# Epochs:0
Train Loss MSEL:7.030331, Val Loss MSEL:5.978031, Test Loss MSEL:5.839362,
Train Loss mSEL:3.871712, Val Loss mSEL:3.124864, Test Loss mSEL:3.093922,
Train acc:0.134971, Val acc:0.168405, Test acc:0.159395,
Train Loss mape:16.518332, Val Loss mape:17.909769, Test Loss mape:16.013479,

# Epochs:1
Train Loss MSEL:5.459418, Val Loss MSEL:5.120051, Test Loss MSEL:4.926104,
Train Loss mSEL:2.689600, Val Loss mSEL:2.383893, Test Loss mSEL:2.363744,
Train acc:0.183160, Val acc:0.198178, Test acc:0.197138,
Train Loss mape:17.695896, Val Loss mape:18.177971, Test Loss mape:15.807906,

# Epochs:2
Train Loss MSEL:4.607305, Val Loss MSEL:4.338934, Test Loss MSEL:4.133830,
Train Loss mSEL:1.912104, Val Loss mSEL:1.696461, Test Loss mSEL:1.691578,
Train acc:0.236377, Val acc:0.252912, Test acc:0.259894,
Train Loss mape:18.092171, Val Loss mape:18.693237, Test Loss mape:16.248100,

# Epochs:3
Train Loss MSEL:3.966469, Val Loss MSEL:3.848374, Test Loss MSEL:3.603949,
Train Loss mSEL:1.391290, Val Loss mSEL:1.256014, Test Loss mSEL:1.244268,
Train acc:0.310165, Val acc:0.324556, Test acc:0.333769,
Train Loss mape:18.370258, Val Loss mape:19.358229, Test Loss mape:16.438568,

# Epochs:4
Train Loss MSEL:3.502493, Val Loss MSEL:3.495879, Test Loss MSEL:3.383640,
Train Loss mSEL:1.044394, Val Loss mSEL:0.856346, Test Loss mSEL:0.851304,
Train acc:0.380514, Val acc:0.444470, Test acc:0.442371,
Train Loss mape:18.636896, Val Loss mape:21.282907, Test Loss mape:18.723360,

# Epochs:5
Train Loss MSEL:3.203194, Val Loss MSEL:3.218006, Test Loss MSEL:2.993762,
Train Loss mSEL:0.838274, Val Loss mSEL:0.870500, Test Loss mSEL:0.835507,
Train acc:0.436337, Val acc:0.431007, Test acc:0.437023,
Train Loss mape:18.943848, Val Loss mape:19.597088, Test Loss mape:16.770615,

# Epochs:6
Train Loss MSEL:3.005408, Val Loss MSEL:3.056624, Test Loss MSEL:2.847048,
Train Loss mSEL:0.738132, Val Loss mSEL:0.688046, Test Loss mSEL:0.692455,
Train acc:0.465476, Val acc:0.482300, Test acc:0.484422,
Train Loss mape:18.966898, Val Loss mape:20.778038, Test Loss mape:18.828663,

# Epochs:7
Train Loss MSEL:2.911678, Val Loss MSEL:2.937544, Test Loss MSEL:2.748964,
Train Loss mSEL:0.693182, Val Loss mSEL:0.697899, Test Loss mSEL:0.690430,
Train acc:0.479279, Val acc:0.481399, Test acc:0.488572,
Train Loss mape:19.218174, Val Loss mape:19.836876, Test Loss mape:17.933653,

# Epochs:8
Train Loss MSEL:2.837085, Val Loss MSEL:3.040306, Test Loss MSEL:2.935857,
Train Loss mSEL:0.684228, Val Loss mSEL:0.682736, Test Loss mSEL:0.693797,
Train acc:0.485482, Val acc:0.490066, Test acc:0.488956,
Train Loss mape:19.304369, Val Loss mape:22.084244, Test Loss mape:20.283487,

# Epochs:9
Train Loss MSEL:2.814403, Val Loss MSEL:2.916597, Test Loss MSEL:2.752544,
Train Loss mSEL:0.690873, Val Loss mSEL:0.762794, Test Loss mSEL:0.725221,
Train acc:0.489165, Val acc:0.467773, Test acc:0.477051,
Train Loss mape:19.477512, Val Loss mape:20.134708, Test Loss mape:18.148758,

# Epochs:10
Train Loss MSEL:2.786626, Val Loss MSEL:2.918335, Test Loss MSEL:2.709648,
Train Loss mSEL:0.680293, Val Loss mSEL:0.753059, Test Loss mSEL:0.714643,
Train acc:0.490030, Val acc:0.470424, Test acc:0.482189,
Train Loss mape:19.360201, Val Loss mape:20.011215, Test Loss mape:17.449753,

# Epochs:11
Train Loss MSEL:2.784468, Val Loss MSEL:2.909038, Test Loss MSEL:2.739923,
Train Loss mSEL:0.680230, Val Loss mSEL:0.793098, Test Loss mSEL:0.772065,
Train acc:0.490519, Val acc:0.459327, Test acc:0.470250,
Train Loss mape:19.467819, Val Loss mape:19.492496, Test Loss mape:17.541424,

# Epochs:12
Train Loss MSEL:2.783019, Val Loss MSEL:2.902154, Test Loss MSEL:2.716470,
Train Loss mSEL:0.690426, Val Loss mSEL:0.696307, Test Loss mSEL:0.685948,
Train acc:0.487636, Val acc:0.487148, Test acc:0.494751,
Train Loss mape:19.466383, Val Loss mape:21.173622, Test Loss mape:19.196249,

# Epochs:13
Train Loss MSEL:2.789879, Val Loss MSEL:2.874012, Test Loss MSEL:2.705295,
Train Loss mSEL:0.686462, Val Loss mSEL:0.706961, Test Loss mSEL:0.681444,
Train acc:0.488291, Val acc:0.483707, Test acc:0.488223,
Train Loss mape:19.488964, Val Loss mape:20.803276, Test Loss mape:18.680508,

# Epochs:14
Train Loss MSEL:2.771964, Val Loss MSEL:2.877625, Test Loss MSEL:2.739248,
Train Loss mSEL:0.686719, Val Loss mSEL:0.784772, Test Loss mSEL:0.765270,
Train acc:0.491509, Val acc:0.460903, Test acc:0.471325,
Train Loss mape:19.542078, Val Loss mape:19.459400, Test Loss mape:17.855633,

# Epochs:15
Train Loss MSEL:2.778407, Val Loss MSEL:2.884992, Test Loss MSEL:2.729322,
Train Loss mSEL:0.689104, Val Loss mSEL:0.777269, Test Loss mSEL:0.757236,
Train acc:0.488804, Val acc:0.459560, Test acc:0.473534,
Train Loss mape:19.430292, Val Loss mape:19.726147, Test Loss mape:17.509300,

# Epochs:16
Train Loss MSEL:2.799745, Val Loss MSEL:2.933995, Test Loss MSEL:2.741978,
Train Loss mSEL:0.703520, Val Loss mSEL:0.804526, Test Loss mSEL:0.783808,
Train acc:0.487483, Val acc:0.451858, Test acc:0.457938,
Train Loss mape:19.530003, Val Loss mape:19.670734, Test Loss mape:17.016617,

# Epochs:17
Train Loss MSEL:2.772902, Val Loss MSEL:2.906535, Test Loss MSEL:2.718098,
Train Loss mSEL:0.694945, Val Loss mSEL:0.706408, Test Loss mSEL:0.692551,
Train acc:0.488432, Val acc:0.487903, Test acc:0.496861,
Train Loss mape:19.398621, Val Loss mape:21.350250, Test Loss mape:19.279537,

# Epochs:18
Train Loss MSEL:2.775822, Val Loss MSEL:2.905401, Test Loss MSEL:2.717337,
Train Loss mSEL:0.691191, Val Loss mSEL:0.768424, Test Loss mSEL:0.750197,
Train acc:0.490255, Val acc:0.460356, Test acc:0.476051,
Train Loss mape:19.462250, Val Loss mape:19.422359, Test Loss mape:17.950081,

# Epochs:19
Train Loss MSEL:2.760755, Val Loss MSEL:2.871452, Test Loss MSEL:2.730347,
Train Loss mSEL:0.688066, Val Loss mSEL:0.784299, Test Loss mSEL:0.768092,
Train acc:0.491125, Val acc:0.458461, Test acc:0.471534,
Train Loss mape:19.417990, Val Loss mape:19.576283, Test Loss mape:17.594107,

# Epochs:20
Train Loss MSEL:2.763487, Val Loss MSEL:2.853441, Test Loss MSEL:2.721134,
Train Loss mSEL:0.689980, Val Loss mSEL:0.777129, Test Loss mSEL:0.756494,
Train acc:0.489057, Val acc:0.460647, Test acc:0.476830,
Train Loss mape:19.459911, Val Loss mape:19.350677, Test Loss mape:18.241550,

# Epochs:21
Train Loss MSEL:2.775111, Val Loss MSEL:2.895231, Test Loss MSEL:2.689506,
Train Loss mSEL:0.694075, Val Loss mSEL:0.711656, Test Loss mSEL:0.689729,
Train acc:0.489011, Val acc:0.491234, Test acc:0.497995,
Train Loss mape:19.420256, Val Loss mape:21.669859, Test Loss mape:18.574650,

# Epochs:22
Train Loss MSEL:2.760228, Val Loss MSEL:2.885765, Test Loss MSEL:2.690795,
Train Loss mSEL:0.690437, Val Loss mSEL:0.758789, Test Loss mSEL:0.720752,
Train acc:0.488902, Val acc:0.466407, Test acc:0.480103,
Train Loss mape:19.381277, Val Loss mape:20.494743, Test Loss mape:18.165506,

# Epochs:23
Train Loss MSEL:2.763635, Val Loss MSEL:2.905663, Test Loss MSEL:2.658148,
Train Loss mSEL:0.687372, Val Loss mSEL:0.758548, Test Loss mSEL:0.721386,
Train acc:0.489951, Val acc:0.464675, Test acc:0.479481,
Train Loss mape:19.461985, Val Loss mape:20.594643, Test Loss mape:17.631413,

# Epochs:24
Train Loss MSEL:2.764732, Val Loss MSEL:2.942461, Test Loss MSEL:2.828679,
Train Loss mSEL:0.695786, Val Loss mSEL:0.865838, Test Loss mSEL:0.858266,
Train acc:0.488171, Val acc:0.436401, Test acc:0.440994,
Train Loss mape:19.374409, Val Loss mape:18.662197, Test Loss mape:17.071438,

# Epochs:25
Train Loss MSEL:2.774604, Val Loss MSEL:2.898622, Test Loss MSEL:2.685812,
Train Loss mSEL:0.692807, Val Loss mSEL:0.751361, Test Loss mSEL:0.713919,
Train acc:0.486402, Val acc:0.466227, Test acc:0.477725,
Train Loss mape:19.464529, Val Loss mape:20.686172, Test Loss mape:18.224365,

# Epochs:26
Train Loss MSEL:2.752630, Val Loss MSEL:2.869970, Test Loss MSEL:2.705559,
Train Loss mSEL:0.689110, Val Loss mSEL:0.720257, Test Loss mSEL:0.683560,
Train acc:0.490549, Val acc:0.479922, Test acc:0.484439,
Train Loss mape:19.478813, Val Loss mape:20.861134, Test Loss mape:18.141397,

# Epochs:27
Train Loss MSEL:2.788028, Val Loss MSEL:2.882148, Test Loss MSEL:2.706427,
Train Loss mSEL:0.703634, Val Loss mSEL:0.769117, Test Loss mSEL:0.742796,
Train acc:0.484805, Val acc:0.461379, Test acc:0.477638,
Train Loss mape:19.441948, Val Loss mape:19.947016, Test Loss mape:17.975891,

# Epochs:28
Train Loss MSEL:2.753763, Val Loss MSEL:2.831453, Test Loss MSEL:2.749752,
Train Loss mSEL:0.685029, Val Loss mSEL:0.752799, Test Loss mSEL:0.715523,
Train acc:0.491589, Val acc:0.469715, Test acc:0.479213,
Train Loss mape:19.432125, Val Loss mape:19.708897, Test Loss mape:18.428900,

# Epochs:29
Train Loss MSEL:2.756554, Val Loss MSEL:2.888643, Test Loss MSEL:2.677814,
Train Loss mSEL:0.690296, Val Loss mSEL:0.759736, Test Loss mSEL:0.723827,
Train acc:0.490225, Val acc:0.468029, Test acc:0.482480,
Train Loss mape:19.476891, Val Loss mape:20.648586, Test Loss mape:18.125044,

# Epochs:30
Train Loss MSEL:2.750209, Val Loss MSEL:2.854323, Test Loss MSEL:2.689366,
Train Loss mSEL:0.691241, Val Loss mSEL:0.735249, Test Loss mSEL:0.700298,
Train acc:0.489302, Val acc:0.474842, Test acc:0.480911,
Train Loss mape:19.359156, Val Loss mape:20.485762, Test Loss mape:18.484774,

# Epochs:31
Train Loss MSEL:2.759276, Val Loss MSEL:2.936213, Test Loss MSEL:2.749504,
Train Loss mSEL:0.692792, Val Loss mSEL:0.820720, Test Loss mSEL:0.811872,
Train acc:0.490830, Val acc:0.445266, Test acc:0.453323,
Train Loss mape:19.392191, Val Loss mape:18.995552, Test Loss mape:17.089268,

# Epochs:32
Train Loss MSEL:2.756571, Val Loss MSEL:2.891392, Test Loss MSEL:2.673666,
Train Loss mSEL:0.693050, Val Loss mSEL:0.718668, Test Loss mSEL:0.687881,
Train acc:0.490661, Val acc:0.483119, Test acc:0.489502,
Train Loss mape:19.436447, Val Loss mape:21.174313, Test Loss mape:18.177797,

# Epochs:33
Train Loss MSEL:2.783473, Val Loss MSEL:2.898507, Test Loss MSEL:2.711908,
Train Loss mSEL:0.707099, Val Loss mSEL:0.713332, Test Loss mSEL:0.701848,
Train acc:0.485090, Val acc:0.493809, Test acc:0.495629,
Train Loss mape:19.341913, Val Loss mape:21.312447, Test Loss mape:18.775997,

# Epochs:34
Train Loss MSEL:2.764084, Val Loss MSEL:2.872179, Test Loss MSEL:2.711368,
Train Loss mSEL:0.696759, Val Loss mSEL:0.716976, Test Loss mSEL:0.683022,
Train acc:0.489579, Val acc:0.486037, Test acc:0.492676,
Train Loss mape:19.339502, Val Loss mape:21.303604, Test Loss mape:18.787519,

# Epochs:35
Train Loss MSEL:2.755058, Val Loss MSEL:2.870848, Test Loss MSEL:2.779893,
Train Loss mSEL:0.691858, Val Loss mSEL:0.727193, Test Loss mSEL:0.687483,
Train acc:0.488727, Val acc:0.484898, Test acc:0.481596,
Train Loss mape:19.325901, Val Loss mape:21.539234, Test Loss mape:19.705223,

# Epochs:36
Train Loss MSEL:2.745726, Val Loss MSEL:2.867041, Test Loss MSEL:2.745903,
Train Loss mSEL:0.685847, Val Loss mSEL:0.762419, Test Loss mSEL:0.733819,
Train acc:0.492128, Val acc:0.464344, Test acc:0.475249,
Train Loss mape:19.384949, Val Loss mape:19.845413, Test Loss mape:18.401241,

# Epochs:37
Train Loss MSEL:2.757525, Val Loss MSEL:2.903104, Test Loss MSEL:2.698022,
Train Loss mSEL:0.688596, Val Loss mSEL:0.727684, Test Loss mSEL:0.691187,
Train acc:0.490084, Val acc:0.476504, Test acc:0.481998,
Train Loss mape:19.452873, Val Loss mape:20.777184, Test Loss mape:18.701202,

# Epochs:38
Train Loss MSEL:2.755617, Val Loss MSEL:2.865165, Test Loss MSEL:2.648072,
Train Loss mSEL:0.693676, Val Loss mSEL:0.759026, Test Loss mSEL:0.727505,
Train acc:0.489973, Val acc:0.467529, Test acc:0.487031,
Train Loss mape:19.377121, Val Loss mape:19.838345, Test Loss mape:17.567564,

# Epochs:39
Train Loss MSEL:2.737679, Val Loss MSEL:2.865535, Test Loss MSEL:2.674554,
Train Loss mSEL:0.689855, Val Loss mSEL:0.721276, Test Loss mSEL:0.685439,
Train acc:0.491756, Val acc:0.487026, Test acc:0.492432,
Train Loss mape:19.304436, Val Loss mape:21.120342, Test Loss mape:18.501095,

# Epochs:40
Train Loss MSEL:2.754232, Val Loss MSEL:2.909703, Test Loss MSEL:2.758705,
Train Loss mSEL:0.687033, Val Loss mSEL:0.757801, Test Loss mSEL:0.721464,
Train acc:0.491860, Val acc:0.465762, Test acc:0.479202,
Train Loss mape:19.478020, Val Loss mape:19.873363, Test Loss mape:19.408821,

# Epochs:41
Train Loss MSEL:2.751254, Val Loss MSEL:2.898810, Test Loss MSEL:2.706490,
Train Loss mSEL:0.690333, Val Loss mSEL:0.715449, Test Loss mSEL:0.696843,
Train acc:0.490864, Val acc:0.492077, Test acc:0.492908,
Train Loss mape:19.344538, Val Loss mape:21.447475, Test Loss mape:19.254108,

# Epochs:42
Train Loss MSEL:2.750078, Val Loss MSEL:2.847765, Test Loss MSEL:2.713082,
Train Loss mSEL:0.691113, Val Loss mSEL:0.719029, Test Loss mSEL:0.684745,
Train acc:0.490467, Val acc:0.490403, Test acc:0.490199,
Train Loss mape:19.459221, Val Loss mape:21.116117, Test Loss mape:18.844879,

# Epochs:43
Train Loss MSEL:2.741859, Val Loss MSEL:2.905183, Test Loss MSEL:2.746629,
Train Loss mSEL:0.687226, Val Loss mSEL:0.790059, Test Loss mSEL:0.782379,
Train acc:0.490288, Val acc:0.455921, Test acc:0.465553,
Train Loss mape:19.384375, Val Loss mape:19.581450, Test Loss mape:18.224676,

# Epochs:44
Train Loss MSEL:2.740038, Val Loss MSEL:2.858731, Test Loss MSEL:2.706878,
Train Loss mSEL:0.688554, Val Loss mSEL:0.767560, Test Loss mSEL:0.738718,
Train acc:0.491154, Val acc:0.462490, Test acc:0.476539,
Train Loss mape:19.370405, Val Loss mape:19.874123, Test Loss mape:17.892481,

# Epochs:45
Train Loss MSEL:2.748860, Val Loss MSEL:2.832422, Test Loss MSEL:2.664078,
Train Loss mSEL:0.686089, Val Loss mSEL:0.764157, Test Loss mSEL:0.731982,
Train acc:0.491317, Val acc:0.464844, Test acc:0.480504,
Train Loss mape:19.423132, Val Loss mape:19.466434, Test Loss mape:17.678516,

# Epochs:46
Train Loss MSEL:2.755408, Val Loss MSEL:2.880857, Test Loss MSEL:2.665896,
Train Loss mSEL:0.700046, Val Loss mSEL:0.718249, Test Loss mSEL:0.682333,
Train acc:0.489839, Val acc:0.485817, Test acc:0.488892,
Train Loss mape:19.398190, Val Loss mape:20.829441, Test Loss mape:18.464363,

# Epochs:47
Train Loss MSEL:2.746993, Val Loss MSEL:2.946552, Test Loss MSEL:2.727821,
Train Loss mSEL:0.685994, Val Loss mSEL:0.814763, Test Loss mSEL:0.804211,
Train acc:0.491814, Val acc:0.446219, Test acc:0.460705,
Train Loss mape:19.328987, Val Loss mape:19.252644, Test Loss mape:17.088594,

# Epochs:48
Train Loss MSEL:2.744558, Val Loss MSEL:2.866946, Test Loss MSEL:2.735217,
Train Loss mSEL:0.687685, Val Loss mSEL:0.719605, Test Loss mSEL:0.686541,
Train acc:0.490723, Val acc:0.479946, Test acc:0.482753,
Train Loss mape:19.343468, Val Loss mape:20.805901, Test Loss mape:19.205107,

# Epochs:49
Train Loss MSEL:2.745927, Val Loss MSEL:2.852847, Test Loss MSEL:2.652493,
Train Loss mSEL:0.693458, Val Loss mSEL:0.723428, Test Loss mSEL:0.681607,
Train acc:0.490499, Val acc:0.488328, Test acc:0.489392,
Train Loss mape:19.304966, Val Loss mape:20.560974, Test Loss mape:18.419945,

# BEST, Val Loss MSEL:2.831453, Test Loss MSEL:2.648072,
