===================configuration===================
learning rate :0.001 
num_mlp_layers : 1
num_layers : 2
gnn input_features : 100
gnn output_features : 64
input of rnn/transformer : 64
hidden_size (out put of rnn/tranformer) : 64
observation hour [7,19]
observation interval : 90
observation threshold : 1800
prediction time : 86400
cascade length [10,100]
model save at : ../model_save/cas2vec/citation1/
====bidirected: False, attention: , gcn_type: self, rnn: gru====
===================configuration===================
len(Y_train), len(Y_valid), len(Y_test): 30582 6554 6554
train: max, min:  11.527966 0.0
val: max, min:  9.287712 0.0
test: max, min:  10.473705 0.0
preparing time:87.54470205307007
total parameters 44201
---------------*****---------------
Starting training the epoch: 0 
total batch: 477.84375 
batch:99 average train loss 2.4690
batch:199 average train loss 2.2338
batch:299 average train loss 2.1030
batch:399 average train loss 2.0228
average train loss 1.9656
Train Consuming time:612.33 in the epoch: 0
total val iterations: 103 
average val loss 1.7668
 Val Loss mSEL:0.792592
 Val acc:0.392157
 Val Loss mape:0.339551

total test iterations: 103 
average test loss 1.8378
Test Loss mSEL:0.829068,
Test acc:0.381127,
Test Loss mape:0.350484,

Consuming time:882.93 in the epoch: 0
Best test loss is 1.84
---------------*****---------------
---------------*****---------------
Starting training the epoch: 1 
total batch: 477.84375 
batch:99 average train loss 1.6886
batch:199 average train loss 1.6680
batch:299 average train loss 1.6303
batch:399 average train loss 1.6164
average train loss 1.5972
Train Consuming time:20.48 in the epoch: 1
total val iterations: 103 
average val loss 1.6332
 Val Loss mSEL:0.757582
 Val acc:0.401654
 Val Loss mape:0.318488

total test iterations: 103 
average test loss 1.7030
Test Loss mSEL:0.770093,
Test acc:0.399357,
Test Loss mape:0.330230,

Consuming time:26.72 in the epoch: 1
Best test loss is 1.70
---------------*****---------------
---------------*****---------------
Starting training the epoch: 2 
total batch: 477.84375 
batch:99 average train loss 1.5334
batch:199 average train loss 1.5255
batch:299 average train loss 1.5007
batch:399 average train loss 1.4982
average train loss 1.4872
Train Consuming time:20.90 in the epoch: 2
total val iterations: 103 
average val loss 1.4474
 Val Loss mSEL:0.640356
 Val acc:0.453585
 Val Loss mape:0.312609

total test iterations: 103 
average test loss 1.5119
Test Loss mSEL:0.682292,
Test acc:0.438113,
Test Loss mape:0.324536,

Consuming time:27.32 in the epoch: 2
Best test loss is 1.51
---------------*****---------------
---------------*****---------------
Starting training the epoch: 3 
total batch: 477.84375 
batch:99 average train loss 1.4663
batch:199 average train loss 1.4641
batch:299 average train loss 1.4459
batch:399 average train loss 1.4460
average train loss 1.4374
Train Consuming time:20.37 in the epoch: 3
total val iterations: 103 
average val loss 1.3573
 Val Loss mSEL:0.599514
 Val acc:0.469210
 Val Loss mape:0.310839

total test iterations: 103 
average test loss 1.4238
Test Loss mSEL:0.628652,
Test acc:0.461550,
Test Loss mape:0.323484,

Consuming time:26.64 in the epoch: 3
Best test loss is 1.42
---------------*****---------------
---------------*****---------------
Starting training the epoch: 4 
total batch: 477.84375 
batch:99 average train loss 1.4270
batch:199 average train loss 1.4314
batch:299 average train loss 1.4166
batch:399 average train loss 1.4164
average train loss 1.4076
Train Consuming time:20.41 in the epoch: 4
total val iterations: 103 
average val loss 1.3222
 Val Loss mSEL:0.580144
 Val acc:0.477941
 Val Loss mape:0.310117

total test iterations: 103 
average test loss 1.3768
Test Loss mSEL:0.593548,
Test acc:0.475337,
Test Loss mape:0.321572,

Consuming time:26.67 in the epoch: 4
Best test loss is 1.38
---------------*****---------------
---------------*****---------------
Starting training the epoch: 5 
total batch: 477.84375 
batch:99 average train loss 1.4053
batch:199 average train loss 1.4111
batch:299 average train loss 1.3973
batch:399 average train loss 1.3973
average train loss 1.3885
Train Consuming time:20.41 in the epoch: 5
total val iterations: 103 
average val loss 1.3074
 Val Loss mSEL:0.561725
 Val acc:0.478707
 Val Loss mape:0.309251

total test iterations: 103 
average test loss 1.3631
Test Loss mSEL:0.592711,
Test acc:0.475643,
Test Loss mape:0.321003,

Consuming time:26.55 in the epoch: 5
Best test loss is 1.36
---------------*****---------------
---------------*****---------------
Starting training the epoch: 6 
total batch: 477.84375 
batch:99 average train loss 1.3874
batch:199 average train loss 1.3926
batch:299 average train loss 1.3805
batch:399 average train loss 1.3823
average train loss 1.3743
Train Consuming time:20.40 in the epoch: 6
total val iterations: 103 
average val loss 1.2822
 Val Loss mSEL:0.560093
 Val acc:0.484069
 Val Loss mape:0.310376

total test iterations: 103 
average test loss 1.3394
Test Loss mSEL:0.565323,
Test acc:0.481924,
Test Loss mape:0.322966,

Consuming time:26.67 in the epoch: 6
Best test loss is 1.34
---------------*****---------------
---------------*****---------------
Starting training the epoch: 7 
total batch: 477.84375 
batch:99 average train loss 1.3742
batch:199 average train loss 1.3787
batch:299 average train loss 1.3669
batch:399 average train loss 1.3694
average train loss 1.3613
Train Consuming time:20.39 in the epoch: 7
total val iterations: 103 
average val loss 1.2687
 Val Loss mSEL:0.549808
 Val acc:0.490962
 Val Loss mape:0.309854

total test iterations: 103 
average test loss 1.3221
Test Loss mSEL:0.556489,
Test acc:0.488971,
Test Loss mape:0.322440,

Consuming time:26.55 in the epoch: 7
Best test loss is 1.32
---------------*****---------------
---------------*****---------------
Starting training the epoch: 8 
total batch: 477.84375 
batch:99 average train loss 1.3569
batch:199 average train loss 1.3637
batch:299 average train loss 1.3547
batch:399 average train loss 1.3584
average train loss 1.3503
Train Consuming time:20.41 in the epoch: 8
total val iterations: 103 
average val loss 1.2763
 Val Loss mSEL:0.559562
 Val acc:0.487439
 Val Loss mape:0.306619

total test iterations: 103 
average test loss 1.3255
Test Loss mSEL:0.558446,
Test acc:0.488664,
Test Loss mape:0.318677,

Consuming time:26.54 in the epoch: 8
Best test loss is 1.32
---------------*****---------------
---------------*****---------------
Starting training the epoch: 9 
total batch: 477.84375 
batch:99 average train loss 1.3490
batch:199 average train loss 1.3565
batch:299 average train loss 1.3470
batch:399 average train loss 1.3509
average train loss 1.3422
Train Consuming time:20.39 in the epoch: 9
total val iterations: 103 
average val loss 1.2743
 Val Loss mSEL:0.556193
 Val acc:0.485754
 Val Loss mape:0.306339

total test iterations: 103 
average test loss 1.3223
Test Loss mSEL:0.554156,
Test acc:0.487132,
Test Loss mape:0.317999,

Consuming time:26.51 in the epoch: 9
Best test loss is 1.32
---------------*****---------------
---------------*****---------------
Starting training the epoch: 10 
total batch: 477.84375 
batch:99 average train loss 1.3416
batch:199 average train loss 1.3483
batch:299 average train loss 1.3396
batch:399 average train loss 1.3436
average train loss 1.3350
Train Consuming time:20.24 in the epoch: 10
total val iterations: 103 
average val loss 1.2652
 Val Loss mSEL:0.555446
 Val acc:0.489124
 Val Loss mape:0.306589

total test iterations: 103 
average test loss 1.3150
Test Loss mSEL:0.547913,
Test acc:0.487592,
Test Loss mape:0.318506,

Consuming time:26.42 in the epoch: 10
Best test loss is 1.32
---------------*****---------------
---------------*****---------------
Starting training the epoch: 11 
total batch: 477.84375 
batch:99 average train loss 1.3344
batch:199 average train loss 1.3393
batch:299 average train loss 1.3321
batch:399 average train loss 1.3360
average train loss 1.3278
Train Consuming time:20.39 in the epoch: 11
total val iterations: 103 
average val loss 1.2691
 Val Loss mSEL:0.549848
 Val acc:0.489124
 Val Loss mape:0.304962

total test iterations: 103 
average test loss 1.3107
Test Loss mSEL:0.552075,
Test acc:0.485754,
Test Loss mape:0.316317,

Consuming time:26.63 in the epoch: 11
Best test loss is 1.31
---------------*****---------------
---------------*****---------------
Starting training the epoch: 12 
total batch: 477.84375 
batch:99 average train loss 1.3321
batch:199 average train loss 1.3381
batch:299 average train loss 1.3305
batch:399 average train loss 1.3339
average train loss 1.3247
Train Consuming time:20.45 in the epoch: 12
total val iterations: 103 
average val loss 1.2517
 Val Loss mSEL:0.537311
 Val acc:0.492188
 Val Loss mape:0.310266

total test iterations: 103 
average test loss 1.2963
Test Loss mSEL:0.550748,
Test acc:0.494485,
Test Loss mape:0.321910,

Consuming time:26.60 in the epoch: 12
Best test loss is 1.30
---------------*****---------------
---------------*****---------------
Starting training the epoch: 13 
total batch: 477.84375 
batch:99 average train loss 1.3274
batch:199 average train loss 1.3308
batch:299 average train loss 1.3237
batch:399 average train loss 1.3269
average train loss 1.3175
Train Consuming time:20.43 in the epoch: 13
total val iterations: 103 
average val loss 1.2508
 Val Loss mSEL:0.536279
 Val acc:0.492188
 Val Loss mape:0.310119

total test iterations: 103 
average test loss 1.2903
Test Loss mSEL:0.544801,
Test acc:0.495404,
Test Loss mape:0.320851,

Consuming time:26.56 in the epoch: 13
Best test loss is 1.29
---------------*****---------------
---------------*****---------------
Starting training the epoch: 14 
total batch: 477.84375 
batch:99 average train loss 1.3183
batch:199 average train loss 1.3253
batch:299 average train loss 1.3184
batch:399 average train loss 1.3217
average train loss 1.3127
Train Consuming time:20.31 in the epoch: 14
total val iterations: 103 
average val loss 1.2546
 Val Loss mSEL:0.551788
 Val acc:0.489277
 Val Loss mape:0.307916

total test iterations: 103 
average test loss 1.2938
Test Loss mSEL:0.546574,
Test acc:0.492188,
Test Loss mape:0.318712,

Consuming time:26.46 in the epoch: 14
Best test loss is 1.29
---------------*****---------------
---------------*****---------------
Starting training the epoch: 15 
total batch: 477.84375 
batch:99 average train loss 1.3136
batch:199 average train loss 1.3210
batch:299 average train loss 1.3135
batch:399 average train loss 1.3162
average train loss 1.3073
Train Consuming time:20.38 in the epoch: 15
total val iterations: 103 
average val loss 1.2575
 Val Loss mSEL:0.540941
 Val acc:0.488971
 Val Loss mape:0.307941

total test iterations: 103 
average test loss 1.2953
Test Loss mSEL:0.545010,
Test acc:0.493873,
Test Loss mape:0.318647,

Consuming time:26.48 in the epoch: 15
Best test loss is 1.29
---------------*****---------------
---------------*****---------------
Starting training the epoch: 16 
total batch: 477.84375 
batch:99 average train loss 1.3081
batch:199 average train loss 1.3160
batch:299 average train loss 1.3097
batch:399 average train loss 1.3133
average train loss 1.3040
Train Consuming time:20.34 in the epoch: 16
total val iterations: 103 
average val loss 1.2412
 Val Loss mSEL:0.537539
 Val acc:0.496017
 Val Loss mape:0.312349

total test iterations: 103 
average test loss 1.2847
Test Loss mSEL:0.541951,
Test acc:0.501532,
Test Loss mape:0.324026,

Consuming time:26.42 in the epoch: 16
Best test loss is 1.28
---------------*****---------------
---------------*****---------------
Starting training the epoch: 17 
total batch: 477.84375 
batch:99 average train loss 1.3037
batch:199 average train loss 1.3119
batch:299 average train loss 1.3059
batch:399 average train loss 1.3099
average train loss 1.3006
Train Consuming time:20.31 in the epoch: 17
total val iterations: 103 
average val loss 1.2510
 Val Loss mSEL:0.543462
 Val acc:0.492188
 Val Loss mape:0.309905

total test iterations: 103 
average test loss 1.2887
Test Loss mSEL:0.539634,
Test acc:0.496170,
Test Loss mape:0.320585,

Consuming time:26.43 in the epoch: 17
Best test loss is 1.28
---------------*****---------------
---------------*****---------------
Starting training the epoch: 18 
total batch: 477.84375 
batch:99 average train loss 1.2991
batch:199 average train loss 1.3069
batch:299 average train loss 1.3019
batch:399 average train loss 1.3062
average train loss 1.2965
Train Consuming time:20.15 in the epoch: 18
total val iterations: 103 
average val loss 1.2473
 Val Loss mSEL:0.535286
 Val acc:0.496017
 Val Loss mape:0.311108

total test iterations: 103 
average test loss 1.2904
Test Loss mSEL:0.537774,
Test acc:0.496783,
Test Loss mape:0.322449,

Consuming time:26.13 in the epoch: 18
Best test loss is 1.28
---------------*****---------------
---------------*****---------------
Starting training the epoch: 19 
total batch: 477.84375 
batch:99 average train loss 1.2936
batch:199 average train loss 1.3033
batch:299 average train loss 1.2982
batch:399 average train loss 1.3030
average train loss 1.2929
Train Consuming time:20.03 in the epoch: 19
total val iterations: 103 
average val loss 1.2502
 Val Loss mSEL:0.537496
 Val acc:0.506587
 Val Loss mape:0.324645

total test iterations: 103 
average test loss 1.3011
Test Loss mSEL:0.537547,
Test acc:0.502757,
Test Loss mape:0.337004,

Consuming time:26.11 in the epoch: 19
Best test loss is 1.28
---------------*****---------------
---------------*****---------------
Starting training the epoch: 20 
total batch: 477.84375 
batch:99 average train loss 1.2732
batch:199 average train loss 1.2802
batch:299 average train loss 1.2759
batch:399 average train loss 1.2769
average train loss 1.2620
Train Consuming time:19.83 in the epoch: 20
total val iterations: 103 
average val loss 1.2369
 Val Loss mSEL:0.530504
 Val acc:0.502604
 Val Loss mape:0.316459

total test iterations: 103 
average test loss 1.2848
Test Loss mSEL:0.534641,
Test acc:0.501072,
Test Loss mape:0.328436,

Consuming time:25.82 in the epoch: 20
Best test loss is 1.28
---------------*****---------------
---------------*****---------------
Starting training the epoch: 21 
total batch: 477.84375 
batch:99 average train loss 1.2572
batch:199 average train loss 1.2685
batch:299 average train loss 1.2671
batch:399 average train loss 1.2695
average train loss 1.2553
Train Consuming time:19.84 in the epoch: 21
total val iterations: 103 
average val loss 1.2349
 Val Loss mSEL:0.527962
 Val acc:0.504749
 Val Loss mape:0.316057

total test iterations: 103 
average test loss 1.2823
Test Loss mSEL:0.537049,
Test acc:0.501379,
Test Loss mape:0.327971,

Consuming time:25.82 in the epoch: 21
Best test loss is 1.28
---------------*****---------------
---------------*****---------------
Starting training the epoch: 22 
total batch: 477.84375 
batch:99 average train loss 1.2541
batch:199 average train loss 1.2657
batch:299 average train loss 1.2647
batch:399 average train loss 1.2671
average train loss 1.2530
Train Consuming time:19.94 in the epoch: 22
total val iterations: 103 
average val loss 1.2334
 Val Loss mSEL:0.529613
 Val acc:0.505974
 Val Loss mape:0.316275

total test iterations: 103 
average test loss 1.2807
Test Loss mSEL:0.537757,
Test acc:0.502757,
Test Loss mape:0.328177,

Consuming time:25.96 in the epoch: 22
Best test loss is 1.28
---------------*****---------------
---------------*****---------------
Starting training the epoch: 23 
total batch: 477.84375 
batch:99 average train loss 1.2520
batch:199 average train loss 1.2638
batch:299 average train loss 1.2629
batch:399 average train loss 1.2653
average train loss 1.2513
Train Consuming time:19.89 in the epoch: 23
total val iterations: 103 
average val loss 1.2325
 Val Loss mSEL:0.530469
 Val acc:0.506281
 Val Loss mape:0.316487

total test iterations: 103 
average test loss 1.2795
Test Loss mSEL:0.535496,
Test acc:0.503370,
Test Loss mape:0.328369,

Consuming time:25.84 in the epoch: 23
Best test loss is 1.28
---------------*****---------------
---------------*****---------------
Starting training the epoch: 24 
total batch: 477.84375 
batch:99 average train loss 1.2504
batch:199 average train loss 1.2623
batch:299 average train loss 1.2615
batch:399 average train loss 1.2640
average train loss 1.2500
Train Consuming time:19.97 in the epoch: 24
total val iterations: 103 
average val loss 1.2318
 Val Loss mSEL:0.533366
 Val acc:0.506434
 Val Loss mape:0.316641

total test iterations: 103 
average test loss 1.2787
Test Loss mSEL:0.534947,
Test acc:0.503983,
Test Loss mape:0.328504,

Consuming time:25.96 in the epoch: 24
Best test loss is 1.28
---------------*****---------------
---------------*****---------------
Starting training the epoch: 25 
total batch: 477.84375 
batch:99 average train loss 1.2492
batch:199 average train loss 1.2611
batch:299 average train loss 1.2604
batch:399 average train loss 1.2630
average train loss 1.2490
Train Consuming time:19.96 in the epoch: 25
total val iterations: 103 
average val loss 1.2313
 Val Loss mSEL:0.534310
 Val acc:0.506740
 Val Loss mape:0.316758

total test iterations: 103 
average test loss 1.2780
Test Loss mSEL:0.530684,
Test acc:0.504136,
Test Loss mape:0.328604,

Consuming time:25.91 in the epoch: 25
Best test loss is 1.28
---------------*****---------------
---------------*****---------------
Starting training the epoch: 26 
total batch: 477.84375 
batch:99 average train loss 1.2481
batch:199 average train loss 1.2601
batch:299 average train loss 1.2595
batch:399 average train loss 1.2621
average train loss 1.2482
Train Consuming time:19.91 in the epoch: 26
total val iterations: 103 
average val loss 1.2310
 Val Loss mSEL:0.534531
 Val acc:0.507047
 Val Loss mape:0.316835

total test iterations: 103 
average test loss 1.2774
Test Loss mSEL:0.532420,
Test acc:0.504442,
Test Loss mape:0.328663,

Consuming time:25.90 in the epoch: 26
Best test loss is 1.28
---------------*****---------------
---------------*****---------------
Starting training the epoch: 27 
total batch: 477.84375 
batch:99 average train loss 1.2473
batch:199 average train loss 1.2593
batch:299 average train loss 1.2588
batch:399 average train loss 1.2613
average train loss 1.2475
Train Consuming time:19.88 in the epoch: 27
total val iterations: 103 
average val loss 1.2307
 Val Loss mSEL:0.534571
 Val acc:0.507812
 Val Loss mape:0.316894

total test iterations: 103 
average test loss 1.2770
Test Loss mSEL:0.532188,
Test acc:0.504136,
Test Loss mape:0.328707,

Consuming time:25.89 in the epoch: 27
Best test loss is 1.28
---------------*****---------------
---------------*****---------------
Starting training the epoch: 28 
total batch: 477.84375 
batch:99 average train loss 1.2466
batch:199 average train loss 1.2585
batch:299 average train loss 1.2581
batch:399 average train loss 1.2607
average train loss 1.2469
Train Consuming time:19.88 in the epoch: 28
total val iterations: 103 
average val loss 1.2305
 Val Loss mSEL:0.534118
 Val acc:0.507047
 Val Loss mape:0.316935

total test iterations: 103 
average test loss 1.2767
Test Loss mSEL:0.532978,
Test acc:0.504749,
Test Loss mape:0.328730,

Consuming time:25.90 in the epoch: 28
Best test loss is 1.28
---------------*****---------------
---------------*****---------------
Starting training the epoch: 29 
total batch: 477.84375 
batch:99 average train loss 1.2459
batch:199 average train loss 1.2579
batch:299 average train loss 1.2575
batch:399 average train loss 1.2601
average train loss 1.2464
Train Consuming time:18.63 in the epoch: 29
total val iterations: 103 
average val loss 1.2303
 Val Loss mSEL:0.532378
 Val acc:0.506127
 Val Loss mape:0.316963

total test iterations: 103 
average test loss 1.2764
Test Loss mSEL:0.534228,
Test acc:0.504749,
Test Loss mape:0.328740,

Consuming time:24.37 in the epoch: 29
Best test loss is 1.28
---------------*****---------------
---------------*****---------------
Starting training the epoch: 30 
total batch: 477.84375 
batch:99 average train loss 1.2454
batch:199 average train loss 1.2573
batch:299 average train loss 1.2570
batch:399 average train loss 1.2596
average train loss 1.2459
Train Consuming time:20.45 in the epoch: 30
total val iterations: 103 
average val loss 1.2302
 Val Loss mSEL:0.531896
 Val acc:0.506281
 Val Loss mape:0.316985

total test iterations: 103 
average test loss 1.2761
Test Loss mSEL:0.533930,
Test acc:0.503830,
Test Loss mape:0.328744,

Consuming time:26.76 in the epoch: 30
Best test loss is 1.28
---------------*****---------------
---------------*****---------------
Starting training the epoch: 31 
total batch: 477.84375 
batch:99 average train loss 1.2449
batch:199 average train loss 1.2568
batch:299 average train loss 1.2565
batch:399 average train loss 1.2592
average train loss 1.2455
Train Consuming time:20.39 in the epoch: 31
total val iterations: 103 
average val loss 1.2300
 Val Loss mSEL:0.533481
 Val acc:0.506127
 Val Loss mape:0.316991

total test iterations: 103 
average test loss 1.2759
Test Loss mSEL:0.531951,
Test acc:0.503676,
Test Loss mape:0.328732,

Consuming time:26.80 in the epoch: 31
Best test loss is 1.28
---------------*****---------------
---------------*****---------------
Starting training the epoch: 32 
total batch: 477.84375 
batch:99 average train loss 1.2444
batch:199 average train loss 1.2563
batch:299 average train loss 1.2560
batch:399 average train loss 1.2587
average train loss 1.2451
Train Consuming time:20.12 in the epoch: 32
total val iterations: 103 
average val loss 1.2299
 Val Loss mSEL:0.532353
 Val acc:0.506281
 Val Loss mape:0.316992

total test iterations: 103 
average test loss 1.2757
Test Loss mSEL:0.530050,
Test acc:0.504442,
Test Loss mape:0.328714,

Consuming time:26.55 in the epoch: 32
Best test loss is 1.28
---------------*****---------------
---------------*****---------------
Starting training the epoch: 33 
total batch: 477.84375 
batch:99 average train loss 1.2440
batch:199 average train loss 1.2559
batch:299 average train loss 1.2556
batch:399 average train loss 1.2584
average train loss 1.2448
Train Consuming time:20.58 in the epoch: 33
total val iterations: 103 
average val loss 1.2298
 Val Loss mSEL:0.533539
 Val acc:0.505974
 Val Loss mape:0.316989

total test iterations: 103 
average test loss 1.2755
Test Loss mSEL:0.528688,
Test acc:0.504136,
Test Loss mape:0.328695,

Consuming time:26.90 in the epoch: 33
Best test loss is 1.28
---------------*****---------------
---------------*****---------------
Starting training the epoch: 34 
total batch: 477.84375 
batch:99 average train loss 1.2436
batch:199 average train loss 1.2554
batch:299 average train loss 1.2552
batch:399 average train loss 1.2580
average train loss 1.2444
Train Consuming time:20.46 in the epoch: 34
total val iterations: 103 
average val loss 1.2297
 Val Loss mSEL:0.532517
 Val acc:0.505362
 Val Loss mape:0.316984

total test iterations: 103 
average test loss 1.2753
Test Loss mSEL:0.529861,
Test acc:0.504136,
Test Loss mape:0.328672,

Consuming time:26.78 in the epoch: 34
Best test loss is 1.28
---------------*****---------------
---------------*****---------------
Starting training the epoch: 35 
total batch: 477.84375 
batch:99 average train loss 1.2432
batch:199 average train loss 1.2550
batch:299 average train loss 1.2548
batch:399 average train loss 1.2576
average train loss 1.2441
Train Consuming time:20.53 in the epoch: 35
total val iterations: 103 
average val loss 1.2296
 Val Loss mSEL:0.533063
 Val acc:0.505362
 Val Loss mape:0.316976

total test iterations: 103 
average test loss 1.2751
Test Loss mSEL:0.527986,
Test acc:0.504442,
Test Loss mape:0.328644,

Consuming time:26.80 in the epoch: 35
Best test loss is 1.28
---------------*****---------------
---------------*****---------------
Starting training the epoch: 36 
total batch: 477.84375 
batch:99 average train loss 1.2429
batch:199 average train loss 1.2546
batch:299 average train loss 1.2545
batch:399 average train loss 1.2573
average train loss 1.2438
Train Consuming time:20.58 in the epoch: 36
total val iterations: 103 
average val loss 1.2296
 Val Loss mSEL:0.533862
 Val acc:0.505515
 Val Loss mape:0.316963

total test iterations: 103 
average test loss 1.2749
Test Loss mSEL:0.528898,
Test acc:0.504442,
Test Loss mape:0.328609,

Consuming time:26.85 in the epoch: 36
Best test loss is 1.27
---------------*****---------------
---------------*****---------------
Starting training the epoch: 37 
total batch: 477.84375 
batch:99 average train loss 1.2426
batch:199 average train loss 1.2543
batch:299 average train loss 1.2541
batch:399 average train loss 1.2570
average train loss 1.2435
Train Consuming time:20.51 in the epoch: 37
total val iterations: 103 
average val loss 1.2295
 Val Loss mSEL:0.534326
 Val acc:0.505515
 Val Loss mape:0.316949

total test iterations: 103 
average test loss 1.2748
Test Loss mSEL:0.530113,
Test acc:0.504442,
Test Loss mape:0.328576,

Consuming time:26.94 in the epoch: 37
Best test loss is 1.27
---------------*****---------------
---------------*****---------------
Starting training the epoch: 38 
total batch: 477.84375 
batch:99 average train loss 1.2422
batch:199 average train loss 1.2539
batch:299 average train loss 1.2538
batch:399 average train loss 1.2567
average train loss 1.2433
Train Consuming time:20.43 in the epoch: 38
total val iterations: 103 
average val loss 1.2295
 Val Loss mSEL:0.534241
 Val acc:0.505515
 Val Loss mape:0.316935

total test iterations: 103 
average test loss 1.2747
Test Loss mSEL:0.529632,
Test acc:0.504749,
Test Loss mape:0.328545,

Consuming time:26.87 in the epoch: 38
Best test loss is 1.27
---------------*****---------------
---------------*****---------------
Starting training the epoch: 39 
total batch: 477.84375 
batch:99 average train loss 1.2420
batch:199 average train loss 1.2536
batch:299 average train loss 1.2535
batch:399 average train loss 1.2564
average train loss 1.2430
Train Consuming time:20.44 in the epoch: 39
total val iterations: 103 
average val loss 1.2294
 Val Loss mSEL:0.533704
 Val acc:0.505668
 Val Loss mape:0.316932

total test iterations: 103 
average test loss 1.2745
Test Loss mSEL:0.529580,
Test acc:0.504749,
Test Loss mape:0.328524,

Consuming time:26.69 in the epoch: 39
Best test loss is 1.27
---------------*****---------------
---------------*****---------------
Starting training the epoch: 40 
total batch: 477.84375 
batch:99 average train loss 1.2417
batch:199 average train loss 1.2533
batch:299 average train loss 1.2532
batch:399 average train loss 1.2562
average train loss 1.2428
Train Consuming time:20.50 in the epoch: 40
total val iterations: 103 
average val loss 1.2293
 Val Loss mSEL:0.533400
 Val acc:0.505515
 Val Loss mape:0.316925

total test iterations: 103 
average test loss 1.2744
Test Loss mSEL:0.530164,
Test acc:0.504749,
Test Loss mape:0.328499,

Consuming time:26.83 in the epoch: 40
Best test loss is 1.27
---------------*****---------------
---------------*****---------------
Starting training the epoch: 41 
total batch: 477.84375 
batch:99 average train loss 1.2414
batch:199 average train loss 1.2530
batch:299 average train loss 1.2530
batch:399 average train loss 1.2559
average train loss 1.2426
Train Consuming time:20.48 in the epoch: 41
total val iterations: 103 
average val loss 1.2293
 Val Loss mSEL:0.534038
 Val acc:0.505208
 Val Loss mape:0.316928

total test iterations: 103 
average test loss 1.2743
Test Loss mSEL:0.531053,
Test acc:0.505055,
Test Loss mape:0.328485,

Consuming time:26.91 in the epoch: 41
Best test loss is 1.27
---------------*****---------------
---------------*****---------------
Starting training the epoch: 42 
total batch: 477.84375 
batch:99 average train loss 1.2412
batch:199 average train loss 1.2528
batch:299 average train loss 1.2527
batch:399 average train loss 1.2557
average train loss 1.2424
Train Consuming time:20.56 in the epoch: 42
total val iterations: 103 
average val loss 1.2293
 Val Loss mSEL:0.534481
 Val acc:0.505055
 Val Loss mape:0.316926

total test iterations: 103 
average test loss 1.2742
Test Loss mSEL:0.531167,
Test acc:0.504902,
Test Loss mape:0.328464,

Consuming time:26.85 in the epoch: 42
Best test loss is 1.27
---------------*****---------------
---------------*****---------------
Starting training the epoch: 43 
total batch: 477.84375 
batch:99 average train loss 1.2410
batch:199 average train loss 1.2525
batch:299 average train loss 1.2525
batch:399 average train loss 1.2554
average train loss 1.2421
Train Consuming time:20.60 in the epoch: 43
total val iterations: 103 
average val loss 1.2292
 Val Loss mSEL:0.533726
 Val acc:0.505362
 Val Loss mape:0.316927

total test iterations: 103 
average test loss 1.2741
Test Loss mSEL:0.531298,
Test acc:0.505055,
Test Loss mape:0.328448,

Consuming time:27.02 in the epoch: 43
Best test loss is 1.27
---------------*****---------------
---------------*****---------------
Starting training the epoch: 44 
total batch: 477.84375 
batch:99 average train loss 1.2408
batch:199 average train loss 1.2522
batch:299 average train loss 1.2522
batch:399 average train loss 1.2552
average train loss 1.2419
Train Consuming time:20.49 in the epoch: 44
total val iterations: 103 
average val loss 1.2292
 Val Loss mSEL:0.533617
 Val acc:0.505362
 Val Loss mape:0.316935

total test iterations: 103 
average test loss 1.2740
Test Loss mSEL:0.531700,
Test acc:0.505362,
Test Loss mape:0.328436,

Consuming time:26.81 in the epoch: 44
Best test loss is 1.27
---------------*****---------------
---------------*****---------------
Starting training the epoch: 45 
total batch: 477.84375 
batch:99 average train loss 1.2406
batch:199 average train loss 1.2520
batch:299 average train loss 1.2520
batch:399 average train loss 1.2550
average train loss 1.2418
Train Consuming time:20.53 in the epoch: 45
total val iterations: 103 
average val loss 1.2292
 Val Loss mSEL:0.533393
 Val acc:0.505515
 Val Loss mape:0.316934

total test iterations: 103 
average test loss 1.2739
Test Loss mSEL:0.531498,
Test acc:0.505362,
Test Loss mape:0.328416,

Consuming time:26.86 in the epoch: 45
Best test loss is 1.27
---------------*****---------------
---------------*****---------------
Starting training the epoch: 46 
total batch: 477.84375 
batch:99 average train loss 1.2404
batch:199 average train loss 1.2518
batch:299 average train loss 1.2518
batch:399 average train loss 1.2548
average train loss 1.2416
Train Consuming time:20.57 in the epoch: 46
total val iterations: 103 
average val loss 1.2292
 Val Loss mSEL:0.532879
 Val acc:0.505515
 Val Loss mape:0.316935

total test iterations: 103 
average test loss 1.2738
Test Loss mSEL:0.530367,
Test acc:0.505362,
Test Loss mape:0.328399,

Consuming time:27.00 in the epoch: 46
Best test loss is 1.27
---------------*****---------------
---------------*****---------------
Starting training the epoch: 47 
total batch: 477.84375 
batch:99 average train loss 1.2402
batch:199 average train loss 1.2515
batch:299 average train loss 1.2516
batch:399 average train loss 1.2546
average train loss 1.2414
Train Consuming time:20.51 in the epoch: 47
total val iterations: 103 
average val loss 1.2292
 Val Loss mSEL:0.533062
 Val acc:0.505208
 Val Loss mape:0.316933

total test iterations: 103 
average test loss 1.2737
Test Loss mSEL:0.530899,
Test acc:0.505515,
Test Loss mape:0.328381,

Consuming time:26.90 in the epoch: 47
Best test loss is 1.27
---------------*****---------------
---------------*****---------------
Starting training the epoch: 48 
total batch: 477.84375 
batch:99 average train loss 1.2400
batch:199 average train loss 1.2513
batch:299 average train loss 1.2514
batch:399 average train loss 1.2544
average train loss 1.2412
Train Consuming time:20.41 in the epoch: 48
total val iterations: 103 
average val loss 1.2292
 Val Loss mSEL:0.532974
 Val acc:0.505208
 Val Loss mape:0.316931

total test iterations: 103 
average test loss 1.2737
Test Loss mSEL:0.531378,
Test acc:0.505362,
Test Loss mape:0.328361,

Consuming time:26.84 in the epoch: 48
Best test loss is 1.27
---------------*****---------------
---------------*****---------------
Starting training the epoch: 49 
total batch: 477.84375 
batch:99 average train loss 1.2398
batch:199 average train loss 1.2511
batch:299 average train loss 1.2512
batch:399 average train loss 1.2542
average train loss 1.2411
Train Consuming time:20.48 in the epoch: 49
total val iterations: 103 
average val loss 1.2292
 Val Loss mSEL:0.532877
 Val acc:0.504902
 Val Loss mape:0.316926

total test iterations: 103 
average test loss 1.2736
Test Loss mSEL:0.531001,
Test acc:0.505362,
Test Loss mape:0.328340,

Consuming time:26.90 in the epoch: 49
Best test loss is 1.27
---------------*****---------------
