===================configuration===================
learning rate :0.002 
num_mlp_layers : 1
num_layers : 2
gnn input_features : 100
gnn output_features : 64
input of rnn/transformer : 64
hidden_size (out put of rnn/tranformer) : 64
observation hour [7,19]
observation interval : 90
observation threshold : 1800
prediction time : 86400
cascade length [10,100]
model save at : ../model_save/cas2vec/citation1/
====bidirected: True, attention: GAT, gcn_type: self, rnn: gru====
===================configuration===================
len(Y_train), len(Y_valid), len(Y_test): 30582 6554 6554
train: max, min:  11.527966 0.0
val: max, min:  9.287712 0.0
test: max, min:  10.473705 0.0
preparing time:91.22486233711243
total parameters 86025
---------------*****---------------
Starting training the epoch: 0 
total batch: 477.84375 
batch:99 average train loss 2.7579
batch:199 average train loss 2.2018
batch:299 average train loss 1.9480
batch:399 average train loss 1.8292
average train loss 1.7503
Train Consuming time:32.29 in the epoch: 0
total val iterations: 103 
average val loss 1.6344
 Val Loss mSEL:0.780862
 Val acc:0.387868
 Val Loss mape:0.310922

total test iterations: 103 
average test loss 1.6607
Test Loss mSEL:0.773408,
Test acc:0.386642,
Test Loss mape:0.317009,

Consuming time:40.85 in the epoch: 0
Best test loss is 1.66
---------------*****---------------
---------------*****---------------
Starting training the epoch: 1 
total batch: 477.84375 
batch:99 average train loss 1.3547
batch:199 average train loss 1.3957
batch:299 average train loss 1.3985
batch:399 average train loss 1.3917
average train loss 1.3732
Train Consuming time:31.74 in the epoch: 1
total val iterations: 103 
average val loss 1.3424
 Val Loss mSEL:0.605966
 Val acc:0.462010
 Val Loss mape:0.300720

total test iterations: 103 
average test loss 1.3742
Test Loss mSEL:0.595851,
Test acc:0.455270,
Test Loss mape:0.309231,

Consuming time:40.38 in the epoch: 1
Best test loss is 1.37
---------------*****---------------
---------------*****---------------
Starting training the epoch: 2 
total batch: 477.84375 
batch:99 average train loss 1.3302
batch:199 average train loss 1.3791
batch:299 average train loss 1.3634
batch:399 average train loss 1.3563
average train loss 1.3438
Train Consuming time:31.74 in the epoch: 2
total val iterations: 103 
average val loss 1.2674
 Val Loss mSEL:0.562849
 Val acc:0.484528
 Val Loss mape:0.304414

total test iterations: 103 
average test loss 1.3042
Test Loss mSEL:0.557379,
Test acc:0.480392,
Test Loss mape:0.314125,

Consuming time:40.41 in the epoch: 2
Best test loss is 1.30
---------------*****---------------
---------------*****---------------
Starting training the epoch: 3 
total batch: 477.84375 
batch:99 average train loss 1.3656
batch:199 average train loss 1.3761
batch:299 average train loss 1.3517
batch:399 average train loss 1.3550
average train loss 1.3402
Train Consuming time:31.76 in the epoch: 3
total val iterations: 103 
average val loss 1.2404
 Val Loss mSEL:0.543664
 Val acc:0.494332
 Val Loss mape:0.308446

total test iterations: 103 
average test loss 1.2798
Test Loss mSEL:0.540705,
Test acc:0.491268,
Test Loss mape:0.318678,

Consuming time:40.30 in the epoch: 3
Best test loss is 1.28
---------------*****---------------
---------------*****---------------
Starting training the epoch: 4 
total batch: 477.84375 
batch:99 average train loss 1.3252
batch:199 average train loss 1.3376
batch:299 average train loss 1.3383
batch:399 average train loss 1.3355
average train loss 1.3236
Train Consuming time:31.73 in the epoch: 4
total val iterations: 103 
average val loss 1.2212
 Val Loss mSEL:0.525779
 Val acc:0.504442
 Val Loss mape:0.312984

total test iterations: 103 
average test loss 1.2642
Test Loss mSEL:0.527757,
Test acc:0.500460,
Test Loss mape:0.323852,

Consuming time:40.38 in the epoch: 4
Best test loss is 1.26
---------------*****---------------
---------------*****---------------
Starting training the epoch: 5 
total batch: 477.84375 
batch:99 average train loss 1.2774
batch:199 average train loss 1.3166
batch:299 average train loss 1.3140
batch:399 average train loss 1.3207
average train loss 1.3105
Train Consuming time:31.68 in the epoch: 5
total val iterations: 103 
average val loss 1.2388
 Val Loss mSEL:0.535909
 Val acc:0.494332
 Val Loss mape:0.309562

total test iterations: 103 
average test loss 1.2788
Test Loss mSEL:0.541892,
Test acc:0.493260,
Test Loss mape:0.319582,

Consuming time:40.28 in the epoch: 5
Best test loss is 1.26
---------------*****---------------
---------------*****---------------
Starting training the epoch: 6 
total batch: 477.84375 
batch:99 average train loss 1.3112
batch:199 average train loss 1.3326
batch:299 average train loss 1.3322
batch:399 average train loss 1.3316
average train loss 1.3179
Train Consuming time:31.69 in the epoch: 6
total val iterations: 103 
average val loss 1.2183
 Val Loss mSEL:0.525549
 Val acc:0.505821
 Val Loss mape:0.316632

total test iterations: 103 
average test loss 1.2611
Test Loss mSEL:0.524969,
Test acc:0.504289,
Test Loss mape:0.327964,

Consuming time:40.53 in the epoch: 6
Best test loss is 1.26
---------------*****---------------
---------------*****---------------
Starting training the epoch: 7 
total batch: 477.84375 
batch:99 average train loss 1.2726
batch:199 average train loss 1.3045
batch:299 average train loss 1.3107
batch:399 average train loss 1.3162
average train loss 1.3041
Train Consuming time:31.73 in the epoch: 7
total val iterations: 103 
average val loss 1.2178
 Val Loss mSEL:0.524768
 Val acc:0.504289
 Val Loss mape:0.314315

total test iterations: 103 
average test loss 1.2641
Test Loss mSEL:0.526867,
Test acc:0.504442,
Test Loss mape:0.326228,

Consuming time:40.31 in the epoch: 7
Best test loss is 1.26
---------------*****---------------
---------------*****---------------
Starting training the epoch: 8 
total batch: 477.84375 
batch:99 average train loss 1.2667
batch:199 average train loss 1.3066
batch:299 average train loss 1.3043
batch:399 average train loss 1.3097
average train loss 1.2981
Train Consuming time:31.71 in the epoch: 8
total val iterations: 103 
average val loss 1.2154
 Val Loss mSEL:0.519795
 Val acc:0.506127
 Val Loss mape:0.315321

total test iterations: 103 
average test loss 1.2617
Test Loss mSEL:0.527801,
Test acc:0.503523,
Test Loss mape:0.327399,

Consuming time:40.67 in the epoch: 8
Best test loss is 1.26
---------------*****---------------
---------------*****---------------
Starting training the epoch: 9 
total batch: 477.84375 
batch:99 average train loss 1.2697
batch:199 average train loss 1.2969
batch:299 average train loss 1.3005
batch:399 average train loss 1.3067
average train loss 1.2954
Train Consuming time:31.85 in the epoch: 9
total val iterations: 103 
average val loss 1.2125
 Val Loss mSEL:0.518292
 Val acc:0.506740
 Val Loss mape:0.315319

total test iterations: 103 
average test loss 1.2587
Test Loss mSEL:0.520141,
Test acc:0.503217,
Test Loss mape:0.327113,

Consuming time:40.68 in the epoch: 9
Best test loss is 1.26
---------------*****---------------
---------------*****---------------
Starting training the epoch: 10 
total batch: 477.84375 
batch:99 average train loss 1.2834
batch:199 average train loss 1.3029
batch:299 average train loss 1.3041
batch:399 average train loss 1.3113
average train loss 1.2993
Train Consuming time:31.86 in the epoch: 10
total val iterations: 103 
average val loss 1.2134
 Val Loss mSEL:0.524325
 Val acc:0.504289
 Val Loss mape:0.312312

total test iterations: 103 
average test loss 1.2577
Test Loss mSEL:0.518673,
Test acc:0.504596,
Test Loss mape:0.324120,

Consuming time:40.54 in the epoch: 10
Best test loss is 1.26
---------------*****---------------
---------------*****---------------
Starting training the epoch: 11 
total batch: 477.84375 
batch:99 average train loss 1.2878
batch:199 average train loss 1.2987
batch:299 average train loss 1.2977
batch:399 average train loss 1.3044
average train loss 1.2931
Train Consuming time:31.69 in the epoch: 11
total val iterations: 103 
average val loss 1.2146
 Val Loss mSEL:0.525533
 Val acc:0.506127
 Val Loss mape:0.313701

total test iterations: 103 
average test loss 1.2621
Test Loss mSEL:0.519783,
Test acc:0.502451,
Test Loss mape:0.326023,

Consuming time:40.33 in the epoch: 11
Best test loss is 1.26
---------------*****---------------
---------------*****---------------
Starting training the epoch: 12 
total batch: 477.84375 
batch:99 average train loss 1.2776
batch:199 average train loss 1.2953
batch:299 average train loss 1.2922
batch:399 average train loss 1.2980
average train loss 1.2874
Train Consuming time:31.77 in the epoch: 12
total val iterations: 103 
average val loss 1.2153
 Val Loss mSEL:0.520610
 Val acc:0.503217
 Val Loss mape:0.310658

total test iterations: 103 
average test loss 1.2618
Test Loss mSEL:0.529542,
Test acc:0.498928,
Test Loss mape:0.322484,

Consuming time:40.67 in the epoch: 12
Best test loss is 1.26
---------------*****---------------
---------------*****---------------
Starting training the epoch: 13 
total batch: 477.84375 
batch:99 average train loss 1.2763
batch:199 average train loss 1.2927
batch:299 average train loss 1.2918
batch:399 average train loss 1.2989
average train loss 1.2877
Train Consuming time:31.82 in the epoch: 13
total val iterations: 103 
average val loss 1.2127
 Val Loss mSEL:0.522398
 Val acc:0.507659
 Val Loss mape:0.312511

total test iterations: 103 
average test loss 1.2601
Test Loss mSEL:0.522805,
Test acc:0.502757,
Test Loss mape:0.324659,

Consuming time:40.75 in the epoch: 13
Best test loss is 1.26
---------------*****---------------
---------------*****---------------
Starting training the epoch: 14 
total batch: 477.84375 
batch:99 average train loss 1.2776
batch:199 average train loss 1.2898
batch:299 average train loss 1.2863
batch:399 average train loss 1.2948
average train loss 1.2842
Train Consuming time:31.83 in the epoch: 14
total val iterations: 103 
average val loss 1.2220
 Val Loss mSEL:0.521947
 Val acc:0.498162
 Val Loss mape:0.308193

total test iterations: 103 
average test loss 1.2672
Test Loss mSEL:0.538446,
Test acc:0.496630,
Test Loss mape:0.319664,

Consuming time:40.59 in the epoch: 14
Best test loss is 1.26
---------------*****---------------
---------------*****---------------
Starting training the epoch: 15 
total batch: 477.84375 
batch:99 average train loss 1.2763
batch:199 average train loss 1.2894
batch:299 average train loss 1.2881
batch:399 average train loss 1.2949
average train loss 1.2841
Train Consuming time:31.74 in the epoch: 15
total val iterations: 103 
average val loss 1.2196
 Val Loss mSEL:0.518846
 Val acc:0.502911
 Val Loss mape:0.310476

total test iterations: 103 
average test loss 1.2668
Test Loss mSEL:0.537252,
Test acc:0.498009,
Test Loss mape:0.322132,

Consuming time:40.32 in the epoch: 15
Best test loss is 1.26
---------------*****---------------
---------------*****---------------
Starting training the epoch: 16 
total batch: 477.84375 
batch:99 average train loss 1.2846
batch:199 average train loss 1.2904
batch:299 average train loss 1.2907
batch:399 average train loss 1.2963
average train loss 1.2849
Train Consuming time:31.83 in the epoch: 16
total val iterations: 103 
average val loss 1.2223
 Val Loss mSEL:0.520714
 Val acc:0.501379
 Val Loss mape:0.310029

total test iterations: 103 
average test loss 1.2687
Test Loss mSEL:0.533728,
Test acc:0.498775,
Test Loss mape:0.321642,

Consuming time:40.37 in the epoch: 16
Best test loss is 1.26
---------------*****---------------
---------------*****---------------
Starting training the epoch: 17 
total batch: 477.84375 
batch:99 average train loss 1.2729
batch:199 average train loss 1.2885
batch:299 average train loss 1.2863
batch:399 average train loss 1.2928
average train loss 1.2821
Train Consuming time:31.77 in the epoch: 17
total val iterations: 103 
average val loss 1.2252
 Val Loss mSEL:0.525369
 Val acc:0.500153
 Val Loss mape:0.308934

total test iterations: 103 
average test loss 1.2714
Test Loss mSEL:0.538125,
Test acc:0.494792,
Test Loss mape:0.320138,

Consuming time:40.57 in the epoch: 17
Best test loss is 1.26
---------------*****---------------
---------------*****---------------
Starting training the epoch: 18 
total batch: 477.84375 
batch:99 average train loss 1.2763
batch:199 average train loss 1.2874
batch:299 average train loss 1.2854
batch:399 average train loss 1.2930
average train loss 1.2819
Train Consuming time:31.93 in the epoch: 18
total val iterations: 103 
average val loss 1.2258
 Val Loss mSEL:0.528835
 Val acc:0.498775
 Val Loss mape:0.309058

total test iterations: 103 
average test loss 1.2721
Test Loss mSEL:0.540382,
Test acc:0.495251,
Test Loss mape:0.320307,

Consuming time:40.49 in the epoch: 18
Best test loss is 1.26
---------------*****---------------
---------------*****---------------
Starting training the epoch: 19 
total batch: 477.84375 
batch:99 average train loss 1.2709
batch:199 average train loss 1.2809
batch:299 average train loss 1.2818
batch:399 average train loss 1.2899
average train loss 1.2791
Train Consuming time:31.89 in the epoch: 19
total val iterations: 103 
average val loss 1.2288
 Val Loss mSEL:0.529005
 Val acc:0.500306
 Val Loss mape:0.308527

total test iterations: 103 
average test loss 1.2772
Test Loss mSEL:0.541379,
Test acc:0.495711,
Test Loss mape:0.320015,

Consuming time:40.32 in the epoch: 19
Best test loss is 1.26
---------------*****---------------
---------------*****---------------
Starting training the epoch: 20 
total batch: 477.84375 
batch:99 average train loss 1.2563
batch:199 average train loss 1.2610
batch:299 average train loss 1.2589
batch:399 average train loss 1.2629
average train loss 1.2516
Train Consuming time:30.09 in the epoch: 20
total val iterations: 103 
average val loss 1.2112
 Val Loss mSEL:0.519321
 Val acc:0.507812
 Val Loss mape:0.317189

total test iterations: 103 
average test loss 1.2643
Test Loss mSEL:0.527748,
Test acc:0.503523,
Test Loss mape:0.329672,

Consuming time:38.18 in the epoch: 20
Best test loss is 1.26
---------------*****---------------
---------------*****---------------
Starting training the epoch: 21 
total batch: 477.84375 
batch:99 average train loss 1.2451
batch:199 average train loss 1.2534
batch:299 average train loss 1.2527
batch:399 average train loss 1.2578
average train loss 1.2470
Train Consuming time:30.31 in the epoch: 21
total val iterations: 103 
average val loss 1.2099
 Val Loss mSEL:0.518081
 Val acc:0.509344
 Val Loss mape:0.317308

total test iterations: 103 
average test loss 1.2634
Test Loss mSEL:0.525616,
Test acc:0.504749,
Test Loss mape:0.329948,

Consuming time:38.88 in the epoch: 21
Best test loss is 1.26
---------------*****---------------
---------------*****---------------
Starting training the epoch: 22 
total batch: 477.84375 
batch:99 average train loss 1.2434
batch:199 average train loss 1.2519
batch:299 average train loss 1.2514
batch:399 average train loss 1.2566
average train loss 1.2458
Train Consuming time:30.32 in the epoch: 22
total val iterations: 103 
average val loss 1.2089
 Val Loss mSEL:0.518604
 Val acc:0.510417
 Val Loss mape:0.317119

total test iterations: 103 
average test loss 1.2627
Test Loss mSEL:0.525068,
Test acc:0.503830,
Test Loss mape:0.329869,

Consuming time:38.78 in the epoch: 22
Best test loss is 1.26
---------------*****---------------
---------------*****---------------
Starting training the epoch: 23 
total batch: 477.84375 
batch:99 average train loss 1.2422
batch:199 average train loss 1.2512
batch:299 average train loss 1.2509
batch:399 average train loss 1.2561
average train loss 1.2453
Train Consuming time:30.14 in the epoch: 23
total val iterations: 103 
average val loss 1.2082
 Val Loss mSEL:0.519953
 Val acc:0.511183
 Val Loss mape:0.316950

total test iterations: 103 
average test loss 1.2622
Test Loss mSEL:0.522951,
Test acc:0.505055,
Test Loss mape:0.329782,

Consuming time:38.62 in the epoch: 23
Best test loss is 1.26
---------------*****---------------
---------------*****---------------
Starting training the epoch: 24 
total batch: 477.84375 
batch:99 average train loss 1.2410
batch:199 average train loss 1.2504
batch:299 average train loss 1.2501
batch:399 average train loss 1.2552
average train loss 1.2446
Train Consuming time:29.91 in the epoch: 24
total val iterations: 103 
average val loss 1.2077
 Val Loss mSEL:0.521043
 Val acc:0.512102
 Val Loss mape:0.316802

total test iterations: 103 
average test loss 1.2618
Test Loss mSEL:0.522060,
Test acc:0.504289,
Test Loss mape:0.329700,

Consuming time:38.55 in the epoch: 24
Best test loss is 1.26
---------------*****---------------
---------------*****---------------
Starting training the epoch: 25 
total batch: 477.84375 
batch:99 average train loss 1.2409
batch:199 average train loss 1.2502
batch:299 average train loss 1.2500
batch:399 average train loss 1.2552
average train loss 1.2446
Train Consuming time:30.15 in the epoch: 25
total val iterations: 103 
average val loss 1.2073
 Val Loss mSEL:0.522519
 Val acc:0.512714
 Val Loss mape:0.316675

total test iterations: 103 
average test loss 1.2615
Test Loss mSEL:0.523780,
Test acc:0.504289,
Test Loss mape:0.329620,

Consuming time:38.66 in the epoch: 25
Best test loss is 1.26
---------------*****---------------
---------------*****---------------
Starting training the epoch: 26 
total batch: 477.84375 
batch:99 average train loss 1.2401
batch:199 average train loss 1.2501
batch:299 average train loss 1.2499
batch:399 average train loss 1.2549
average train loss 1.2443
Train Consuming time:30.13 in the epoch: 26
total val iterations: 103 
average val loss 1.2070
 Val Loss mSEL:0.521760
 Val acc:0.512408
 Val Loss mape:0.316601

total test iterations: 103 
average test loss 1.2613
Test Loss mSEL:0.521965,
Test acc:0.503830,
Test Loss mape:0.329584,

Consuming time:38.74 in the epoch: 26
Best test loss is 1.26
---------------*****---------------
---------------*****---------------
Starting training the epoch: 27 
total batch: 477.84375 
batch:99 average train loss 1.2398
batch:199 average train loss 1.2497
batch:299 average train loss 1.2495
batch:399 average train loss 1.2546
average train loss 1.2440
Train Consuming time:29.36 in the epoch: 27
total val iterations: 103 
average val loss 1.2068
 Val Loss mSEL:0.520592
 Val acc:0.512255
 Val Loss mape:0.316520

total test iterations: 103 
average test loss 1.2610
Test Loss mSEL:0.520242,
Test acc:0.503064,
Test Loss mape:0.329527,

Consuming time:37.54 in the epoch: 27
Best test loss is 1.26
---------------*****---------------
---------------*****---------------
Starting training the epoch: 28 
total batch: 477.84375 
batch:99 average train loss 1.2393
batch:199 average train loss 1.2493
batch:299 average train loss 1.2491
batch:399 average train loss 1.2542
average train loss 1.2437
Train Consuming time:30.33 in the epoch: 28
total val iterations: 103 
average val loss 1.2066
 Val Loss mSEL:0.519683
 Val acc:0.513021
 Val Loss mape:0.316429

total test iterations: 103 
average test loss 1.2608
Test Loss mSEL:0.519561,
Test acc:0.502911,
Test Loss mape:0.329452,

Consuming time:39.27 in the epoch: 28
Best test loss is 1.26
---------------*****---------------
---------------*****---------------
Starting training the epoch: 29 
total batch: 477.84375 
batch:99 average train loss 1.2390
batch:199 average train loss 1.2491
batch:299 average train loss 1.2490
batch:399 average train loss 1.2541
average train loss 1.2436
Train Consuming time:30.64 in the epoch: 29
total val iterations: 103 
average val loss 1.2064
 Val Loss mSEL:0.520253
 Val acc:0.513787
 Val Loss mape:0.316382

total test iterations: 103 
average test loss 1.2607
Test Loss mSEL:0.520698,
Test acc:0.503217,
Test Loss mape:0.329419,

Consuming time:38.95 in the epoch: 29
Best test loss is 1.26
---------------*****---------------
---------------*****---------------
Starting training the epoch: 30 
total batch: 477.84375 
batch:99 average train loss 1.2384
batch:199 average train loss 1.2488
batch:299 average train loss 1.2489
batch:399 average train loss 1.2540
average train loss 1.2434
Train Consuming time:30.41 in the epoch: 30
total val iterations: 103 
average val loss 1.2063
 Val Loss mSEL:0.520682
 Val acc:0.513174
 Val Loss mape:0.316323

total test iterations: 103 
average test loss 1.2605
Test Loss mSEL:0.521303,
Test acc:0.503830,
Test Loss mape:0.329368,

Consuming time:39.18 in the epoch: 30
Best test loss is 1.26
---------------*****---------------
---------------*****---------------
Starting training the epoch: 31 
total batch: 477.84375 
batch:99 average train loss 1.2384
batch:199 average train loss 1.2486
batch:299 average train loss 1.2487
batch:399 average train loss 1.2537
average train loss 1.2432
Train Consuming time:30.48 in the epoch: 31
total val iterations: 103 
average val loss 1.2062
 Val Loss mSEL:0.520719
 Val acc:0.513174
 Val Loss mape:0.316294

total test iterations: 103 
average test loss 1.2604
Test Loss mSEL:0.521359,
Test acc:0.503523,
Test Loss mape:0.329347,

Consuming time:39.31 in the epoch: 31
Best test loss is 1.26
---------------*****---------------
---------------*****---------------
Starting training the epoch: 32 
total batch: 477.84375 
batch:99 average train loss 1.2384
batch:199 average train loss 1.2486
batch:299 average train loss 1.2487
batch:399 average train loss 1.2538
average train loss 1.2433
Train Consuming time:30.56 in the epoch: 32
total val iterations: 103 
average val loss 1.2061
 Val Loss mSEL:0.520668
 Val acc:0.512714
 Val Loss mape:0.316257

total test iterations: 103 
average test loss 1.2602
Test Loss mSEL:0.521987,
Test acc:0.503064,
Test Loss mape:0.329312,

Consuming time:39.20 in the epoch: 32
Best test loss is 1.26
---------------*****---------------
---------------*****---------------
Starting training the epoch: 33 
total batch: 477.84375 
batch:99 average train loss 1.2385
batch:199 average train loss 1.2485
batch:299 average train loss 1.2487
batch:399 average train loss 1.2537
average train loss 1.2432
Train Consuming time:30.62 in the epoch: 33
total val iterations: 103 
average val loss 1.2060
 Val Loss mSEL:0.520700
 Val acc:0.512714
 Val Loss mape:0.316219

total test iterations: 103 
average test loss 1.2601
Test Loss mSEL:0.522765,
Test acc:0.503217,
Test Loss mape:0.329274,

Consuming time:39.43 in the epoch: 33
Best test loss is 1.26
---------------*****---------------
---------------*****---------------
Starting training the epoch: 34 
total batch: 477.84375 
batch:99 average train loss 1.2388
batch:199 average train loss 1.2488
batch:299 average train loss 1.2487
batch:399 average train loss 1.2537
average train loss 1.2432
Train Consuming time:30.42 in the epoch: 34
total val iterations: 103 
average val loss 1.2059
 Val Loss mSEL:0.520604
 Val acc:0.512714
 Val Loss mape:0.316195

total test iterations: 103 
average test loss 1.2599
Test Loss mSEL:0.522408,
Test acc:0.503064,
Test Loss mape:0.329246,

Consuming time:39.23 in the epoch: 34
Best test loss is 1.26
---------------*****---------------
---------------*****---------------
Starting training the epoch: 35 
total batch: 477.84375 
batch:99 average train loss 1.2382
batch:199 average train loss 1.2485
batch:299 average train loss 1.2484
batch:399 average train loss 1.2535
average train loss 1.2431
Train Consuming time:30.49 in the epoch: 35
total val iterations: 103 
average val loss 1.2058
 Val Loss mSEL:0.521053
 Val acc:0.512255
 Val Loss mape:0.316162

total test iterations: 103 
average test loss 1.2598
Test Loss mSEL:0.522017,
Test acc:0.503064,
Test Loss mape:0.329209,

Consuming time:39.34 in the epoch: 35
Best test loss is 1.26
---------------*****---------------
---------------*****---------------
Starting training the epoch: 36 
total batch: 477.84375 
batch:99 average train loss 1.2379
batch:199 average train loss 1.2481
batch:299 average train loss 1.2484
batch:399 average train loss 1.2535
average train loss 1.2431
Train Consuming time:30.46 in the epoch: 36
total val iterations: 103 
average val loss 1.2058
 Val Loss mSEL:0.520625
 Val acc:0.512255
 Val Loss mape:0.316147

total test iterations: 103 
average test loss 1.2597
Test Loss mSEL:0.521174,
Test acc:0.502911,
Test Loss mape:0.329189,

Consuming time:39.20 in the epoch: 36
Best test loss is 1.26
---------------*****---------------
---------------*****---------------
Starting training the epoch: 37 
total batch: 477.84375 
batch:99 average train loss 1.2380
