===================configuration===================
learning rate :0.001 
num_mlp_layers : 1
num_layers : 2
gnn input_features : 100
gnn output_features : 64
input of rnn/transformer : 64
hidden_size (out put of rnn/tranformer) : 64
observation hour [7,19]
observation interval : 120
observation threshold : 2520
prediction time : 86400
cascade length [10,100]
model save at : ../model_save/cas2vec/citation2/
====bidirected: False, attention: , gcn_type: self, rnn: gru====
===================configuration===================
len(Y_train), len(Y_valid), len(Y_test): 37909 8124 8124
train: max, min:  9.583083 0.0
val: max, min:  11.509775 0.0
test: max, min:  10.903129 0.0
preparing time:125.4033637046814
total parameters 44203
---------------*****---------------
Starting training the epoch: 0 
total batch: 592.328125 
batch:99 average train loss 2.2961
batch:199 average train loss 2.0904
batch:299 average train loss 1.9626
batch:399 average train loss 1.8900
batch:499 average train loss 1.8202
average train loss 1.7777
Train Consuming time:1080.32 in the epoch: 0
total val iterations: 127 
average val loss 1.5653
 Val Loss mSEL:0.683406
 Val acc:0.426959
 Val Loss mape:0.460410

total test iterations: 127 
average test loss 1.6514
Test Loss mSEL:0.683258,
Test acc:0.417907,
Test Loss mape:0.471414,

Consuming time:1552.73 in the epoch: 0
Best test loss is 1.65
---------------*****---------------
---------------*****---------------
Starting training the epoch: 1 
total batch: 592.328125 
batch:99 average train loss 1.5312
batch:199 average train loss 1.5332
batch:299 average train loss 1.5152
batch:399 average train loss 1.5096
batch:499 average train loss 1.4852
average train loss 1.4707
Train Consuming time:36.97 in the epoch: 1
total val iterations: 127 
average val loss 1.4867
 Val Loss mSEL:0.633804
 Val acc:0.439484
 Val Loss mape:0.445526

total test iterations: 127 
average test loss 1.5649
Test Loss mSEL:0.648296,
Test acc:0.428943,
Test Loss mape:0.457369,

Consuming time:49.64 in the epoch: 1
Best test loss is 1.56
---------------*****---------------
---------------*****---------------
Starting training the epoch: 2 
total batch: 592.328125 
batch:99 average train loss 1.4110
batch:199 average train loss 1.4254
batch:299 average train loss 1.4168
batch:399 average train loss 1.4191
batch:499 average train loss 1.4037
average train loss 1.3922
Train Consuming time:37.37 in the epoch: 2
total val iterations: 127 
average val loss 1.4668
 Val Loss mSEL:0.626047
 Val acc:0.438864
 Val Loss mape:0.439417

total test iterations: 127 
average test loss 1.5463
Test Loss mSEL:0.641757,
Test acc:0.430804,
Test Loss mape:0.451751,

Consuming time:50.45 in the epoch: 2
Best test loss is 1.55
---------------*****---------------
---------------*****---------------
Starting training the epoch: 3 
total batch: 592.328125 
batch:99 average train loss 1.3680
batch:199 average train loss 1.3867
batch:299 average train loss 1.3775
batch:399 average train loss 1.3806
batch:499 average train loss 1.3662
average train loss 1.3569
Train Consuming time:37.05 in the epoch: 3
total val iterations: 127 
average val loss 1.4031
 Val Loss mSEL:0.604802
 Val acc:0.441592
 Val Loss mape:0.424900

total test iterations: 127 
average test loss 1.4800
Test Loss mSEL:0.619349,
Test acc:0.435020,
Test Loss mape:0.437208,

Consuming time:49.99 in the epoch: 3
Best test loss is 1.48
---------------*****---------------
---------------*****---------------
Starting training the epoch: 4 
total batch: 592.328125 
batch:99 average train loss 1.3266
batch:199 average train loss 1.3528
batch:299 average train loss 1.3473
batch:399 average train loss 1.3518
batch:499 average train loss 1.3393
average train loss 1.3306
Train Consuming time:36.70 in the epoch: 4
total val iterations: 127 
average val loss 1.3684
 Val Loss mSEL:0.583227
 Val acc:0.442708
 Val Loss mape:0.414147

total test iterations: 127 
average test loss 1.4435
Test Loss mSEL:0.598410,
Test acc:0.435268,
Test Loss mape:0.426047,

Consuming time:49.48 in the epoch: 4
Best test loss is 1.44
---------------*****---------------
---------------*****---------------
Starting training the epoch: 5 
total batch: 592.328125 
batch:99 average train loss 1.3083
batch:199 average train loss 1.3332
batch:299 average train loss 1.3272
batch:399 average train loss 1.3324
batch:499 average train loss 1.3213
average train loss 1.3128
Train Consuming time:37.04 in the epoch: 5
total val iterations: 127 
average val loss 1.3441
 Val Loss mSEL:0.571699
 Val acc:0.446181
 Val Loss mape:0.408570

total test iterations: 127 
average test loss 1.4251
Test Loss mSEL:0.591642,
Test acc:0.439980,
Test Loss mape:0.420905,

Consuming time:49.70 in the epoch: 5
Best test loss is 1.43
---------------*****---------------
---------------*****---------------
Starting training the epoch: 6 
total batch: 592.328125 
batch:99 average train loss 1.2829
batch:199 average train loss 1.3083
batch:299 average train loss 1.3037
batch:399 average train loss 1.3108
batch:499 average train loss 1.3002
average train loss 1.2923
Train Consuming time:37.01 in the epoch: 6
total val iterations: 127 
average val loss 1.3345
 Val Loss mSEL:0.569074
 Val acc:0.445809
 Val Loss mape:0.406482

total test iterations: 127 
average test loss 1.4170
Test Loss mSEL:0.573842,
Test acc:0.441964,
Test Loss mape:0.418826,

Consuming time:49.39 in the epoch: 6
Best test loss is 1.42
---------------*****---------------
---------------*****---------------
Starting training the epoch: 7 
total batch: 592.328125 
batch:99 average train loss 1.2664
batch:199 average train loss 1.2905
batch:299 average train loss 1.2875
batch:399 average train loss 1.2939
batch:499 average train loss 1.2835
average train loss 1.2761
Train Consuming time:36.44 in the epoch: 7
total val iterations: 127 
average val loss 1.3089
 Val Loss mSEL:0.556096
 Val acc:0.446305
 Val Loss mape:0.402312

total test iterations: 127 
average test loss 1.3921
Test Loss mSEL:0.570407,
Test acc:0.444320,
Test Loss mape:0.414904,

Consuming time:48.82 in the epoch: 7
Best test loss is 1.39
---------------*****---------------
---------------*****---------------
Starting training the epoch: 8 
total batch: 592.328125 
batch:99 average train loss 1.2551
batch:199 average train loss 1.2789
batch:299 average train loss 1.2771
batch:399 average train loss 1.2830
batch:499 average train loss 1.2722
average train loss 1.2647
Train Consuming time:36.05 in the epoch: 8
total val iterations: 127 
average val loss 1.3038
 Val Loss mSEL:0.556376
 Val acc:0.450149
 Val Loss mape:0.402094

total test iterations: 127 
average test loss 1.3861
Test Loss mSEL:0.569834,
Test acc:0.444816,
Test Loss mape:0.414316,

Consuming time:48.26 in the epoch: 8
Best test loss is 1.39
---------------*****---------------
---------------*****---------------
Starting training the epoch: 9 
total batch: 592.328125 
batch:99 average train loss 1.2423
batch:199 average train loss 1.2673
batch:299 average train loss 1.2664
batch:399 average train loss 1.2740
batch:499 average train loss 1.2628
average train loss 1.2559
Train Consuming time:36.23 in the epoch: 9
total val iterations: 127 
average val loss 1.2850
 Val Loss mSEL:0.541785
 Val acc:0.457713
 Val Loss mape:0.398962

total test iterations: 127 
average test loss 1.3677
Test Loss mSEL:0.559246,
Test acc:0.448289,
Test Loss mape:0.411147,

Consuming time:48.49 in the epoch: 9
Best test loss is 1.37
---------------*****---------------
---------------*****---------------
Starting training the epoch: 10 
total batch: 592.328125 
batch:99 average train loss 1.2279
batch:199 average train loss 1.2522
batch:299 average train loss 1.2493
batch:399 average train loss 1.2568
batch:499 average train loss 1.2465
average train loss 1.2404
Train Consuming time:36.32 in the epoch: 10
total val iterations: 127 
average val loss 1.2838
 Val Loss mSEL:0.539189
 Val acc:0.455977
 Val Loss mape:0.396853

total test iterations: 127 
average test loss 1.3622
Test Loss mSEL:0.557743,
Test acc:0.445312,
Test Loss mape:0.408047,

Consuming time:48.83 in the epoch: 10
Best test loss is 1.36
---------------*****---------------
---------------*****---------------
Starting training the epoch: 11 
total batch: 592.328125 
batch:99 average train loss 1.2167
batch:199 average train loss 1.2423
batch:299 average train loss 1.2396
batch:399 average train loss 1.2463
batch:499 average train loss 1.2366
average train loss 1.2308
Train Consuming time:36.41 in the epoch: 11
total val iterations: 127 
average val loss 1.2716
 Val Loss mSEL:0.535468
 Val acc:0.456969
 Val Loss mape:0.393376

total test iterations: 127 
average test loss 1.3469
Test Loss mSEL:0.546314,
Test acc:0.448413,
Test Loss mape:0.404026,

Consuming time:48.80 in the epoch: 11
Best test loss is 1.35
---------------*****---------------
---------------*****---------------
Starting training the epoch: 12 
total batch: 592.328125 
batch:99 average train loss 1.2092
batch:199 average train loss 1.2331
batch:299 average train loss 1.2315
batch:399 average train loss 1.2386
batch:499 average train loss 1.2287
average train loss 1.2237
Train Consuming time:36.28 in the epoch: 12
total val iterations: 127 
average val loss 1.2496
 Val Loss mSEL:0.534040
 Val acc:0.457589
 Val Loss mape:0.388222

total test iterations: 127 
average test loss 1.3279
Test Loss mSEL:0.536385,
Test acc:0.451265,
Test Loss mape:0.399251,

Consuming time:47.22 in the epoch: 12
Best test loss is 1.33
---------------*****---------------
---------------*****---------------
Starting training the epoch: 13 
total batch: 592.328125 
batch:99 average train loss 1.2000
batch:199 average train loss 1.2268
batch:299 average train loss 1.2245
batch:399 average train loss 1.2313
batch:499 average train loss 1.2219
average train loss 1.2165
Train Consuming time:36.21 in the epoch: 13
total val iterations: 127 
average val loss 1.2429
 Val Loss mSEL:0.531734
 Val acc:0.460565
 Val Loss mape:0.384657

total test iterations: 127 
average test loss 1.3187
Test Loss mSEL:0.534417,
Test acc:0.451265,
Test Loss mape:0.395431,

Consuming time:48.92 in the epoch: 13
Best test loss is 1.32
---------------*****---------------
---------------*****---------------
Starting training the epoch: 14 
total batch: 592.328125 
batch:99 average train loss 1.1917
batch:199 average train loss 1.2188
batch:299 average train loss 1.2177
batch:399 average train loss 1.2254
batch:499 average train loss 1.2163
average train loss 1.2109
Train Consuming time:36.91 in the epoch: 14
total val iterations: 127 
average val loss 1.2484
 Val Loss mSEL:0.531709
 Val acc:0.459325
 Val Loss mape:0.385011

total test iterations: 127 
average test loss 1.3224
Test Loss mSEL:0.538760,
Test acc:0.449653,
Test Loss mape:0.395806,

Consuming time:49.71 in the epoch: 14
Best test loss is 1.32
---------------*****---------------
---------------*****---------------
Starting training the epoch: 15 
total batch: 592.328125 
batch:99 average train loss 1.1884
batch:199 average train loss 1.2164
batch:299 average train loss 1.2153
batch:399 average train loss 1.2224
batch:499 average train loss 1.2133
average train loss 1.2083
Train Consuming time:36.75 in the epoch: 15
total val iterations: 127 
average val loss 1.2448
 Val Loss mSEL:0.538620
 Val acc:0.458209
 Val Loss mape:0.383164

total test iterations: 127 
average test loss 1.3186
Test Loss mSEL:0.531059,
Test acc:0.451265,
Test Loss mape:0.393899,

Consuming time:49.59 in the epoch: 15
Best test loss is 1.32
---------------*****---------------
---------------*****---------------
Starting training the epoch: 16 
total batch: 592.328125 
batch:99 average train loss 1.1858
batch:199 average train loss 1.2124
batch:299 average train loss 1.2105
batch:399 average train loss 1.2178
batch:499 average train loss 1.2084
average train loss 1.2032
Train Consuming time:36.81 in the epoch: 16
total val iterations: 127 
average val loss 1.2260
 Val Loss mSEL:0.536156
 Val acc:0.458953
 Val Loss mape:0.377688

total test iterations: 127 
average test loss 1.2972
Test Loss mSEL:0.527846,
Test acc:0.451265,
Test Loss mape:0.388086,

Consuming time:49.56 in the epoch: 16
Best test loss is 1.30
---------------*****---------------
---------------*****---------------
Starting training the epoch: 17 
total batch: 592.328125 
batch:99 average train loss 1.1810
batch:199 average train loss 1.2079
batch:299 average train loss 1.2071
batch:399 average train loss 1.2143
batch:499 average train loss 1.2049
average train loss 1.1996
Train Consuming time:36.82 in the epoch: 17
total val iterations: 127 
average val loss 1.2363
 Val Loss mSEL:0.537440
 Val acc:0.459325
 Val Loss mape:0.379372

total test iterations: 127 
average test loss 1.3082
Test Loss mSEL:0.534223,
Test acc:0.445685,
Test Loss mape:0.390064,

Consuming time:49.64 in the epoch: 17
Best test loss is 1.30
---------------*****---------------
---------------*****---------------
Starting training the epoch: 18 
total batch: 592.328125 
batch:99 average train loss 1.1766
batch:199 average train loss 1.2064
batch:299 average train loss 1.2053
batch:399 average train loss 1.2127
batch:499 average train loss 1.2035
average train loss 1.1978
Train Consuming time:36.79 in the epoch: 18
total val iterations: 127 
average val loss 1.2312
 Val Loss mSEL:0.529247
 Val acc:0.461062
 Val Loss mape:0.379268

total test iterations: 127 
average test loss 1.3029
Test Loss mSEL:0.537543,
Test acc:0.448289,
Test Loss mape:0.389978,

Consuming time:49.59 in the epoch: 18
Best test loss is 1.30
---------------*****---------------
---------------*****---------------
Starting training the epoch: 19 
total batch: 592.328125 
batch:99 average train loss 1.1740
batch:199 average train loss 1.2018
batch:299 average train loss 1.2014
batch:399 average train loss 1.2088
batch:499 average train loss 1.1986
average train loss 1.1934
Train Consuming time:36.89 in the epoch: 19
total val iterations: 127 
average val loss 1.2471
 Val Loss mSEL:0.543060
 Val acc:0.455357
 Val Loss mape:0.380547

total test iterations: 127 
average test loss 1.3162
Test Loss mSEL:0.538615,
Test acc:0.447049,
Test Loss mape:0.390754,

Consuming time:49.42 in the epoch: 19
Best test loss is 1.30
---------------*****---------------
---------------*****---------------
Starting training the epoch: 20 
total batch: 592.328125 
batch:99 average train loss 1.1980
batch:199 average train loss 1.2092
batch:299 average train loss 1.1990
batch:399 average train loss 1.1993
batch:499 average train loss 1.1868
average train loss 1.1749
Train Consuming time:36.38 in the epoch: 20
total val iterations: 127 
average val loss 1.1782
 Val Loss mSEL:0.507236
 Val acc:0.456101
 Val Loss mape:0.352297

total test iterations: 127 
average test loss 1.2457
Test Loss mSEL:0.527307,
Test acc:0.447545,
Test Loss mape:0.362379,

Consuming time:49.14 in the epoch: 20
Best test loss is 1.25
---------------*****---------------
---------------*****---------------
Starting training the epoch: 21 
total batch: 592.328125 
batch:99 average train loss 1.1485
batch:199 average train loss 1.1758
batch:299 average train loss 1.1728
batch:399 average train loss 1.1777
batch:499 average train loss 1.1683
average train loss 1.1590
Train Consuming time:36.49 in the epoch: 21
total val iterations: 127 
average val loss 1.1741
 Val Loss mSEL:0.506454
 Val acc:0.456597
 Val Loss mape:0.351591

total test iterations: 127 
average test loss 1.2418
Test Loss mSEL:0.529758,
Test acc:0.448041,
Test Loss mape:0.361862,

Consuming time:49.36 in the epoch: 21
Best test loss is 1.24
---------------*****---------------
---------------*****---------------
Starting training the epoch: 22 
total batch: 592.328125 
batch:99 average train loss 1.1451
batch:199 average train loss 1.1734
batch:299 average train loss 1.1704
batch:399 average train loss 1.1754
batch:499 average train loss 1.1660
average train loss 1.1568
Train Consuming time:36.60 in the epoch: 22
total val iterations: 127 
average val loss 1.1723
 Val Loss mSEL:0.508390
 Val acc:0.455853
 Val Loss mape:0.352044

total test iterations: 127 
average test loss 1.2404
Test Loss mSEL:0.529301,
Test acc:0.448661,
Test Loss mape:0.362450,

Consuming time:49.23 in the epoch: 22
Best test loss is 1.24
---------------*****---------------
---------------*****---------------
Starting training the epoch: 23 
total batch: 592.328125 
batch:99 average train loss 1.1436
batch:199 average train loss 1.1723
batch:299 average train loss 1.1692
batch:399 average train loss 1.1742
batch:499 average train loss 1.1647
average train loss 1.1556
Train Consuming time:35.03 in the epoch: 23
total val iterations: 127 
average val loss 1.1712
 Val Loss mSEL:0.507595
 Val acc:0.456349
 Val Loss mape:0.352281

total test iterations: 127 
average test loss 1.2395
Test Loss mSEL:0.529427,
Test acc:0.449281,
Test Loss mape:0.362781,

Consuming time:47.91 in the epoch: 23
Best test loss is 1.24
---------------*****---------------
---------------*****---------------
Starting training the epoch: 24 
total batch: 592.328125 
batch:99 average train loss 1.1426
batch:199 average train loss 1.1715
batch:299 average train loss 1.1683
batch:399 average train loss 1.1733
batch:499 average train loss 1.1639
average train loss 1.1548
Train Consuming time:36.61 in the epoch: 24
total val iterations: 127 
average val loss 1.1705
 Val Loss mSEL:0.506221
 Val acc:0.456597
 Val Loss mape:0.352365

total test iterations: 127 
average test loss 1.2390
Test Loss mSEL:0.527154,
Test acc:0.449405,
Test Loss mape:0.362929,

Consuming time:49.24 in the epoch: 24
Best test loss is 1.24
---------------*****---------------
---------------*****---------------
Starting training the epoch: 25 
total batch: 592.328125 
batch:99 average train loss 1.1418
batch:199 average train loss 1.1708
batch:299 average train loss 1.1676
batch:399 average train loss 1.1726
batch:499 average train loss 1.1632
average train loss 1.1541
Train Consuming time:36.53 in the epoch: 25
total val iterations: 127 
average val loss 1.1699
 Val Loss mSEL:0.505846
 Val acc:0.456597
 Val Loss mape:0.352358

total test iterations: 127 
average test loss 1.2386
Test Loss mSEL:0.526412,
Test acc:0.449529,
Test Loss mape:0.362971,

Consuming time:49.28 in the epoch: 25
Best test loss is 1.24
---------------*****---------------
---------------*****---------------
Starting training the epoch: 26 
total batch: 592.328125 
batch:99 average train loss 1.1411
batch:199 average train loss 1.1702
batch:299 average train loss 1.1670
batch:399 average train loss 1.1720
batch:499 average train loss 1.1625
average train loss 1.1534
Train Consuming time:36.04 in the epoch: 26
total val iterations: 127 
average val loss 1.1694
 Val Loss mSEL:0.504479
 Val acc:0.456721
 Val Loss mape:0.352308

total test iterations: 127 
average test loss 1.2382
Test Loss mSEL:0.526972,
Test acc:0.449281,
Test Loss mape:0.362962,

Consuming time:48.63 in the epoch: 26
Best test loss is 1.24
---------------*****---------------
---------------*****---------------
Starting training the epoch: 27 
total batch: 592.328125 
batch:99 average train loss 1.1406
batch:199 average train loss 1.1697
batch:299 average train loss 1.1665
batch:399 average train loss 1.1715
batch:499 average train loss 1.1620
average train loss 1.1529
Train Consuming time:36.60 in the epoch: 27
total val iterations: 127 
average val loss 1.1690
 Val Loss mSEL:0.505853
 Val acc:0.456597
 Val Loss mape:0.352249

total test iterations: 127 
average test loss 1.2379
Test Loss mSEL:0.525966,
Test acc:0.449157,
Test Loss mape:0.362936,

Consuming time:49.27 in the epoch: 27
Best test loss is 1.24
---------------*****---------------
---------------*****---------------
Starting training the epoch: 28 
total batch: 592.328125 
batch:99 average train loss 1.1401
batch:199 average train loss 1.1692
batch:299 average train loss 1.1660
batch:399 average train loss 1.1710
batch:499 average train loss 1.1615
average train loss 1.1524
Train Consuming time:35.98 in the epoch: 28
total val iterations: 127 
average val loss 1.1686
 Val Loss mSEL:0.506267
 Val acc:0.456969
 Val Loss mape:0.352179

total test iterations: 127 
average test loss 1.2376
Test Loss mSEL:0.525420,
Test acc:0.448909,
Test Loss mape:0.362893,

Consuming time:48.64 in the epoch: 28
Best test loss is 1.24
---------------*****---------------
---------------*****---------------
Starting training the epoch: 29 
total batch: 592.328125 
batch:99 average train loss 1.1396
batch:199 average train loss 1.1687
batch:299 average train loss 1.1656
batch:399 average train loss 1.1706
batch:499 average train loss 1.1611
average train loss 1.1519
Train Consuming time:36.51 in the epoch: 29
total val iterations: 127 
average val loss 1.1683
 Val Loss mSEL:0.504447
 Val acc:0.456349
 Val Loss mape:0.352110

total test iterations: 127 
average test loss 1.2374
Test Loss mSEL:0.525339,
Test acc:0.448661,
Test Loss mape:0.362849,

Consuming time:49.07 in the epoch: 29
Best test loss is 1.24
---------------*****---------------
---------------*****---------------
Starting training the epoch: 30 
total batch: 592.328125 
batch:99 average train loss 1.1392
batch:199 average train loss 1.1683
batch:299 average train loss 1.1652
batch:399 average train loss 1.1702
batch:499 average train loss 1.1606
average train loss 1.1515
Train Consuming time:36.53 in the epoch: 30
total val iterations: 127 
average val loss 1.1680
 Val Loss mSEL:0.505278
 Val acc:0.456349
 Val Loss mape:0.352034

total test iterations: 127 
average test loss 1.2372
Test Loss mSEL:0.525695,
Test acc:0.449157,
Test Loss mape:0.362796,

Consuming time:49.38 in the epoch: 30
Best test loss is 1.24
---------------*****---------------
---------------*****---------------
Starting training the epoch: 31 
total batch: 592.328125 
batch:99 average train loss 1.1388
batch:199 average train loss 1.1679
batch:299 average train loss 1.1648
batch:399 average train loss 1.1698
batch:499 average train loss 1.1602
average train loss 1.1511
Train Consuming time:35.03 in the epoch: 31
total val iterations: 127 
average val loss 1.1677
 Val Loss mSEL:0.508553
 Val acc:0.456101
 Val Loss mape:0.351967

total test iterations: 127 
average test loss 1.2370
Test Loss mSEL:0.525450,
Test acc:0.449405,
Test Loss mape:0.362750,

Consuming time:47.69 in the epoch: 31
Best test loss is 1.24
---------------*****---------------
---------------*****---------------
Starting training the epoch: 32 
total batch: 592.328125 
batch:99 average train loss 1.1384
batch:199 average train loss 1.1675
batch:299 average train loss 1.1645
batch:399 average train loss 1.1694
batch:499 average train loss 1.1599
average train loss 1.1508
Train Consuming time:36.65 in the epoch: 32
total val iterations: 127 
average val loss 1.1674
 Val Loss mSEL:0.507769
 Val acc:0.455481
 Val Loss mape:0.351905

total test iterations: 127 
average test loss 1.2368
Test Loss mSEL:0.526413,
Test acc:0.449777,
Test Loss mape:0.362707,

Consuming time:48.80 in the epoch: 32
Best test loss is 1.24
---------------*****---------------
---------------*****---------------
Starting training the epoch: 33 
total batch: 592.328125 
batch:99 average train loss 1.1381
batch:199 average train loss 1.1672
batch:299 average train loss 1.1641
batch:399 average train loss 1.1691
batch:499 average train loss 1.1595
average train loss 1.1504
Train Consuming time:36.18 in the epoch: 33
total val iterations: 127 
average val loss 1.1672
 Val Loss mSEL:0.507968
 Val acc:0.455729
 Val Loss mape:0.351851

total test iterations: 127 
average test loss 1.2366
Test Loss mSEL:0.526766,
Test acc:0.450273,
Test Loss mape:0.362671,

Consuming time:48.48 in the epoch: 33
Best test loss is 1.24
---------------*****---------------
---------------*****---------------
Starting training the epoch: 34 
total batch: 592.328125 
batch:99 average train loss 1.1377
batch:199 average train loss 1.1668
batch:299 average train loss 1.1638
batch:399 average train loss 1.1687
batch:499 average train loss 1.1592
average train loss 1.1501
Train Consuming time:36.15 in the epoch: 34
total val iterations: 127 
average val loss 1.1670
 Val Loss mSEL:0.507301
 Val acc:0.455481
 Val Loss mape:0.351801

total test iterations: 127 
average test loss 1.2364
Test Loss mSEL:0.527226,
Test acc:0.450149,
Test Loss mape:0.362638,

Consuming time:48.47 in the epoch: 34
Best test loss is 1.24
---------------*****---------------
---------------*****---------------
Starting training the epoch: 35 
total batch: 592.328125 
batch:99 average train loss 1.1374
batch:199 average train loss 1.1665
batch:299 average train loss 1.1634
batch:399 average train loss 1.1684
batch:499 average train loss 1.1588
average train loss 1.1498
Train Consuming time:36.22 in the epoch: 35
total val iterations: 127 
average val loss 1.1668
 Val Loss mSEL:0.506950
 Val acc:0.455481
 Val Loss mape:0.351753

total test iterations: 127 
average test loss 1.2363
Test Loss mSEL:0.527846,
Test acc:0.450149,
Test Loss mape:0.362608,

Consuming time:48.59 in the epoch: 35
Best test loss is 1.24
---------------*****---------------
---------------*****---------------
Starting training the epoch: 36 
total batch: 592.328125 
batch:99 average train loss 1.1371
batch:199 average train loss 1.1661
batch:299 average train loss 1.1631
batch:399 average train loss 1.1681
batch:499 average train loss 1.1585
average train loss 1.1495
Train Consuming time:36.22 in the epoch: 36
total val iterations: 127 
average val loss 1.1666
 Val Loss mSEL:0.506398
 Val acc:0.455853
 Val Loss mape:0.351706

total test iterations: 127 
average test loss 1.2361
Test Loss mSEL:0.529930,
Test acc:0.450521,
Test Loss mape:0.362578,

Consuming time:48.75 in the epoch: 36
Best test loss is 1.24
---------------*****---------------
---------------*****---------------
Starting training the epoch: 37 
total batch: 592.328125 
batch:99 average train loss 1.1368
batch:199 average train loss 1.1658
batch:299 average train loss 1.1628
batch:399 average train loss 1.1678
batch:499 average train loss 1.1582
average train loss 1.1492
Train Consuming time:36.30 in the epoch: 37
total val iterations: 127 
average val loss 1.1664
 Val Loss mSEL:0.505986
 Val acc:0.455977
 Val Loss mape:0.351656

total test iterations: 127 
average test loss 1.2360
Test Loss mSEL:0.529979,
Test acc:0.451141,
Test Loss mape:0.362544,

Consuming time:48.78 in the epoch: 37
Best test loss is 1.24
---------------*****---------------
---------------*****---------------
Starting training the epoch: 38 
total batch: 592.328125 
batch:99 average train loss 1.1366
batch:199 average train loss 1.1655
batch:299 average train loss 1.1625
batch:399 average train loss 1.1675
batch:499 average train loss 1.1580
average train loss 1.1489
Train Consuming time:36.28 in the epoch: 38
total val iterations: 127 
average val loss 1.1662
 Val Loss mSEL:0.506136
 Val acc:0.456101
 Val Loss mape:0.351612

total test iterations: 127 
average test loss 1.2359
Test Loss mSEL:0.528922,
Test acc:0.450893,
Test Loss mape:0.362517,

Consuming time:46.91 in the epoch: 38
Best test loss is 1.24
---------------*****---------------
---------------*****---------------
Starting training the epoch: 39 
total batch: 592.328125 
batch:99 average train loss 1.1363
batch:199 average train loss 1.1653
batch:299 average train loss 1.1623
batch:399 average train loss 1.1672
batch:499 average train loss 1.1577
average train loss 1.1486
Train Consuming time:36.85 in the epoch: 39
total val iterations: 127 
average val loss 1.1660
 Val Loss mSEL:0.504989
 Val acc:0.455729
 Val Loss mape:0.351567

total test iterations: 127 
average test loss 1.2358
Test Loss mSEL:0.527962,
Test acc:0.450893,
Test Loss mape:0.362489,

Consuming time:49.56 in the epoch: 39
Best test loss is 1.24
---------------*****---------------
---------------*****---------------
Starting training the epoch: 40 
total batch: 592.328125 
batch:99 average train loss 1.1360
batch:199 average train loss 1.1650
batch:299 average train loss 1.1620
batch:399 average train loss 1.1669
batch:499 average train loss 1.1574
average train loss 1.1484
Train Consuming time:36.86 in the epoch: 40
total val iterations: 127 
average val loss 1.1658
 Val Loss mSEL:0.504180
 Val acc:0.455481
 Val Loss mape:0.351521

total test iterations: 127 
average test loss 1.2356
Test Loss mSEL:0.527417,
Test acc:0.450521,
Test Loss mape:0.362460,

Consuming time:49.74 in the epoch: 40
Best test loss is 1.24
---------------*****---------------
---------------*****---------------
Starting training the epoch: 41 
total batch: 592.328125 
batch:99 average train loss 1.1358
batch:199 average train loss 1.1647
batch:299 average train loss 1.1617
batch:399 average train loss 1.1667
batch:499 average train loss 1.1572
average train loss 1.1481
Train Consuming time:36.80 in the epoch: 41
total val iterations: 127 
average val loss 1.1656
 Val Loss mSEL:0.503651
 Val acc:0.455357
 Val Loss mape:0.351473

total test iterations: 127 
average test loss 1.2355
Test Loss mSEL:0.527554,
Test acc:0.450645,
Test Loss mape:0.362430,

Consuming time:49.54 in the epoch: 41
Best test loss is 1.24
---------------*****---------------
---------------*****---------------
Starting training the epoch: 42 
total batch: 592.328125 
batch:99 average train loss 1.1356
batch:199 average train loss 1.1644
batch:299 average train loss 1.1614
batch:399 average train loss 1.1664
batch:499 average train loss 1.1569
average train loss 1.1479
Train Consuming time:36.73 in the epoch: 42
total val iterations: 127 
average val loss 1.1655
 Val Loss mSEL:0.503800
 Val acc:0.455109
 Val Loss mape:0.351436

total test iterations: 127 
average test loss 1.2354
Test Loss mSEL:0.526601,
Test acc:0.450397,
Test Loss mape:0.362408,

Consuming time:49.40 in the epoch: 42
Best test loss is 1.24
---------------*****---------------
---------------*****---------------
Starting training the epoch: 43 
total batch: 592.328125 
batch:99 average train loss 1.1353
batch:199 average train loss 1.1642
batch:299 average train loss 1.1612
batch:399 average train loss 1.1662
batch:499 average train loss 1.1567
average train loss 1.1477
Train Consuming time:36.88 in the epoch: 43
total val iterations: 127 
average val loss 1.1653
 Val Loss mSEL:0.503399
 Val acc:0.455109
 Val Loss mape:0.351397

total test iterations: 127 
average test loss 1.2353
Test Loss mSEL:0.525981,
Test acc:0.450645,
Test Loss mape:0.362384,

Consuming time:49.54 in the epoch: 43
Best test loss is 1.24
---------------*****---------------
---------------*****---------------
Starting training the epoch: 44 
total batch: 592.328125 
batch:99 average train loss 1.1351
batch:199 average train loss 1.1639
batch:299 average train loss 1.1610
batch:399 average train loss 1.1659
batch:499 average train loss 1.1564
average train loss 1.1475
Train Consuming time:36.77 in the epoch: 44
total val iterations: 127 
average val loss 1.1652
 Val Loss mSEL:0.503806
 Val acc:0.455357
 Val Loss mape:0.351358

total test iterations: 127 
average test loss 1.2352
Test Loss mSEL:0.525488,
Test acc:0.451513,
Test Loss mape:0.362360,

Consuming time:49.63 in the epoch: 44
Best test loss is 1.24
---------------*****---------------
---------------*****---------------
Starting training the epoch: 45 
total batch: 592.328125 
batch:99 average train loss 1.1349
batch:199 average train loss 1.1637
batch:299 average train loss 1.1607
batch:399 average train loss 1.1657
batch:499 average train loss 1.1562
average train loss 1.1473
Train Consuming time:36.81 in the epoch: 45
total val iterations: 127 
average val loss 1.1651
 Val Loss mSEL:0.503235
 Val acc:0.455481
 Val Loss mape:0.351337

total test iterations: 127 
average test loss 1.2351
Test Loss mSEL:0.524814,
Test acc:0.451017,
Test Loss mape:0.362353,

Consuming time:49.43 in the epoch: 45
Best test loss is 1.24
---------------*****---------------
---------------*****---------------
Starting training the epoch: 46 
total batch: 592.328125 
batch:99 average train loss 1.1347
batch:199 average train loss 1.1635
batch:299 average train loss 1.1605
batch:399 average train loss 1.1655
batch:499 average train loss 1.1560
average train loss 1.1471
Train Consuming time:36.70 in the epoch: 46
total val iterations: 127 
average val loss 1.1649
 Val Loss mSEL:0.502243
 Val acc:0.455853
 Val Loss mape:0.351296

total test iterations: 127 
average test loss 1.2351
Test Loss mSEL:0.525836,
Test acc:0.450645,
Test Loss mape:0.362326,

Consuming time:49.56 in the epoch: 46
Best test loss is 1.24
---------------*****---------------
---------------*****---------------
Starting training the epoch: 47 
total batch: 592.328125 
batch:99 average train loss 1.1345
batch:199 average train loss 1.1633
batch:299 average train loss 1.1603
batch:399 average train loss 1.1653
batch:499 average train loss 1.1558
average train loss 1.1469
Train Consuming time:36.78 in the epoch: 47
total val iterations: 127 
average val loss 1.1648
 Val Loss mSEL:0.501880
 Val acc:0.455853
 Val Loss mape:0.351264

total test iterations: 127 
average test loss 1.2350
Test Loss mSEL:0.526583,
Test acc:0.450397,
Test Loss mape:0.362305,

Consuming time:49.48 in the epoch: 47
Best test loss is 1.23
---------------*****---------------
---------------*****---------------
Starting training the epoch: 48 
total batch: 592.328125 
batch:99 average train loss 1.1343
batch:199 average train loss 1.1631
batch:299 average train loss 1.1601
batch:399 average train loss 1.1650
batch:499 average train loss 1.1556
average train loss 1.1467
Train Consuming time:36.88 in the epoch: 48
total val iterations: 127 
average val loss 1.1647
 Val Loss mSEL:0.502376
 Val acc:0.456101
 Val Loss mape:0.351230

total test iterations: 127 
average test loss 1.2349
Test Loss mSEL:0.526183,
Test acc:0.450521,
Test Loss mape:0.362283,

Consuming time:49.59 in the epoch: 48
Best test loss is 1.23
---------------*****---------------
---------------*****---------------
Starting training the epoch: 49 
total batch: 592.328125 
batch:99 average train loss 1.1341
batch:199 average train loss 1.1629
batch:299 average train loss 1.1599
batch:399 average train loss 1.1648
batch:499 average train loss 1.1554
average train loss 1.1465
Train Consuming time:36.64 in the epoch: 49
total val iterations: 127 
average val loss 1.1646
 Val Loss mSEL:0.503674
 Val acc:0.455853
 Val Loss mape:0.351197

total test iterations: 127 
average test loss 1.2348
Test Loss mSEL:0.525233,
Test acc:0.450645,
Test Loss mape:0.362262,

Consuming time:49.38 in the epoch: 49
Best test loss is 1.23
---------------*****---------------
