===================configuration===================
learning rate :0.001 
num_mlp_layers : 1
num_layers : 2
gnn input_features : 100
gnn output_features : 64
input of rnn/transformer : 64
hidden_size (out put of rnn/tranformer) : 64
observation hour [7,19]
observation interval : 120
observation threshold : 2520
prediction time : 86400
cascade length [10,100]
model save at : ../model_save/cas2vec/citation2/
====bidirected: True, attention: GAT, gcn_type: self, rnn: gru====
===================configuration===================
len(Y_train), len(Y_valid), len(Y_test): 37909 8124 8124
train: max, min:  9.583083 0.0
val: max, min:  11.509775 0.0
test: max, min:  10.903129 0.0
preparing time:96.74342179298401
total parameters 86027
---------------*****---------------
Starting training the epoch: 0 
total batch: 592.328125 
batch:99 average train loss 2.2403
batch:199 average train loss 1.8810
batch:299 average train loss 1.7246
batch:399 average train loss 1.6479
batch:499 average train loss 1.5846
average train loss 1.5403
Train Consuming time:849.01 in the epoch: 0
total val iterations: 127 
average val loss 1.2600
 Val Loss mSEL:0.543163
 Val acc:0.454985
 Val Loss mape:0.393560

total test iterations: 127 
average test loss 1.3287
Test Loss mSEL:0.561117,
Test acc:0.442584,
Test Loss mape:0.403411,

Consuming time:1195.74 in the epoch: 0
Best test loss is 1.33
---------------*****---------------
---------------*****---------------
Starting training the epoch: 1 
total batch: 592.328125 
batch:99 average train loss 1.3018
batch:199 average train loss 1.3152
batch:299 average train loss 1.3043
batch:399 average train loss 1.3064
batch:499 average train loss 1.2928
average train loss 1.2839
Train Consuming time:53.03 in the epoch: 1
total val iterations: 127 
average val loss 1.2301
 Val Loss mSEL:0.525149
 Val acc:0.458581
 Val Loss mape:0.384945

total test iterations: 127 
average test loss 1.2931
Test Loss mSEL:0.534813,
Test acc:0.452133,
Test Loss mape:0.393872,

Consuming time:68.35 in the epoch: 1
Best test loss is 1.29
---------------*****---------------
---------------*****---------------
Starting training the epoch: 2 
total batch: 592.328125 
batch:99 average train loss 1.2462
batch:199 average train loss 1.2616
batch:299 average train loss 1.2520
batch:399 average train loss 1.2573
batch:499 average train loss 1.2480
average train loss 1.2401
Train Consuming time:54.73 in the epoch: 2
total val iterations: 127 
average val loss 1.1897
 Val Loss mSEL:0.515582
 Val acc:0.465650
 Val Loss mape:0.373949

total test iterations: 127 
average test loss 1.2515
Test Loss mSEL:0.532607,
Test acc:0.453621,
Test Loss mape:0.382802,

Consuming time:69.46 in the epoch: 2
Best test loss is 1.25
---------------*****---------------
---------------*****---------------
Starting training the epoch: 3 
total batch: 592.328125 
batch:99 average train loss 1.2195
batch:199 average train loss 1.2352
batch:299 average train loss 1.2299
batch:399 average train loss 1.2362
batch:499 average train loss 1.2277
average train loss 1.2219
Train Consuming time:53.43 in the epoch: 3
total val iterations: 127 
average val loss 1.1734
 Val Loss mSEL:0.508794
 Val acc:0.459697
 Val Loss mape:0.364141

total test iterations: 127 
average test loss 1.2346
Test Loss mSEL:0.520478,
Test acc:0.453249,
Test Loss mape:0.372783,

Consuming time:68.06 in the epoch: 3
Best test loss is 1.23
---------------*****---------------
---------------*****---------------
Starting training the epoch: 4 
total batch: 592.328125 
batch:99 average train loss 1.2010
batch:199 average train loss 1.2234
batch:299 average train loss 1.2175
batch:399 average train loss 1.2249
batch:499 average train loss 1.2161
average train loss 1.2101
Train Consuming time:54.00 in the epoch: 4
total val iterations: 127 
average val loss 1.1720
 Val Loss mSEL:0.502390
 Val acc:0.463666
 Val Loss mape:0.367829

total test iterations: 127 
average test loss 1.2345
Test Loss mSEL:0.518924,
Test acc:0.456101,
Test Loss mape:0.376870,

Consuming time:68.77 in the epoch: 4
Best test loss is 1.23
---------------*****---------------
---------------*****---------------
Starting training the epoch: 5 
total batch: 592.328125 
batch:99 average train loss 1.1935
batch:199 average train loss 1.2151
batch:299 average train loss 1.2101
batch:399 average train loss 1.2187
batch:499 average train loss 1.2094
average train loss 1.2041
Train Consuming time:54.49 in the epoch: 5
total val iterations: 127 
average val loss 1.1716
 Val Loss mSEL:0.502746
 Val acc:0.461682
 Val Loss mape:0.365573

total test iterations: 127 
average test loss 1.2332
Test Loss mSEL:0.516442,
Test acc:0.451761,
Test Loss mape:0.374149,

Consuming time:69.85 in the epoch: 5
Best test loss is 1.23
---------------*****---------------
---------------*****---------------
Starting training the epoch: 6 
total batch: 592.328125 
batch:99 average train loss 1.1878
batch:199 average train loss 1.2091
batch:299 average train loss 1.2049
batch:399 average train loss 1.2124
batch:499 average train loss 1.2033
average train loss 1.1978
Train Consuming time:52.53 in the epoch: 6
total val iterations: 127 
average val loss 1.1934
 Val Loss mSEL:0.513620
 Val acc:0.461682
 Val Loss mape:0.376031

total test iterations: 127 
average test loss 1.2570
Test Loss mSEL:0.533787,
Test acc:0.455853,
Test Loss mape:0.385091,

Consuming time:67.21 in the epoch: 6
Best test loss is 1.23
---------------*****---------------
---------------*****---------------
Starting training the epoch: 7 
total batch: 592.328125 
batch:99 average train loss 1.1850
batch:199 average train loss 1.2055
batch:299 average train loss 1.2010
batch:399 average train loss 1.2087
batch:499 average train loss 1.1998
average train loss 1.1932
Train Consuming time:51.78 in the epoch: 7
total val iterations: 127 
average val loss 1.1628
 Val Loss mSEL:0.502154
 Val acc:0.463170
 Val Loss mape:0.364408

total test iterations: 127 
average test loss 1.2249
Test Loss mSEL:0.514225,
Test acc:0.455605,
Test Loss mape:0.372932,

Consuming time:66.39 in the epoch: 7
Best test loss is 1.22
---------------*****---------------
---------------*****---------------
Starting training the epoch: 8 
total batch: 592.328125 
batch:99 average train loss 1.1787
batch:199 average train loss 1.2020
batch:299 average train loss 1.1980
batch:399 average train loss 1.2053
batch:499 average train loss 1.1965
average train loss 1.1907
Train Consuming time:51.93 in the epoch: 8
total val iterations: 127 
average val loss 1.1642
 Val Loss mSEL:0.508137
 Val acc:0.461186
 Val Loss mape:0.361970

total test iterations: 127 
average test loss 1.2271
Test Loss mSEL:0.510153,
Test acc:0.455357,
Test Loss mape:0.370860,

Consuming time:66.02 in the epoch: 8
Best test loss is 1.22
---------------*****---------------
---------------*****---------------
Starting training the epoch: 9 
total batch: 592.328125 
batch:99 average train loss 1.1750
batch:199 average train loss 1.1965
batch:299 average train loss 1.1938
batch:399 average train loss 1.2022
batch:499 average train loss 1.1937
average train loss 1.1873
Train Consuming time:52.66 in the epoch: 9
total val iterations: 127 
average val loss 1.1644
 Val Loss mSEL:0.500993
 Val acc:0.462426
 Val Loss mape:0.362888

total test iterations: 127 
average test loss 1.2261
Test Loss mSEL:0.515516,
Test acc:0.454241,
Test Loss mape:0.371838,

Consuming time:66.94 in the epoch: 9
Best test loss is 1.22
---------------*****---------------
---------------*****---------------
Starting training the epoch: 10 
total batch: 592.328125 
batch:99 average train loss 1.1694
batch:199 average train loss 1.1923
batch:299 average train loss 1.1893
batch:399 average train loss 1.1981
batch:499 average train loss 1.1898
average train loss 1.1845
Train Consuming time:52.06 in the epoch: 10
total val iterations: 127 
average val loss 1.1594
 Val Loss mSEL:0.502958
 Val acc:0.460441
 Val Loss mape:0.360958

total test iterations: 127 
average test loss 1.2233
Test Loss mSEL:0.517991,
Test acc:0.455729,
Test Loss mape:0.370078,

Consuming time:66.51 in the epoch: 10
Best test loss is 1.22
---------------*****---------------
---------------*****---------------
Starting training the epoch: 11 
total batch: 592.328125 
batch:99 average train loss 1.1653
batch:199 average train loss 1.1894
batch:299 average train loss 1.1856
batch:399 average train loss 1.1959
batch:499 average train loss 1.1882
average train loss 1.1824
Train Consuming time:52.12 in the epoch: 11
total val iterations: 127 
average val loss 1.1838
 Val Loss mSEL:0.505329
 Val acc:0.461186
 Val Loss mape:0.370344

total test iterations: 127 
average test loss 1.2445
Test Loss mSEL:0.512216,
Test acc:0.457093,
Test Loss mape:0.379044,

Consuming time:66.34 in the epoch: 11
Best test loss is 1.22
---------------*****---------------
---------------*****---------------
Starting training the epoch: 12 
total batch: 592.328125 
batch:99 average train loss 1.1628
batch:199 average train loss 1.1865
batch:299 average train loss 1.1833
batch:399 average train loss 1.1933
batch:499 average train loss 1.1861
average train loss 1.1808
Train Consuming time:51.28 in the epoch: 12
total val iterations: 127 
average val loss 1.1696
 Val Loss mSEL:0.501666
 Val acc:0.461558
 Val Loss mape:0.364379

total test iterations: 127 
average test loss 1.2310
Test Loss mSEL:0.515339,
Test acc:0.454489,
Test Loss mape:0.372923,

Consuming time:65.09 in the epoch: 12
Best test loss is 1.22
---------------*****---------------
---------------*****---------------
Starting training the epoch: 13 
total batch: 592.328125 
batch:99 average train loss 1.1615
batch:199 average train loss 1.1844
batch:299 average train loss 1.1814
batch:399 average train loss 1.1913
batch:499 average train loss 1.1843
average train loss 1.1791
Train Consuming time:51.23 in the epoch: 13
total val iterations: 127 
average val loss 1.1775
 Val Loss mSEL:0.507829
 Val acc:0.460813
 Val Loss mape:0.366207

total test iterations: 127 
average test loss 1.2376
Test Loss mSEL:0.526716,
Test acc:0.452877,
Test Loss mape:0.374484,

Consuming time:65.24 in the epoch: 13
Best test loss is 1.22
---------------*****---------------
---------------*****---------------
Starting training the epoch: 14 
total batch: 592.328125 
batch:99 average train loss 1.1586
batch:199 average train loss 1.1829
batch:299 average train loss 1.1790
batch:399 average train loss 1.1889
batch:499 average train loss 1.1815
average train loss 1.1756
Train Consuming time:51.27 in the epoch: 14
total val iterations: 127 
average val loss 1.1657
 Val Loss mSEL:0.506192
 Val acc:0.460938
 Val Loss mape:0.358556

total test iterations: 127 
average test loss 1.2242
Test Loss mSEL:0.517408,
Test acc:0.456473,
Test Loss mape:0.366604,

Consuming time:65.36 in the epoch: 14
Best test loss is 1.22
---------------*****---------------
---------------*****---------------
Starting training the epoch: 15 
total batch: 592.328125 
batch:99 average train loss 1.1552
batch:199 average train loss 1.1802
batch:299 average train loss 1.1763
batch:399 average train loss 1.1866
batch:499 average train loss 1.1790
average train loss 1.1732
Train Consuming time:50.61 in the epoch: 15
total val iterations: 127 
average val loss 1.1776
 Val Loss mSEL:0.504733
 Val acc:0.462550
 Val Loss mape:0.364219

total test iterations: 127 
average test loss 1.2354
Test Loss mSEL:0.516467,
Test acc:0.455605,
Test Loss mape:0.371993,

Consuming time:63.94 in the epoch: 15
Best test loss is 1.22
---------------*****---------------
---------------*****---------------
Starting training the epoch: 16 
total batch: 592.328125 
batch:99 average train loss 1.1502
batch:199 average train loss 1.1760
batch:299 average train loss 1.1725
batch:399 average train loss 1.1828
batch:499 average train loss 1.1752
average train loss 1.1696
Train Consuming time:50.42 in the epoch: 16
total val iterations: 127 
average val loss 1.1765
 Val Loss mSEL:0.504113
 Val acc:0.462550
 Val Loss mape:0.363923

total test iterations: 127 
average test loss 1.2357
Test Loss mSEL:0.524222,
Test acc:0.452753,
Test Loss mape:0.372584,

Consuming time:64.16 in the epoch: 16
Best test loss is 1.22
---------------*****---------------
---------------*****---------------
Starting training the epoch: 17 
total batch: 592.328125 
batch:99 average train loss 1.1490
batch:199 average train loss 1.1756
batch:299 average train loss 1.1716
batch:399 average train loss 1.1811
batch:499 average train loss 1.1737
average train loss 1.1682
Train Consuming time:50.09 in the epoch: 17
total val iterations: 127 
average val loss 1.1788
 Val Loss mSEL:0.507035
 Val acc:0.462922
 Val Loss mape:0.362419

total test iterations: 127 
average test loss 1.2382
Test Loss mSEL:0.515871,
Test acc:0.454985,
Test Loss mape:0.370558,

Consuming time:63.73 in the epoch: 17
Best test loss is 1.22
---------------*****---------------
---------------*****---------------
Starting training the epoch: 18 
total batch: 592.328125 
batch:99 average train loss 1.1494
batch:199 average train loss 1.1738
batch:299 average train loss 1.1692
batch:399 average train loss 1.1791
batch:499 average train loss 1.1720
average train loss 1.1666
Train Consuming time:50.44 in the epoch: 18
total val iterations: 127 
average val loss 1.1650
 Val Loss mSEL:0.504166
 Val acc:0.462674
 Val Loss mape:0.357375

total test iterations: 127 
average test loss 1.2231
Test Loss mSEL:0.511140,
Test acc:0.453621,
Test Loss mape:0.365244,

Consuming time:64.72 in the epoch: 18
Best test loss is 1.22
---------------*****---------------
---------------*****---------------
Starting training the epoch: 19 
total batch: 592.328125 
batch:99 average train loss 1.1466
batch:199 average train loss 1.1717
batch:299 average train loss 1.1670
batch:399 average train loss 1.1758
batch:499 average train loss 1.1683
average train loss 1.1627
Train Consuming time:51.14 in the epoch: 19
total val iterations: 127 
average val loss 1.1717
 Val Loss mSEL:0.511480
 Val acc:0.463170
 Val Loss mape:0.358906

total test iterations: 127 
average test loss 1.2274
Test Loss mSEL:0.513610,
Test acc:0.456225,
Test Loss mape:0.366626,

Consuming time:64.66 in the epoch: 19
Best test loss is 1.22
---------------*****---------------
---------------*****---------------
Starting training the epoch: 20 
total batch: 592.328125 
batch:99 average train loss 1.1330
batch:199 average train loss 1.1533
batch:299 average train loss 1.1532
batch:399 average train loss 1.1601
batch:499 average train loss 1.1511
average train loss 1.1412
Train Consuming time:50.26 in the epoch: 20
total val iterations: 127 
average val loss 1.1526
 Val Loss mSEL:0.514677
 Val acc:0.456969
 Val Loss mape:0.347964

total test iterations: 127 
average test loss 1.2097
Test Loss mSEL:0.507567,
Test acc:0.454737,
Test Loss mape:0.356099,

Consuming time:63.91 in the epoch: 20
Best test loss is 1.21
---------------*****---------------
---------------*****---------------
Starting training the epoch: 21 
total batch: 592.328125 
batch:99 average train loss 1.1215
batch:199 average train loss 1.1466
batch:299 average train loss 1.1476
batch:399 average train loss 1.1553
batch:499 average train loss 1.1469
average train loss 1.1375
Train Consuming time:50.05 in the epoch: 21
total val iterations: 127 
average val loss 1.1506
 Val Loss mSEL:0.515671
 Val acc:0.458829
 Val Loss mape:0.348415

total test iterations: 127 
average test loss 1.2084
Test Loss mSEL:0.510861,
Test acc:0.452505,
Test Loss mape:0.356615,

Consuming time:63.78 in the epoch: 21
Best test loss is 1.21
---------------*****---------------
---------------*****---------------
Starting training the epoch: 22 
total batch: 592.328125 
batch:99 average train loss 1.1204
batch:199 average train loss 1.1458
batch:299 average train loss 1.1466
batch:399 average train loss 1.1543
batch:499 average train loss 1.1458
average train loss 1.1365
Train Consuming time:50.16 in the epoch: 22
total val iterations: 127 
average val loss 1.1494
 Val Loss mSEL:0.515192
 Val acc:0.459325
 Val Loss mape:0.348718

total test iterations: 127 
average test loss 1.2077
Test Loss mSEL:0.509747,
Test acc:0.450645,
Test Loss mape:0.356979,

Consuming time:64.12 in the epoch: 22
Best test loss is 1.21
---------------*****---------------
---------------*****---------------
Starting training the epoch: 23 
total batch: 592.328125 
batch:99 average train loss 1.1194
batch:199 average train loss 1.1452
batch:299 average train loss 1.1459
batch:399 average train loss 1.1536
batch:499 average train loss 1.1452
average train loss 1.1360
Train Consuming time:50.80 in the epoch: 23
total val iterations: 127 
average val loss 1.1486
 Val Loss mSEL:0.513656
 Val acc:0.460317
 Val Loss mape:0.348811

total test iterations: 127 
average test loss 1.2072
Test Loss mSEL:0.510422,
Test acc:0.451265,
Test Loss mape:0.357116,

Consuming time:64.43 in the epoch: 23
Best test loss is 1.21
---------------*****---------------
---------------*****---------------
Starting training the epoch: 24 
total batch: 592.328125 
batch:99 average train loss 1.1191
batch:199 average train loss 1.1450
batch:299 average train loss 1.1457
batch:399 average train loss 1.1533
batch:499 average train loss 1.1448
average train loss 1.1356
Train Consuming time:51.00 in the epoch: 24
total val iterations: 127 
average val loss 1.1480
 Val Loss mSEL:0.513302
 Val acc:0.460069
 Val Loss mape:0.348820

total test iterations: 127 
average test loss 1.2068
Test Loss mSEL:0.511246,
Test acc:0.451389,
Test Loss mape:0.357159,

Consuming time:64.69 in the epoch: 24
Best test loss is 1.21
---------------*****---------------
---------------*****---------------
Starting training the epoch: 25 
total batch: 592.328125 
batch:99 average train loss 1.1186
batch:199 average train loss 1.1448
batch:299 average train loss 1.1453
batch:399 average train loss 1.1530
batch:499 average train loss 1.1444
average train loss 1.1353
Train Consuming time:50.88 in the epoch: 25
total val iterations: 127 
average val loss 1.1475
 Val Loss mSEL:0.513201
 Val acc:0.460565
 Val Loss mape:0.348790

total test iterations: 127 
average test loss 1.2066
Test Loss mSEL:0.511478,
Test acc:0.451637,
Test Loss mape:0.357159,

Consuming time:64.69 in the epoch: 25
Best test loss is 1.21
---------------*****---------------
---------------*****---------------
Starting training the epoch: 26 
total batch: 592.328125 
batch:99 average train loss 1.1183
batch:199 average train loss 1.1446
batch:299 average train loss 1.1450
batch:399 average train loss 1.1527
batch:499 average train loss 1.1442
average train loss 1.1351
Train Consuming time:52.63 in the epoch: 26
total val iterations: 127 
average val loss 1.1470
 Val Loss mSEL:0.512415
 Val acc:0.460689
 Val Loss mape:0.348745

total test iterations: 127 
average test loss 1.2063
Test Loss mSEL:0.510991,
Test acc:0.452257,
Test Loss mape:0.357138,

Consuming time:68.94 in the epoch: 26
Best test loss is 1.21
---------------*****---------------
---------------*****---------------
Starting training the epoch: 27 
total batch: 592.328125 
batch:99 average train loss 1.1177
batch:199 average train loss 1.1442
batch:299 average train loss 1.1446
batch:399 average train loss 1.1523
batch:499 average train loss 1.1437
average train loss 1.1347
Train Consuming time:56.61 in the epoch: 27
total val iterations: 127 
average val loss 1.1467
 Val Loss mSEL:0.513803
 Val acc:0.460938
 Val Loss mape:0.348718

total test iterations: 127 
average test loss 1.2062
Test Loss mSEL:0.510686,
Test acc:0.453249,
Test Loss mape:0.357130,

Consuming time:73.12 in the epoch: 27
Best test loss is 1.21
---------------*****---------------
---------------*****---------------
Starting training the epoch: 28 
total batch: 592.328125 
batch:99 average train loss 1.1172
batch:199 average train loss 1.1439
batch:299 average train loss 1.1443
batch:399 average train loss 1.1521
batch:499 average train loss 1.1436
average train loss 1.1346
Train Consuming time:57.73 in the epoch: 28
total val iterations: 127 
average val loss 1.1465
 Val Loss mSEL:0.514050
 Val acc:0.461186
 Val Loss mape:0.348668

total test iterations: 127 
average test loss 1.2060
Test Loss mSEL:0.510763,
Test acc:0.453497,
Test Loss mape:0.357094,

Consuming time:74.20 in the epoch: 28
Best test loss is 1.21
---------------*****---------------
---------------*****---------------
Starting training the epoch: 29 
total batch: 592.328125 
batch:99 average train loss 1.1173
batch:199 average train loss 1.1436
batch:299 average train loss 1.1440
batch:399 average train loss 1.1517
batch:499 average train loss 1.1432
average train loss 1.1342
Train Consuming time:58.40 in the epoch: 29
total val iterations: 127 
average val loss 1.1463
 Val Loss mSEL:0.514416
 Val acc:0.460938
 Val Loss mape:0.348632

total test iterations: 127 
average test loss 1.2059
Test Loss mSEL:0.510813,
Test acc:0.453497,
Test Loss mape:0.357066,

Consuming time:74.86 in the epoch: 29
Best test loss is 1.21
---------------*****---------------
---------------*****---------------
Starting training the epoch: 30 
total batch: 592.328125 
batch:99 average train loss 1.1171
batch:199 average train loss 1.1435
batch:299 average train loss 1.1439
batch:399 average train loss 1.1516
batch:499 average train loss 1.1431
average train loss 1.1341
Train Consuming time:57.35 in the epoch: 30
total val iterations: 127 
average val loss 1.1461
 Val Loss mSEL:0.513499
 Val acc:0.461682
 Val Loss mape:0.348609

total test iterations: 127 
average test loss 1.2058
Test Loss mSEL:0.510484,
Test acc:0.453373,
Test Loss mape:0.357046,

Consuming time:73.69 in the epoch: 30
Best test loss is 1.21
---------------*****---------------
---------------*****---------------
Starting training the epoch: 31 
total batch: 592.328125 
batch:99 average train loss 1.1169
batch:199 average train loss 1.1433
batch:299 average train loss 1.1438
batch:399 average train loss 1.1514
batch:499 average train loss 1.1429
average train loss 1.1340
Train Consuming time:57.31 in the epoch: 31
total val iterations: 127 
average val loss 1.1459
 Val Loss mSEL:0.514642
 Val acc:0.461682
 Val Loss mape:0.348563

total test iterations: 127 
average test loss 1.2057
Test Loss mSEL:0.510780,
Test acc:0.453993,
Test Loss mape:0.357006,

Consuming time:73.56 in the epoch: 31
Best test loss is 1.21
---------------*****---------------
---------------*****---------------
Starting training the epoch: 32 
total batch: 592.328125 
batch:99 average train loss 1.1166
batch:199 average train loss 1.1433
batch:299 average train loss 1.1434
batch:399 average train loss 1.1512
batch:499 average train loss 1.1426
average train loss 1.1338
Train Consuming time:57.60 in the epoch: 32
total val iterations: 127 
average val loss 1.1458
 Val Loss mSEL:0.513363
 Val acc:0.461558
 Val Loss mape:0.348529

total test iterations: 127 
average test loss 1.2056
Test Loss mSEL:0.511522,
Test acc:0.454241,
Test Loss mape:0.356979,

Consuming time:73.78 in the epoch: 32
Best test loss is 1.21
---------------*****---------------
---------------*****---------------
Starting training the epoch: 33 
total batch: 592.328125 
batch:99 average train loss 1.1160
batch:199 average train loss 1.1428
batch:299 average train loss 1.1431
batch:399 average train loss 1.1508
batch:499 average train loss 1.1424
average train loss 1.1335
Train Consuming time:58.38 in the epoch: 33
total val iterations: 127 
average val loss 1.1457
 Val Loss mSEL:0.512247
 Val acc:0.461558
 Val Loss mape:0.348523

total test iterations: 127 
average test loss 1.2056
Test Loss mSEL:0.510690,
Test acc:0.453869,
Test Loss mape:0.356976,

Consuming time:75.07 in the epoch: 33
Best test loss is 1.21
---------------*****---------------
---------------*****---------------
Starting training the epoch: 34 
total batch: 592.328125 
batch:99 average train loss 1.1161
batch:199 average train loss 1.1428
batch:299 average train loss 1.1430
batch:399 average train loss 1.1507
batch:499 average train loss 1.1423
average train loss 1.1334
Train Consuming time:57.03 in the epoch: 34
total val iterations: 127 
average val loss 1.1456
 Val Loss mSEL:0.512465
 Val acc:0.461310
 Val Loss mape:0.348500

total test iterations: 127 
average test loss 1.2056
Test Loss mSEL:0.510811,
Test acc:0.453373,
Test Loss mape:0.356955,

Consuming time:73.35 in the epoch: 34
Best test loss is 1.21
---------------*****---------------
---------------*****---------------
Starting training the epoch: 35 
total batch: 592.328125 
batch:99 average train loss 1.1157
batch:199 average train loss 1.1424
batch:299 average train loss 1.1426
batch:399 average train loss 1.1503
batch:499 average train loss 1.1419
average train loss 1.1331
Train Consuming time:57.71 in the epoch: 35
total val iterations: 127 
average val loss 1.1456
 Val Loss mSEL:0.512073
 Val acc:0.461434
 Val Loss mape:0.348514

total test iterations: 127 
average test loss 1.2056
Test Loss mSEL:0.511611,
Test acc:0.453373,
Test Loss mape:0.356970,

Consuming time:73.71 in the epoch: 35
Best test loss is 1.21
---------------*****---------------
---------------*****---------------
Starting training the epoch: 36 
total batch: 592.328125 
batch:99 average train loss 1.1159
batch:199 average train loss 1.1424
batch:299 average train loss 1.1426
batch:399 average train loss 1.1502
batch:499 average train loss 1.1418
average train loss 1.1330
Train Consuming time:57.69 in the epoch: 36
total val iterations: 127 
average val loss 1.1455
 Val Loss mSEL:0.511659
 Val acc:0.461062
 Val Loss mape:0.348498

total test iterations: 127 
average test loss 1.2056
Test Loss mSEL:0.511090,
Test acc:0.453621,
Test Loss mape:0.356957,

Consuming time:74.25 in the epoch: 36
Best test loss is 1.21
---------------*****---------------
---------------*****---------------
Starting training the epoch: 37 
total batch: 592.328125 
batch:99 average train loss 1.1156
batch:199 average train loss 1.1422
batch:299 average train loss 1.1425
batch:399 average train loss 1.1501
batch:499 average train loss 1.1417
average train loss 1.1329
Train Consuming time:57.15 in the epoch: 37
total val iterations: 127 
average val loss 1.1455
 Val Loss mSEL:0.511645
 Val acc:0.461062
 Val Loss mape:0.348495

total test iterations: 127 
average test loss 1.2056
Test Loss mSEL:0.510831,
Test acc:0.453745,
Test Loss mape:0.356962,

Consuming time:73.16 in the epoch: 37
Best test loss is 1.21
---------------*****---------------
---------------*****---------------
Starting training the epoch: 38 
total batch: 592.328125 
batch:99 average train loss 1.1154
batch:199 average train loss 1.1421
batch:299 average train loss 1.1424
batch:399 average train loss 1.1500
batch:499 average train loss 1.1417
average train loss 1.1329
Train Consuming time:58.00 in the epoch: 38
total val iterations: 127 
average val loss 1.1454
 Val Loss mSEL:0.512552
 Val acc:0.460565
 Val Loss mape:0.348488

total test iterations: 127 
average test loss 1.2056
Test Loss mSEL:0.511149,
Test acc:0.453869,
Test Loss mape:0.356960,

Consuming time:74.52 in the epoch: 38
Best test loss is 1.21
---------------*****---------------
---------------*****---------------
Starting training the epoch: 39 
total batch: 592.328125 
batch:99 average train loss 1.1155
batch:199 average train loss 1.1421
batch:299 average train loss 1.1421
batch:399 average train loss 1.1497
batch:499 average train loss 1.1413
average train loss 1.1326
Train Consuming time:57.55 in the epoch: 39
total val iterations: 127 
average val loss 1.1454
 Val Loss mSEL:0.512557
 Val acc:0.460689
 Val Loss mape:0.348485

total test iterations: 127 
average test loss 1.2056
Test Loss mSEL:0.510781,
Test acc:0.453745,
Test Loss mape:0.356962,

Consuming time:71.14 in the epoch: 39
Best test loss is 1.21
---------------*****---------------
---------------*****---------------
Starting training the epoch: 40 
total batch: 592.328125 
batch:99 average train loss 1.1152
batch:199 average train loss 1.1418
batch:299 average train loss 1.1420
batch:399 average train loss 1.1496
batch:499 average train loss 1.1411
average train loss 1.1324
Train Consuming time:55.55 in the epoch: 40
total val iterations: 127 
average val loss 1.1453
 Val Loss mSEL:0.512360
 Val acc:0.460938
 Val Loss mape:0.348482

total test iterations: 127 
average test loss 1.2056
Test Loss mSEL:0.509974,
Test acc:0.453745,
Test Loss mape:0.356963,

Consuming time:71.29 in the epoch: 40
Best test loss is 1.21
---------------*****---------------
---------------*****---------------
Starting training the epoch: 41 
total batch: 592.328125 
batch:99 average train loss 1.1152
batch:199 average train loss 1.1419
batch:299 average train loss 1.1421
batch:399 average train loss 1.1497
batch:499 average train loss 1.1412
average train loss 1.1325
Train Consuming time:57.84 in the epoch: 41
total val iterations: 127 
average val loss 1.1453
 Val Loss mSEL:0.512626
 Val acc:0.460938
 Val Loss mape:0.348465

total test iterations: 127 
average test loss 1.2056
Test Loss mSEL:0.510198,
Test acc:0.453249,
Test Loss mape:0.356949,

Consuming time:74.02 in the epoch: 41
Best test loss is 1.21
---------------*****---------------
---------------*****---------------
Starting training the epoch: 42 
total batch: 592.328125 
batch:99 average train loss 1.1149
batch:199 average train loss 1.1414
batch:299 average train loss 1.1416
batch:399 average train loss 1.1492
batch:499 average train loss 1.1409
average train loss 1.1322
Train Consuming time:57.33 in the epoch: 42
total val iterations: 127 
average val loss 1.1453
 Val Loss mSEL:0.512563
 Val acc:0.460813
 Val Loss mape:0.348449

total test iterations: 127 
average test loss 1.2056
Test Loss mSEL:0.510693,
Test acc:0.453249,
Test Loss mape:0.356930,

Consuming time:73.41 in the epoch: 42
Best test loss is 1.21
---------------*****---------------
---------------*****---------------
Starting training the epoch: 43 
total batch: 592.328125 
batch:99 average train loss 1.1151
batch:199 average train loss 1.1416
batch:299 average train loss 1.1418
batch:399 average train loss 1.1493
batch:499 average train loss 1.1410
average train loss 1.1323
Train Consuming time:57.88 in the epoch: 43
total val iterations: 127 
average val loss 1.1452
 Val Loss mSEL:0.510305
 Val acc:0.460689
 Val Loss mape:0.348451

total test iterations: 127 
average test loss 1.2056
Test Loss mSEL:0.510887,
Test acc:0.452877,
Test Loss mape:0.356928,

Consuming time:73.64 in the epoch: 43
Best test loss is 1.21
---------------*****---------------
---------------*****---------------
Starting training the epoch: 44 
total batch: 592.328125 
batch:99 average train loss 1.1154
batch:199 average train loss 1.1415
batch:299 average train loss 1.1416
batch:399 average train loss 1.1492
batch:499 average train loss 1.1408
average train loss 1.1321
Train Consuming time:56.08 in the epoch: 44
total val iterations: 127 
average val loss 1.1452
 Val Loss mSEL:0.511081
 Val acc:0.460813
 Val Loss mape:0.348463

total test iterations: 127 
average test loss 1.2056
Test Loss mSEL:0.510587,
Test acc:0.453125,
Test Loss mape:0.356939,

Consuming time:72.51 in the epoch: 44
Best test loss is 1.21
---------------*****---------------
---------------*****---------------
Starting training the epoch: 45 
total batch: 592.328125 
batch:99 average train loss 1.1147
batch:199 average train loss 1.1413
batch:299 average train loss 1.1415
batch:399 average train loss 1.1490
batch:499 average train loss 1.1406
average train loss 1.1319
Train Consuming time:58.28 in the epoch: 45
total val iterations: 127 
average val loss 1.1452
 Val Loss mSEL:0.509532
 Val acc:0.460938
 Val Loss mape:0.348437

total test iterations: 127 
average test loss 1.2056
Test Loss mSEL:0.510212,
Test acc:0.453001,
Test Loss mape:0.356916,

Consuming time:75.00 in the epoch: 45
Best test loss is 1.21
---------------*****---------------
---------------*****---------------
Starting training the epoch: 46 
total batch: 592.328125 
batch:99 average train loss 1.1148
batch:199 average train loss 1.1413
batch:299 average train loss 1.1413
batch:399 average train loss 1.1489
batch:499 average train loss 1.1405
average train loss 1.1319
Train Consuming time:58.25 in the epoch: 46
total val iterations: 127 
average val loss 1.1451
 Val Loss mSEL:0.509607
 Val acc:0.460813
 Val Loss mape:0.348456

total test iterations: 127 
average test loss 1.2056
Test Loss mSEL:0.510036,
Test acc:0.453249,
Test Loss mape:0.356934,

Consuming time:74.86 in the epoch: 46
Best test loss is 1.21
---------------*****---------------
---------------*****---------------
Starting training the epoch: 47 
total batch: 592.328125 
batch:99 average train loss 1.1144
batch:199 average train loss 1.1412
batch:299 average train loss 1.1413
batch:399 average train loss 1.1488
batch:499 average train loss 1.1405
average train loss 1.1319
Train Consuming time:58.33 in the epoch: 47
total val iterations: 127 
average val loss 1.1451
 Val Loss mSEL:0.509709
 Val acc:0.461186
 Val Loss mape:0.348462

total test iterations: 127 
average test loss 1.2056
Test Loss mSEL:0.509381,
Test acc:0.453373,
Test Loss mape:0.356938,

Consuming time:74.81 in the epoch: 47
Best test loss is 1.21
---------------*****---------------
---------------*****---------------
Starting training the epoch: 48 
total batch: 592.328125 
batch:99 average train loss 1.1148
batch:199 average train loss 1.1412
batch:299 average train loss 1.1413
batch:399 average train loss 1.1488
batch:499 average train loss 1.1405
average train loss 1.1319
Train Consuming time:58.97 in the epoch: 48
total val iterations: 127 
average val loss 1.1451
 Val Loss mSEL:0.509183
 Val acc:0.461434
 Val Loss mape:0.348429

total test iterations: 127 
average test loss 1.2056
Test Loss mSEL:0.509424,
Test acc:0.453497,
Test Loss mape:0.356905,

Consuming time:75.69 in the epoch: 48
Best test loss is 1.21
---------------*****---------------
---------------*****---------------
Starting training the epoch: 49 
total batch: 592.328125 
batch:99 average train loss 1.1142
batch:199 average train loss 1.1410
batch:299 average train loss 1.1410
batch:399 average train loss 1.1486
batch:499 average train loss 1.1403
average train loss 1.1317
Train Consuming time:58.52 in the epoch: 49
total val iterations: 127 
average val loss 1.1450
 Val Loss mSEL:0.509253
 Val acc:0.461434
 Val Loss mape:0.348442

total test iterations: 127 
average test loss 1.2056
Test Loss mSEL:0.509543,
Test acc:0.453497,
Test Loss mape:0.356915,

Consuming time:74.90 in the epoch: 49
Best test loss is 1.21
---------------*****---------------
