===================configuration===================
learning rate :0.001 
num_mlp_layers : 1
num_layers : 2
gnn input_features : 100
gnn output_features : 64
input of rnn/transformer : 64
hidden_size (out put of rnn/tranformer) : 64
observation hour [7,19]
observation interval : 180
observation threshold : 3240
prediction time : 86400
cascade length [10,100]
model save at : ../model_save/cas2vec/citation3/
====bidirected: False, attention: , gcn_type: self, rnn: None====
===================configuration===================
len(Y_train), len(Y_valid), len(Y_test): 42604 9130 9129
train: max, min:  9.523562 0.0
val: max, min:  8.897845 0.0
test: max, min:  8.643856 0.0
preparing time:113.30206060409546
total parameters 19237
---------------*****---------------
Starting training the epoch: 0 
total batch: 665.6875 
batch:99 average train loss 2.3695
batch:199 average train loss 2.0839
batch:299 average train loss 1.9585
batch:399 average train loss 1.8884
batch:499 average train loss 1.8411
batch:599 average train loss 1.7986
average train loss 1.7715
Train Consuming time:1025.05 in the epoch: 0
total val iterations: 143 
average val loss 1.5285
 Val Loss mSEL:0.677579
 Val acc:0.348041
 Val Loss mape:0.451974

total test iterations: 143 
average test loss 1.4616
Test Loss mSEL:0.656834,
Test acc:0.357174,
Test Loss mape:0.440389,

Consuming time:1478.17 in the epoch: 0
Best test loss is 1.46
---------------*****---------------
---------------*****---------------
Starting training the epoch: 1 
total batch: 665.6875 
batch:99 average train loss 1.5491
batch:199 average train loss 1.5234
batch:299 average train loss 1.5185
batch:399 average train loss 1.5084
batch:499 average train loss 1.5077
batch:599 average train loss 1.5021
average train loss 1.4940
Train Consuming time:49.76 in the epoch: 1
total val iterations: 143 
average val loss 1.4302
 Val Loss mSEL:0.640045
 Val acc:0.364877
 Val Loss mape:0.435276

total test iterations: 143 
average test loss 1.3739
Test Loss mSEL:0.640183,
Test acc:0.366307,
Test Loss mape:0.424578,

Consuming time:67.43 in the epoch: 1
Best test loss is 1.37
---------------*****---------------
---------------*****---------------
Starting training the epoch: 2 
total batch: 665.6875 
batch:99 average train loss 1.4562
batch:199 average train loss 1.4370
batch:299 average train loss 1.4409
batch:399 average train loss 1.4365
batch:499 average train loss 1.4389
batch:599 average train loss 1.4356
average train loss 1.4298
Train Consuming time:50.05 in the epoch: 2
total val iterations: 143 
average val loss 1.3879
 Val Loss mSEL:0.632046
 Val acc:0.368728
 Val Loss mape:0.426845

total test iterations: 143 
average test loss 1.3389
Test Loss mSEL:0.620058,
Test acc:0.373129,
Test Loss mape:0.416885,

Consuming time:68.08 in the epoch: 2
Best test loss is 1.34
---------------*****---------------
---------------*****---------------
Starting training the epoch: 3 
total batch: 665.6875 
batch:99 average train loss 1.4058
batch:199 average train loss 1.3898
batch:299 average train loss 1.3932
batch:399 average train loss 1.3892
batch:499 average train loss 1.3929
batch:599 average train loss 1.3903
average train loss 1.3874
Train Consuming time:49.49 in the epoch: 3
total val iterations: 143 
average val loss 1.3508
 Val Loss mSEL:0.603768
 Val acc:0.376320
 Val Loss mape:0.422539

total test iterations: 143 
average test loss 1.2973
Test Loss mSEL:0.601907,
Test acc:0.387434,
Test Loss mape:0.411434,

Consuming time:67.29 in the epoch: 3
Best test loss is 1.30
---------------*****---------------
---------------*****---------------
Starting training the epoch: 4 
total batch: 665.6875 
batch:99 average train loss 1.3714
batch:199 average train loss 1.3548
batch:299 average train loss 1.3625
batch:399 average train loss 1.3608
batch:499 average train loss 1.3643
batch:599 average train loss 1.3624
average train loss 1.3589
Train Consuming time:49.34 in the epoch: 4
total val iterations: 143 
average val loss 1.3496
 Val Loss mSEL:0.623030
 Val acc:0.378521
 Val Loss mape:0.424189

total test iterations: 143 
average test loss 1.2936
Test Loss mSEL:0.600068,
Test acc:0.385453,
Test Loss mape:0.412774,

Consuming time:67.27 in the epoch: 4
Best test loss is 1.29
---------------*****---------------
---------------*****---------------
Starting training the epoch: 5 
total batch: 665.6875 
batch:99 average train loss 1.3437
batch:199 average train loss 1.3270
batch:299 average train loss 1.3364
batch:399 average train loss 1.3350
batch:499 average train loss 1.3386
batch:599 average train loss 1.3382
average train loss 1.3353
Train Consuming time:49.35 in the epoch: 5
total val iterations: 143 
average val loss 1.3179
 Val Loss mSEL:0.592702
 Val acc:0.377201
 Val Loss mape:0.403257

total test iterations: 143 
average test loss 1.2674
Test Loss mSEL:0.578777,
Test acc:0.386224,
Test Loss mape:0.393235,

Consuming time:67.14 in the epoch: 5
Best test loss is 1.27
---------------*****---------------
---------------*****---------------
Starting training the epoch: 6 
total batch: 665.6875 
batch:99 average train loss 1.3264
batch:199 average train loss 1.3099
batch:299 average train loss 1.3184
batch:399 average train loss 1.3171
batch:499 average train loss 1.3224
batch:599 average train loss 1.3213
average train loss 1.3185
Train Consuming time:48.78 in the epoch: 6
total val iterations: 143 
average val loss 1.3186
 Val Loss mSEL:0.593394
 Val acc:0.391395
 Val Loss mape:0.419336

total test iterations: 143 
average test loss 1.2667
Test Loss mSEL:0.584983,
Test acc:0.393046,
Test Loss mape:0.408535,

Consuming time:66.27 in the epoch: 6
Best test loss is 1.27
---------------*****---------------
---------------*****---------------
Starting training the epoch: 7 
total batch: 665.6875 
batch:99 average train loss 1.3127
batch:199 average train loss 1.2941
batch:299 average train loss 1.3022
batch:399 average train loss 1.3020
batch:499 average train loss 1.3071
batch:599 average train loss 1.3063
average train loss 1.3033
Train Consuming time:53.18 in the epoch: 7
total val iterations: 143 
average val loss 1.2922
 Val Loss mSEL:0.578716
 Val acc:0.388314
 Val Loss mape:0.413480

total test iterations: 143 
average test loss 1.2442
Test Loss mSEL:0.569058,
Test acc:0.393266,
Test Loss mape:0.403649,

Consuming time:78.19 in the epoch: 7
Best test loss is 1.24
---------------*****---------------
---------------*****---------------
Starting training the epoch: 8 
total batch: 665.6875 
batch:99 average train loss 1.2974
batch:199 average train loss 1.2798
batch:299 average train loss 1.2900
batch:399 average train loss 1.2899
batch:499 average train loss 1.2944
batch:599 average train loss 1.2933
average train loss 1.2914
Train Consuming time:69.83 in the epoch: 8
total val iterations: 143 
average val loss 1.2813
 Val Loss mSEL:0.575685
 Val acc:0.392276
 Val Loss mape:0.407520

total test iterations: 143 
average test loss 1.2326
Test Loss mSEL:0.563583,
Test acc:0.395246,
Test Loss mape:0.397571,

Consuming time:95.88 in the epoch: 8
Best test loss is 1.23
---------------*****---------------
---------------*****---------------
Starting training the epoch: 9 
total batch: 665.6875 
batch:99 average train loss 1.2875
batch:199 average train loss 1.2708
batch:299 average train loss 1.2790
batch:399 average train loss 1.2801
batch:499 average train loss 1.2846
batch:599 average train loss 1.2834
average train loss 1.2808
Train Consuming time:57.60 in the epoch: 9
total val iterations: 143 
average val loss 1.2587
 Val Loss mSEL:0.563080
 Val acc:0.395687
 Val Loss mape:0.397406

total test iterations: 143 
average test loss 1.2179
Test Loss mSEL:0.545074,
Test acc:0.399098,
Test Loss mape:0.388973,

Consuming time:75.09 in the epoch: 9
Best test loss is 1.22
---------------*****---------------
---------------*****---------------
Starting training the epoch: 10 
total batch: 665.6875 
batch:99 average train loss 1.2785
batch:199 average train loss 1.2629
batch:299 average train loss 1.2719
batch:399 average train loss 1.2738
batch:499 average train loss 1.2784
batch:599 average train loss 1.2771
average train loss 1.2749
Train Consuming time:48.99 in the epoch: 10
total val iterations: 143 
average val loss 1.2619
 Val Loss mSEL:0.566689
 Val acc:0.395797
 Val Loss mape:0.398337

total test iterations: 143 
average test loss 1.2115
Test Loss mSEL:0.554390,
Test acc:0.398988,
Test Loss mape:0.388804,

Consuming time:66.75 in the epoch: 10
Best test loss is 1.21
---------------*****---------------
---------------*****---------------
Starting training the epoch: 11 
total batch: 665.6875 
batch:99 average train loss 1.2716
batch:199 average train loss 1.2557
batch:299 average train loss 1.2637
batch:399 average train loss 1.2667
batch:499 average train loss 1.2709
batch:599 average train loss 1.2693
average train loss 1.2669
Train Consuming time:60.41 in the epoch: 11
total val iterations: 143 
average val loss 1.2503
 Val Loss mSEL:0.548141
 Val acc:0.400858
 Val Loss mape:0.389595

total test iterations: 143 
average test loss 1.2044
Test Loss mSEL:0.534953,
Test acc:0.403499,
Test Loss mape:0.381143,

Consuming time:85.53 in the epoch: 11
Best test loss is 1.20
---------------*****---------------
---------------*****---------------
Starting training the epoch: 12 
total batch: 665.6875 
batch:99 average train loss 1.2629
batch:199 average train loss 1.2493
batch:299 average train loss 1.2582
batch:399 average train loss 1.2608
batch:499 average train loss 1.2650
batch:599 average train loss 1.2636
average train loss 1.2617
Train Consuming time:71.34 in the epoch: 12
total val iterations: 143 
average val loss 1.2571
 Val Loss mSEL:0.556727
 Val acc:0.399758
 Val Loss mape:0.401333

total test iterations: 143 
average test loss 1.2085
Test Loss mSEL:0.541392,
Test acc:0.406910,
Test Loss mape:0.391807,

Consuming time:97.44 in the epoch: 12
Best test loss is 1.20
---------------*****---------------
---------------*****---------------
Starting training the epoch: 13 
total batch: 665.6875 
batch:99 average train loss 1.2553
batch:199 average train loss 1.2430
batch:299 average train loss 1.2513
batch:399 average train loss 1.2537
batch:499 average train loss 1.2581
batch:599 average train loss 1.2572
average train loss 1.2553
Train Consuming time:71.56 in the epoch: 13
total val iterations: 143 
average val loss 1.2525
 Val Loss mSEL:0.556965
 Val acc:0.394256
 Val Loss mape:0.388614

total test iterations: 143 
average test loss 1.2054
Test Loss mSEL:0.540081,
Test acc:0.398438,
Test Loss mape:0.378889,

Consuming time:96.88 in the epoch: 13
Best test loss is 1.20
---------------*****---------------
---------------*****---------------
Starting training the epoch: 14 
total batch: 665.6875 
batch:99 average train loss 1.2525
batch:199 average train loss 1.2393
batch:299 average train loss 1.2478
batch:399 average train loss 1.2502
batch:499 average train loss 1.2537
batch:599 average train loss 1.2526
average train loss 1.2507
Train Consuming time:69.99 in the epoch: 14
total val iterations: 143 
average val loss 1.2410
 Val Loss mSEL:0.543198
 Val acc:0.397007
 Val Loss mape:0.384809

total test iterations: 143 
average test loss 1.1997
Test Loss mSEL:0.538050,
Test acc:0.403939,
Test Loss mape:0.376702,

Consuming time:95.75 in the epoch: 14
Best test loss is 1.20
---------------*****---------------
---------------*****---------------
Starting training the epoch: 15 
total batch: 665.6875 
batch:99 average train loss 1.2486
batch:199 average train loss 1.2324
batch:299 average train loss 1.2415
batch:399 average train loss 1.2442
batch:499 average train loss 1.2474
batch:599 average train loss 1.2449
average train loss 1.2433
Train Consuming time:71.25 in the epoch: 15
total val iterations: 143 
average val loss 1.2479
 Val Loss mSEL:0.542114
 Val acc:0.397777
 Val Loss mape:0.390968

total test iterations: 143 
average test loss 1.2049
Test Loss mSEL:0.546171,
Test acc:0.403389,
Test Loss mape:0.381917,

Consuming time:96.79 in the epoch: 15
Best test loss is 1.20
---------------*****---------------
---------------*****---------------
Starting training the epoch: 16 
total batch: 665.6875 
batch:99 average train loss 1.2440
batch:199 average train loss 1.2282
batch:299 average train loss 1.2363
batch:399 average train loss 1.2377
batch:499 average train loss 1.2424
batch:599 average train loss 1.2403
average train loss 1.2388
Train Consuming time:71.19 in the epoch: 16
total val iterations: 143 
average val loss 1.2338
 Val Loss mSEL:0.538563
 Val acc:0.400748
 Val Loss mape:0.387224

total test iterations: 143 
average test loss 1.1900
Test Loss mSEL:0.529808,
Test acc:0.405590,
Test Loss mape:0.378474,

Consuming time:96.72 in the epoch: 16
Best test loss is 1.19
---------------*****---------------
---------------*****---------------
Starting training the epoch: 17 
total batch: 665.6875 
batch:99 average train loss 1.2349
batch:199 average train loss 1.2208
batch:299 average train loss 1.2318
batch:399 average train loss 1.2348
batch:499 average train loss 1.2389
batch:599 average train loss 1.2370
average train loss 1.2349
Train Consuming time:69.51 in the epoch: 17
total val iterations: 143 
average val loss 1.2387
 Val Loss mSEL:0.551694
 Val acc:0.395907
 Val Loss mape:0.391106

total test iterations: 143 
average test loss 1.1975
Test Loss mSEL:0.543275,
Test acc:0.404930,
Test Loss mape:0.382386,

Consuming time:95.14 in the epoch: 17
Best test loss is 1.19
---------------*****---------------
---------------*****---------------
Starting training the epoch: 18 
total batch: 665.6875 
batch:99 average train loss 1.2289
batch:199 average train loss 1.2184
batch:299 average train loss 1.2295
batch:399 average train loss 1.2324
batch:499 average train loss 1.2353
batch:599 average train loss 1.2341
average train loss 1.2322
Train Consuming time:70.84 in the epoch: 18
total val iterations: 143 
average val loss 1.2289
 Val Loss mSEL:0.534099
 Val acc:0.399538
 Val Loss mape:0.379259

total test iterations: 143 
average test loss 1.1875
Test Loss mSEL:0.531508,
Test acc:0.408891,
Test Loss mape:0.370581,

Consuming time:96.43 in the epoch: 18
Best test loss is 1.19
---------------*****---------------
---------------*****---------------
Starting training the epoch: 19 
total batch: 665.6875 
batch:99 average train loss 1.2278
batch:199 average train loss 1.2158
batch:299 average train loss 1.2273
batch:399 average train loss 1.2296
batch:499 average train loss 1.2322
batch:599 average train loss 1.2312
average train loss 1.2289
Train Consuming time:70.70 in the epoch: 19
total val iterations: 143 
average val loss 1.2533
 Val Loss mSEL:0.554707
 Val acc:0.394256
 Val Loss mape:0.374644

total test iterations: 143 
average test loss 1.2140
Test Loss mSEL:0.535988,
Test acc:0.399978,
Test Loss mape:0.365878,

Consuming time:97.73 in the epoch: 19
Best test loss is 1.19
---------------*****---------------
---------------*****---------------
Starting training the epoch: 20 
total batch: 665.6875 
batch:99 average train loss 1.2086
batch:199 average train loss 1.1934
batch:299 average train loss 1.2046
batch:399 average train loss 1.2079
batch:499 average train loss 1.2115
batch:599 average train loss 1.2080
average train loss 1.2013
Train Consuming time:69.91 in the epoch: 20
total val iterations: 143 
average val loss 1.2363
 Val Loss mSEL:0.537639
 Val acc:0.400638
 Val Loss mape:0.378842

total test iterations: 143 
average test loss 1.1949
Test Loss mSEL:0.531920,
Test acc:0.405590,
Test Loss mape:0.369991,

Consuming time:96.44 in the epoch: 20
Best test loss is 1.19
---------------*****---------------
---------------*****---------------
Starting training the epoch: 21 
total batch: 665.6875 
batch:99 average train loss 1.1983
batch:199 average train loss 1.1843
batch:299 average train loss 1.1969
batch:399 average train loss 1.2002
batch:499 average train loss 1.2040
batch:599 average train loss 1.2007
average train loss 1.1942
Train Consuming time:71.23 in the epoch: 21
total val iterations: 143 
average val loss 1.2306
 Val Loss mSEL:0.534205
 Val acc:0.402509
 Val Loss mape:0.377544

total test iterations: 143 
average test loss 1.1900
Test Loss mSEL:0.528294,
Test acc:0.406030,
Test Loss mape:0.368961,

Consuming time:97.00 in the epoch: 21
Best test loss is 1.19
---------------*****---------------
---------------*****---------------
Starting training the epoch: 22 
total batch: 665.6875 
batch:99 average train loss 1.1939
batch:199 average train loss 1.1799
batch:299 average train loss 1.1926
batch:399 average train loss 1.1955
batch:499 average train loss 1.1993
batch:599 average train loss 1.1961
average train loss 1.1897
Train Consuming time:72.32 in the epoch: 22
total val iterations: 143 
average val loss 1.2265
 Val Loss mSEL:0.537881
 Val acc:0.402399
 Val Loss mape:0.376961

total test iterations: 143 
average test loss 1.1865
Test Loss mSEL:0.529112,
Test acc:0.406030,
Test Loss mape:0.368434,

Consuming time:96.22 in the epoch: 22
Best test loss is 1.19
---------------*****---------------
---------------*****---------------
Starting training the epoch: 23 
total batch: 665.6875 
batch:99 average train loss 1.1898
batch:199 average train loss 1.1761
batch:299 average train loss 1.1891
batch:399 average train loss 1.1918
batch:499 average train loss 1.1956
batch:599 average train loss 1.1924
average train loss 1.1861
Train Consuming time:72.80 in the epoch: 23
total val iterations: 143 
average val loss 1.2235
 Val Loss mSEL:0.536167
 Val acc:0.398988
 Val Loss mape:0.376611

total test iterations: 143 
average test loss 1.1834
Test Loss mSEL:0.531370,
Test acc:0.406030,
Test Loss mape:0.368114,

Consuming time:99.82 in the epoch: 23
Best test loss is 1.18
---------------*****---------------
---------------*****---------------
Starting training the epoch: 24 
total batch: 665.6875 
batch:99 average train loss 1.1868
batch:199 average train loss 1.1731
batch:299 average train loss 1.1864
batch:399 average train loss 1.1886
batch:499 average train loss 1.1925
batch:599 average train loss 1.1895
average train loss 1.1833
Train Consuming time:71.72 in the epoch: 24
total val iterations: 143 
average val loss 1.2208
 Val Loss mSEL:0.536178
 Val acc:0.399978
 Val Loss mape:0.376197

total test iterations: 143 
average test loss 1.1807
Test Loss mSEL:0.527112,
Test acc:0.408011,
Test Loss mape:0.367765,

Consuming time:97.73 in the epoch: 24
Best test loss is 1.18
---------------*****---------------
---------------*****---------------
Starting training the epoch: 25 
total batch: 665.6875 
batch:99 average train loss 1.1846
batch:199 average train loss 1.1709
batch:299 average train loss 1.1843
batch:399 average train loss 1.1862
batch:499 average train loss 1.1903
batch:599 average train loss 1.1872
average train loss 1.1812
Train Consuming time:68.81 in the epoch: 25
total val iterations: 143 
average val loss 1.2189
 Val Loss mSEL:0.538177
 Val acc:0.399648
 Val Loss mape:0.375855

total test iterations: 143 
average test loss 1.1790
Test Loss mSEL:0.524220,
Test acc:0.408341,
Test Loss mape:0.367452,

Consuming time:95.98 in the epoch: 25
Best test loss is 1.18
---------------*****---------------
---------------*****---------------
Starting training the epoch: 26 
total batch: 665.6875 
batch:99 average train loss 1.1832
batch:199 average train loss 1.1694
batch:299 average train loss 1.1826
batch:399 average train loss 1.1845
batch:499 average train loss 1.1886
batch:599 average train loss 1.1855
average train loss 1.1796
Train Consuming time:71.97 in the epoch: 26
total val iterations: 143 
average val loss 1.2174
 Val Loss mSEL:0.538326
 Val acc:0.399978
 Val Loss mape:0.375701

total test iterations: 143 
average test loss 1.1776
Test Loss mSEL:0.523125,
Test acc:0.408121,
Test Loss mape:0.367382,

Consuming time:99.53 in the epoch: 26
Best test loss is 1.18
---------------*****---------------
---------------*****---------------
Starting training the epoch: 27 
total batch: 665.6875 
batch:99 average train loss 1.1821
batch:199 average train loss 1.1684
batch:299 average train loss 1.1815
batch:399 average train loss 1.1832
batch:499 average train loss 1.1873
batch:599 average train loss 1.1842
average train loss 1.1785
Train Consuming time:96.61 in the epoch: 27
total val iterations: 143 
average val loss 1.2161
 Val Loss mSEL:0.537705
 Val acc:0.400968
 Val Loss mape:0.375627

total test iterations: 143 
average test loss 1.1767
Test Loss mSEL:0.518057,
Test acc:0.407790,
Test Loss mape:0.367378,

Consuming time:136.97 in the epoch: 27
Best test loss is 1.18
---------------*****---------------
---------------*****---------------
Starting training the epoch: 28 
total batch: 665.6875 
batch:99 average train loss 1.1813
batch:199 average train loss 1.1677
batch:299 average train loss 1.1807
batch:399 average train loss 1.1823
batch:499 average train loss 1.1864
batch:599 average train loss 1.1833
average train loss 1.1775
Train Consuming time:72.07 in the epoch: 28
total val iterations: 143 
average val loss 1.2151
 Val Loss mSEL:0.536864
 Val acc:0.401629
 Val Loss mape:0.375482

total test iterations: 143 
average test loss 1.1760
Test Loss mSEL:0.517459,
Test acc:0.408451,
Test Loss mape:0.367287,

Consuming time:98.12 in the epoch: 28
Best test loss is 1.18
---------------*****---------------
---------------*****---------------
Starting training the epoch: 29 
total batch: 665.6875 
batch:99 average train loss 1.1808
batch:199 average train loss 1.1672
batch:299 average train loss 1.1800
batch:399 average train loss 1.1815
batch:499 average train loss 1.1856
batch:599 average train loss 1.1824
average train loss 1.1768
Train Consuming time:71.34 in the epoch: 29
total val iterations: 143 
average val loss 1.2143
 Val Loss mSEL:0.535055
 Val acc:0.401298
 Val Loss mape:0.375394

total test iterations: 143 
average test loss 1.1755
Test Loss mSEL:0.516078,
Test acc:0.408781,
Test Loss mape:0.367232,

Consuming time:98.05 in the epoch: 29
Best test loss is 1.18
---------------*****---------------
---------------*****---------------
Starting training the epoch: 30 
total batch: 665.6875 
batch:99 average train loss 1.1802
batch:199 average train loss 1.1667
batch:299 average train loss 1.1794
batch:399 average train loss 1.1809
batch:499 average train loss 1.1849
batch:599 average train loss 1.1816
average train loss 1.1761
Train Consuming time:70.69 in the epoch: 30
total val iterations: 143 
average val loss 1.2136
 Val Loss mSEL:0.532994
 Val acc:0.401078
 Val Loss mape:0.375309

total test iterations: 143 
average test loss 1.1752
Test Loss mSEL:0.518070,
Test acc:0.408781,
Test Loss mape:0.367193,

Consuming time:97.88 in the epoch: 30
Best test loss is 1.18
---------------*****---------------
---------------*****---------------
Starting training the epoch: 31 
total batch: 665.6875 
batch:99 average train loss 1.1797
batch:199 average train loss 1.1662
batch:299 average train loss 1.1788
batch:399 average train loss 1.1803
batch:499 average train loss 1.1843
batch:599 average train loss 1.1809
average train loss 1.1755
Train Consuming time:72.24 in the epoch: 31
total val iterations: 143 
average val loss 1.2130
 Val Loss mSEL:0.532911
 Val acc:0.401078
 Val Loss mape:0.375227

total test iterations: 143 
average test loss 1.1748
Test Loss mSEL:0.518360,
Test acc:0.408011,
Test Loss mape:0.367149,

Consuming time:98.01 in the epoch: 31
Best test loss is 1.17
---------------*****---------------
---------------*****---------------
Starting training the epoch: 32 
total batch: 665.6875 
batch:99 average train loss 1.1792
batch:199 average train loss 1.1657
batch:299 average train loss 1.1782
batch:399 average train loss 1.1796
batch:499 average train loss 1.1836
batch:599 average train loss 1.1802
average train loss 1.1749
Train Consuming time:71.73 in the epoch: 32
total val iterations: 143 
average val loss 1.2126
 Val Loss mSEL:0.529969
 Val acc:0.401188
 Val Loss mape:0.375324

total test iterations: 143 
average test loss 1.1745
Test Loss mSEL:0.517658,
Test acc:0.407020,
Test Loss mape:0.367231,

Consuming time:98.22 in the epoch: 32
Best test loss is 1.17
---------------*****---------------
---------------*****---------------
Starting training the epoch: 33 
total batch: 665.6875 
batch:99 average train loss 1.1787
batch:199 average train loss 1.1652
batch:299 average train loss 1.1777
batch:399 average train loss 1.1790
batch:499 average train loss 1.1830
batch:599 average train loss 1.1796
average train loss 1.1743
Train Consuming time:71.25 in the epoch: 33
total val iterations: 143 
average val loss 1.2123
 Val Loss mSEL:0.532923
 Val acc:0.401078
 Val Loss mape:0.375379

total test iterations: 143 
average test loss 1.1743
Test Loss mSEL:0.517974,
Test acc:0.408341,
Test Loss mape:0.367277,

Consuming time:98.98 in the epoch: 33
Best test loss is 1.17
---------------*****---------------
---------------*****---------------
Starting training the epoch: 34 
total batch: 665.6875 
batch:99 average train loss 1.1783
batch:199 average train loss 1.1648
batch:299 average train loss 1.1773
batch:399 average train loss 1.1786
batch:499 average train loss 1.1825
batch:599 average train loss 1.1791
average train loss 1.1739
Train Consuming time:68.77 in the epoch: 34
total val iterations: 143 
average val loss 1.2121
 Val Loss mSEL:0.532482
 Val acc:0.400968
 Val Loss mape:0.375443

total test iterations: 143 
average test loss 1.1740
Test Loss mSEL:0.518130,
Test acc:0.408011,
Test Loss mape:0.367321,

Consuming time:95.51 in the epoch: 34
Best test loss is 1.17
---------------*****---------------
---------------*****---------------
Starting training the epoch: 35 
total batch: 665.6875 
batch:99 average train loss 1.1780
batch:199 average train loss 1.1645
batch:299 average train loss 1.1769
batch:399 average train loss 1.1782
batch:499 average train loss 1.1821
batch:599 average train loss 1.1787
average train loss 1.1735
Train Consuming time:72.17 in the epoch: 35
total val iterations: 143 
average val loss 1.2119
 Val Loss mSEL:0.531926
 Val acc:0.400968
 Val Loss mape:0.375426

total test iterations: 143 
average test loss 1.1737
Test Loss mSEL:0.518612,
Test acc:0.407460,
Test Loss mape:0.367285,

Consuming time:98.52 in the epoch: 35
Best test loss is 1.17
---------------*****---------------
---------------*****---------------
Starting training the epoch: 36 
total batch: 665.6875 
batch:99 average train loss 1.1777
batch:199 average train loss 1.1642
batch:299 average train loss 1.1766
batch:399 average train loss 1.1778
batch:499 average train loss 1.1817
batch:599 average train loss 1.1783
average train loss 1.1731
Train Consuming time:51.59 in the epoch: 36
total val iterations: 143 
average val loss 1.2117
 Val Loss mSEL:0.531244
 Val acc:0.401518
 Val Loss mape:0.375518

total test iterations: 143 
average test loss 1.1734
Test Loss mSEL:0.519382,
Test acc:0.407020,
Test Loss mape:0.367310,

Consuming time:70.54 in the epoch: 36
Best test loss is 1.17
---------------*****---------------
---------------*****---------------
Starting training the epoch: 37 
total batch: 665.6875 
batch:99 average train loss 1.1773
batch:199 average train loss 1.1640
batch:299 average train loss 1.1764
batch:399 average train loss 1.1775
batch:499 average train loss 1.1813
batch:599 average train loss 1.1779
average train loss 1.1728
Train Consuming time:51.79 in the epoch: 37
total val iterations: 143 
average val loss 1.2116
 Val Loss mSEL:0.531185
 Val acc:0.400968
 Val Loss mape:0.375503

total test iterations: 143 
average test loss 1.1731
Test Loss mSEL:0.520753,
Test acc:0.407570,
Test Loss mape:0.367249,

Consuming time:70.66 in the epoch: 37
Best test loss is 1.17
---------------*****---------------
---------------*****---------------
Starting training the epoch: 38 
total batch: 665.6875 
batch:99 average train loss 1.1770
batch:199 average train loss 1.1637
batch:299 average train loss 1.1761
batch:399 average train loss 1.1771
batch:499 average train loss 1.1810
batch:599 average train loss 1.1775
average train loss 1.1725
Train Consuming time:50.57 in the epoch: 38
total val iterations: 143 
average val loss 1.2114
 Val Loss mSEL:0.531030
 Val acc:0.400748
 Val Loss mape:0.375417

total test iterations: 143 
average test loss 1.1729
Test Loss mSEL:0.520904,
Test acc:0.407240,
Test Loss mape:0.367118,

Consuming time:68.08 in the epoch: 38
Best test loss is 1.17
---------------*****---------------
---------------*****---------------
Starting training the epoch: 39 
total batch: 665.6875 
batch:99 average train loss 1.1766
batch:199 average train loss 1.1634
batch:299 average train loss 1.1758
batch:399 average train loss 1.1768
batch:499 average train loss 1.1806
batch:599 average train loss 1.1771
average train loss 1.1722
Train Consuming time:48.57 in the epoch: 39
total val iterations: 143 
average val loss 1.2111
 Val Loss mSEL:0.530520
 Val acc:0.400968
 Val Loss mape:0.375369

total test iterations: 143 
average test loss 1.1726
Test Loss mSEL:0.521147,
Test acc:0.407130,
Test Loss mape:0.367070,

Consuming time:66.28 in the epoch: 39
Best test loss is 1.17
---------------*****---------------
---------------*****---------------
Starting training the epoch: 40 
total batch: 665.6875 
batch:99 average train loss 1.1763
batch:199 average train loss 1.1632
batch:299 average train loss 1.1755
batch:399 average train loss 1.1765
batch:499 average train loss 1.1803
batch:599 average train loss 1.1768
average train loss 1.1719
Train Consuming time:47.97 in the epoch: 40
total val iterations: 143 
average val loss 1.2109
 Val Loss mSEL:0.531729
 Val acc:0.400968
 Val Loss mape:0.375327

total test iterations: 143 
average test loss 1.1723
Test Loss mSEL:0.521393,
Test acc:0.407240,
Test Loss mape:0.367030,

Consuming time:65.38 in the epoch: 40
Best test loss is 1.17
---------------*****---------------
---------------*****---------------
Starting training the epoch: 41 
total batch: 665.6875 
batch:99 average train loss 1.1760
batch:199 average train loss 1.1629
batch:299 average train loss 1.1753
batch:399 average train loss 1.1762
batch:499 average train loss 1.1799
batch:599 average train loss 1.1765
average train loss 1.1716
Train Consuming time:48.59 in the epoch: 41
total val iterations: 143 
average val loss 1.2107
 Val Loss mSEL:0.532535
 Val acc:0.401408
 Val Loss mape:0.375249

total test iterations: 143 
average test loss 1.1721
Test Loss mSEL:0.520214,
Test acc:0.407570,
Test Loss mape:0.366948,

Consuming time:66.17 in the epoch: 41
Best test loss is 1.17
---------------*****---------------
---------------*****---------------
Starting training the epoch: 42 
total batch: 665.6875 
batch:99 average train loss 1.1757
batch:199 average train loss 1.1627
batch:299 average train loss 1.1750
batch:399 average train loss 1.1759
batch:499 average train loss 1.1797
batch:599 average train loss 1.1762
average train loss 1.1713
Train Consuming time:48.47 in the epoch: 42
total val iterations: 143 
average val loss 1.2104
 Val Loss mSEL:0.532779
 Val acc:0.401518
 Val Loss mape:0.375157

total test iterations: 143 
average test loss 1.1719
Test Loss mSEL:0.521150,
Test acc:0.406910,
Test Loss mape:0.366855,

Consuming time:66.14 in the epoch: 42
Best test loss is 1.17
---------------*****---------------
---------------*****---------------
Starting training the epoch: 43 
total batch: 665.6875 
batch:99 average train loss 1.1755
batch:199 average train loss 1.1624
batch:299 average train loss 1.1748
batch:399 average train loss 1.1756
batch:499 average train loss 1.1794
batch:599 average train loss 1.1759
average train loss 1.1711
Train Consuming time:48.24 in the epoch: 43
total val iterations: 143 
average val loss 1.2103
 Val Loss mSEL:0.533045
 Val acc:0.401298
 Val Loss mape:0.375088

total test iterations: 143 
average test loss 1.1716
Test Loss mSEL:0.521579,
Test acc:0.407130,
Test Loss mape:0.366768,

Consuming time:66.08 in the epoch: 43
Best test loss is 1.17
---------------*****---------------
---------------*****---------------
Starting training the epoch: 44 
total batch: 665.6875 
batch:99 average train loss 1.1752
batch:199 average train loss 1.1622
batch:299 average train loss 1.1746
batch:399 average train loss 1.1754
batch:499 average train loss 1.1791
batch:599 average train loss 1.1756
average train loss 1.1708
Train Consuming time:48.89 in the epoch: 44
total val iterations: 143 
average val loss 1.2100
 Val Loss mSEL:0.531465
 Val acc:0.401408
 Val Loss mape:0.375048

total test iterations: 143 
average test loss 1.1714
Test Loss mSEL:0.522227,
Test acc:0.407460,
Test Loss mape:0.366724,

Consuming time:66.56 in the epoch: 44
Best test loss is 1.17
---------------*****---------------
---------------*****---------------
Starting training the epoch: 45 
total batch: 665.6875 
batch:99 average train loss 1.1750
batch:199 average train loss 1.1620
batch:299 average train loss 1.1744
batch:399 average train loss 1.1751
batch:499 average train loss 1.1788
batch:599 average train loss 1.1753
average train loss 1.1706
Train Consuming time:48.25 in the epoch: 45
total val iterations: 143 
average val loss 1.2099
 Val Loss mSEL:0.530392
 Val acc:0.401518
 Val Loss mape:0.375031

total test iterations: 143 
average test loss 1.1711
Test Loss mSEL:0.521419,
Test acc:0.407240,
Test Loss mape:0.366691,

Consuming time:65.39 in the epoch: 45
Best test loss is 1.17
---------------*****---------------
---------------*****---------------
Starting training the epoch: 46 
total batch: 665.6875 
batch:99 average train loss 1.1747
batch:199 average train loss 1.1618
batch:299 average train loss 1.1742
batch:399 average train loss 1.1749
batch:499 average train loss 1.1785
batch:599 average train loss 1.1751
average train loss 1.1704
Train Consuming time:49.62 in the epoch: 46
total val iterations: 143 
average val loss 1.2098
 Val Loss mSEL:0.530276
 Val acc:0.401629
 Val Loss mape:0.374974

total test iterations: 143 
average test loss 1.1709
Test Loss mSEL:0.521917,
Test acc:0.408011,
Test Loss mape:0.366623,

Consuming time:67.95 in the epoch: 46
Best test loss is 1.17
---------------*****---------------
---------------*****---------------
Starting training the epoch: 47 
total batch: 665.6875 
batch:99 average train loss 1.1745
batch:199 average train loss 1.1616
batch:299 average train loss 1.1740
batch:399 average train loss 1.1747
batch:499 average train loss 1.1783
batch:599 average train loss 1.1748
average train loss 1.1702
Train Consuming time:50.56 in the epoch: 47
total val iterations: 143 
average val loss 1.2096
 Val Loss mSEL:0.531321
 Val acc:0.401629
 Val Loss mape:0.374897

total test iterations: 143 
average test loss 1.1707
Test Loss mSEL:0.521671,
Test acc:0.407901,
Test Loss mape:0.366553,

Consuming time:68.78 in the epoch: 47
Best test loss is 1.17
---------------*****---------------
---------------*****---------------
Starting training the epoch: 48 
total batch: 665.6875 
batch:99 average train loss 1.1742
batch:199 average train loss 1.1614
batch:299 average train loss 1.1737
batch:399 average train loss 1.1745
batch:499 average train loss 1.1780
batch:599 average train loss 1.1746
average train loss 1.1699
Train Consuming time:49.75 in the epoch: 48
total val iterations: 143 
average val loss 1.2094
 Val Loss mSEL:0.532160
 Val acc:0.401518
 Val Loss mape:0.374878

total test iterations: 143 
average test loss 1.1705
Test Loss mSEL:0.521671,
Test acc:0.408451,
Test Loss mape:0.366531,

Consuming time:68.24 in the epoch: 48
Best test loss is 1.17
---------------*****---------------
---------------*****---------------
Starting training the epoch: 49 
total batch: 665.6875 
batch:99 average train loss 1.1740
batch:199 average train loss 1.1613
batch:299 average train loss 1.1736
batch:399 average train loss 1.1743
batch:499 average train loss 1.1778
batch:599 average train loss 1.1744
average train loss 1.1698
Train Consuming time:50.46 in the epoch: 49
total val iterations: 143 
average val loss 1.2093
 Val Loss mSEL:0.533031
 Val acc:0.401188
 Val Loss mape:0.374834

total test iterations: 143 
average test loss 1.1704
Test Loss mSEL:0.521339,
Test acc:0.408781,
Test Loss mape:0.366486,

Consuming time:69.01 in the epoch: 49
Best test loss is 1.17
---------------*****---------------
