(tc) [yuhang@localhost open-cas]$ python -u models/cas2vec/run.py 
===================configuration===================
learning rate :0.001 
num_mlp_layers : 1
num_layers : 2
gnn input_features : 100
gnn output_features : 64
input of rnn/transformer : 64
hidden_size (out put of rnn/tranformer) : 64
observation hour [7,19]
observation interval : 180
observation threshold : 3600
prediction time : 86400
cascade length [5,100]
model save at : ../model_save/cas2vec/weibo/
====bidirected: True, attention: GAT, gcn_type: self, rnn: gru====
===================configuration===================
len(Y_train), len(Y_valid), len(Y_test): 37228 7978 7978
train: max, min:  15.090568 0.0
val: max, min:  13.410318 0.0
test: max, min:  15.009785 0.0
preparing time:104.62670683860779
total parameters 90338
---------------*****---------------
Starting training the epoch: 0 
[Training] 581/582 [============================>.] - ETA: 0s  loss: 0.3589 average train loss 2.5382
Train Consuming time:145.18 in the epoch: 0
[Validating] 124/125 [============================>.] - ETA: 0s  loss: 1.3555 average val loss 2.1420
 Val Loss mSEL:0.570569
 Val acc:0.841230
 Val Loss mape:0.336676
[Testing] 124/125 [============================>.] - ETA: 0s  loss: 2.7251 average test loss 2.0200
Test Loss mSEL:0.544847,
Test acc:0.846018,
Test Loss mape:0.328540,
Consuming time:207.55 in the epoch: 0
Best test loss is 2.02
---------------*****---------------
Starting training the epoch: 1 
[Training] 581/582 [============================>.] - ETA: 0s  loss: 0.2362 average train loss 2.0862
Train Consuming time:143.78 in the epoch: 1
[Validating] 124/125 [============================>.] - ETA: 0s  loss: 1.3526 average val loss 2.0641
 Val Loss mSEL:0.567542
 Val acc:0.844884
 Val Loss mape:0.327964
[Testing] 124/125 [============================>.] - ETA: 0s  loss: 2.8287 average test loss 1.9418
Test Loss mSEL:0.548739,
Test acc:0.849546,
Test Loss mape:0.319001,
Consuming time:196.39 in the epoch: 1
Best test loss is 1.94
---------------*****---------------
Starting training the epoch: 2 
[Training] 581/582 [============================>.] - ETA: 0s  loss: 0.0896 average train loss 2.0348
Train Consuming time:144.81 in the epoch: 2
[Validating] 124/125 [============================>.] - ETA: 0s  loss: 1.3680 average val loss 2.0466
 Val Loss mSEL:0.564312
 Val acc:0.850428
 Val Loss mape:0.319233
[Testing] 124/125 [============================>.] - ETA: 0s  loss: 2.5049 average test loss 1.9277
Test Loss mSEL:0.557366,
Test acc:0.855847,
Test Loss mape:0.311793,
Consuming time:196.52 in the epoch: 2
Best test loss is 1.93
---------------*****---------------
Starting training the epoch: 3 
[Training] 581/582 [============================>.] - ETA: 0s  loss: 0.0400 average train loss 1.9982
Train Consuming time:143.88 in the epoch: 3
[Validating] 124/125 [============================>.] - ETA: 0s  loss: 1.3849 average val loss 2.0369
 Val Loss mSEL:0.569662
 Val acc:0.852823
 Val Loss mape:0.304357
[Testing] 124/125 [============================>.] - ETA: 0s  loss: 2.5184 average test loss 1.9282
Test Loss mSEL:0.542332,
Test acc:0.858241,
Test Loss mape:0.298399,
Consuming time:193.20 in the epoch: 3
Best test loss is 1.93
---------------*****---------------
Starting training the epoch: 4 
[Training] 581/582 [============================>.] - ETA: 0s  loss: 0.0192 average train loss 1.9752
Train Consuming time:142.90 in the epoch: 4
[Validating] 124/125 [============================>.] - ETA: 0s  loss: 1.4265 average val loss 2.0400
 Val Loss mSEL:0.568122
 Val acc:0.852823
 Val Loss mape:0.301270
[Testing] 124/125 [============================>.] - ETA: 0s  loss: 2.5328 average test loss 1.9259
Test Loss mSEL:0.535451,
Test acc:0.858493,
Test Loss mape:0.294679,
Consuming time:193.70 in the epoch: 4
Best test loss is 1.93
---------------*****---------------
Starting training the epoch: 5 
[Training] 581/582 [============================>.] - ETA: 0s  loss: 0.0182 average train loss 1.9551
Train Consuming time:144.16 in the epoch: 5
[Validating] 124/125 [============================>.] - ETA: 0s  loss: 1.3723 average val loss 1.9988
 Val Loss mSEL:0.567601
 Val acc:0.852571
 Val Loss mape:0.299150
[Testing] 124/125 [============================>.] - ETA: 0s  loss: 2.3387 average test loss 1.8840
Test Loss mSEL:0.521815,
Test acc:0.857107,
Test Loss mape:0.293474,
Consuming time:194.80 in the epoch: 5
Best test loss is 1.88
---------------*****---------------
Starting training the epoch: 6 
[Training] 581/582 [============================>.] - ETA: 0s  loss: 0.0138 average train loss 1.9383
Train Consuming time:144.09 in the epoch: 6
[Validating] 124/125 [============================>.] - ETA: 0s  loss: 1.3750 average val loss 1.9818
 Val Loss mSEL:0.569772
 Val acc:0.851941
 Val Loss mape:0.300664
[Testing] 124/125 [============================>.] - ETA: 0s  loss: 2.3289 average test loss 1.8737
Test Loss mSEL:0.529724,
Test acc:0.853327,
Test Loss mape:0.295029,
Consuming time:189.91 in the epoch: 6
Best test loss is 1.87
---------------*****---------------
Starting training the epoch: 7 
[Training] 581/582 [============================>.] - ETA: 0s  loss: 0.0092 average train loss 1.9245
Train Consuming time:145.18 in the epoch: 7
[Validating] 124/125 [============================>.] - ETA: 0s  loss: 1.3566 average val loss 1.9699
 Val Loss mSEL:0.568208
 Val acc:0.850554
 Val Loss mape:0.299759
[Testing] 124/125 [============================>.] - ETA: 0s  loss: 2.2583 average test loss 1.8566
Test Loss mSEL:0.530363,
Test acc:0.852571,
Test Loss mape:0.293848,
Consuming time:187.47 in the epoch: 7
Best test loss is 1.86
---------------*****---------------
Starting training the epoch: 8 
[Training] 581/582 [============================>.] - ETA: 0s  loss: 0.0076 average train loss 1.9109
Train Consuming time:148.19 in the epoch: 8
[Validating] 124/125 [============================>.] - ETA: 0s  loss: 1.3661 average val loss 1.9702
 Val Loss mSEL:0.571687
 Val acc:0.849168
 Val Loss mape:0.298924
[Testing] 124/125 [============================>.] - ETA: 0s  loss: 2.3610 average test loss 1.8609
Test Loss mSEL:0.535844,
Test acc:0.851058,
Test Loss mape:0.293342,
Consuming time:198.09 in the epoch: 8
Best test loss is 1.86
---------------*****---------------
Starting training the epoch: 9 
[Training] 581/582 [============================>.] - ETA: 0s  loss: 0.0074 average train loss 1.9016
Train Consuming time:140.80 in the epoch: 9
[Validating] 124/125 [============================>.] - ETA: 0s  loss: 1.3492 average val loss 1.9614
 Val Loss mSEL:0.552374
 Val acc:0.850554
 Val Loss mape:0.297590
[Testing] 124/125 [============================>.] - ETA: 0s  loss: 2.2333 average test loss 1.8534
Test Loss mSEL:0.525457,
Test acc:0.852823,
Test Loss mape:0.292056,
Consuming time:197.27 in the epoch: 9
Best test loss is 1.85
---------------*****---------------
Starting training the epoch: 10 
[Training] 581/582 [============================>.] - ETA: 0s  loss: 1.8363 average train loss 1.9555
Train Consuming time:145.61 in the epoch: 10
[Validating] 124/125 [============================>.] - ETA: 0s  loss: 1.3115 average val loss 1.9647
 Val Loss mSEL:0.540325
 Val acc:0.846774
 Val Loss mape:0.299297
[Testing] 124/125 [============================>.] - ETA: 0s  loss: 2.1332 average test loss 1.8535
Test Loss mSEL:0.511666,
Test acc:0.850428,
Test Loss mape:0.294168,
Consuming time:188.65 in the epoch: 10
Best test loss is 1.85
---------------*****---------------
Starting training the epoch: 11 
[Training] 581/582 [============================>.] - ETA: 0s  loss: 1.9536 average train loss 1.8974
Train Consuming time:143.85 in the epoch: 11
[Validating] 124/125 [============================>.] - ETA: 0s  loss: 1.2697 average val loss 1.9331
 Val Loss mSEL:0.571936
 Val acc:0.838080
 Val Loss mape:0.306706
[Testing] 124/125 [============================>.] - ETA: 0s  loss: 2.0433 average test loss 1.8129
Test Loss mSEL:0.549666,
Test acc:0.841356,
Test Loss mape:0.300511,
Consuming time:190.61 in the epoch: 11
Best test loss is 1.81
---------------*****---------------
Starting training the epoch: 12 
[Training] 581/582 [============================>.] - ETA: 0s  loss: 1.9200 average train loss 1.8877
Train Consuming time:142.97 in the epoch: 12
[Validating] 124/125 [============================>.] - ETA: 0s  loss: 1.2771 average val loss 1.9436
 Val Loss mSEL:0.583081
 Val acc:0.830141
 Val Loss mape:0.316790
[Testing] 124/125 [============================>.] - ETA: 0s  loss: 2.0268 average test loss 1.8297
Test Loss mSEL:0.573175,
Test acc:0.836694,
Test Loss mape:0.310528,
Consuming time:199.79 in the epoch: 12
Best test loss is 1.81
---------------*****---------------
Starting training the epoch: 13 
[Training] 581/582 [============================>.] - ETA: 0s  loss: 1.8737 average train loss 1.8823
Train Consuming time:145.86 in the epoch: 13
[Validating] 124/125 [============================>.] - ETA: 0s  loss: 1.2433 average val loss 1.9290
 Val Loss mSEL:0.569756
 Val acc:0.834425
 Val Loss mape:0.308247
[Testing] 124/125 [============================>.] - ETA: 0s  loss: 2.0059 average test loss 1.8146
Test Loss mSEL:0.547231,
Test acc:0.841356,
Test Loss mape:0.301727,
Consuming time:191.21 in the epoch: 13
Best test loss is 1.81
---------------*****---------------
Starting training the epoch: 14 
[Training] 581/582 [============================>.] - ETA: 0s  loss: 1.9135 average train loss 1.8716
Train Consuming time:145.62 in the epoch: 14
[Validating] 124/125 [============================>.] - ETA: 0s  loss: 1.2864 average val loss 1.9309
 Val Loss mSEL:0.569544
 Val acc:0.835938
 Val Loss mape:0.307823
[Testing] 124/125 [============================>.] - ETA: 0s  loss: 2.1290 average test loss 1.8306
Test Loss mSEL:0.550011,
Test acc:0.842112,
Test Loss mape:0.302017,
Consuming time:186.49 in the epoch: 14
Best test loss is 1.81
---------------*****---------------
Starting training the epoch: 15 
[Training] 581/582 [============================>.] - ETA: 0s  loss: 1.8445 average train loss 1.8674
Train Consuming time:143.59 in the epoch: 15
[Validating] 124/125 [============================>.] - ETA: 0s  loss: 1.3018 average val loss 1.9306
 Val Loss mSEL:0.560127
 Val acc:0.837702
 Val Loss mape:0.305266
[Testing] 124/125 [============================>.] - ETA: 0s  loss: 2.1429 average test loss 1.8238
Test Loss mSEL:0.552694,
Test acc:0.843624,
Test Loss mape:0.299258,
Consuming time:196.69 in the epoch: 15
Best test loss is 1.81
---------------*****---------------
Starting training the epoch: 16 
[Training] 581/582 [============================>.] - ETA: 0s  loss: 1.8081 average train loss 1.8637
Train Consuming time:148.92 in the epoch: 16
[Validating] 124/125 [============================>.] - ETA: 0s  loss: 1.2971 average val loss 1.9151
 Val Loss mSEL:0.530264
 Val acc:0.839340
 Val Loss mape:0.298574
[Testing] 124/125 [============================>.] - ETA: 0s  loss: 2.1381 average test loss 1.8081
Test Loss mSEL:0.515470,
Test acc:0.845262,
Test Loss mape:0.293332,
Consuming time:200.67 in the epoch: 16
Best test loss is 1.81
---------------*****---------------
Starting training the epoch: 17 
[Training] 581/582 [============================>.] - ETA: 0s  loss: 1.7960 average train loss 1.8545
Train Consuming time:144.00 in the epoch: 17
[Validating] 124/125 [============================>.] - ETA: 0s  loss: 1.3081 average val loss 1.9084
 Val Loss mSEL:0.552804
 Val acc:0.839340
 Val Loss mape:0.301599
[Testing] 124/125 [============================>.] - ETA: 0s  loss: 2.1356 average test loss 1.7945
Test Loss mSEL:0.533540,
Test acc:0.842238,
Test Loss mape:0.295628,
Consuming time:189.30 in the epoch: 17
Best test loss is 1.79
---------------*****---------------
Starting training the epoch: 18 
[Training] 581/582 [============================>.] - ETA: 0s  loss: 1.8124 average train loss 1.8485
Train Consuming time:137.41 in the epoch: 18
[Validating] 124/125 [============================>.] - ETA: 0s  loss: 1.2890 average val loss 1.9003
 Val Loss mSEL:0.554610
 Val acc:0.836316
 Val Loss mape:0.302162
[Testing] 124/125 [============================>.] - ETA: 0s  loss: 2.1336 average test loss 1.7955
Test Loss mSEL:0.543999,
Test acc:0.842616,
Test Loss mape:0.296494,
Consuming time:187.05 in the epoch: 18
Best test loss is 1.79
---------------*****---------------
Starting training the epoch: 19 
[Training] 581/582 [============================>.] - ETA: 0s  loss: 1.7797 average train loss 1.8435
Train Consuming time:146.71 in the epoch: 19
[Validating] 124/125 [============================>.] - ETA: 0s  loss: 1.3516 average val loss 1.9160
 Val Loss mSEL:0.568948
 Val acc:0.834551
 Val Loss mape:0.307446
[Testing] 124/125 [============================>.] - ETA: 0s  loss: 2.2136 average test loss 1.8097
Test Loss mSEL:0.553434,
Test acc:0.839466,
Test Loss mape:0.301812,
Consuming time:200.13 in the epoch: 19
Best test loss is 1.79
---------------*****---------------
Starting training the epoch: 20 
[Training] 581/582 [============================>.] - ETA: 0s  loss: 1.5992 average train loss 1.7962
Train Consuming time:144.12 in the epoch: 20
[Validating] 124/125 [============================>.] - ETA: 0s  loss: 1.3498 average val loss 1.8945
 Val Loss mSEL:0.547014
 Val acc:0.838584
 Val Loss mape:0.303107
[Testing] 124/125 [============================>.] - ETA: 0s  loss: 2.1447 average test loss 1.7876
Test Loss mSEL:0.536783,
Test acc:0.842616,
Test Loss mape:0.297300,
Consuming time:186.17 in the epoch: 20
Best test loss is 1.79
---------------*****---------------
Starting training the epoch: 21 
[Training] 581/582 [============================>.] - ETA: 0s  loss: 1.6002 average train loss 1.7859
Train Consuming time:152.29 in the epoch: 21
[Validating] 124/125 [============================>.] - ETA: 0s  loss: 1.3531 average val loss 1.8907
 Val Loss mSEL:0.541525
 Val acc:0.839592
 Val Loss mape:0.302051
[Testing] 124/125 [============================>.] - ETA: 0s  loss: 2.1351 average test loss 1.7824
Test Loss mSEL:0.532853,
Test acc:0.842490,
Test Loss mape:0.296090,
Consuming time:198.02 in the epoch: 21
Best test loss is 1.78
---------------*****---------------
Starting training the epoch: 22 
[Training] 581/582 [============================>.] - ETA: 0s  loss: 1.5986 average train loss 1.7824
Train Consuming time:141.80 in the epoch: 22
[Validating] 124/125 [============================>.] - ETA: 0s  loss: 1.3541 average val loss 1.8898
 Val Loss mSEL:0.539362
 Val acc:0.839088
 Val Loss mape:0.301735
[Testing] 124/125 [============================>.] - ETA: 0s  loss: 2.1346 average test loss 1.7802
Test Loss mSEL:0.531318,
Test acc:0.841860,
Test Loss mape:0.295648,
Consuming time:195.20 in the epoch: 22
Best test loss is 1.78
---------------*****---------------
Starting training the epoch: 23 
[Training] 581/582 [============================>.] - ETA: 0s  loss: 1.5972 average train loss 1.7801
Train Consuming time:128.32 in the epoch: 23
[Validating] 124/125 [============================>.] - ETA: 0s  loss: 1.3534 average val loss 1.8895
 Val Loss mSEL:0.540268
 Val acc:0.839214
 Val Loss mape:0.301482
[Testing] 124/125 [============================>.] - ETA: 0s  loss: 2.1348 average test loss 1.7789
Test Loss mSEL:0.529160,
Test acc:0.841986,
Test Loss mape:0.295297,
Consuming time:184.80 in the epoch: 23
Best test loss is 1.78
---------------*****---------------
Starting training the epoch: 24 
[Training] 581/582 [============================>.] - ETA: 0s  loss: 1.5929 average train loss 1.7792
Train Consuming time:147.26 in the epoch: 24
[Validating] 124/125 [============================>.] - ETA: 0s  loss: 1.3521 average val loss 1.8896
 Val Loss mSEL:0.539243
 Val acc:0.838584
 Val Loss mape:0.301440
[Testing] 124/125 [============================>.] - ETA: 0s  loss: 2.1356 average test loss 1.7779
Test Loss mSEL:0.528854,
Test acc:0.841986,
Test Loss mape:0.295158,
Consuming time:190.91 in the epoch: 24
Best test loss is 1.78
---------------*****---------------
Starting training the epoch: 25 
[Training] 581/582 [============================>.] - ETA: 0s  loss: 1.5945 average train loss 1.7782
Train Consuming time:149.77 in the epoch: 25
[Validating] 124/125 [============================>.] - ETA: 0s  loss: 1.3510 average val loss 1.8895
 Val Loss mSEL:0.540287
 Val acc:0.838836
 Val Loss mape:0.301294
[Testing] 124/125 [============================>.] - ETA: 0s  loss: 2.1348 average test loss 1.7773
Test Loss mSEL:0.529513,
Test acc:0.842112,
Test Loss mape:0.294946,
Consuming time:196.48 in the epoch: 25
Best test loss is 1.78
---------------*****---------------
Starting training the epoch: 26 
[Training] 581/582 [============================>.] - ETA: 0s  loss: 1.5952 average train loss 1.7773
Train Consuming time:133.83 in the epoch: 26
[Validating] 124/125 [============================>.] - ETA: 0s  loss: 1.3497 average val loss 1.8895
 Val Loss mSEL:0.540862
 Val acc:0.838962
 Val Loss mape:0.301305
[Testing] 124/125 [============================>.] - ETA: 0s  loss: 2.1334 average test loss 1.7767
Test Loss mSEL:0.530257,
Test acc:0.842238,
Test Loss mape:0.294909,
Consuming time:189.98 in the epoch: 26
Best test loss is 1.78
---------------*****---------------
Starting training the epoch: 27 
[Training] 581/582 [============================>.] - ETA: 0s  loss: 1.5936 average train loss 1.7768
Train Consuming time:143.79 in the epoch: 27
[Validating] 124/125 [============================>.] - ETA: 0s  loss: 1.3484 average val loss 1.8894
 Val Loss mSEL:0.539030
 Val acc:0.838836
 Val Loss mape:0.301231
[Testing] 124/125 [============================>.] - ETA: 0s  loss: 2.1311 average test loss 1.7763
Test Loss mSEL:0.528871,
Test acc:0.842616,
Test Loss mape:0.294800,
Consuming time:189.19 in the epoch: 27
Best test loss is 1.78
---------------*****---------------
Starting training the epoch: 28 
[Training] 581/582 [============================>.] - ETA: 0s  loss: 1.5960 average train loss 1.7759
Train Consuming time:151.98 in the epoch: 28
[Validating] 124/125 [============================>.] - ETA: 0s  loss: 1.3474 average val loss 1.8893
 Val Loss mSEL:0.536687
 Val acc:0.838710
 Val Loss mape:0.301162
[Testing] 124/125 [============================>.] - ETA: 0s  loss: 2.1291 average test loss 1.7760
Test Loss mSEL:0.526361,
Test acc:0.842994,
Test Loss mape:0.294712,
Consuming time:189.18 in the epoch: 28
Best test loss is 1.78
---------------*****---------------
Starting training the epoch: 29 
[Training] 581/582 [============================>.] - ETA: 0s  loss: 1.5951 average train loss 1.7753
Train Consuming time:143.62 in the epoch: 29
[Validating] 124/125 [============================>.] - ETA: 0s  loss: 1.3461 average val loss 1.8893
 Val Loss mSEL:0.537337
 Val acc:0.838836
 Val Loss mape:0.301166
[Testing] 124/125 [============================>.] - ETA: 0s  loss: 2.1269 average test loss 1.7757
Test Loss mSEL:0.526966,
Test acc:0.842742,
Test Loss mape:0.294691,
Consuming time:192.22 in the epoch: 29
Best test loss is 1.78
---------------*****---------------
Starting training the epoch: 30 
[Training] 581/582 [============================>.] - ETA: 0s  loss: 1.5958 average train loss 1.7750
Train Consuming time:149.15 in the epoch: 30
[Validating] 124/125 [============================>.] - ETA: 0s  loss: 1.3447 average val loss 1.8891
 Val Loss mSEL:0.535823
 Val acc:0.838836
 Val Loss mape:0.301167
[Testing] 124/125 [============================>.] - ETA: 0s  loss: 2.1243 average test loss 1.7754
Test Loss mSEL:0.525363,
Test acc:0.843120,
Test Loss mape:0.294684,
Consuming time:203.30 in the epoch: 30
Best test loss is 1.78
---------------*****---------------
Starting training the epoch: 31 
[Training] 581/582 [============================>.] - ETA: 0s  loss: 1.5941 average train loss 1.7744
Train Consuming time:140.89 in the epoch: 31
[Validating] 124/125 [============================>.] - ETA: 0s  loss: 1.3436 average val loss 1.8890
 Val Loss mSEL:0.534549
 Val acc:0.838332
 Val Loss mape:0.301082
[Testing] 124/125 [============================>.] - ETA: 0s  loss: 2.1225 average test loss 1.7751
Test Loss mSEL:0.525930,
Test acc:0.843120,
Test Loss mape:0.294585,
Consuming time:183.32 in the epoch: 31
Best test loss is 1.78
---------------*****---------------
Starting training the epoch: 32 
[Training] 581/582 [============================>.] - ETA: 0s  loss: 1.5955 average train loss 1.7740
Train Consuming time:145.23 in the epoch: 32
[Validating] 124/125 [============================>.] - ETA: 0s  loss: 1.3428 average val loss 1.8889
 Val Loss mSEL:0.532826
 Val acc:0.838332
 Val Loss mape:0.301004
[Testing] 124/125 [============================>.] - ETA: 0s  loss: 2.1204 average test loss 1.7749
Test Loss mSEL:0.525615,
Test acc:0.842994,
Test Loss mape:0.294502,
Consuming time:186.11 in the epoch: 32
Best test loss is 1.77
---------------*****---------------
Starting training the epoch: 33 
[Training] 581/582 [============================>.] - ETA: 0s  loss: 1.5971 average train loss 1.7739
Train Consuming time:153.84 in the epoch: 33
[Validating] 124/125 [============================>.] - ETA: 0s  loss: 1.3418 average val loss 1.8888
 Val Loss mSEL:0.533592
 Val acc:0.838458
 Val Loss mape:0.300948
[Testing] 124/125 [============================>.] - ETA: 0s  loss: 2.1188 average test loss 1.7747
Test Loss mSEL:0.524641,
Test acc:0.843246,
Test Loss mape:0.294434,
Consuming time:205.78 in the epoch: 33
Best test loss is 1.77
---------------*****---------------
Starting training the epoch: 34 
[Training] 581/582 [============================>.] - ETA: 0s  loss: 1.6003 average train loss 1.7729
Train Consuming time:142.60 in the epoch: 34
[Validating] 124/125 [============================>.] - ETA: 0s  loss: 1.3409 average val loss 1.8888
 Val Loss mSEL:0.533179
 Val acc:0.838458
 Val Loss mape:0.300927
[Testing] 124/125 [============================>.] - ETA: 0s  loss: 2.1179 average test loss 1.7745
Test Loss mSEL:0.524121,
Test acc:0.843120,
Test Loss mape:0.294402,
Consuming time:182.09 in the epoch: 34
Best test loss is 1.77
---------------*****---------------
Starting training the epoch: 35 
[Training] 581/582 [============================>.] - ETA: 0s  loss: 1.5965 average train loss 1.7727
Train Consuming time:148.95 in the epoch: 35
[Validating] 124/125 [============================>.] - ETA: 0s  loss: 1.3395 average val loss 1.8888
 Val Loss mSEL:0.531686
 Val acc:0.838458
 Val Loss mape:0.300993
[Testing] 124/125 [============================>.] - ETA: 0s  loss: 2.1170 average test loss 1.7743
Test Loss mSEL:0.523904,
Test acc:0.843372,
Test Loss mape:0.294459,
Consuming time:191.05 in the epoch: 35
Best test loss is 1.77
---------------*****---------------
Starting training the epoch: 36 
[Training] 581/582 [============================>.] - ETA: 0s  loss: 1.5967 average train loss 1.7725
Train Consuming time:145.17 in the epoch: 36
[Validating] 124/125 [============================>.] - ETA: 0s  loss: 1.3385 average val loss 1.8887
 Val Loss mSEL:0.532169
 Val acc:0.838584
 Val Loss mape:0.300962
[Testing] 124/125 [============================>.] - ETA: 0s  loss: 2.1161 average test loss 1.7741
Test Loss mSEL:0.522959,
Test acc:0.843372,
Test Loss mape:0.294422,
Consuming time:198.97 in the epoch: 36
Best test loss is 1.77
---------------*****---------------
Starting training the epoch: 37 
[Training] 581/582 [============================>.] - ETA: 0s  loss: 1.5929 average train loss 1.7723
Train Consuming time:144.29 in the epoch: 37
[Validating] 124/125 [============================>.] - ETA: 0s  loss: 1.3375 average val loss 1.8887
 Val Loss mSEL:0.530982
 Val acc:0.838458
 Val Loss mape:0.300942
[Testing] 124/125 [============================>.] - ETA: 0s  loss: 2.1154 average test loss 1.7739
Test Loss mSEL:0.523311,
Test acc:0.843372,
Test Loss mape:0.294400,
Consuming time:193.16 in the epoch: 37
Best test loss is 1.77
---------------*****---------------
Starting training the epoch: 38 
[Training] 581/582 [============================>.] - ETA: 0s  loss: 1.5947 average train loss 1.7720
Train Consuming time:141.66 in the epoch: 38
[Validating] 124/125 [============================>.] - ETA: 0s  loss: 1.3367 average val loss 1.8886
 Val Loss mSEL:0.530467
 Val acc:0.838332
 Val Loss mape:0.300978
[Testing] 124/125 [============================>.] - ETA: 0s  loss: 2.1143 average test loss 1.7739
Test Loss mSEL:0.523350,
Test acc:0.843246,
Test Loss mape:0.294447,
Consuming time:181.84 in the epoch: 38
Best test loss is 1.77
---------------*****---------------
Starting training the epoch: 39 
[Training] 581/582 [============================>.] - ETA: 0s  loss: 1.5944 average train loss 1.7716
Train Consuming time:150.00 in the epoch: 39
[Validating] 124/125 [============================>.] - ETA: 0s  loss: 1.3358 average val loss 1.8885
 Val Loss mSEL:0.530891
 Val acc:0.838332
 Val Loss mape:0.300951
[Testing] 124/125 [============================>.] - ETA: 0s  loss: 2.1133 average test loss 1.7738
Test Loss mSEL:0.523347,
Test acc:0.843246,
Test Loss mape:0.294436,
Consuming time:199.60 in the epoch: 39
Best test loss is 1.77
---------------*****---------------
Starting training the epoch: 40 
[Training] 581/582 [============================>.] - ETA: 0s  loss: 1.5946 average train loss 1.7711
Train Consuming time:142.77 in the epoch: 40
[Validating] 124/125 [============================>.] - ETA: 0s  loss: 1.3355 average val loss 1.8883
 Val Loss mSEL:0.530550
 Val acc:0.838332
 Val Loss mape:0.300890
[Testing] 124/125 [============================>.] - ETA: 0s  loss: 2.1124 average test loss 1.7737
Test Loss mSEL:0.523285,
Test acc:0.843246,
Test Loss mape:0.294387,
Consuming time:196.01 in the epoch: 40
Best test loss is 1.77
---------------*****---------------
Starting training the epoch: 41 
[Training] 581/582 [============================>.] - ETA: 0s  loss: 1.5965 average train loss 1.7707
Train Consuming time:137.44 in the epoch: 41
[Validating] 124/125 [============================>.] - ETA: 0s  loss: 1.3350 average val loss 1.8882
 Val Loss mSEL:0.531355
 Val acc:0.838080
 Val Loss mape:0.300938
[Testing] 124/125 [============================>.] - ETA: 0s  loss: 2.1118 average test loss 1.7736
Test Loss mSEL:0.523244,
Test acc:0.843246,
Test Loss mape:0.294443,
Consuming time:183.87 in the epoch: 41
Best test loss is 1.77
---------------*****---------------
Starting training the epoch: 42 
[Training] 581/582 [============================>.] - ETA: 0s  loss: 1.5951 average train loss 1.7704
Train Consuming time:150.28 in the epoch: 42
[Validating] 124/125 [============================>.] - ETA: 0s  loss: 1.3341 average val loss 1.8882
 Val Loss mSEL:0.530714
 Val acc:0.837954
 Val Loss mape:0.300930
[Testing] 124/125 [============================>.] - ETA: 0s  loss: 2.1112 average test loss 1.7736
Test Loss mSEL:0.523309,
Test acc:0.843120,
Test Loss mape:0.294434,
Consuming time:193.98 in the epoch: 42
Best test loss is 1.77
---------------*****---------------
Starting training the epoch: 43 
[Training] 581/582 [============================>.] - ETA: 0s  loss: 1.5961 average train loss 1.7703
Train Consuming time:147.07 in the epoch: 43
[Validating] 124/125 [============================>.] - ETA: 0s  loss: 1.3333 average val loss 1.8882
 Val Loss mSEL:0.530736
 Val acc:0.837828
 Val Loss mape:0.300846
[Testing] 124/125 [============================>.] - ETA: 0s  loss: 2.1108 average test loss 1.7735
Test Loss mSEL:0.523823,
Test acc:0.843246,
Test Loss mape:0.294355,
Consuming time:195.15 in the epoch: 43
Best test loss is 1.77
---------------*****---------------
Starting training the epoch: 44 
[Training] 581/582 [============================>.] - ETA: 0s  loss: 1.5945 average train loss 1.7701
Train Consuming time:140.41 in the epoch: 44
[Validating] 124/125 [============================>.] - ETA: 0s  loss: 1.3328 average val loss 1.8882
 Val Loss mSEL:0.531711
 Val acc:0.837828
 Val Loss mape:0.300861
[Testing] 124/125 [============================>.] - ETA: 0s  loss: 2.1107 average test loss 1.7734
Test Loss mSEL:0.525443,
Test acc:0.843246,
Test Loss mape:0.294364,
Consuming time:193.39 in the epoch: 44
Best test loss is 1.77
---------------*****---------------
Starting training the epoch: 45 
[Training] 581/582 [============================>.] - ETA: 0s  loss: 1.5949 average train loss 1.7696
Train Consuming time:145.35 in the epoch: 45
[Validating] 124/125 [============================>.] - ETA: 0s  loss: 1.3319 average val loss 1.8882
 Val Loss mSEL:0.532113
 Val acc:0.837828
 Val Loss mape:0.300886
[Testing] 124/125 [============================>.] - ETA: 0s  loss: 2.1102 average test loss 1.7733
Test Loss mSEL:0.526101,
Test acc:0.843120,
Test Loss mape:0.294397,
Consuming time:189.82 in the epoch: 45
Best test loss is 1.77
---------------*****---------------
Starting training the epoch: 46 
[Training] 581/582 [============================>.] - ETA: 0s  loss: 1.5953 average train loss 1.7696
Train Consuming time:147.26 in the epoch: 46
[Validating] 124/125 [============================>.] - ETA: 0s  loss: 1.3311 average val loss 1.8881
 Val Loss mSEL:0.532369
 Val acc:0.837954
 Val Loss mape:0.300867
[Testing] 124/125 [============================>.] - ETA: 0s  loss: 2.1102 average test loss 1.7732
Test Loss mSEL:0.525948,
Test acc:0.842994,
Test Loss mape:0.294390,
Consuming time:187.15 in the epoch: 46
Best test loss is 1.77
---------------*****---------------
Starting training the epoch: 47 
[Training] 581/582 [============================>.] - ETA: 0s  loss: 1.5962 average train loss 1.7692
Train Consuming time:143.34 in the epoch: 47
[Validating] 124/125 [============================>.] - ETA: 0s  loss: 1.3304 average val loss 1.8881
 Val Loss mSEL:0.531643
 Val acc:0.837954
 Val Loss mape:0.300829
[Testing] 124/125 [============================>.] - ETA: 0s  loss: 2.1101 average test loss 1.7732
Test Loss mSEL:0.525462,
Test acc:0.843120,
Test Loss mape:0.294347,
Consuming time:199.52 in the epoch: 47
Best test loss is 1.77
---------------*****---------------
Starting training the epoch: 48 
[Training] 581/582 [============================>.] - ETA: 0s  loss: 1.5896 average train loss 1.7691
Train Consuming time:143.49 in the epoch: 48
[Validating] 124/125 [============================>.] - ETA: 0s  loss: 1.3298 average val loss 1.8880
 Val Loss mSEL:0.531279
 Val acc:0.837954
 Val Loss mape:0.300802
[Testing] 124/125 [============================>.] - ETA: 0s  loss: 2.1091 average test loss 1.7730
Test Loss mSEL:0.525537,
Test acc:0.843120,
Test Loss mape:0.294334,
Consuming time:189.87 in the epoch: 48
Best test loss is 1.77
---------------*****---------------
Starting training the epoch: 49 
[Training] 581/582 [============================>.] - ETA: 0s  loss: 1.5899 average train loss 1.7692
Train Consuming time:143.33 in the epoch: 49
[Validating] 124/125 [============================>.] - ETA: 0s  loss: 1.3295 average val loss 1.8880
 Val Loss mSEL:0.532122
 Val acc:0.837954
 Val Loss mape:0.300806
[Testing] 124/125 [============================>.] - ETA: 0s  loss: 2.1089 average test loss 1.7729
Test Loss mSEL:0.526702,
Test acc:0.843246,
Test Loss mape:0.294334,
Consuming time:183.85 in the epoch: 49
Best test loss is 1.77