tc) [yuhang@localhost open-cas]$ python -u models/cas2vec/run.py 
===================configuration===================
learning rate :0.001 
num_mlp_layers : 1
num_layers : 2
gnn input_features : 100
gnn output_features : 64
input of rnn/transformer : 64
hidden_size (out put of rnn/tranformer) : 64
observation hour [7,19]
observation interval : 180
observation threshold : 3600
prediction time : 86400
cascade length [5,100]
model save at : ../model_save/cas2vec/weibo/
====bidirected: True, attention: GAT, gcn_type: self, rnn: gru====
===================configuration===================
len(Y_train), len(Y_valid), len(Y_test): 37228 7978 7978
train: max, min:  15.090568 0.0
val: max, min:  13.410318 0.0
test: max, min:  15.009785 0.0
preparing time:106.26354670524597
total parameters 94946
---------------*****---------------
Starting training the epoch: 0 
[Training] 581/582 [============================>.] - ETA: 0s  loss: 1.8668 average train loss 2.4964
Train Consuming time:143.85 in the epoch: 0
[Validating] 124/125 [============================>.] - ETA: 0s  loss: 1.3091 average val loss 2.0993
 Val Loss mSEL:0.587340
 Val acc:0.835685
 Val Loss mape:0.342841
[Testing] 124/125 [============================>.] - ETA: 0s  loss: 2.3017 average test loss 1.9753
Test Loss mSEL:0.564656,
Test acc:0.844002,
Test Loss mape:0.334020,
Consuming time:197.35 in the epoch: 0
Best test loss is 1.98
---------------*****---------------
Starting training the epoch: 1 
[Training] 581/582 [============================>.] - ETA: 0s  loss: 1.7655 average train loss 2.0482
Train Consuming time:243.88 in the epoch: 1
[Validating] 124/125 [============================>.] - ETA: 0s  loss: 1.5271 average val loss 2.1168
 Val Loss mSEL:0.575092
 Val acc:0.856603
 Val Loss mape:0.295670
[Testing] 124/125 [============================>.] - ETA: 0s  loss: 2.2826 average test loss 2.0222
Test Loss mSEL:0.549983,
Test acc:0.861643,
Test Loss mape:0.291038,
Consuming time:301.66 in the epoch: 1
Best test loss is 1.98
---------------*****---------------
Starting training the epoch: 2 
[Training] 581/582 [============================>.] - ETA: 0s  loss: 1.7846 average train loss 1.9938
Train Consuming time:174.14 in the epoch: 2
[Validating] 124/125 [============================>.] - ETA: 0s  loss: 1.3618 average val loss 1.9987
 Val Loss mSEL:0.530902
 Val acc:0.851184
 Val Loss mape:0.297321
[Testing] 124/125 [============================>.] - ETA: 0s  loss: 2.1315 average test loss 1.8976
Test Loss mSEL:0.509194,
Test acc:0.858619,
Test Loss mape:0.291952,
Consuming time:224.36 in the epoch: 2
Best test loss is 1.90
---------------*****---------------
Starting training the epoch: 3 
[Training] 581/582 [============================>.] - ETA: 0s  loss: 1.7349 average train loss 1.9686
Train Consuming time:154.37 in the epoch: 3
[Validating] 124/125 [============================>.] - ETA: 0s  loss: 1.4806 average val loss 2.0577
 Val Loss mSEL:0.527060
 Val acc:0.857359
 Val Loss mape:0.288629
[Testing] 124/125 [============================>.] - ETA: 0s  loss: 2.2532 average test loss 1.9676
Test Loss mSEL:0.510833,
Test acc:0.862273,
Test Loss mape:0.283803,
Consuming time:203.39 in the epoch: 3
Best test loss is 1.90
---------------*****---------------
Starting training the epoch: 4 
[Training] 581/582 [============================>.] - ETA: 0s  loss: 1.6699 average train loss 1.9469
Train Consuming time:96.26 in the epoch: 4
[Validating] 124/125 [============================>.] - ETA: 0s  loss: 1.3464 average val loss 1.9650
 Val Loss mSEL:0.516067
 Val acc:0.850932
 Val Loss mape:0.295585
[Testing] 124/125 [============================>.] - ETA: 0s  loss: 2.1208 average test loss 1.8745
Test Loss mSEL:0.496218,
Test acc:0.856981,
Test Loss mape:0.290477,
Consuming time:127.88 in the epoch: 4
Best test loss is 1.87
---------------*****---------------
Starting training the epoch: 5 
[Training] 581/582 [============================>.] - ETA: 0s  loss: 1.7709 average train loss 1.9303
Train Consuming time:91.32 in the epoch: 5
[Validating] 124/125 [============================>.] - ETA: 0s  loss: 1.4326 average val loss 2.0080
 Val Loss mSEL:0.520887
 Val acc:0.854587
 Val Loss mape:0.287880
[Testing] 124/125 [============================>.] - ETA: 0s  loss: 2.1492 average test loss 1.9177
Test Loss mSEL:0.504463,
Test acc:0.859753,
Test Loss mape:0.283001,
Consuming time:121.87 in the epoch: 5
Best test loss is 1.87
---------------*****---------------
Starting training the epoch: 6 
[Training] 581/582 [============================>.] - ETA: 0s  loss: 1.7184 average train loss 1.9153
Train Consuming time:92.08 in the epoch: 6
[Validating] 124/125 [============================>.] - ETA: 0s  loss: 1.3869 average val loss 1.9793
 Val Loss mSEL:0.523621
 Val acc:0.852697
 Val Loss mape:0.290008
[Testing] 124/125 [============================>.] - ETA: 0s  loss: 2.1223 average test loss 1.8781
Test Loss mSEL:0.507275,
Test acc:0.858997,
Test Loss mape:0.284667,
Consuming time:121.57 in the epoch: 6
Best test loss is 1.87
---------------*****---------------
Starting training the epoch: 7 
[Training] 581/582 [============================>.] - ETA: 0s  loss: 1.8031 average train loss 1.9033
Train Consuming time:90.34 in the epoch: 7
[Validating] 124/125 [============================>.] - ETA: 0s  loss: 1.2987 average val loss 1.9241
 Val Loss mSEL:0.538306
 Val acc:0.844380
 Val Loss mape:0.302464
[Testing] 124/125 [============================>.] - ETA: 0s  loss: 2.0591 average test loss 1.8215
Test Loss mSEL:0.520646,
Test acc:0.848664,
Test Loss mape:0.296913,
Consuming time:121.48 in the epoch: 7
Best test loss is 1.82
---------------*****---------------
Starting training the epoch: 8 
[Training] 581/582 [============================>.] - ETA: 0s  loss: 1.8297 average train loss 1.8937
Train Consuming time:91.29 in the epoch: 8
[Validating] 124/125 [============================>.] - ETA: 0s  loss: 1.3014 average val loss 1.9302
 Val Loss mSEL:0.525284
 Val acc:0.847026
 Val Loss mape:0.300054
[Testing] 124/125 [============================>.] - ETA: 0s  loss: 2.0944 average test loss 1.8366
Test Loss mSEL:0.519501,
Test acc:0.850806,
Test Loss mape:0.295293,
Consuming time:121.19 in the epoch: 8
Best test loss is 1.82
---------------*****---------------
Starting training the epoch: 9 
[Training] 581/582 [============================>.] - ETA: 0s  loss: 1.8841 average train loss 1.8861
Train Consuming time:91.20 in the epoch: 9
[Validating] 124/125 [============================>.] - ETA: 0s  loss: 1.3467 average val loss 1.9244
 Val Loss mSEL:0.551399
 Val acc:0.844128
 Val Loss mape:0.307280
[Testing] 124/125 [============================>.] - ETA: 0s  loss: 2.0932 average test loss 1.8257
Test Loss mSEL:0.545218,
Test acc:0.845514,
Test Loss mape:0.302016,
Consuming time:121.39 in the epoch: 9
Best test loss is 1.82
---------------*****---------------
Starting training the epoch: 10 
[Training] 581/582 [============================>.] - ETA: 0s  loss: 1.7826 average train loss 1.8780
Train Consuming time:90.78 in the epoch: 10
[Validating] 124/125 [============================>.] - ETA: 0s  loss: 1.2969 average val loss 1.9207
 Val Loss mSEL:0.565707
 Val acc:0.838080
 Val Loss mape:0.305205
[Testing] 124/125 [============================>.] - ETA: 0s  loss: 2.1342 average test loss 1.8229
Test Loss mSEL:0.545561,
Test acc:0.840348,
Test Loss mape:0.299917,
Consuming time:121.88 in the epoch: 10
Best test loss is 1.82
---------------*****---------------
Starting training the epoch: 11 
[Training] 581/582 [============================>.] - ETA: 0s  loss: 1.8713 average train loss 1.8702
Train Consuming time:90.72 in the epoch: 11
[Validating] 124/125 [============================>.] - ETA: 0s  loss: 1.3364 average val loss 1.9141
 Val Loss mSEL:0.563697
 Val acc:0.841356
 Val Loss mape:0.306751
[Testing] 124/125 [============================>.] - ETA: 0s  loss: 2.1140 average test loss 1.8111
Test Loss mSEL:0.542542,
Test acc:0.843498,
Test Loss mape:0.300618,
Consuming time:121.19 in the epoch: 11
Best test loss is 1.81
---------------*****---------------
Starting training the epoch: 12 
[Training] 581/582 [============================>.] - ETA: 0s  loss: 1.8629 average train loss 1.8655
Train Consuming time:119.76 in the epoch: 12
[Validating] 124/125 [============================>.] - ETA: 0s  loss: 1.3468 average val loss 1.9228
 Val Loss mSEL:0.563711
 Val acc:0.838206
 Val Loss mape:0.306762
[Testing] 124/125 [============================>.] - ETA: 0s  loss: 2.1487 average test loss 1.8185
Test Loss mSEL:0.549606,
Test acc:0.841482,
Test Loss mape:0.300067,
Consuming time:170.47 in the epoch: 12
Best test loss is 1.81
---------------*****---------------
Starting training the epoch: 13 
[Training] 581/582 [============================>.] - ETA: 0s  loss: 1.8199 average train loss 1.8612
Train Consuming time:98.04 in the epoch: 13
[Validating] 124/125 [============================>.] - ETA: 0s  loss: 1.3266 average val loss 1.9170
 Val Loss mSEL:0.569636
 Val acc:0.838458
 Val Loss mape:0.305089
[Testing] 124/125 [============================>.] - ETA: 0s  loss: 2.1595 average test loss 1.8118
Test Loss mSEL:0.545666,
Test acc:0.844002,
Test Loss mape:0.298672,
Consuming time:130.27 in the epoch: 13
Best test loss is 1.81
---------------*****---------------
Starting training the epoch: 14 
[Training] 581/582 [============================>.] - ETA: 0s  loss: 1.7095 average train loss 1.8568
Train Consuming time:101.48 in the epoch: 14
[Validating] 124/125 [============================>.] - ETA: 0s  loss: 1.3119 average val loss 1.9267
 Val Loss mSEL:0.561299
 Val acc:0.836568
 Val Loss mape:0.302885
[Testing] 124/125 [============================>.] - ETA: 0s  loss: 2.1714 average test loss 1.8237
Test Loss mSEL:0.537215,
Test acc:0.843246,
Test Loss mape:0.296182,
Consuming time:136.60 in the epoch: 14
Best test loss is 1.81
---------------*****---------------
Starting training the epoch: 15 
[Training] 581/582 [============================>.] - ETA: 0s  loss: 1.7520 average train loss 1.8504
Train Consuming time:105.99 in the epoch: 15
[Validating] 124/125 [============================>.] - ETA: 0s  loss: 1.3394 average val loss 1.9246
 Val Loss mSEL:0.567025
 Val acc:0.837450
 Val Loss mape:0.302969
[Testing] 124/125 [============================>.] - ETA: 0s  loss: 2.1761 average test loss 1.8180
Test Loss mSEL:0.536014,
Test acc:0.845136,
Test Loss mape:0.296184,
Consuming time:155.83 in the epoch: 15
Best test loss is 1.81
---------------*****---------------
Starting training the epoch: 16 
[Training] 581/582 [============================>.] - ETA: 0s  loss: 1.7047 average train loss 1.8465
Train Consuming time:107.64 in the epoch: 16
[Validating] 124/125 [============================>.] - ETA: 0s  loss: 1.3134 average val loss 1.9232
 Val Loss mSEL:0.562988
 Val acc:0.837828
 Val Loss mape:0.302300
[Testing] 124/125 [============================>.] - ETA: 0s  loss: 2.1725 average test loss 1.8177
Test Loss mSEL:0.534963,
Test acc:0.843750,
Test Loss mape:0.295812,
Consuming time:143.04 in the epoch: 16
Best test loss is 1.81
---------------*****---------------
Starting training the epoch: 17 
[Training] 581/582 [============================>.] - ETA: 0s  loss: 1.7489 average train loss 1.8422
Train Consuming time:133.39 in the epoch: 17
[Validating] 124/125 [============================>.] - ETA: 0s  loss: 1.2869 average val loss 1.9259
 Val Loss mSEL:0.579715
 Val acc:0.835559
 Val Loss mape:0.304391
[Testing] 124/125 [============================>.] - ETA: 0s  loss: 2.1654 average test loss 1.8217
Test Loss mSEL:0.553953,
Test acc:0.841608,
Test Loss mape:0.298114,
Consuming time:189.77 in the epoch: 17
Best test loss is 1.81
---------------*****---------------
Starting training the epoch: 18 
[Training] 581/582 [============================>.] - ETA: 0s  loss: 1.7136 average train loss 1.8351
Train Consuming time:132.54 in the epoch: 18
[Validating] 124/125 [============================>.] - ETA: 0s  loss: 1.3003 average val loss 1.9310
 Val Loss mSEL:0.584201
 Val acc:0.837828
 Val Loss mape:0.303014
[Testing] 124/125 [============================>.] - ETA: 0s  loss: 2.1528 average test loss 1.8201
Test Loss mSEL:0.553204,
Test acc:0.843876,
Test Loss mape:0.296047,
Consuming time:170.04 in the epoch: 18
Best test loss is 1.81
---------------*****---------------
Starting training the epoch: 19 
[Training] 581/582 [============================>.] - ETA: 0s  loss: 1.7051 average train loss 1.8292
Train Consuming time:117.89 in the epoch: 19
[Validating] 124/125 [============================>.] - ETA: 0s  loss: 1.2742 average val loss 1.9175
 Val Loss mSEL:0.565727
 Val acc:0.838836
 Val Loss mape:0.302356
[Testing] 124/125 [============================>.] - ETA: 0s  loss: 2.1787 average test loss 1.8067
Test Loss mSEL:0.535048,
Test acc:0.846396,
Test Loss mape:0.295895,
Consuming time:155.71 in the epoch: 19
Best test loss is 1.81
---------------*****---------------
Starting training the epoch: 20 
[Training] 581/582 [============================>.] - ETA: 0s  loss: 1.5524 average train loss 1.7969
Train Consuming time:137.97 in the epoch: 20
[Validating] 124/125 [============================>.] - ETA: 0s  loss: 1.2638 average val loss 1.9066
 Val Loss mSEL:0.566516
 Val acc:0.836190
 Val Loss mape:0.304515
[Testing] 124/125 [============================>.] - ETA: 0s  loss: 2.1441 average test loss 1.7980
Test Loss mSEL:0.550120,
Test acc:0.845388,
Test Loss mape:0.297952,
Consuming time:195.33 in the epoch: 20
Best test loss is 1.80
---------------*****---------------
Starting training the epoch: 21 
[Training] 581/582 [============================>.] - ETA: 0s  loss: 1.5491 average train loss 1.7909
Train Consuming time:157.64 in the epoch: 21
[Validating] 124/125 [============================>.] - ETA: 0s  loss: 1.2649 average val loss 1.9032
 Val Loss mSEL:0.563841
 Val acc:0.836316
 Val Loss mape:0.303993
[Testing] 124/125 [============================>.] - ETA: 0s  loss: 2.1296 average test loss 1.7967
Test Loss mSEL:0.545842,
Test acc:0.844506,
Test Loss mape:0.297462,
Consuming time:216.89 in the epoch: 21
Best test loss is 1.80
---------------*****---------------
Starting training the epoch: 22 
[Training] 581/582 [============================>.] - ETA: 0s  loss: 1.5487 average train loss 1.7875
Train Consuming time:159.28 in the epoch: 22
[Validating] 124/125 [============================>.] - ETA: 0s  loss: 1.2652 average val loss 1.9011
 Val Loss mSEL:0.562162
 Val acc:0.836064
 Val Loss mape:0.303602
[Testing] 124/125 [============================>.] - ETA: 0s  loss: 2.1205 average test loss 1.7961
Test Loss mSEL:0.540402,
Test acc:0.844506,
Test Loss mape:0.297075,
Consuming time:218.29 in the epoch: 22
Best test loss is 1.80
---------------*****---------------
Starting training the epoch: 23 
[Training] 581/582 [============================>.] - ETA: 0s  loss: 1.5497 average train loss 1.7850
Train Consuming time:160.47 in the epoch: 23
[Validating] 124/125 [============================>.] - ETA: 0s  loss: 1.2659 average val loss 1.8998
 Val Loss mSEL:0.556305
 Val acc:0.835938
 Val Loss mape:0.303189
[Testing] 124/125 [============================>.] - ETA: 0s  loss: 2.1136 average test loss 1.7958
Test Loss mSEL:0.538895,
Test acc:0.844884,
Test Loss mape:0.296655,
Consuming time:220.50 in the epoch: 23
Best test loss is 1.80
---------------*****---------------
Starting training the epoch: 24 
[Training] 581/582 [============================>.] - ETA: 0s  loss: 1.5507 average train loss 1.7831
Train Consuming time:159.58 in the epoch: 24
[Validating] 124/125 [============================>.] - ETA: 0s  loss: 1.2663 average val loss 1.8989
 Val Loss mSEL:0.554900
 Val acc:0.836064
 Val Loss mape:0.302908
[Testing] 124/125 [============================>.] - ETA: 0s  loss: 2.1080 average test loss 1.7955
Test Loss mSEL:0.535619,
Test acc:0.845010,
Test Loss mape:0.296391,
Consuming time:220.01 in the epoch: 24
Best test loss is 1.80
---------------*****---------------
Starting training the epoch: 25 
[Training] 581/582 [============================>.] - ETA: 0s  loss: 1.5521 average train loss 1.7815
Train Consuming time:160.26 in the epoch: 25
[Validating] 124/125 [============================>.] - ETA: 0s  loss: 1.2665 average val loss 1.8981
 Val Loss mSEL:0.552695
 Val acc:0.835811
 Val Loss mape:0.302749
[Testing] 124/125 [============================>.] - ETA: 0s  loss: 2.1028 average test loss 1.7953
Test Loss mSEL:0.531610,
Test acc:0.845262,
Test Loss mape:0.296247,
Consuming time:220.05 in the epoch: 25
Best test loss is 1.80
---------------*****---------------
Starting training the epoch: 26 
[Training] 581/582 [============================>.] - ETA: 0s  loss: 1.5530 average train loss 1.7801
Train Consuming time:160.75 in the epoch: 26
[Validating] 124/125 [============================>.] - ETA: 0s  loss: 1.2671 average val loss 1.8977
 Val Loss mSEL:0.551010
 Val acc:0.836064
 Val Loss mape:0.302591
[Testing] 124/125 [============================>.] - ETA: 0s  loss: 2.0988 average test loss 1.7951
Test Loss mSEL:0.532083,
Test acc:0.844884,
Test Loss mape:0.296080,
Consuming time:221.11 in the epoch: 26
Best test loss is 1.80
---------------*****---------------
Starting training the epoch: 27 
[Training] 581/582 [============================>.] - ETA: 0s  loss: 1.5548 average train loss 1.7789
Train Consuming time:161.17 in the epoch: 27
[Validating] 124/125 [============================>.] - ETA: 0s  loss: 1.2678 average val loss 1.8972
 Val Loss mSEL:0.550750
 Val acc:0.836316
 Val Loss mape:0.302507
[Testing] 124/125 [============================>.] - ETA: 0s  loss: 2.0959 average test loss 1.7949
Test Loss mSEL:0.528515,
Test acc:0.844506,
Test Loss mape:0.295981,
Consuming time:221.34 in the epoch: 27
Best test loss is 1.79
---------------*****---------------
Starting training the epoch: 28 
[Training] 581/582 [============================>.] - ETA: 0s  loss: 1.5572 average train loss 1.7779
Train Consuming time:160.45 in the epoch: 28
[Validating] 124/125 [============================>.] - ETA: 0s  loss: 1.2681 average val loss 1.8969
 Val Loss mSEL:0.549234
 Val acc:0.836316
 Val Loss mape:0.302442
[Testing] 124/125 [============================>.] - ETA: 0s  loss: 2.0934 average test loss 1.7947
Test Loss mSEL:0.526355,
Test acc:0.844632,
Test Loss mape:0.295910,
Consuming time:221.05 in the epoch: 28
Best test loss is 1.79
---------------*****---------------
Starting training the epoch: 29 
[Training] 581/582 [============================>.] - ETA: 0s  loss: 1.5587 average train loss 1.7769
Train Consuming time:162.64 in the epoch: 29
[Validating] 124/125 [============================>.] - ETA: 0s  loss: 1.2682 average val loss 1.8966
 Val Loss mSEL:0.547798
 Val acc:0.836568
 Val Loss mape:0.302369
[Testing] 124/125 [============================>.] - ETA: 0s  loss: 2.0917 average test loss 1.7944
Test Loss mSEL:0.525140,
Test acc:0.844632,
Test Loss mape:0.295835,
Consuming time:223.58 in the epoch: 29
Best test loss is 1.79
---------------*****---------------
Starting training the epoch: 30 
[Training] 581/582 [============================>.] - ETA: 0s  loss: 1.5603 average train loss 1.7762
Train Consuming time:162.28 in the epoch: 30
[Validating] 124/125 [============================>.] - ETA: 0s  loss: 1.2682 average val loss 1.8962
 Val Loss mSEL:0.547432
 Val acc:0.836568
 Val Loss mape:0.302303
[Testing] 124/125 [============================>.] - ETA: 0s  loss: 2.0901 average test loss 1.7940
Test Loss mSEL:0.523499,
Test acc:0.844380,
Test Loss mape:0.295746,
Consuming time:222.98 in the epoch: 30
Best test loss is 1.79
---------------*****---------------
Starting training the epoch: 31 
[Training] 581/582 [============================>.] - ETA: 0s  loss: 1.5617 average train loss 1.7754
Train Consuming time:160.19 in the epoch: 31
[Validating] 124/125 [============================>.] - ETA: 0s  loss: 1.2677 average val loss 1.8959
 Val Loss mSEL:0.547243
 Val acc:0.836694
 Val Loss mape:0.302265
[Testing] 124/125 [============================>.] - ETA: 0s  loss: 2.0881 average test loss 1.7936
Test Loss mSEL:0.521826,
Test acc:0.844380,
Test Loss mape:0.295695,
Consuming time:220.71 in the epoch: 31
Best test loss is 1.79
---------------*****---------------
Starting training the epoch: 32 [Training] 226/582 [==========>...................] - ET[Training] 227/582 [==========>...................] - ET[Training] 228/582 [==========>...................] - ET[Training] 229/582 [==========>...................] - ET[Training] 230/582 [==========>...................] - ET[Training] 231/582 [==========>...................] - ET[Training] 581/582 [============================>.] - ETA: 0s  loss: 1.5627 average train loss 1.7748
Train Consuming time:160.98 in the epoch: 32
[Validating] 124/125 [============================>.] - ETA: 0s  loss: 1.2676 average val loss 1.8957
 Val Loss mSEL:0.547018
 Val acc:0.836568
 Val Loss mape:0.302227
[Testing] 124/125 [============================>.] - ETA: 0s  loss: 2.0870 average test loss 1.7933
Test Loss mSEL:0.522285,
Test acc:0.844380,
Test Loss mape:0.295643,
Consuming time:221.53 in the epoch: 32
Best test loss is 1.79
---------------*****---------------
Starting training the epoch: 33 
[Training] 581/582 [============================>.] - ETA: 0s  loss: 1.5638 average train loss 1.7742
Train Consuming time:161.78 in the epoch: 33
[Validating] 124/125 [============================>.] - ETA: 0s  loss: 1.2678 average val loss 1.8955
 Val Loss mSEL:0.548012
 Val acc:0.836820
 Val Loss mape:0.302235
[Testing] 124/125 [============================>.] - ETA: 0s  loss: 2.0864 average test loss 1.7931
Test Loss mSEL:0.521406,
Test acc:0.844254,
Test Loss mape:0.295637,
Consuming time:222.41 in the epoch: 33
Best test loss is 1.79
---------------*****---------------
Starting training the epoch: 34 
[Training] 581/582 [============================>.] - ETA: 0s  loss: 1.5649 average train loss 1.7737
Train Consuming time:161.17 in the epoch: 34
[Validating] 124/125 [============================>.] - ETA: 0s  loss: 1.2684 average val loss 1.8954
 Val Loss mSEL:0.546514
 Val acc:0.836946
 Val Loss mape:0.302209
[Testing] 124/125 [============================>.] - ETA: 0s  loss: 2.0860 average test loss 1.7930
Test Loss mSEL:0.520904,
Test acc:0.844506,
Test Loss mape:0.295599,
Consuming time:222.02 in the epoch: 34
Best test loss is 1.79
---------------*****---------------
Starting training the epoch: 35 
[Training] 581/582 [============================>.] - ETA: 0s  loss: 1.5665 average train loss 1.7732
Train Consuming time:161.54 in the epoch: 35
[Validating] 124/125 [============================>.] - ETA: 0s  loss: 1.2681 average val loss 1.8952
 Val Loss mSEL:0.547846
 Val acc:0.836694
 Val Loss mape:0.302168
[Testing] 124/125 [============================>.] - ETA: 0s  loss: 2.0841 average test loss 1.7929
Test Loss mSEL:0.521422,
Test acc:0.844380,
Test Loss mape:0.295563,
Consuming time:222.43 in the epoch: 35
Best test loss is 1.79
---------------*****---------------
Starting training the epoch: 36 
[Training] 581/582 [============================>.] - ETA: 0s  loss: 1.5673 average train loss 1.7727
Train Consuming time:161.83 in the epoch: 36
[Validating] 124/125 [============================>.] - ETA: 0s  loss: 1.2683 average val loss 1.8951
 Val Loss mSEL:0.547428
 Val acc:0.836694
 Val Loss mape:0.302088
[Testing] 124/125 [============================>.] - ETA: 0s  loss: 2.0825 average test loss 1.7928
Test Loss mSEL:0.521770,
Test acc:0.844506,
Test Loss mape:0.295484,
Consuming time:222.64 in the epoch: 36
Best test loss is 1.79
---------------*****---------------
Starting training the epoch: 37 
[Training] 581/582 [============================>.] - ETA: 0s  loss: 1.5684 average train loss 1.7723
Train Consuming time:160.74 in the epoch: 37
[Validating] 124/125 [============================>.] - ETA: 0s  loss: 1.2682 average val loss 1.8950
 Val Loss mSEL:0.547392
 Val acc:0.836190
 Val Loss mape:0.302116
[Testing] 124/125 [============================>.] - ETA: 0s  loss: 2.0807 average test loss 1.7926
Test Loss mSEL:0.521545,
Test acc:0.844254,
Test Loss mape:0.295499,
Consuming time:221.31 in the epoch: 37
Best test loss is 1.79
---------------*****---------------
Starting training the epoch: 38 
[Training] 581/582 [============================>.] - ETA: 0s  loss: 1.5695 average train loss 1.7718
Train Consuming time:162.26 in the epoch: 38
[Validating] 124/125 [============================>.] - ETA: 0s  loss: 1.2682 average val loss 1.8949
 Val Loss mSEL:0.546832
 Val acc:0.836064
 Val Loss mape:0.302092
[Testing] 124/125 [============================>.] - ETA: 0s  loss: 2.0795 average test loss 1.7925
Test Loss mSEL:0.521181,
Test acc:0.844506,
Test Loss mape:0.295464,
Consuming time:223.78 in the epoch: 38
Best test loss is 1.79
---------------*****---------------
Starting training the epoch: 39 
[Training] 581/582 [============================>.] - ETA: 0s  loss: 1.5700 average train loss 1.7714
Train Consuming time:161.61 in the epoch: 39
[Validating] 124/125 [============================>.] - ETA: 0s  loss: 1.2685 average val loss 1.8949
 Val Loss mSEL:0.546181
 Val acc:0.836442
 Val Loss mape:0.302075
[Testing] 124/125 [============================>.] - ETA: 0s  loss: 2.0787 average test loss 1.7923
Test Loss mSEL:0.521367,
Test acc:0.845010,
Test Loss mape:0.295429,
Consuming time:222.11 in the epoch: 39
Best test loss is 1.79
---------------*****---------------
Starting training the epoch: 40 
[Training] 581/582 [============================>.] - ETA: 0s  loss: 1.5708 average train loss 1.7710
Train Consuming time:162.06 in the epoch: 40
[Validating] 124/125 [============================>.] - ETA: 0s  loss: 1.2692 average val loss 1.8948
 Val Loss mSEL:0.546286
 Val acc:0.836694
 Val Loss mape:0.302049
[Testing] 124/125 [============================>.] - ETA: 0s  loss: 2.0784 average test loss 1.7921
Test Loss mSEL:0.521022,
Test acc:0.844884,
Test Loss mape:0.295386,
Consuming time:223.70 in the epoch: 40
Best test loss is 1.79
---------------*****---------------
Starting training the epoch: 41 
[Training] 581/582 [============================>.] - ETA: 0s  loss: 1.5712 average train loss 1.7707
Train Consuming time:161.94 in the epoch: 41
[Validating] 124/125 [============================>.] - ETA: 0s  loss: 1.2697 average val loss 1.8947
 Val Loss mSEL:0.545895
 Val acc:0.837072
 Val Loss mape:0.302030
[Testing] 124/125 [============================>.] - ETA: 0s  loss: 2.0780 average test loss 1.7919
Test Loss mSEL:0.520339,
Test acc:0.844506,
Test Loss mape:0.295350,
Consuming time:222.81 in the epoch: 41
Best test loss is 1.79
---------------*****---------------
Starting training the epoch: 42 
[Training] 581/582 [============================>.] - ETA: 0s  loss: 1.5703 average train loss 1.7704
Train Consuming time:162.86 in the epoch: 42
[Validating] 124/125 [============================>.] - ETA: 0s  loss: 1.2703 average val loss 1.8947
 Val Loss mSEL:0.545314
 Val acc:0.836946
 Val Loss mape:0.302034
[Testing] 124/125 [============================>.] - ETA: 0s  loss: 2.0776 average test loss 1.7917
Test Loss mSEL:0.519706,
Test acc:0.844632,
Test Loss mape:0.295337,
Consuming time:224.15 in the epoch: 42
Best test loss is 1.79
---------------*****---------------
Starting training the epoch: 43 
[Training] 581/582 [============================>.] - ETA: 0s  loss: 1.5700 average train loss 1.7701
Train Consuming time:163.02 in the epoch: 43
[Validating] 124/125 [============================>.] - ETA: 0s  loss: 1.2708 average val loss 1.8947
 Val Loss mSEL:0.545423
 Val acc:0.836946
 Val Loss mape:0.302052
[Testing] 124/125 [============================>.] - ETA: 0s  loss: 2.0773 average test loss 1.7915
Test Loss mSEL:0.521045,
Test acc:0.844632,
Test Loss mape:0.295332,
Consuming time:224.48 in the epoch: 43
Best test loss is 1.79
---------------*****---------------
Starting training the epoch: 44 
[Training] 581/582 [============================>.] - ETA: 0s  loss: 1.5709 average train loss 1.7698
Train Consuming time:162.83 in the epoch: 44
[Validating] 124/125 [============================>.] - ETA: 0s  loss: 1.2712 average val loss 1.8946
 Val Loss mSEL:0.544564
 Val acc:0.837198
 Val Loss mape:0.302064
[Testing] 124/125 [============================>.] - ETA: 0s  loss: 2.0771 average test loss 1.7913
Test Loss mSEL:0.519947,
Test acc:0.844506,
Test Loss mape:0.295323,
Consuming time:223.82 in the epoch: 44
Best test loss is 1.79
---------------*****---------------
Starting training the epoch: 45 
[Training] 581/582 [============================>.] - ETA: 0s  loss: 1.5706 average train loss 1.7695
Train Consuming time:163.28 in the epoch: 45
[Validating] 124/125 [============================>.] - ETA: 0s  loss: 1.2714 average val loss 1.8946
 Val Loss mSEL:0.545198
 Val acc:0.837198
 Val Loss mape:0.302056
[Testing] 124/125 [============================>.] - ETA: 0s  loss: 2.0768 average test loss 1.7911
Test Loss mSEL:0.519956,
Test acc:0.844254,
Test Loss mape:0.295297,
Consuming time:224.54 in the epoch: 45
Best test loss is 1.79
---------------*****---------------
Starting training the epoch: 46 
[Training] 581/582 [============================>.] - ETA: 0s  loss: 1.5714 average train loss 1.7692
Train Consuming time:162.35 in the epoch: 46
[Validating] 124/125 [============================>.] - ETA: 0s  loss: 1.2718 average val loss 1.8945
 Val Loss mSEL:0.545959
 Val acc:0.837324
 Val Loss mape:0.302012
[Testing] 124/125 [============================>.] - ETA: 0s  loss: 2.0766 average test loss 1.7909
Test Loss mSEL:0.519046,
Test acc:0.844254,
Test Loss mape:0.295242,
Consuming time:223.61 in the epoch: 46
Best test loss is 1.79
---------------*****---------------
Starting training the epoch: 47 
[Training] 581/582 [============================>.] - ETA: 0s  loss: 1.5711 average train loss 1.7690
Train Consuming time:164.56 in the epoch: 47
[Validating] 124/125 [============================>.] - ETA: 0s  loss: 1.2719 average val loss 1.8944
 Val Loss mSEL:0.545294
 Val acc:0.837072
 Val Loss mape:0.302019
[Testing] 124/125 [============================>.] - ETA: 0s  loss: 2.0766 average test loss 1.7906
Test Loss mSEL:0.519710,
Test acc:0.844254,
Test Loss mape:0.295224,
Consuming time:226.52 in the epoch: 47
Best test loss is 1.79
---------------*****---------------
Starting training the epoch: 48 
[Training] 581/582 [============================>.] - ETA: 0s  loss: 1.5708 average train loss 1.7687
Train Consuming time:163.31 in the epoch: 48
[Validating] 124/125 [============================>.] - ETA: 0s  loss: 1.2721 average val loss 1.8944
 Val Loss mSEL:0.545265
 Val acc:0.837072
 Val Loss mape:0.301978
[Testing] 124/125 [============================>.] - ETA: 0s  loss: 2.0760 average test loss 1.7903
Test Loss mSEL:0.520702,
Test acc:0.844254,
Test Loss mape:0.295158,
Consuming time:225.31 in the epoch: 48
Best test loss is 1.79
---------------*****---------------
Starting training the epoch: 49 
[Training] 581/582 [============================>.] - ETA: 0s  loss: 1.5711 average train loss 1.7685
Train Consuming time:163.93 in the epoch: 49
[Validating] 124/125 [============================>.] - ETA: 0s  loss: 1.2721 average val loss 1.8944
 Val Loss mSEL:0.545428
 Val acc:0.837324
 Val Loss mape:0.301987
[Testing] 124/125 [============================>.] - ETA: 0s  loss: 2.0750 average test loss 1.7899
Test Loss mSEL:0.519829,
Test acc:0.844254,
Test Loss mape:0.295135,
Consuming time:225.99 in the epoch: 49
Best test loss is 1.79
(tc) [yuhang@localhost open-cas]$ 