===================configuration===================
learning rate :0.001 
num_mlp_layers : 1
num_layers : 2
gnn input_features : 100
gnn output_features : 64
input of rnn/transformer : 64
hidden_size (out put of rnn/tranformer) : 64
observation hour [7,19]
observation interval : 180
observation threshold : 3600
prediction time : 86400
cascade length [5,1000]
model save at : ../model_save/cas2vec/weibo1/
====bidirected: True, attention: , gcn_type: geo, rnn: gru====
===================configuration===================
len(Y_train), len(Y_valid), len(Y_test): 41474 8888 8887
preparing time:87.32918238639832
geometric gcn
total parameters 72073
---------------*****---------------
Starting training the epoch: 0 
total batch: 648.03125 
batch:99 average train loss 3.7187
batch:199 average train loss 3.1805
batch:299 average train loss 2.9382
batch:399 average train loss 2.8061
batch:499 average train loss 2.7497
batch:599 average train loss 2.6858
average train loss 2.6665
Train Consuming time:9355.81 in the epoch: 0
total val iterations: 139 
average val loss 2.2713
accuracy ( less than 0.1 ): 0.2680
median val loss 0.6486
total test iterations: 139 
average test loss 2.2456
accuracy ( less than 0.1 ): 0.2728
median test loss 0.6588
Consuming time:13416.75 in the epoch: 0
Best test loss is 2.25
---------------*****---------------
---------------*****---------------
Starting training the epoch: 1 
total batch: 648.03125 
batch:99 average train loss 2.3240
batch:199 average train loss 2.2337
batch:299 average train loss 2.2148
batch:399 average train loss 2.2030
batch:499 average train loss 2.2292
batch:599 average train loss 2.2243
average train loss 2.2281
Train Consuming time:549.17 in the epoch: 1
total val iterations: 139 
average val loss 2.1209
accuracy ( less than 0.1 ): 0.2748
median val loss 0.6243
total test iterations: 139 
average test loss 2.1004
accuracy ( less than 0.1 ): 0.2827
median test loss 0.6420
Consuming time:797.50 in the epoch: 1
Best test loss is 2.10
---------------*****---------------
---------------*****---------------
Starting training the epoch: 2 
total batch: 648.03125 
batch:99 average train loss 2.2275
batch:199 average train loss 2.1295
batch:299 average train loss 2.1133
batch:399 average train loss 2.1014
batch:499 average train loss 2.1275
batch:599 average train loss 2.1239
average train loss 2.1266
Train Consuming time:584.10 in the epoch: 2
total val iterations: 139 
average val loss 2.0064
accuracy ( less than 0.1 ): 0.2635
median val loss 0.5526
total test iterations: 139 
average test loss 1.9928
accuracy ( less than 0.1 ): 0.2673
median test loss 0.5816
Consuming time:839.94 in the epoch: 2
Best test loss is 1.99
---------------*****---------------
---------------*****---------------
Starting training the epoch: 3 
total batch: 648.03125 
batch:99 average train loss 2.1546
batch:199 average train loss 2.0526
batch:299 average train loss 2.0402
batch:399 average train loss 2.0294
batch:499 average train loss 2.0647
batch:599 average train loss 2.0651
average train loss 2.0682
Train Consuming time:585.37 in the epoch: 3
total val iterations: 139 
average val loss 2.0015
accuracy ( less than 0.1 ): 0.2729
median val loss 0.5985
total test iterations: 139 
average test loss 1.9860
accuracy ( less than 0.1 ): 0.2808
median test loss 0.6084
Consuming time:840.99 in the epoch: 3
Best test loss is 1.99
---------------*****---------------
---------------*****---------------
Starting training the epoch: 4 
total batch: 648.03125 
batch:99 average train loss 2.1241
batch:199 average train loss 2.0140
batch:299 average train loss 2.0098
batch:399 average train loss 1.9998
batch:499 average train loss 2.0377
batch:599 average train loss 2.0383
average train loss 2.0426
Train Consuming time:588.71 in the epoch: 4
total val iterations: 139 
average val loss 2.0024
accuracy ( less than 0.1 ): 0.2803
median val loss 0.6031
total test iterations: 139 
average test loss 1.9902
accuracy ( less than 0.1 ): 0.2896
median test loss 0.6075
Consuming time:844.61 in the epoch: 4
Best test loss is 1.99
---------------*****---------------
---------------*****---------------
Starting training the epoch: 5 
total batch: 648.03125 
batch:99 average train loss 2.1002
batch:199 average train loss 1.9873
batch:299 average train loss 1.9810
batch:399 average train loss 1.9719
batch:499 average train loss 2.0098
batch:599 average train loss 2.0108
average train loss 2.0153
Train Consuming time:587.56 in the epoch: 5
total val iterations: 139 
average val loss 2.0265
accuracy ( less than 0.1 ): 0.2991
median val loss 0.6171
total test iterations: 139 
average test loss 1.9976
accuracy ( less than 0.1 ): 0.3054
median test loss 0.6248
Consuming time:836.37 in the epoch: 5
Best test loss is 1.99
---------------*****---------------
---------------*****---------------
Starting training the epoch: 6 
total batch: 648.03125 
batch:99 average train loss 2.0880
batch:199 average train loss 1.9696
batch:299 average train loss 1.9637
batch:399 average train loss 1.9526
batch:499 average train loss 1.9916
batch:599 average train loss 1.9928
average train loss 1.9983
Train Consuming time:561.75 in the epoch: 6
total val iterations: 139 
average val loss 1.9987
accuracy ( less than 0.1 ): 0.2922
median val loss 0.6192
total test iterations: 139 
average test loss 1.9938
accuracy ( less than 0.1 ): 0.3036
median test loss 0.6249
Consuming time:808.98 in the epoch: 6
Best test loss is 1.99
---------------*****---------------
---------------*****---------------
Starting training the epoch: 7 
total batch: 648.03125 
batch:99 average train loss 2.0783
batch:199 average train loss 1.9615
batch:299 average train loss 1.9529
batch:399 average train loss 1.9437
batch:499 average train loss 1.9837
batch:599 average train loss 1.9829
average train loss 1.9873
Train Consuming time:784.89 in the epoch: 7
total val iterations: 139 
average val loss 1.9685
accuracy ( less than 0.1 ): 0.2788
median val loss 0.5803
total test iterations: 139 
average test loss 1.9558
accuracy ( less than 0.1 ): 0.2883
median test loss 0.5959
Consuming time:1138.70 in the epoch: 7
Best test loss is 1.96
---------------*****---------------
---------------*****---------------
Starting training the epoch: 8 
total batch: 648.03125 
batch:99 average train loss 2.0609
batch:199 average train loss 1.9445
batch:299 average train loss 1.9401
batch:399 average train loss 1.9293
batch:499 average train loss 1.9685
batch:599 average train loss 1.9684
average train loss 1.9730
Train Consuming time:810.39 in the epoch: 8
total val iterations: 139 
average val loss 1.9990
accuracy ( less than 0.1 ): 0.2918
median val loss 0.6252
total test iterations: 139 
average test loss 1.9885
accuracy ( less than 0.1 ): 0.3056
median test loss 0.6380
Consuming time:1162.25 in the epoch: 8
Best test loss is 1.96
---------------*****---------------
---------------*****---------------
Starting training the epoch: 9 
total batch: 648.03125 
batch:99 average train loss 2.0563
batch:199 average train loss 1.9369
batch:299 average train loss 1.9290
batch:399 average train loss 1.9189
batch:499 average train loss 1.9583
batch:599 average train loss 1.9584
average train loss 1.9629
Train Consuming time:801.99 in the epoch: 9
total val iterations: 139 
average val loss 1.9837
accuracy ( less than 0.1 ): 0.2862
median val loss 0.6055
total test iterations: 139 
average test loss 1.9773
accuracy ( less than 0.1 ): 0.2987
median test loss 0.6093
Consuming time:1152.38 in the epoch: 9
Best test loss is 1.96
---------------*****---------------
---------------*****---------------
Starting training the epoch: 10 
total batch: 648.03125 
batch:99 average train loss 2.0467
batch:199 average train loss 1.9249
batch:299 average train loss 1.9190
batch:399 average train loss 1.9105
batch:499 average train loss 1.9517
batch:599 average train loss 1.9506
average train loss 1.9546
Train Consuming time:805.22 in the epoch: 10
total val iterations: 139 
average val loss 1.9900
accuracy ( less than 0.1 ): 0.2887
median val loss 0.6021
total test iterations: 139 
average test loss 1.9867
accuracy ( less than 0.1 ): 0.3028
median test loss 0.6235
Consuming time:1156.18 in the epoch: 10
Best test loss is 1.96
---------------*****---------------
---------------*****---------------
Starting training the epoch: 11 
total batch: 648.03125 
batch:99 average train loss 2.0445
batch:199 average train loss 1.9243
batch:299 average train loss 1.9174
batch:399 average train loss 1.9051
batch:499 average train loss 1.9437
batch:599 average train loss 1.9420
average train loss 1.9461
Train Consuming time:795.24 in the epoch: 11
total val iterations: 139 
average val loss 2.0169
accuracy ( less than 0.1 ): 0.2897
median val loss 0.6415
total test iterations: 139 
average test loss 2.0024
accuracy ( less than 0.1 ): 0.2981
median test loss 0.6538
Consuming time:1048.50 in the epoch: 11
Best test loss is 1.96
---------------*****---------------
---------------*****---------------
Starting training the epoch: 12 
total batch: 648.03125 
batch:99 average train loss 2.0428
batch:199 average train loss 1.9201
batch:299 average train loss 1.9152
batch:399 average train loss 1.9023
batch:499 average train loss 1.9403
batch:599 average train loss 1.9378
average train loss 1.9418
Train Consuming time:574.13 in the epoch: 12
total val iterations: 139 
average val loss 1.9988
accuracy ( less than 0.1 ): 0.2828
median val loss 0.6149
total test iterations: 139 
average test loss 1.9726
accuracy ( less than 0.1 ): 0.2920
median test loss 0.6290
Consuming time:826.84 in the epoch: 12
Best test loss is 1.96
---------------*****---------------
---------------*****---------------
Starting training the epoch: 13 
total batch: 648.03125 
batch:99 average train loss 2.0340
batch:199 average train loss 1.9059
batch:299 average train loss 1.9021
batch:399 average train loss 1.8911
batch:499 average train loss 1.9295
batch:599 average train loss 1.9271
average train loss 1.9312
Train Consuming time:737.29 in the epoch: 13
total val iterations: 139 
average val loss 1.9906
accuracy ( less than 0.1 ): 0.2816
median val loss 0.6237
total test iterations: 139 
average test loss 1.9708
accuracy ( less than 0.1 ): 0.2935
median test loss 0.6338
Consuming time:1094.58 in the epoch: 13
Best test loss is 1.96
---------------*****---------------
---------------*****---------------
Starting training the epoch: 14 
total batch: 648.03125 
batch:99 average train loss 2.0235
batch:199 average train loss 1.8987
batch:299 average train loss 1.8973
batch:399 average train loss 1.8830
batch:499 average train loss 1.9213
batch:599 average train loss 1.9197
average train loss 1.9227
Train Consuming time:819.99 in the epoch: 14
total val iterations: 139 
average val loss 1.9868
accuracy ( less than 0.1 ): 0.2784
median val loss 0.6043
total test iterations: 139 
average test loss 1.9651
accuracy ( less than 0.1 ): 0.2916
median test loss 0.6242
Consuming time:1176.88 in the epoch: 14
Best test loss is 1.96
---------------*****---------------
---------------*****---------------
Starting training the epoch: 15 
total batch: 648.03125 
batch:99 average train loss 2.0162
batch:199 average train loss 1.8908
batch:299 average train loss 1.8880
batch:399 average train loss 1.8750
batch:499 average train loss 1.9111
batch:599 average train loss 1.9093
average train loss 1.9122
Train Consuming time:822.16 in the epoch: 15
total val iterations: 139 
average val loss 1.9792
accuracy ( less than 0.1 ): 0.2646
median val loss 0.5863
total test iterations: 139 
average test loss 1.9616
accuracy ( less than 0.1 ): 0.2766
median test loss 0.6075
Consuming time:1184.19 in the epoch: 15
Best test loss is 1.96
---------------*****---------------
---------------*****---------------
Starting training the epoch: 16 
total batch: 648.03125 
batch:99 average train loss 2.0069
batch:199 average train loss 1.8841
batch:299 average train loss 1.8782
batch:399 average train loss 1.8683
batch:499 average train loss 1.9075
batch:599 average train loss 1.9037
average train loss 1.9062
Train Consuming time:820.96 in the epoch: 16
total val iterations: 139 
average val loss 1.9994
accuracy ( less than 0.1 ): 0.2798
median val loss 0.6129
total test iterations: 139 
average test loss 1.9613
accuracy ( less than 0.1 ): 0.2906
median test loss 0.6222
Consuming time:1178.35 in the epoch: 16
Best test loss is 1.96
---------------*****---------------
---------------*****---------------
Starting training the epoch: 17 
total batch: 648.03125 
batch:99 average train loss 1.9907
batch:199 average train loss 1.8689
batch:299 average train loss 1.8663
batch:399 average train loss 1.8587
batch:499 average train loss 1.8985
batch:599 average train loss 1.8961
average train loss 1.8984
Train Consuming time:821.89 in the epoch: 17
total val iterations: 139 
average val loss 1.9763
accuracy ( less than 0.1 ): 0.2699
median val loss 0.5878
total test iterations: 139 
average test loss 1.9463
accuracy ( less than 0.1 ): 0.2812
median test loss 0.6099
Consuming time:1179.32 in the epoch: 17
Best test loss is 1.95
---------------*****---------------
---------------*****---------------
Starting training the epoch: 18 
total batch: 648.03125 
batch:99 average train loss 1.9792
batch:199 average train loss 1.8580
batch:299 average train loss 1.8574
batch:399 average train loss 1.8488
batch:499 average train loss 1.8886
batch:599 average train loss 1.8868
average train loss 1.8897
Train Consuming time:821.17 in the epoch: 18
total val iterations: 139 
average val loss 1.9722
accuracy ( less than 0.1 ): 0.2628
median val loss 0.5758
total test iterations: 139 
average test loss 1.9452
accuracy ( less than 0.1 ): 0.2767
median test loss 0.6083
Consuming time:1155.95 in the epoch: 18
Best test loss is 1.95
---------------*****---------------
---------------*****---------------
Starting training the epoch: 19 
total batch: 648.03125 
batch:99 average train loss 1.9698
batch:199 average train loss 1.8521
batch:299 average train loss 1.8536
batch:399 average train loss 1.8444
batch:499 average train loss 1.8868
batch:599 average train loss 1.8862
average train loss 1.8886
Train Consuming time:601.24 in the epoch: 19
total val iterations: 139 
average val loss 2.0021
accuracy ( less than 0.1 ): 0.2774
median val loss 0.6095
total test iterations: 139 
average test loss 1.9592
accuracy ( less than 0.1 ): 0.2886
median test loss 0.6262
Consuming time:854.61 in the epoch: 19
Best test loss is 1.95
---------------*****---------------
---------------*****---------------
Starting training the epoch: 20 
total batch: 648.03125 
batch:99 average train loss 1.9609
batch:199 average train loss 1.8464
batch:299 average train loss 1.8439
batch:399 average train loss 1.8333
batch:499 average train loss 1.8634
batch:599 average train loss 1.8527
average train loss 1.8505
Train Consuming time:671.52 in the epoch: 20
total val iterations: 139 
average val loss 1.9413
accuracy ( less than 0.1 ): 0.2551
median val loss 0.5500
total test iterations: 139 
average test loss 1.9127
accuracy ( less than 0.1 ): 0.2700
median test loss 0.5562
Consuming time:1032.25 in the epoch: 20
Best test loss is 1.91
---------------*****---------------
---------------*****---------------
Starting training the epoch: 21 
total batch: 648.03125 
batch:99 average train loss 1.9436
batch:199 average train loss 1.8294
batch:299 average train loss 1.8270
batch:399 average train loss 1.8185
batch:499 average train loss 1.8500
batch:599 average train loss 1.8403
average train loss 1.8394
Train Consuming time:823.01 in the epoch: 21
total val iterations: 139 
average val loss 1.9388
accuracy ( less than 0.1 ): 0.2535
median val loss 0.5513
total test iterations: 139 
average test loss 1.9102
accuracy ( less than 0.1 ): 0.2689
median test loss 0.5524
Consuming time:1182.92 in the epoch: 21
Best test loss is 1.91
---------------*****---------------
---------------*****---------------
Starting training the epoch: 22 
total batch: 648.03125 
batch:99 average train loss 1.9390
batch:199 average train loss 1.8244
batch:299 average train loss 1.8219
batch:399 average train loss 1.8123
batch:499 average train loss 1.8442
batch:599 average train loss 1.8347
average train loss 1.8344
Train Consuming time:827.92 in the epoch: 22
total val iterations: 139 
average val loss 1.9374
accuracy ( less than 0.1 ): 0.2533
median val loss 0.5548
total test iterations: 139 
average test loss 1.9090
accuracy ( less than 0.1 ): 0.2670
median test loss 0.5557
Consuming time:1186.19 in the epoch: 22
Best test loss is 1.91
---------------*****---------------
---------------*****---------------
Starting training the epoch: 23 
total batch: 648.03125 
batch:99 average train loss 1.9329
batch:199 average train loss 1.8196
batch:299 average train loss 1.8176
batch:399 average train loss 1.8077
batch:499 average train loss 1.8397
batch:599 average train loss 1.8308
average train loss 1.8308
Train Consuming time:822.62 in the epoch: 23
total val iterations: 139 
average val loss 1.9387
accuracy ( less than 0.1 ): 0.2548
median val loss 0.5554
total test iterations: 139 
average test loss 1.9099
accuracy ( less than 0.1 ): 0.2686
median test loss 0.5537
Consuming time:1182.60 in the epoch: 23
Best test loss is 1.91
---------------*****---------------
---------------*****---------------
Starting training the epoch: 24 
total batch: 648.03125 
batch:99 average train loss 1.9327
batch:199 average train loss 1.8182
batch:299 average train loss 1.8155
batch:399 average train loss 1.8055
batch:499 average train loss 1.8376
batch:599 average train loss 1.8285
average train loss 1.8288
Train Consuming time:827.58 in the epoch: 24
total val iterations: 139 
average val loss 1.9383
accuracy ( less than 0.1 ): 0.2557
median val loss 0.5583
total test iterations: 139 
average test loss 1.9092
accuracy ( less than 0.1 ): 0.2690
median test loss 0.5548
Consuming time:1186.97 in the epoch: 24
Best test loss is 1.91
---------------*****---------------
---------------*****---------------
Starting training the epoch: 25 
total batch: 648.03125 
batch:99 average train loss 1.9295
batch:199 average train loss 1.8155
batch:299 average train loss 1.8130
batch:399 average train loss 1.8031
batch:499 average train loss 1.8353
batch:599 average train loss 1.8263
average train loss 1.8269
Train Consuming time:823.07 in the epoch: 25
total val iterations: 139 
average val loss 1.9365
accuracy ( less than 0.1 ): 0.2555
median val loss 0.5580
total test iterations: 139 
average test loss 1.9078
accuracy ( less than 0.1 ): 0.2679
median test loss 0.5573
Consuming time:1183.07 in the epoch: 25
Best test loss is 1.91
---------------*****---------------
---------------*****---------------
Starting training the epoch: 26 
total batch: 648.03125 
batch:99 average train loss 1.9269
batch:199 average train loss 1.8133
batch:299 average train loss 1.8107
batch:399 average train loss 1.8009
batch:499 average train loss 1.8333
batch:599 average train loss 1.8244
average train loss 1.8251
Train Consuming time:825.49 in the epoch: 26
total val iterations: 139 
average val loss 1.9356
accuracy ( less than 0.1 ): 0.2559
median val loss 0.5576
total test iterations: 139 
average test loss 1.9066
accuracy ( less than 0.1 ): 0.2675
median test loss 0.5603
Consuming time:1192.79 in the epoch: 26
Best test loss is 1.91
---------------*****---------------
---------------*****---------------
Starting training the epoch: 27 
total batch: 648.03125 
batch:99 average train loss 1.9260
batch:199 average train loss 1.8119
batch:299 average train loss 1.8094
batch:399 average train loss 1.7995
batch:499 average train loss 1.8320
batch:599 average train loss 1.8235
average train loss 1.8245
Train Consuming time:824.81 in the epoch: 27
total val iterations: 139 
average val loss 1.9351
accuracy ( less than 0.1 ): 0.2555
median val loss 0.5581
total test iterations: 139 
average test loss 1.9056
accuracy ( less than 0.1 ): 0.2682
median test loss 0.5573
Consuming time:1187.65 in the epoch: 27
Best test loss is 1.91
---------------*****---------------
---------------*****---------------
Starting training the epoch: 28 
total batch: 648.03125 
batch:99 average train loss 1.9247
batch:199 average train loss 1.8102
batch:299 average train loss 1.8078
batch:399 average train loss 1.7979
batch:499 average train loss 1.8303
batch:599 average train loss 1.8224
average train loss 1.8236
Train Consuming time:825.40 in the epoch: 28
total val iterations: 139 
average val loss 1.9344
accuracy ( less than 0.1 ): 0.2558
median val loss 0.5591
total test iterations: 139 
average test loss 1.9050
accuracy ( less than 0.1 ): 0.2680
median test loss 0.5612
Consuming time:1186.94 in the epoch: 28
Best test loss is 1.90
---------------*****---------------
---------------*****---------------
Starting training the epoch: 29 
total batch: 648.03125 
batch:99 average train loss 1.9231
batch:199 average train loss 1.8086
batch:299 average train loss 1.8064
batch:399 average train loss 1.7966
batch:499 average train loss 1.8291
batch:599 average train loss 1.8212
average train loss 1.8225
Train Consuming time:832.02 in the epoch: 29
total val iterations: 139 
average val loss 1.9341
accuracy ( less than 0.1 ): 0.2555
median val loss 0.5589
total test iterations: 139 
average test loss 1.9046
accuracy ( less than 0.1 ): 0.2682
median test loss 0.5584
Consuming time:1192.75 in the epoch: 29
Best test loss is 1.90
---------------*****---------------
---------------*****---------------
Starting training the epoch: 30 
total batch: 648.03125 
batch:99 average train loss 1.9230
batch:199 average train loss 1.8079
batch:299 average train loss 1.8055
batch:399 average train loss 1.7954
batch:499 average train loss 1.8280
batch:599 average train loss 1.8201
average train loss 1.8215
Train Consuming time:824.76 in the epoch: 30
total val iterations: 139 
average val loss 1.9344
accuracy ( less than 0.1 ): 0.2558
median val loss 0.5614
total test iterations: 139 
average test loss 1.9045
accuracy ( less than 0.1 ): 0.2678
median test loss 0.5572
Consuming time:1185.97 in the epoch: 30
Best test loss is 1.90
---------------*****---------------
---------------*****---------------
Starting training the epoch: 31 
total batch: 648.03125 
batch:99 average train loss 1.9217
batch:199 average train loss 1.8065
batch:299 average train loss 1.8042
batch:399 average train loss 1.7942
batch:499 average train loss 1.8268
batch:599 average train loss 1.8190
average train loss 1.8205
Train Consuming time:826.43 in the epoch: 31
total val iterations: 139 
average val loss 1.9345
accuracy ( less than 0.1 ): 0.2574
median val loss 0.5634
total test iterations: 139 
average test loss 1.9045
accuracy ( less than 0.1 ): 0.2689
median test loss 0.5586
Consuming time:1193.16 in the epoch: 31
Best test loss is 1.90
---------------*****---------------
---------------*****---------------
Starting training the epoch: 32 
total batch: 648.03125 
batch:99 average train loss 1.9210
batch:199 average train loss 1.8057
batch:299 average train loss 1.8031
batch:399 average train loss 1.7928
batch:499 average train loss 1.8255
batch:599 average train loss 1.8179
average train loss 1.8195
Train Consuming time:826.38 in the epoch: 32
total val iterations: 139 
average val loss 1.9344
accuracy ( less than 0.1 ): 0.2583
median val loss 0.5610
total test iterations: 139 
average test loss 1.9041
accuracy ( less than 0.1 ): 0.2700
median test loss 0.5609
Consuming time:1137.80 in the epoch: 32
Best test loss is 1.90
---------------*****---------------
---------------*****---------------
Starting training the epoch: 33 
total batch: 648.03125 
batch:99 average train loss 1.9191
batch:199 average train loss 1.8043
batch:299 average train loss 1.8018
batch:399 average train loss 1.7916
batch:499 average train loss 1.8246
batch:599 average train loss 1.8171
average train loss 1.8189
Train Consuming time:606.59 in the epoch: 33
total val iterations: 139 
average val loss 1.9348
accuracy ( less than 0.1 ): 0.2587
median val loss 0.5623
total test iterations: 139 
average test loss 1.9046
accuracy ( less than 0.1 ): 0.2708
median test loss 0.5594
Consuming time:871.05 in the epoch: 33
Best test loss is 1.90
---------------*****---------------
---------------*****---------------
Starting training the epoch: 34 
total batch: 648.03125 
batch:99 average train loss 1.9194
batch:199 average train loss 1.8040
batch:299 average train loss 1.8012
batch:399 average train loss 1.7909
batch:499 average train loss 1.8239
batch:599 average train loss 1.8164
average train loss 1.8182
Train Consuming time:605.91 in the epoch: 34
total val iterations: 139 
average val loss 1.9345
accuracy ( less than 0.1 ): 0.2582
median val loss 0.5627
total test iterations: 139 
average test loss 1.9039
accuracy ( less than 0.1 ): 0.2717
median test loss 0.5604
Consuming time:870.42 in the epoch: 34
Best test loss is 1.90
---------------*****---------------
---------------*****---------------
Starting training the epoch: 35 
total batch: 648.03125 
batch:99 average train loss 1.9185
batch:199 average train loss 1.8031
batch:299 average train loss 1.8005
batch:399 average train loss 1.7903
batch:499 average train loss 1.8233
batch:599 average train loss 1.8158
average train loss 1.8178
Train Consuming time:606.34 in the epoch: 35
total val iterations: 139 
average val loss 1.9336
accuracy ( less than 0.1 ): 0.2576
median val loss 0.5620
total test iterations: 139 
average test loss 1.9030
accuracy ( less than 0.1 ): 0.2716
median test loss 0.5602
Consuming time:870.98 in the epoch: 35
Best test loss is 1.90
---------------*****---------------
---------------*****---------------
Starting training the epoch: 36 
total batch: 648.03125 
batch:99 average train loss 1.9169
batch:199 average train loss 1.8019
batch:299 average train loss 1.7994
batch:399 average train loss 1.7892
batch:499 average train loss 1.8223
batch:599 average train loss 1.8149
average train loss 1.8168
Train Consuming time:637.19 in the epoch: 36
total val iterations: 139 
average val loss 1.9342
accuracy ( less than 0.1 ): 0.2585
median val loss 0.5620
total test iterations: 139 
average test loss 1.9032
accuracy ( less than 0.1 ): 0.2715
median test loss 0.5605
Consuming time:901.68 in the epoch: 36
Best test loss is 1.90
---------------*****---------------
---------------*****---------------
Starting training the epoch: 37 
total batch: 648.03125 
batch:99 average train loss 1.9163
batch:199 average train loss 1.8012
batch:299 average train loss 1.7987
batch:399 average train loss 1.7886
batch:499 average train loss 1.8217
batch:599 average train loss 1.8144
average train loss 1.8164
Train Consuming time:605.61 in the epoch: 37
total val iterations: 139 
average val loss 1.9331
accuracy ( less than 0.1 ): 0.2571
median val loss 0.5605
total test iterations: 139 
average test loss 1.9026
accuracy ( less than 0.1 ): 0.2707
median test loss 0.5579
Consuming time:870.35 in the epoch: 37
Best test loss is 1.90
---------------*****---------------
---------------*****---------------
Starting training the epoch: 38 
total batch: 648.03125 
batch:99 average train loss 1.9155
batch:199 average train loss 1.8003
batch:299 average train loss 1.7980
batch:399 average train loss 1.7879
batch:499 average train loss 1.8211
batch:599 average train loss 1.8139
average train loss 1.8160
Train Consuming time:605.92 in the epoch: 38
total val iterations: 139 
average val loss 1.9328
accuracy ( less than 0.1 ): 0.2576
median val loss 0.5595
total test iterations: 139 
average test loss 1.9022
accuracy ( less than 0.1 ): 0.2700
median test loss 0.5599
Consuming time:870.70 in the epoch: 38
Best test loss is 1.90
---------------*****---------------
---------------*****---------------
Starting training the epoch: 39 
total batch: 648.03125 
batch:99 average train loss 1.9148
batch:199 average train loss 1.7995
batch:299 average train loss 1.7973
batch:399 average train loss 1.7873
batch:499 average train loss 1.8206
batch:599 average train loss 1.8134
average train loss 1.8154
Train Consuming time:605.55 in the epoch: 39
total val iterations: 139 
average val loss 1.9334
accuracy ( less than 0.1 ): 0.2579
median val loss 0.5604
total test iterations: 139 
average test loss 1.9025
accuracy ( less than 0.1 ): 0.2708
median test loss 0.5570
Consuming time:870.24 in the epoch: 39
Best test loss is 1.90
---------------*****---------------
---------------*****---------------
Starting training the epoch: 40 
total batch: 648.03125 
batch:99 average train loss 1.9142
batch:199 average train loss 1.7990
batch:299 average train loss 1.7968
batch:399 average train loss 1.7867
batch:499 average train loss 1.8201
batch:599 average train loss 1.8130
average train loss 1.8151
Train Consuming time:605.19 in the epoch: 40
total val iterations: 139 
average val loss 1.9326
accuracy ( less than 0.1 ): 0.2572
median val loss 0.5603
total test iterations: 139 
average test loss 1.9015
accuracy ( less than 0.1 ): 0.2707
median test loss 0.5583
Consuming time:869.56 in the epoch: 40
Best test loss is 1.90
---------------*****---------------
---------------*****---------------
Starting training the epoch: 41 
total batch: 648.03125 
batch:99 average train loss 1.9127
batch:199 average train loss 1.7981
batch:299 average train loss 1.7962
batch:399 average train loss 1.7861
batch:499 average train loss 1.8195
batch:599 average train loss 1.8124
average train loss 1.8146
Train Consuming time:605.10 in the epoch: 41
total val iterations: 139 
average val loss 1.9325
accuracy ( less than 0.1 ): 0.2578
median val loss 0.5596
total test iterations: 139 
average test loss 1.9014
accuracy ( less than 0.1 ): 0.2713
median test loss 0.5582
Consuming time:869.94 in the epoch: 41
Best test loss is 1.90
---------------*****---------------
---------------*****---------------
Starting training the epoch: 42 
total batch: 648.03125 
batch:99 average train loss 1.9117
batch:199 average train loss 1.7974
batch:299 average train loss 1.7954
batch:399 average train loss 1.7854
batch:499 average train loss 1.8189
batch:599 average train loss 1.8121
average train loss 1.8143
Train Consuming time:605.33 in the epoch: 42
total val iterations: 139 
average val loss 1.9322
accuracy ( less than 0.1 ): 0.2575
median val loss 0.5602
total test iterations: 139 
average test loss 1.9007
accuracy ( less than 0.1 ): 0.2707
median test loss 0.5596
Consuming time:870.04 in the epoch: 42
Best test loss is 1.90
---------------*****---------------
---------------*****---------------
Starting training the epoch: 43 
total batch: 648.03125 
batch:99 average train loss 1.9116
batch:199 average train loss 1.7969
batch:299 average train loss 1.7948
batch:399 average train loss 1.7847
batch:499 average train loss 1.8181
batch:599 average train loss 1.8114
average train loss 1.8136
Train Consuming time:718.47 in the epoch: 43
total val iterations: 139 
average val loss 1.9322
accuracy ( less than 0.1 ): 0.2569
median val loss 0.5599
total test iterations: 139 
average test loss 1.9010
accuracy ( less than 0.1 ): 0.2707
median test loss 0.5598
Consuming time:1034.04 in the epoch: 43
Best test loss is 1.90
---------------*****---------------
---------------*****---------------
Starting training the epoch: 44 
total batch: 648.03125 
batch:99 average train loss 1.9111
batch:199 average train loss 1.7965
batch:299 average train loss 1.7943
batch:399 average train loss 1.7842
batch:499 average train loss 1.8180
batch:599 average train loss 1.8110
average train loss 1.8132
Train Consuming time:716.73 in the epoch: 44
total val iterations: 139 
average val loss 1.9328
accuracy ( less than 0.1 ): 0.2575
median val loss 0.5608
total test iterations: 139 
average test loss 1.9012
accuracy ( less than 0.1 ): 0.2720
median test loss 0.5604
Consuming time:1032.04 in the epoch: 44
Best test loss is 1.90
---------------*****---------------
---------------*****---------------
Starting training the epoch: 45 
total batch: 648.03125 
batch:99 average train loss 1.9107
batch:199 average train loss 1.7959
batch:299 average train loss 1.7939
batch:399 average train loss 1.7837
batch:499 average train loss 1.8175
batch:599 average train loss 1.8107
average train loss 1.8129
Train Consuming time:716.25 in the epoch: 45
total val iterations: 139 
average val loss 1.9327
accuracy ( less than 0.1 ): 0.2584
median val loss 0.5620
total test iterations: 139 
average test loss 1.9010
accuracy ( less than 0.1 ): 0.2722
median test loss 0.5617
Consuming time:1033.11 in the epoch: 45
Best test loss is 1.90
---------------*****---------------
---------------*****---------------
Starting training the epoch: 46 
total batch: 648.03125 
batch:99 average train loss 1.9093
batch:199 average train loss 1.7950
batch:299 average train loss 1.7931
batch:399 average train loss 1.7831
batch:499 average train loss 1.8170
batch:599 average train loss 1.8102
average train loss 1.8125
Train Consuming time:722.40 in the epoch: 46
total val iterations: 139 
average val loss 1.9330
accuracy ( less than 0.1 ): 0.2585
median val loss 0.5608
total test iterations: 139 
average test loss 1.9008
accuracy ( less than 0.1 ): 0.2723
median test loss 0.5622
Consuming time:1040.85 in the epoch: 46
Best test loss is 1.90
---------------*****---------------
---------------*****---------------
Starting training the epoch: 47 
total batch: 648.03125 
batch:99 average train loss 1.9088
batch:199 average train loss 1.7944
batch:299 average train loss 1.7926
batch:399 average train loss 1.7826
batch:499 average train loss 1.8164
batch:599 average train loss 1.8097
average train loss 1.8120
Train Consuming time:722.60 in the epoch: 47
total val iterations: 139 
average val loss 1.9329
accuracy ( less than 0.1 ): 0.2587
median val loss 0.5611
total test iterations: 139 
average test loss 1.9004
accuracy ( less than 0.1 ): 0.2715
median test loss 0.5594
Consuming time:1042.02 in the epoch: 47
Best test loss is 1.90
---------------*****---------------
---------------*****---------------
Starting training the epoch: 48 
total batch: 648.03125 
batch:99 average train loss 1.9085
batch:199 average train loss 1.7937
batch:299 average train loss 1.7921
batch:399 average train loss 1.7821
batch:499 average train loss 1.8161
batch:599 average train loss 1.8094
average train loss 1.8119
Train Consuming time:719.92 in the epoch: 48
total val iterations: 139 
average val loss 1.9331
accuracy ( less than 0.1 ): 0.2595
median val loss 0.5590
total test iterations: 139 
average test loss 1.9008
accuracy ( less than 0.1 ): 0.2731
median test loss 0.5593
Consuming time:1038.43 in the epoch: 48
Best test loss is 1.90
---------------*****---------------
---------------*****---------------
Starting training the epoch: 49 
total batch: 648.03125 
batch:99 average train loss 1.9082
batch:199 average train loss 1.7934
batch:299 average train loss 1.7918
batch:399 average train loss 1.7817
batch:499 average train loss 1.8155
batch:599 average train loss 1.8089
average train loss 1.8113
Train Consuming time:722.35 in the epoch: 49
total val iterations: 139 
average val loss 1.9328
accuracy ( less than 0.1 ): 0.2591
median val loss 0.5590
total test iterations: 139 
average test loss 1.9000
accuracy ( less than 0.1 ): 0.2726
median test loss 0.5597
Consuming time:1041.38 in the epoch: 49
Best test loss is 1.90
---------------*****---------------
