(tc) [yuhang@localhost open-cas]$ python -u models/cas2vec/run.py 
===================configuration===================
learning rate :0.001 
num_mlp_layers : 1
num_layers : 2
gnn input_features : 100
gnn output_features : 64
input of rnn/transformer : 64
hidden_size (out put of rnn/tranformer) : 64
observation hour [7,19]
observation interval : 180
observation threshold : 3600
prediction time : 86400
cascade length [5,100]
model save at : ../model_save/cas2vec/weibo/
====bidirected: True, attention: GAT, gcn_type: self, rnn: gru====
===================configuration===================
len(Y_train), len(Y_valid), len(Y_test): 37228 7978 7978
train: max, min:  15.090568 0.0
val: max, min:  13.410318 0.0
test: max, min:  15.009785 0.0
preparing time:109.1389672756195
total parameters 90338
---------------*****---------------
Starting training the epoch: 0 
[Training] 581/582 [============================>.] - ETA: 0s  loss: 2.0780 average train loss 2.5797
Train Consuming time:155.84 in the epoch: 0
[Validating] 124/125 [============================>.] - ETA: 0s  loss: 1.8552 average val loss 2.3926
 Val Loss mSEL:0.642492
 Val acc:0.859501
 Val Loss mape:0.309012
[Testing] 124/125 [============================>.] - ETA: 0s  loss: 2.4069 average test loss 2.2428
Test Loss mSEL:0.635571,
Test acc:0.862525,
Test Loss mape:0.301185,
Consuming time:220.70 in the epoch: 0
Best test loss is 2.24
---------------*****---------------
Starting training the epoch: 1 
[Training] 581/582 [============================>.] - ETA: 0s  loss: 2.0343 average train loss 2.0923
Train Consuming time:169.76 in the epoch: 1
[Validating] 124/125 [============================>.] - ETA: 0s  loss: 1.6930 average val loss 2.2511
 Val Loss mSEL:0.602401
 Val acc:0.847908
 Val Loss mape:0.298790
[Testing] 124/125 [============================>.] - ETA: 0s  loss: 2.3538 average test loss 2.1116
Test Loss mSEL:0.585329,
Test acc:0.854083,
Test Loss mape:0.292012,
Consuming time:230.82 in the epoch: 1
Best test loss is 2.11
---------------*****---------------
Starting training the epoch: 2 
[Training] 581/582 [============================>.] - ETA: 0s  loss: 1.8660 average train loss 2.0125
Train Consuming time:170.00 in the epoch: 2
[Validating] 124/125 [============================>.] - ETA: 0s  loss: 1.7702 average val loss 2.1932
 Val Loss mSEL:0.576629
 Val acc:0.854587
 Val Loss mape:0.293632
[Testing] 124/125 [============================>.] - ETA: 0s  loss: 2.3327 average test loss 2.0586
Test Loss mSEL:0.561010,
Test acc:0.858493,
Test Loss mape:0.286324,
Consuming time:232.59 in the epoch: 2
Best test loss is 2.06
---------------*****---------------
Starting training the epoch: 3 
[Training] 581/582 [============================>.] - ETA: 0s  loss: 1.8482 average train loss 1.9655
Train Consuming time:170.07 in the epoch: 3
[Validating] 124/125 [============================>.] - ETA: 0s  loss: 1.6604 average val loss 2.0777
 Val Loss mSEL:0.545422
 Val acc:0.844884
 Val Loss mape:0.299197
[Testing] 124/125 [============================>.] - ETA: 0s  loss: 2.2842 average test loss 1.9554
Test Loss mSEL:0.543245,
Test acc:0.851184,
Test Loss mape:0.292823,
Consuming time:231.60 in the epoch: 3
Best test loss is 1.96
---------------*****---------------
Starting training the epoch: 4 
[Training] 581/582 [============================>.] - ETA: 0s  loss: 1.7154 average train loss 1.9438
Train Consuming time:170.02 in the epoch: 4
[Validating] 124/125 [============================>.] - ETA: 0s  loss: 1.6340 average val loss 2.0782
 Val Loss mSEL:0.543367
 Val acc:0.855721
 Val Loss mape:0.290053
[Testing] 124/125 [============================>.] - ETA: 0s  loss: 2.2156 average test loss 1.9483
Test Loss mSEL:0.520760,
Test acc:0.858745,
Test Loss mape:0.285100,
Consuming time:231.39 in the epoch: 4
Best test loss is 1.95
---------------*****---------------
Starting training the epoch: 5 
[Training] 581/582 [============================>.] - ETA: 0s  loss: 1.7616 average train loss 1.9188
Train Consuming time:170.89 in the epoch: 5
[Validating] 124/125 [============================>.] - ETA: 0s  loss: 1.4982 average val loss 2.0289
 Val Loss mSEL:0.565188
 Val acc:0.842364
 Val Loss mape:0.307312
[Testing] 124/125 [============================>.] - ETA: 0s  loss: 2.2400 average test loss 1.8921
Test Loss mSEL:0.548568,
Test acc:0.848916,
Test Loss mape:0.298562,
Consuming time:231.97 in the epoch: 5
Best test loss is 1.89
---------------*****---------------
Starting training the epoch: 6 
[Training] 581/582 [============================>.] - ETA: 0s  loss: 1.7459 average train loss 1.9104
Train Consuming time:170.93 in the epoch: 6
[Validating] 124/125 [============================>.] - ETA: 0s  loss: 1.4444 average val loss 2.0172
 Val Loss mSEL:0.557527
 Val acc:0.849168
 Val Loss mape:0.294312
[Testing] 124/125 [============================>.] - ETA: 0s  loss: 2.1771 average test loss 1.8946
Test Loss mSEL:0.531705,
Test acc:0.855091,
Test Loss mape:0.289263,
Consuming time:232.38 in the epoch: 6
Best test loss is 1.89
---------------*****---------------
Starting training the epoch: 7 
[Training] 581/582 [============================>.] - ETA: 0s  loss: 1.7091 average train loss 1.9006
Train Consuming time:169.04 in the epoch: 7
[Validating] 124/125 [============================>.] - ETA: 0s  loss: 1.4716 average val loss 2.0402
 Val Loss mSEL:0.537393
 Val acc:0.851436
 Val Loss mape:0.293042
[Testing] 124/125 [============================>.] - ETA: 0s  loss: 2.2674 average test loss 1.9255
Test Loss mSEL:0.546479,
Test acc:0.856099,
Test Loss mape:0.287973,
Consuming time:229.96 in the epoch: 7
Best test loss is 1.89
---------------*****---------------
Starting training the epoch: 8 
[Training] 581/582 [============================>.] - ETA: 0s  loss: 1.7468 average train loss 1.8835
Train Consuming time:171.12 in the epoch: 8
[Validating] 124/125 [============================>.] - ETA: 0s  loss: 1.4865 average val loss 2.0175
 Val Loss mSEL:0.556325
 Val acc:0.851058
 Val Loss mape:0.294807
[Testing] 124/125 [============================>.] - ETA: 0s  loss: 2.2301 average test loss 1.8967
Test Loss mSEL:0.539258,
Test acc:0.855343,
Test Loss mape:0.289956,
Consuming time:232.72 in the epoch: 8
Best test loss is 1.89
---------------*****---------------
Starting training the epoch: 9 
[Training] 581/582 [============================>.] - ETA: 0s  loss: 1.7391 average train loss 1.8749
Train Consuming time:171.16 in the epoch: 9
[Validating] 124/125 [============================>.] - ETA: 0s  loss: 1.3466 average val loss 1.9884
 Val Loss mSEL:0.549132
 Val acc:0.850806
 Val Loss mape:0.297640
[Testing] 124/125 [============================>.] - ETA: 0s  loss: 2.1496 average test loss 1.8735
Test Loss mSEL:0.520298,
Test acc:0.855847,
Test Loss mape:0.291083,
Consuming time:232.31 in the epoch: 9
Best test loss is 1.87
---------------*****---------------
Starting training the epoch: 10 
[Training] 581/582 [============================>.] - ETA: 0s  loss: 1.7206 average train loss 1.8724
Train Consuming time:170.91 in the epoch: 10
[Validating] 124/125 [============================>.] - ETA: 0s  loss: 1.2929 average val loss 1.9628
 Val Loss mSEL:0.561008
 Val acc:0.843624
 Val Loss mape:0.303149
[Testing] 124/125 [============================>.] - ETA: 0s  loss: 2.2055 average test loss 1.8414
Test Loss mSEL:0.537993,
Test acc:0.849168,
Test Loss mape:0.297836,

Consuming time:233.15 in the epoch: 10
Best test loss is 1.84
---------------*****---------------
Starting training the epoch: 11 
[Training] 581/582 [============================>.] - ETA: 0s  loss: 1.7036 average train loss 1.8619
Train Consuming time:171.17 in the epoch: 11
[Validating] 124/125 [============================>.] - ETA: 0s  loss: 1.3017 average val loss 1.9437
 Val Loss mSEL:0.540609
 Val acc:0.844758
 Val Loss mape:0.301630
[Testing] 124/125 [============================>.] - ETA: 0s  loss: 2.1161 average test loss 1.8293
Test Loss mSEL:0.523412,
Test acc:0.849042,
Test Loss mape:0.295519,
Consuming time:232.30 in the epoch: 11
Best test loss is 1.83
---------------*****---------------
Starting training the epoch: 12 
[Training] 581/582 [============================>.] - ETA: 0s  loss: 1.6515 average train loss 1.8554
Train Consuming time:170.15 in the epoch: 12
[Validating] 124/125 [============================>.] - ETA: 0s  loss: 1.3022 average val loss 2.0038
 Val Loss mSEL:0.596233
 Val acc:0.841860
 Val Loss mape:0.303952
[Testing] 124/125 [============================>.] - ETA: 0s  loss: 2.1557 average test loss 1.8629
Test Loss mSEL:0.562172,
Test acc:0.851184,
Test Loss mape:0.295853,
Consuming time:231.15 in the epoch: 12
Best test loss is 1.83
---------------*****---------------
Starting training the epoch: 13 
[Training] 581/582 [============================>.] - ETA: 0s  loss: 1.6664 average train loss 1.8469
Train Consuming time:171.08 in the epoch: 13
[Validating] 124/125 [============================>.] - ETA: 0s  loss: 1.3641 average val loss 1.9936
 Val Loss mSEL:0.555986
 Val acc:0.848916
 Val Loss mape:0.295935
[Testing] 124/125 [============================>.] - ETA: 0s  loss: 2.3173 average test loss 1.8766
Test Loss mSEL:0.544302,
Test acc:0.852193,
Test Loss mape:0.291463,
Consuming time:232.67 in the epoch: 13
Best test loss is 1.83
---------------*****---------------
Starting training the epoch: 14 
[Training] 581/582 [============================>.] - ETA: 0s  loss: 1.7063 average train loss 1.8411
Train Consuming time:172.27 in the epoch: 14
[Validating] 124/125 [============================>.] - ETA: 0s  loss: 1.3279 average val loss 1.9814
 Val Loss mSEL:0.557222
 Val acc:0.842364
 Val Loss mape:0.296852
[Testing] 124/125 [============================>.] - ETA: 0s  loss: 2.2088 average test loss 1.8593
Test Loss mSEL:0.543998,
Test acc:0.850050,
Test Loss mape:0.291272,
Consuming time:236.00 in the epoch: 14
Best test loss is 1.83
---------------*****---------------
Starting training the epoch: 15 
[Training] 581/582 [============================>.] - ETA: 0s  loss: 1.6737 average train loss 1.8355
Train Consuming time:170.03 in the epoch: 15
[Validating] 124/125 [============================>.] - ETA: 0s  loss: 1.2774 average val loss 1.9441
 Val Loss mSEL:0.567406
 Val acc:0.843876
 Val Loss mape:0.298817
[Testing] 124/125 [============================>.] - ETA: 0s  loss: 2.2592 average test loss 1.8232
Test Loss mSEL:0.544603,
Test acc:0.849798,
Test Loss mape:0.292875,
Consuming time:231.50 in the epoch: 15
Best test loss is 1.82
---------------*****---------------
Starting training the epoch: 16 
[Training] 581/582 [============================>.] - ETA: 0s  loss: 1.6574 average train loss 1.8282
Train Consuming time:172.40 in the epoch: 16
[Validating] 124/125 [============================>.] - ETA: 0s  loss: 1.3612 average val loss 1.9494
 Val Loss mSEL:0.561956
 Val acc:0.847404
 Val Loss mape:0.294408
[Testing] 124/125 [============================>.] - ETA: 0s  loss: 2.1875 average test loss 1.8332
Test Loss mSEL:0.536726,
Test acc:0.852193,
Test Loss mape:0.289256,
Consuming time:235.05 in the epoch: 16
Best test loss is 1.82
---------------*****---------------
Starting training the epoch: 17 
[Training] 581/582 [============================>.] - ETA: 0s  loss: 1.6194 average train loss 1.8214
Train Consuming time:170.57 in the epoch: 17
[Validating] 124/125 [============================>.] - ETA: 0s  loss: 1.3628 average val loss 1.9816
 Val Loss mSEL:0.553895
 Val acc:0.852319
 Val Loss mape:0.292542
[Testing] 124/125 [============================>.] - ETA: 0s  loss: 2.1974 average test loss 1.8700
Test Loss mSEL:0.535729,
Test acc:0.855721,
Test Loss mape:0.287276,
Consuming time:232.30 in the epoch: 17
Best test loss is 1.82
---------------*****---------------
Starting training the epoch: 18 
[Training] 581/582 [============================>.] - ETA: 0s  loss: 1.6738 average train loss 1.8294
Train Consuming time:170.67 in the epoch: 18
[Validating] 124/125 [============================>.] - ETA: 0s  loss: 1.2434 average val loss 1.9507
 Val Loss mSEL:0.570497
 Val acc:0.847152
 Val Loss mape:0.299587
[Testing] 124/125 [============================>.] - ETA: 0s  loss: 2.1932 average test loss 1.8277
Test Loss mSEL:0.537902,
Test acc:0.850680,
Test Loss mape:0.293328,
Consuming time:232.79 in the epoch: 18
Best test loss is 1.82
---------------*****---------------
Starting training the epoch: 19 
[Training] 581/582 [============================>.] - ETA: 0s  loss: 1.6453 average train loss 1.8137
Train Consuming time:171.13 in the epoch: 19
[Validating] 124/125 [============================>.] - ETA: 0s  loss: 1.2936 average val loss 1.9612
 Val Loss mSEL:0.555076
 Val acc:0.847026
 Val Loss mape:0.294713
[Testing] 124/125 [============================>.] - ETA: 0s  loss: 2.1782 average test loss 1.8377
Test Loss mSEL:0.535223,
Test acc:0.853831,
Test Loss mape:0.289608,
Consuming time:222.90 in the epoch: 19
Best test loss is 1.82
---------------*****---------------
Starting training the epoch: 20 
[Training] 581/582 [============================>.] - ETA: 0s  loss: 1.4886 average train loss 1.7760
Train Consuming time:108.36 in the epoch: 20
[Validating] 124/125 [============================>.] - ETA: 0s  loss: 1.2400 average val loss 1.9275
 Val Loss mSEL:0.563226
 Val acc:0.838332
 Val Loss mape:0.303474
[Testing] 124/125 [============================>.] - ETA: 0s  loss: 2.1359 average test loss 1.8089
Test Loss mSEL:0.539078,
Test acc:0.845136,
Test Loss mape:0.297146,
Consuming time:142.00 in the epoch: 20
Best test loss is 1.81
---------------*****---------------
Starting training the epoch: 21 
[Training] 581/582 [============================>.] - ETA: 0s  loss: 1.5102 average train loss 1.7670
Train Consuming time:106.21 in the epoch: 21
[Validating] 124/125 [============================>.] - ETA: 0s  loss: 1.2439 average val loss 1.9237
 Val Loss mSEL:0.560688
 Val acc:0.839214
 Val Loss mape:0.302672
[Testing] 124/125 [============================>.] - ETA: 0s  loss: 2.1290 average test loss 1.8061
Test Loss mSEL:0.534425,
Test acc:0.844758,
Test Loss mape:0.296029,
Consuming time:140.34 in the epoch: 21
Best test loss is 1.81
---------------*****---------------
Starting training the epoch: 22 
[Training] 581/582 [============================>.] - ETA: 0s  loss: 1.5035 average train loss 1.7628
Train Consuming time:104.43 in the epoch: 22
[Validating] 124/125 [============================>.] - ETA: 0s  loss: 1.2461 average val loss 1.9202
 Val Loss mSEL:0.559654
 Val acc:0.837954
 Val Loss mape:0.302727
[Testing] 124/125 [============================>.] - ETA: 0s  loss: 2.1240 average test loss 1.8046
Test Loss mSEL:0.530545,
Test acc:0.843876,
Test Loss mape:0.296053,
Consuming time:138.70 in the epoch: 22
Best test loss is 1.80
---------------*****---------------
Starting training the epoch: 23 
[Training] 581/582 [============================>.] - ETA: 0s  loss: 1.5166 average train loss 1.7602
Train Consuming time:105.64 in the epoch: 23
[Validating] 124/125 [============================>.] - ETA: 0s  loss: 1.2487 average val loss 1.9199
 Val Loss mSEL:0.558048
 Val acc:0.837828
 Val Loss mape:0.302540
[Testing] 124/125 [============================>.] - ETA: 0s  loss: 2.1171 average test loss 1.8046
Test Loss mSEL:0.526038,
Test acc:0.843876,
Test Loss mape:0.295809,
Consuming time:139.11 in the epoch: 23
Best test loss is 1.80
---------------*****---------------
Starting training the epoch: 24 
[Training] 581/582 [============================>.] - ETA: 0s  loss: 1.5240 average train loss 1.7582
Train Consuming time:105.52 in the epoch: 24
[Validating] 124/125 [============================>.] - ETA: 0s  loss: 1.2486 average val loss 1.9189
 Val Loss mSEL:0.555940
 Val acc:0.837702
 Val Loss mape:0.302559
[Testing] 124/125 [============================>.] - ETA: 0s  loss: 2.1151 average test loss 1.8044
Test Loss mSEL:0.528579,
Test acc:0.843246,
Test Loss mape:0.295865,
Consuming time:139.00 in the epoch: 24
Best test loss is 1.80
---------------*****---------------
Starting training the epoch: 25 
[Training] 581/582 [============================>.] - ETA: 0s  loss: 1.5213 average train loss 1.7570
Train Consuming time:103.72 in the epoch: 25
[Validating] 124/125 [============================>.] - ETA: 0s  loss: 1.2499 average val loss 1.9175
 Val Loss mSEL:0.553953
 Val acc:0.837576
 Val Loss mape:0.302272
[Testing] 124/125 [============================>.] - ETA: 0s  loss: 2.1127 average test loss 1.8043
Test Loss mSEL:0.530654,
Test acc:0.842490,
Test Loss mape:0.295679,
Consuming time:138.35 in the epoch: 25
Best test loss is 1.80
---------------*****---------------
Starting training the epoch: 26 
[Training] 581/582 [============================>.] - ETA: 0s  loss: 1.5221 average train loss 1.7566
Train Consuming time:105.62 in the epoch: 26
[Validating] 124/125 [============================>.] - ETA: 0s  loss: 1.2499 average val loss 1.9171
 Val Loss mSEL:0.556791
 Val acc:0.836568
 Val Loss mape:0.302377
[Testing] 124/125 [============================>.] - ETA: 0s  loss: 2.1100 average test loss 1.8047
Test Loss mSEL:0.530923,
Test acc:0.842364,
Test Loss mape:0.295845,
Consuming time:139.09 in the epoch: 26
Best test loss is 1.80
---------------*****---------------
Starting training the epoch: 27 
[Training] 581/582 [============================>.] - ETA: 0s  loss: 1.5247 average train loss 1.7552
Train Consuming time:104.80 in the epoch: 27
[Validating] 124/125 [============================>.] - ETA: 0s  loss: 1.2503 average val loss 1.9164
 Val Loss mSEL:0.556599
 Val acc:0.836694
 Val Loss mape:0.302285
[Testing] 124/125 [============================>.] - ETA: 0s  loss: 2.1070 average test loss 1.8046
Test Loss mSEL:0.532031,
Test acc:0.842868,
Test Loss mape:0.295873,
Consuming time:138.58 in the epoch: 27
Best test loss is 1.80
---------------*****---------------
Starting training the epoch: 28 
[Training] 581/582 [============================>.] - ETA: 0s  loss: 1.5268 average train loss 1.7554
Train Consuming time:105.36 in the epoch: 28
[Validating] 124/125 [============================>.] - ETA: 0s  loss: 1.2488 average val loss 1.9147
 Val Loss mSEL:0.555388
 Val acc:0.837198
 Val Loss mape:0.302535
[Testing] 124/125 [============================>.] - ETA: 0s  loss: 2.0973 average test loss 1.8042
Test Loss mSEL:0.530595,
Test acc:0.842742,
Test Loss mape:0.296239,
Consuming time:138.77 in the epoch: 28
Best test loss is 1.80
---------------*****---------------
Starting training the epoch: 29 
[Training] 581/582 [============================>.] - ETA: 0s  loss: 1.5331 average train loss 1.7538
Train Consuming time:104.68 in the epoch: 29
[Validating] 124/125 [============================>.] - ETA: 0s  loss: 1.2501 average val loss 1.9157
 Val Loss mSEL:0.556264
 Val acc:0.836568
 Val Loss mape:0.302548
[Testing] 124/125 [============================>.] - ETA: 0s  loss: 2.0917 average test loss 1.8049
Test Loss mSEL:0.531213,
Test acc:0.842868,
Test Loss mape:0.296173,
Consuming time:139.00 in the epoch: 29
Best test loss is 1.80
---------------*****---------------
Starting training the epoch: 30 
[Training] 581/582 [============================>.] - ETA: 0s  loss: 1.5314 average train loss 1.7540
Train Consuming time:105.89 in the epoch: 30
[Validating] 124/125 [============================>.] - ETA: 0s  loss: 1.2492 average val loss 1.9144
 Val Loss mSEL:0.555162
 Val acc:0.836568
 Val Loss mape:0.302593
[Testing] 124/125 [============================>.] - ETA: 0s  loss: 2.0876 average test loss 1.8046
Test Loss mSEL:0.531790,
Test acc:0.842364,
Test Loss mape:0.296350,
Consuming time:139.66 in the epoch: 30
Best test loss is 1.80
---------------*****---------------
Starting training the epoch: 31 
[Training] 581/582 [============================>.] - ETA: 0s  loss: 1.5306 average train loss 1.7530
Train Consuming time:105.20 in the epoch: 31
[Validating] 124/125 [============================>.] - ETA: 0s  loss: 1.2509 average val loss 1.9139
 Val Loss mSEL:0.553929
 Val acc:0.836442
 Val Loss mape:0.302233
[Testing] 124/125 [============================>.] - ETA: 0s  loss: 2.0907 average test loss 1.8042
Test Loss mSEL:0.530268,
Test acc:0.842616,
Test Loss mape:0.296044,
Consuming time:140.06 in the epoch: 31
Best test loss is 1.80
---------------*****---------------
Starting training the epoch: 32 
[Training] 581/582 [============================>.] - ETA: 0s  loss: 1.5365 average train loss 1.7521
Train Consuming time:103.25 in the epoch: 32
[Validating] 124/125 [============================>.] - ETA: 0s  loss: 1.2522 average val loss 1.9145
 Val Loss mSEL:0.556007
 Val acc:0.836694
 Val Loss mape:0.302308
[Testing] 124/125 [============================>.] - ETA: 0s  loss: 2.0881 average test loss 1.8046
Test Loss mSEL:0.528929,
Test acc:0.842868,
Test Loss mape:0.296114,
Consuming time:137.19 in the epoch: 32
Best test loss is 1.80
---------------*****---------------
Starting training the epoch: 33 
[Training] 581/582 [============================>.] - ETA: 0s  loss: 1.5378 average train loss 1.7514
Train Consuming time:104.53 in the epoch: 33
[Validating] 124/125 [============================>.] - ETA: 0s  loss: 1.2514 average val loss 1.9128
 Val Loss mSEL:0.552579
 Val acc:0.837072
 Val Loss mape:0.301899
[Testing] 124/125 [============================>.] - ETA: 0s  loss: 2.0909 average test loss 1.8039
Test Loss mSEL:0.531107,
Test acc:0.842868,
Test Loss mape:0.295798,
Consuming time:139.38 in the epoch: 33
Best test loss is 1.80
---------------*****---------------
Starting training the epoch: 34 
[Training] 581/582 [============================>.] - ETA: 0s  loss: 1.5386 average train loss 1.7513
Train Consuming time:105.30 in the epoch: 34
[Validating] 124/125 [============================>.] - ETA: 0s  loss: 1.2502 average val loss 1.9123
 Val Loss mSEL:0.552849
 Val acc:0.837198
 Val Loss mape:0.301742
[Testing] 124/125 [============================>.] - ETA: 0s  loss: 2.0882 average test loss 1.8037
Test Loss mSEL:0.534305,
Test acc:0.843246,
Test Loss mape:0.295759,
Consuming time:139.50 in the epoch: 34
Best test loss is 1.80
---------------*****---------------
Starting training the epoch: 35 
[Training] 581/582 [============================>.] - ETA: 0s  loss: 1.5369 average train loss 1.7511
Train Consuming time:105.56 in the epoch: 35
[Validating] 124/125 [============================>.] - ETA: 0s  loss: 1.2499 average val loss 1.9122
 Val Loss mSEL:0.555407
 Val acc:0.836946
 Val Loss mape:0.301701
[Testing] 124/125 [============================>.] - ETA: 0s  loss: 2.0870 average test loss 1.8038
Test Loss mSEL:0.532295,
Test acc:0.842616,
Test Loss mape:0.295767,
Consuming time:138.27 in the epoch: 35
Best test loss is 1.80
---------------*****---------------
Starting training the epoch: 36 
[Training] 581/582 [============================>.] - ETA: 0s  loss: 1.5391 average train loss 1.7505
Train Consuming time:106.18 in the epoch: 36
[Validating] 124/125 [============================>.] - ETA: 0s  loss: 1.2507 average val loss 1.9136
 Val Loss mSEL:0.555653
 Val acc:0.836568
 Val Loss mape:0.302559
[Testing] 124/125 [============================>.] - ETA: 0s  loss: 2.0812 average test loss 1.8049
Test Loss mSEL:0.531921,
Test acc:0.842112,
Test Loss mape:0.296392,
Consuming time:139.95 in the epoch: 36
Best test loss is 1.80
---------------*****---------------
Starting training the epoch: 37 
[Training] 581/582 [============================>.] - ETA: 0s  loss: 1.5451 average train loss 1.7502
Train Consuming time:104.56 in the epoch: 37
[Validating] 124/125 [============================>.] - ETA: 0s  loss: 1.2531 average val loss 1.9142
 Val Loss mSEL:0.555017
 Val acc:0.836946
 Val Loss mape:0.302204
[Testing] 124/125 [============================>.] - ETA: 0s  loss: 2.0828 average test loss 1.8054
Test Loss mSEL:0.528973,
Test acc:0.842112,
Test Loss mape:0.296040,
Consuming time:138.40 in the epoch: 37
Best test loss is 1.80
---------------*****---------------
Starting training the epoch: 38 
[Training] 581/582 [============================>.] - ETA: 0s  loss: 1.5401 average train loss 1.7491
Train Consuming time:106.07 in the epoch: 38
[Validating] 124/125 [============================>.] - ETA: 0s  loss: 1.2516 average val loss 1.9134
 Val Loss mSEL:0.554888
 Val acc:0.836694
 Val Loss mape:0.302243
[Testing] 124/125 [============================>.] - ETA: 0s  loss: 2.0837 average test loss 1.8050
Test Loss mSEL:0.531451,
Test acc:0.841860,
Test Loss mape:0.296137,
Consuming time:139.73 in the epoch: 38
Best test loss is 1.80
---------------*****---------------
Starting training the epoch: 39 
[Training] 581/582 [============================>.] - ETA: 0s  loss: 1.5457 avera