$ python -u models/cas2vec/run.py 
===================configuration===================
learning rate :0.001 
num_mlp_layers : 1
num_layers : 2
gnn input_features : 100
gnn output_features : 64
input of rnn/transformer : 64
hidden_size (out put of rnn/tranformer) : 64
observation hour [7,19]
observation interval : 180
observation threshold : 3600
prediction time : 86400
cascade length [5,100]
model save at : ../model_save/cas2vec/weibo/
====bidirected: True, attention: GAT, gcn_type: self, rnn: transformer====
===================configuration===================
len(Y_train), len(Y_valid), len(Y_test): 37228 7978 7978
train: max, min:  15.090568 0.0
val: max, min:  13.410318 0.0
test: max, min:  15.009785 0.0
preparing time:102.91163682937622
emb_size is not avalible when using transformer
total parameters 111266
---------------*****---------------
Starting training the epoch: 0 
[Training] 581/582 [============================>.] - ETA: 0s  loss: 2.4872 average train loss 2.7558
Train Consuming time:172.26 in the epoch: 0
[Validating] 124/125 [============================>.] - ETA: 0s  loss: 2.2453 average val loss 2.8120
 Val Loss mSEL:0.773448
 Val acc:0.830519
 Val Loss mape:0.321563
[Testing] 124/125 [============================>.] - ETA: 0s  loss: 3.3619 average test loss 2.6277
Test Loss mSEL:0.775179,
Test acc:0.837324,
Test Loss mape:0.309663,
Consuming time:221.87 in the epoch: 0
Best test loss is 2.63
---------------*****---------------
Starting training the epoch: 1 
[Training] 581/582 [============================>.] - ETA: 0s  loss: 2.4524 average train loss 2.2619
Train Consuming time:139.00 in the epoch: 1
[Validating] 124/125 [============================>.] - ETA: 0s  loss: 2.0733 average val loss 2.4501
 Val Loss mSEL:0.679859
 Val acc:0.852193
 Val Loss mape:0.322117
[Testing] 124/125 [============================>.] - ETA: 0s  loss: 2.8315 average test loss 2.2682
Test Loss mSEL:0.656427,
Test acc:0.860005,
Test Loss mape:0.313258,
Consuming time:190.52 in the epoch: 1
Best test loss is 2.27
---------------*****---------------
Starting training the epoch: 2 
[Training] 581/582 [============================>.] - ETA: 0s  loss: 2.2621 average train loss 2.1595
Train Consuming time:170.32 in the epoch: 2
[Validating] 124/125 [============================>.] - ETA: 0s  loss: 1.7289 average val loss 2.2216
 Val Loss mSEL:0.603794
 Val acc:0.847656
 Val Loss mape:0.320707
[Testing] 124/125 [============================>.] - ETA: 0s  loss: 2.4678 average test loss 2.0571
Test Loss mSEL:0.584333,
Test acc:0.852319,
Test Loss mape:0.311109,
Consuming time:229.92 in the epoch: 2
Best test loss is 2.06
---------------*****---------------
Starting training the epoch: 3 
[Training] 581/582 [============================>.] - ETA: 0s  loss: 2.3221 average train loss 2.1070
Train Consuming time:170.02 in the epoch: 3
[Validating] 124/125 [============================>.] - ETA: 0s  loss: 1.6173 average val loss 2.1884
 Val Loss mSEL:0.622136
 Val acc:0.842868
 Val Loss mape:0.324816
[Testing] 124/125 [============================>.] - ETA: 0s  loss: 2.4631 average test loss 2.0401
Test Loss mSEL:0.602399,
Test acc:0.847782,
Test Loss mape:0.315445,
Consuming time:224.05 in the epoch: 3
Best test loss is 2.04
---------------*****---------------
Starting training the epoch: 4 
[Training] 581/582 [============================>.] - ETA: 0s  loss: 2.1791 average train loss 2.0971
Train Consuming time:167.61 in the epoch: 4
[Validating] 124/125 [============================>.] - ETA: 0s  loss: 1.6878 average val loss 2.1963
 Val Loss mSEL:0.596950
 Val acc:0.843498
 Val Loss mape:0.310472
[Testing] 124/125 [============================>.] - ETA: 0s  loss: 2.3754 average test loss 2.0592
Test Loss mSEL:0.577447,
Test acc:0.847152,
Test Loss mape:0.300742,
Consuming time:226.14 in the epoch: 4
Best test loss is 2.04
---------------*****---------------
Starting training the epoch: 5 
[Training] 581/582 [============================>.] - ETA: 0s  loss: 2.2362 average train loss 2.0759
Train Consuming time:169.18 in the epoch: 5
[Validating] 124/125 [============================>.] - ETA: 0s  loss: 1.6205 average val loss 2.1361
 Val Loss mSEL:0.631233
 Val acc:0.840348
 Val Loss mape:0.319398
[Testing] 124/125 [============================>.] - ETA: 0s  loss: 2.4843 average test loss 1.9925
Test Loss mSEL:0.620330,
Test acc:0.848412,
Test Loss mape:0.309107,
Consuming time:231.68 in the epoch: 5
Best test loss is 1.99
---------------*****---------------
Starting training the epoch: 6 
[Training] 581/582 [============================>.] - ETA: 0s  loss: 2.0100 average train loss 2.0511
Train Consuming time:176.59 in the epoch: 6
[Validating] 124/125 [============================>.] - ETA: 0s  loss: 1.6574 average val loss 2.1371
 Val Loss mSEL:0.647086
 Val acc:0.841230
 Val Loss mape:0.311114
[Testing] 124/125 [============================>.] - ETA: 0s  loss: 2.3237 average test loss 1.9965
Test Loss mSEL:0.611180,
Test acc:0.843372,
Test Loss mape:0.300860,
Consuming time:235.76 in the epoch: 6
Best test loss is 1.99
---------------*****---------------
Starting training the epoch: 7 
[Training] 581/582 [============================>.] - ETA: 0s  loss: 2.0725 average train loss 2.0316
Train Consuming time:172.18 in the epoch: 7
[Validating] 124/125 [============================>.] - ETA: 0s  loss: 1.5921 average val loss 2.1713
 Val Loss mSEL:0.629770
 Val acc:0.838962
 Val Loss mape:0.313956
[Testing] 124/125 [============================>.] - ETA: 0s  loss: 2.4951 average test loss 2.0251
Test Loss mSEL:0.610143,
Test acc:0.843750,
Test Loss mape:0.303927,
Consuming time:231.47 in the epoch: 7
Best test loss is 1.99
---------------*****---------------
Starting training the epoch: 8 
[Training] 581/582 [============================>.] - ETA: 0s  loss: 2.1349 average train loss 2.0171
Train Consuming time:164.64 in the epoch: 8
[Validating] 124/125 [============================>.] - ETA: 0s  loss: 1.5404 average val loss 2.1195
 Val Loss mSEL:0.639206
 Val acc:0.834425
 Val Loss mape:0.312443
[Testing] 124/125 [============================>.] - ETA: 0s  loss: 2.4719 average test loss 2.0074
Test Loss mSEL:0.625997,
Test acc:0.840600,
Test Loss mape:0.304620,
Consuming time:217.82 in the epoch: 8
Best test loss is 1.99
---------------*****---------------
Starting training the epoch: 9 
[Training] 581/582 [============================>.] - ETA: 0s  loss: 2.0775 average train loss 1.9993
Train Consuming time:156.86 in the epoch: 9
[Validating] 124/125 [============================>.] - ETA: 0s  loss: 1.5094 average val loss 2.1026
 Val Loss mSEL:0.621086
 Val acc:0.839340
 Val Loss mape:0.308885
[Testing] 124/125 [============================>.] - ETA: 0s  loss: 2.2698 average test loss 1.9868
Test Loss mSEL:0.608274,
Test acc:0.844632,
Test Loss mape:0.301561,
Consuming time:198.28 in the epoch: 9
Best test loss is 1.99
---------------*****---------------
Starting training the epoch: 10 
[Training] 581/582 [============================>.] - ETA: 0s  loss: 1.9396 average train loss 1.9885
Train Consuming time:126.89 in the epoch: 10
[Validating] 124/125 [============================>.] - ETA: 0s  loss: 1.4514 average val loss 2.0650
 Val Loss mSEL:0.636927
 Val acc:0.837072
 Val Loss mape:0.315451
[Testing] 124/125 [============================>.] - ETA: 0s  loss: 2.2950 average test loss 1.9387
Test Loss mSEL:0.617612,
Test acc:0.840096,
Test Loss mape:0.306691,
Consuming time:165.09 in the epoch: 10
Best test loss is 1.94
---------------*****---------------
Starting training the epoch: 11 
[Training] 581/582 [============================>.] - ETA: 0s  loss: 2.0094 average train loss 1.9747
Train Consuming time:127.69 in the epoch: 11
[Validating] 124/125 [============================>.] - ETA: 0s  loss: 1.3781 average val loss 2.0517
 Val Loss mSEL:0.606343
 Val acc:0.839088
 Val Loss mape:0.311552
[Testing] 124/125 [============================>.] - ETA: 0s  loss: 2.3062 average test loss 1.9330
Test Loss mSEL:0.597167,
Test acc:0.840726,
Test Loss mape:0.304216,
Consuming time:174.40 in the epoch: 11
Best test loss is 1.93
---------------*****---------------
Starting training the epoch: 12 
[Training] 581/582 [============================>.] - ETA: 0s  loss: 2.1142 average train loss 1.9640
Train Consuming time:155.23 in the epoch: 12
[Validating] 124/125 [============================>.] - ETA: 0s  loss: 1.3777 average val loss 2.0351
 Val Loss mSEL:0.613688
 Val acc:0.835938
 Val Loss mape:0.316266
[Testing] 124/125 [============================>.] - ETA: 0s  loss: 2.2928 average test loss 1.9153
Test Loss mSEL:0.606802,
Test acc:0.840222,
Test Loss mape:0.309517,
Consuming time:207.04 in the epoch: 12
Best test loss is 1.92
---------------*****---------------
Starting training the epoch: 13 
[Training] 581/582 [============================>.] - ETA: 0s  loss: 2.1508 average train loss 1.9540
Train Consuming time:175.31 in the epoch: 13
[Validating] 124/125 [============================>.] - ETA: 0s  loss: 1.3227 average val loss 2.0367
 Val Loss mSEL:0.619733
 Val acc:0.834425
 Val Loss mape:0.313671
[Testing] 124/125 [============================>.] - ETA: 0s  loss: 2.3295 average test loss 1.9211
Test Loss mSEL:0.594951,
Test acc:0.837450,
Test Loss mape:0.307536,
Consuming time:230.71 in the epoch: 13
Best test loss is 1.92
---------------*****---------------
Starting training the epoch: 14 
[Training] 581/582 [============================>.] - ETA: 0s  loss: 1.7978 average train loss 1.9426
Train Consuming time:141.89 in the epoch: 14
[Validating] 124/125 [============================>.] - ETA: 0s  loss: 1.3751 average val loss 2.0619
 Val Loss mSEL:0.581430
 Val acc:0.844632
 Val Loss mape:0.302015
[Testing] 124/125 [============================>.] - ETA: 0s  loss: 2.3239 average test loss 1.9375
Test Loss mSEL:0.579202,
Test acc:0.847908,
Test Loss mape:0.295439,
Consuming time:184.05 in the epoch: 14
Best test loss is 1.92
---------------*****---------------
Starting training the epoch: 15 
[Training] 581/582 [============================>.] - ETA: 0s  loss: 2.0692 average train loss 1.9322
Train Consuming time:149.75 in the epoch: 15
[Validating] 124/125 [============================>.] - ETA: 0s  loss: 1.3186 average val loss 2.0220
 Val Loss mSEL:0.617484
 Val acc:0.833921
 Val Loss mape:0.314744
[Testing] 124/125 [============================>.] - ETA: 0s  loss: 2.3380 average test loss 1.9111
Test Loss mSEL:0.598663,
Test acc:0.838584,
Test Loss mape:0.308927,
Consuming time:187.70 in the epoch: 15
Best test loss is 1.91
---------------*****---------------
Starting training the epoch: 16 
[Training] 581/582 [============================>.] - ETA: 0s  loss: 1.9669 average train loss 1.9299
Train Consuming time:143.58 in the epoch: 16
[Validating] 124/125 [============================>.] - ETA: 0s  loss: 1.3709 average val loss 2.0518
 Val Loss mSEL:0.629943
 Val acc:0.827117
 Val Loss mape:0.313864
[Testing] 124/125 [============================>.] - ETA: 0s  loss: 2.3208 average test loss 1.9541
Test Loss mSEL:0.604365,
Test acc:0.833291,
Test Loss mape:0.307796,
Consuming time:192.43 in the epoch: 16
Best test loss is 1.91
---------------*****---------------
Starting training the epoch: 17 
[Training] 581/582 [============================>.] - ETA: 0s  loss: 1.8981 average train loss 1.9277
Train Consuming time:140.90 in the epoch: 17
[Validating] 124/125 [============================>.] - ETA: 0s  loss: 1.3557 average val loss 2.0277
 Val Loss mSEL:0.595511
 Val acc:0.830645
 Val Loss mape:0.318670
[Testing] 124/125 [============================>.] - ETA: 0s  loss: 2.3082 average test loss 1.9126
Test Loss mSEL:0.592723,
Test acc:0.833039,
Test Loss mape:0.311849,
Consuming time:181.41 in the epoch: 17
Best test loss is 1.91
---------------*****---------------
Starting training the epoch: 18 
[Training] 581/582 [============================>.] - ETA: 0s  loss: 2.1943 average train loss 1.9147
Train Consuming time:142.78 in the epoch: 18
[Validating] 124/125 [============================>.] - ETA: 0s  loss: 1.3308 average val loss 2.0275
 Val Loss mSEL:0.627901
 Val acc:0.830519
 Val Loss mape:0.318855
[Testing] 124/125 [============================>.] - ETA: 0s  loss: 2.4906 average test loss 1.9100
Test Loss mSEL:0.609527,
Test acc:0.835307,
Test Loss mape:0.312778,
Consuming time:184.69 in the epoch: 18
Best test loss is 1.91
---------------*****---------------
Starting training the epoch: 19 
[Training] 581/582 [============================>.] - ETA: 0s  loss: 2.0003 average train loss 1.9046
Train Consuming time:144.79 in the epoch: 19
[Validating] 124/125 [============================>.] - ETA: 0s  loss: 1.3032 average val loss 2.0405
 Val Loss mSEL:0.597368
 Val acc:0.834425
 Val Loss mape:0.313996
[Testing] 124/125 [============================>.] - ETA: 0s  loss: 2.4490 average test loss 1.9274
Test Loss mSEL:0.608910,
Test acc:0.837450,
Test Loss mape:0.307754,
Consuming time:192.39 in the epoch: 19
Best test loss is 1.91
---------------*****---------------
Starting training the epoch: 20 
[Training] 581/582 [============================>.] - ETA: 0s  loss: 1.6870 average train loss 1.8886
Train Consuming time:128.72 in the epoch: 20
[Validating] 124/125 [============================>.] - ETA: 0s  loss: 1.3081 average val loss 2.0362
 Val Loss mSEL:0.632101
 Val acc:0.827243
 Val Loss mape:0.323503
[Testing] 124/125 [============================>.] - ETA: 0s  loss: 2.3870 average test loss 1.9199
Test Loss mSEL:0.623554,
Test acc:0.829889,
Test Loss mape:0.316907,
Consuming time:189.68 in the epoch: 20
Best test loss is 1.91
---------------*****---------------
Starting training the epoch: 21 
[Training] 581/582 [============================>.] - ETA: 0s  loss: 1.7046 average train loss 1.8739
Train Consuming time:131.43 in the epoch: 21
[Validating] 124/125 [============================>.] - ETA: 0s  loss: 1.3129 average val loss 2.0286
 Val Loss mSEL:0.631492
 Val acc:0.827495
 Val Loss mape:0.322345
[Testing] 124/125 [============================>.] - ETA: 0s  loss: 2.3746 average test loss 1.9104
Test Loss mSEL:0.615737,
Test acc:0.830645,
Test Loss mape:0.315591,
Consuming time:174.15 in the epoch: 21
Best test loss is 1.91
---------------*****---------------
Starting training the epoch: 22 
[Training] 581/582 [============================>.] - ETA: 0s  loss: 1.6902 average train loss 1.8682
Train Consuming time:137.07 in the epoch: 22
[Validating] 124/125 [============================>.] - ETA: 0s  loss: 1.3168 average val loss 2.0240
 Val Loss mSEL:0.620671
 Val acc:0.827495
 Val Loss mape:0.321689
[Testing] 124/125 [============================>.] - ETA: 0s  loss: 2.3634 average test loss 1.9055
Test Loss mSEL:0.611528,
Test acc:0.832031,
Test Loss mape:0.314816,
Consuming time:187.01 in the epoch: 22
Best test loss is 1.91
---------------*****---------------
Starting training the epoch: 23 
[Training] 581/582 [============================>.] - ETA: 0s  loss: 1.6674 average train loss 1.8597
Train Consuming time:176.20 in the epoch: 23
[Validating] 124/125 [============================>.] - ETA: 0s  loss: 1.3200 average val loss 2.0217
 Val Loss mSEL:0.615844
 Val acc:0.826991
 Val Loss mape:0.322015
[Testing] 124/125 [============================>.] - ETA: 0s  loss: 2.3522 average test loss 1.9021
Test Loss mSEL:0.606181,
Test acc:0.832535,
Test Loss mape:0.314998,
Consuming time:234.90 in the epoch: 23
Best test loss is 1.90
---------------*****---------------
Starting training the epoch: 24 
[Training] 581/582 [============================>.] - ETA: 0s  loss: 1.6918 average train loss 1.8574
Train Consuming time:157.53 in the epoch: 24
[Validating] 124/125 [============================>.] - ETA: 0s  loss: 1.3223 average val loss 2.0193
 Val Loss mSEL:0.606945
 Val acc:0.826613
 Val Loss mape:0.321727
[Testing] 124/125 [============================>.] - ETA: 0s  loss: 2.3488 average test loss 1.8997
Test Loss mSEL:0.599518,
Test acc:0.832913,
Test Loss mape:0.314693,
Consuming time:216.43 in the epoch: 24
Best test loss is 1.90
---------------*****---------------
Starting training the epoch: 25 
[Training] 581/582 [============================>.] - ETA: 0s  loss: 1.6762 average train loss 1.8521
Train Consuming time:128.72 in the epoch: 25
[Validating] 124/125 [============================>.] - ETA: 0s  loss: 1.3219 average val loss 2.0175
 Val Loss mSEL:0.602523
 Val acc:0.826991
 Val Loss mape:0.321236
[Testing] 124/125 [============================>.] - ETA: 0s  loss: 2.3462 average test loss 1.8977
Test Loss mSEL:0.598643,
Test acc:0.832913,
Test Loss mape:0.314218,
Consuming time:162.34 in the epoch: 25
Best test loss is 1.90
---------------*****---------------
Starting training the epoch: 26 
[Training] 581/582 [============================>.] - ETA: 0s  loss: 1.6545 average train loss 1.8493
Train Consuming time:111.85 in the epoch: 26
[Validating] 124/125 [============================>.] - ETA: 0s  loss: 1.3219 average val loss 2.0166
 Val Loss mSEL:0.599187
 Val acc:0.827621
 Val Loss mape:0.321291
[Testing] 124/125 [============================>.] - ETA: 0s  loss: 2.3432 average test loss 1.8964
Test Loss mSEL:0.595255,
Test acc:0.832913,
Test Loss mape:0.314256,
Consuming time:156.65 in the epoch: 26
Best test loss is 1.90
---------------*****---------------
Starting training the epoch: 27 
[Training] 581/582 [============================>.] - ETA: 0s  loss: 1.7228 average train loss 1.8481
Train Consuming time:161.77 in the epoch: 27
[Validating] 124/125 [============================>.] - ETA: 0s  loss: 1.3217 average val loss 2.0156
 Val Loss mSEL:0.594275
 Val acc:0.828629
 Val Loss mape:0.321049
[Testing] 124/125 [============================>.] - ETA: 0s  loss: 2.3412 average test loss 1.8951
Test Loss mSEL:0.590364,
Test acc:0.833291,
Test Loss mape:0.314014,
Consuming time:211.38 in the epoch: 27
Best test loss is 1.90
---------------*****---------------
Starting training the epoch: 28 
[Training] 581/582 [============================>.] - ETA: 0s  loss: 1.7096 average train loss 1.8470
Train Consuming time:167.96 in the epoch: 28
[Validating] 124/125 [============================>.] - ETA: 0s  loss: 1.3226 average val loss 2.0148
 Val Loss mSEL:0.594147
 Val acc:0.827999
 Val Loss mape:0.321217
[Testing] 124/125 [============================>.] - ETA: 0s  loss: 2.3365 average test loss 1.8939
Test Loss mSEL:0.589671,
Test acc:0.833291,
Test Loss mape:0.314183,
Consuming time:223.64 in the epoch: 28
Best test loss is 1.89
---------------*****---------------
Starting training the epoch: 29 
[Training] 581/582 [============================>.] - ETA: 0s  loss: 1.7064 average train loss 1.8441
Train Consuming time:170.12 in the epoch: 29
[Validating] 124/125 [============================>.] - ETA: 0s  loss: 1.3235 average val loss 2.0140
 Val Loss mSEL:0.594774
 Val acc:0.827747
 Val Loss mape:0.321212
[Testing] 124/125 [============================>.] - ETA: 0s  loss: 2.3324 average test loss 1.8931
Test Loss mSEL:0.587880,
Test acc:0.833291,
Test Loss mape:0.314192,
Consuming time:227.38 in the epoch: 29
Best test loss is 1.89
---------------*****---------------
Starting training the epoch: 30 
[Training] 581/582 [============================>.] - ETA: 0s  loss: 1.6631 average train loss 1.8455
Train Consuming time:170.71 in the epoch: 30
[Validating] 124/125 [============================>.] - ETA: 0s  loss: 1.3240 average val loss 2.0137
 Val Loss mSEL:0.595253
 Val acc:0.827873
 Val Loss mape:0.321176
[Testing] 124/125 [============================>.] - ETA: 0s  loss: 2.3317 average test loss 1.8923
Test Loss mSEL:0.587437,
Test acc:0.832913,
Test Loss mape:0.314137,
Consuming time:230.48 in the epoch: 30
Best test loss is 1.89
---------------*****---------------
Starting training the epoch: 31 
[Training] 581/582 [============================>.] - ETA: 0s  loss: 1.6758 average train loss 1.8409
Train Consuming time:169.06 in the epoch: 31
[Validating] 124/125 [============================>.] - ETA: 0s  loss: 1.3233 average val loss 2.0143
 Val Loss mSEL:0.598498
 Val acc:0.827747
 Val Loss mape:0.321504
[Testing] 124/125 [============================>.] - ETA: 0s  loss: 2.3322 average test loss 1.8922
Test Loss mSEL:0.588759,
Test acc:0.832913,
Test Loss mape:0.314428,
Consuming time:228.53 in the epoch: 31
Best test loss is 1.89
---------------*****---------------
Starting training the epoch: 32 
[Training] 581/582 [============================>.] - ETA: 0s  loss: 1.6732 average train loss 1.8426
Train Consuming time:143.03 in the epoch: 32
[Validating] 124/125 [============================>.] - ETA: 0s  loss: 1.3260 average val loss 2.0135
 Val Loss mSEL:0.598080
 Val acc:0.827243
 Val Loss mape:0.321239
[Testing] 124/125 [============================>.] - ETA: 0s  loss: 2.3297 average test loss 1.8912
Test Loss mSEL:0.586471,
Test acc:0.832535,
Test Loss mape:0.314162,
Consuming time:200.14 in the epoch: 32
Best test loss is 1.89
---------------*****---------------
Starting training the epoch: 33 
[Training] 581/582 [============================>.] - ETA: 0s  loss: 1.6851 average train loss 1.8400
Train Consuming time:167.57 in the epoch: 33
[Validating] 124/125 [============================>.] - ETA: 0s  loss: 1.3271 average val loss 2.0135
 Val Loss mSEL:0.596216
 Val acc:0.827243
 Val Loss mape:0.321249
[Testing] 124/125 [============================>.] - ETA: 0s  loss: 2.3277 average test loss 1.8907
Test Loss mSEL:0.588090,
Test acc:0.832409,
Test Loss mape:0.314177,
Consuming time:223.78 in the epoch: 33
Best test loss is 1.89
---------------*****---------------
Starting training the epoch: 34 
[Training] 581/582 [============================>.] - ETA: 0s  loss: 1.7403 average train loss 1.8412
Train Consuming time:170.67 in the epoch: 34
[Validating] 124/125 [============================>.] - ETA: 0s  loss: 1.3284 average val loss 2.0129
 Val Loss mSEL:0.592610
 Val acc:0.827369
 Val Loss mape:0.320767
[Testing] 124/125 [============================>.] - ETA: 0s  loss: 2.3267 average test loss 1.8897
Test Loss mSEL:0.585899,
Test acc:0.833291,
Test Loss mape:0.313677,
Consuming time:229.08 in the epoch: 34
Best test loss is 1.89
---------------*****---------------
Starting training the epoch: 35 
[Training] 581/582 [============================>.] - ETA: 0s  loss: 1.6669 average train loss 1.8407
Train Consuming time:170.89 in the epoch: 35
[Validating] 124/125 [============================>.] - ETA: 0s  loss: 1.3306 average val loss 2.0136
 Val Loss mSEL:0.592779
 Val acc:0.827243
 Val Loss mape:0.321157
[Testing] 124/125 [============================>.] - ETA: 0s  loss: 2.3228 average test loss 1.8901
Test Loss mSEL:0.586045,
Test acc:0.833291,
Test Loss mape:0.314038,
Consuming time:229.65 in the epoch: 35
Best test loss is 1.89
---------------*****---------------
Starting training the epoch: 36 
[Training] 581/582 [============================>.] - ETA: 0s  loss: 1.6998 average train loss 1.8374
Train Consuming time:172.37 in the epoch: 36
[Validating] 124/125 [============================>.] - ETA: 0s  loss: 1.3296 average val loss 2.0136
 Val Loss mSEL:0.592070
 Val acc:0.827369
 Val Loss mape:0.321037
[Testing] 124/125 [============================>.] - ETA: 0s  loss: 2.3182 average test loss 1.8898
Test Loss mSEL:0.585461,
Test acc:0.833165,
Test Loss mape:0.313894,
Consuming time:232.47 in the epoch: 36
Best test loss is 1.89
---------------*****---------------
Starting training the epoch: 37 
[Training] 581/582 [============================>.] - ETA: 0s  loss: 1.6897 average train loss 1.8398
Train Consuming time:171.25 in the epoch: 37
[Validating] 124/125 [============================>.] - ETA: 0s  loss: 1.3294 average val loss 2.0128
 Val Loss mSEL:0.592127
 Val acc:0.827117
 Val Loss mape:0.320811
[Testing] 124/125 [============================>.] - ETA: 0s  loss: 2.3159 average test loss 1.8888
Test Loss mSEL:0.581694,
Test acc:0.833417,
Test Loss mape:0.313651,
Consuming time:230.33 in the epoch: 37
Best test loss is 1.89
---------------*****---------------
Starting training the epoch: 38 
[Training] 581/582 [============================>.] - ETA: 0s  loss: 1.6693 average train loss 1.8397
Train Consuming time:170.45 in the epoch: 38
[Validating] 124/125 [============================>.] - ETA: 0s  loss: 1.3312 average val loss 2.0130
 Val Loss mSEL:0.593293
 Val acc:0.826739
 Val Loss mape:0.320853
[Testing] 124/125 [============================>.] - ETA: 0s  loss: 2.3129 average test loss 1.8885
Test Loss mSEL:0.578008,
Test acc:0.833039,
Test Loss mape:0.313648,
Consuming time:227.75 in the epoch: 38
Best test loss is 1.89
---------------*****---------------
Starting training the epoch: 39 
[Training] 581/582 [============================>.] - ETA: 0s  loss: 1.6910 average train loss 1.8376
Train Consuming time:170.71 in the epoch: 39
[Validating] 124/125 [============================>.] - ETA: 0s  loss: 1.3314 average val loss 2.0134
 Val Loss mSEL:0.592737
 Val acc:0.826613
 Val Loss mape:0.321066
[Testing] 124/125 [============================>.] - ETA: 0s  loss: 2.3097 average test loss 1.8887
Test Loss mSEL:0.580292,
Test acc:0.832535,
Test Loss mape:0.313859,
Consuming time:229.07 in the epoch: 39
Best test loss is 1.89
---------------*****---------------
Starting training the epoch: 40 
[Training] 581/582 [============================>.] - ETA: 0s  loss: 1.6739 average train loss 1.8368
Train Consuming time:170.33 in the epoch: 40
[Validating] 124/125 [============================>.] - ETA: 0s  loss: 1.3327 average val loss 2.0134
 Val Loss mSEL:0.592181
 Val acc:0.826613
 Val Loss mape:0.320846
[Testing] 124/125 [============================>.] - ETA: 0s  loss: 2.3081 average test loss 1.8884
Test Loss mSEL:0.579162,
Test acc:0.833039,
Test Loss mape:0.313641,
Consuming time:230.99 in the epoch: 40
Best test loss is 1.89
---------------*****---------------
Starting training the epoch: 41 
[Training] 581/582 [============================>.] - ETA: 0s  loss: 1.7072 average train loss 1.8371
Train Consuming time:171.34 in the epoch: 41
[Validating] 124/125 [============================>.] - ETA: 0s  loss: 1.3326 average val loss 2.0129
 Val Loss mSEL:0.591591
 Val acc:0.826739
 Val Loss mape:0.320489
[Testing] 124/125 [============================>.] - ETA: 0s  loss: 2.3080 average test loss 1.8877
Test Loss mSEL:0.579943,
Test acc:0.833417,
Test Loss mape:0.313302,
Consuming time:231.27 in the epoch: 41
Best test loss is 1.89
---------------*****---------------
Starting training the epoch: 42 
[Training] 581/582 [============================>.] - ETA: 0s  loss: 1.7344 average train loss 1.8355
Train Consuming time:171.46 in the epoch: 42
[Validating] 124/125 [============================>.] - ETA: 0s  loss: 1.3333 average val loss 2.0129
 Val Loss mSEL:0.593977
 Val acc:0.826739
 Val Loss mape:0.320499
[Testing] 124/125 [============================>.] - ETA: 0s  loss: 2.3014 average test loss 1.8875
Test Loss mSEL:0.578862,
Test acc:0.833291,
Test Loss mape:0.313282,
Consuming time:232.05 in the epoch: 42
Best test loss is 1.89
---------------*****---------------
Starting training the epoch: 43 
[Training] 581/582 [============================>.] - ETA: 0s  loss: 1.6914 average train loss 1.8375
Train Consuming time:170.77 in the epoch: 43
[Validating] 124/125 [============================>.] - ETA: 0s  loss: 1.3334 average val loss 2.0130
 Val Loss mSEL:0.593856
 Val acc:0.826487
 Val Loss mape:0.320592
[Testing] 124/125 [============================>.] - ETA: 0s  loss: 2.3015 average test loss 1.8873
Test Loss mSEL:0.578813,
Test acc:0.833039,
Test Loss mape:0.313362,
Consuming time:228.47 in the epoch: 43
Best test loss is 1.89
---------------*****---------------
Starting training the epoch: 44 
[Training] 581/582 [============================>.] - ETA: 0s  loss: 1.7103 average train loss 1.8328
Train Consuming time:171.14 in the epoch: 44
[Validating] 124/125 [============================>.] - ETA: 0s  loss: 1.3351 average val loss 2.0137
 Val Loss mSEL:0.596078
 Val acc:0.825983
 Val Loss mape:0.320857
[Testing] 124/125 [============================>.] - ETA: 0s  loss: 2.3001 average test loss 1.8880
Test Loss mSEL:0.578401,
Test acc:0.832913,
Test Loss mape:0.313669,
Consuming time:231.50 in the epoch: 44
Best test loss is 1.89
---------------*****---------------
Starting training the epoch: 45 
[Training] 581/582 [============================>.] - ETA: 0s  loss: 1.6919 average train loss 1.8338
Train Consuming time:171.23 in the epoch: 45
[Validating] 124/125 [============================>.] - ETA: 0s  loss: 1.3358 average val loss 2.0131
 Val Loss mSEL:0.592882
 Val acc:0.826235
 Val Loss mape:0.320543
[Testing] 124/125 [============================>.] - ETA: 0s  loss: 2.2983 average test loss 1.8874
Test Loss mSEL:0.575461,
Test acc:0.833669,
Test Loss mape:0.313397,
Consuming time:231.25 in the epoch: 45
Best test loss is 1.89
---------------*****---------------
Starting training the epoch: 46 
[Training] 581/582 [============================>.] - ETA: 0s  loss: 1.6783 average train loss 1.8352
Train Consuming time:170.87 in the epoch: 46
[Validating] 124/125 [============================>.] - ETA: 0s  loss: 1.3333 average val loss 2.0130
 Val Loss mSEL:0.591917
 Val acc:0.826739
 Val Loss mape:0.320411
[Testing] 124/125 [============================>.] - ETA: 0s  loss: 2.2977 average test loss 1.8866
Test Loss mSEL:0.577774,
Test acc:0.833669,
Test Loss mape:0.313208,
Consuming time:231.69 in the epoch: 46
Best test loss is 1.89
---------------*****---------------
Starting training the epoch: 47 
[Training] 581/582 [============================>.] - ETA: 0s  loss: 1.6619 average train loss 1.8343
Train Consuming time:170.65 in the epoch: 47
[Validating] 124/125 [============================>.] - ETA: 0s  loss: 1.3319 average val loss 2.0134
 Val Loss mSEL:0.592591
 Val acc:0.826865
 Val Loss mape:0.320531
[Testing] 124/125 [============================>.] - ETA: 0s  loss: 2.2967 average test loss 1.8868
Test Loss mSEL:0.577401,
Test acc:0.833543,
Test Loss mape:0.313318,
Consuming time:231.15 in the epoch: 47
Best test loss is 1.89
---------------*****---------------
Starting training the epoch: 48 
[Training] 581/582 [============================>.] - ETA: 0s  loss: 1.6916 average train loss 1.8330
Train Consuming time:169.97 in the epoch: 48
[Validating] 124/125 [============================>.] - ETA: 0s  loss: 1.3335 average val loss 2.0132
 Val Loss mSEL:0.593808
 Val acc:0.826739
 Val Loss mape:0.320555
[Testing] 124/125 [============================>.] - ETA: 0s  loss: 2.2922 average test loss 1.8861
Test Loss mSEL:0.576296,
Test acc:0.833039,
Test Loss mape:0.313317,
Consuming time:231.15 in the epoch: 48
Best test loss is 1.89
---------------*****---------------
Starting training the epoch: 49 
[Training] 581/582 [============================>.] - ETA: 0s  loss: 1.6832 average train loss 1.8334
Train Consuming time:173.08 in the epoch: 49
[Validating] 124/125 [============================>.] - ETA: 0s  loss: 1.3341 average val loss 2.0134
 Val Loss mSEL:0.593131
 Val acc:0.826487
 Val Loss mape:0.320570
[Testing] 124/125 [============================>.] - ETA: 0s  loss: 2.2916 average test loss 1.8860
Test Loss mSEL:0.575744,
Test acc:0.832787,
Test Loss mape:0.313353,
Consuming time:234.01 in the epoch: 49
Best test loss is 1.89