-----------start to train--------------
2022-01-02 00:08:01.859286: I tensorflow/stream_executor/platform/default/dso_loader.cc:42] Successfully opened dynamic library libcublas.so.10
[Training] 1563/40001 [>.............................] - ETA: 4:55:32  loss: 1.6870 setting an array element with a sequence. The requested array has an inhomogeneous shape after 2 dimensions. The detected shape was (16, 100) + inhomogeneous part.
[Testing] 599/599 [==============================] 552.5ms/step  loss: 3.7480    69  
#1.0, Training Loss= 3.360576, Validation Loss= 3.165224, Test Loss= 3.036102, Best Valid Loss= 3.165224, Best Test Loss= 3.036102
 Val Loss mSEL:0.843783, Test Loss mSEL:0.774472,
 Val acc:0.813127, Test acc:0.822725,
 Val Loss mape:0.479860, Test Loss mape:0.455956,


after evaluating: 1659.9495191574097
[Training] 4351/40001 [==>...........................] - ETA: 4:55:39  loss: 1.6841 setting an array element with a sequence. The requested array has an inhomogeneous shape after 2 dimensions. The detected shape was (16, 100) + inhomogeneous part.
[Testing] 599/599 [==============================] 512.5ms/step  loss: 3.7699   756  
#2.0, Training Loss= 3.043590, Validation Loss= 3.260690, Test Loss= 3.150377, Best Valid Loss= 3.165224, Best Test Loss= 3.036102
 Val Loss mSEL:1.065007, Test Loss mSEL:0.988815,
 Val acc:0.802571, Test acc:0.811665,
 Val Loss mape:0.483263, Test Loss mape:0.461924,


after evaluating: 1404.2528858184814
[Training] 7139/40001 [====>.........................] - ETA: 4:34:01  loss: 0.9601 setting an array element with a sequence. The requested array has an inhomogeneous shape after 2 dimensions. The detected shape was (16, 100) + inhomogeneous part.
[Testing] 599/599 [==============================] 505.1ms/step  loss: 3.6409   307  
#3.0, Training Loss= 3.025227, Validation Loss= 3.137839, Test Loss= 3.006877, Best Valid Loss= 3.137839, Best Test Loss= 3.006877
 Val Loss mSEL:0.946538, Test Loss mSEL:0.873416,
 Val acc:0.801944, Test acc:0.812187,
 Val Loss mape:0.486260, Test Loss mape:0.463565,


after evaluating: 1412.6938922405243
[Training] 9928/40001 [======>.......................] - ETA: 4:11:39  loss: 1.5242 setting an array element with a sequence. The requested array has an inhomogeneous shape after 2 dimensions. The detected shape was (16, 100) + inhomogeneous part.
[Testing] 599/599 [==============================] 506.7ms/step  loss: 3.6139   5230  
#4.0, Training Loss= 3.018219, Validation Loss= 3.195305, Test Loss= 3.075763, Best Valid Loss= 3.137839, Best Test Loss= 3.006877
 Val Loss mSEL:0.942160, Test Loss mSEL:0.886980,
 Val acc:0.800376, Test acc:0.808431,
 Val Loss mape:0.487831, Test Loss mape:0.465584,


after evaluating: 1402.202778339386
[Training] 12716/40001 [========>.....................] - ETA: 3:48:28  loss: 1.4189 setting an array element with a sequence. The requested array has an inhomogeneous shape after 2 dimensions. The detected shape was (16, 100) + inhomogeneous part.
[Testing] 599/599 [==============================] 507.7ms/step  loss: 4.1032   7242  
#5.0, Training Loss= 3.015469, Validation Loss= 3.624962, Test Loss= 3.554698, Best Valid Loss= 3.137839, Best Test Loss= 3.006877
 Val Loss mSEL:1.259398, Test Loss mSEL:1.199140,
 Val acc:0.787730, Test acc:0.796536,
 Val Loss mape:0.486106, Test Loss mape:0.468914,


after evaluating: 1411.1944451332092
[Training] 15504/40001 [==========>...................] - ETA: 3:25:27  loss: 1.5108 setting an array element with a sequence. The requested array has an inhomogeneous shape after 2 dimensions. The detected shape was (16, 100) + inhomogeneous part.
[Testing] 599/599 [==============================] 513.2ms/step  loss: 3.6304   8693  
#6.0, Training Loss= 3.011835, Validation Loss= 3.090027, Test Loss= 2.958681, Best Valid Loss= 3.090027, Best Test Loss= 2.958681
 Val Loss mSEL:0.905636, Test Loss mSEL:0.833185,
 Val acc:0.802676, Test acc:0.814169,
 Val Loss mape:0.487109, Test Loss mape:0.463126,


after evaluating: 1420.8001773357391
[Training] 18292/40001 [============>.................] - ETA: 3:02:21  loss: 1.5723 setting an array element with a sequence. The requested array has an inhomogeneous shape after 2 dimensions. The detected shape was (16, 100) + inhomogeneous part.
[Testing] 599/599 [==============================] 500.5ms/step  loss: 3.5981   9447  
#7.0, Training Loss= 2.979468, Validation Loss= 3.124734, Test Loss= 2.993118, Best Valid Loss= 3.090027, Best Test Loss= 2.958681
 Val Loss mSEL:0.956879, Test Loss mSEL:0.898480,
 Val acc:0.789611, Test acc:0.801231,
 Val Loss mape:0.500063, Test Loss mape:0.476221,


after evaluating: 1397.7599556446075
[Training] 21080/40001 [==============>...............] - ETA: 2:38:26  loss: 0.8532 setting an array element with a sequence. The requested array has an inhomogeneous shape after 2 dimensions. The detected shape was (16, 100) + inhomogeneous part.
[Testing] 599/599 [==============================] 479.6ms/step  loss: 3.8088   7495  
#8.0, Training Loss= 2.973513, Validation Loss= 3.112646, Test Loss= 2.983388, Best Valid Loss= 3.090027, Best Test Loss= 2.958681
 Val Loss mSEL:0.871359, Test Loss mSEL:0.850381,
 Val acc:0.803407, Test acc:0.814378,
 Val Loss mape:0.473492, Test Loss mape:0.451000,


after evaluating: 1346.8127641677856
[Training] 23868/40001 [================>.............] - ETA: 2:14:30  loss: 0.9348 setting an array element with a sequence. The requested array has an inhomogeneous shape after 2 dimensions. The detected shape was (16, 100) + inhomogeneous part.
[Testing] 599/599 [==============================] 482.5ms/step  loss: 3.7436   8085  
#9.0, Training Loss= 2.978246, Validation Loss= 3.164860, Test Loss= 3.043064, Best Valid Loss= 3.090027, Best Test Loss= 2.958681
 Val Loss mSEL:0.933857, Test Loss mSEL:0.894738,
 Val acc:0.799645, Test acc:0.811144,
 Val Loss mape:0.480819, Test Loss mape:0.458995,


after evaluating: 1346.0690615177155
[Training] 26657/40001 [==================>...........] - ETA: 1:50:49  loss: 1.3366 setting an array element with a sequence. The requested array has an inhomogeneous shape after 2 dimensions. The detected shape was (16, 100) + inhomogeneous part.
[Testing] 599/599 [==============================] 484.3ms/step  loss: 3.6953   2353  
#10.0, Training Loss= 2.978334, Validation Loss= 3.125396, Test Loss= 2.997449, Best Valid Loss= 3.090027, Best Test Loss= 2.958681
 Val Loss mSEL:0.888855, Test Loss mSEL:0.847192,
 Val acc:0.802153, Test acc:0.813752,
 Val Loss mape:0.477654, Test Loss mape:0.455370,


after evaluating: 1345.3442168235779
[Training] 29445/40001 [=====================>........] - ETA: 1:27:23  loss: 1.4702 setting an array element with a sequence. The requested array has an inhomogeneous shape after 2 dimensions. The detected shape was (16, 100) + inhomogeneous part.
[Testing] 599/599 [==============================] 481.3ms/step  loss: 3.6294   6759  
#11.0, Training Loss= 2.976277, Validation Loss= 3.037658, Test Loss= 2.896982, Best Valid Loss= 3.037658, Best Test Loss= 2.896982
 Val Loss mSEL:0.831669, Test Loss mSEL:0.773352,
 Val acc:0.799018, Test acc:0.811352,
 Val Loss mape:0.490173, Test Loss mape:0.465769,


after evaluating: 1349.9018049240112
[Training] 32233/40001 [=======================>......] - ETA: 1:04:10  loss: 1.4123 setting an array element with a sequence. The requested array has an inhomogeneous shape after 2 dimensions. The detected shape was (16, 100) + inhomogeneous part.
[Testing] 599/599 [==============================] 485.5ms/step  loss: 3.6427   50    
#12.0, Training Loss= 2.971988, Validation Loss= 3.115541, Test Loss= 2.982449, Best Valid Loss= 3.037658, Best Test Loss= 2.896982
 Val Loss mSEL:0.918323, Test Loss mSEL:0.853559,
 Val acc:0.795569, Test acc:0.806240,
 Val Loss mape:0.494464, Test Loss mape:0.470532,


after evaluating: 1343.6509654521942
[Training] 35021/40001 [=========================>....] - ETA: 41:02  loss: 1.3232 setting an array element with a sequence. The requested array has an inhomogeneous shape after 2 dimensions. The detected shape was (16, 100) + inhomogeneous part.
[Testing] 599/599 [==============================] 489.2ms/step  loss: 3.6805   47  
#13.0, Training Loss= 2.976016, Validation Loss= 3.057846, Test Loss= 2.920922, Best Valid Loss= 3.037658, Best Test Loss= 2.896982
 Val Loss mSEL:0.829045, Test Loss mSEL:0.770877,
 Val acc:0.801003, Test acc:0.811457,
 Val Loss mape:0.490645, Test Loss mape:0.466330,


after evaluating: 1343.3531563282013
[Training] 37809/40001 [===========================>..] - ETA: 18:02  loss: 0.9378 setting an array element with a sequence. The requested array has an inhomogeneous shape after 2 dimensions. The detected shape was (16, 100) + inhomogeneous part.
[Testing] 599/599 [==============================] 482.0ms/step  loss: 3.8165   8   
#14.0, Training Loss= 2.972581, Validation Loss= 3.260334, Test Loss= 3.145422, Best Valid Loss= 3.037658, Best Test Loss= 2.896982
 Val Loss mSEL:0.966811, Test Loss mSEL:0.933187,
 Val acc:0.806543, Test acc:0.817613,
 Val Loss mape:0.466314, Test Loss mape:0.445823,


after evaluating: 1342.0396311283112
[Training] 40002/40001 [==============================] 494.5ms/step  loss: 2.7594 Finished!
----------------------------------------------------------------
Time: 366.36361622810364
Valid Loss: 3.0376582
Test Loss: 2.8969824