===================configuration===================
dropout prob: 1.0
l2 1e-08
learning rate: 0.005
emb_learning_rate: 0.005
observation hour [7,19]
observation threshold: 3600
prediction time: 86400
cascade length [10,100]
model save at../model_save/deepcas/weibo/
===================configuration===================
25284 5418 5419
(?, 200, 10, 50)
<class 'int'> <class 'int'>
Total_parameters:34715520
#1, Training Loss= 5.119368, Validation Loss= 3.196043, Test Loss= 3.176756, Best Valid Loss= 3.196043, Best Test Loss= 3.176756
consuming time in one epoch 41.70915389060974
#2, Training Loss= 1.817270, Validation Loss= 3.164791, Test Loss= 3.180899, Best Valid Loss= 3.164791, Best Test Loss= 3.180899
consuming time in one epoch 39.32774519920349
#3, Training Loss= 1.039751, Validation Loss= 2.767856, Test Loss= 2.829925, Best Valid Loss= 2.767856, Best Test Loss= 2.829925
consuming time in one epoch 39.95363807678223
#4, Training Loss= 0.531890, Validation Loss= 2.771727, Test Loss= 2.813481, Best Valid Loss= 2.767856, Best Test Loss= 2.829925
consuming time in one epoch 37.027815103530884
#5, Training Loss= 0.307875, Validation Loss= 2.777161, Test Loss= 2.820374, Best Valid Loss= 2.767856, Best Test Loss= 2.829925
consuming time in one epoch 39.57548403739929
#6, Training Loss= 0.216641, Validation Loss= 2.836301, Test Loss= 2.895585, Best Valid Loss= 2.767856, Best Test Loss= 2.829925
consuming time in one epoch 43.072978258132935
#7, Training Loss= 0.164117, Validation Loss= 2.800503, Test Loss= 2.863701, Best Valid Loss= 2.767856, Best Test Loss= 2.829925
consuming time in one epoch 42.40860962867737
#8, Training Loss= 0.134265, Validation Loss= 2.837596, Test Loss= 2.870080, Best Valid Loss= 2.767856, Best Test Loss= 2.829925
consuming time in one epoch 45.510305643081665
#9, Training Loss= 0.115413, Validation Loss= 2.814984, Test Loss= 2.846222, Best Valid Loss= 2.767856, Best Test Loss= 2.829925
consuming time in one epoch 45.622374534606934
#10, Training Loss= 0.095446, Validation Loss= 2.807296, Test Loss= 2.854586, Best Valid Loss= 2.767856, Best Test Loss= 2.829925
consuming time in one epoch 45.69107365608215
#11, Training Loss= 0.083715, Validation Loss= 2.806147, Test Loss= 2.870569, Best Valid Loss= 2.767856, Best Test Loss= 2.829925
consuming time in one epoch 45.348668336868286
#12, Training Loss= 0.072971, Validation Loss= 2.804508, Test Loss= 2.871689, Best Valid Loss= 2.767856, Best Test Loss= 2.829925
consuming time in one epoch 45.81099605560303
#13, Training Loss= 0.065388, Validation Loss= 2.847972, Test Loss= 2.892118, Best Valid Loss= 2.767856, Best Test Loss= 2.829925
consuming time in one epoch 45.31668710708618
#14, Training Loss= 0.061476, Validation Loss= 2.808321, Test Loss= 2.873115, Best Valid Loss= 2.767856, Best Test Loss= 2.829925
consuming time in one epoch 44.90164804458618
#15, Training Loss= 0.055007, Validation Loss= 2.801963, Test Loss= 2.878184, Best Valid Loss= 2.767856, Best Test Loss= 2.829925
consuming time in one epoch 45.167478799819946
#16, Training Loss= 0.047934, Validation Loss= 2.837755, Test Loss= 2.881976, Best Valid Loss= 2.767856, Best Test Loss= 2.829925
consuming time in one epoch 44.96901202201843
#17, Training Loss= 0.046242, Validation Loss= 2.836920, Test Loss= 2.882452, Best Valid Loss= 2.767856, Best Test Loss= 2.829925
consuming time in one epoch 44.620278120040894
#18, Training Loss= 0.159058, Validation Loss= 2.885654, Test Loss= 2.978529, Best Valid Loss= 2.767856, Best Test Loss= 2.829925
consuming time in one epoch 44.163453817367554
#19, Training Loss= 0.076994, Validation Loss= 2.892489, Test Loss= 2.970702, Best Valid Loss= 2.767856, Best Test Loss= 2.829925
consuming time in one epoch 44.326571226119995
#20, Training Loss= 0.060089, Validation Loss= 2.893611, Test Loss= 2.968115, Best Valid Loss= 2.767856, Best Test Loss= 2.829925
consuming time in one epoch 44.037104845047
#21, Training Loss= 0.053526, Validation Loss= 2.939665, Test Loss= 3.014843, Best Valid Loss= 2.767856, Best Test Loss= 2.829925
consuming time in one epoch 43.856019020080566
#22, Training Loss= 0.048661, Validation Loss= 2.913125, Test Loss= 2.982253, Best Valid Loss= 2.767856, Best Test Loss= 2.829925
consuming time in one epoch 44.453978300094604
#23, Training Loss= 0.048886, Validation Loss= 2.952712, Test Loss= 3.009085, Best Valid Loss= 2.767856, Best Test Loss= 2.829925
consuming time in one epoch 43.37034559249878
#24, Training Loss= 0.051762, Validation Loss= 2.907827, Test Loss= 2.976199, Best Valid Loss= 2.767856, Best Test Loss= 2.829925
consuming time in one epoch 43.57418251037598
#25, Training Loss= 0.052829, Validation Loss= 2.959878, Test Loss= 3.039627, Best Valid Loss= 2.767856, Best Test Loss= 2.829925
consuming time in one epoch 44.09225511550903
#26, Training Loss= 0.050973, Validation Loss= 2.919398, Test Loss= 2.988119, Best Valid Loss= 2.767856, Best Test Loss= 2.829925
consuming time in one epoch 43.72248816490173
#27, Training Loss= 0.047897, Validation Loss= 2.846560, Test Loss= 2.952428, Best Valid Loss= 2.767856, Best Test Loss= 2.829925
consuming time in one epoch 44.39299988746643
#28, Training Loss= 0.048203, Validation Loss= 2.902668, Test Loss= 2.968031, Best Valid Loss= 2.767856, Best Test Loss= 2.829925
consuming time in one epoch 46.07957625389099
#29, Training Loss= 0.043795, Validation Loss= 2.919564, Test Loss= 2.978279, Best Valid Loss= 2.767856, Best Test Loss= 2.829925
consuming time in one epoch 47.11885404586792
#30, Training Loss= 0.041179, Validation Loss= 2.906981, Test Loss= 2.942167, Best Valid Loss= 2.767856, Best Test Loss= 2.829925
consuming time in one epoch 46.72151064872742
#31, Training Loss= 0.038977, Validation Loss= 2.938987, Test Loss= 2.986529, Best Valid Loss= 2.767856, Best Test Loss= 2.829925
consuming time in one epoch 46.768255949020386
#32, Training Loss= 0.045523, Validation Loss= 2.936818, Test Loss= 3.010763, Best Valid Loss= 2.767856, Best Test Loss= 2.829925
Finished!
----------------------------------------------------------------
Time: 45.9099543094635
Valid Loss: 2.767856
Test Loss: 2.829925
