===================configuration===================
learning rate :0.001 
num_mlp_layers : 1
num_layers : 2
gnn input_features : 100
gnn output_features : 64
input of rnn/transformer : 64
hidden_size (out put of rnn/tranformer) : 64
observation hour [7,19]
observation interval : 180
observation threshold : 10800
prediction time : 86400
cascade length [5,100]
model save at : ../model_save/cas2vec/weibo/
====bidirected: False, attention: , gcn_type: self, rnn: None====
===================configuration===================
len(Y_train), len(Y_valid), len(Y_test): 40150 8604 8604
preparing time:330.35633969306946
total parameters 19321
---------------*****---------------
Starting training the epoch: 0 
total batch: 627.34375 
batch:99 average train loss 3.2688
batch:199 average train loss 2.8260
batch:299 average train loss 2.6119
batch:399 average train loss 2.4942
batch:499 average train loss 2.4078
batch:599 average train loss 2.3675
average train loss 2.3560
Train Consuming time:57869.88 in the epoch: 0
total val iterations: 135 
average val loss 2.1891
 Val Loss mSEL:0.664946
 Val acc:0.371502
 Val Loss mape:17.914537

total test iterations: 135 
average test loss 2.0911
Test Loss mSEL:0.644205,
Test acc:0.375350,
Test Loss mape:17.969910,

Consuming time:93207.37 in the epoch: 0
Best test loss is 2.09
---------------*****---------------
---------------*****---------------
Starting training the epoch: 1 
total batch: 627.34375 
batch:99 average train loss 2.0475
batch:199 average train loss 2.1018
batch:299 average train loss 2.0790
batch:399 average train loss 2.0632
batch:499 average train loss 2.0482
batch:599 average train loss 2.0561
average train loss 2.0560
Train Consuming time:941.18 in the epoch: 1
total val iterations: 135 
average val loss 2.1496
 Val Loss mSEL:0.652646
 Val acc:0.369520
 Val Loss mape:17.302616

total test iterations: 135 
average test loss 2.0574
Test Loss mSEL:0.632544,
Test acc:0.374184,
Test Loss mape:17.388424,

Consuming time:1329.89 in the epoch: 1
Best test loss is 2.06
---------------*****---------------
---------------*****---------------
Starting training the epoch: 2 
total batch: 627.34375 
batch:99 average train loss 1.9910
batch:199 average train loss 2.0544
batch:299 average train loss 2.0333
batch:399 average train loss 2.0220
batch:499 average train loss 2.0113
batch:599 average train loss 2.0206
average train loss 2.0204
Train Consuming time:941.25 in the epoch: 2
total val iterations: 135 
average val loss 2.1135
 Val Loss mSEL:0.624924
 Val acc:0.376866
 Val Loss mape:17.357142

total test iterations: 135 
average test loss 2.0149
Test Loss mSEL:0.610749,
Test acc:0.384911,
Test Loss mape:17.304266,

Consuming time:1340.47 in the epoch: 2
Best test loss is 2.01
---------------*****---------------
---------------*****---------------
Starting training the epoch: 3 
total batch: 627.34375 
batch:99 average train loss 1.9811
batch:199 average train loss 2.0309
batch:299 average train loss 2.0086
batch:399 average train loss 1.9986
batch:499 average train loss 1.9897
batch:599 average train loss 1.9990
average train loss 1.9988
Train Consuming time:938.89 in the epoch: 3
total val iterations: 135 
average val loss 2.0935
 Val Loss mSEL:0.618768
 Val acc:0.382229
 Val Loss mape:17.276295

total test iterations: 135 
average test loss 1.9934
Test Loss mSEL:0.611896,
Test acc:0.389809,
Test Loss mape:17.199580,

Consuming time:1333.74 in the epoch: 3
Best test loss is 1.99
---------------*****---------------
---------------*****---------------
Starting training the epoch: 4 
total batch: 627.34375 
batch:99 average train loss 1.9583
batch:199 average train loss 2.0145
batch:299 average train loss 1.9919
batch:399 average train loss 1.9827
batch:499 average train loss 1.9762
batch:599 average train loss 1.9856
average train loss 1.9858
Train Consuming time:942.98 in the epoch: 4
total val iterations: 135 
average val loss 2.0774
 Val Loss mSEL:0.623860
 Val acc:0.382229
 Val Loss mape:17.246383

total test iterations: 135 
average test loss 1.9796
Test Loss mSEL:0.611058,
Test acc:0.386427,
Test Loss mape:17.110856,

Consuming time:1340.43 in the epoch: 4
Best test loss is 1.98
---------------*****---------------
---------------*****---------------
Starting training the epoch: 5 
total batch: 627.34375 
batch:99 average train loss 1.9483
batch:199 average train loss 2.0025
batch:299 average train loss 1.9808
batch:399 average train loss 1.9712
batch:499 average train loss 1.9626
batch:599 average train loss 1.9727
average train loss 1.9720
Train Consuming time:942.44 in the epoch: 5
total val iterations: 135 
average val loss 2.1104
 Val Loss mSEL:0.639083
 Val acc:0.373834
 Val Loss mape:17.117875

total test iterations: 135 
average test loss 2.0121
Test Loss mSEL:0.619079,
Test acc:0.382929,
Test Loss mape:16.976642,

Consuming time:1341.39 in the epoch: 5
Best test loss is 1.98
---------------*****---------------
---------------*****---------------
Starting training the epoch: 6 
total batch: 627.34375 
batch:99 average train loss 1.9466
batch:199 average train loss 1.9977
batch:299 average train loss 1.9730
batch:399 average train loss 1.9637
batch:499 average train loss 1.9571
batch:599 average train loss 1.9678
average train loss 1.9677
Train Consuming time:942.36 in the epoch: 6
total val iterations: 135 
average val loss 2.0860
 Val Loss mSEL:0.618010
 Val acc:0.378498
 Val Loss mape:16.919902

total test iterations: 135 
average test loss 1.9844
Test Loss mSEL:0.590304,
Test acc:0.388410,
Test Loss mape:16.790855,

Consuming time:1341.37 in the epoch: 6
Best test loss is 1.98
---------------*****---------------
---------------*****---------------
Starting training the epoch: 7 
total batch: 627.34375 
batch:99 average train loss 1.9348
batch:199 average train loss 1.9901
batch:299 average train loss 1.9655
batch:399 average train loss 1.9534
batch:499 average train loss 1.9455
batch:599 average train loss 1.9553
average train loss 1.9557
Train Consuming time:941.13 in the epoch: 7
total val iterations: 135 
average val loss 2.0508
 Val Loss mSEL:0.614393
 Val acc:0.386660
 Val Loss mape:17.398931

total test iterations: 135 
average test loss 1.9552
Test Loss mSEL:0.582513,
Test acc:0.395289,
Test Loss mape:17.287700,

Consuming time:1343.64 in the epoch: 7
Best test loss is 1.96
---------------*****---------------
---------------*****---------------
Starting training the epoch: 8 
total batch: 627.34375 
batch:99 average train loss 1.9230
batch:199 average train loss 1.9784
batch:299 average train loss 1.9531
batch:399 average train loss 1.9436
batch:499 average train loss 1.9380
batch:599 average train loss 1.9487
average train loss 1.9489
Train Consuming time:954.24 in the epoch: 8
total val iterations: 135 
average val loss 2.0730
 Val Loss mSEL:0.615600
 Val acc:0.382929
 Val Loss mape:16.959546

total test iterations: 135 
average test loss 1.9731
Test Loss mSEL:0.592002,
Test acc:0.389459,
Test Loss mape:16.825472,

Consuming time:1350.38 in the epoch: 8
Best test loss is 1.96
---------------*****---------------
---------------*****---------------
Starting training the epoch: 9 
total batch: 627.34375 
batch:99 average train loss 1.9233
batch:199 average train loss 1.9775
batch:299 average train loss 1.9490
batch:399 average train loss 1.9392
batch:499 average train loss 1.9333
batch:599 average train loss 1.9430
average train loss 1.9431
Train Consuming time:948.48 in the epoch: 9
total val iterations: 135 
average val loss 2.0643
 Val Loss mSEL:0.599306
 Val acc:0.385261
 Val Loss mape:16.914655

total test iterations: 135 
average test loss 1.9553
Test Loss mSEL:0.578343,
Test acc:0.396688,
Test Loss mape:16.717408,

Consuming time:1346.26 in the epoch: 9
Best test loss is 1.96
---------------*****---------------
---------------*****---------------
Starting training the epoch: 10 
total batch: 627.34375 
batch:99 average train loss 1.9192
batch:199 average train loss 1.9729
batch:299 average train loss 1.9425
batch:399 average train loss 1.9304
batch:499 average train loss 1.9250
batch:599 average train loss 1.9348
average train loss 1.9343
Train Consuming time:992.29 in the epoch: 10
total val iterations: 135 
average val loss 2.0467
 Val Loss mSEL:0.579443
 Val acc:0.391325
 Val Loss mape:16.865943

total test iterations: 135 
average test loss 1.9355
Test Loss mSEL:0.555352,
Test acc:0.400886,
Test Loss mape:16.610601,

Consuming time:1417.57 in the epoch: 10
Best test loss is 1.94
---------------*****---------------
---------------*****---------------
Starting training the epoch: 11 
total batch: 627.34375 
batch:99 average train loss 1.9115
batch:199 average train loss 1.9615
batch:299 average train loss 1.9308
batch:399 average train loss 1.9212
batch:499 average train loss 1.9159
batch:599 average train loss 1.9259
average train loss 1.9259
Train Consuming time:1025.40 in the epoch: 11
total val iterations: 135 
average val loss 2.0684
 Val Loss mSEL:0.601821
 Val acc:0.383629
 Val Loss mape:16.732164

total test iterations: 135 
average test loss 1.9603
Test Loss mSEL:0.588607,
Test acc:0.392141,
Test Loss mape:16.487495,

Consuming time:1455.85 in the epoch: 11
Best test loss is 1.94
---------------*****---------------
---------------*****---------------
Starting training the epoch: 12 
total batch: 627.34375 
batch:99 average train loss 1.9042
batch:199 average train loss 1.9587
batch:299 average train loss 1.9288
batch:399 average train loss 1.9171
batch:499 average train loss 1.9114
batch:599 average train loss 1.9210
average train loss 1.9208
Train Consuming time:1030.71 in the epoch: 12
total val iterations: 135 
average val loss 2.0673
 Val Loss mSEL:0.597434
 Val acc:0.380714
 Val Loss mape:16.631984

total test iterations: 135 
average test loss 1.9543
Test Loss mSEL:0.588778,
Test acc:0.389342,
Test Loss mape:16.465963,

Consuming time:1460.35 in the epoch: 12
Best test loss is 1.94
---------------*****---------------
---------------*****---------------
Starting training the epoch: 13 
total batch: 627.34375 
batch:99 average train loss 1.8872
batch:199 average train loss 1.9465
batch:299 average train loss 1.9193
batch:399 average train loss 1.9087
batch:499 average train loss 1.9045
batch:599 average train loss 1.9133
average train loss 1.9133
Train Consuming time:1028.39 in the epoch: 13
total val iterations: 135 
average val loss 2.0608
 Val Loss mSEL:0.600517
 Val acc:0.384678
 Val Loss mape:16.562246

total test iterations: 135 
average test loss 1.9631
Test Loss mSEL:0.576447,
Test acc:0.391791,
Test Loss mape:16.387777,

Consuming time:1462.96 in the epoch: 13
Best test loss is 1.94
---------------*****---------------
---------------*****---------------
Starting training the epoch: 14 
total batch: 627.34375 
batch:99 average train loss 1.8802
batch:199 average train loss 1.9403
batch:299 average train loss 1.9127
batch:399 average train loss 1.9012
batch:499 average train loss 1.8980
batch:599 average train loss 1.9075
average train loss 1.9076
Train Consuming time:1040.57 in the epoch: 14
total val iterations: 135 
average val loss 2.0614
 Val Loss mSEL:0.602384
 Val acc:0.380947
 Val Loss mape:16.533175

total test iterations: 135 
average test loss 1.9622
Test Loss mSEL:0.585737,
Test acc:0.388993,
Test Loss mape:16.375049,

Consuming time:1486.47 in the epoch: 14
Best test loss is 1.94
---------------*****---------------
---------------*****---------------
Starting training the epoch: 15 
total batch: 627.34375 
batch:99 average train loss 1.8846
batch:199 average train loss 1.9383
batch:299 average train loss 1.9070
batch:399 average train loss 1.8974
batch:499 average train loss 1.8934
batch:599 average train loss 1.9018
average train loss 1.9025
Train Consuming time:984.66 in the epoch: 15
total val iterations: 135 
average val loss 2.0497
 Val Loss mSEL:0.594115
 Val acc:0.385378
 Val Loss mape:16.573221

total test iterations: 135 
average test loss 1.9534
Test Loss mSEL:0.583020,
Test acc:0.394007,
Test Loss mape:16.432520,

Consuming time:1379.79 in the epoch: 15
Best test loss is 1.94
---------------*****---------------
---------------*****---------------
Starting training the epoch: 16 
total batch: 627.34375 
batch:99 average train loss 1.8787
batch:199 average train loss 1.9381
batch:299 average train loss 1.9070
batch:399 average train loss 1.8949
batch:499 average train loss 1.8903
batch:599 average train loss 1.8984
average train loss 1.8989
Train Consuming time:944.65 in the epoch: 16
total val iterations: 135 
average val loss 2.0348
 Val Loss mSEL:0.586737
 Val acc:0.389692
 Val Loss mape:16.722265

total test iterations: 135 
average test loss 1.9339
Test Loss mSEL:0.566473,
Test acc:0.395406,
Test Loss mape:16.494716,

Consuming time:1360.64 in the epoch: 16
Best test loss is 1.93
---------------*****---------------
---------------*****---------------
Starting training the epoch: 17 
total batch: 627.34375 
batch:99 average train loss 1.8736
batch:199 average train loss 1.9303
batch:299 average train loss 1.8976
batch:399 average train loss 1.8875
batch:499 average train loss 1.8836
batch:599 average train loss 1.8918
average train loss 1.8922
Train Consuming time:1035.87 in the epoch: 17
total val iterations: 135 
average val loss 2.0509
 Val Loss mSEL:0.596617
 Val acc:0.387477
 Val Loss mape:16.463816

total test iterations: 135 
average test loss 1.9481
Test Loss mSEL:0.591075,
Test acc:0.390975,
Test Loss mape:16.190984,

Consuming time:1455.08 in the epoch: 17
Best test loss is 1.93
---------------*****---------------
---------------*****---------------
Starting training the epoch: 18 
total batch: 627.34375 
batch:99 average train loss 1.8632
batch:199 average train loss 1.9210
batch:299 average train loss 1.8925
batch:399 average train loss 1.8839
batch:499 average train loss 1.8796
batch:599 average train loss 1.8881
average train loss 1.8881
Train Consuming time:1006.62 in the epoch: 18
total val iterations: 135 
average val loss 2.0405
 Val Loss mSEL:0.586223
 Val acc:0.389342
 Val Loss mape:16.447041

total test iterations: 135 
average test loss 1.9445
Test Loss mSEL:0.577069,
Test acc:0.391674,
Test Loss mape:16.259918,

Consuming time:1432.14 in the epoch: 18
Best test loss is 1.93
---------------*****---------------
---------------*****---------------
Starting training the epoch: 19 
total batch: 627.34375 
batch:99 average train loss 1.8527
batch:199 average train loss 1.9066
batch:299 average train loss 1.8818
batch:399 average train loss 1.8736
batch:499 average train loss 1.8704
batch:599 average train loss 1.8804
average train loss 1.8814
Train Consuming time:1011.40 in the epoch: 19
total val iterations: 135 
average val loss 2.0342
 Val Loss mSEL:0.598874
 Val acc:0.386660
 Val Loss mape:16.478693

total test iterations: 135 
average test loss 1.9414
Test Loss mSEL:0.569089,
Test acc:0.396105,
Test Loss mape:16.301297,

Consuming time:1439.93 in the epoch: 19
Best test loss is 1.93
---------------*****---------------
---------------*****---------------
Starting training the epoch: 20 
total batch: 627.34375 
batch:99 average train loss 1.8607
batch:199 average train loss 1.9075
batch:299 average train loss 1.8774
batch:399 average train loss 1.8678
batch:499 average train loss 1.8577
batch:599 average train loss 1.8611
average train loss 1.8578
Train Consuming time:1012.27 in the epoch: 20
total val iterations: 135 
average val loss 1.9833
 Val Loss mSEL:0.593308
 Val acc:0.397271
 Val Loss mape:17.339822

total test iterations: 135 
average test loss 1.8908
Test Loss mSEL:0.583089,
Test acc:0.398671,
Test Loss mape:17.102813,

Consuming time:1453.36 in the epoch: 20
Best test loss is 1.89
---------------*****---------------
---------------*****---------------
Starting training the epoch: 21 
total batch: 627.34375 
batch:99 average train loss 1.8384
batch:199 average train loss 1.8874
batch:299 average train loss 1.8583
batch:399 average train loss 1.8504
batch:499 average train loss 1.8419
batch:599 average train loss 1.8471
average train loss 1.8447
Train Consuming time:1040.18 in the epoch: 21
total val iterations: 135 
average val loss 1.9808
 Val Loss mSEL:0.587655
 Val acc:0.399254
 Val Loss mape:17.260668

total test iterations: 135 
average test loss 1.8871
Test Loss mSEL:0.576145,
Test acc:0.399837,
Test Loss mape:17.015014,

Consuming time:1477.98 in the epoch: 21
Best test loss is 1.89
---------------*****---------------
---------------*****---------------
Starting training the epoch: 22 
total batch: 627.34375 
batch:99 average train loss 1.8328
batch:199 average train loss 1.8805
batch:299 average train loss 1.8509
batch:399 average train loss 1.8429
batch:499 average train loss 1.8350
batch:599 average train loss 1.8408
average train loss 1.8389
Train Consuming time:1031.03 in the epoch: 22
total val iterations: 135 
average val loss 1.9798
 Val Loss mSEL:0.594821
 Val acc:0.398671
 Val Loss mape:17.220072

total test iterations: 135 
average test loss 1.8848
Test Loss mSEL:0.580989,
Test acc:0.399720,
Test Loss mape:16.960968,

Consuming time:1458.95 in the epoch: 22
Best test loss is 1.88
---------------*****---------------
---------------*****---------------
Starting training the epoch: 23 
total batch: 627.34375 
batch:99 average train loss 1.8291
batch:199 average train loss 1.8763
batch:299 average train loss 1.8463
batch:399 average train loss 1.8382
batch:499 average train loss 1.8305
batch:599 average train loss 1.8365
average train loss 1.8350
Train Consuming time:1029.55 in the epoch: 23
total val iterations: 135 
average val loss 1.9787
 Val Loss mSEL:0.598596
 Val acc:0.398554
 Val Loss mape:17.192692

total test iterations: 135 
average test loss 1.8833
Test Loss mSEL:0.580256,
Test acc:0.399837,
Test Loss mape:16.923507,

Consuming time:1466.53 in the epoch: 23
Best test loss is 1.88
---------------*****---------------
---------------*****---------------
Starting training the epoch: 24 
total batch: 627.34375 
batch:99 average train loss 1.8262
batch:199 average train loss 1.8730
batch:299 average train loss 1.8428
batch:399 average train loss 1.8346
batch:499 average train loss 1.8271
batch:599 average train loss 1.8332
average train loss 1.8321
Train Consuming time:1042.43 in the epoch: 24
total val iterations: 135 
average val loss 1.9779
 Val Loss mSEL:0.603966
 Val acc:0.398904
 Val Loss mape:17.175700

total test iterations: 135 
average test loss 1.8819
Test Loss mSEL:0.578901,
Test acc:0.400303,
Test Loss mape:16.894103,

Consuming time:1472.62 in the epoch: 24
Best test loss is 1.88
---------------*****---------------
---------------*****---------------
Starting training the epoch: 25 
total batch: 627.34375 
batch:99 average train loss 1.8238
batch:199 average train loss 1.8707
batch:299 average train loss 1.8401
batch:399 average train loss 1.8319
batch:499 average train loss 1.8245
batch:599 average train loss 1.8307
average train loss 1.8297
Train Consuming time:1032.95 in the epoch: 25
total val iterations: 135 
average val loss 1.9778
 Val Loss mSEL:0.603509
 Val acc:0.398904
 Val Loss mape:17.155115

total test iterations: 135 
average test loss 1.8812
Test Loss mSEL:0.580369,
Test acc:0.398438,
Test Loss mape:16.867058,

Consuming time:1462.90 in the epoch: 25
Best test loss is 1.88
---------------*****---------------
---------------*****---------------
Starting training the epoch: 26 
total batch: 627.34375 
batch:99 average train loss 1.8215
batch:199 average train loss 1.8686
batch:299 average train loss 1.8377
batch:399 average train loss 1.8294
batch:499 average train loss 1.8220
batch:599 average train loss 1.8284
average train loss 1.8276
Train Consuming time:1022.55 in the epoch: 26
total val iterations: 135 
average val loss 1.9775
 Val Loss mSEL:0.602377
 Val acc:0.399021
 Val Loss mape:17.136285

total test iterations: 135 
average test loss 1.8807
Test Loss mSEL:0.584426,
Test acc:0.398904,
Test Loss mape:16.845729,

Consuming time:1455.43 in the epoch: 26
Best test loss is 1.88
---------------*****---------------
---------------*****---------------
Starting training the epoch: 27 
total batch: 627.34375 
batch:99 average train loss 1.8201
batch:199 average train loss 1.8670
batch:299 average train loss 1.8359
batch:399 average train loss 1.8274
batch:499 average train loss 1.8201
batch:599 average train loss 1.8264
average train loss 1.8258
Train Consuming time:1032.66 in the epoch: 27
total val iterations: 135 
average val loss 1.9774
 Val Loss mSEL:0.603851
 Val acc:0.400070
 Val Loss mape:17.118541

total test iterations: 135 
average test loss 1.8799
Test Loss mSEL:0.586806,
Test acc:0.398671,
Test Loss mape:16.820975,

Consuming time:1471.91 in the epoch: 27
Best test loss is 1.88
---------------*****---------------
---------------*****---------------
Starting training the epoch: 28 
total batch: 627.34375 
batch:99 average train loss 1.8187
batch:199 average train loss 1.8653
batch:299 average train loss 1.8341
batch:399 average train loss 1.8254
batch:499 average train loss 1.8182
batch:599 average train loss 1.8247
average train loss 1.8242
Train Consuming time:989.01 in the epoch: 28
total val iterations: 135 
average val loss 1.9775
 Val Loss mSEL:0.603299
 Val acc:0.399837
 Val Loss mape:17.107298

total test iterations: 135 
average test loss 1.8796
Test Loss mSEL:0.585087,
Test acc:0.398787,
Test Loss mape:16.801902,

Consuming time:1388.09 in the epoch: 28
Best test loss is 1.88
---------------*****---------------
---------------*****---------------
Starting training the epoch: 29 
total batch: 627.34375 
batch:99 average train loss 1.8172
batch:199 average train loss 1.8639
batch:299 average train loss 1.8325
batch:399 average train loss 1.8238
batch:499 average train loss 1.8166
batch:599 average train loss 1.8232
average train loss 1.8229
Train Consuming time:945.48 in the epoch: 29
total val iterations: 135 
average val loss 1.9776
 Val Loss mSEL:0.602932
 Val acc:0.399487
 Val Loss mape:17.093782

total test iterations: 135 
average test loss 1.8790
Test Loss mSEL:0.586529,
Test acc:0.399021,
Test Loss mape:16.787130,

Consuming time:1372.13 in the epoch: 29
Best test loss is 1.88
---------------*****---------------
