===================configuration===================
learning rate :0.001 
num_mlp_layers : 1
num_layers : 2
gnn input_features : 100
gnn output_features : 64
input of rnn/transformer : 64
hidden_size (out put of rnn/tranformer) : 64
observation hour [7,19]
observation interval : 180
observation threshold : 3600
prediction time : 86400
cascade length [5,100]
model save at : ../model_save/cas2vec/weibo/
====bidirected: False, attention: , gcn_type: self, rnn: None====
===================configuration===================
len(Y_train), len(Y_valid), len(Y_test): 37228 7978 7978
preparing time:83.82008051872253
total parameters 19241
---------------*****---------------
Starting training the epoch: 0 
total batch: 581.6875 
batch:99 average train loss 3.5537
batch:199 average train loss 3.0248
batch:299 average train loss 2.7991
batch:399 average train loss 2.6835
batch:499 average train loss 2.5902
average train loss 2.5514
Train Consuming time:35.41 in the epoch: 0
total val iterations: 125 
average val loss 2.2820
 Val Loss mSEL:0.704912
 Val acc:0.482233
 Val Loss mape:11.985144

total test iterations: 125 
average test loss 2.1381
Test Loss mSEL:0.678079,
Test acc:0.497732,
Test Loss mape:10.613336,

Consuming time:47.16 in the epoch: 0
Best test loss is 2.14
---------------*****---------------
---------------*****---------------
Starting training the epoch: 1 
total batch: 581.6875 
batch:99 average train loss 2.0601
batch:199 average train loss 2.1358
batch:299 average train loss 2.1461
batch:399 average train loss 2.1666
batch:499 average train loss 2.1537
average train loss 2.1639
Train Consuming time:34.55 in the epoch: 1
total val iterations: 125 
average val loss 2.2504
 Val Loss mSEL:0.606442
 Val acc:0.494960
 Val Loss mape:10.463773

total test iterations: 125 
average test loss 2.1251
Test Loss mSEL:0.596813,
Test acc:0.502898,
Test Loss mape:9.176114,

Consuming time:46.31 in the epoch: 1
Best test loss is 2.13
---------------*****---------------
---------------*****---------------
Starting training the epoch: 2 
total batch: 581.6875 
batch:99 average train loss 2.0062
batch:199 average train loss 2.0868
batch:299 average train loss 2.0993
batch:399 average train loss 2.1162
batch:499 average train loss 2.1041
average train loss 2.1163
Train Consuming time:34.71 in the epoch: 2
total val iterations: 125 
average val loss 2.2751
 Val Loss mSEL:0.608229
 Val acc:0.486643
 Val Loss mape:10.027799

total test iterations: 125 
average test loss 2.1509
Test Loss mSEL:0.605572,
Test acc:0.500000,
Test Loss mape:8.795353,

Consuming time:46.53 in the epoch: 2
Best test loss is 2.13
---------------*****---------------
---------------*****---------------
Starting training the epoch: 3 
total batch: 581.6875 
batch:99 average train loss 1.9833
batch:199 average train loss 2.0573
batch:299 average train loss 2.0701
batch:399 average train loss 2.0899
batch:499 average train loss 2.0791
average train loss 2.0915
Train Consuming time:34.41 in the epoch: 3
total val iterations: 125 
average val loss 2.2232
 Val Loss mSEL:0.599983
 Val acc:0.494708
 Val Loss mape:10.131669

total test iterations: 125 
average test loss 2.1010
Test Loss mSEL:0.577754,
Test acc:0.508317,
Test Loss mape:8.879073,

Consuming time:46.07 in the epoch: 3
Best test loss is 2.10
---------------*****---------------
---------------*****---------------
Starting training the epoch: 4 
total batch: 581.6875 
batch:99 average train loss 1.9664
batch:199 average train loss 2.0367
batch:299 average train loss 2.0497
batch:399 average train loss 2.0685
batch:499 average train loss 2.0589
average train loss 2.0726
Train Consuming time:34.55 in the epoch: 4
total val iterations: 125 
average val loss 2.2253
 Val Loss mSEL:0.590620
 Val acc:0.493448
 Val Loss mape:9.799640

total test iterations: 125 
average test loss 2.1071
Test Loss mSEL:0.575767,
Test acc:0.508317,
Test Loss mape:8.546779,

Consuming time:46.46 in the epoch: 4
Best test loss is 2.10
---------------*****---------------
---------------*****---------------
Starting training the epoch: 5 
total batch: 581.6875 
batch:99 average train loss 1.9520
batch:199 average train loss 2.0203
batch:299 average train loss 2.0334
batch:399 average train loss 2.0529
batch:499 average train loss 2.0446
average train loss 2.0584
Train Consuming time:34.80 in the epoch: 5
total val iterations: 125 
average val loss 2.1785
 Val Loss mSEL:0.590708
 Val acc:0.499118
 Val Loss mape:9.858247

total test iterations: 125 
average test loss 2.0606
Test Loss mSEL:0.558826,
Test acc:0.513105,
Test Loss mape:8.629358,

Consuming time:46.81 in the epoch: 5
Best test loss is 2.06
---------------*****---------------
---------------*****---------------
Starting training the epoch: 6 
total batch: 581.6875 
batch:99 average train loss 1.9329
batch:199 average train loss 2.0072
batch:299 average train loss 2.0228
batch:399 average train loss 2.0393
batch:499 average train loss 2.0295
average train loss 2.0442
Train Consuming time:34.73 in the epoch: 6
total val iterations: 125 
average val loss 2.2010
 Val Loss mSEL:0.589225
 Val acc:0.495338
 Val Loss mape:9.447964

total test iterations: 125 
average test loss 2.0834
Test Loss mSEL:0.569190,
Test acc:0.511089,
Test Loss mape:8.289407,

Consuming time:46.66 in the epoch: 6
Best test loss is 2.06
---------------*****---------------
---------------*****---------------
Starting training the epoch: 7 
total batch: 581.6875 
batch:99 average train loss 1.9183
batch:199 average train loss 1.9934
batch:299 average train loss 2.0112
batch:399 average train loss 2.0287
batch:499 average train loss 2.0190
average train loss 2.0315
Train Consuming time:34.49 in the epoch: 7
total val iterations: 125 
average val loss 2.1866
 Val Loss mSEL:0.609739
 Val acc:0.494204
 Val Loss mape:9.444407

total test iterations: 125 
average test loss 2.0603
Test Loss mSEL:0.583267,
Test acc:0.511467,
Test Loss mape:8.125523,

Consuming time:46.21 in the epoch: 7
Best test loss is 2.06
---------------*****---------------
---------------*****---------------
Starting training the epoch: 8 
total batch: 581.6875 
batch:99 average train loss 1.9126
batch:199 average train loss 1.9864
batch:299 average train loss 2.0042
batch:399 average train loss 2.0216
batch:499 average train loss 2.0112
average train loss 2.0233
Train Consuming time:34.22 in the epoch: 8
total val iterations: 125 
average val loss 2.1976
 Val Loss mSEL:0.599187
 Val acc:0.494078
 Val Loss mape:9.414695

total test iterations: 125 
average test loss 2.0675
Test Loss mSEL:0.565245,
Test acc:0.510837,
Test Loss mape:8.074713,

Consuming time:45.86 in the epoch: 8
Best test loss is 2.06
---------------*****---------------
---------------*****---------------
Starting training the epoch: 9 
total batch: 581.6875 
batch:99 average train loss 1.9045
batch:199 average train loss 1.9756
batch:299 average train loss 1.9936
batch:399 average train loss 2.0114
batch:499 average train loss 2.0032
average train loss 2.0163
Train Consuming time:34.22 in the epoch: 9
total val iterations: 125 
average val loss 2.1806
 Val Loss mSEL:0.596623
 Val acc:0.497354
 Val Loss mape:9.519376

total test iterations: 125 
average test loss 2.0633
Test Loss mSEL:0.567827,
Test acc:0.511089,
Test Loss mape:8.206799,

Consuming time:45.88 in the epoch: 9
Best test loss is 2.06
---------------*****---------------
---------------*****---------------
Starting training the epoch: 10 
total batch: 581.6875 
batch:99 average train loss 1.8950
batch:199 average train loss 1.9606
batch:299 average train loss 1.9811
batch:399 average train loss 2.0010
batch:499 average train loss 1.9920
average train loss 2.0045
Train Consuming time:33.97 in the epoch: 10
total val iterations: 125 
average val loss 2.2245
 Val Loss mSEL:0.601187
 Val acc:0.495086
 Val Loss mape:9.238774

total test iterations: 125 
average test loss 2.0932
Test Loss mSEL:0.575762,
Test acc:0.506300,
Test Loss mape:7.924991,

Consuming time:45.58 in the epoch: 10
Best test loss is 2.06
---------------*****---------------
---------------*****---------------
Starting training the epoch: 11 
total batch: 581.6875 
batch:99 average train loss 1.8909
batch:199 average train loss 1.9615
batch:299 average train loss 1.9776
batch:399 average train loss 1.9958
batch:499 average train loss 1.9874
average train loss 1.9992
Train Consuming time:34.57 in the epoch: 11
total val iterations: 125 
average val loss 2.1963
 Val Loss mSEL:0.597072
 Val acc:0.495968
 Val Loss mape:9.477126

total test iterations: 125 
average test loss 2.0645
Test Loss mSEL:0.570713,
Test acc:0.512727,
Test Loss mape:8.215252,

Consuming time:46.61 in the epoch: 11
Best test loss is 2.06
---------------*****---------------
---------------*****---------------
Starting training the epoch: 12 
total batch: 581.6875 
batch:99 average train loss 1.8845
batch:199 average train loss 1.9487
batch:299 average train loss 1.9667
batch:399 average train loss 1.9838
batch:499 average train loss 1.9759
average train loss 1.9892
Train Consuming time:33.98 in the epoch: 12
total val iterations: 125 
average val loss 2.2067
 Val Loss mSEL:0.614120
 Val acc:0.493574
 Val Loss mape:9.344465

total test iterations: 125 
average test loss 2.0794
Test Loss mSEL:0.596160,
Test acc:0.505292,
Test Loss mape:8.007262,

Consuming time:45.66 in the epoch: 12
Best test loss is 2.06
---------------*****---------------
---------------*****---------------
Starting training the epoch: 13 
total batch: 581.6875 
batch:99 average train loss 1.8846
batch:199 average train loss 1.9475
batch:299 average train loss 1.9643
batch:399 average train loss 1.9798
batch:499 average train loss 1.9720
average train loss 1.9845
Train Consuming time:34.05 in the epoch: 13
total val iterations: 125 
average val loss 2.2045
 Val Loss mSEL:0.602777
 Val acc:0.501008
 Val Loss mape:9.404991

total test iterations: 125 
average test loss 2.0606
Test Loss mSEL:0.554005,
Test acc:0.510963,
Test Loss mape:8.020502,

Consuming time:45.81 in the epoch: 13
Best test loss is 2.06
---------------*****---------------
---------------*****---------------
Starting training the epoch: 14 
total batch: 581.6875 
batch:99 average train loss 1.8771
batch:199 average train loss 1.9385
batch:299 average train loss 1.9576
batch:399 average train loss 1.9745
batch:499 average train loss 1.9657
average train loss 1.9787
Train Consuming time:33.94 in the epoch: 14
total val iterations: 125 
average val loss 2.1669
 Val Loss mSEL:0.601210
 Val acc:0.498740
 Val Loss mape:9.541180

total test iterations: 125 
average test loss 2.0487
Test Loss mSEL:0.574103,
Test acc:0.510333,
Test Loss mape:8.166361,

Consuming time:45.57 in the epoch: 14
Best test loss is 2.05
---------------*****---------------
---------------*****---------------
Starting training the epoch: 15 
total batch: 581.6875 
batch:99 average train loss 1.8676
batch:199 average train loss 1.9346
batch:299 average train loss 1.9516
batch:399 average train loss 1.9693
batch:499 average train loss 1.9607
average train loss 1.9730
Train Consuming time:33.87 in the epoch: 15
total val iterations: 125 
average val loss 2.1725
 Val Loss mSEL:0.611366
 Val acc:0.497732
 Val Loss mape:9.440675

total test iterations: 125 
average test loss 2.0433
Test Loss mSEL:0.578168,
Test acc:0.509829,
Test Loss mape:8.052234,

Consuming time:45.42 in the epoch: 15
Best test loss is 2.04
---------------*****---------------
---------------*****---------------
Starting training the epoch: 16 
total batch: 581.6875 
batch:99 average train loss 1.8579
batch:199 average train loss 1.9179
batch:299 average train loss 1.9365
batch:399 average train loss 1.9547
batch:499 average train loss 1.9471
average train loss 1.9600
Train Consuming time:33.80 in the epoch: 16
total val iterations: 125 
average val loss 2.2017
 Val Loss mSEL:0.627068
 Val acc:0.486769
 Val Loss mape:9.437923

total test iterations: 125 
average test loss 2.0642
Test Loss mSEL:0.602817,
Test acc:0.501008,
Test Loss mape:8.033838,

Consuming time:45.59 in the epoch: 16
Best test loss is 2.04
---------------*****---------------
---------------*****---------------
Starting training the epoch: 17 
total batch: 581.6875 
batch:99 average train loss 1.8564
batch:199 average train loss 1.9141
batch:299 average train loss 1.9312
batch:399 average train loss 1.9521
batch:499 average train loss 1.9444
average train loss 1.9590
Train Consuming time:33.60 in the epoch: 17
total val iterations: 125 
average val loss 2.1618
 Val Loss mSEL:0.605925
 Val acc:0.497984
 Val Loss mape:9.906885

total test iterations: 125 
average test loss 2.0221
Test Loss mSEL:0.590188,
Test acc:0.511719,
Test Loss mape:8.465449,

Consuming time:45.15 in the epoch: 17
Best test loss is 2.02
---------------*****---------------
---------------*****---------------
Starting training the epoch: 18 
total batch: 581.6875 
batch:99 average train loss 1.8548
batch:199 average train loss 1.9118
batch:299 average train loss 1.9289
batch:399 average train loss 1.9479
batch:499 average train loss 1.9395
average train loss 1.9526
Train Consuming time:33.81 in the epoch: 18
total val iterations: 125 
average val loss 2.1611
 Val Loss mSEL:0.616165
 Val acc:0.495212
 Val Loss mape:9.699603

total test iterations: 125 
average test loss 2.0299
Test Loss mSEL:0.581426,
Test acc:0.510207,
Test Loss mape:8.338870,

Consuming time:45.58 in the epoch: 18
Best test loss is 2.02
---------------*****---------------
---------------*****---------------
Starting training the epoch: 19 
total batch: 581.6875 
batch:99 average train loss 1.8523
batch:199 average train loss 1.9102
batch:299 average train loss 1.9263
batch:399 average train loss 1.9445
batch:499 average train loss 1.9367
average train loss 1.9495
Train Consuming time:34.39 in the epoch: 19
total val iterations: 125 
average val loss 2.1662
 Val Loss mSEL:0.617703
 Val acc:0.494078
 Val Loss mape:9.784842

total test iterations: 125 
average test loss 2.0337
Test Loss mSEL:0.581431,
Test acc:0.506048,
Test Loss mape:8.246774,

Consuming time:46.49 in the epoch: 19
Best test loss is 2.02
---------------*****---------------
---------------*****---------------
Starting training the epoch: 20 
total batch: 581.6875 
batch:99 average train loss 1.8478
batch:199 average train loss 1.8975
batch:299 average train loss 1.9116
batch:399 average train loss 1.9289
batch:499 average train loss 1.9139
average train loss 1.9177
Train Consuming time:35.01 in the epoch: 20
total val iterations: 125 
average val loss 2.1169
 Val Loss mSEL:0.603006
 Val acc:0.501260
 Val Loss mape:10.285558

total test iterations: 125 
average test loss 1.9795
Test Loss mSEL:0.571814,
Test acc:0.514239,
Test Loss mape:8.704825,

Consuming time:47.03 in the epoch: 20
Best test loss is 1.98
---------------*****---------------
---------------*****---------------
Starting training the epoch: 21 
total batch: 581.6875 
batch:99 average train loss 1.8114
batch:199 average train loss 1.8659
batch:299 average train loss 1.8852
batch:399 average train loss 1.9045
batch:499 average train loss 1.8923
average train loss 1.8990
Train Consuming time:35.08 in the epoch: 21
total val iterations: 125 
average val loss 2.1099
 Val Loss mSEL:0.597008
 Val acc:0.502520
 Val Loss mape:10.232777

total test iterations: 125 
average test loss 1.9758
Test Loss mSEL:0.564255,
Test acc:0.515121,
Test Loss mape:8.673068,

Consuming time:47.09 in the epoch: 21
Best test loss is 1.98
---------------*****---------------
---------------*****---------------
Starting training the epoch: 22 
total batch: 581.6875 
batch:99 average train loss 1.8031
batch:199 average train loss 1.8563
batch:299 average train loss 1.8766
batch:399 average train loss 1.8955
batch:499 average train loss 1.8844
average train loss 1.8922
Train Consuming time:34.79 in the epoch: 22
total val iterations: 125 
average val loss 2.1079
 Val Loss mSEL:0.601678
 Val acc:0.502142
 Val Loss mape:10.180925

total test iterations: 125 
average test loss 1.9748
Test Loss mSEL:0.566772,
Test acc:0.516255,
Test Loss mape:8.647306,

Consuming time:46.83 in the epoch: 22
Best test loss is 1.97
---------------*****---------------
---------------*****---------------
Starting training the epoch: 23 
total batch: 581.6875 
batch:99 average train loss 1.7989
batch:199 average train loss 1.8508
batch:299 average train loss 1.8714
batch:399 average train loss 1.8903
batch:499 average train loss 1.8798
average train loss 1.8882
Train Consuming time:34.93 in the epoch: 23
total val iterations: 125 
average val loss 2.1069
 Val Loss mSEL:0.600786
 Val acc:0.501512
 Val Loss mape:10.145383

total test iterations: 125 
average test loss 1.9747
Test Loss mSEL:0.571902,
Test acc:0.516381,
Test Loss mape:8.631265,

Consuming time:46.99 in the epoch: 23
Best test loss is 1.97
---------------*****---------------
---------------*****---------------
Starting training the epoch: 24 
total batch: 581.6875 
batch:99 average train loss 1.7963
batch:199 average train loss 1.8467
batch:299 average train loss 1.8676
batch:399 average train loss 1.8862
batch:499 average train loss 1.8763
average train loss 1.8851
Train Consuming time:35.14 in the epoch: 24
total val iterations: 125 
average val loss 2.1063
 Val Loss mSEL:0.602571
 Val acc:0.500882
 Val Loss mape:10.122593

total test iterations: 125 
average test loss 1.9750
Test Loss mSEL:0.575371,
Test acc:0.515877,
Test Loss mape:8.616048,

Consuming time:47.20 in the epoch: 24
Best test loss is 1.97
---------------*****---------------
---------------*****---------------
Starting training the epoch: 25 
total batch: 581.6875 
batch:99 average train loss 1.7939
batch:199 average train loss 1.8437
batch:299 average train loss 1.8646
batch:399 average train loss 1.8832
batch:499 average train loss 1.8736
average train loss 1.8828
Train Consuming time:35.01 in the epoch: 25
total val iterations: 125 
average val loss 2.1057
 Val Loss mSEL:0.604058
 Val acc:0.500630
 Val Loss mape:10.103706

total test iterations: 125 
average test loss 1.9755
Test Loss mSEL:0.574909,
Test acc:0.515121,
Test Loss mape:8.607283,

Consuming time:46.98 in the epoch: 25
Best test loss is 1.97
---------------*****---------------
---------------*****---------------
Starting training the epoch: 26 
total batch: 581.6875 
batch:99 average train loss 1.7916
batch:199 average train loss 1.8410
batch:299 average train loss 1.8619
batch:399 average train loss 1.8805
batch:499 average train loss 1.8712
average train loss 1.8807
Train Consuming time:34.47 in the epoch: 26
total val iterations: 125 
average val loss 2.1053
 Val Loss mSEL:0.602682
 Val acc:0.499748
 Val Loss mape:10.090971

total test iterations: 125 
average test loss 1.9761
Test Loss mSEL:0.574317,
Test acc:0.515121,
Test Loss mape:8.602604,

Consuming time:46.31 in the epoch: 26
Best test loss is 1.97
---------------*****---------------
---------------*****---------------
Starting training the epoch: 27 
total batch: 581.6875 
batch:99 average train loss 1.7896
batch:199 average train loss 1.8387
batch:299 average train loss 1.8595
batch:399 average train loss 1.8782
batch:499 average train loss 1.8691
average train loss 1.8790
Train Consuming time:34.31 in the epoch: 27
total val iterations: 125 
average val loss 2.1049
 Val Loss mSEL:0.604927
 Val acc:0.499622
 Val Loss mape:10.077358

total test iterations: 125 
average test loss 1.9767
Test Loss mSEL:0.572630,
Test acc:0.514491,
Test Loss mape:8.596567,

Consuming time:46.14 in the epoch: 27
Best test loss is 1.97
---------------*****---------------
---------------*****---------------
Starting training the epoch: 28 
total batch: 581.6875 
batch:99 average train loss 1.7877
batch:199 average train loss 1.8368
batch:299 average train loss 1.8575
batch:399 average train loss 1.8761
batch:499 average train loss 1.8673
average train loss 1.8775
Train Consuming time:34.36 in the epoch: 28
total val iterations: 125 
average val loss 2.1046
 Val Loss mSEL:0.601229
 Val acc:0.499244
 Val Loss mape:10.072778

total test iterations: 125 
average test loss 1.9771
Test Loss mSEL:0.573361,
Test acc:0.514365,
Test Loss mape:8.598431,

Consuming time:46.14 in the epoch: 28
Best test loss is 1.97
---------------*****---------------
---------------*****---------------
Starting training the epoch: 29 
total batch: 581.6875 
batch:99 average train loss 1.7862
batch:199 average train loss 1.8351
batch:299 average train loss 1.8557
batch:399 average train loss 1.8741
batch:499 average train loss 1.8656
average train loss 1.8760
Train Consuming time:35.59 in the epoch: 29
total val iterations: 125 
average val loss 2.1044
 Val Loss mSEL:0.600851
 Val acc:0.498866
 Val Loss mape:10.067208

total test iterations: 125 
average test loss 1.9774
Test Loss mSEL:0.574453,
Test acc:0.514239,
Test Loss mape:8.598481,

Consuming time:47.86 in the epoch: 29
Best test loss is 1.97
---------------*****---------------
---------------*****---------------
Starting training the epoch: 30 
total batch: 581.6875 
batch:99 average train loss 1.7852
batch:199 average train loss 1.8338
batch:299 average train loss 1.8542
batch:399 average train loss 1.8726
batch:499 average train loss 1.8643
average train loss 1.8749
Train Consuming time:35.48 in the epoch: 30
total val iterations: 125 
average val loss 2.1041
 Val Loss mSEL:0.598895
 Val acc:0.498362
 Val Loss mape:10.062167

total test iterations: 125 
average test loss 1.9775
Test Loss mSEL:0.574229,
Test acc:0.514743,
Test Loss mape:8.600529,

Consuming time:47.65 in the epoch: 30
Best test loss is 1.97
---------------*****---------------
---------------*****---------------
Starting training the epoch: 31 
total batch: 581.6875 
batch:99 average train loss 1.7838
batch:199 average train loss 1.8324
batch:299 average train loss 1.8528
batch:399 average train loss 1.8711
batch:499 average train loss 1.8630
average train loss 1.8738
Train Consuming time:35.77 in the epoch: 31
total val iterations: 125 
average val loss 2.1040
 Val Loss mSEL:0.600633
 Val acc:0.498488
 Val Loss mape:10.060785

total test iterations: 125 
average test loss 1.9778
Test Loss mSEL:0.575057,
Test acc:0.514491,
Test Loss mape:8.602174,

Consuming time:47.84 in the epoch: 31
Best test loss is 1.97
---------------*****---------------
---------------*****---------------
Starting training the epoch: 32 
total batch: 581.6875 
batch:99 average train loss 1.7827
batch:199 average train loss 1.8312
batch:299 average train loss 1.8515
batch:399 average train loss 1.8697
batch:499 average train loss 1.8618
average train loss 1.8728
Train Consuming time:36.04 in the epoch: 32
total val iterations: 125 
average val loss 2.1039
 Val Loss mSEL:0.602316
 Val acc:0.499244
 Val Loss mape:10.057974

total test iterations: 125 
average test loss 1.9782
Test Loss mSEL:0.577347,
Test acc:0.514743,
Test Loss mape:8.598428,

Consuming time:48.38 in the epoch: 32
Best test loss is 1.97
---------------*****---------------
---------------*****---------------
Starting training the epoch: 33 
total batch: 581.6875 
batch:99 average train loss 1.7815
batch:199 average train loss 1.8300
batch:299 average train loss 1.8504
batch:399 average train loss 1.8685
batch:499 average train loss 1.8607
average train loss 1.8720
Train Consuming time:35.93 in the epoch: 33
total val iterations: 125 
average val loss 2.1037
 Val Loss mSEL:0.600902
 Val acc:0.498866
 Val Loss mape:10.053699

total test iterations: 125 
average test loss 1.9785
Test Loss mSEL:0.580193,
Test acc:0.514995,
Test Loss mape:8.597853,

Consuming time:48.29 in the epoch: 33
Best test loss is 1.97
---------------*****---------------
---------------*****---------------
Starting training the epoch: 34 
total batch: 581.6875 
batch:99 average train loss 1.7805
batch:199 average train loss 1.8288
batch:299 average train loss 1.8492
batch:399 average train loss 1.8674
batch:499 average train loss 1.8597
average train loss 1.8711
Train Consuming time:35.74 in the epoch: 34
total val iterations: 125 
average val loss 2.1035
 Val Loss mSEL:0.600740
 Val acc:0.499244
 Val Loss mape:10.053240

total test iterations: 125 
average test loss 1.9788
Test Loss mSEL:0.580034,
Test acc:0.514617,
Test Loss mape:8.598449,

Consuming time:48.24 in the epoch: 34
Best test loss is 1.97
---------------*****---------------
---------------*****---------------
Starting training the epoch: 35 
total batch: 581.6875 
batch:99 average train loss 1.7796
batch:199 average train loss 1.8277
batch:299 average train loss 1.8481
batch:399 average train loss 1.8663
batch:499 average train loss 1.8588
average train loss 1.8703
Train Consuming time:35.54 in the epoch: 35
total val iterations: 125 
average val loss 2.1036
 Val Loss mSEL:0.600079
 Val acc:0.500000
 Val Loss mape:10.057651

total test iterations: 125 
average test loss 1.9789
Test Loss mSEL:0.581186,
Test acc:0.514743,
Test Loss mape:8.603108,

Consuming time:47.65 in the epoch: 35
Best test loss is 1.97
---------------*****---------------
---------------*****---------------
Starting training the epoch: 36 
total batch: 581.6875 
batch:99 average train loss 1.7786
batch:199 average train loss 1.8266
batch:299 average train loss 1.8471
batch:399 average train loss 1.8652
batch:499 average train loss 1.8578
average train loss 1.8695
Train Consuming time:35.21 in the epoch: 36
total val iterations: 125 
average val loss 2.1034
 Val Loss mSEL:0.600129
 Val acc:0.500000
 Val Loss mape:10.059070

total test iterations: 125 
average test loss 1.9792
Test Loss mSEL:0.580600,
Test acc:0.514743,
Test Loss mape:8.603459,

Consuming time:47.47 in the epoch: 36
Best test loss is 1.97
---------------*****---------------
---------------*****---------------
Starting training the epoch: 37 
total batch: 581.6875 
batch:99 average train loss 1.7776
batch:199 average train loss 1.8256
batch:299 average train loss 1.8461
batch:399 average train loss 1.8643
batch:499 average train loss 1.8569
average train loss 1.8687
Train Consuming time:35.94 in the epoch: 37
total val iterations: 125 
average val loss 2.1032
 Val Loss mSEL:0.599914
 Val acc:0.499874
 Val Loss mape:10.057160

total test iterations: 125 
average test loss 1.9792
Test Loss mSEL:0.580416,
Test acc:0.513861,
Test Loss mape:8.603643,

Consuming time:48.31 in the epoch: 37
Best test loss is 1.97
---------------*****---------------
---------------*****---------------
Starting training the epoch: 38 
total batch: 581.6875 
batch:99 average train loss 1.7767
batch:199 average train loss 1.8247
batch:299 average train loss 1.8452
batch:399 average train loss 1.8633
batch:499 average train loss 1.8561
average train loss 1.8680
Train Consuming time:36.04 in the epoch: 38
total val iterations: 125 
average val loss 2.1030
 Val Loss mSEL:0.601537
 Val acc:0.500000
 Val Loss mape:10.051903

total test iterations: 125 
average test loss 1.9795
Test Loss mSEL:0.580403,
Test acc:0.513483,
Test Loss mape:8.601184,

Consuming time:48.49 in the epoch: 38
Best test loss is 1.97
---------------*****---------------
---------------*****---------------
Starting training the epoch: 39 
total batch: 581.6875 
batch:99 average train loss 1.7760
batch:199 average train loss 1.8240
batch:299 average train loss 1.8444
batch:399 average train loss 1.8625
batch:499 average train loss 1.8554
average train loss 1.8674
Train Consuming time:36.28 in the epoch: 39
total val iterations: 125 
average val loss 2.1030
 Val Loss mSEL:0.602388
 Val acc:0.500000
 Val Loss mape:10.048140

total test iterations: 125 
average test loss 1.9796
Test Loss mSEL:0.580665,
Test acc:0.513735,
Test Loss mape:8.596618,

Consuming time:48.85 in the epoch: 39
Best test loss is 1.97
---------------*****---------------
---------------*****---------------
Starting training the epoch: 40 
total batch: 581.6875 
batch:99 average train loss 1.7748
batch:199 average train loss 1.8229
batch:299 average train loss 1.8434
batch:399 average train loss 1.8616
batch:499 average train loss 1.8546
average train loss 1.8666
Train Consuming time:36.11 in the epoch: 40
total val iterations: 125 
average val loss 2.1029
 Val Loss mSEL:0.602633
 Val acc:0.500000
 Val Loss mape:10.043726

total test iterations: 125 
average test loss 1.9797
Test Loss mSEL:0.582414,
Test acc:0.513609,
Test Loss mape:8.594971,

Consuming time:48.93 in the epoch: 40
Best test loss is 1.97
---------------*****---------------
---------------*****---------------
Starting training the epoch: 41 
total batch: 581.6875 
batch:99 average train loss 1.7739
batch:199 average train loss 1.8221
batch:299 average train loss 1.8426
batch:399 average train loss 1.8608
batch:499 average train loss 1.8539
average train loss 1.8660
Train Consuming time:36.33 in the epoch: 41
total val iterations: 125 
average val loss 2.1028
 Val Loss mSEL:0.603785
 Val acc:0.499496
 Val Loss mape:10.037807

total test iterations: 125 
average test loss 1.9798
Test Loss mSEL:0.580941,
Test acc:0.513609,
Test Loss mape:8.592597,

Consuming time:48.94 in the epoch: 41
Best test loss is 1.97
---------------*****---------------
---------------*****---------------
Starting training the epoch: 42 
total batch: 581.6875 
batch:99 average train loss 1.7731
batch:199 average train loss 1.8212
batch:299 average train loss 1.8418
batch:399 average train loss 1.8599
batch:499 average train loss 1.8531
average train loss 1.8654
Train Consuming time:36.09 in the epoch: 42
total val iterations: 125 
average val loss 2.1029
 Val Loss mSEL:0.602874
 Val acc:0.499244
 Val Loss mape:10.035470

total test iterations: 125 
average test loss 1.9799
Test Loss mSEL:0.580804,
Test acc:0.513231,
Test Loss mape:8.592184,

Consuming time:48.60 in the epoch: 42
Best test loss is 1.97
---------------*****---------------
---------------*****---------------
Starting training the epoch: 43 
total batch: 581.6875 
batch:99 average train loss 1.7724
batch:199 average train loss 1.8204
batch:299 average train loss 1.8410
batch:399 average train loss 1.8592
batch:499 average train loss 1.8524
average train loss 1.8647
Train Consuming time:36.28 in the epoch: 43
total val iterations: 125 
average val loss 2.1031
 Val Loss mSEL:0.604836
 Val acc:0.499370
 Val Loss mape:10.039107

total test iterations: 125 
average test loss 1.9801
Test Loss mSEL:0.580805,
Test acc:0.512979,
Test Loss mape:8.596385,

Consuming time:48.64 in the epoch: 43
Best test loss is 1.97
---------------*****---------------
---------------*****---------------
Starting training the epoch: 44 
total batch: 581.6875 
batch:99 average train loss 1.7717
batch:199 average train loss 1.8197
batch:299 average train loss 1.8404
batch:399 average train loss 1.8585
batch:499 average train loss 1.8518
average train loss 1.8641
Train Consuming time:36.23 in the epoch: 44
total val iterations: 125 
average val loss 2.1031
 Val Loss mSEL:0.603051
 Val acc:0.499118
 Val Loss mape:10.028256

total test iterations: 125 
average test loss 1.9803
Test Loss mSEL:0.581416,
Test acc:0.513231,
Test Loss mape:8.588359,

Consuming time:48.79 in the epoch: 44
Best test loss is 1.97
---------------*****---------------
---------------*****---------------
Starting training the epoch: 45 
total batch: 581.6875 
batch:99 average train loss 1.7710
batch:199 average train loss 1.8190
batch:299 average train loss 1.8397
batch:399 average train loss 1.8578
batch:499 average train loss 1.8511
average train loss 1.8635
Train Consuming time:35.81 in the epoch: 45
total val iterations: 125 
average val loss 2.1031
 Val Loss mSEL:0.602976
 Val acc:0.499874
 Val Loss mape:10.031766

total test iterations: 125 
average test loss 1.9805
Test Loss mSEL:0.581088,
Test acc:0.513483,
Test Loss mape:8.591768,

Consuming time:48.12 in the epoch: 45
Best test loss is 1.97
---------------*****---------------
---------------*****---------------
Starting training the epoch: 46 
total batch: 581.6875 
batch:99 average train loss 1.7704
batch:199 average train loss 1.8184
batch:299 average train loss 1.8390
batch:399 average train loss 1.8571
batch:499 average train loss 1.8505
average train loss 1.8630
Train Consuming time:35.63 in the epoch: 46
total val iterations: 125 
average val loss 2.1033
 Val Loss mSEL:0.601492
 Val acc:0.499748
 Val Loss mape:10.029826

total test iterations: 125 
average test loss 1.9806
Test Loss mSEL:0.580770,
Test acc:0.513105,
Test Loss mape:8.590964,

Consuming time:47.81 in the epoch: 46
Best test loss is 1.97
---------------*****---------------
---------------*****---------------
Starting training the epoch: 47 
total batch: 581.6875 
batch:99 average train loss 1.7698
batch:199 average train loss 1.8177
batch:299 average train loss 1.8383
batch:399 average train loss 1.8564
batch:499 average train loss 1.8499
average train loss 1.8624
Train Consuming time:35.58 in the epoch: 47
total val iterations: 125 
average val loss 2.1034
 Val Loss mSEL:0.601350
 Val acc:0.500000
 Val Loss mape:10.030765

total test iterations: 125 
average test loss 1.9809
Test Loss mSEL:0.580834,
Test acc:0.512979,
Test Loss mape:8.592871,

Consuming time:47.70 in the epoch: 47
Best test loss is 1.97
---------------*****---------------
---------------*****---------------
Starting training the epoch: 48 
total batch: 581.6875 
batch:99 average train loss 1.7692
batch:199 average train loss 1.8171
batch:299 average train loss 1.8376
batch:399 average train loss 1.8558
batch:499 average train loss 1.8494
average train loss 1.8619
Train Consuming time:35.37 in the epoch: 48
total val iterations: 125 
average val loss 2.1034
 Val Loss mSEL:0.601643
 Val acc:0.500252
 Val Loss mape:10.029174

total test iterations: 125 
average test loss 1.9809
Test Loss mSEL:0.579769,
Test acc:0.513483,
Test Loss mape:8.592840,

Consuming time:47.58 in the epoch: 48
Best test loss is 1.97
---------------*****---------------
---------------*****---------------
Starting training the epoch: 49 
total batch: 581.6875 
batch:99 average train loss 1.7686
batch:199 average train loss 1.8164
batch:299 average train loss 1.8370
batch:399 average train loss 1.8551
batch:499 average train loss 1.8488
average train loss 1.8614
Train Consuming time:35.43 in the epoch: 49
total val iterations: 125 
average val loss 2.1034
 Val Loss mSEL:0.600446
 Val acc:0.500504
 Val Loss mape:10.028749

total test iterations: 125 
average test loss 1.9810
Test Loss mSEL:0.581054,
Test acc:0.513357,
Test Loss mape:8.593527,

Consuming time:47.68 in the epoch: 49
Best test loss is 1.97
---------------*****---------------
