===================configuration===================
learning rate :0.001 
num_mlp_layers : 1
num_layers : 2
gnn input_features : 100
gnn output_features : 64
input of rnn/transformer : 64
hidden_size (out put of rnn/tranformer) : 64
observation hour [7,19]
observation interval : 1
observation threshold : 6
prediction time : 86400
cascade length [10,100]
model save at : ../model_save/cas2vec/dblp/
====bidirected: False, attention: , gcn_type: self, rnn: None====
===================configuration===================
len(Y_train), len(Y_valid), len(Y_test): 48622 10420 10419
preparing time:89.17851328849792
total parameters 19213
---------------*****---------------
Starting training the epoch: 0 
total batch: 759.71875 
batch:99 average train loss 3.3006
batch:199 average train loss 2.6989
batch:299 average train loss 2.4577
batch:399 average train loss 2.3056
batch:499 average train loss 2.2215
batch:599 average train loss 2.1663
batch:699 average train loss 2.1263
average train loss 2.0984
Train Consuming time:1443.78 in the epoch: 0
total val iterations: 163 
average val loss 1.8598
 Val Loss mSEL:0.767328
 Val acc:0.530961
 Val Loss mape:4.718141

total test iterations: 163 
average test loss 1.8210
Test Loss mSEL:0.779578,
Test acc:0.532022,
Test Loss mape:3.900549,

Consuming time:1911.25 in the epoch: 0
Best test loss is 1.82
---------------*****---------------
---------------*****---------------
Starting training the epoch: 1 
total batch: 759.71875 
batch:99 average train loss 1.7729
batch:199 average train loss 1.7787
batch:299 average train loss 1.7819
batch:399 average train loss 1.7720
batch:499 average train loss 1.7732
batch:599 average train loss 1.7782
batch:699 average train loss 1.7841
average train loss 1.7789
Train Consuming time:23.40 in the epoch: 1
total val iterations: 163 
average val loss 1.7827
 Val Loss mSEL:0.745012
 Val acc:0.539545
 Val Loss mape:4.585756

total test iterations: 163 
average test loss 1.7457
Test Loss mSEL:0.737426,
Test acc:0.535976,
Test Loss mape:3.805435,

Consuming time:30.69 in the epoch: 1
Best test loss is 1.75
---------------*****---------------
---------------*****---------------
Starting training the epoch: 2 
total batch: 759.71875 
batch:99 average train loss 1.7133
batch:199 average train loss 1.7267
batch:299 average train loss 1.7309
batch:399 average train loss 1.7250
batch:499 average train loss 1.7281
batch:599 average train loss 1.7331
batch:699 average train loss 1.7399
average train loss 1.7361
Train Consuming time:25.15 in the epoch: 2
total val iterations: 163 
average val loss 1.7316
 Val Loss mSEL:0.722500
 Val acc:0.542342
 Val Loss mape:4.485534

total test iterations: 163 
average test loss 1.6946
Test Loss mSEL:0.712824,
Test acc:0.544850,
Test Loss mape:3.727204,

Consuming time:33.04 in the epoch: 2
Best test loss is 1.69
---------------*****---------------
---------------*****---------------
Starting training the epoch: 3 
total batch: 759.71875 
batch:99 average train loss 1.6938
batch:199 average train loss 1.7044
batch:299 average train loss 1.7063
batch:399 average train loss 1.6997
batch:499 average train loss 1.7057
batch:599 average train loss 1.7106
batch:699 average train loss 1.7178
average train loss 1.7156
Train Consuming time:25.65 in the epoch: 3
total val iterations: 163 
average val loss 1.7244
 Val Loss mSEL:0.732870
 Val acc:0.540895
 Val Loss mape:4.467342

total test iterations: 163 
average test loss 1.6844
Test Loss mSEL:0.708002,
Test acc:0.544850,
Test Loss mape:3.717766,

Consuming time:33.94 in the epoch: 3
Best test loss is 1.68
---------------*****---------------
---------------*****---------------
Starting training the epoch: 4 
total batch: 759.71875 
batch:99 average train loss 1.6765
batch:199 average train loss 1.6860
batch:299 average train loss 1.6887
batch:399 average train loss 1.6830
batch:499 average train loss 1.6893
batch:599 average train loss 1.6954
batch:699 average train loss 1.7022
average train loss 1.6992
Train Consuming time:23.74 in the epoch: 4
total val iterations: 163 
average val loss 1.7091
 Val Loss mSEL:0.714223
 Val acc:0.544464
 Val Loss mape:4.420326

total test iterations: 163 
average test loss 1.6713
Test Loss mSEL:0.698443,
Test acc:0.548804,
Test Loss mape:3.674029,

Consuming time:31.26 in the epoch: 4
Best test loss is 1.67
---------------*****---------------
---------------*****---------------
Starting training the epoch: 5 
total batch: 759.71875 
batch:99 average train loss 1.6589
batch:199 average train loss 1.6712
batch:299 average train loss 1.6730
batch:399 average train loss 1.6677
batch:499 average train loss 1.6740
batch:599 average train loss 1.6802
batch:699 average train loss 1.6887
average train loss 1.6861
Train Consuming time:22.05 in the epoch: 5
total val iterations: 163 
average val loss 1.7065
 Val Loss mSEL:0.714953
 Val acc:0.541763
 Val Loss mape:4.413787

total test iterations: 163 
average test loss 1.6684
Test Loss mSEL:0.696644,
Test acc:0.549093,
Test Loss mape:3.678927,

Consuming time:28.75 in the epoch: 5
Best test loss is 1.67
---------------*****---------------
---------------*****---------------
Starting training the epoch: 6 
total batch: 759.71875 
batch:99 average train loss 1.6455
batch:199 average train loss 1.6601
batch:299 average train loss 1.6623
batch:399 average train loss 1.6566
batch:499 average train loss 1.6637
batch:599 average train loss 1.6704
batch:699 average train loss 1.6791
average train loss 1.6767
Train Consuming time:22.51 in the epoch: 6
total val iterations: 163 
average val loss 1.6960
 Val Loss mSEL:0.718586
 Val acc:0.543499
 Val Loss mape:4.366855

total test iterations: 163 
average test loss 1.6593
Test Loss mSEL:0.696292,
Test acc:0.547164,
Test Loss mape:3.637355,

Consuming time:29.69 in the epoch: 6
Best test loss is 1.66
---------------*****---------------
---------------*****---------------
Starting training the epoch: 7 
total batch: 759.71875 
batch:99 average train loss 1.6386
batch:199 average train loss 1.6534
batch:299 average train loss 1.6561
batch:399 average train loss 1.6492
batch:499 average train loss 1.6564
batch:599 average train loss 1.6627
batch:699 average train loss 1.6709
average train loss 1.6685
Train Consuming time:23.20 in the epoch: 7
total val iterations: 163 
average val loss 1.6892
 Val Loss mSEL:0.718489
 Val acc:0.541763
 Val Loss mape:4.355287

total test iterations: 163 
average test loss 1.6552
Test Loss mSEL:0.688978,
Test acc:0.546971,
Test Loss mape:3.632617,

Consuming time:30.88 in the epoch: 7
Best test loss is 1.66
---------------*****---------------
---------------*****---------------
Starting training the epoch: 8 
total batch: 759.71875 
batch:99 average train loss 1.6282
batch:199 average train loss 1.6429
batch:299 average train loss 1.6461
batch:399 average train loss 1.6420
batch:499 average train loss 1.6497
batch:599 average train loss 1.6565
batch:699 average train loss 1.6655
average train loss 1.6635
Train Consuming time:25.01 in the epoch: 8
total val iterations: 163 
average val loss 1.6953
 Val Loss mSEL:0.724117
 Val acc:0.543017
 Val Loss mape:4.332985

total test iterations: 163 
average test loss 1.6543
Test Loss mSEL:0.687686,
Test acc:0.546779,
Test Loss mape:3.612749,

Consuming time:32.15 in the epoch: 8
Best test loss is 1.65
---------------*****---------------
---------------*****---------------
Starting training the epoch: 9 
total batch: 759.71875 
batch:99 average train loss 1.6250
batch:199 average train loss 1.6370
batch:299 average train loss 1.6389
batch:399 average train loss 1.6336
batch:499 average train loss 1.6415
batch:599 average train loss 1.6483
batch:699 average train loss 1.6567
average train loss 1.6556
Train Consuming time:23.57 in the epoch: 9
total val iterations: 163 
average val loss 1.6901
 Val Loss mSEL:0.722825
 Val acc:0.541088
 Val Loss mape:4.298007

total test iterations: 163 
average test loss 1.6457
Test Loss mSEL:0.682687,
Test acc:0.547647,
Test Loss mape:3.579279,

Consuming time:30.66 in the epoch: 9
Best test loss is 1.65
---------------*****---------------
---------------*****---------------
Starting training the epoch: 10 
total batch: 759.71875 
batch:99 average train loss 1.6185
batch:199 average train loss 1.6313
batch:299 average train loss 1.6347
batch:399 average train loss 1.6306
batch:499 average train loss 1.6376
batch:599 average train loss 1.6443
batch:699 average train loss 1.6528
average train loss 1.6514
Train Consuming time:23.37 in the epoch: 10
total val iterations: 163 
average val loss 1.6876
 Val Loss mSEL:0.719745
 Val acc:0.542535
 Val Loss mape:4.289062

total test iterations: 163 
average test loss 1.6442
Test Loss mSEL:0.686043,
Test acc:0.549865,
Test Loss mape:3.572400,

Consuming time:31.40 in the epoch: 10
Best test loss is 1.64
---------------*****---------------
---------------*****---------------
Starting training the epoch: 11 
total batch: 759.71875 
batch:99 average train loss 1.6162
batch:199 average train loss 1.6269
batch:299 average train loss 1.6311
batch:399 average train loss 1.6274
batch:499 average train loss 1.6349
batch:599 average train loss 1.6412
batch:699 average train loss 1.6493
average train loss 1.6481
Train Consuming time:22.91 in the epoch: 11
total val iterations: 163 
average val loss 1.6908
 Val Loss mSEL:0.712092
 Val acc:0.541474
 Val Loss mape:4.286998

total test iterations: 163 
average test loss 1.6476
Test Loss mSEL:0.680863,
Test acc:0.548418,
Test Loss mape:3.569970,

Consuming time:29.95 in the epoch: 11
Best test loss is 1.64
---------------*****---------------
---------------*****---------------
Starting training the epoch: 12 
total batch: 759.71875 
batch:99 average train loss 1.6125
batch:199 average train loss 1.6226
batch:299 average train loss 1.6265
batch:399 average train loss 1.6224
batch:499 average train loss 1.6296
batch:599 average train loss 1.6368
batch:699 average train loss 1.6453
average train loss 1.6434
Train Consuming time:23.04 in the epoch: 12
total val iterations: 163 
average val loss 1.6881
 Val Loss mSEL:0.713166
 Val acc:0.543306
 Val Loss mape:4.279771

total test iterations: 163 
average test loss 1.6470
Test Loss mSEL:0.688175,
Test acc:0.548129,
Test Loss mape:3.553984,

Consuming time:30.12 in the epoch: 12
Best test loss is 1.64
---------------*****---------------
---------------*****---------------
Starting training the epoch: 13 
total batch: 759.71875 
batch:99 average train loss 1.6114
batch:199 average train loss 1.6204
batch:299 average train loss 1.6242
batch:399 average train loss 1.6199
batch:499 average train loss 1.6264
batch:599 average train loss 1.6329
batch:699 average train loss 1.6415
average train loss 1.6398
Train Consuming time:23.07 in the epoch: 13
total val iterations: 163 
average val loss 1.6872
 Val Loss mSEL:0.709756
 Val acc:0.541281
 Val Loss mape:4.320558

total test iterations: 163 
average test loss 1.6471
Test Loss mSEL:0.681445,
Test acc:0.548225,
Test Loss mape:3.588361,

Consuming time:30.22 in the epoch: 13
Best test loss is 1.64
---------------*****---------------
---------------*****---------------
Starting training the epoch: 14 
total batch: 759.71875 
batch:99 average train loss 1.6085
batch:199 average train loss 1.6180
batch:299 average train loss 1.6215
batch:399 average train loss 1.6174
batch:499 average train loss 1.6246
batch:599 average train loss 1.6318
batch:699 average train loss 1.6398
average train loss 1.6380
Train Consuming time:24.05 in the epoch: 14
total val iterations: 163 
average val loss 1.6842
 Val Loss mSEL:0.718286
 Val acc:0.538773
 Val Loss mape:4.294428

total test iterations: 163 
average test loss 1.6443
Test Loss mSEL:0.686599,
Test acc:0.548032,
Test Loss mape:3.579882,

Consuming time:31.63 in the epoch: 14
Best test loss is 1.64
---------------*****---------------
---------------*****---------------
Starting training the epoch: 15 
total batch: 759.71875 
batch:99 average train loss 1.6090
batch:199 average train loss 1.6156
batch:299 average train loss 1.6199
batch:399 average train loss 1.6153
batch:499 average train loss 1.6216
batch:599 average train loss 1.6281
batch:699 average train loss 1.6361
average train loss 1.6346
Train Consuming time:24.52 in the epoch: 15
total val iterations: 163 
average val loss 1.6820
 Val Loss mSEL:0.711021
 Val acc:0.538580
 Val Loss mape:4.271309

total test iterations: 163 
average test loss 1.6381
Test Loss mSEL:0.679941,
Test acc:0.551505,
Test Loss mape:3.555160,

Consuming time:31.39 in the epoch: 15
Best test loss is 1.64
---------------*****---------------
---------------*****---------------
Starting training the epoch: 16 
total batch: 759.71875 
batch:99 average train loss 1.6037
batch:199 average train loss 1.6093
batch:299 average train loss 1.6147
batch:399 average train loss 1.6114
batch:499 average train loss 1.6180
batch:599 average train loss 1.6245
batch:699 average train loss 1.6330
average train loss 1.6317
Train Consuming time:23.79 in the epoch: 16
total val iterations: 163 
average val loss 1.6831
 Val Loss mSEL:0.714458
 Val acc:0.540799
 Val Loss mape:4.293255

total test iterations: 163 
average test loss 1.6422
Test Loss mSEL:0.674698,
Test acc:0.547936,
Test Loss mape:3.572652,

Consuming time:31.04 in the epoch: 16
Best test loss is 1.64
---------------*****---------------
---------------*****---------------
Starting training the epoch: 17 
total batch: 759.71875 
batch:99 average train loss 1.6042
batch:199 average train loss 1.6086
batch:299 average train loss 1.6111
batch:399 average train loss 1.6086
batch:499 average train loss 1.6150
batch:599 average train loss 1.6217
batch:699 average train loss 1.6298
average train loss 1.6285
Train Consuming time:23.94 in the epoch: 17
total val iterations: 163 
average val loss 1.6805
 Val Loss mSEL:0.712222
 Val acc:0.541474
 Val Loss mape:4.268441

total test iterations: 163 
average test loss 1.6376
Test Loss mSEL:0.676005,
Test acc:0.548997,
Test Loss mape:3.557832,

Consuming time:31.11 in the epoch: 17
Best test loss is 1.64
---------------*****---------------
---------------*****---------------
Starting training the epoch: 18 
total batch: 759.71875 
batch:99 average train loss 1.5988
batch:199 average train loss 1.6049
batch:299 average train loss 1.6080
batch:399 average train loss 1.6054
batch:499 average train loss 1.6118
batch:599 average train loss 1.6182
batch:699 average train loss 1.6267
average train loss 1.6256
Train Consuming time:24.54 in the epoch: 18
total val iterations: 163 
average val loss 1.6820
 Val Loss mSEL:0.720548
 Val acc:0.539062
 Val Loss mape:4.252338

total test iterations: 163 
average test loss 1.6382
Test Loss mSEL:0.677184,
Test acc:0.551215,
Test Loss mape:3.548879,

Consuming time:31.52 in the epoch: 18
Best test loss is 1.64
---------------*****---------------
---------------*****---------------
Starting training the epoch: 19 
total batch: 759.71875 
batch:99 average train loss 1.5972
batch:199 average train loss 1.6021
batch:299 average train loss 1.6062
batch:399 average train loss 1.6032
batch:499 average train loss 1.6100
batch:599 average train loss 1.6163
batch:699 average train loss 1.6248
average train loss 1.6234
Train Consuming time:23.49 in the epoch: 19
total val iterations: 163 
average val loss 1.6797
 Val Loss mSEL:0.711854
 Val acc:0.540992
 Val Loss mape:4.259837

total test iterations: 163 
average test loss 1.6362
Test Loss mSEL:0.668549,
Test acc:0.550251,
Test Loss mape:3.545249,

Consuming time:30.52 in the epoch: 19
Best test loss is 1.64
---------------*****---------------
---------------*****---------------
Starting training the epoch: 20 
total batch: 759.71875 
batch:99 average train loss 1.5743
batch:199 average train loss 1.5775
batch:299 average train loss 1.5848
batch:399 average train loss 1.5843
batch:499 average train loss 1.5878
batch:599 average train loss 1.5931
batch:699 average train loss 1.6004
average train loss 1.5968
Train Consuming time:22.85 in the epoch: 20
total val iterations: 163 
average val loss 1.6698
 Val Loss mSEL:0.706761
 Val acc:0.540123
 Val Loss mape:4.231437

total test iterations: 163 
average test loss 1.6264
Test Loss mSEL:0.675559,
Test acc:0.547550,
Test Loss mape:3.523933,

Consuming time:30.10 in the epoch: 20
Best test loss is 1.63
---------------*****---------------
---------------*****---------------
Starting training the epoch: 21 
total batch: 759.71875 
batch:99 average train loss 1.5634
batch:199 average train loss 1.5676
batch:299 average train loss 1.5752
batch:399 average train loss 1.5750
batch:499 average train loss 1.5793
batch:599 average train loss 1.5845
batch:699 average train loss 1.5920
average train loss 1.5893
Train Consuming time:23.56 in the epoch: 21
total val iterations: 163 
average val loss 1.6685
 Val Loss mSEL:0.702611
 Val acc:0.539545
 Val Loss mape:4.220733

total test iterations: 163 
average test loss 1.6244
Test Loss mSEL:0.671424,
Test acc:0.546489,
Test Loss mape:3.517025,

Consuming time:31.40 in the epoch: 21
Best test loss is 1.62
---------------*****---------------
---------------*****---------------
Starting training the epoch: 22 
total batch: 759.71875 
batch:99 average train loss 1.5607
batch:199 average train loss 1.5645
batch:299 average train loss 1.5719
batch:399 average train loss 1.5715
batch:499 average train loss 1.5761
batch:599 average train loss 1.5810
batch:699 average train loss 1.5887
average train loss 1.5864
Train Consuming time:23.67 in the epoch: 22
total val iterations: 163 
average val loss 1.6685
 Val Loss mSEL:0.705820
 Val acc:0.539159
 Val Loss mape:4.213403

total test iterations: 163 
average test loss 1.6236
Test Loss mSEL:0.673615,
Test acc:0.545910,
Test Loss mape:3.510323,

Consuming time:30.83 in the epoch: 22
Best test loss is 1.62
---------------*****---------------
---------------*****---------------
Starting training the epoch: 23 
total batch: 759.71875 
batch:99 average train loss 1.5590
batch:199 average train loss 1.5627
batch:299 average train loss 1.5698
batch:399 average train loss 1.5693
batch:499 average train loss 1.5741
batch:599 average train loss 1.5789
batch:699 average train loss 1.5867
average train loss 1.5846
Train Consuming time:23.27 in the epoch: 23
total val iterations: 163 
average val loss 1.6687
 Val Loss mSEL:0.708082
 Val acc:0.537809
 Val Loss mape:4.207843

total test iterations: 163 
average test loss 1.6234
Test Loss mSEL:0.672913,
Test acc:0.544946,
Test Loss mape:3.505071,

Consuming time:30.35 in the epoch: 23
Best test loss is 1.62
---------------*****---------------
---------------*****---------------
Starting training the epoch: 24 
total batch: 759.71875 
batch:99 average train loss 1.5578
batch:199 average train loss 1.5612
batch:299 average train loss 1.5682
batch:399 average train loss 1.5676
batch:499 average train loss 1.5726
batch:599 average train loss 1.5774
batch:699 average train loss 1.5853
average train loss 1.5834
Train Consuming time:22.27 in the epoch: 24
total val iterations: 163 
average val loss 1.6688
 Val Loss mSEL:0.706173
 Val acc:0.537133
 Val Loss mape:4.205617

total test iterations: 163 
average test loss 1.6232
Test Loss mSEL:0.674068,
Test acc:0.544753,
Test Loss mape:3.502863,

Consuming time:29.31 in the epoch: 24
Best test loss is 1.62
---------------*****---------------
---------------*****---------------
Starting training the epoch: 25 
total batch: 759.71875 
batch:99 average train loss 1.5569
batch:199 average train loss 1.5600
batch:299 average train loss 1.5669
batch:399 average train loss 1.5664
batch:499 average train loss 1.5714
batch:599 average train loss 1.5763
batch:699 average train loss 1.5841
average train loss 1.5824
Train Consuming time:22.83 in the epoch: 25
total val iterations: 163 
average val loss 1.6689
 Val Loss mSEL:0.704890
 Val acc:0.537905
 Val Loss mape:4.203782

total test iterations: 163 
average test loss 1.6232
Test Loss mSEL:0.670950,
Test acc:0.544367,
Test Loss mape:3.501227,

Consuming time:29.88 in the epoch: 25
Best test loss is 1.62
---------------*****---------------
---------------*****---------------
Starting training the epoch: 26 
total batch: 759.71875 
batch:99 average train loss 1.5561
batch:199 average train loss 1.5590
batch:299 average train loss 1.5659
batch:399 average train loss 1.5653
batch:499 average train loss 1.5704
batch:599 average train loss 1.5753
batch:699 average train loss 1.5832
average train loss 1.5816
Train Consuming time:22.81 in the epoch: 26
total val iterations: 163 
average val loss 1.6691
 Val Loss mSEL:0.704795
 Val acc:0.538194
 Val Loss mape:4.201236

total test iterations: 163 
average test loss 1.6232
Test Loss mSEL:0.669460,
Test acc:0.544271,
Test Loss mape:3.499493,

Consuming time:29.83 in the epoch: 26
Best test loss is 1.62
---------------*****---------------
---------------*****---------------
Starting training the epoch: 27 
total batch: 759.71875 
batch:99 average train loss 1.5557
batch:199 average train loss 1.5583
batch:299 average train loss 1.5650
batch:399 average train loss 1.5644
batch:499 average train loss 1.5696
batch:599 average train loss 1.5744
batch:699 average train loss 1.5824
average train loss 1.5809
Train Consuming time:24.60 in the epoch: 27
total val iterations: 163 
average val loss 1.6692
 Val Loss mSEL:0.701201
 Val acc:0.537809
 Val Loss mape:4.199978

total test iterations: 163 
average test loss 1.6234
Test Loss mSEL:0.672170,
Test acc:0.543885,
Test Loss mape:3.498634,

Consuming time:32.21 in the epoch: 27
Best test loss is 1.62
---------------*****---------------
---------------*****---------------
Starting training the epoch: 28 
total batch: 759.71875 
batch:99 average train loss 1.5552
batch:199 average train loss 1.5576
batch:299 average train loss 1.5642
batch:399 average train loss 1.5636
batch:499 average train loss 1.5688
batch:599 average train loss 1.5737
batch:699 average train loss 1.5817
average train loss 1.5803
Train Consuming time:24.83 in the epoch: 28
total val iterations: 163 
average val loss 1.6694
 Val Loss mSEL:0.699546
 Val acc:0.538002
 Val Loss mape:4.198445

total test iterations: 163 
average test loss 1.6235
Test Loss mSEL:0.671969,
Test acc:0.544078,
Test Loss mape:3.497692,

Consuming time:32.58 in the epoch: 28
Best test loss is 1.62
---------------*****---------------
---------------*****---------------
Starting training the epoch: 29 
total batch: 759.71875 
batch:99 average train loss 1.5546
batch:199 average train loss 1.5569
batch:299 average train loss 1.5635
batch:399 average train loss 1.5629
batch:499 average train loss 1.5681
batch:599 average train loss 1.5730
batch:699 average train loss 1.5811
average train loss 1.5797
Train Consuming time:24.81 in the epoch: 29
total val iterations: 163 
average val loss 1.6695
 Val Loss mSEL:0.697678
 Val acc:0.537905
 Val Loss mape:4.197813

total test iterations: 163 
average test loss 1.6237
Test Loss mSEL:0.672604,
Test acc:0.543596,
Test Loss mape:3.497076,

Consuming time:32.57 in the epoch: 29
Best test loss is 1.62
---------------*****---------------
