===================configuration===================
learning rate :0.001 
num_mlp_layers : 1
num_layers : 2
gnn input_features : 100
gnn output_features : 64
input of rnn/transformer : 64
hidden_size (out put of rnn/tranformer) : 64
observation hour [7,19]
observation interval : 1
observation threshold : 7
prediction time : 86400
cascade length [10,100]
model save at : ../model_save/cas2vec/dblp/
====bidirected: False, attention: , gcn_type: self, rnn: None====
===================configuration===================
len(Y_train), len(Y_valid), len(Y_test): 56612 12132 12131
preparing time:111.09514164924622
total parameters 19215
---------------*****---------------
Starting training the epoch: 0 
total batch: 884.5625 
batch:99 average train loss 3.1981
batch:199 average train loss 2.5993
batch:299 average train loss 2.3603
batch:399 average train loss 2.2476
batch:499 average train loss 2.1616
batch:599 average train loss 2.0946
batch:699 average train loss 2.0544
batch:799 average train loss 2.0227
average train loss 2.0000
Train Consuming time:5204.55 in the epoch: 0
total val iterations: 190 
average val loss 1.9146
 Val Loss mSEL:0.843734
 Val acc:0.446098
 Val Loss mape:5.801720

total test iterations: 190 
average test loss 1.8759
Test Loss mSEL:0.850631,
Test acc:0.448247,
Test Loss mape:5.486954,

Consuming time:6052.40 in the epoch: 0
Best test loss is 1.88
---------------*****---------------
---------------*****---------------
Starting training the epoch: 1 
total batch: 884.5625 
batch:99 average train loss 1.7800
batch:199 average train loss 1.7811
batch:299 average train loss 1.7722
batch:399 average train loss 1.7779
batch:499 average train loss 1.7649
batch:599 average train loss 1.7526
batch:699 average train loss 1.7513
batch:799 average train loss 1.7503
average train loss 1.7489
Train Consuming time:42.10 in the epoch: 1
total val iterations: 190 
average val loss 1.8169
 Val Loss mSEL:0.785997
 Val acc:0.467675
 Val Loss mape:5.867029

total test iterations: 190 
average test loss 1.7834
Test Loss mSEL:0.809556,
Test acc:0.466601,
Test Loss mape:5.539111,

Consuming time:55.96 in the epoch: 1
Best test loss is 1.78
---------------*****---------------
---------------*****---------------
Starting training the epoch: 2 
total batch: 884.5625 
batch:99 average train loss 1.7331
batch:199 average train loss 1.7359
batch:299 average train loss 1.7305
batch:399 average train loss 1.7379
batch:499 average train loss 1.7271
batch:599 average train loss 1.7184
batch:699 average train loss 1.7191
batch:799 average train loss 1.7189
average train loss 1.7185
Train Consuming time:44.20 in the epoch: 2
total val iterations: 190 
average val loss 1.8056
 Val Loss mSEL:0.787002
 Val acc:0.466353
 Val Loss mape:5.867123

total test iterations: 190 
average test loss 1.7736
Test Loss mSEL:0.797646,
Test acc:0.468171,
Test Loss mape:5.552323,

Consuming time:58.35 in the epoch: 2
Best test loss is 1.77
---------------*****---------------
---------------*****---------------
Starting training the epoch: 3 
total batch: 884.5625 
batch:99 average train loss 1.7106
batch:199 average train loss 1.7165
batch:299 average train loss 1.7098
batch:399 average train loss 1.7174
batch:499 average train loss 1.7071
batch:599 average train loss 1.6992
batch:699 average train loss 1.6996
batch:799 average train loss 1.6999
average train loss 1.6995
Train Consuming time:43.18 in the epoch: 3
total val iterations: 190 
average val loss 1.7630
 Val Loss mSEL:0.755326
 Val acc:0.477761
 Val Loss mape:5.922335

total test iterations: 190 
average test loss 1.7355
Test Loss mSEL:0.775080,
Test acc:0.477183,
Test Loss mape:5.595077,

Consuming time:57.11 in the epoch: 3
Best test loss is 1.74
---------------*****---------------
---------------*****---------------
Starting training the epoch: 4 
total batch: 884.5625 
batch:99 average train loss 1.6939
batch:199 average train loss 1.7025
batch:299 average train loss 1.6960
batch:399 average train loss 1.7048
batch:499 average train loss 1.6940
batch:599 average train loss 1.6863
batch:699 average train loss 1.6863
batch:799 average train loss 1.6876
average train loss 1.6878
Train Consuming time:41.45 in the epoch: 4
total val iterations: 190 
average val loss 1.7570
 Val Loss mSEL:0.763085
 Val acc:0.477100
 Val Loss mape:5.897577

total test iterations: 190 
average test loss 1.7310
Test Loss mSEL:0.764110,
Test acc:0.478753,
Test Loss mape:5.583994,

Consuming time:54.67 in the epoch: 4
Best test loss is 1.73
---------------*****---------------
---------------*****---------------
Starting training the epoch: 5 
total batch: 884.5625 
batch:99 average train loss 1.6888
batch:199 average train loss 1.6931
batch:299 average train loss 1.6870
batch:399 average train loss 1.6954
batch:499 average train loss 1.6844
batch:599 average train loss 1.6780
batch:699 average train loss 1.6783
batch:799 average train loss 1.6792
average train loss 1.6793
Train Consuming time:42.12 in the epoch: 5
total val iterations: 190 
average val loss 1.7696
 Val Loss mSEL:0.762903
 Val acc:0.474289
 Val Loss mape:5.832410

total test iterations: 190 
average test loss 1.7467
Test Loss mSEL:0.783648,
Test acc:0.474950,
Test Loss mape:5.515119,

Consuming time:54.48 in the epoch: 5
Best test loss is 1.73
---------------*****---------------
---------------*****---------------
Starting training the epoch: 6 
total batch: 884.5625 
batch:99 average train loss 1.6792
batch:199 average train loss 1.6850
batch:299 average train loss 1.6776
batch:399 average train loss 1.6867
batch:499 average train loss 1.6760
batch:599 average train loss 1.6694
batch:699 average train loss 1.6695
batch:799 average train loss 1.6711
average train loss 1.6716
Train Consuming time:42.23 in the epoch: 6
total val iterations: 190 
average val loss 1.7785
 Val Loss mSEL:0.771651
 Val acc:0.471974
 Val Loss mape:5.791461

total test iterations: 190 
average test loss 1.7522
Test Loss mSEL:0.791189,
Test acc:0.474702,
Test Loss mape:5.476597,

Consuming time:55.65 in the epoch: 6
Best test loss is 1.73
---------------*****---------------
---------------*****---------------
Starting training the epoch: 7 
total batch: 884.5625 
batch:99 average train loss 1.6700
batch:199 average train loss 1.6771
batch:299 average train loss 1.6700
batch:399 average train loss 1.6788
batch:499 average train loss 1.6683
batch:599 average train loss 1.6621
batch:699 average train loss 1.6629
batch:799 average train loss 1.6647
average train loss 1.6652
Train Consuming time:42.25 in the epoch: 7
total val iterations: 190 
average val loss 1.7816
 Val Loss mSEL:0.772403
 Val acc:0.469081
 Val Loss mape:5.776178

total test iterations: 190 
average test loss 1.7535
Test Loss mSEL:0.789117,
Test acc:0.472966,
Test Loss mape:5.459365,

Consuming time:55.66 in the epoch: 7
Best test loss is 1.73
---------------*****---------------
---------------*****---------------
Starting training the epoch: 8 
total batch: 884.5625 
batch:99 average train loss 1.6657
batch:199 average train loss 1.6712
batch:299 average train loss 1.6636
batch:399 average train loss 1.6723
batch:499 average train loss 1.6622
batch:599 average train loss 1.6563
batch:699 average train loss 1.6567
batch:799 average train loss 1.6588
average train loss 1.6599
Train Consuming time:41.98 in the epoch: 8
total val iterations: 190 
average val loss 1.7534
 Val Loss mSEL:0.758183
 Val acc:0.477513
 Val Loss mape:5.817883

total test iterations: 190 
average test loss 1.7269
Test Loss mSEL:0.765389,
Test acc:0.481233,
Test Loss mape:5.497661,

Consuming time:55.64 in the epoch: 8
Best test loss is 1.73
---------------*****---------------
---------------*****---------------
Starting training the epoch: 9 
total batch: 884.5625 
batch:99 average train loss 1.6559
batch:199 average train loss 1.6621
batch:299 average train loss 1.6553
batch:399 average train loss 1.6643
batch:499 average train loss 1.6551
batch:599 average train loss 1.6491
batch:699 average train loss 1.6494
batch:799 average train loss 1.6517
average train loss 1.6528
Train Consuming time:41.95 in the epoch: 9
total val iterations: 190 
average val loss 1.7531
 Val Loss mSEL:0.744266
 Val acc:0.477844
 Val Loss mape:5.858375

total test iterations: 190 
average test loss 1.7220
Test Loss mSEL:0.767708,
Test acc:0.484788,
Test Loss mape:5.520617,

Consuming time:55.27 in the epoch: 9
Best test loss is 1.72
---------------*****---------------
---------------*****---------------
Starting training the epoch: 10 
total batch: 884.5625 
batch:99 average train loss 1.6501
batch:199 average train loss 1.6566
batch:299 average train loss 1.6495
batch:399 average train loss 1.6591
batch:499 average train loss 1.6503
batch:599 average train loss 1.6443
batch:699 average train loss 1.6444
batch:799 average train loss 1.6466
average train loss 1.6475
Train Consuming time:39.45 in the epoch: 10
total val iterations: 190 
average val loss 1.7526
 Val Loss mSEL:0.755520
 Val acc:0.477183
 Val Loss mape:5.785802

total test iterations: 190 
average test loss 1.7207
Test Loss mSEL:0.770601,
Test acc:0.482308,
Test Loss mape:5.450088,

Consuming time:52.14 in the epoch: 10
Best test loss is 1.72
---------------*****---------------
---------------*****---------------
Starting training the epoch: 11 
total batch: 884.5625 
batch:99 average train loss 1.6424
batch:199 average train loss 1.6501
batch:299 average train loss 1.6438
batch:399 average train loss 1.6533
batch:499 average train loss 1.6453
batch:599 average train loss 1.6396
batch:699 average train loss 1.6402
batch:799 average train loss 1.6426
average train loss 1.6435
Train Consuming time:39.98 in the epoch: 11
total val iterations: 190 
average val loss 1.7343
 Val Loss mSEL:0.746168
 Val acc:0.481812
 Val Loss mape:5.835231

total test iterations: 190 
average test loss 1.7054
Test Loss mSEL:0.747824,
Test acc:0.485863,
Test Loss mape:5.511395,

Consuming time:52.80 in the epoch: 11
Best test loss is 1.71
---------------*****---------------
---------------*****---------------
Starting training the epoch: 12 
total batch: 884.5625 
batch:99 average train loss 1.6382
batch:199 average train loss 1.6458
batch:299 average train loss 1.6393
batch:399 average train loss 1.6491
batch:499 average train loss 1.6408
batch:599 average train loss 1.6357
batch:699 average train loss 1.6361
batch:799 average train loss 1.6386
average train loss 1.6395
Train Consuming time:41.20 in the epoch: 12
total val iterations: 190 
average val loss 1.7528
 Val Loss mSEL:0.755984
 Val acc:0.477844
 Val Loss mape:5.784160

total test iterations: 190 
average test loss 1.7232
Test Loss mSEL:0.760450,
Test acc:0.482308,
Test Loss mape:5.457882,

Consuming time:55.18 in the epoch: 12
Best test loss is 1.71
---------------*****---------------
---------------*****---------------
Starting training the epoch: 13 
total batch: 884.5625 
batch:99 average train loss 1.6312
batch:199 average train loss 1.6409
batch:299 average train loss 1.6339
batch:399 average train loss 1.6432
batch:499 average train loss 1.6351
batch:599 average train loss 1.6302
batch:699 average train loss 1.6315
batch:799 average train loss 1.6348
average train loss 1.6358
Train Consuming time:43.14 in the epoch: 13
total val iterations: 190 
average val loss 1.7434
 Val Loss mSEL:0.756161
 Val acc:0.480985
 Val Loss mape:5.797546

total test iterations: 190 
average test loss 1.7123
Test Loss mSEL:0.755245,
Test acc:0.482639,
Test Loss mape:5.465612,

Consuming time:57.05 in the epoch: 13
Best test loss is 1.71
---------------*****---------------
---------------*****---------------
Starting training the epoch: 14 
total batch: 884.5625 
batch:99 average train loss 1.6278
batch:199 average train loss 1.6378
batch:299 average train loss 1.6295
batch:399 average train loss 1.6388
batch:499 average train loss 1.6324
batch:599 average train loss 1.6277
batch:699 average train loss 1.6281
batch:799 average train loss 1.6312
average train loss 1.6319
Train Consuming time:43.58 in the epoch: 14
total val iterations: 190 
average val loss 1.7393
 Val Loss mSEL:0.747610
 Val acc:0.480572
 Val Loss mape:5.822776

total test iterations: 190 
average test loss 1.7072
Test Loss mSEL:0.750034,
Test acc:0.485036,
Test Loss mape:5.478533,

Consuming time:57.84 in the epoch: 14
Best test loss is 1.71
---------------*****---------------
---------------*****---------------
Starting training the epoch: 15 
total batch: 884.5625 
batch:99 average train loss 1.6269
batch:199 average train loss 1.6366
batch:299 average train loss 1.6266
batch:399 average train loss 1.6354
batch:499 average train loss 1.6281
batch:599 average train loss 1.6236
batch:699 average train loss 1.6247
batch:799 average train loss 1.6276
average train loss 1.6286
Train Consuming time:44.67 in the epoch: 15
total val iterations: 190 
average val loss 1.7415
 Val Loss mSEL:0.755090
 Val acc:0.479911
 Val Loss mape:5.809407

total test iterations: 190 
average test loss 1.7071
Test Loss mSEL:0.751977,
Test acc:0.485532,
Test Loss mape:5.470632,

Consuming time:59.15 in the epoch: 15
Best test loss is 1.71
---------------*****---------------
---------------*****---------------
Starting training the epoch: 16 
total batch: 884.5625 
batch:99 average train loss 1.6224
batch:199 average train loss 1.6317
batch:299 average train loss 1.6239
batch:399 average train loss 1.6321
batch:499 average train loss 1.6251
batch:599 average train loss 1.6205
batch:699 average train loss 1.6216
batch:799 average train loss 1.6251
average train loss 1.6258
Train Consuming time:44.27 in the epoch: 16
total val iterations: 190 
average val loss 1.7287
 Val Loss mSEL:0.735570
 Val acc:0.483879
 Val Loss mape:5.785761

total test iterations: 190 
average test loss 1.7001
Test Loss mSEL:0.743206,
Test acc:0.485284,
Test Loss mape:5.446239,

Consuming time:58.65 in the epoch: 16
Best test loss is 1.70
---------------*****---------------
---------------*****---------------
Starting training the epoch: 17 
total batch: 884.5625 
batch:99 average train loss 1.6185
batch:199 average train loss 1.6271
batch:299 average train loss 1.6188
batch:399 average train loss 1.6275
batch:499 average train loss 1.6208
batch:599 average train loss 1.6165
batch:699 average train loss 1.6182
batch:799 average train loss 1.6211
average train loss 1.6220
Train Consuming time:45.20 in the epoch: 17
total val iterations: 190 
average val loss 1.7372
 Val Loss mSEL:0.747325
 Val acc:0.482143
 Val Loss mape:5.763168

total test iterations: 190 
average test loss 1.7058
Test Loss mSEL:0.746937,
Test acc:0.487847,
Test Loss mape:5.428588,

Consuming time:59.83 in the epoch: 17
Best test loss is 1.70
---------------*****---------------
---------------*****---------------
Starting training the epoch: 18 
total batch: 884.5625 
batch:99 average train loss 1.6170
batch:199 average train loss 1.6258
batch:299 average train loss 1.6171
batch:399 average train loss 1.6267
batch:499 average train loss 1.6194
batch:599 average train loss 1.6146
batch:699 average train loss 1.6162
batch:799 average train loss 1.6192
average train loss 1.6205
Train Consuming time:41.90 in the epoch: 18
total val iterations: 190 
average val loss 1.7419
 Val Loss mSEL:0.755024
 Val acc:0.482143
 Val Loss mape:5.759858

total test iterations: 190 
average test loss 1.7132
Test Loss mSEL:0.756068,
Test acc:0.484127,
Test Loss mape:5.437121,

Consuming time:55.13 in the epoch: 18
Best test loss is 1.70
---------------*****---------------
---------------*****---------------
Starting training the epoch: 19 
total batch: 884.5625 
batch:99 average train loss 1.6158
batch:199 average train loss 1.6240
batch:299 average train loss 1.6140
batch:399 average train loss 1.6228
batch:499 average train loss 1.6167
batch:599 average train loss 1.6116
batch:699 average train loss 1.6128
batch:799 average train loss 1.6166
average train loss 1.6174
Train Consuming time:41.73 in the epoch: 19
total val iterations: 190 
average val loss 1.7355
 Val Loss mSEL:0.748827
 Val acc:0.481729
 Val Loss mape:5.778758

total test iterations: 190 
average test loss 1.7035
Test Loss mSEL:0.746812,
Test acc:0.486772,
Test Loss mape:5.432585,

Consuming time:55.59 in the epoch: 19
Best test loss is 1.70
---------------*****---------------
---------------*****---------------
Starting training the epoch: 20 
total batch: 884.5625 
batch:99 average train loss 1.6095
batch:199 average train loss 1.6118
batch:299 average train loss 1.6092
batch:399 average train loss 1.6153
batch:499 average train loss 1.6042
batch:599 average train loss 1.6007
batch:699 average train loss 1.5991
batch:799 average train loss 1.5988
average train loss 1.5957
Train Consuming time:43.09 in the epoch: 20
total val iterations: 190 
average val loss 1.6420
 Val Loss mSEL:0.690364
 Val acc:0.512235
 Val Loss mape:6.275511

total test iterations: 190 
average test loss 1.6094
Test Loss mSEL:0.705364,
Test acc:0.517857,
Test Loss mape:5.896568,

Consuming time:57.12 in the epoch: 20
Best test loss is 1.61
---------------*****---------------
---------------*****---------------
Starting training the epoch: 21 
total batch: 884.5625 
batch:99 average train loss 1.5795
batch:199 average train loss 1.5904
batch:299 average train loss 1.5901
batch:399 average train loss 1.5982
batch:499 average train loss 1.5889
batch:599 average train loss 1.5859
batch:699 average train loss 1.5849
batch:799 average train loss 1.5857
average train loss 1.5841
Train Consuming time:41.64 in the epoch: 21
total val iterations: 190 
average val loss 1.6391
 Val Loss mSEL:0.690279
 Val acc:0.514137
 Val Loss mape:6.252439

total test iterations: 190 
average test loss 1.6078
Test Loss mSEL:0.707047,
Test acc:0.518271,
Test Loss mape:5.876342,

Consuming time:55.04 in the epoch: 21
Best test loss is 1.61
---------------*****---------------
---------------*****---------------
Starting training the epoch: 22 
total batch: 884.5625 
batch:99 average train loss 1.5750
batch:199 average train loss 1.5858
batch:299 average train loss 1.5849
batch:399 average train loss 1.5930
batch:499 average train loss 1.5842
batch:599 average train loss 1.5811
batch:699 average train loss 1.5802
batch:799 average train loss 1.5814
average train loss 1.5803
Train Consuming time:38.73 in the epoch: 22
total val iterations: 190 
average val loss 1.6380
 Val Loss mSEL:0.686570
 Val acc:0.513476
 Val Loss mape:6.242438

total test iterations: 190 
average test loss 1.6070
Test Loss mSEL:0.705125,
Test acc:0.518767,
Test Loss mape:5.867501,

Consuming time:51.99 in the epoch: 22
Best test loss is 1.61
---------------*****---------------
---------------*****---------------
Starting training the epoch: 23 
total batch: 884.5625 
batch:99 average train loss 1.5724
batch:199 average train loss 1.5834
batch:299 average train loss 1.5822
batch:399 average train loss 1.5904
batch:499 average train loss 1.5819
batch:599 average train loss 1.5787
batch:699 average train loss 1.5778
batch:799 average train loss 1.5792
average train loss 1.5785
Train Consuming time:42.23 in the epoch: 23
total val iterations: 190 
average val loss 1.6377
 Val Loss mSEL:0.688797
 Val acc:0.512649
 Val Loss mape:6.234847

total test iterations: 190 
average test loss 1.6065
Test Loss mSEL:0.704311,
Test acc:0.519676,
Test Loss mape:5.861061,

Consuming time:56.02 in the epoch: 23
Best test loss is 1.61
---------------*****---------------
---------------*****---------------
Starting training the epoch: 24 
total batch: 884.5625 
batch:99 average train loss 1.5708
batch:199 average train loss 1.5820
batch:299 average train loss 1.5805
batch:399 average train loss 1.5887
batch:499 average train loss 1.5805
batch:599 average train loss 1.5771
batch:699 average train loss 1.5763
batch:799 average train loss 1.5778
average train loss 1.5773
Train Consuming time:42.35 in the epoch: 24
total val iterations: 190 
average val loss 1.6377
 Val Loss mSEL:0.689192
 Val acc:0.511987
 Val Loss mape:6.231726

total test iterations: 190 
average test loss 1.6065
Test Loss mSEL:0.705700,
Test acc:0.518188,
Test Loss mape:5.858438,

Consuming time:56.07 in the epoch: 24
Best test loss is 1.61
---------------*****---------------
---------------*****---------------
Starting training the epoch: 25 
total batch: 884.5625 
batch:99 average train loss 1.5693
batch:199 average train loss 1.5808
batch:299 average train loss 1.5790
batch:399 average train loss 1.5874
batch:499 average train loss 1.5793
batch:599 average train loss 1.5759
batch:699 average train loss 1.5751
batch:799 average train loss 1.5767
average train loss 1.5764
Train Consuming time:41.13 in the epoch: 25
total val iterations: 190 
average val loss 1.6377
 Val Loss mSEL:0.686245
 Val acc:0.511905
 Val Loss mape:6.226866

total test iterations: 190 
average test loss 1.6063
Test Loss mSEL:0.706826,
Test acc:0.517940,
Test Loss mape:5.855192,

Consuming time:54.21 in the epoch: 25
Best test loss is 1.61
---------------*****---------------
---------------*****---------------
Starting training the epoch: 26 
total batch: 884.5625 
batch:99 average train loss 1.5681
batch:199 average train loss 1.5797
batch:299 average train loss 1.5778
batch:399 average train loss 1.5862
batch:499 average train loss 1.5782
batch:599 average train loss 1.5749
batch:699 average train loss 1.5741
batch:799 average train loss 1.5758
average train loss 1.5756
Train Consuming time:41.17 in the epoch: 26
total val iterations: 190 
average val loss 1.6379
 Val Loss mSEL:0.687944
 Val acc:0.511905
 Val Loss mape:6.223856

total test iterations: 190 
average test loss 1.6062
Test Loss mSEL:0.708179,
Test acc:0.517692,
Test Loss mape:5.852656,

Consuming time:54.87 in the epoch: 26
Best test loss is 1.61
---------------*****---------------
---------------*****---------------
Starting training the epoch: 27 
total batch: 884.5625 
batch:99 average train loss 1.5671
batch:199 average train loss 1.5788
batch:299 average train loss 1.5767
batch:399 average train loss 1.5851
batch:499 average train loss 1.5773
batch:599 average train loss 1.5740
batch:699 average train loss 1.5732
batch:799 average train loss 1.5749
average train loss 1.5749
Train Consuming time:40.71 in the epoch: 27
total val iterations: 190 
average val loss 1.6379
 Val Loss mSEL:0.686420
 Val acc:0.511739
 Val Loss mape:6.220980

total test iterations: 190 
average test loss 1.6060
Test Loss mSEL:0.706699,
Test acc:0.517692,
Test Loss mape:5.850782,

Consuming time:54.10 in the epoch: 27
Best test loss is 1.61
---------------*****---------------
---------------*****---------------
Starting training the epoch: 28 
total batch: 884.5625 
batch:99 average train loss 1.5661
batch:199 average train loss 1.5780
batch:299 average train loss 1.5758
batch:399 average train loss 1.5842
batch:499 average train loss 1.5765
batch:599 average train loss 1.5732
batch:699 average train loss 1.5724
batch:799 average train loss 1.5742
average train loss 1.5742
Train Consuming time:41.87 in the epoch: 28
total val iterations: 190 
average val loss 1.6378
 Val Loss mSEL:0.688843
 Val acc:0.511739
 Val Loss mape:6.218040

total test iterations: 190 
average test loss 1.6058
Test Loss mSEL:0.705409,
Test acc:0.518519,
Test Loss mape:5.848878,

Consuming time:55.31 in the epoch: 28
Best test loss is 1.61
---------------*****---------------
---------------*****---------------
Starting training the epoch: 29 
total batch: 884.5625 
batch:99 average train loss 1.5652
batch:199 average train loss 1.5772
batch:299 average train loss 1.5750
batch:399 average train loss 1.5834
batch:499 average train loss 1.5757
batch:599 average train loss 1.5725
batch:699 average train loss 1.5717
batch:799 average train loss 1.5735
average train loss 1.5737
Train Consuming time:42.10 in the epoch: 29
total val iterations: 190 
average val loss 1.6377
 Val Loss mSEL:0.690338
 Val acc:0.511905
 Val Loss mape:6.216487

total test iterations: 190 
average test loss 1.6058
Test Loss mSEL:0.706190,
Test acc:0.518022,
Test Loss mape:5.847647,

Consuming time:55.54 in the epoch: 29
Best test loss is 1.61
---------------*****---------------
