===================configuration===================
learning rate :0.001 
num_mlp_layers : 1
num_layers : 2
gnn input_features : 100
gnn output_features : 64
input of rnn/transformer : 64
hidden_size (out put of rnn/tranformer) : 64
observation hour [7,19]
observation interval : 180
observation threshold : 3600
prediction time : 86400
cascade length [5,100]
model save at : ../model_save/cas2vec/weibo1/
====bidirected: False, attention: , gcn_type: self, rnn: transformer====
===================configuration===================
len(Y_train), len(Y_valid), len(Y_test): 37228 7978 7978
preparing time:86.206618309021
emb_size is not avalible when using transformer
total parameters 96297
---------------*****---------------
Starting training the epoch: 0 
total batch: 581.6875 
batch:99 average train loss 3.1544
batch:199 average train loss 2.8126
batch:299 average train loss 2.6496
batch:399 average train loss 2.5605
batch:499 average train loss 2.4796
average train loss 2.4546
Train Consuming time:92.74 in the epoch: 0
total val iterations: 125 
average val loss 2.3536
accuracy ( less than 0.1 ): 0.1183
median val loss 0.6035
total test iterations: 125 
average test loss 2.2112
accuracy ( less than 0.1 ): 0.1132
median test loss 0.5999
Consuming time:127.52 in the epoch: 0
Best test loss is 2.21
---------------*****---------------
---------------*****---------------
Starting training the epoch: 1 
total batch: 581.6875 
batch:99 average train loss 2.0485
batch:199 average train loss 2.1026
batch:299 average train loss 2.0990
batch:399 average train loss 2.1054
batch:499 average train loss 2.0872
average train loss 2.0981
Train Consuming time:37.75 in the epoch: 1
total val iterations: 125 
average val loss 2.3092
accuracy ( less than 0.1 ): 0.1067
median val loss 0.6322
total test iterations: 125 
average test loss 2.2019
accuracy ( less than 0.1 ): 0.1062
median test loss 0.6045
Consuming time:49.71 in the epoch: 1
Best test loss is 2.20
---------------*****---------------
---------------*****---------------
Starting training the epoch: 2 
total batch: 581.6875 
batch:99 average train loss 1.9719
batch:199 average train loss 2.0232
batch:299 average train loss 2.0296
batch:399 average train loss 2.0349
batch:499 average train loss 2.0157
average train loss 2.0333
Train Consuming time:41.57 in the epoch: 2
total val iterations: 125 
average val loss 2.2743
accuracy ( less than 0.1 ): 0.1153
median val loss 0.5980
total test iterations: 125 
average test loss 2.1736
accuracy ( less than 0.1 ): 0.1100
median test loss 0.5971
Consuming time:53.59 in the epoch: 2
Best test loss is 2.17
---------------*****---------------
---------------*****---------------
Starting training the epoch: 3 
total batch: 581.6875 
batch:99 average train loss 1.9358
batch:199 average train loss 1.9889
batch:299 average train loss 1.9956
batch:399 average train loss 2.0042
batch:499 average train loss 1.9842
average train loss 1.9973
Train Consuming time:38.33 in the epoch: 3
total val iterations: 125 
average val loss 2.1195
accuracy ( less than 0.1 ): 0.1391
median val loss 0.5785
total test iterations: 125 
average test loss 2.0395
accuracy ( less than 0.1 ): 0.1405
median test loss 0.5647
Consuming time:50.14 in the epoch: 3
Best test loss is 2.04
---------------*****---------------
---------------*****---------------
Starting training the epoch: 4 
total batch: 581.6875 
batch:99 average train loss 1.8804
batch:199 average train loss 1.9465
batch:299 average train loss 1.9641
batch:399 average train loss 1.9723
batch:499 average train loss 1.9556
average train loss 1.9698
Train Consuming time:38.66 in the epoch: 4
total val iterations: 125 
average val loss 2.0262
accuracy ( less than 0.1 ): 0.1864
median val loss 0.5677
total test iterations: 125 
average test loss 1.9127
accuracy ( less than 0.1 ): 0.1818
median test loss 0.5336
Consuming time:50.85 in the epoch: 4
Best test loss is 1.91
---------------*****---------------
---------------*****---------------
Starting training the epoch: 5 
total batch: 581.6875 
batch:99 average train loss 1.8540
batch:199 average train loss 1.9228
batch:299 average train loss 1.9408
batch:399 average train loss 1.9489
batch:499 average train loss 1.9345
average train loss 1.9505
Train Consuming time:41.45 in the epoch: 5
total val iterations: 125 
average val loss 2.0249
accuracy ( less than 0.1 ): 0.1804
median val loss 0.5520
total test iterations: 125 
average test loss 1.9456
accuracy ( less than 0.1 ): 0.1704
median test loss 0.5289
Consuming time:54.92 in the epoch: 5
Best test loss is 1.91
---------------*****---------------
---------------*****---------------
Starting training the epoch: 6 
total batch: 581.6875 
batch:99 average train loss 1.8460
batch:199 average train loss 1.9058
batch:299 average train loss 1.9216
batch:399 average train loss 1.9327
batch:499 average train loss 1.9171
average train loss 1.9319
Train Consuming time:42.74 in the epoch: 6
total val iterations: 125 
average val loss 2.0412
accuracy ( less than 0.1 ): 0.1576
median val loss 0.5362
total test iterations: 125 
average test loss 1.9607
accuracy ( less than 0.1 ): 0.1534
median test loss 0.5191
Consuming time:56.06 in the epoch: 6
Best test loss is 1.91
---------------*****---------------
---------------*****---------------
Starting training the epoch: 7 
total batch: 581.6875 
batch:99 average train loss 1.8208
batch:199 average train loss 1.8853
batch:299 average train loss 1.9024
batch:399 average train loss 1.9148
batch:499 average train loss 1.8990
average train loss 1.9137
Train Consuming time:42.71 in the epoch: 7
total val iterations: 125 
average val loss 2.0458
accuracy ( less than 0.1 ): 0.1571
median val loss 0.5534
total test iterations: 125 
average test loss 1.9730
accuracy ( less than 0.1 ): 0.1542
median test loss 0.5342
Consuming time:56.68 in the epoch: 7
Best test loss is 1.91
---------------*****---------------
---------------*****---------------
Starting training the epoch: 8 
total batch: 581.6875 
batch:99 average train loss 1.8035
batch:199 average train loss 1.8719
batch:299 average train loss 1.8940
batch:399 average train loss 1.9053
batch:499 average train loss 1.8918
average train loss 1.9051
Train Consuming time:43.76 in the epoch: 8
total val iterations: 125 
average val loss 1.9886
accuracy ( less than 0.1 ): 0.2019
median val loss 0.5593
total test iterations: 125 
average test loss 1.8980
accuracy ( less than 0.1 ): 0.1953
median test loss 0.5404
Consuming time:57.55 in the epoch: 8
Best test loss is 1.90
---------------*****---------------
---------------*****---------------
Starting training the epoch: 9 
total batch: 581.6875 
batch:99 average train loss 1.8043
batch:199 average train loss 1.8756
batch:299 average train loss 1.8912
batch:399 average train loss 1.9015
batch:499 average train loss 1.8848
average train loss 1.8977
Train Consuming time:42.52 in the epoch: 9
total val iterations: 125 
average val loss 1.9786
accuracy ( less than 0.1 ): 0.1990
median val loss 0.5716
total test iterations: 125 
average test loss 1.8814
accuracy ( less than 0.1 ): 0.1944
median test loss 0.5391
Consuming time:56.06 in the epoch: 9
Best test loss is 1.88
---------------*****---------------
---------------*****---------------
Starting training the epoch: 10 
total batch: 581.6875 
batch:99 average train loss 1.8014
batch:199 average train loss 1.8638
batch:299 average train loss 1.8765
batch:399 average train loss 1.8885
batch:499 average train loss 1.8717
average train loss 1.8862
Train Consuming time:42.83 in the epoch: 10
total val iterations: 125 
average val loss 1.9679
accuracy ( less than 0.1 ): 0.2030
median val loss 0.5707
total test iterations: 125 
average test loss 1.8727
accuracy ( less than 0.1 ): 0.1987
median test loss 0.5454
Consuming time:56.33 in the epoch: 10
Best test loss is 1.87
---------------*****---------------
---------------*****---------------
Starting training the epoch: 11 
total batch: 581.6875 
batch:99 average train loss 1.7724
batch:199 average train loss 1.8379
batch:299 average train loss 1.8570
batch:399 average train loss 1.8705
batch:499 average train loss 1.8544
average train loss 1.8699
Train Consuming time:42.50 in the epoch: 11
total val iterations: 125 
average val loss 1.9724
accuracy ( less than 0.1 ): 0.2069
median val loss 0.5712
total test iterations: 125 
average test loss 1.8812
accuracy ( less than 0.1 ): 0.1992
median test loss 0.5469
Consuming time:56.11 in the epoch: 11
Best test loss is 1.87
---------------*****---------------
---------------*****---------------
Starting training the epoch: 12 
total batch: 581.6875 
batch:99 average train loss 1.7708
batch:199 average train loss 1.8425
batch:299 average train loss 1.8573
batch:399 average train loss 1.8692
batch:499 average train loss 1.8537
average train loss 1.8693
Train Consuming time:42.59 in the epoch: 12
total val iterations: 125 
average val loss 1.9797
accuracy ( less than 0.1 ): 0.1957
median val loss 0.5672
total test iterations: 125 
average test loss 1.8862
accuracy ( less than 0.1 ): 0.1927
median test loss 0.5399
Consuming time:56.18 in the epoch: 12
Best test loss is 1.87
---------------*****---------------
---------------*****---------------
Starting training the epoch: 13 
total batch: 581.6875 
batch:99 average train loss 1.7688
batch:199 average train loss 1.8325
batch:299 average train loss 1.8480
batch:399 average train loss 1.8594
batch:499 average train loss 1.8428
average train loss 1.8585
Train Consuming time:42.77 in the epoch: 13
total val iterations: 125 
average val loss 1.9767
accuracy ( less than 0.1 ): 0.2103
median val loss 0.5892
total test iterations: 125 
average test loss 1.8927
accuracy ( less than 0.1 ): 0.2011
median test loss 0.5594
Consuming time:56.37 in the epoch: 13
Best test loss is 1.87
---------------*****---------------
---------------*****---------------
Starting training the epoch: 14 
total batch: 581.6875 
batch:99 average train loss 1.7556
batch:199 average train loss 1.8282
batch:299 average train loss 1.8451
batch:399 average train loss 1.8595
batch:499 average train loss 1.8431
average train loss 1.8582
Train Consuming time:44.46 in the epoch: 14
total val iterations: 125 
average val loss 1.9912
accuracy ( less than 0.1 ): 0.2033
median val loss 0.5878
total test iterations: 125 
average test loss 1.8812
accuracy ( less than 0.1 ): 0.2002
median test loss 0.5487
Consuming time:57.99 in the epoch: 14
Best test loss is 1.87
---------------*****---------------
---------------*****---------------
Starting training the epoch: 15 
total batch: 581.6875 
batch:99 average train loss 1.7528
batch:199 average train loss 1.8220
batch:299 average train loss 1.8397
batch:399 average train loss 1.8528
batch:499 average train loss 1.8335
average train loss 1.8467
Train Consuming time:44.04 in the epoch: 15
total val iterations: 125 
average val loss 2.0351
accuracy ( less than 0.1 ): 0.1657
median val loss 0.5666
total test iterations: 125 
average test loss 1.9356
accuracy ( less than 0.1 ): 0.1626
median test loss 0.5393
Consuming time:57.89 in the epoch: 15
Best test loss is 1.87
---------------*****---------------
---------------*****---------------
Starting training the epoch: 16 
total batch: 581.6875 
batch:99 average train loss 1.7430
batch:199 average train loss 1.8106
batch:299 average train loss 1.8263
batch:399 average train loss 1.8423
batch:499 average train loss 1.8293
average train loss 1.8440
Train Consuming time:42.30 in the epoch: 16
total val iterations: 125 
average val loss 1.9920
accuracy ( less than 0.1 ): 0.2048
median val loss 0.6001
total test iterations: 125 
average test loss 1.9075
accuracy ( less than 0.1 ): 0.1967
median test loss 0.5535
Consuming time:55.62 in the epoch: 16
Best test loss is 1.87
---------------*****---------------
---------------*****---------------
Starting training the epoch: 17 
total batch: 581.6875 
batch:99 average train loss 1.7331
batch:199 average train loss 1.8015
batch:299 average train loss 1.8186
batch:399 average train loss 1.8338
batch:499 average train loss 1.8170
average train loss 1.8306
Train Consuming time:42.56 in the epoch: 17
total val iterations: 125 
average val loss 2.0226
accuracy ( less than 0.1 ): 0.1777
median val loss 0.5658
total test iterations: 125 
average test loss 1.9346
accuracy ( less than 0.1 ): 0.1724
median test loss 0.5457
Consuming time:56.07 in the epoch: 17
Best test loss is 1.87
---------------*****---------------
---------------*****---------------
Starting training the epoch: 18 
total batch: 581.6875 
batch:99 average train loss 1.7283
batch:199 average train loss 1.7959
batch:299 average train loss 1.8068
batch:399 average train loss 1.8208
batch:499 average train loss 1.8042
average train loss 1.8197
Train Consuming time:38.93 in the epoch: 18
total val iterations: 125 
average val loss 1.9973
accuracy ( less than 0.1 ): 0.1913
median val loss 0.5761
total test iterations: 125 
average test loss 1.9066
accuracy ( less than 0.1 ): 0.1861
median test loss 0.5444
Consuming time:51.29 in the epoch: 18
Best test loss is 1.87
---------------*****---------------
---------------*****---------------
Starting training the epoch: 19 
total batch: 581.6875 
batch:99 average train loss 1.7132
batch:199 average train loss 1.7877
batch:299 average train loss 1.8044
batch:399 average train loss 1.8196
batch:499 average train loss 1.8032
average train loss 1.8181
Train Consuming time:38.96 in the epoch: 19
total val iterations: 125 
average val loss 2.0585
accuracy ( less than 0.1 ): 0.1657
median val loss 0.5695
total test iterations: 125 
average test loss 1.9595
accuracy ( less than 0.1 ): 0.1594
median test loss 0.5499
Consuming time:51.24 in the epoch: 19
Best test loss is 1.87
---------------*****---------------
---------------*****---------------
Starting training the epoch: 20 
total batch: 581.6875 
batch:99 average train loss 1.7400
batch:199 average train loss 1.7917
batch:299 average train loss 1.8014
batch:399 average train loss 1.8087
batch:499 average train loss 1.7844
average train loss 1.7804
Train Consuming time:38.11 in the epoch: 20
total val iterations: 125 
average val loss 1.9833
accuracy ( less than 0.1 ): 0.2346
median val loss 0.5996
total test iterations: 125 
average test loss 1.8889
accuracy ( less than 0.1 ): 0.2302
median test loss 0.5630
Consuming time:50.57 in the epoch: 20
Best test loss is 1.87
---------------*****---------------
---------------*****---------------
Starting training the epoch: 21 
total batch: 581.6875 
batch:99 average train loss 1.7060
batch:199 average train loss 1.7628
batch:299 average train loss 1.7749
batch:399 average train loss 1.7866
batch:499 average train loss 1.7640
average train loss 1.7623
Train Consuming time:39.04 in the epoch: 21
total val iterations: 125 
average val loss 1.9746
accuracy ( less than 0.1 ): 0.2342
median val loss 0.5899
total test iterations: 125 
average test loss 1.8867
accuracy ( less than 0.1 ): 0.2298
median test loss 0.5494
Consuming time:51.45 in the epoch: 21
Best test loss is 1.87
---------------*****---------------
---------------*****---------------
Starting training the epoch: 22 
total batch: 581.6875 
batch:99 average train loss 1.6939
batch:199 average train loss 1.7521
batch:299 average train loss 1.7647
batch:399 average train loss 1.7770
batch:499 average train loss 1.7546
average train loss 1.7538
Train Consuming time:39.37 in the epoch: 22
total val iterations: 125 
average val loss 1.9704
accuracy ( less than 0.1 ): 0.2335
median val loss 0.5889
total test iterations: 125 
average test loss 1.8859
accuracy ( less than 0.1 ): 0.2271
median test loss 0.5544
Consuming time:51.82 in the epoch: 22
Best test loss is 1.87
---------------*****---------------
---------------*****---------------
Starting training the epoch: 23 
total batch: 581.6875 
batch:99 average train loss 1.6922
batch:199 average train loss 1.7481
batch:299 average train loss 1.7603
batch:399 average train loss 1.7726
batch:499 average train loss 1.7502
average train loss 1.7502
Train Consuming time:38.66 in the epoch: 23
total val iterations: 125 
average val loss 1.9680
accuracy ( less than 0.1 ): 0.2324
median val loss 0.5902
total test iterations: 125 
average test loss 1.8861
accuracy ( less than 0.1 ): 0.2261
median test loss 0.5569
Consuming time:50.96 in the epoch: 23
Best test loss is 1.87
---------------*****---------------
---------------*****---------------
Starting training the epoch: 24 
total batch: 581.6875 
batch:99 average train loss 1.6853
batch:199 average train loss 1.7421
batch:299 average train loss 1.7544
batch:399 average train loss 1.7674
batch:499 average train loss 1.7457
average train loss 1.7463
Train Consuming time:38.81 in the epoch: 24
total val iterations: 125 
average val loss 1.9667
accuracy ( less than 0.1 ): 0.2317
median val loss 0.5873
total test iterations: 125 
average test loss 1.8852
accuracy ( less than 0.1 ): 0.2273
median test loss 0.5541
Consuming time:51.27 in the epoch: 24
Best test loss is 1.87
---------------*****---------------
---------------*****---------------
Starting training the epoch: 25 
total batch: 581.6875 
batch:99 average train loss 1.6826
batch:199 average train loss 1.7380
batch:299 average train loss 1.7508
batch:399 average train loss 1.7636
batch:499 average train loss 1.7419
average train loss 1.7432
Train Consuming time:38.95 in the epoch: 25
total val iterations: 125 
average val loss 1.9662
accuracy ( less than 0.1 ): 0.2316
median val loss 0.5843
total test iterations: 125 
average test loss 1.8851
accuracy ( less than 0.1 ): 0.2271
median test loss 0.5551
Consuming time:51.44 in the epoch: 25
Best test loss is 1.87
---------------*****---------------
---------------*****---------------
Starting training the epoch: 26 
total batch: 581.6875 
batch:99 average train loss 1.6787
batch:199 average train loss 1.7350
batch:299 average train loss 1.7476
batch:399 average train loss 1.7602
batch:499 average train loss 1.7385
average train loss 1.7399
Train Consuming time:38.59 in the epoch: 26
total val iterations: 125 
average val loss 1.9645
accuracy ( less than 0.1 ): 0.2306
median val loss 0.5852
total test iterations: 125 
average test loss 1.8855
accuracy ( less than 0.1 ): 0.2263
median test loss 0.5512
Consuming time:50.77 in the epoch: 26
Best test loss is 1.87
---------------*****---------------
---------------*****---------------
Starting training the epoch: 27 
total batch: 581.6875 
batch:99 average train loss 1.6749
batch:199 average train loss 1.7314
batch:299 average train loss 1.7435
batch:399 average train loss 1.7564
batch:499 average train loss 1.7348
average train loss 1.7366
Train Consuming time:38.84 in the epoch: 27
total val iterations: 125 
average val loss 1.9641
accuracy ( less than 0.1 ): 0.2314
median val loss 0.5849
total test iterations: 125 
average test loss 1.8865
accuracy ( less than 0.1 ): 0.2282
median test loss 0.5490
Consuming time:51.25 in the epoch: 27
Best test loss is 1.87
---------------*****---------------
---------------*****---------------
Starting training the epoch: 28 
total batch: 581.6875 
batch:99 average train loss 1.6749
batch:199 average train loss 1.7300
batch:299 average train loss 1.7419
batch:399 average train loss 1.7549
batch:499 average train loss 1.7328
average train loss 1.7350
Train Consuming time:39.10 in the epoch: 28
total val iterations: 125 
average val loss 1.9637
accuracy ( less than 0.1 ): 0.2301
median val loss 0.5823
total test iterations: 125 
average test loss 1.8867
accuracy ( less than 0.1 ): 0.2269
median test loss 0.5480
Consuming time:51.44 in the epoch: 28
Best test loss is 1.87
---------------*****---------------
---------------*****---------------
Starting training the epoch: 29 
total batch: 581.6875 
batch:99 average train loss 1.6755
batch:199 average train loss 1.7293
batch:299 average train loss 1.7411
batch:399 average train loss 1.7541
batch:499 average train loss 1.7321
average train loss 1.7343
Train Consuming time:38.60 in the epoch: 29
total val iterations: 125 
average val loss 1.9632
accuracy ( less than 0.1 ): 0.2303
median val loss 0.5835
total test iterations: 125 
average test loss 1.8864
accuracy ( less than 0.1 ): 0.2266
median test loss 0.5479
Consuming time:51.02 in the epoch: 29
Best test loss is 1.87
---------------*****---------------
---------------*****---------------
Starting training the epoch: 30 
total batch: 581.6875 
batch:99 average train loss 1.6703
batch:199 average train loss 1.7246
batch:299 average train loss 1.7366
batch:399 average train loss 1.7501
batch:499 average train loss 1.7289
average train loss 1.7315
Train Consuming time:39.06 in the epoch: 30
total val iterations: 125 
average val loss 1.9623
accuracy ( less than 0.1 ): 0.2307
median val loss 0.5824
total test iterations: 125 
average test loss 1.8876
accuracy ( less than 0.1 ): 0.2272
median test loss 0.5496
Consuming time:51.25 in the epoch: 30
Best test loss is 1.87
---------------*****---------------
---------------*****---------------
Starting training the epoch: 31 
total batch: 581.6875 
batch:99 average train loss 1.6687
batch:199 average train loss 1.7230
batch:299 average train loss 1.7364
batch:399 average train loss 1.7493
batch:499 average train loss 1.7276
average train loss 1.7302
Train Consuming time:38.58 in the epoch: 31
total val iterations: 125 
average val loss 1.9623
accuracy ( less than 0.1 ): 0.2324
median val loss 0.5798
total test iterations: 125 
average test loss 1.8870
accuracy ( less than 0.1 ): 0.2277
median test loss 0.5474
Consuming time:50.90 in the epoch: 31
Best test loss is 1.87
---------------*****---------------
---------------*****---------------
Starting training the epoch: 32 
total batch: 581.6875 
batch:99 average train loss 1.6677
batch:199 average train loss 1.7224
batch:299 average train loss 1.7343
batch:399 average train loss 1.7466
batch:499 average train loss 1.7251
average train loss 1.7284
Train Consuming time:39.03 in the epoch: 32
total val iterations: 125 
average val loss 1.9622
accuracy ( less than 0.1 ): 0.2315
median val loss 0.5803
total test iterations: 125 
average test loss 1.8876
accuracy ( less than 0.1 ): 0.2273
median test loss 0.5467
Consuming time:51.71 in the epoch: 32
Best test loss is 1.87
---------------*****---------------
---------------*****---------------
Starting training the epoch: 33 
total batch: 581.6875 
batch:99 average train loss 1.6665
batch:199 average train loss 1.7215
batch:299 average train loss 1.7337
batch:399 average train loss 1.7460
batch:499 average train loss 1.7245
average train loss 1.7279
Train Consuming time:39.20 in the epoch: 33
total val iterations: 125 
average val loss 1.9619
accuracy ( less than 0.1 ): 0.2307
median val loss 0.5771
total test iterations: 125 
average test loss 1.8889
accuracy ( less than 0.1 ): 0.2271
median test loss 0.5467
Consuming time:51.91 in the epoch: 33
Best test loss is 1.87
---------------*****---------------
---------------*****---------------
Starting training the epoch: 34 
total batch: 581.6875 
batch:99 average train loss 1.6633
batch:199 average train loss 1.7189
batch:299 average train loss 1.7309
batch:399 average train loss 1.7434
batch:499 average train loss 1.7218
average train loss 1.7252
Train Consuming time:39.44 in the epoch: 34
total val iterations: 125 
average val loss 1.9623
accuracy ( less than 0.1 ): 0.2306
median val loss 0.5764
total test iterations: 125 
average test loss 1.8893
accuracy ( less than 0.1 ): 0.2263
median test loss 0.5448
Consuming time:52.93 in the epoch: 34
Best test loss is 1.87
---------------*****---------------
---------------*****---------------
Starting training the epoch: 35 
total batch: 581.6875 
batch:99 average train loss 1.6627
batch:199 average train loss 1.7179
batch:299 average train loss 1.7289
batch:399 average train loss 1.7413
batch:499 average train loss 1.7204
average train loss 1.7241
Train Consuming time:42.40 in the epoch: 35
total val iterations: 125 
average val loss 1.9621
accuracy ( less than 0.1 ): 0.2314
median val loss 0.5776
total test iterations: 125 
average test loss 1.8892
accuracy ( less than 0.1 ): 0.2276
median test loss 0.5462
Consuming time:56.12 in the epoch: 35
Best test loss is 1.87
---------------*****---------------
---------------*****---------------
Starting training the epoch: 36 
total batch: 581.6875 
batch:99 average train loss 1.6619
batch:199 average train loss 1.7162
batch:299 average train loss 1.7270
batch:399 average train loss 1.7404
batch:499 average train loss 1.7192
average train loss 1.7228
Train Consuming time:42.27 in the epoch: 36
total val iterations: 125 
average val loss 1.9619
accuracy ( less than 0.1 ): 0.2307
median val loss 0.5793
total test iterations: 125 
average test loss 1.8888
accuracy ( less than 0.1 ): 0.2279
median test loss 0.5452
Consuming time:55.67 in the epoch: 36
Best test loss is 1.87
---------------*****---------------
---------------*****---------------
Starting training the epoch: 37 
total batch: 581.6875 
batch:99 average train loss 1.6600
batch:199 average train loss 1.7149
batch:299 average train loss 1.7263
batch:399 average train loss 1.7391
batch:499 average train loss 1.7173
average train loss 1.7210
Train Consuming time:42.44 in the epoch: 37
total val iterations: 125 
average val loss 1.9619
accuracy ( less than 0.1 ): 0.2307
median val loss 0.5805
total test iterations: 125 
average test loss 1.8889
accuracy ( less than 0.1 ): 0.2278
median test loss 0.5461
Consuming time:56.38 in the epoch: 37
Best test loss is 1.87
---------------*****---------------
---------------*****---------------
Starting training the epoch: 38 
total batch: 581.6875 
batch:99 average train loss 1.6586
batch:199 average train loss 1.7136
batch:299 average train loss 1.7242
batch:399 average train loss 1.7368
batch:499 average train loss 1.7160
average train loss 1.7203
Train Consuming time:42.74 in the epoch: 38
total val iterations: 125 
average val loss 1.9616
accuracy ( less than 0.1 ): 0.2298
median val loss 0.5774
total test iterations: 125 
average test loss 1.8894
accuracy ( less than 0.1 ): 0.2273
median test loss 0.5462
Consuming time:58.44 in the epoch: 38
Best test loss is 1.87
---------------*****---------------
---------------*****---------------
Starting training the epoch: 39 
total batch: 581.6875 
batch:99 average train loss 1.6547
batch:199 average train loss 1.7110
batch:299 average train loss 1.7224
batch:399 average train loss 1.7355
batch:499 average train loss 1.7144
average train loss 1.7182
Train Consuming time:42.32 in the epoch: 39
total val iterations: 125 
average val loss 1.9618
accuracy ( less than 0.1 ): 0.2303
median val loss 0.5782
total test iterations: 125 
average test loss 1.8895
accuracy ( less than 0.1 ): 0.2274
median test loss 0.5469
Consuming time:56.02 in the epoch: 39
Best test loss is 1.87
---------------*****---------------
---------------*****---------------
Starting training the epoch: 40 
total batch: 581.6875 
batch:99 average train loss 1.6576
batch:199 average train loss 1.7106
batch:299 average train loss 1.7216
batch:399 average train loss 1.7347
batch:499 average train loss 1.7139
average train loss 1.7180
Train Consuming time:41.74 in the epoch: 40
total val iterations: 125 
average val loss 1.9614
accuracy ( less than 0.1 ): 0.2298
median val loss 0.5796
total test iterations: 125 
average test loss 1.8895
accuracy ( less than 0.1 ): 0.2272
median test loss 0.5484
Consuming time:55.39 in the epoch: 40
Best test loss is 1.87
---------------*****---------------
---------------*****---------------
Starting training the epoch: 41 
total batch: 581.6875 
batch:99 average train loss 1.6558
batch:199 average train loss 1.7100
batch:299 average train loss 1.7207
batch:399 average train loss 1.7332
batch:499 average train loss 1.7122
average train loss 1.7165
Train Consuming time:41.92 in the epoch: 41
total val iterations: 125 
average val loss 1.9622
accuracy ( less than 0.1 ): 0.2298
median val loss 0.5785
total test iterations: 125 
average test loss 1.8903
accuracy ( less than 0.1 ): 0.2281
median test loss 0.5490
Consuming time:55.48 in the epoch: 41
Best test loss is 1.87
---------------*****---------------
---------------*****---------------
Starting training the epoch: 42 
total batch: 581.6875 
batch:99 average train loss 1.6545
batch:199 average train loss 1.7085
batch:299 average train loss 1.7195
batch:399 average train loss 1.7324
batch:499 average train loss 1.7115
average train loss 1.7158
Train Consuming time:40.97 in the epoch: 42
total val iterations: 125 
average val loss 1.9624
accuracy ( less than 0.1 ): 0.2292
median val loss 0.5779
total test iterations: 125 
average test loss 1.8909
accuracy ( less than 0.1 ): 0.2272
median test loss 0.5496
Consuming time:52.53 in the epoch: 42
Best test loss is 1.87
---------------*****---------------
---------------*****---------------
Starting training the epoch: 43 
total batch: 581.6875 
batch:99 average train loss 1.6534
batch:199 average train loss 1.7077
batch:299 average train loss 1.7185
batch:399 average train loss 1.7306
batch:499 average train loss 1.7099
average train loss 1.7145
Train Consuming time:38.12 in the epoch: 43
total val iterations: 125 
average val loss 1.9617
accuracy ( less than 0.1 ): 0.2290
median val loss 0.5794
total test iterations: 125 
average test loss 1.8906
accuracy ( less than 0.1 ): 0.2273
median test loss 0.5517
Consuming time:51.01 in the epoch: 43
Best test loss is 1.87
---------------*****---------------
---------------*****---------------
Starting training the epoch: 44 
total batch: 581.6875 
batch:99 average train loss 1.6524
batch:199 average train loss 1.7076
batch:299 average train loss 1.7190
batch:399 average train loss 1.7306
batch:499 average train loss 1.7100
average train loss 1.7144
Train Consuming time:41.86 in the epoch: 44
total val iterations: 125 
average val loss 1.9625
accuracy ( less than 0.1 ): 0.2300
median val loss 0.5811
total test iterations: 125 
average test loss 1.8913
accuracy ( less than 0.1 ): 0.2277
median test loss 0.5512
Consuming time:56.62 in the epoch: 44
Best test loss is 1.87
---------------*****---------------
---------------*****---------------
Starting training the epoch: 45 
total batch: 581.6875 
batch:99 average train loss 1.6510
batch:199 average train loss 1.7056
batch:299 average train loss 1.7169
batch:399 average train loss 1.7286
batch:499 average train loss 1.7081
average train loss 1.7129
Train Consuming time:46.20 in the epoch: 45
total val iterations: 125 
average val loss 1.9621
accuracy ( less than 0.1 ): 0.2302
median val loss 0.5803
total test iterations: 125 
average test loss 1.8907
accuracy ( less than 0.1 ): 0.2271
median test loss 0.5500
Consuming time:59.17 in the epoch: 45
Best test loss is 1.87
---------------*****---------------
---------------*****---------------
Starting training the epoch: 46 
total batch: 581.6875 
batch:99 average train loss 1.6505
batch:199 average train loss 1.7052
batch:299 average train loss 1.7160
batch:399 average train loss 1.7282
batch:499 average train loss 1.7075
average train loss 1.7123
Train Consuming time:41.83 in the epoch: 46
total val iterations: 125 
average val loss 1.9625
accuracy ( less than 0.1 ): 0.2297
median val loss 0.5831
total test iterations: 125 
average test loss 1.8913
accuracy ( less than 0.1 ): 0.2263
median test loss 0.5516
Consuming time:55.14 in the epoch: 46
Best test loss is 1.87
---------------*****---------------
---------------*****---------------
Starting training the epoch: 47 
total batch: 581.6875 
batch:99 average train loss 1.6501
batch:199 average train loss 1.7041
batch:299 average train loss 1.7155
batch:399 average train loss 1.7274
batch:499 average train loss 1.7068
average train loss 1.7113
Train Consuming time:41.27 in the epoch: 47
total val iterations: 125 
average val loss 1.9627
accuracy ( less than 0.1 ): 0.2291
median val loss 0.5817
total test iterations: 125 
average test loss 1.8914
accuracy ( less than 0.1 ): 0.2257
median test loss 0.5493
Consuming time:54.93 in the epoch: 47
Best test loss is 1.87
---------------*****---------------
---------------*****---------------
Starting training the epoch: 48 
total batch: 581.6875 
batch:99 average train loss 1.6485
batch:199 average train loss 1.7038
batch:299 average train loss 1.7149
batch:399 average train loss 1.7267
batch:499 average train loss 1.7064
average train loss 1.7112
Train Consuming time:41.68 in the epoch: 48
total val iterations: 125 
average val loss 1.9624
accuracy ( less than 0.1 ): 0.2285
median val loss 0.5816
total test iterations: 125 
average test loss 1.8913
accuracy ( less than 0.1 ): 0.2253
median test loss 0.5493
Consuming time:55.41 in the epoch: 48
Best test loss is 1.87
---------------*****---------------
---------------*****---------------
Starting training the epoch: 49 
total batch: 581.6875 
batch:99 average train loss 1.6464
batch:199 average train loss 1.7018
batch:299 average train loss 1.7132
batch:399 average train loss 1.7252
batch:499 average train loss 1.7049
average train loss 1.7097
Train Consuming time:43.99 in the epoch: 49
total val iterations: 125 
average val loss 1.9628
accuracy ( less than 0.1 ): 0.2296
median val loss 0.5842
total test iterations: 125 
average test loss 1.8914
accuracy ( less than 0.1 ): 0.2272
median test loss 0.5504
Consuming time:58.84 in the epoch: 49
Best test loss is 1.87
---------------*****---------------
