===================configuration===================
learning rate :0.001 
num_mlp_layers : 1
num_layers : 2
gnn input_features : 100
gnn output_features : 64
input of rnn/transformer : 64
hidden_size (out put of rnn/tranformer) : 64
observation hour [7,19]
observation interval : 360
observation threshold : 10800
prediction time : 86400
cascade length [5,100]
model save at : ../model_save/cas2vec/weibo3/
====bidirected: False, attention: , gcn_type: self, rnn: transformer====
===================configuration===================
len(Y_train), len(Y_valid), len(Y_test): 40150 8604 8604
preparing time:155.8373167514801
emb_size is not avalible when using transformer
total parameters 96957
---------------*****---------------
Starting training the epoch: 0 
total batch: 627.34375 
batch:99 average train loss 2.6561
batch:199 average train loss 2.4515
batch:299 average train loss 2.3065
batch:399 average train loss 2.2311
batch:499 average train loss 2.1710
batch:599 average train loss 2.1433
average train loss 2.1357
Train Consuming time:230.52 in the epoch: 0
total val iterations: 135 
average val loss 2.0149
accuracy ( less than 0.1 ): 0.1019
median val loss 0.5951
total test iterations: 135 
average test loss 1.9413
accuracy ( less than 0.1 ): 0.1060
median test loss 0.5883
Consuming time:319.74 in the epoch: 0
Best test loss is 1.94
---------------*****---------------
---------------*****---------------
Starting training the epoch: 1 
total batch: 627.34375 
batch:99 average train loss 1.9866
batch:199 average train loss 1.9990
batch:299 average train loss 1.9610
batch:399 average train loss 1.9487
batch:499 average train loss 1.9314
batch:599 average train loss 1.9339
average train loss 1.9335
Train Consuming time:112.63 in the epoch: 1
total val iterations: 135 
average val loss 1.9182
accuracy ( less than 0.1 ): 0.1482
median val loss 0.5939
total test iterations: 135 
average test loss 1.8376
accuracy ( less than 0.1 ): 0.1545
median test loss 0.5882
Consuming time:153.01 in the epoch: 1
Best test loss is 1.84
---------------*****---------------
---------------*****---------------
Starting training the epoch: 2 
total batch: 627.34375 
batch:99 average train loss 1.9455
batch:199 average train loss 1.9617
batch:299 average train loss 1.9221
batch:399 average train loss 1.9059
batch:499 average train loss 1.8911
batch:599 average train loss 1.8969
average train loss 1.8955
Train Consuming time:113.41 in the epoch: 2
total val iterations: 135 
average val loss 1.9181
accuracy ( less than 0.1 ): 0.1128
median val loss 0.5537
total test iterations: 135 
average test loss 1.8436
accuracy ( less than 0.1 ): 0.1185
median test loss 0.5587
Consuming time:154.07 in the epoch: 2
Best test loss is 1.84
---------------*****---------------
---------------*****---------------
Starting training the epoch: 3 
total batch: 627.34375 
batch:99 average train loss 1.9061
batch:199 average train loss 1.9216
batch:299 average train loss 1.8873
batch:399 average train loss 1.8712
batch:499 average train loss 1.8574
batch:599 average train loss 1.8653
average train loss 1.8646
Train Consuming time:113.44 in the epoch: 3
total val iterations: 135 
average val loss 1.9716
accuracy ( less than 0.1 ): 0.0964
median val loss 0.5890
total test iterations: 135 
average test loss 1.9000
accuracy ( less than 0.1 ): 0.1005
median test loss 0.5686
Consuming time:153.94 in the epoch: 3
Best test loss is 1.84
---------------*****---------------
---------------*****---------------
Starting training the epoch: 4 
total batch: 627.34375 
batch:99 average train loss 1.8866
batch:199 average train loss 1.8996
batch:299 average train loss 1.8650
batch:399 average train loss 1.8519
batch:499 average train loss 1.8384
batch:599 average train loss 1.8452
average train loss 1.8439
Train Consuming time:119.75 in the epoch: 4
total val iterations: 135 
average val loss 1.8571
accuracy ( less than 0.1 ): 0.1292
median val loss 0.5363
total test iterations: 135 
average test loss 1.7898
accuracy ( less than 0.1 ): 0.1353
median test loss 0.5305
Consuming time:166.42 in the epoch: 4
Best test loss is 1.79
---------------*****---------------
---------------*****---------------
Starting training the epoch: 5 
total batch: 627.34375 
batch:99 average train loss 1.8609
batch:199 average train loss 1.8756
batch:299 average train loss 1.8448
batch:399 average train loss 1.8319
batch:499 average train loss 1.8184
batch:599 average train loss 1.8253
average train loss 1.8235
Train Consuming time:127.95 in the epoch: 5
total val iterations: 135 
average val loss 1.8547
accuracy ( less than 0.1 ): 0.1240
median val loss 0.5408
total test iterations: 135 
average test loss 1.7907
accuracy ( less than 0.1 ): 0.1247
median test loss 0.5307
Consuming time:174.74 in the epoch: 5
Best test loss is 1.79
---------------*****---------------
---------------*****---------------
Starting training the epoch: 6 
total batch: 627.34375 
batch:99 average train loss 1.8374
batch:199 average train loss 1.8594
batch:299 average train loss 1.8260
batch:399 average train loss 1.8152
batch:499 average train loss 1.8019
batch:599 average train loss 1.8084
average train loss 1.8073
Train Consuming time:127.72 in the epoch: 6
total val iterations: 135 
average val loss 1.8483
accuracy ( less than 0.1 ): 0.1314
median val loss 0.5433
total test iterations: 135 
average test loss 1.7772
accuracy ( less than 0.1 ): 0.1351
median test loss 0.5317
Consuming time:174.15 in the epoch: 6
Best test loss is 1.78
---------------*****---------------
---------------*****---------------
Starting training the epoch: 7 
total batch: 627.34375 
batch:99 average train loss 1.8135
batch:199 average train loss 1.8252
batch:299 average train loss 1.7992
batch:399 average train loss 1.7920
batch:499 average train loss 1.7793
batch:599 average train loss 1.7865
average train loss 1.7853
Train Consuming time:128.42 in the epoch: 7
total val iterations: 135 
average val loss 1.8203
accuracy ( less than 0.1 ): 0.1452
median val loss 0.5372
total test iterations: 135 
average test loss 1.7484
accuracy ( less than 0.1 ): 0.1458
median test loss 0.5311
Consuming time:174.80 in the epoch: 7
Best test loss is 1.75
---------------*****---------------
---------------*****---------------
Starting training the epoch: 8 
total batch: 627.34375 
batch:99 average train loss 1.7948
batch:199 average train loss 1.8067
batch:299 average train loss 1.7815
batch:399 average train loss 1.7761
batch:499 average train loss 1.7655
batch:599 average train loss 1.7716
average train loss 1.7704
Train Consuming time:125.20 in the epoch: 8
total val iterations: 135 
average val loss 1.8171
accuracy ( less than 0.1 ): 0.1410
median val loss 0.5349
total test iterations: 135 
average test loss 1.7408
accuracy ( less than 0.1 ): 0.1455
median test loss 0.5128
Consuming time:167.29 in the epoch: 8
Best test loss is 1.74
---------------*****---------------
---------------*****---------------
Starting training the epoch: 9 
total batch: 627.34375 
batch:99 average train loss 1.7907
batch:199 average train loss 1.8054
batch:299 average train loss 1.7723
batch:399 average train loss 1.7630
batch:499 average train loss 1.7512
batch:599 average train loss 1.7567
average train loss 1.7553
Train Consuming time:117.41 in the epoch: 9
total val iterations: 135 
average val loss 1.8386
accuracy ( less than 0.1 ): 0.1201
median val loss 0.5355
total test iterations: 135 
average test loss 1.7524
accuracy ( less than 0.1 ): 0.1249
median test loss 0.5168
Consuming time:159.60 in the epoch: 9
Best test loss is 1.74
---------------*****---------------
---------------*****---------------
Starting training the epoch: 10 
total batch: 627.34375 
batch:99 average train loss 1.7695
batch:199 average train loss 1.7864
batch:299 average train loss 1.7552
batch:399 average train loss 1.7475
batch:499 average train loss 1.7386
batch:599 average train loss 1.7438
average train loss 1.7431
Train Consuming time:115.64 in the epoch: 10
total val iterations: 135 
average val loss 1.8088
accuracy ( less than 0.1 ): 0.1382
median val loss 0.5206
total test iterations: 135 
average test loss 1.7318
accuracy ( less than 0.1 ): 0.1371
median test loss 0.5041
Consuming time:157.92 in the epoch: 10
Best test loss is 1.73
---------------*****---------------
---------------*****---------------
Starting training the epoch: 11 
total batch: 627.34375 
batch:99 average train loss 1.7619
batch:199 average train loss 1.7711
batch:299 average train loss 1.7415
batch:399 average train loss 1.7358
batch:499 average train loss 1.7290
batch:599 average train loss 1.7346
average train loss 1.7331
Train Consuming time:116.30 in the epoch: 11
total val iterations: 135 
average val loss 1.8269
accuracy ( less than 0.1 ): 0.1236
median val loss 0.5287
total test iterations: 135 
average test loss 1.7522
accuracy ( less than 0.1 ): 0.1295
median test loss 0.5218
Consuming time:158.75 in the epoch: 11
Best test loss is 1.73
---------------*****---------------
---------------*****---------------
Starting training the epoch: 12 
total batch: 627.34375 
batch:99 average train loss 1.7529
batch:199 average train loss 1.7607
batch:299 average train loss 1.7313
batch:399 average train loss 1.7221
batch:499 average train loss 1.7137
batch:599 average train loss 1.7207
average train loss 1.7196
Train Consuming time:116.73 in the epoch: 12
total val iterations: 135 
average val loss 1.8076
accuracy ( less than 0.1 ): 0.1307
median val loss 0.5285
total test iterations: 135 
average test loss 1.7366
accuracy ( less than 0.1 ): 0.1336
median test loss 0.5111
Consuming time:158.74 in the epoch: 12
Best test loss is 1.73
---------------*****---------------
---------------*****---------------
Starting training the epoch: 13 
total batch: 627.34375 
batch:99 average train loss 1.7393
batch:199 average train loss 1.7474
batch:299 average train loss 1.7173
batch:399 average train loss 1.7085
batch:499 average train loss 1.7025
batch:599 average train loss 1.7223
average train loss 1.7218
Train Consuming time:116.36 in the epoch: 13
total val iterations: 135 
average val loss 1.8530
accuracy ( less than 0.1 ): 0.1146
median val loss 0.5299
total test iterations: 135 
average test loss 1.7817
accuracy ( less than 0.1 ): 0.1163
median test loss 0.5115
Consuming time:160.29 in the epoch: 13
Best test loss is 1.73
---------------*****---------------
---------------*****---------------
Starting training the epoch: 14 
total batch: 627.34375 
batch:99 average train loss 1.7295
batch:199 average train loss 1.7428
batch:299 average train loss 1.7165
batch:399 average train loss 1.7079
batch:499 average train loss 1.7022
batch:599 average train loss 1.7104
average train loss 1.7094
Train Consuming time:130.65 in the epoch: 14
total val iterations: 135 
average val loss 1.8306
accuracy ( less than 0.1 ): 0.1161
median val loss 0.5333
total test iterations: 135 
average test loss 1.7691
accuracy ( less than 0.1 ): 0.1188
median test loss 0.5231
Consuming time:178.48 in the epoch: 14
Best test loss is 1.73
---------------*****---------------
---------------*****---------------
Starting training the epoch: 15 
total batch: 627.34375 
batch:99 average train loss 1.7291
batch:199 average train loss 1.7498
batch:299 average train loss 1.7205
batch:399 average train loss 1.7116
batch:499 average train loss 1.7071
batch:599 average train loss 1.7146
average train loss 1.7144
Train Consuming time:130.22 in the epoch: 15
total val iterations: 135 
average val loss 1.8651
accuracy ( less than 0.1 ): 0.1075
median val loss 0.5513
total test iterations: 135 
average test loss 1.8082
accuracy ( less than 0.1 ): 0.1077
median test loss 0.5483
Consuming time:178.31 in the epoch: 15
Best test loss is 1.73
---------------*****---------------
---------------*****---------------
Starting training the epoch: 16 
total batch: 627.34375 
batch:99 average train loss 1.7426
batch:199 average train loss 1.7539
batch:299 average train loss 1.7286
batch:399 average train loss 1.7248
batch:499 average train loss 1.7202
batch:599 average train loss 1.7248
average train loss 1.7230
Train Consuming time:131.55 in the epoch: 16
total val iterations: 135 
average val loss 1.8160
accuracy ( less than 0.1 ): 0.1253
median val loss 0.5413
total test iterations: 135 
average test loss 1.7407
accuracy ( less than 0.1 ): 0.1273
median test loss 0.5193
Consuming time:179.46 in the epoch: 16
Best test loss is 1.73
---------------*****---------------
---------------*****---------------
Starting training the epoch: 17 
total batch: 627.34375 
batch:99 average train loss 1.7345
batch:199 average train loss 1.7482
batch:299 average train loss 1.7204
batch:399 average train loss 1.7103
batch:499 average train loss 1.7016
batch:599 average train loss 1.7068
average train loss 1.7064
Train Consuming time:130.75 in the epoch: 17
total val iterations: 135 
average val loss 1.8417
accuracy ( less than 0.1 ): 0.1152
median val loss 0.5352
total test iterations: 135 
average test loss 1.7720
accuracy ( less than 0.1 ): 0.1159
median test loss 0.5259
Consuming time:176.28 in the epoch: 17
Best test loss is 1.73
---------------*****---------------
---------------*****---------------
Starting training the epoch: 18 
total batch: 627.34375 
batch:99 average train loss 1.7154
batch:199 average train loss 1.7291
batch:299 average train loss 1.7017
batch:399 average train loss 1.6940
batch:499 average train loss 1.6867
batch:599 average train loss 1.6939
average train loss 1.6929
Train Consuming time:119.71 in the epoch: 18
total val iterations: 135 
average val loss 1.8193
accuracy ( less than 0.1 ): 0.1230
median val loss 0.5344
total test iterations: 135 
average test loss 1.7520
accuracy ( less than 0.1 ): 0.1212
median test loss 0.5097
Consuming time:162.80 in the epoch: 18
Best test loss is 1.73
---------------*****---------------
---------------*****---------------
Starting training the epoch: 19 
total batch: 627.34375 
batch:99 average train loss 1.6937
batch:199 average train loss 1.7150
batch:299 average train loss 1.6882
batch:399 average train loss 1.6827
batch:499 average train loss 1.6724
batch:599 average train loss 1.6769
average train loss 1.6754
Train Consuming time:119.62 in the epoch: 19
total val iterations: 135 
average val loss 1.8362
accuracy ( less than 0.1 ): 0.1174
median val loss 0.5278
total test iterations: 135 
average test loss 1.7681
accuracy ( less than 0.1 ): 0.1157
median test loss 0.5191
Consuming time:162.97 in the epoch: 19
Best test loss is 1.73
---------------*****---------------
---------------*****---------------
Starting training the epoch: 20 
total batch: 627.34375 
batch:99 average train loss 1.6813
batch:199 average train loss 1.6954
batch:299 average train loss 1.6718
batch:399 average train loss 1.6634
batch:499 average train loss 1.6460
batch:599 average train loss 1.6355
average train loss 1.6274
Train Consuming time:115.87 in the epoch: 20
total val iterations: 135 
average val loss 1.7843
accuracy ( less than 0.1 ): 0.1674
median val loss 0.5424
total test iterations: 135 
average test loss 1.7180
accuracy ( less than 0.1 ): 0.1630
median test loss 0.5160
Consuming time:158.40 in the epoch: 20
Best test loss is 1.72
---------------*****---------------
---------------*****---------------
Starting training the epoch: 21 
total batch: 627.34375 
batch:99 average train loss 1.6609
batch:199 average train loss 1.6740
batch:299 average train loss 1.6541
batch:399 average train loss 1.6482
batch:499 average train loss 1.6314
batch:599 average train loss 1.6222
average train loss 1.6148
Train Consuming time:117.52 in the epoch: 21
total val iterations: 135 
average val loss 1.7818
accuracy ( less than 0.1 ): 0.1670
median val loss 0.5428
total test iterations: 135 
average test loss 1.7135
accuracy ( less than 0.1 ): 0.1622
median test loss 0.5123
Consuming time:160.14 in the epoch: 21
Best test loss is 1.71
---------------*****---------------
---------------*****---------------
Starting training the epoch: 22 
total batch: 627.34375 
batch:99 average train loss 1.6541
batch:199 average train loss 1.6667
batch:299 average train loss 1.6475
batch:399 average train loss 1.6419
batch:499 average train loss 1.6256
batch:599 average train loss 1.6172
average train loss 1.6099
Train Consuming time:117.55 in the epoch: 22
total val iterations: 135 
average val loss 1.7812
accuracy ( less than 0.1 ): 0.1685
median val loss 0.5396
total test iterations: 135 
average test loss 1.7119
accuracy ( less than 0.1 ): 0.1652
median test loss 0.5158
Consuming time:159.91 in the epoch: 22
Best test loss is 1.71
---------------*****---------------
---------------*****---------------
Starting training the epoch: 23 
total batch: 627.34375 
batch:99 average train loss 1.6513
batch:199 average train loss 1.6617
batch:299 average train loss 1.6426
batch:399 average train loss 1.6361
batch:499 average train loss 1.6196
batch:599 average train loss 1.6119
average train loss 1.6049
Train Consuming time:128.77 in the epoch: 23
total val iterations: 135 
average val loss 1.7794
accuracy ( less than 0.1 ): 0.1709
median val loss 0.5416
total test iterations: 135 
average test loss 1.7110
accuracy ( less than 0.1 ): 0.1674
median test loss 0.5211
Consuming time:176.91 in the epoch: 23
Best test loss is 1.71
---------------*****---------------
---------------*****---------------
Starting training the epoch: 24 
total batch: 627.34375 
batch:99 average train loss 1.6458
batch:199 average train loss 1.6580
batch:299 average train loss 1.6381
batch:399 average train loss 1.6317
batch:499 average train loss 1.6157
batch:599 average train loss 1.6080
average train loss 1.6014
Train Consuming time:131.31 in the epoch: 24
total val iterations: 135 
average val loss 1.7786
accuracy ( less than 0.1 ): 0.1688
median val loss 0.5433
total test iterations: 135 
average test loss 1.7091
accuracy ( less than 0.1 ): 0.1665
median test loss 0.5180
Consuming time:179.35 in the epoch: 24
Best test loss is 1.71
---------------*****---------------
---------------*****---------------
Starting training the epoch: 25 
total batch: 627.34375 
batch:99 average train loss 1.6430
batch:199 average train loss 1.6545
batch:299 average train loss 1.6344
batch:399 average train loss 1.6276
batch:499 average train loss 1.6117
batch:599 average train loss 1.6045
average train loss 1.5982
Train Consuming time:130.58 in the epoch: 25
total val iterations: 135 
average val loss 1.7777
accuracy ( less than 0.1 ): 0.1677
median val loss 0.5398
total test iterations: 135 
average test loss 1.7083
accuracy ( less than 0.1 ): 0.1658
median test loss 0.5200
Consuming time:178.78 in the epoch: 25
Best test loss is 1.71
---------------*****---------------
---------------*****---------------
Starting training the epoch: 26 
total batch: 627.34375 
batch:99 average train loss 1.6393
batch:199 average train loss 1.6507
batch:299 average train loss 1.6310
batch:399 average train loss 1.6240
batch:499 average train loss 1.6084
batch:599 average train loss 1.6018
average train loss 1.5954
Train Consuming time:131.68 in the epoch: 26
total val iterations: 135 
average val loss 1.7769
accuracy ( less than 0.1 ): 0.1698
median val loss 0.5439
total test iterations: 135 
average test loss 1.7078
accuracy ( less than 0.1 ): 0.1677
median test loss 0.5206
Consuming time:179.54 in the epoch: 26
Best test loss is 1.71
---------------*****---------------
---------------*****---------------
Starting training the epoch: 27 
total batch: 627.34375 
batch:99 average train loss 1.6386
batch:199 average train loss 1.6493
batch:299 average train loss 1.6295
batch:399 average train loss 1.6225
batch:499 average train loss 1.6065
batch:599 average train loss 1.5999
average train loss 1.5937
Train Consuming time:123.05 in the epoch: 27
total val iterations: 135 
average val loss 1.7772
accuracy ( less than 0.1 ): 0.1706
median val loss 0.5432
total test iterations: 135 
average test loss 1.7079
accuracy ( less than 0.1 ): 0.1677
median test loss 0.5170
Consuming time:166.84 in the epoch: 27
Best test loss is 1.71
---------------*****---------------
---------------*****---------------
Starting training the epoch: 28 
total batch: 627.34375 
batch:99 average train loss 1.6365
batch:199 average train loss 1.6466
batch:299 average train loss 1.6263
batch:399 average train loss 1.6192
batch:499 average train loss 1.6035
batch:599 average train loss 1.5974
average train loss 1.5914
Train Consuming time:120.52 in the epoch: 28
total val iterations: 135 
average val loss 1.7769
accuracy ( less than 0.1 ): 0.1716
median val loss 0.5394
total test iterations: 135 
average test loss 1.7077
accuracy ( less than 0.1 ): 0.1681
median test loss 0.5193
Consuming time:164.41 in the epoch: 28
Best test loss is 1.71
---------------*****---------------
---------------*****---------------
Starting training the epoch: 29 
total batch: 627.34375 
batch:99 average train loss 1.6321
batch:199 average train loss 1.6428
batch:299 average train loss 1.6234
batch:399 average train loss 1.6167
batch:499 average train loss 1.6010
batch:599 average train loss 1.5951
average train loss 1.5891
Train Consuming time:120.98 in the epoch: 29
total val iterations: 135 
average val loss 1.7769
accuracy ( less than 0.1 ): 0.1706
median val loss 0.5385
total test iterations: 135 
average test loss 1.7080
accuracy ( less than 0.1 ): 0.1684
median test loss 0.5213
Consuming time:164.53 in the epoch: 29
Best test loss is 1.71
---------------*****---------------
---------------*****---------------
Starting training the epoch: 30 
total batch: 627.34375 
batch:99 average train loss 1.6308
batch:199 average train loss 1.6426
batch:299 average train loss 1.6229
batch:399 average train loss 1.6154
batch:499 average train loss 1.6000
batch:599 average train loss 1.5941
average train loss 1.5882
Train Consuming time:118.95 in the epoch: 30
total val iterations: 135 
average val loss 1.7766
accuracy ( less than 0.1 ): 0.1697
median val loss 0.5366
total test iterations: 135 
average test loss 1.7080
accuracy ( less than 0.1 ): 0.1691
median test loss 0.5213
Consuming time:163.21 in the epoch: 30
Best test loss is 1.71
---------------*****---------------
---------------*****---------------
Starting training the epoch: 31 
total batch: 627.34375 
batch:99 average train loss 1.6301
batch:199 average train loss 1.6410
batch:299 average train loss 1.6202
batch:399 average train loss 1.6128
batch:499 average train loss 1.5972
batch:599 average train loss 1.5917
average train loss 1.5859
Train Consuming time:118.73 in the epoch: 31
total val iterations: 135 
average val loss 1.7770
accuracy ( less than 0.1 ): 0.1715
median val loss 0.5376
total test iterations: 135 
average test loss 1.7093
accuracy ( less than 0.1 ): 0.1716
median test loss 0.5209
Consuming time:161.24 in the epoch: 31
Best test loss is 1.71
---------------*****---------------
---------------*****---------------
Starting training the epoch: 32 
total batch: 627.34375 
batch:99 average train loss 1.6277
batch:199 average train loss 1.6392
batch:299 average train loss 1.6186
batch:399 average train loss 1.6112
batch:499 average train loss 1.5960
batch:599 average train loss 1.5908
average train loss 1.5852
Train Consuming time:122.92 in the epoch: 32
total val iterations: 135 
average val loss 1.7766
accuracy ( less than 0.1 ): 0.1697
median val loss 0.5387
total test iterations: 135 
average test loss 1.7083
accuracy ( less than 0.1 ): 0.1706
median test loss 0.5221
Consuming time:170.20 in the epoch: 32
Best test loss is 1.71
---------------*****---------------
---------------*****---------------
Starting training the epoch: 33 
total batch: 627.34375 
batch:99 average train loss 1.6250
batch:199 average train loss 1.6362
batch:299 average train loss 1.6163
batch:399 average train loss 1.6090
batch:499 average train loss 1.5938
batch:599 average train loss 1.5885
average train loss 1.5829
Train Consuming time:128.22 in the epoch: 33
total val iterations: 135 
average val loss 1.7761
accuracy ( less than 0.1 ): 0.1664
median val loss 0.5332
total test iterations: 135 
average test loss 1.7078
accuracy ( less than 0.1 ): 0.1697
median test loss 0.5176
Consuming time:175.43 in the epoch: 33
Best test loss is 1.71
---------------*****---------------
---------------*****---------------
Starting training the epoch: 34 
total batch: 627.34375 
batch:99 average train loss 1.6247
batch:199 average train loss 1.6356
batch:299 average train loss 1.6151
batch:399 average train loss 1.6077
batch:499 average train loss 1.5923
batch:599 average train loss 1.5874
average train loss 1.5819
Train Consuming time:127.96 in the epoch: 34
total val iterations: 135 
average val loss 1.7764
accuracy ( less than 0.1 ): 0.1695
median val loss 0.5367
total test iterations: 135 
average test loss 1.7084
accuracy ( less than 0.1 ): 0.1713
median test loss 0.5196
Consuming time:175.44 in the epoch: 34
Best test loss is 1.71
---------------*****---------------
---------------*****---------------
Starting training the epoch: 35 
total batch: 627.34375 
batch:99 average train loss 1.6235
batch:199 average train loss 1.6351
batch:299 average train loss 1.6146
batch:399 average train loss 1.6072
batch:499 average train loss 1.5916
batch:599 average train loss 1.5865
average train loss 1.5811
Train Consuming time:128.30 in the epoch: 35
total val iterations: 135 
average val loss 1.7776
accuracy ( less than 0.1 ): 0.1728
median val loss 0.5395
total test iterations: 135 
average test loss 1.7099
accuracy ( less than 0.1 ): 0.1722
median test loss 0.5214
Consuming time:174.88 in the epoch: 35
Best test loss is 1.71
---------------*****---------------
---------------*****---------------
Starting training the epoch: 36 
total batch: 627.34375 
batch:99 average train loss 1.6224
batch:199 average train loss 1.6339
batch:299 average train loss 1.6132
batch:399 average train loss 1.6055
batch:499 average train loss 1.5902
batch:599 average train loss 1.5850
average train loss 1.5797
Train Consuming time:123.22 in the epoch: 36
total val iterations: 135 
average val loss 1.7770
accuracy ( less than 0.1 ): 0.1706
median val loss 0.5358
total test iterations: 135 
average test loss 1.7089
accuracy ( less than 0.1 ): 0.1728
median test loss 0.5157
Consuming time:166.10 in the epoch: 36
Best test loss is 1.71
---------------*****---------------
---------------*****---------------
Starting training the epoch: 37 
total batch: 627.34375 
batch:99 average train loss 1.6214
batch:199 average train loss 1.6316
batch:299 average train loss 1.6112
batch:399 average train loss 1.6037
batch:499 average train loss 1.5887
batch:599 average train loss 1.5837
average train loss 1.5785
Train Consuming time:117.39 in the epoch: 37
total val iterations: 135 
average val loss 1.7774
accuracy ( less than 0.1 ): 0.1719
median val loss 0.5382
total test iterations: 135 
average test loss 1.7098
accuracy ( less than 0.1 ): 0.1740
median test loss 0.5206
Consuming time:160.32 in the epoch: 37
Best test loss is 1.71
---------------*****---------------
---------------*****---------------
Starting training the epoch: 38 
total batch: 627.34375 
batch:99 average train loss 1.6222
batch:199 average train loss 1.6324
batch:299 average train loss 1.6112
batch:399 average train loss 1.6034
batch:499 average train loss 1.5882
batch:599 average train loss 1.5833
average train loss 1.5780
Train Consuming time:116.79 in the epoch: 38
total val iterations: 135 
average val loss 1.7774
accuracy ( less than 0.1 ): 0.1699
median val loss 0.5359
total test iterations: 135 
average test loss 1.7093
accuracy ( less than 0.1 ): 0.1727
median test loss 0.5168
Consuming time:159.34 in the epoch: 38
Best test loss is 1.71
---------------*****---------------
---------------*****---------------
Starting training the epoch: 39 
total batch: 627.34375 
batch:99 average train loss 1.6183
batch:199 average train loss 1.6292
batch:299 average train loss 1.6086
batch:399 average train loss 1.6013
batch:499 average train loss 1.5865
batch:599 average train loss 1.5818
average train loss 1.5767
Train Consuming time:118.12 in the epoch: 39
total val iterations: 135 
average val loss 1.7782
accuracy ( less than 0.1 ): 0.1722
median val loss 0.5375
total test iterations: 135 
average test loss 1.7103
accuracy ( less than 0.1 ): 0.1744
median test loss 0.5176
Consuming time:160.78 in the epoch: 39
Best test loss is 1.71
---------------*****---------------
---------------*****---------------
Starting training the epoch: 40 
total batch: 627.34375 
batch:99 average train loss 1.6184
batch:199 average train loss 1.6293
batch:299 average train loss 1.6075
batch:399 average train loss 1.6001
