===================configuration===================
learning rate :0.001 
num_mlp_layers : 1
num_layers : 2
gnn input_features : 100
gnn output_features : 64
input of rnn/transformer : 64
hidden_size (out put of rnn/tranformer) : 64
observation hour [7,19]
observation interval : 1
observation threshold : 8
prediction time : 86400
cascade length [10,100]
model save at : ../model_save/cas2vec/dblp3/
====bidirected: False, attention: , gcn_type: self, rnn: transformer====
===================configuration===================
len(Y_train), len(Y_valid), len(Y_test): 63099 13522 13521
preparing time:50.363983392715454
emb_size is not avalible when using transformer
total parameters 95505
---------------*****---------------
Starting training the epoch: 0 
total batch: 985.921875 
batch:99 average train loss 2.6120
batch:199 average train loss 2.2643
batch:299 average train loss 2.0804
batch:399 average train loss 1.9824
batch:499 average train loss 1.9147
batch:599 average train loss 1.8730
batch:699 average train loss 1.8397
batch:799 average train loss 1.8165
batch:899 average train loss 1.7975
average train loss 1.7764
Train Consuming time:26.14 in the epoch: 0
total val iterations: 212 
average val loss 1.5950
accuracy ( less than 0.1 ): 0.1377
median val loss 0.7157
total test iterations: 212 
average test loss 1.6456
accuracy ( less than 0.1 ): 0.1346
median test loss 0.7263
Consuming time:32.03 in the epoch: 0
Best test loss is 1.65
---------------*****---------------
---------------*****---------------
Starting training the epoch: 1 
total batch: 985.921875 
batch:99 average train loss 1.6214
batch:199 average train loss 1.6169
batch:299 average train loss 1.5881
batch:399 average train loss 1.5799
batch:499 average train loss 1.5740
batch:599 average train loss 1.5785
batch:699 average train loss 1.5759
batch:799 average train loss 1.5776
batch:899 average train loss 1.5792
average train loss 1.5732
Train Consuming time:26.18 in the epoch: 1
total val iterations: 212 
average val loss 1.4907
accuracy ( less than 0.1 ): 0.1952
median val loss 0.6342
total test iterations: 212 
average test loss 1.5393
accuracy ( less than 0.1 ): 0.1983
median test loss 0.6496
Consuming time:32.06 in the epoch: 1
Best test loss is 1.54
---------------*****---------------
---------------*****---------------
Starting training the epoch: 2 
total batch: 985.921875 
batch:99 average train loss 1.5789
batch:199 average train loss 1.5779
batch:299 average train loss 1.5512
batch:399 average train loss 1.5451
batch:499 average train loss 1.5379
batch:599 average train loss 1.5424
batch:699 average train loss 1.5412
batch:799 average train loss 1.5443
batch:899 average train loss 1.5478
average train loss 1.5420
Train Consuming time:26.15 in the epoch: 2
total val iterations: 212 
average val loss 1.6344
accuracy ( less than 0.1 ): 0.1117
median val loss 0.7462
total test iterations: 212 
average test loss 1.6848
accuracy ( less than 0.1 ): 0.1095
median test loss 0.7534
Consuming time:32.03 in the epoch: 2
Best test loss is 1.54
---------------*****---------------
---------------*****---------------
Starting training the epoch: 3 
total batch: 985.921875 
batch:99 average train loss 1.5753
batch:199 average train loss 1.5656
batch:299 average train loss 1.5381
batch:399 average train loss 1.5273
batch:499 average train loss 1.5205
batch:599 average train loss 1.5257
batch:699 average train loss 1.5255
batch:799 average train loss 1.5291
batch:899 average train loss 1.5323
average train loss 1.5265
Train Consuming time:26.12 in the epoch: 3
total val iterations: 212 
average val loss 1.4666
accuracy ( less than 0.1 ): 0.1893
median val loss 0.6253
total test iterations: 212 
average test loss 1.5178
accuracy ( less than 0.1 ): 0.1937
median test loss 0.6443
Consuming time:32.06 in the epoch: 3
Best test loss is 1.52
---------------*****---------------
---------------*****---------------
Starting training the epoch: 4 
total batch: 985.921875 
batch:99 average train loss 1.5449
batch:199 average train loss 1.5413
batch:299 average train loss 1.5153
batch:399 average train loss 1.5058
batch:499 average train loss 1.5025
batch:599 average train loss 1.5075
batch:699 average train loss 1.5090
batch:799 average train loss 1.5138
batch:899 average train loss 1.5174
average train loss 1.5113
Train Consuming time:26.41 in the epoch: 4
total val iterations: 212 
average val loss 1.4604
accuracy ( less than 0.1 ): 0.1999
median val loss 0.6217
total test iterations: 212 
average test loss 1.5091
accuracy ( less than 0.1 ): 0.2042
median test loss 0.6401
Consuming time:32.37 in the epoch: 4
Best test loss is 1.51
---------------*****---------------
---------------*****---------------
Starting training the epoch: 5 
total batch: 985.921875 
batch:99 average train loss 1.5334
batch:199 average train loss 1.5297
batch:299 average train loss 1.5050
batch:399 average train loss 1.4974
batch:499 average train loss 1.4936
batch:599 average train loss 1.4985
batch:699 average train loss 1.4999
batch:799 average train loss 1.5038
batch:899 average train loss 1.5076
average train loss 1.5022
Train Consuming time:26.49 in the epoch: 5
total val iterations: 212 
average val loss 1.4456
accuracy ( less than 0.1 ): 0.1783
median val loss 0.6281
total test iterations: 212 
average test loss 1.4961
accuracy ( less than 0.1 ): 0.1848
median test loss 0.6382
Consuming time:32.40 in the epoch: 5
Best test loss is 1.50
---------------*****---------------
---------------*****---------------
Starting training the epoch: 6 
total batch: 985.921875 
batch:99 average train loss 1.5214
batch:199 average train loss 1.5214
batch:299 average train loss 1.4984
batch:399 average train loss 1.4913
batch:499 average train loss 1.4877
batch:599 average train loss 1.4925
batch:699 average train loss 1.4946
batch:799 average train loss 1.4996
batch:899 average train loss 1.5041
average train loss 1.4983
Train Consuming time:26.20 in the epoch: 6
total val iterations: 212 
average val loss 1.4469
accuracy ( less than 0.1 ): 0.1705
median val loss 0.6306
total test iterations: 212 
average test loss 1.4950
accuracy ( less than 0.1 ): 0.1767
median test loss 0.6401
Consuming time:32.09 in the epoch: 6
Best test loss is 1.49
---------------*****---------------
---------------*****---------------
Starting training the epoch: 7 
total batch: 985.921875 
batch:99 average train loss 1.5159
batch:199 average train loss 1.5173
batch:299 average train loss 1.4945
batch:399 average train loss 1.4880
batch:499 average train loss 1.4839
batch:599 average train loss 1.4883
batch:699 average train loss 1.4894
batch:799 average train loss 1.4923
batch:899 average train loss 1.4965
average train loss 1.4910
Train Consuming time:26.25 in the epoch: 7
total val iterations: 212 
average val loss 1.4458
accuracy ( less than 0.1 ): 0.1756
median val loss 0.6282
total test iterations: 212 
average test loss 1.4958
accuracy ( less than 0.1 ): 0.1816
median test loss 0.6385
Consuming time:32.13 in the epoch: 7
Best test loss is 1.49
---------------*****---------------
---------------*****---------------
Starting training the epoch: 8 
total batch: 985.921875 
batch:99 average train loss 1.5125
batch:199 average train loss 1.5124
batch:299 average train loss 1.4911
batch:399 average train loss 1.4851
batch:499 average train loss 1.4809
batch:599 average train loss 1.4857
batch:699 average train loss 1.4864
batch:799 average train loss 1.4896
batch:899 average train loss 1.4929
average train loss 1.4875
Train Consuming time:26.20 in the epoch: 8
total val iterations: 212 
average val loss 1.4477
accuracy ( less than 0.1 ): 0.1683
median val loss 0.6307
total test iterations: 212 
average test loss 1.4979
accuracy ( less than 0.1 ): 0.1752
median test loss 0.6389
Consuming time:32.07 in the epoch: 8
Best test loss is 1.49
---------------*****---------------
---------------*****---------------
Starting training the epoch: 9 
total batch: 985.921875 
batch:99 average train loss 1.5027
batch:199 average train loss 1.5063
batch:299 average train loss 1.4857
batch:399 average train loss 1.4806
batch:499 average train loss 1.4763
batch:599 average train loss 1.4815
batch:699 average train loss 1.4838
batch:799 average train loss 1.4877
batch:899 average train loss 1.4926
average train loss 1.4874
Train Consuming time:26.16 in the epoch: 9
total val iterations: 212 
average val loss 1.4490
accuracy ( less than 0.1 ): 0.1676
median val loss 0.6323
total test iterations: 212 
average test loss 1.4981
accuracy ( less than 0.1 ): 0.1688
median test loss 0.6425
Consuming time:32.03 in the epoch: 9
Best test loss is 1.49
---------------*****---------------
---------------*****---------------
Starting training the epoch: 10 
total batch: 985.921875 
batch:99 average train loss 1.4997
batch:199 average train loss 1.5022
batch:299 average train loss 1.4828
batch:399 average train loss 1.4769
batch:499 average train loss 1.4725
batch:599 average train loss 1.4775
batch:699 average train loss 1.4822
batch:799 average train loss 1.4858
batch:899 average train loss 1.4888
average train loss 1.4832
Train Consuming time:26.39 in the epoch: 10
total val iterations: 212 
average val loss 1.4438
accuracy ( less than 0.1 ): 0.1706
median val loss 0.6227
total test iterations: 212 
average test loss 1.4954
accuracy ( less than 0.1 ): 0.1750
median test loss 0.6360
Consuming time:32.44 in the epoch: 10
Best test loss is 1.49
---------------*****---------------
---------------*****---------------
Starting training the epoch: 11 
total batch: 985.921875 
batch:99 average train loss 1.5033
batch:199 average train loss 1.5018
batch:299 average train loss 1.4825
batch:399 average train loss 1.4767
batch:499 average train loss 1.4723
batch:599 average train loss 1.4767
batch:699 average train loss 1.4788
batch:799 average train loss 1.4820
batch:899 average train loss 1.4854
average train loss 1.4798
Train Consuming time:26.61 in the epoch: 11
total val iterations: 212 
average val loss 1.4422
accuracy ( less than 0.1 ): 0.1728
median val loss 0.6242
total test iterations: 212 
average test loss 1.4907
accuracy ( less than 0.1 ): 0.1742
median test loss 0.6363
Consuming time:32.72 in the epoch: 11
Best test loss is 1.49
---------------*****---------------
---------------*****---------------
Starting training the epoch: 12 
total batch: 985.921875 
batch:99 average train loss 1.5016
batch:199 average train loss 1.5005
batch:299 average train loss 1.4789
batch:399 average train loss 1.4721
batch:499 average train loss 1.4680
batch:599 average train loss 1.4724
batch:699 average train loss 1.4744
batch:799 average train loss 1.4777
batch:899 average train loss 1.4814
average train loss 1.4763
Train Consuming time:26.73 in the epoch: 12
total val iterations: 212 
average val loss 1.4471
accuracy ( less than 0.1 ): 0.1671
median val loss 0.6290
total test iterations: 212 
average test loss 1.4969
accuracy ( less than 0.1 ): 0.1707
median test loss 0.6364
Consuming time:32.83 in the epoch: 12
Best test loss is 1.49
---------------*****---------------
---------------*****---------------
Starting training the epoch: 13 
total batch: 985.921875 
batch:99 average train loss 1.4972
batch:199 average train loss 1.4987
batch:299 average train loss 1.4776
batch:399 average train loss 1.4718
batch:499 average train loss 1.4673
batch:599 average train loss 1.4720
batch:699 average train loss 1.4837
batch:799 average train loss 1.4902
batch:899 average train loss 1.4953
average train loss 1.4904
Train Consuming time:26.74 in the epoch: 13
total val iterations: 212 
average val loss 1.4405
accuracy ( less than 0.1 ): 0.1795
median val loss 0.6189
total test iterations: 212 
average test loss 1.4911
accuracy ( less than 0.1 ): 0.1856
median test loss 0.6347
Consuming time:32.78 in the epoch: 13
Best test loss is 1.49
---------------*****---------------
---------------*****---------------
Starting training the epoch: 14 
total batch: 985.921875 
batch:99 average train loss 1.5057
batch:199 average train loss 1.5143
batch:299 average train loss 1.4935
batch:399 average train loss 1.4858
batch:499 average train loss 1.4806
batch:599 average train loss 1.4848
batch:699 average train loss 1.4852
batch:799 average train loss 1.4886
batch:899 average train loss 1.4913
average train loss 1.4854
Train Consuming time:26.57 in the epoch: 14
total val iterations: 212 
average val loss 1.4420
accuracy ( less than 0.1 ): 0.1723
median val loss 0.6247
total test iterations: 212 
average test loss 1.4896
accuracy ( less than 0.1 ): 0.1754
median test loss 0.6316
Consuming time:32.63 in the epoch: 14
Best test loss is 1.49
---------------*****---------------
---------------*****---------------
Starting training the epoch: 15 
total batch: 985.921875 
batch:99 average train loss 1.4931
batch:199 average train loss 1.5004
batch:299 average train loss 1.4792
batch:399 average train loss 1.4732
batch:499 average train loss 1.4692
batch:599 average train loss 1.4739
batch:699 average train loss 1.4751
batch:799 average train loss 1.4793
batch:899 average train loss 1.4833
average train loss 1.4774
Train Consuming time:26.59 in the epoch: 15
total val iterations: 212 
average val loss 1.4411
accuracy ( less than 0.1 ): 0.1739
median val loss 0.6184
total test iterations: 212 
average test loss 1.4917
accuracy ( less than 0.1 ): 0.1794
median test loss 0.6319
Consuming time:32.63 in the epoch: 15
Best test loss is 1.49
---------------*****---------------
---------------*****---------------
Starting training the epoch: 16 
total batch: 985.921875 
batch:99 average train loss 1.4971
batch:199 average train loss 1.4996
batch:299 average train loss 1.4783
batch:399 average train loss 1.4718
batch:499 average train loss 1.4672
batch:599 average train loss 1.4718
batch:699 average train loss 1.4738
batch:799 average train loss 1.4766
batch:899 average train loss 1.4796
average train loss 1.4739
Train Consuming time:26.61 in the epoch: 16
total val iterations: 212 
average val loss 1.4371
accuracy ( less than 0.1 ): 0.1768
median val loss 0.6180
total test iterations: 212 
average test loss 1.4896
accuracy ( less than 0.1 ): 0.1830
median test loss 0.6410
Consuming time:32.66 in the epoch: 16
Best test loss is 1.49
---------------*****---------------
---------------*****---------------
Starting training the epoch: 17 
total batch: 985.921875 
batch:99 average train loss 1.4955
batch:199 average train loss 1.4989
batch:299 average train loss 1.4758
batch:399 average train loss 1.4689
batch:499 average train loss 1.4643
batch:599 average train loss 1.4692
batch:699 average train loss 1.4708
batch:799 average train loss 1.4744
batch:899 average train loss 1.4771
average train loss 1.4718
Train Consuming time:26.60 in the epoch: 17
total val iterations: 212 
average val loss 1.4397
accuracy ( less than 0.1 ): 0.1742
median val loss 0.6253
total test iterations: 212 
average test loss 1.4913
accuracy ( less than 0.1 ): 0.1794
median test loss 0.6386
Consuming time:32.63 in the epoch: 17
Best test loss is 1.49
---------------*****---------------
---------------*****---------------
Starting training the epoch: 18 
total batch: 985.921875 
batch:99 average train loss 1.4924
batch:199 average train loss 1.4935
batch:299 average train loss 1.4734
batch:399 average train loss 1.4674
batch:499 average train loss 1.4634
batch:599 average train loss 1.4679
batch:699 average train loss 1.4697
batch:799 average train loss 1.4724
batch:899 average train loss 1.4762
average train loss 1.4706
Train Consuming time:26.49 in the epoch: 18
total val iterations: 212 
average val loss 1.4436
accuracy ( less than 0.1 ): 0.1728
median val loss 0.6230
total test iterations: 212 
average test loss 1.4959
accuracy ( less than 0.1 ): 0.1767
median test loss 0.6437
Consuming time:32.43 in the epoch: 18
Best test loss is 1.49
---------------*****---------------
---------------*****---------------
Starting training the epoch: 19 
total batch: 985.921875 
batch:99 average train loss 1.4894
batch:199 average train loss 1.4887
batch:299 average train loss 1.4694
batch:399 average train loss 1.4617
batch:499 average train loss 1.4585
batch:599 average train loss 1.4630
batch:699 average train loss 1.4655
batch:799 average train loss 1.4683
batch:899 average train loss 1.4720
average train loss 1.4669
Train Consuming time:26.40 in the epoch: 19
total val iterations: 212 
average val loss 1.4452
accuracy ( less than 0.1 ): 0.1682
median val loss 0.6272
total test iterations: 212 
average test loss 1.4955
accuracy ( less than 0.1 ): 0.1756
median test loss 0.6390
Consuming time:32.37 in the epoch: 19
Best test loss is 1.49
---------------*****---------------
---------------*****---------------
Starting training the epoch: 20 
total batch: 985.921875 
batch:99 average train loss 1.4675
batch:199 average train loss 1.4649
batch:299 average train loss 1.4432
batch:399 average train loss 1.4345
batch:499 average train loss 1.4299
batch:599 average train loss 1.4332
batch:699 average train loss 1.4345
batch:799 average train loss 1.4365
batch:899 average train loss 1.4391
average train loss 1.4325
Train Consuming time:26.10 in the epoch: 20
total val iterations: 212 
average val loss 1.4328
accuracy ( less than 0.1 ): 0.1794
median val loss 0.6264
total test iterations: 212 
average test loss 1.4811
accuracy ( less than 0.1 ): 0.1848
median test loss 0.6324
Consuming time:32.09 in the epoch: 20
Best test loss is 1.48
---------------*****---------------
---------------*****---------------
Starting training the epoch: 21 
total batch: 985.921875 
batch:99 average train loss 1.4620
batch:199 average train loss 1.4612
batch:299 average train loss 1.4392
batch:399 average train loss 1.4300
batch:499 average train loss 1.4257
batch:599 average train loss 1.4296
batch:699 average train loss 1.4315
batch:799 average train loss 1.4333
batch:899 average train loss 1.4362
average train loss 1.4299
Train Consuming time:26.01 in the epoch: 21
total val iterations: 212 
average val loss 1.4319
accuracy ( less than 0.1 ): 0.1797
median val loss 0.6299
total test iterations: 212 
average test loss 1.4801
accuracy ( less than 0.1 ): 0.1837
median test loss 0.6357
Consuming time:31.96 in the epoch: 21
Best test loss is 1.48
---------------*****---------------
---------------*****---------------
Starting training the epoch: 22 
total batch: 985.921875 
batch:99 average train loss 1.4589
batch:199 average train loss 1.4565
batch:299 average train loss 1.4359
batch:399 average train loss 1.4276
batch:499 average train loss 1.4232
batch:599 average train loss 1.4270
batch:699 average train loss 1.4293
batch:799 average train loss 1.4309
batch:899 average train loss 1.4339
average train loss 1.4276
Train Consuming time:25.90 in the epoch: 22
total val iterations: 212 
average val loss 1.4314
accuracy ( less than 0.1 ): 0.1785
median val loss 0.6304
total test iterations: 212 
average test loss 1.4796
accuracy ( less than 0.1 ): 0.1833
median test loss 0.6321
Consuming time:31.86 in the epoch: 22
Best test loss is 1.48
---------------*****---------------
---------------*****---------------
Starting training the epoch: 23 
total batch: 985.921875 
batch:99 average train loss 1.4604
batch:199 average train loss 1.4568
batch:299 average train loss 1.4360
batch:399 average train loss 1.4271
batch:499 average train loss 1.4219
batch:599 average train loss 1.4260
batch:699 average train loss 1.4285
batch:799 average train loss 1.4304
batch:899 average train loss 1.4335
average train loss 1.4275
Train Consuming time:25.79 in the epoch: 23
total val iterations: 212 
average val loss 1.4314
accuracy ( less than 0.1 ): 0.1777
median val loss 0.6292
total test iterations: 212 
average test loss 1.4795
accuracy ( less than 0.1 ): 0.1825
median test loss 0.6317
Consuming time:31.72 in the epoch: 23
Best test loss is 1.48
---------------*****---------------
---------------*****---------------
Starting training the epoch: 24 
total batch: 985.921875 
batch:99 average train loss 1.4571
batch:199 average train loss 1.4569
batch:299 average train loss 1.4351
batch:399 average train loss 1.4265
batch:499 average train loss 1.4212
batch:599 average train loss 1.4255
batch:699 average train loss 1.4273
batch:799 average train loss 1.4294
batch:899 average train loss 1.4325
average train loss 1.4265
Train Consuming time:25.89 in the epoch: 24
total val iterations: 212 
average val loss 1.4309
accuracy ( less than 0.1 ): 0.1778
median val loss 0.6271
total test iterations: 212 
average test loss 1.4789
accuracy ( less than 0.1 ): 0.1831
median test loss 0.6304
Consuming time:31.82 in the epoch: 24
Best test loss is 1.48
---------------*****---------------
---------------*****---------------
Starting training the epoch: 25 
total batch: 985.921875 
batch:99 average train loss 1.4585
batch:199 average train loss 1.4577
batch:299 average train loss 1.4359
batch:399 average train loss 1.4267
batch:499 average train loss 1.4212
batch:599 average train loss 1.4252
batch:699 average train loss 1.4274
batch:799 average train loss 1.4294
batch:899 average train loss 1.4325
average train loss 1.4264
Train Consuming time:25.87 in the epoch: 25
total val iterations: 212 
average val loss 1.4306
accuracy ( less than 0.1 ): 0.1783
median val loss 0.6267
total test iterations: 212 
average test loss 1.4787
accuracy ( less than 0.1 ): 0.1830
median test loss 0.6314
Consuming time:31.80 in the epoch: 25
Best test loss is 1.48
---------------*****---------------
---------------*****---------------
Starting training the epoch: 26 
total batch: 985.921875 
batch:99 average train loss 1.4563
batch:199 average train loss 1.4555
batch:299 average train loss 1.4343
batch:399 average train loss 1.4247
batch:499 average train loss 1.4194
batch:599 average train loss 1.4240
batch:699 average train loss 1.4261
batch:799 average train loss 1.4281
batch:899 average train loss 1.4314
average train loss 1.4255
Train Consuming time:25.88 in the epoch: 26
total val iterations: 212 
average val loss 1.4303
accuracy ( less than 0.1 ): 0.1791
median val loss 0.6249
total test iterations: 212 
average test loss 1.4785
accuracy ( less than 0.1 ): 0.1835
median test loss 0.6299
Consuming time:31.88 in the epoch: 26
Best test loss is 1.48
---------------*****---------------
---------------*****---------------
Starting training the epoch: 27 
total batch: 985.921875 
batch:99 average train loss 1.4567
batch:199 average train loss 1.4559
batch:299 average train loss 1.4342
batch:399 average train loss 1.4251
batch:499 average train loss 1.4193
batch:599 average train loss 1.4237
batch:699 average train loss 1.4260
batch:799 average train loss 1.4279
batch:899 average train loss 1.4312
average train loss 1.4252
Train Consuming time:25.84 in the epoch: 27
total val iterations: 212 
average val loss 1.4301
accuracy ( less than 0.1 ): 0.1796
median val loss 0.6248
total test iterations: 212 
average test loss 1.4782
accuracy ( less than 0.1 ): 0.1842
median test loss 0.6296
Consuming time:31.84 in the epoch: 27
Best test loss is 1.48
---------------*****---------------
---------------*****---------------
Starting training the epoch: 28 
total batch: 985.921875 
batch:99 average train loss 1.4591
batch:199 average train loss 1.4559
batch:299 average train loss 1.4337
batch:399 average train loss 1.4246
batch:499 average train loss 1.4194
batch:599 average train loss 1.4238
batch:699 average train loss 1.4262
batch:799 average train loss 1.4283
batch:899 average train loss 1.4318
average train loss 1.4260
Train Consuming time:26.11 in the epoch: 28
total val iterations: 212 
average val loss 1.4300
accuracy ( less than 0.1 ): 0.1799
median val loss 0.6248
total test iterations: 212 
average test loss 1.4780
accuracy ( less than 0.1 ): 0.1846
median test loss 0.6320
Consuming time:32.22 in the epoch: 28
Best test loss is 1.48
---------------*****---------------
---------------*****---------------
Starting training the epoch: 29 
total batch: 985.921875 
batch:99 average train loss 1.4569
batch:199 average train loss 1.4552
batch:299 average train loss 1.4330
batch:399 average train loss 1.4241
batch:499 average train loss 1.4188
batch:599 average train loss 1.4227
batch:699 average train loss 1.4252
batch:799 average train loss 1.4274
batch:899 average train loss 1.4306
average train loss 1.4249
Train Consuming time:25.91 in the epoch: 29
total val iterations: 212 
average val loss 1.4300
accuracy ( less than 0.1 ): 0.1786
median val loss 0.6243
total test iterations: 212 
average test loss 1.4782
accuracy ( less than 0.1 ): 0.1838
median test loss 0.6298
Consuming time:31.81 in the epoch: 29
Best test loss is 1.48
---------------*****---------------
---------------*****---------------
Starting training the epoch: 30 
total batch: 985.921875 
batch:99 average train loss 1.4550
batch:199 average train loss 1.4529
batch:299 average train loss 1.4323
batch:399 average train loss 1.4234
batch:499 average train loss 1.4180
batch:599 average train loss 1.4226
batch:699 average train loss 1.4248
batch:799 average train loss 1.4270
batch:899 average train loss 1.4300
average train loss 1.4242
Train Consuming time:25.70 in the epoch: 30
total val iterations: 212 
average val loss 1.4299
accuracy ( less than 0.1 ): 0.1792
median val loss 0.6224
total test iterations: 212 
average test loss 1.4781
accuracy ( less than 0.1 ): 0.1841
median test loss 0.6305
Consuming time:31.67 in the epoch: 30
Best test loss is 1.48
---------------*****---------------
---------------*****---------------
Starting training the epoch: 31 
total batch: 985.921875 
batch:99 average train loss 1.4525
batch:199 average train loss 1.4521
batch:299 average train loss 1.4308
batch:399 average train loss 1.4221
batch:499 average train loss 1.4165
batch:599 average train loss 1.4214
batch:699 average train loss 1.4238
batch:799 average train loss 1.4259
batch:899 average train loss 1.4294
average train loss 1.4235
Train Consuming time:25.79 in the epoch: 31
total val iterations: 212 
average val loss 1.4297
accuracy ( less than 0.1 ): 0.1799
median val loss 0.6216
total test iterations: 212 
average test loss 1.4779
accuracy ( less than 0.1 ): 0.1849
median test loss 0.6308
Consuming time:31.76 in the epoch: 31
Best test loss is 1.48
---------------*****---------------
---------------*****---------------
Starting training the epoch: 32 
total batch: 985.921875 
batch:99 average train loss 1.4549
batch:199 average train loss 1.4533
batch:299 average train loss 1.4320
batch:399 average train loss 1.4231
batch:499 average train loss 1.4180
batch:599 average train loss 1.4221
batch:699 average train loss 1.4243
batch:799 average train loss 1.4263
batch:899 average train loss 1.4294
average train loss 1.4237
Train Consuming time:25.70 in the epoch: 32
total val iterations: 212 
average val loss 1.4297
accuracy ( less than 0.1 ): 0.1789
median val loss 0.6218
total test iterations: 212 
average test loss 1.4780
accuracy ( less than 0.1 ): 0.1845
median test loss 0.6312
Consuming time:31.65 in the epoch: 32
Best test loss is 1.48
---------------*****---------------
---------------*****---------------
Starting training the epoch: 33 
total batch: 985.921875 
batch:99 average train loss 1.4562
batch:199 average train loss 1.4537
batch:299 average train loss 1.4323
batch:399 average train loss 1.4234
batch:499 average train loss 1.4181
batch:599 average train loss 1.4224
batch:699 average train loss 1.4246
batch:799 average train loss 1.4267
batch:899 average train loss 1.4300
average train loss 1.4243
Train Consuming time:26.06 in the epoch: 33
total val iterations: 212 
average val loss 1.4294
accuracy ( less than 0.1 ): 0.1805
median val loss 0.6206
total test iterations: 212 
average test loss 1.4776
accuracy ( less than 0.1 ): 0.1860
median test loss 0.6306
Consuming time:32.08 in the epoch: 33
Best test loss is 1.48
---------------*****---------------
---------------*****---------------
Starting training the epoch: 34 
total batch: 985.921875 
batch:99 average train loss 1.4555
batch:199 average train loss 1.4521
batch:299 average train loss 1.4313
batch:399 average train loss 1.4223
batch:499 average train loss 1.4168
batch:599 average train loss 1.4214
batch:699 average train loss 1.4241
batch:799 average train loss 1.4262
batch:899 average train loss 1.4293
average train loss 1.4238
Train Consuming time:26.11 in the epoch: 34
total val iterations: 212 
average val loss 1.4295
accuracy ( less than 0.1 ): 0.1795
median val loss 0.6229
total test iterations: 212 
average test loss 1.4779
accuracy ( less than 0.1 ): 0.1852
median test loss 0.6313
Consuming time:32.24 in the epoch: 34
Best test loss is 1.48
---------------*****---------------
---------------*****---------------
Starting training the epoch: 35 
total batch: 985.921875 
batch:99 average train loss 1.4542
batch:199 average train loss 1.4536
batch:299 average train loss 1.4318
batch:399 average train loss 1.4230
batch:499 average train loss 1.4175
batch:599 average train loss 1.4214
batch:699 average train loss 1.4242
batch:799 average train loss 1.4263
batch:899 average train loss 1.4294
average train loss 1.4238
Train Consuming time:26.52 in the epoch: 35
total val iterations: 212 
average val loss 1.4296
accuracy ( less than 0.1 ): 0.1792
median val loss 0.6227
total test iterations: 212 
average test loss 1.4780
accuracy ( less than 0.1 ): 0.1846
median test loss 0.6315
Consuming time:33.24 in the epoch: 35
Best test loss is 1.48
---------------*****---------------
---------------*****---------------
Starting training the epoch: 36 
total batch: 985.921875 
batch:99 average train loss 1.4533
batch:199 average train loss 1.4524
batch:299 average train loss 1.4311
batch:399 average train loss 1.4225
batch:499 average train loss 1.4177
batch:599 average train loss 1.4222
batch:699 average train loss 1.4247
batch:799 average train loss 1.4263
batch:899 average train loss 1.4296
average train loss 1.4239
Train Consuming time:27.95 in the epoch: 36
total val iterations: 212 
average val loss 1.4295
accuracy ( less than 0.1 ): 0.1791
median val loss 0.6221
total test iterations: 212 
average test loss 1.4779
accuracy ( less than 0.1 ): 0.1853
median test loss 0.6321
Consuming time:34.81 in the epoch: 36
Best test loss is 1.48
---------------*****---------------
---------------*****---------------
Starting training the epoch: 37 
total batch: 985.921875 
batch:99 average train loss 1.4568
batch:199 average train loss 1.4535
batch:299 average train loss 1.4320
batch:399 average train loss 1.4228
batch:499 average train loss 1.4169
batch:599 average train loss 1.4212
batch:699 average train loss 1.4238
batch:799 average train loss 1.4262
batch:899 average train loss 1.4294
average train loss 1.4237
Train Consuming time:27.85 in the epoch: 37
total val iterations: 212 
average val loss 1.4293
accuracy ( less than 0.1 ): 0.1792
median val loss 0.6210
total test iterations: 212 
average test loss 1.4778
accuracy ( less than 0.1 ): 0.1858
median test loss 0.6318
Consuming time:34.69 in the epoch: 37
Best test loss is 1.48
---------------*****---------------
