os.environ: 0
1.14.0
dataset information: nodes:180847, n_sequence:120, n_steps:13 
===================configuration===================
dropout prob :  0.001
l2 0.05
learning rate :  0.005
emb_learning_rate :  0.0005
observation hour [7,19]
observation threshold :  1080
prediction time :  86400
cascade length [5,100]
model save at : ../model_save/deephawkes/citation0/
===================configuration===================
---------***---------
Number: 39785, Max: 12.800090987624996 and Min: 0.0 label Value in Train
NUmber: 8525, Max: 9.970105890612182 and Min: 0.0 label Value in Test
NUmber: 8526, Max: 10.71338651493703 and Min: 0.0 label Value in Valid
---------***---------
39785 8525 8526
Total_parameters:9067605
finish one epoch, time234.5930633544922
#0, Training Loss= 2.16043, Valid Loss= 1.54611, Valid median Loss= 0.69630, Best Valid Loss= 1.54611, Test Loss= 1.55357, Test median  Loss= 0.70189, Best Test Loss= 1.55357
 Val Loss mSEL:0.696302, Test Loss mSEL:0.701893,
 Val acc:0.494673, Test acc:0.493016,
 Val Loss mape:0.321804, Test Loss mape:0.321264,

finish one epoch, time605.7560679912567
#1, Training Loss= 1.11872, Valid Loss= 1.13721, Valid median Loss= 0.42269, Best Valid Loss= 1.13721, Test Loss= 1.13826, Test median  Loss= 0.43224, Best Test Loss= 1.13826
 Val Loss mSEL:0.422686, Test Loss mSEL:0.432245,
 Val acc:0.582386, Test acc:0.580256,
 Val Loss mape:0.240099, Test Loss mape:0.238787,

finish one epoch, time996.1579110622406
#2, Training Loss= 1.10340, Valid Loss= 1.13583, Valid median Loss= 0.45324, Best Valid Loss= 1.13583, Test Loss= 1.13263, Test median  Loss= 0.45961, Best Test Loss= 1.13263
 Val Loss mSEL:0.453242, Test Loss mSEL:0.459612,
 Val acc:0.573390, Test acc:0.571378,
 Val Loss mape:0.246752, Test Loss mape:0.245052,

finish one epoch, time1397.957802772522
#3, Training Loss= 1.10231, Valid Loss= 1.14381, Valid median Loss= 0.43659, Best Valid Loss= 1.13583, Test Loss= 1.15148, Test median  Loss= 0.43267, Best Test Loss= 1.13263
 Val Loss mSEL:0.436586, Test Loss mSEL:0.432674,
 Val acc:0.573035, Test acc:0.575758,
 Val Loss mape:0.235943, Test Loss mape:0.235903,

finish one epoch, time1750.6104528903961
#4, Training Loss= 1.10710, Valid Loss= 1.14310, Valid median Loss= 0.47275, Best Valid Loss= 1.13583, Test Loss= 1.14688, Test median  Loss= 0.47292, Best Test Loss= 1.13263
 Val Loss mSEL:0.472747, Test Loss mSEL:0.472922,
 Val acc:0.561908, Test acc:0.565341,
 Val Loss mape:0.253414, Test Loss mape:0.250864,

finish one epoch, time2190.071420431137
#5, Training Loss= 1.10488, Valid Loss= 1.12561, Valid median Loss= 0.42642, Best Valid Loss= 1.12561, Test Loss= 1.12811, Test median  Loss= 0.42672, Best Test Loss= 1.12811
 Val Loss mSEL:0.426423, Test Loss mSEL:0.426717,
 Val acc:0.584991, Test acc:0.583333,
 Val Loss mape:0.238322, Test Loss mape:0.237168,

finish one epoch, time2634.596715450287
#6, Training Loss= 1.08621, Valid Loss= 1.11647, Valid median Loss= 0.42913, Best Valid Loss= 1.11647, Test Loss= 1.12212, Test median  Loss= 0.42395, Best Test Loss= 1.12212
 Val Loss mSEL:0.429130, Test Loss mSEL:0.423955,
 Val acc:0.580848, Test acc:0.581795,
 Val Loss mape:0.239860, Test Loss mape:0.237959,

finish one epoch, time3082.356043815613
#7, Training Loss= 1.07984, Valid Loss= 1.14662, Valid median Loss= 0.46123, Best Valid Loss= 1.11647, Test Loss= 1.14337, Test median  Loss= 0.46073, Best Test Loss= 1.12212
 Val Loss mSEL:0.461230, Test Loss mSEL:0.460727,
 Val acc:0.571378, Test acc:0.571023,
 Val Loss mape:0.259535, Test Loss mape:0.256972,

finish one epoch, time3534.766390323639
#8, Training Loss= 1.07315, Valid Loss= 1.12111, Valid median Loss= 0.46361, Best Valid Loss= 1.11647, Test Loss= 1.12729, Test median  Loss= 0.46766, Best Test Loss= 1.12212
 Val Loss mSEL:0.463610, Test Loss mSEL:0.467665,
 Val acc:0.568300, Test acc:0.568774,
 Val Loss mape:0.251858, Test Loss mape:0.250955,

finish one epoch, time3900.692676305771
#9, Training Loss= 1.07203, Valid Loss= 1.09838, Valid median Loss= 0.45162, Best Valid Loss= 1.09838, Test Loss= 1.10381, Test median  Loss= 0.43850, Best Test Loss= 1.10381
 Val Loss mSEL:0.451619, Test Loss mSEL:0.438505,
 Val acc:0.575521, Test acc:0.575994,
 Val Loss mape:0.241976, Test Loss mape:0.239790,

finish one epoch, time4253.6685795784
#10, Training Loss= 1.07260, Valid Loss= 1.10677, Valid median Loss= 0.42404, Best Valid Loss= 1.09838, Test Loss= 1.10811, Test median  Loss= 0.41271, Best Test Loss= 1.10381
 Val Loss mSEL:0.424039, Test Loss mSEL:0.412705,
 Val acc:0.588068, Test acc:0.587831,
 Val Loss mape:0.237796, Test Loss mape:0.235370,

finish one epoch, time4613.83918094635
#11, Training Loss= 1.07594, Valid Loss= 1.11131, Valid median Loss= 0.41600, Best Valid Loss= 1.09838, Test Loss= 1.11164, Test median  Loss= 0.40369, Best Test Loss= 1.10381
 Val Loss mSEL:0.415997, Test Loss mSEL:0.403691,
 Val acc:0.589015, Test acc:0.593395,
 Val Loss mape:0.237037, Test Loss mape:0.234191,

finish one epoch, time4998.39427113533
#12, Training Loss= 1.06811, Valid Loss= 1.10645, Valid median Loss= 0.42763, Best Valid Loss= 1.09838, Test Loss= 1.11761, Test median  Loss= 0.40934, Best Test Loss= 1.10381
 Val Loss mSEL:0.427627, Test Loss mSEL:0.409338,
 Val acc:0.585938, Test acc:0.591264,
 Val Loss mape:0.236827, Test Loss mape:0.235884,

finish one epoch, time5383.662185430527
#13, Training Loss= 1.07156, Valid Loss= 1.12752, Valid median Loss= 0.45859, Best Valid Loss= 1.09838, Test Loss= 1.12654, Test median  Loss= 0.46047, Best Test Loss= 1.10381
 Val Loss mSEL:0.458592, Test Loss mSEL:0.460474,
 Val acc:0.572917, Test acc:0.576941,
 Val Loss mape:0.255447, Test Loss mape:0.253023,

