os.environ: 0
1.14.0
dataset information: nodes:243760, n_sequence:120, n_steps:16 
===================configuration===================
dropout prob :  0.001
l2 0.05
learning rate :  0.005
emb_learning_rate :  0.0005
observation hour [7,19]
observation threshold :  2520
prediction time :  86400
cascade length [10,100]
model save at : ../model_save/deephawkes/citation2/
===================configuration===================
---------***---------
Number: 37909, Max: 9.583082767502933 and Min: 0.0 label Value in Train
NUmber: 8124, Max: 10.903128676812319 and Min: 0.0 label Value in Test
NUmber: 8124, Max: 11.509775004326938 and Min: 0.0 label Value in Valid
---------***---------
37909 8124 8124
Total_parameters:12213255
finish one epoch, time231.5116994380951
#0, Training Loss= 1.83267, Valid Loss= 1.26591, Valid median Loss= 0.55992, Best Valid Loss= 1.26591, Test Loss= 1.33133, Test median  Loss= 0.57962, Best Test Loss= 1.33133
 Val Loss mSEL:0.559919, Test Loss mSEL:0.579618,
 Val acc:0.451017, Test acc:0.446181,
 Val Loss mape:0.398343, Test Loss mape:0.407458,

finish one epoch, time577.3624792098999
#1, Training Loss= 1.21753, Valid Loss= 1.17663, Valid median Loss= 0.53172, Best Valid Loss= 1.17663, Test Loss= 1.23570, Test median  Loss= 0.51911, Best Test Loss= 1.23570
 Val Loss mSEL:0.531717, Test Loss mSEL:0.519111,
 Val acc:0.448165, Test acc:0.446429,
 Val Loss mape:0.351371, Test Loss mape:0.358566,

finish one epoch, time936.8614993095398
#2, Training Loss= 1.20644, Valid Loss= 1.16946, Valid median Loss= 0.51601, Best Valid Loss= 1.16946, Test Loss= 1.23101, Test median  Loss= 0.51555, Best Test Loss= 1.23101
 Val Loss mSEL:0.516011, Test Loss mSEL:0.515549,
 Val acc:0.454117, Test acc:0.449653,
 Val Loss mape:0.353393, Test Loss mape:0.361608,

finish one epoch, time1325.172504901886
#3, Training Loss= 1.20059, Valid Loss= 1.17550, Valid median Loss= 0.52253, Best Valid Loss= 1.16946, Test Loss= 1.23856, Test median  Loss= 0.51930, Best Test Loss= 1.23101
 Val Loss mSEL:0.522532, Test Loss mSEL:0.519299,
 Val acc:0.453993, Test acc:0.454365,
 Val Loss mape:0.364523, Test Loss mape:0.373720,

finish one epoch, time1751.1896352767944
#4, Training Loss= 1.20131, Valid Loss= 1.16797, Valid median Loss= 0.51718, Best Valid Loss= 1.16797, Test Loss= 1.23213, Test median  Loss= 0.51756, Best Test Loss= 1.23101
 Val Loss mSEL:0.517183, Test Loss mSEL:0.517563,
 Val acc:0.453745, Test acc:0.451389,
 Val Loss mape:0.350772, Test Loss mape:0.359862,

finish one epoch, time2131.6650519371033
#5, Training Loss= 1.19499, Valid Loss= 1.16811, Valid median Loss= 0.51627, Best Valid Loss= 1.16797, Test Loss= 1.22296, Test median  Loss= 0.51750, Best Test Loss= 1.22296
 Val Loss mSEL:0.516265, Test Loss mSEL:0.517504,
 Val acc:0.453745, Test acc:0.450893,
 Val Loss mape:0.352553, Test Loss mape:0.361437,

finish one epoch, time2499.656594514847
#6, Training Loss= 1.19430, Valid Loss= 1.17282, Valid median Loss= 0.52112, Best Valid Loss= 1.16797, Test Loss= 1.24001, Test median  Loss= 0.52224, Best Test Loss= 1.22296
 Val Loss mSEL:0.521125, Test Loss mSEL:0.522236,
 Val acc:0.457837, Test acc:0.451637,
 Val Loss mape:0.364556, Test Loss mape:0.373967,

finish one epoch, time2871.46665930748
#7, Training Loss= 1.19747, Valid Loss= 1.20872, Valid median Loss= 0.53263, Best Valid Loss= 1.16797, Test Loss= 1.28082, Test median  Loss= 0.53810, Best Test Loss= 1.22296
 Val Loss mSEL:0.532629, Test Loss mSEL:0.538102,
 Val acc:0.455853, Test acc:0.450769,
 Val Loss mape:0.374771, Test Loss mape:0.385185,

finish one epoch, time3241.822366952896
#8, Training Loss= 1.19496, Valid Loss= 1.17978, Valid median Loss= 0.52905, Best Valid Loss= 1.16797, Test Loss= 1.24460, Test median  Loss= 0.52816, Best Test Loss= 1.22296
 Val Loss mSEL:0.529054, Test Loss mSEL:0.528163,
 Val acc:0.441468, Test acc:0.437872,
 Val Loss mape:0.340870, Test Loss mape:0.350139,

finish one epoch, time3613.443018436432
#9, Training Loss= 1.19566, Valid Loss= 1.17326, Valid median Loss= 0.52689, Best Valid Loss= 1.16797, Test Loss= 1.23180, Test median  Loss= 0.52801, Best Test Loss= 1.22296
 Val Loss mSEL:0.526885, Test Loss mSEL:0.528008,
 Val acc:0.452877, Test acc:0.449529,
 Val Loss mape:0.352438, Test Loss mape:0.360739,

finish one epoch, time3988.78449344635
#10, Training Loss= 1.19796, Valid Loss= 1.16996, Valid median Loss= 0.52104, Best Valid Loss= 1.16797, Test Loss= 1.23420, Test median  Loss= 0.52969, Best Test Loss= 1.22296
 Val Loss mSEL:0.521043, Test Loss mSEL:0.529694,
 Val acc:0.447173, Test acc:0.443948,
 Val Loss mape:0.342295, Test Loss mape:0.351053,

finish one epoch, time4355.1899654865265
#11, Training Loss= 1.19018, Valid Loss= 1.20805, Valid median Loss= 0.54416, Best Valid Loss= 1.16797, Test Loss= 1.27334, Test median  Loss= 0.55542, Best Test Loss= 1.22296
 Val Loss mSEL:0.544160, Test Loss mSEL:0.555416,
 Val acc:0.432168, Test acc:0.428447,
 Val Loss mape:0.331472, Test Loss mape:0.339689,

Finished!
----------------------------------------------------------------
Time: 4457.215057134628
Valid Loss: 1.1679748
Test Loss: 1.2229604
