os.environ: 0
1.14.0
dataset information: nodes:274506, n_sequence:120, n_steps:18 
===================configuration===================
dropout prob :  0.001
l2 0.05
learning rate :  0.005
emb_learning_rate :  0.0005
observation hour [7,19]
observation threshold :  3240
prediction time :  86400
cascade length [10,100]
model save at : ../model_save/deephawkes/citation3/
===================configuration===================
---------***---------
Number: 42604, Max: 9.523561956057014 and Min: 0.0 label Value in Train
NUmber: 9129, Max: 8.643856189774725 and Min: 0.0 label Value in Test
NUmber: 9130, Max: 8.897845456005513 and Min: 0.0 label Value in Valid
---------***---------
42604 9129 9130
Total_parameters:13750555
finish one epoch, time281.2803452014923
#0, Training Loss= 1.50798, Valid Loss= 1.24818, Valid median Loss= 0.50698, Best Valid Loss= 1.24818, Test Loss= 1.20108, Test median  Loss= 0.51374, Best Test Loss= 1.20108
 Val Loss mSEL:0.506985, Test Loss mSEL:0.513742,
 Val acc:0.421215, Test acc:0.420445,
 Val Loss mape:0.430929, Test Loss mape:0.423184,

finish one epoch, time698.1535346508026
#1, Training Loss= 1.15243, Valid Loss= 1.16054, Valid median Loss= 0.48494, Best Valid Loss= 1.16054, Test Loss= 1.12469, Test median  Loss= 0.49633, Best Test Loss= 1.12469
 Val Loss mSEL:0.484943, Test Loss mSEL:0.496326,
 Val acc:0.422755, Test acc:0.419124,
 Val Loss mape:0.385535, Test Loss mape:0.377883,

finish one epoch, time1142.9148433208466
#2, Training Loss= 1.14045, Valid Loss= 1.13942, Valid median Loss= 0.47977, Best Valid Loss= 1.13942, Test Loss= 1.11223, Test median  Loss= 0.49210, Best Test Loss= 1.11223
 Val Loss mSEL:0.479772, Test Loss mSEL:0.492098,
 Val acc:0.422095, Test acc:0.424516,
 Val Loss mape:0.380112, Test Loss mape:0.372059,

finish one epoch, time1654.5775816440582
#3, Training Loss= 1.14201, Valid Loss= 1.15383, Valid median Loss= 0.50867, Best Valid Loss= 1.13942, Test Loss= 1.13071, Test median  Loss= 0.51383, Best Test Loss= 1.11223
 Val Loss mSEL:0.508673, Test Loss mSEL:0.513832,
 Val acc:0.414943, Test acc:0.415603,
 Val Loss mape:0.356638, Test Loss mape:0.351682,

finish one epoch, time2124.471859693527
#4, Training Loss= 1.13547, Valid Loss= 1.13485, Valid median Loss= 0.48232, Best Valid Loss= 1.13485, Test Loss= 1.10941, Test median  Loss= 0.49541, Best Test Loss= 1.10941
 Val Loss mSEL:0.482320, Test Loss mSEL:0.495412,
 Val acc:0.429357, Test acc:0.430568,
 Val Loss mape:0.373917, Test Loss mape:0.366644,

finish one epoch, time2571.444869041443
#5, Training Loss= 1.13290, Valid Loss= 1.13845, Valid median Loss= 0.49309, Best Valid Loss= 1.13485, Test Loss= 1.11005, Test median  Loss= 0.49678, Best Test Loss= 1.10941
 Val Loss mSEL:0.493090, Test Loss mSEL:0.496782,
 Val acc:0.413182, Test acc:0.413732,
 Val Loss mape:0.364082, Test Loss mape:0.357305,

finish one epoch, time3018.5997359752655
#6, Training Loss= 1.14025, Valid Loss= 1.13523, Valid median Loss= 0.48361, Best Valid Loss= 1.13485, Test Loss= 1.10477, Test median  Loss= 0.49414, Best Test Loss= 1.10477
 Val Loss mSEL:0.483611, Test Loss mSEL:0.494139,
 Val acc:0.421105, Test acc:0.422425,
 Val Loss mape:0.372302, Test Loss mape:0.364152,

finish one epoch, time3467.5959453582764
#7, Training Loss= 1.12959, Valid Loss= 1.13214, Valid median Loss= 0.48814, Best Valid Loss= 1.13214, Test Loss= 1.11805, Test median  Loss= 0.50245, Best Test Loss= 1.10477
 Val Loss mSEL:0.488137, Test Loss mSEL:0.502448,
 Val acc:0.419014, Test acc:0.415163,
 Val Loss mape:0.350616, Test Loss mape:0.345965,

finish one epoch, time3918.0765657424927
#8, Training Loss= 1.13408, Valid Loss= 1.14950, Valid median Loss= 0.49345, Best Valid Loss= 1.13214, Test Loss= 1.12084, Test median  Loss= 0.49800, Best Test Loss= 1.10477
 Val Loss mSEL:0.493448, Test Loss mSEL:0.498002,
 Val acc:0.426496, Test acc:0.426056,
 Val Loss mape:0.377133, Test Loss mape:0.368287,

finish one epoch, time4357.963283538818
#9, Training Loss= 1.13860, Valid Loss= 1.15771, Valid median Loss= 0.50871, Best Valid Loss= 1.13214, Test Loss= 1.14072, Test median  Loss= 0.52428, Best Test Loss= 1.10477
 Val Loss mSEL:0.508708, Test Loss mSEL:0.524278,
 Val acc:0.408231, Test acc:0.404159,
 Val Loss mape:0.343934, Test Loss mape:0.340169,

finish one epoch, time4788.553949594498
#10, Training Loss= 1.13374, Valid Loss= 1.13363, Valid median Loss= 0.48437, Best Valid Loss= 1.13214, Test Loss= 1.10257, Test median  Loss= 0.48782, Best Test Loss= 1.10257
 Val Loss mSEL:0.484374, Test Loss mSEL:0.487818,
 Val acc:0.427157, Test acc:0.422975,
 Val Loss mape:0.360884, Test Loss mape:0.354918,

finish one epoch, time5330.531777858734
#11, Training Loss= 1.13374, Valid Loss= 1.13549, Valid median Loss= 0.48890, Best Valid Loss= 1.13214, Test Loss= 1.11197, Test median  Loss= 0.51149, Best Test Loss= 1.10257
 Val Loss mSEL:0.488901, Test Loss mSEL:0.511489,
 Val acc:0.412632, Test acc:0.412192,
 Val Loss mape:0.360721, Test Loss mape:0.354940,

finish one epoch, time5872.39279294014
#12, Training Loss= 1.13314, Valid Loss= 1.14942, Valid median Loss= 0.48225, Best Valid Loss= 1.13214, Test Loss= 1.11111, Test median  Loss= 0.48135, Best Test Loss= 1.10257
 Val Loss mSEL:0.482246, Test Loss mSEL:0.481350,
 Val acc:0.431998, Test acc:0.428147,
 Val Loss mape:0.388643, Test Loss mape:0.379155,

finish one epoch, time6338.794196128845
#13, Training Loss= 1.13366, Valid Loss= 1.13926, Valid median Loss= 0.48449, Best Valid Loss= 1.13214, Test Loss= 1.11237, Test median  Loss= 0.48789, Best Test Loss= 1.10257
 Val Loss mSEL:0.484486, Test Loss mSEL:0.487892,
 Val acc:0.431228, Test acc:0.429688,
 Val Loss mape:0.381383, Test Loss mape:0.373196,

finish one epoch, time6762.872088670731
#14, Training Loss= 1.13283, Valid Loss= 1.13380, Valid median Loss= 0.48581, Best Valid Loss= 1.13214, Test Loss= 1.10152, Test median  Loss= 0.50304, Best Test Loss= 1.10152
 Val Loss mSEL:0.485812, Test Loss mSEL:0.503038,
 Val acc:0.421875, Test acc:0.419784,
 Val Loss mape:0.362482, Test Loss mape:0.356166,

Finished!
----------------------------------------------------------------
Time: 6883.620620727539
Valid Loss: 1.1321378
Test Loss: 1.1015179
