os.environ: 0
1.14.0
dataset information: nodes:185926, n_sequence:120, n_steps:19 
===================configuration===================
dropout prob :  0.001
l2 0.05
learning rate :  0.005
emb_learning_rate :  0.0005
observation hour [7,19]
observation threshold :  3960
prediction time :  86400
cascade length [5,100]
model save at : ../model_save/deephawkes/citation4/
===================configuration===================
---------***---------
Number: 30834, Max: 10.31741261376487 and Min: 0.0 label Value in Train
NUmber: 6608, Max: 10.530406337099068 and Min: 0.0 label Value in Test
NUmber: 6608, Max: 9.328674927327947 and Min: 0.0 label Value in Valid
---------***---------
30834 6608 6608
Total_parameters:9321555
finish one epoch, time183.18476581573486
#0, Training Loss= 2.01686, Valid Loss= 1.49862, Valid median Loss= 0.69892, Best Valid Loss= 1.49862, Test Loss= 1.50121, Test median  Loss= 0.68751, Best Test Loss= 1.50121
 Val Loss mSEL:0.698919, Test Loss mSEL:0.687515,
 Val acc:0.371170, Test acc:0.357077,
 Val Loss mape:0.410367, Test Loss mape:0.412436,

finish one epoch, time455.1614773273468
#1, Training Loss= 1.46592, Valid Loss= 1.45427, Valid median Loss= 0.68851, Best Valid Loss= 1.45427, Test Loss= 1.46765, Test median  Loss= 0.67422, Best Test Loss= 1.46765
 Val Loss mSEL:0.688512, Test Loss mSEL:0.674225,
 Val acc:0.365809, Test acc:0.360447,
 Val Loss mape:0.403713, Test Loss mape:0.406377,

finish one epoch, time731.7758724689484
#2, Training Loss= 1.43481, Valid Loss= 1.45029, Valid median Loss= 0.68181, Best Valid Loss= 1.45029, Test Loss= 1.47037, Test median  Loss= 0.67146, Best Test Loss= 1.46765
 Val Loss mSEL:0.681813, Test Loss mSEL:0.671462,
 Val acc:0.361366, Test acc:0.354626,
 Val Loss mape:0.399445, Test Loss mape:0.403011,

finish one epoch, time1031.491923570633
#3, Training Loss= 1.42371, Valid Loss= 1.40551, Valid median Loss= 0.64602, Best Valid Loss= 1.40551, Test Loss= 1.44406, Test median  Loss= 0.63440, Best Test Loss= 1.44406
 Val Loss mSEL:0.646025, Test Loss mSEL:0.634397,
 Val acc:0.386642, Test acc:0.381587,
 Val Loss mape:0.391065, Test Loss mape:0.393909,

finish one epoch, time1379.1954553127289
#4, Training Loss= 1.42597, Valid Loss= 1.40764, Valid median Loss= 0.65859, Best Valid Loss= 1.40551, Test Loss= 1.42988, Test median  Loss= 0.65853, Best Test Loss= 1.42988
 Val Loss mSEL:0.658587, Test Loss mSEL:0.658535,
 Val acc:0.384957, Test acc:0.379596,
 Val Loss mape:0.402552, Test Loss mape:0.406059,

finish one epoch, time1744.2048885822296
#5, Training Loss= 1.41585, Valid Loss= 1.42029, Valid median Loss= 0.65708, Best Valid Loss= 1.40551, Test Loss= 1.44550, Test median  Loss= 0.65213, Best Test Loss= 1.42988
 Val Loss mSEL:0.657079, Test Loss mSEL:0.652133,
 Val acc:0.372702, Test acc:0.363971,
 Val Loss mape:0.407542, Test Loss mape:0.411035,

finish one epoch, time2302.1104917526245
#6, Training Loss= 1.42035, Valid Loss= 1.41236, Valid median Loss= 0.64559, Best Valid Loss= 1.40551, Test Loss= 1.43444, Test median  Loss= 0.63825, Best Test Loss= 1.42988
 Val Loss mSEL:0.645590, Test Loss mSEL:0.638248,
 Val acc:0.397978, Test acc:0.395374,
 Val Loss mape:0.403157, Test Loss mape:0.407226,

finish one epoch, time2894.191078901291
#7, Training Loss= 1.41855, Valid Loss= 1.41392, Valid median Loss= 0.62922, Best Valid Loss= 1.40551, Test Loss= 1.43502, Test median  Loss= 0.63853, Best Test Loss= 1.42988
 Val Loss mSEL:0.629223, Test Loss mSEL:0.638533,
 Val acc:0.398744, Test acc:0.384498,
 Val Loss mape:0.419258, Test Loss mape:0.423415,

finish one epoch, time3559.8791329860687
#8, Training Loss= 1.41818, Valid Loss= 1.47490, Valid median Loss= 0.65439, Best Valid Loss= 1.40551, Test Loss= 1.49665, Test median  Loss= 0.65919, Best Test Loss= 1.42988
 Val Loss mSEL:0.654390, Test Loss mSEL:0.659189,
 Val acc:0.400582, Test acc:0.390165,
 Val Loss mape:0.443493, Test Loss mape:0.448594,

finish one epoch, time4199.374644994736
#9, Training Loss= 1.41284, Valid Loss= 1.39985, Valid median Loss= 0.64207, Best Valid Loss= 1.39985, Test Loss= 1.42881, Test median  Loss= 0.63447, Best Test Loss= 1.42881
 Val Loss mSEL:0.642066, Test Loss mSEL:0.634474,
 Val acc:0.386029, Test acc:0.380821,
 Val Loss mape:0.401559, Test Loss mape:0.406061,

finish one epoch, time4885.69021821022
#10, Training Loss= 1.41221, Valid Loss= 1.42410, Valid median Loss= 0.64751, Best Valid Loss= 1.39985, Test Loss= 1.44721, Test median  Loss= 0.64728, Best Test Loss= 1.42881
 Val Loss mSEL:0.647510, Test Loss mSEL:0.647279,
 Val acc:0.401654, Test acc:0.399816,
 Val Loss mape:0.423354, Test Loss mape:0.429108,

finish one epoch, time5566.4044277668
#11, Training Loss= 1.41260, Valid Loss= 1.41715, Valid median Loss= 0.64342, Best Valid Loss= 1.39985, Test Loss= 1.42940, Test median  Loss= 0.63413, Best Test Loss= 1.42881
 Val Loss mSEL:0.643424, Test Loss mSEL:0.634131,
 Val acc:0.389859, Test acc:0.380515,
 Val Loss mape:0.398938, Test Loss mape:0.401324,

finish one epoch, time6106.871346473694
#12, Training Loss= 1.40539, Valid Loss= 1.44895, Valid median Loss= 0.63648, Best Valid Loss= 1.39985, Test Loss= 1.46306, Test median  Loss= 0.66879, Best Test Loss= 1.42881
 Val Loss mSEL:0.636479, Test Loss mSEL:0.668793,
 Val acc:0.400276, Test acc:0.395374,
 Val Loss mape:0.439343, Test Loss mape:0.444649,

finish one epoch, time6582.549249649048
#13, Training Loss= 1.41500, Valid Loss= 1.41613, Valid median Loss= 0.63481, Best Valid Loss= 1.39985, Test Loss= 1.44279, Test median  Loss= 0.64947, Best Test Loss= 1.42881
 Val Loss mSEL:0.634806, Test Loss mSEL:0.649468,
 Val acc:0.403646, Test acc:0.396599,
 Val Loss mape:0.423621, Test Loss mape:0.430123,

finish one epoch, time7089.641756296158
#14, Training Loss= 1.41283, Valid Loss= 1.43844, Valid median Loss= 0.64146, Best Valid Loss= 1.39985, Test Loss= 1.45127, Test median  Loss= 0.64222, Best Test Loss= 1.42881
 Val Loss mSEL:0.641463, Test Loss mSEL:0.642224,
 Val acc:0.392157, Test acc:0.379902,
 Val Loss mape:0.432393, Test Loss mape:0.437402,

finish one epoch, time7610.46911740303
#15, Training Loss= 1.41745, Valid Loss= 1.39504, Valid median Loss= 0.64176, Best Valid Loss= 1.39504, Test Loss= 1.42835, Test median  Loss= 0.63792, Best Test Loss= 1.42835
 Val Loss mSEL:0.641756, Test Loss mSEL:0.637916,
 Val acc:0.386183, Test acc:0.379749,
 Val Loss mape:0.404479, Test Loss mape:0.407594,

finish one epoch, time8038.933512926102
#16, Training Loss= 1.40636, Valid Loss= 1.38429, Valid median Loss= 0.64505, Best Valid Loss= 1.38429, Test Loss= 1.42116, Test median  Loss= 0.63223, Best Test Loss= 1.42116
 Val Loss mSEL:0.645047, Test Loss mSEL:0.632231,
 Val acc:0.390319, Test acc:0.381434,
 Val Loss mape:0.391816, Test Loss mape:0.396945,

finish one epoch, time8532.406743049622
#17, Training Loss= 1.40718, Valid Loss= 1.43682, Valid median Loss= 0.66943, Best Valid Loss= 1.38429, Test Loss= 1.45555, Test median  Loss= 0.65496, Best Test Loss= 1.42116
 Val Loss mSEL:0.669426, Test Loss mSEL:0.654961,
 Val acc:0.367034, Test acc:0.363205,
 Val Loss mape:0.385009, Test Loss mape:0.387796,

finish one epoch, time9163.732856988907
#18, Training Loss= 1.40304, Valid Loss= 1.38462, Valid median Loss= 0.62263, Best Valid Loss= 1.38429, Test Loss= 1.41870, Test median  Loss= 0.62191, Best Test Loss= 1.41870
 Val Loss mSEL:0.622635, Test Loss mSEL:0.621909,
 Val acc:0.405178, Test acc:0.391544,
 Val Loss mape:0.401132, Test Loss mape:0.408427,

finish one epoch, time9858.01794219017
#19, Training Loss= 1.39909, Valid Loss= 1.38957, Valid median Loss= 0.60962, Best Valid Loss= 1.38429, Test Loss= 1.42052, Test median  Loss= 0.62539, Best Test Loss= 1.41870
 Val Loss mSEL:0.609624, Test Loss mSEL:0.625386,
 Val acc:0.399510, Test acc:0.386336,
 Val Loss mape:0.415794, Test Loss mape:0.421802,

finish one epoch, time10554.357491970062
#20, Training Loss= 1.40318, Valid Loss= 1.38518, Valid median Loss= 0.62331, Best Valid Loss= 1.38429, Test Loss= 1.41092, Test median  Loss= 0.63145, Best Test Loss= 1.41092
 Val Loss mSEL:0.623314, Test Loss mSEL:0.631449,
 Val acc:0.393382, Test acc:0.377604,
 Val Loss mape:0.392515, Test Loss mape:0.398873,

finish one epoch, time11414.308348178864
#21, Training Loss= 1.39752, Valid Loss= 1.39137, Valid median Loss= 0.59865, Best Valid Loss= 1.38429, Test Loss= 1.41796, Test median  Loss= 0.60959, Best Test Loss= 1.41092
 Val Loss mSEL:0.598645, Test Loss mSEL:0.609591,
 Val acc:0.404259, Test acc:0.391544,
 Val Loss mape:0.405813, Test Loss mape:0.410388,

finish one epoch, time12171.740968465805
#22, Training Loss= 1.40101, Valid Loss= 1.40165, Valid median Loss= 0.62260, Best Valid Loss= 1.38429, Test Loss= 1.43054, Test median  Loss= 0.60794, Best Test Loss= 1.41092
 Val Loss mSEL:0.622597, Test Loss mSEL:0.607943,
 Val acc:0.378217, Test acc:0.378676,
 Val Loss mape:0.380227, Test Loss mape:0.383561,

finish one epoch, time13111.95663022995
#23, Training Loss= 1.38895, Valid Loss= 1.39279, Valid median Loss= 0.63051, Best Valid Loss= 1.38429, Test Loss= 1.44163, Test median  Loss= 0.63530, Best Test Loss= 1.41092
 Val Loss mSEL:0.630511, Test Loss mSEL:0.635303,
 Val acc:0.391085, Test acc:0.384651,
 Val Loss mape:0.390286, Test Loss mape:0.397105,

Finished!
----------------------------------------------------------------
Time: 13316.895875692368
Valid Loss: 1.3842905
Test Loss: 1.4109195
