===================configuration===================
dropout prob: 0.01
l2 1e-06
learning rate: 0.0005
emb_learning_rate: 0.005
observation hour [7,19]
observation threshold: 2520
prediction time: 86400
cascade length [10,100]
model save at../model_save/deepcas/citation2/
===================configuration===================
38123 8169 8170
(?, 200, 10, 50)
Total_parameters:12222670
#1, Training Loss= 4.078724, Validation Loss= 3.236686, Test Loss= 3.131117, Best Valid Loss= 3.236686, Best Test Loss= 3.131117
 Val Loss mSEL:1.425287, Test Loss mSEL:1.328570,
 Val acc:0.256373, Test acc:0.271078,
 Val Loss mape:0.540863, Test Loss mape:0.529868,

consuming time in one epoch 286.3352768421173
#2, Training Loss= 2.063223, Validation Loss= 1.698258, Test Loss= 1.640718, Best Valid Loss= 1.698258, Best Test Loss= 1.640718
 Val Loss mSEL:0.726323, Test Loss mSEL:0.679505,
 Val acc:0.377819, Test acc:0.386397,
 Val Loss mape:0.437730, Test Loss mape:0.425310,

consuming time in one epoch 284.31982707977295
#3, Training Loss= 1.120297, Validation Loss= 1.649819, Test Loss= 1.593574, Best Valid Loss= 1.649819, Best Test Loss= 1.593574
 Val Loss mSEL:0.732701, Test Loss mSEL:0.692892,
 Val acc:0.381495, Test acc:0.383946,
 Val Loss mape:0.413049, Test Loss mape:0.399976,

consuming time in one epoch 284.77518105506897
#4, Training Loss= 0.745042, Validation Loss= 1.838315, Test Loss= 1.793348, Best Valid Loss= 1.649819, Best Test Loss= 1.593574
 Val Loss mSEL:0.739082, Test Loss mSEL:0.767064,
 Val acc:0.414461, Test acc:0.408824,
 Val Loss mape:0.509439, Test Loss mape:0.496126,

consuming time in one epoch 265.4365620613098
#5, Training Loss= 0.630366, Validation Loss= 2.172814, Test Loss= 2.108170, Best Valid Loss= 1.649819, Best Test Loss= 1.593574
 Val Loss mSEL:0.918344, Test Loss mSEL:0.907866,
 Val acc:0.397426, Test acc:0.384191,
 Val Loss mape:0.579790, Test Loss mape:0.568157,

consuming time in one epoch 294.6705038547516
#6, Training Loss= 0.551741, Validation Loss= 1.997338, Test Loss= 1.922414, Best Valid Loss= 1.649819, Best Test Loss= 1.593574
 Val Loss mSEL:0.840354, Test Loss mSEL:0.834554,
 Val acc:0.398039, Test acc:0.399020,
 Val Loss mape:0.549933, Test Loss mape:0.529685,

consuming time in one epoch 336.6571514606476
#7, Training Loss= 0.497386, Validation Loss= 1.816923, Test Loss= 1.755862, Best Valid Loss= 1.649819, Best Test Loss= 1.593574
 Val Loss mSEL:0.761139, Test Loss mSEL:0.737384,
 Val acc:0.403676, Test acc:0.403554,
 Val Loss mape:0.500166, Test Loss mape:0.481089,

consuming time in one epoch 336.6432406902313
#8, Training Loss= 0.448045, Validation Loss= 1.803828, Test Loss= 1.712243, Best Valid Loss= 1.649819, Best Test Loss= 1.593574
 Val Loss mSEL:0.742841, Test Loss mSEL:0.748640,
 Val acc:0.411520, Test acc:0.408211,
 Val Loss mape:0.501252, Test Loss mape:0.490024,

consuming time in one epoch 284.50873374938965
#9, Training Loss= 0.407310, Validation Loss= 1.904252, Test Loss= 1.861507, Best Valid Loss= 1.649819, Best Test Loss= 1.593574
 Val Loss mSEL:0.800761, Test Loss mSEL:0.775006,
 Val acc:0.407843, Test acc:0.400000,
 Val Loss mape:0.516966, Test Loss mape:0.502421,

consuming time in one epoch 270.3992440700531
#10, Training Loss= 0.385092, Validation Loss= 2.085686, Test Loss= 2.034225, Best Valid Loss= 1.649819, Best Test Loss= 1.593574
 Val Loss mSEL:0.854799, Test Loss mSEL:0.874939,
 Val acc:0.395588, Test acc:0.388603,
 Val Loss mape:0.561080, Test Loss mape:0.547711,

consuming time in one epoch 270.06190848350525
#11, Training Loss= 0.354271, Validation Loss= 2.143403, Test Loss= 2.086365, Best Valid Loss= 1.649819, Best Test Loss= 1.593574
 Val Loss mSEL:0.921171, Test Loss mSEL:0.910946,
 Val acc:0.392034, Test acc:0.390319,
 Val Loss mape:0.568251, Test Loss mape:0.555263,

consuming time in one epoch 275.8544557094574
#12, Training Loss= 0.335865, Validation Loss= 1.876735, Test Loss= 1.810023, Best Valid Loss= 1.649819, Best Test Loss= 1.593574
 Val Loss mSEL:0.771813, Test Loss mSEL:0.765373,
 Val acc:0.407108, Test acc:0.403186,
 Val Loss mape:0.514399, Test Loss mape:0.495050,

Finished!
----------------------------------------------------------------
Time: 258.4231152534485
Valid Loss: 1.649819
Test Loss: 1.5935736
