===================configuration===================
dropout prob: 1.0
l2 1e-08
learning rate: 0.0005
emb_learning_rate: 0.005
observation hour [7,19]
observation threshold: 7200
prediction time: 86400
cascade length [5,100]
model save at../model_save/deepcas/weibo2/
===================configuration===================
39522 8469 8470
(?, 200, 10, 50)
Total_parameters:42959920
#1, Training Loss= 6.553939, Validation Loss= 2.788889, Test Loss= 2.794438, Best Valid Loss= 2.788889, Best Test Loss= 2.794438
 Val Loss mSEL:0.398702, Test Loss mSEL:0.824084,
 Val acc:0.593750, Test acc:0.400687,
 Val Loss mape:0.315392, Test Loss mape:0.419918,

consuming time in one epoch 735.4004745483398
#2, Training Loss= 1.624673, Validation Loss= 2.491255, Test Loss= 2.477358, Best Valid Loss= 2.491255, Best Test Loss= 2.477358
 Val Loss mSEL:0.240819, Test Loss mSEL:0.788240,
 Val acc:0.687500, Test acc:0.421402,
 Val Loss mape:0.268556, Test Loss mape:0.401179,

consuming time in one epoch 636.6080524921417
#3, Training Loss= 0.729163, Validation Loss= 2.464891, Test Loss= 2.448814, Best Valid Loss= 2.464891, Best Test Loss= 2.448814
 Val Loss mSEL:0.124161, Test Loss mSEL:0.742925,
 Val acc:0.781250, Test acc:0.441880,
 Val Loss mape:0.123396, Test Loss mape:0.392222,

consuming time in one epoch 571.0899662971497
#4, Training Loss= 0.367596, Validation Loss= 2.427312, Test Loss= 2.408212, Best Valid Loss= 2.427312, Best Test Loss= 2.408212
 Val Loss mSEL:0.026385, Test Loss mSEL:0.673915,
 Val acc:0.937500, Test acc:0.459162,
 Val Loss mape:0.079395, Test Loss mape:0.384268,

consuming time in one epoch 549.1242506504059
#5, Training Loss= 0.206629, Validation Loss= 2.442838, Test Loss= 2.431188, Best Valid Loss= 2.427312, Best Test Loss= 2.408212
 Val Loss mSEL:0.020742, Test Loss mSEL:0.734019,
 Val acc:0.968750, Test acc:0.456439,
 Val Loss mape:0.052368, Test Loss mape:0.414984,

consuming time in one epoch 533.865047454834
#6, Training Loss= 0.129749, Validation Loss= 2.453948, Test Loss= 2.429714, Best Valid Loss= 2.427312, Best Test Loss= 2.408212
 Val Loss mSEL:0.025864, Test Loss mSEL:0.707757,
 Val acc:0.937500, Test acc:0.458925,
 Val Loss mape:0.060378, Test Loss mape:0.395168,

consuming time in one epoch 623.4605724811554
#7, Training Loss= 0.097722, Validation Loss= 2.508521, Test Loss= 2.463021, Best Valid Loss= 2.427312, Best Test Loss= 2.408212
 Val Loss mSEL:0.016154, Test Loss mSEL:0.777664,
 Val acc:0.968750, Test acc:0.453598,
 Val Loss mape:0.055329, Test Loss mape:0.423702,

consuming time in one epoch 552.7088639736176
#8, Training Loss= 0.078251, Validation Loss= 2.483561, Test Loss= 2.449075, Best Valid Loss= 2.427312, Best Test Loss= 2.408212
 Val Loss mSEL:0.018789, Test Loss mSEL:0.733354,
 Val acc:0.968750, Test acc:0.442708,
 Val Loss mape:0.040958, Test Loss mape:0.388638,

consuming time in one epoch 537.0375208854675
#9, Training Loss= 0.064205, Validation Loss= 2.526022, Test Loss= 2.484643, Best Valid Loss= 2.427312, Best Test Loss= 2.408212
 Val Loss mSEL:0.013939, Test Loss mSEL:0.782310,
 Val acc:1.000000, Test acc:0.454072,
 Val Loss mape:0.032330, Test Loss mape:0.428625,

consuming time in one epoch 539.9186906814575
#10, Training Loss= 0.052201, Validation Loss= 2.521530, Test Loss= 2.462497, Best Valid Loss= 2.427312, Best Test Loss= 2.408212
 Val Loss mSEL:0.010798, Test Loss mSEL:0.765515,
 Val acc:0.968750, Test acc:0.453598,
 Val Loss mape:0.076206, Test Loss mape:0.429503,

consuming time in one epoch 672.5771498680115
#11, Training Loss= 0.045783, Validation Loss= 2.478501, Test Loss= 2.442597, Best Valid Loss= 2.427312, Best Test Loss= 2.408212
 Val Loss mSEL:0.007590, Test Loss mSEL:0.735301,
 Val acc:1.000000, Test acc:0.452770,
 Val Loss mape:0.024826, Test Loss mape:0.411799,

consuming time in one epoch 682.3363044261932
#12, Training Loss= 0.037746, Validation Loss= 2.473654, Test Loss= 2.430948, Best Valid Loss= 2.427312, Best Test Loss= 2.408212
 Val Loss mSEL:0.006668, Test Loss mSEL:0.718050,
 Val acc:1.000000, Test acc:0.457031,
 Val Loss mape:0.029873, Test Loss mape:0.403477,

consuming time in one epoch 704.0230135917664
#13, Training Loss= 0.034194, Validation Loss= 2.485109, Test Loss= 2.436338, Best Valid Loss= 2.427312, Best Test Loss= 2.408212
 Val Loss mSEL:0.002239, Test Loss mSEL:0.731654,
 Val acc:1.000000, Test acc:0.454664,
 Val Loss mape:0.021709, Test Loss mape:0.414971,

consuming time in one epoch 697.9603390693665
#14, Training Loss= 0.030025, Validation Loss= 2.459263, Test Loss= 2.408360, Best Valid Loss= 2.427312, Best Test Loss= 2.408212
 Val Loss mSEL:0.019275, Test Loss mSEL:0.722910,
 Val acc:0.968750, Test acc:0.457860,
 Val Loss mape:0.041511, Test Loss mape:0.403987,

consuming time in one epoch 695.4777963161469
#15, Training Loss= 0.027683, Validation Loss= 2.502935, Test Loss= 2.464417, Best Valid Loss= 2.427312, Best Test Loss= 2.408212
 Val Loss mSEL:0.000888, Test Loss mSEL:0.735355,
 Val acc:1.000000, Test acc:0.454072,
 Val Loss mape:0.014923, Test Loss mape:0.412609,

consuming time in one epoch 695.8062927722931
#16, Training Loss= 0.025153, Validation Loss= 2.482804, Test Loss= 2.464575, Best Valid Loss= 2.427312, Best Test Loss= 2.408212
 Val Loss mSEL:0.000736, Test Loss mSEL:0.729319,
 Val acc:1.000000, Test acc:0.457386,
 Val Loss mape:0.024566, Test Loss mape:0.409328,

consuming time in one epoch 688.5029146671295
#17, Training Loss= 0.023597, Validation Loss= 2.490089, Test Loss= 2.447315, Best Valid Loss= 2.427312, Best Test Loss= 2.408212
 Val Loss mSEL:0.002822, Test Loss mSEL:0.727852,
 Val acc:1.000000, Test acc:0.457978,
 Val Loss mape:0.024429, Test Loss mape:0.413799,

consuming time in one epoch 693.5319576263428
#18, Training Loss= 0.021939, Validation Loss= 2.530176, Test Loss= 2.473452, Best Valid Loss= 2.427312, Best Test Loss= 2.408212
 Val Loss mSEL:0.002954, Test Loss mSEL:0.764863,
 Val acc:1.000000, Test acc:0.451823,
 Val Loss mape:0.022585, Test Loss mape:0.429024,

consuming time in one epoch 697.9901068210602
#19, Training Loss= 0.020617, Validation Loss= 2.525920, Test Loss= 2.494693, Best Valid Loss= 2.427312, Best Test Loss= 2.408212
 Val Loss mSEL:0.003946, Test Loss mSEL:0.755159,
 Val acc:1.000000, Test acc:0.453954,
 Val Loss mape:0.027932, Test Loss mape:0.427890,

consuming time in one epoch 692.8145406246185
#20, Training Loss= 0.020458, Validation Loss= 2.497953, Test Loss= 2.464281, Best Valid Loss= 2.427312, Best Test Loss= 2.408212
 Val Loss mSEL:0.016909, Test Loss mSEL:0.708890,
 Val acc:1.000000, Test acc:0.455492,
 Val Loss mape:0.030909, Test Loss mape:0.397010,

consuming time in one epoch 686.9504961967468
#21, Training Loss= 0.020168, Validation Loss= 2.522160, Test Loss= 2.479076, Best Valid Loss= 2.427312, Best Test Loss= 2.408212
 Val Loss mSEL:0.003095, Test Loss mSEL:0.724231,
 Val acc:0.968750, Test acc:0.457860,
 Val Loss mape:0.034096, Test Loss mape:0.415897,

consuming time in one epoch 684.4995713233948
#22, Training Loss= 0.019019, Validation Loss= 2.489902, Test Loss= 2.455396, Best Valid Loss= 2.427312, Best Test Loss= 2.408212
 Val Loss mSEL:0.002319, Test Loss mSEL:0.704859,
 Val acc:1.000000, Test acc:0.461411,
 Val Loss mape:0.015825, Test Loss mape:0.412380,

consuming time in one epoch 688.292754650116
#23, Training Loss= 0.016592, Validation Loss= 2.500760, Test Loss= 2.461400, Best Valid Loss= 2.427312, Best Test Loss= 2.408212
 Val Loss mSEL:0.001002, Test Loss mSEL:0.715392,
 Val acc:1.000000, Test acc:0.456439,
 Val Loss mape:0.025009, Test Loss mape:0.417377,

consuming time in one epoch 688.1877639293671
#24, Training Loss= 0.015063, Validation Loss= 2.492698, Test Loss= 2.441691, Best Valid Loss= 2.427312, Best Test Loss= 2.408212
 Val Loss mSEL:0.001039, Test Loss mSEL:0.695624,
 Val acc:1.000000, Test acc:0.459872,
 Val Loss mape:0.020970, Test Loss mape:0.406052,

consuming time in one epoch 686.9951543807983
#25, Training Loss= 0.014056, Validation Loss= 2.539114, Test Loss= 2.488886, Best Valid Loss= 2.427312, Best Test Loss= 2.408212
 Val Loss mSEL:0.003193, Test Loss mSEL:0.757771,
 Val acc:0.968750, Test acc:0.454782,
 Val Loss mape:0.034652, Test Loss mape:0.430793,

consuming time in one epoch 698.2658789157867
#26, Training Loss= 0.014760, Validation Loss= 2.519886, Test Loss= 2.469216, Best Valid Loss= 2.427312, Best Test Loss= 2.408212
 Val Loss mSEL:0.000613, Test Loss mSEL:0.735160,
 Val acc:1.000000, Test acc:0.458925,
 Val Loss mape:0.008040, Test Loss mape:0.422630,

consuming time in one epoch 583.9343113899231
#27, Training Loss= 0.013911, Validation Loss= 2.508529, Test Loss= 2.458478, Best Valid Loss= 2.427312, Best Test Loss= 2.408212
 Val Loss mSEL:0.002231, Test Loss mSEL:0.713416,
 Val acc:1.000000, Test acc:0.455611,
 Val Loss mape:0.018115, Test Loss mape:0.406215,

consuming time in one epoch 520.768800497055
#28, Training Loss= 0.013392, Validation Loss= 2.492656, Test Loss= 2.451294, Best Valid Loss= 2.427312, Best Test Loss= 2.408212
 Val Loss mSEL:0.001310, Test Loss mSEL:0.688035,
 Val acc:1.000000, Test acc:0.458807,
 Val Loss mape:0.014052, Test Loss mape:0.405358,

consuming time in one epoch 531.9097151756287
#29, Training Loss= 0.012679, Validation Loss= 2.491888, Test Loss= 2.446643, Best Valid Loss= 2.427312, Best Test Loss= 2.408212
 Val Loss mSEL:0.000266, Test Loss mSEL:0.709569,
 Val acc:1.000000, Test acc:0.457741,
 Val Loss mape:0.011055, Test Loss mape:0.410464,

consuming time in one epoch 523.013831615448
#30, Training Loss= 0.012261, Validation Loss= 2.492064, Test Loss= 2.441800, Best Valid Loss= 2.427312, Best Test Loss= 2.408212
 Val Loss mSEL:0.004365, Test Loss mSEL:0.675274,
 Val acc:1.000000, Test acc:0.462831,
 Val Loss mape:0.018240, Test Loss mape:0.399458,

consuming time in one epoch 602.3119292259216
#31, Training Loss= 0.011928, Validation Loss= 2.496094, Test Loss= 2.432053, Best Valid Loss= 2.427312, Best Test Loss= 2.408212
 Val Loss mSEL:0.001792, Test Loss mSEL:0.690614,
 Val acc:1.000000, Test acc:0.461411,
 Val Loss mape:0.019948, Test Loss mape:0.405927,

consuming time in one epoch 648.4644644260406
#32, Training Loss= 0.011034, Validation Loss= 2.517698, Test Loss= 2.465171, Best Valid Loss= 2.427312, Best Test Loss= 2.408212
 Val Loss mSEL:0.004150, Test Loss mSEL:0.707458,
 Val acc:1.000000, Test acc:0.461411,
 Val Loss mape:0.020431, Test Loss mape:0.416496,

consuming time in one epoch 649.0806367397308
#33, Training Loss= 0.011186, Validation Loss= 2.494879, Test Loss= 2.437191, Best Valid Loss= 2.427312, Best Test Loss= 2.408212
 Val Loss mSEL:0.001056, Test Loss mSEL:0.688913,
 Val acc:1.000000, Test acc:0.463897,
 Val Loss mape:0.019036, Test Loss mape:0.406883,

Finished!
----------------------------------------------------------------
Time: 664.2381000518799
Valid Loss: 2.4273121
Test Loss: 2.408212
