===================configuration===================
dropout prob: 1.0
l2 1e-08
learning rate: 0.0005
emb_learning_rate: 0.005
observation hour [7,19]
observation threshold: 3960
prediction time: 86400
cascade length [5,100]
model save at../model_save/deepcas/citation4/
===================configuration===================
30834 6608 6608
(?, 200, 10, 50)
Total_parameters:9321270
#1, Training Loss= 8.648709, Validation Loss= 5.923386, Test Loss= 5.811943, Best Valid Loss= 5.923386, Best Test Loss= 5.811943
 Val Loss mSEL:2.692259, Test Loss mSEL:2.508971,
 Val acc:0.241960, Test acc:0.253489,
 Val Loss mape:0.594786, Test Loss mape:0.591509,

consuming time in one epoch 291.53858971595764
#2, Training Loss= 2.775690, Validation Loss= 2.678186, Test Loss= 2.663512, Best Valid Loss= 2.678186, Best Test Loss= 2.663512
 Val Loss mSEL:1.126300, Test Loss mSEL:1.089529,
 Val acc:0.416869, Test acc:0.419751,
 Val Loss mape:0.487663, Test Loss mape:0.484164,

consuming time in one epoch 271.6587646007538
#3, Training Loss= 1.025528, Validation Loss= 2.430146, Test Loss= 2.420163, Best Valid Loss= 2.430146, Best Test Loss= 2.420163
 Val Loss mSEL:0.969828, Test Loss mSEL:1.010562,
 Val acc:0.430825, Test acc:0.427184,
 Val Loss mape:0.408548, Test Loss mape:0.406967,

consuming time in one epoch 264.6256229877472
#4, Training Loss= 0.478227, Validation Loss= 2.465323, Test Loss= 2.452912, Best Valid Loss= 2.430146, Best Test Loss= 2.420163
 Val Loss mSEL:0.974100, Test Loss mSEL:1.020624,
 Val acc:0.433101, Test acc:0.424757,
 Val Loss mape:0.407440, Test Loss mape:0.407305,

consuming time in one epoch 276.88889956474304
#5, Training Loss= 0.246901, Validation Loss= 2.568211, Test Loss= 2.566784, Best Valid Loss= 2.430146, Best Test Loss= 2.420163
 Val Loss mSEL:0.994820, Test Loss mSEL:1.020176,
 Val acc:0.433404, Test acc:0.427033,
 Val Loss mape:0.414990, Test Loss mape:0.413649,

consuming time in one epoch 288.39963960647583
#6, Training Loss= 0.150729, Validation Loss= 2.553645, Test Loss= 2.550538, Best Valid Loss= 2.430146, Best Test Loss= 2.420163
 Val Loss mSEL:0.999791, Test Loss mSEL:1.040895,
 Val acc:0.437955, Test acc:0.428398,
 Val Loss mape:0.410945, Test Loss mape:0.412278,

consuming time in one epoch 290.74011635780334
#7, Training Loss= 0.105616, Validation Loss= 2.603562, Test Loss= 2.598616, Best Valid Loss= 2.430146, Best Test Loss= 2.420163
 Val Loss mSEL:1.017366, Test Loss mSEL:0.990480,
 Val acc:0.437500, Test acc:0.434618,
 Val Loss mape:0.433591, Test Loss mape:0.434173,

consuming time in one epoch 284.08227586746216
#8, Training Loss= 0.076977, Validation Loss= 2.573188, Test Loss= 2.586977, Best Valid Loss= 2.430146, Best Test Loss= 2.420163
 Val Loss mSEL:1.021515, Test Loss mSEL:1.040894,
 Val acc:0.433101, Test acc:0.422785,
 Val Loss mape:0.422964, Test Loss mape:0.425794,

consuming time in one epoch 275.32361340522766
#9, Training Loss= 0.059511, Validation Loss= 2.577858, Test Loss= 2.585364, Best Valid Loss= 2.430146, Best Test Loss= 2.420163
 Val Loss mSEL:0.990857, Test Loss mSEL:1.008225,
 Val acc:0.440534, Test acc:0.428550,
 Val Loss mape:0.424179, Test Loss mape:0.426164,

consuming time in one epoch 290.2046194076538
#10, Training Loss= 0.048751, Validation Loss= 2.554531, Test Loss= 2.569082, Best Valid Loss= 2.430146, Best Test Loss= 2.420163
 Val Loss mSEL:0.967328, Test Loss mSEL:0.995800,
 Val acc:0.442051, Test acc:0.429460,
 Val Loss mape:0.418479, Test Loss mape:0.420962,

consuming time in one epoch 265.14397644996643
#11, Training Loss= 0.041564, Validation Loss= 2.576327, Test Loss= 2.557034, Best Valid Loss= 2.430146, Best Test Loss= 2.420163
 Val Loss mSEL:0.970096, Test Loss mSEL:1.002827,
 Val acc:0.442203, Test acc:0.430067,
 Val Loss mape:0.431756, Test Loss mape:0.433839,

consuming time in one epoch 189.74324440956116
#12, Training Loss= 0.038123, Validation Loss= 2.527212, Test Loss= 2.534036, Best Valid Loss= 2.430146, Best Test Loss= 2.420163
 Val Loss mSEL:0.946529, Test Loss mSEL:0.980623,
 Val acc:0.445540, Test acc:0.440837,
 Val Loss mape:0.427110, Test Loss mape:0.428744,

Finished!
----------------------------------------------------------------
Time: 193.64363718032837
Valid Loss: 2.4301462
Test Loss: 2.4201632
