===================configuration===================
dropout prob: 1.0
l2 1e-08
learning rate: 0.0005
emb_learning_rate: 0.005
observation hour [7,19]
observation threshold: 3600
prediction time: 86400
cascade length [5,100]
model save at../model_save/deepcas/weibo1/
===================configuration===================
(?, 200, 10, 50)
Total_parameters:37658270

==============load success====================

../model_save/deepcas/weibo1/
#, Training Loss= nan, Validation Loss= 2.700377, Test Loss= 2.561844, Best Valid Loss= 2.700377, Best Test Loss= 2.561844
 Val Loss mSEL:0.738830, Test Loss mSEL:0.747703,
 Val acc:0.495733, Test acc:0.497741,
 Val Loss mape:0.366371, Test Loss mape:0.359665,

Finished!
----------------------------------------------------------------
Time: 72.97959685325623
Valid Loss: 2.7003772
Test Loss: 2.561844
===================configuration===================
dropout prob: 1.0
l2 1e-08
learning rate: 0.0005
emb_learning_rate: 0.005
observation hour [7,19]
observation threshold: 7200
prediction time: 86400
cascade length [5,100]
model save at../model_save/deepcas/weibo2/
===================configuration===================
(?, 200, 10, 50)
Total_parameters:42959920

==============load success====================

../model_save/deepcas/weibo2/
#, Training Loss= nan, Validation Loss= 2.429415, Test Loss= 2.405387, Best Valid Loss= 2.429415, Best Test Loss= 2.405387
 Val Loss mSEL:0.666367, Test Loss mSEL:0.674354,
 Val acc:0.469342, Test acc:0.459044,
 Val Loss mape:0.390069, Test Loss mape:0.384396,

Finished!
----------------------------------------------------------------
Time: 76.5232367515564
Valid Loss: 2.4294147
Test Loss: 2.4053867
===================configuration===================
dropout prob: 1.0
l2 1e-08
learning rate: 0.0005
emb_learning_rate: 0.005
observation hour [7,19]
observation threshold: 10800
prediction time: 86400
cascade length [5,100]
model save at../model_save/deepcas/weibo3/
===================configuration===================
(?, 200, 10, 50)
Total_parameters:45460220

==============load success====================

../model_save/deepcas/weibo3/
#, Training Loss= nan, Validation Loss= 2.483832, Test Loss= 2.427860, Best Valid Loss= 2.483832, Best Test Loss= 2.427860
 Val Loss mSEL:0.743743, Test Loss mSEL:0.699372,
 Val acc:0.422691, Test acc:0.426772,
 Val Loss mape:0.453752, Test Loss mape:0.444290,

Finished!
----------------------------------------------------------------
Time: 77.89014339447021
Valid Loss: 2.4838321
Test Loss: 2.4278605
===================configuration===================
dropout prob: 1.0
l2 1e-08
learning rate: 0.0005
emb_learning_rate: 0.005
observation hour [7,19]
observation threshold: 6
prediction time: 86400
cascade length [10,100]
model save at../model_save/deepcas/dblp1/
===================configuration===================
(?, 200, 10, 50)
Total_parameters:24572920

==============load success====================

../model_save/deepcas/dblp1/
#, Training Loss= nan, Validation Loss= 2.077185, Test Loss= 2.053854, Best Valid Loss= 2.077185, Best Test Loss= 2.053854
 Val Loss mSEL:0.804888, Test Loss mSEL:0.787447,
 Val acc:0.593942, Test acc:0.594808,
 Val Loss mape:0.288351, Test Loss mape:0.283661,

Finished!
----------------------------------------------------------------
Time: 91.69899821281433
Valid Loss: 2.0771852
Test Loss: 2.0538542
===================configuration===================
dropout prob: 1.0
l2 1e-08
learning rate: 0.0005
emb_learning_rate: 0.005
observation hour [7,19]
observation threshold: 7
prediction time: 86400
cascade length [10,100]
model save at../model_save/deepcas/dblp2/
===================configuration===================
(?, 200, 10, 50)
Total_parameters:28420770

==============load success====================

../model_save/deepcas/dblp2/
#, Training Loss= nan, Validation Loss= 2.053361, Test Loss= 2.016684, Best Valid Loss= 2.053361, Best Test Loss= 2.016684
 Val Loss mSEL:0.805796, Test Loss mSEL:0.803503,
 Val acc:0.566705, Test acc:0.570910,
 Val Loss mape:0.315232, Test Loss mape:0.316632,

Finished!
----------------------------------------------------------------
Time: 107.18070268630981
Valid Loss: 2.053361
Test Loss: 2.0166836


dblp3

#, Training Loss= nan, Validation Loss= 2.103397, Test Loss= 2.101124, Best Valid Loss= 2.103397, Best Test Loss= 2.101124
 Val Loss mSEL:0.907723, Test Loss mSEL:0.863764,
 Val acc:0.512515, Test acc:0.524882,
 Val Loss mape:0.338268, Test Loss mape:0.339771,

Finished!
----------------------------------------------------------------
Time: 116.40666198730469
Valid Loss: 2.103397
Test Loss: 2.101124