os.environ: 1
1.14.0
ok
dataset information: nodes:1979549, n_sequence:1020, n_steps:26 
===================configuration===================
dropout prob :  0.001
l2 0.05
learning rate :  0.0005
emb_learning_rate :  0.0005
observation hour [7,19]
observation threshold :  10800
prediction time :  86400
cascade length [5,1000]
model save at : ../model_save/deephawkes/weibo/
===================configuration===================
---------***---------
Number: 46774, Max: 14.508475697029567 and Min: 0.0 label Value in Train
NUmber: 10023, Max: 15.003210437026794 and Min: 0.0 label Value in Test
NUmber: 10024, Max: 15.170433674656016 and Min: 0.0 label Value in Valid
---------***---------
46774 10023 10024
Total_parameters:99002705
finish one epoch, time738.8473651409149

train mseloss : 5.277664895932736
lambda1 [0.05 0.03 0.04 0.07 0.05 0.09]
#0, Training Loss= 5.26446, Valid Loss= 5.23064, Valid median Loss= 2.55311, Best Valid Loss= 5.23064, Test Loss= 5.47221, Test median  Loss= 2.56526, Best Test Loss= 5.47221
finish one epoch, time2274.268055677414

train mseloss : 3.1942998783912615
lambda1 [0.02 0.02 0.03 0.06 0.05 0.1 ]
#1, Training Loss= 3.19024, Valid Loss= 3.15821, Valid median Loss= 1.12647, Best Valid Loss= 3.15821, Test Loss= 3.29261, Test median  Loss= 1.17671, Best Test Loss= 3.29261
finish one epoch, time3840.17812871933

train mseloss : 3.196690847550155
lambda1 [0.01 0.03 0.03 0.06 0.04 0.1 ]
#2, Training Loss= 3.20011, Valid Loss= 3.17451, Valid median Loss= 1.16205, Best Valid Loss= 3.15821, Test Loss= 3.30092, Test median  Loss= 1.25926, Best Test Loss= 3.29261
finish one epoch, time5406.935867547989

train mseloss : 2.9372120263702204
lambda1 [0.   0.03 0.03 0.06 0.04 0.1 ]
#3, Training Loss= 2.94109, Valid Loss= 2.91525, Valid median Loss= 1.04584, Best Valid Loss= 2.91525, Test Loss= 3.03760, Test median  Loss= 1.10704, Best Test Loss= 3.03760
finish one epoch, time6971.892937660217

train mseloss : 2.446363534854483
lambda1 [-0.    0.02  0.03  0.06  0.05  0.1 ]
#4, Training Loss= 2.44781, Valid Loss= 2.42664, Valid median Loss= 0.78222, Best Valid Loss= 2.42664, Test Loss= 2.58120, Test median  Loss= 0.77690, Best Test Loss= 2.58120
finish one epoch, time8539.846721887589

train mseloss : 2.2855942018092477
lambda1 [-0.    0.    0.02  0.06  0.05  0.11]
#5, Training Loss= 2.29042, Valid Loss= 2.28794, Valid median Loss= 0.72482, Best Valid Loss= 2.28794, Test Loss= 2.42051, Test median  Loss= 0.70354, Best Test Loss= 2.42051
finish one epoch, time10093.099115371704

train mseloss : 2.2028619715844786
lambda1 [-0.    0.    0.01  0.05  0.06  0.12]
#6, Training Loss= 2.20602, Valid Loss= 2.19602, Valid median Loss= 0.67800, Best Valid Loss= 2.19602, Test Loss= 2.35121, Test median  Loss= 0.68221, Best Test Loss= 2.35121
finish one epoch, time11642.81028342247

train mseloss : 2.20061158020477
lambda1 [-0.    0.    0.    0.04  0.06  0.12]
#7, Training Loss= 2.20019, Valid Loss= 2.21096, Valid median Loss= 0.72311, Best Valid Loss= 2.19602, Test Loss= 2.35106, Test median  Loss= 0.72583, Best Test Loss= 2.35106
finish one epoch, time13207.970783233643

train mseloss : 2.174299643813374
lambda1 [-0.    0.    0.01  0.04  0.07  0.13]
#8, Training Loss= 2.17684, Valid Loss= 2.15722, Valid median Loss= 0.64572, Best Valid Loss= 2.15722, Test Loss= 2.31835, Test median  Loss= 0.65970, Best Test Loss= 2.31835
finish one epoch, time14771.760447263718

train mseloss : 2.183170830314643
lambda1 [-0.   -0.    0.    0.04  0.07  0.13]
#9, Training Loss= 2.18047, Valid Loss= 2.19061, Valid median Loss= 0.70187, Best Valid Loss= 2.15722, Test Loss= 2.32872, Test median  Loss= 0.73432, Best Test Loss= 2.31835
finish one epoch, time16329.886132717133

train mseloss : 2.1564929742803463
lambda1 [-1.11e-03  2.33e-04 -1.34e-05  4.18e-02  6.87e-02  1.30e-01]
#10, Training Loss= 2.15479, Valid Loss= 2.14418, Valid median Loss= 0.64601, Best Valid Loss= 2.14418, Test Loss= 2.30300, Test median  Loss= 0.64345, Best Test Loss= 2.30300
finish one epoch, time17874.98019552231

train mseloss : 2.1649711468729578
lambda1 [-0.    0.    0.    0.04  0.07  0.13]
#11, Training Loss= 2.16448, Valid Loss= 2.16725, Valid median Loss= 0.71769, Best Valid Loss= 2.14418, Test Loss= 2.30964, Test median  Loss= 0.72968, Best Test Loss= 2.30300
finish one epoch, time19430.282942056656

train mseloss : 2.1545521755821384
lambda1 [-0.   -0.    0.    0.04  0.07  0.13]
#12, Training Loss= 2.15418, Valid Loss= 2.14454, Valid median Loss= 0.64611, Best Valid Loss= 2.14418, Test Loss= 2.28793, Test median  Loss= 0.64562, Best Test Loss= 2.28793
finish one epoch, time21004.92420721054

train mseloss : 2.149411209971219
lambda1 [-0.    0.    0.    0.04  0.07  0.13]
#13, Training Loss= 2.14787, Valid Loss= 2.15636, Valid median Loss= 0.68224, Best Valid Loss= 2.14418, Test Loss= 2.29432, Test median  Loss= 0.68476, Best Test Loss= 2.28793
finish one epoch, time22582.955298662186

train mseloss : 2.140945400557177
lambda1 [-0.    0.    0.    0.04  0.07  0.13]
#14, Training Loss= 2.14078, Valid Loss= 2.12520, Valid median Loss= 0.64491, Best Valid Loss= 2.12520, Test Loss= 2.28716, Test median  Loss= 0.65649, Best Test Loss= 2.28716
finish one epoch, time24169.95012807846

train mseloss : 2.131661579368044
lambda1 [-5.17e-04 -7.57e-05  4.99e-03  4.15e-02  7.09e-02  1.29e-01]
#15, Training Loss= 2.12977, Valid Loss= 2.13108, Valid median Loss= 0.66249, Best Valid Loss= 2.12520, Test Loss= 2.27103, Test median  Loss= 0.66368, Best Test Loss= 2.27103
finish one epoch, time25741.26945567131

train mseloss : 2.110869812182999
lambda1 [-0.    0.    0.    0.04  0.07  0.13]
#16, Training Loss= 2.10988, Valid Loss= 2.10971, Valid median Loss= 0.63576, Best Valid Loss= 2.10971, Test Loss= 2.25908, Test median  Loss= 0.64109, Best Test Loss= 2.25908
finish one epoch, time27287.636977910995

train mseloss : 2.1338645827307827
lambda1 [ 8.37e-05 -1.80e-03  5.49e-03  4.20e-02  7.12e-02  1.35e-01]
#17, Training Loss= 2.13272, Valid Loss= 2.13675, Valid median Loss= 0.65911, Best Valid Loss= 2.10971, Test Loss= 2.27035, Test median  Loss= 0.65995, Best Test Loss= 2.25908
finish one epoch, time28814.4992249012

train mseloss : 2.0984262244018104
lambda1 [-0.   -0.    0.01  0.04  0.07  0.14]
#18, Training Loss= 2.10020, Valid Loss= 2.10497, Valid median Loss= 0.65007, Best Valid Loss= 2.10497, Test Loss= 2.24203, Test median  Loss= 0.64606, Best Test Loss= 2.24203
finish one epoch, time30365.19663286209

train mseloss : 2.106669004283967
lambda1 [-0.    0.    0.    0.04  0.07  0.14]
#19, Training Loss= 2.10868, Valid Loss= 2.10850, Valid median Loss= 0.63881, Best Valid Loss= 2.10497, Test Loss= 2.25348, Test median  Loss= 0.66144, Best Test Loss= 2.24203
finish one epoch, time31904.497424840927

train mseloss : 2.1062725041050907
lambda1 [-0.   -0.    0.01  0.04  0.07  0.15]
#20, Training Loss= 2.10574, Valid Loss= 2.12414, Valid median Loss= 0.63344, Best Valid Loss= 2.10497, Test Loss= 2.25027, Test median  Loss= 0.65016, Best Test Loss= 2.24203
finish one epoch, time33432.545644283295

train mseloss : 2.0974914036098298
lambda1 [-0.   -0.    0.01  0.04  0.08  0.15]
#21, Training Loss= 2.09564, Valid Loss= 2.10624, Valid median Loss= 0.60845, Best Valid Loss= 2.10497, Test Loss= 2.23948, Test median  Loss= 0.61968, Best Test Loss= 2.23948
finish one epoch, time34974.09695315361

train mseloss : 2.11711048021545
lambda1 [-0.    0.    0.01  0.04  0.08  0.15]
#22, Training Loss= 2.11961, Valid Loss= 2.09888, Valid median Loss= 0.61725, Best Valid Loss= 2.09888, Test Loss= 2.26268, Test median  Loss= 0.61880, Best Test Loss= 2.23948
finish one epoch, time36518.6892619133

train mseloss : 2.0998506788612255
lambda1 [-0.   -0.    0.01  0.04  0.08  0.15]
#23, Training Loss= 2.10121, Valid Loss= 2.10924, Valid median Loss= 0.64228, Best Valid Loss= 2.09888, Test Loss= 2.24109, Test median  Loss= 0.64562, Best Test Loss= 2.23948
finish one epoch, time38073.34188389778

train mseloss : 2.0955767932726377
lambda1 [-0.   -0.    0.01  0.04  0.08  0.16]
#24, Training Loss= 2.09388, Valid Loss= 2.10009, Valid median Loss= 0.59240, Best Valid Loss= 2.09888, Test Loss= 2.23945, Test median  Loss= 0.61158, Best Test Loss= 2.23945
finish one epoch, time39612.63909268379

train mseloss : 2.088121054151605
lambda1 [-0.   -0.    0.01  0.04  0.08  0.17]
#25, Training Loss= 2.08799, Valid Loss= 2.09557, Valid median Loss= 0.59030, Best Valid Loss= 2.09557, Test Loss= 2.23377, Test median  Loss= 0.60605, Best Test Loss= 2.23377
finish one epoch, time41148.416927814484

train mseloss : 2.0892859350133968
lambda1 [-0.   -0.    0.01  0.04  0.08  0.17]
#26, Training Loss= 2.09268, Valid Loss= 2.10263, Valid median Loss= 0.61972, Best Valid Loss= 2.09557, Test Loss= 2.22622, Test median  Loss= 0.63450, Best Test Loss= 2.22622
Finished!
----------------------------------------------------------------
Time: 42211.726759433746
Valid Loss: 2.095573
Test Loss: 2.22622
