os.environ: 1
1.14.0
ok
dataset information: nodes:451270, n_sequence:953, n_steps:14 
===================configuration===================
dropout prob :  0.001
l2 0.05
learning rate :  0.0005
emb_learning_rate :  0.0005
observation hour [7,19]
observation threshold :  6
prediction time :  86400
cascade length [10,1000]
model save at : ../model_save/deephawkes/dblp/
===================configuration===================
---------***---------
Number: 49473, Max: 13.127027043004599 and Min: 0.0 label Value in Train
NUmber: 10601, Max: 13.212192371908474 and Min: 0.0 label Value in Test
NUmber: 10602, Max: 12.366868586167092 and Min: 0.0 label Value in Valid
---------***---------
49473 10601 10602
Total_parameters:22588755
finish one epoch, time230.26491165161133

train mseloss : 6.687035232282137
lambda1 [0.18 0.14 0.11 0.1  0.06 0.07]
#0, Training Loss= 6.69900, Valid Loss= 6.95339, Valid median Loss= 3.12643, Best Valid Loss= 6.95339, Test Loss= 8.86450, Test median  Loss= 3.21679, Best Test Loss= 8.86450
finish one epoch, time787.7016317844391

train mseloss : 2.541191646193046
lambda1 [0.18 0.11 0.09 0.08 0.05 0.07]
#1, Training Loss= 2.53102, Valid Loss= 2.54275, Valid median Loss= 1.03297, Best Valid Loss= 2.54275, Test Loss= 2.93320, Test median  Loss= 1.04042, Best Test Loss= 2.93320
finish one epoch, time1410.573555469513

train mseloss : 2.339378938228528
lambda1 [0.14 0.07 0.07 0.07 0.06 0.08]
#2, Training Loss= 2.33318, Valid Loss= 2.33316, Valid median Loss= 0.95580, Best Valid Loss= 2.33316, Test Loss= 2.57872, Test median  Loss= 0.94748, Best Test Loss= 2.57872
finish one epoch, time2035.7592334747314

train mseloss : 2.2755904362254
lambda1 [0.1  0.05 0.06 0.07 0.07 0.09]
#3, Training Loss= 2.27377, Valid Loss= 2.26100, Valid median Loss= 0.91954, Best Valid Loss= 2.26100, Test Loss= 2.51584, Test median  Loss= 0.92080, Best Test Loss= 2.51584
finish one epoch, time2661.663647174835

train mseloss : 2.319936013178507
lambda1 [0.06 0.01 0.04 0.07 0.07 0.1 ]
#4, Training Loss= 2.31229, Valid Loss= 2.30404, Valid median Loss= 0.99906, Best Valid Loss= 2.26100, Test Loss= 2.44214, Test median  Loss= 0.99518, Best Test Loss= 2.44214
finish one epoch, time3287.1427471637726

train mseloss : 2.136733559361873
lambda1 [ 0.03 -0.01  0.03  0.06  0.08  0.11]
#5, Training Loss= 2.12707, Valid Loss= 2.12559, Valid median Loss= 0.85300, Best Valid Loss= 2.12559, Test Loss= 2.32074, Test median  Loss= 0.85008, Best Test Loss= 2.32074
finish one epoch, time3915.615492105484

train mseloss : 2.0438869783057556
lambda1 [ 0.01 -0.02  0.02  0.06  0.08  0.12]
#6, Training Loss= 2.04037, Valid Loss= 2.04006, Valid median Loss= 0.80958, Best Valid Loss= 2.04006, Test Loss= 2.24235, Test median  Loss= 0.80426, Best Test Loss= 2.24235
finish one epoch, time4550.312520265579

train mseloss : 1.9077266992699333
lambda1 [-0.   -0.03  0.01  0.06  0.09  0.13]
#7, Training Loss= 1.90476, Valid Loss= 1.90015, Valid median Loss= 0.78401, Best Valid Loss= 1.90015, Test Loss= 2.00349, Test median  Loss= 0.81092, Best Test Loss= 2.00349
finish one epoch, time5182.675753355026

train mseloss : 1.7908499197727676
lambda1 [-0.01 -0.04  0.01  0.05  0.1   0.15]
#8, Training Loss= 1.78906, Valid Loss= 1.78928, Valid median Loss= 0.75764, Best Valid Loss= 1.78928, Test Loss= 1.83909, Test median  Loss= 0.74572, Best Test Loss= 1.83909
finish one epoch, time5817.8308300971985

train mseloss : 1.6590883401520695
lambda1 [-0.01 -0.04 -0.    0.05  0.1   0.16]
#9, Training Loss= 1.65624, Valid Loss= 1.67101, Valid median Loss= 0.70599, Best Valid Loss= 1.67101, Test Loss= 1.69022, Test median  Loss= 0.69083, Best Test Loss= 1.69022
finish one epoch, time6453.428559303284

train mseloss : 1.615183638718498
lambda1 [-0.01 -0.04 -0.    0.05  0.1   0.17]
#10, Training Loss= 1.61397, Valid Loss= 1.62567, Valid median Loss= 0.69588, Best Valid Loss= 1.62567, Test Loss= 1.65774, Test median  Loss= 0.67607, Best Test Loss= 1.65774
finish one epoch, time7085.798598051071

train mseloss : 1.5911659913137857
lambda1 [ 0.   -0.03 -0.    0.04  0.1   0.18]
#11, Training Loss= 1.59281, Valid Loss= 1.60782, Valid median Loss= 0.69496, Best Valid Loss= 1.60782, Test Loss= 1.62538, Test median  Loss= 0.66458, Best Test Loss= 1.62538
finish one epoch, time7721.197307348251

train mseloss : 1.5948032752529941
lambda1 [ 0.   -0.03 -0.    0.04  0.1   0.18]
#12, Training Loss= 1.59462, Valid Loss= 1.60767, Valid median Loss= 0.69655, Best Valid Loss= 1.60767, Test Loss= 1.63958, Test median  Loss= 0.65894, Best Test Loss= 1.62538
finish one epoch, time8357.136858463287

train mseloss : 1.5662936333569804
lambda1 [ 0.01 -0.03  0.    0.04  0.1   0.18]
#13, Training Loss= 1.56496, Valid Loss= 1.57746, Valid median Loss= 0.68077, Best Valid Loss= 1.57746, Test Loss= 1.60064, Test median  Loss= 0.65480, Best Test Loss= 1.60064
finish one epoch, time8987.970393419266

train mseloss : 1.5682950688928057
lambda1 [ 0.01 -0.03 -0.    0.04  0.11  0.19]
#14, Training Loss= 1.56553, Valid Loss= 1.58655, Valid median Loss= 0.68425, Best Valid Loss= 1.57746, Test Loss= 1.59618, Test median  Loss= 0.66464, Best Test Loss= 1.59618
finish one epoch, time9619.96419453621

train mseloss : 1.5489510278003709
lambda1 [ 0.01 -0.02  0.    0.04  0.11  0.19]
#15, Training Loss= 1.54931, Valid Loss= 1.56190, Valid median Loss= 0.67196, Best Valid Loss= 1.56190, Test Loss= 1.58561, Test median  Loss= 0.63666, Best Test Loss= 1.58561
finish one epoch, time10254.442219018936

train mseloss : 1.5495592467852954
lambda1 [ 0.01 -0.02  0.    0.05  0.11  0.19]
#16, Training Loss= 1.54865, Valid Loss= 1.56614, Valid median Loss= 0.67352, Best Valid Loss= 1.56190, Test Loss= 1.57945, Test median  Loss= 0.65338, Best Test Loss= 1.57945
finish one epoch, time10883.333909749985

train mseloss : 1.5499172266327057
lambda1 [ 0.01 -0.02  0.    0.04  0.11  0.19]
#17, Training Loss= 1.54886, Valid Loss= 1.56463, Valid median Loss= 0.67013, Best Valid Loss= 1.56190, Test Loss= 1.58087, Test median  Loss= 0.63726, Best Test Loss= 1.57945
finish one epoch, time11507.404241800308

train mseloss : 1.5562028943793194
lambda1 [ 0.01 -0.02  0.01  0.04  0.11  0.19]
#18, Training Loss= 1.55744, Valid Loss= 1.57448, Valid median Loss= 0.68029, Best Valid Loss= 1.56190, Test Loss= 1.58666, Test median  Loss= 0.65628, Best Test Loss= 1.57945
finish one epoch, time12128.415689706802

train mseloss : 1.5381559012720074
lambda1 [ 0.01 -0.02  0.01  0.04  0.11  0.19]
#19, Training Loss= 1.53657, Valid Loss= 1.54882, Valid median Loss= 0.66259, Best Valid Loss= 1.54882, Test Loss= 1.57016, Test median  Loss= 0.63484, Best Test Loss= 1.57016
finish one epoch, time12760.41280412674

train mseloss : 1.5435357019709082
lambda1 [ 0.01 -0.02  0.    0.05  0.11  0.19]
#20, Training Loss= 1.54214, Valid Loss= 1.56211, Valid median Loss= 0.66988, Best Valid Loss= 1.54882, Test Loss= 1.57461, Test median  Loss= 0.63938, Best Test Loss= 1.57016
finish one epoch, time13398.06730890274

train mseloss : 1.5356883379816992
lambda1 [ 0.01 -0.02  0.01  0.04  0.11  0.19]
#21, Training Loss= 1.53645, Valid Loss= 1.55234, Valid median Loss= 0.67073, Best Valid Loss= 1.54882, Test Loss= 1.56973, Test median  Loss= 0.63126, Best Test Loss= 1.56973
finish one epoch, time14038.203543901443

train mseloss : 1.5323395476240482
lambda1 [ 0.01 -0.02  0.01  0.04  0.11  0.19]
#22, Training Loss= 1.53345, Valid Loss= 1.55350, Valid median Loss= 0.66433, Best Valid Loss= 1.54882, Test Loss= 1.56680, Test median  Loss= 0.63453, Best Test Loss= 1.56680
finish one epoch, time14676.6844997406

train mseloss : 1.599650007833766
lambda1 [ 0.01 -0.02  0.    0.04  0.11  0.19]
#23, Training Loss= 1.59977, Valid Loss= 1.61866, Valid median Loss= 0.68286, Best Valid Loss= 1.54882, Test Loss= 1.63477, Test median  Loss= 0.66776, Best Test Loss= 1.56680
finish one epoch, time15312.009909629822

train mseloss : 1.5349732330677848
lambda1 [ 0.01 -0.02  0.01  0.05  0.11  0.19]
#24, Training Loss= 1.53463, Valid Loss= 1.55692, Valid median Loss= 0.66222, Best Valid Loss= 1.54882, Test Loss= 1.56342, Test median  Loss= 0.63597, Best Test Loss= 1.56342
Finished!
----------------------------------------------------------------
Time: 15907.22536277771
Valid Loss: 1.5488173
Test Loss: 1.563417
