os.environ: 1
1.14.0
ok
dataset information: nodes:538916, n_sequence:947, n_steps:16 
===================configuration===================
dropout prob :  0.001
l2 0.05
learning rate :  0.0005
emb_learning_rate :  0.0005
observation hour [7,19]
observation threshold :  7
prediction time :  86400
cascade length [10,1000]
model save at : ../model_save/deephawkes/dblp/
===================configuration===================
---------***---------
Number: 57976, Max: 13.17508167482833 and Min: 0.0 label Value in Train
NUmber: 12423, Max: 12.414156679274141 and Min: 0.0 label Value in Test
NUmber: 12424, Max: 12.301781962051106 and Min: 0.0 label Value in Valid
---------***---------
57976 12423 12424
Total_parameters:26971056
finish one epoch, time304.0270390510559

train mseloss : 4.452457768676124
lambda1 [0.19 0.14 0.11 0.09 0.05 0.06 0.06]
#0, Training Loss= 4.46937, Valid Loss= 4.07546, Valid median Loss= 1.66895, Best Valid Loss= 4.07546, Test Loss= 4.51397, Test median  Loss= 1.70880, Best Test Loss= 4.51397
finish one epoch, time1038.31387925148

train mseloss : 2.4980831855500276
lambda1 [0.15 0.09 0.07 0.07 0.05 0.06 0.07]
#1, Training Loss= 2.49546, Valid Loss= 2.39460, Valid median Loss= 0.99426, Best Valid Loss= 2.39460, Test Loss= 2.44153, Test median  Loss= 0.99030, Best Test Loss= 2.44153
finish one epoch, time1856.6019926071167

train mseloss : 2.362582138482466
lambda1 [0.1  0.04 0.05 0.06 0.05 0.07 0.08]
#2, Training Loss= 2.35695, Valid Loss= 2.29904, Valid median Loss= 0.98177, Best Valid Loss= 2.29904, Test Loss= 2.32969, Test median  Loss= 0.98948, Best Test Loss= 2.32969
finish one epoch, time2676.8896718025208

train mseloss : 2.290949052519154
lambda1 [0.06 0.   0.02 0.05 0.05 0.08 0.1 ]
#3, Training Loss= 2.29583, Valid Loss= 2.22921, Valid median Loss= 0.93794, Best Valid Loss= 2.22921, Test Loss= 2.25911, Test median  Loss= 0.95053, Best Test Loss= 2.25911
finish one epoch, time3499.995940685272

train mseloss : 2.249728589296346
lambda1 [ 0.03 -0.02  0.    0.03  0.05  0.08  0.1 ]
#4, Training Loss= 2.24463, Valid Loss= 2.19540, Valid median Loss= 0.93598, Best Valid Loss= 2.19540, Test Loss= 2.21517, Test median  Loss= 0.93982, Best Test Loss= 2.21517
finish one epoch, time4326.757114887238

train mseloss : 2.1908454521954135
lambda1 [ 0.02 -0.03 -0.01  0.03  0.05  0.08  0.11]
#5, Training Loss= 2.19040, Valid Loss= 2.14162, Valid median Loss= 0.88875, Best Valid Loss= 2.14162, Test Loss= 2.15399, Test median  Loss= 0.90592, Best Test Loss= 2.15399
finish one epoch, time5170.808233499527

train mseloss : 1.8179797712610632
lambda1 [-0.   -0.03 -0.01  0.02  0.04  0.08  0.11]
#6, Training Loss= 1.81461, Valid Loss= 1.77979, Valid median Loss= 0.70704, Best Valid Loss= 1.77979, Test Loss= 1.77595, Test median  Loss= 0.69857, Best Test Loss= 1.77595
finish one epoch, time6018.7156348228455

train mseloss : 1.6202547162794343
lambda1 [-0.01 -0.02 -0.01  0.01  0.04  0.08  0.12]
#7, Training Loss= 1.62325, Valid Loss= 1.57812, Valid median Loss= 0.65209, Best Valid Loss= 1.57812, Test Loss= 1.58542, Test median  Loss= 0.64808, Best Test Loss= 1.58542
finish one epoch, time6859.266210317612

train mseloss : 1.5660864773186514
lambda1 [ 0.   -0.02 -0.01  0.01  0.04  0.07  0.12]
#8, Training Loss= 1.56731, Valid Loss= 1.52184, Valid median Loss= 0.64627, Best Valid Loss= 1.52184, Test Loss= 1.53466, Test median  Loss= 0.64937, Best Test Loss= 1.53466
finish one epoch, time7714.150606393814

train mseloss : 1.5441304099426716
lambda1 [ 0.   -0.02 -0.01  0.01  0.04  0.07  0.12]
#9, Training Loss= 1.54392, Valid Loss= 1.50256, Valid median Loss= 0.63115, Best Valid Loss= 1.50256, Test Loss= 1.50675, Test median  Loss= 0.63141, Best Test Loss= 1.50675
finish one epoch, time8568.749069213867

train mseloss : 1.5365557960692884
lambda1 [ 0.01 -0.02 -0.01  0.01  0.04  0.08  0.12]
#10, Training Loss= 1.53670, Valid Loss= 1.49876, Valid median Loss= 0.63782, Best Valid Loss= 1.49876, Test Loss= 1.50191, Test median  Loss= 0.63845, Best Test Loss= 1.50191
finish one epoch, time9423.192991495132

train mseloss : 1.5312935181655878
lambda1 [ 0.   -0.02 -0.01  0.01  0.04  0.08  0.12]
#11, Training Loss= 1.53178, Valid Loss= 1.49078, Valid median Loss= 0.62611, Best Valid Loss= 1.49078, Test Loss= 1.49424, Test median  Loss= 0.62814, Best Test Loss= 1.49424
finish one epoch, time10283.221424102783

train mseloss : 1.5282183256133413
lambda1 [ 0.01 -0.02 -0.    0.01  0.04  0.08  0.12]
#12, Training Loss= 1.52952, Valid Loss= 1.48914, Valid median Loss= 0.62921, Best Valid Loss= 1.48914, Test Loss= 1.49308, Test median  Loss= 0.63346, Best Test Loss= 1.49308
finish one epoch, time11146.888642787933

train mseloss : 1.5196126966673793
lambda1 [ 0.01 -0.02 -0.    0.01  0.04  0.08  0.13]
#13, Training Loss= 1.52029, Valid Loss= 1.48461, Valid median Loss= 0.62857, Best Valid Loss= 1.48461, Test Loss= 1.48651, Test median  Loss= 0.62516, Best Test Loss= 1.48651
finish one epoch, time11995.52007985115

train mseloss : 1.521199133103564
lambda1 [ 0.01 -0.01 -0.    0.01  0.04  0.08  0.13]
#14, Training Loss= 1.52011, Valid Loss= 1.48374, Valid median Loss= 0.62615, Best Valid Loss= 1.48374, Test Loss= 1.48706, Test median  Loss= 0.62299, Best Test Loss= 1.48651
finish one epoch, time12851.748709917068

train mseloss : 1.5097199836958914
lambda1 [ 0.01 -0.02 -0.    0.01  0.04  0.08  0.13]
#15, Training Loss= 1.50964, Valid Loss= 1.46963, Valid median Loss= 0.62337, Best Valid Loss= 1.46963, Test Loss= 1.47549, Test median  Loss= 0.63184, Best Test Loss= 1.47549
finish one epoch, time13707.698073625565

train mseloss : 1.5116773496930735
lambda1 [ 0.01 -0.01 -0.    0.01  0.04  0.08  0.13]
#16, Training Loss= 1.51145, Valid Loss= 1.47247, Valid median Loss= 0.62176, Best Valid Loss= 1.46963, Test Loss= 1.47784, Test median  Loss= 0.62932, Best Test Loss= 1.47549
finish one epoch, time14559.026055812836

train mseloss : 1.5047941540534089
lambda1 [ 0.01 -0.01 -0.    0.02  0.04  0.08  0.13]
#17, Training Loss= 1.50419, Valid Loss= 1.47074, Valid median Loss= 0.62036, Best Valid Loss= 1.46963, Test Loss= 1.46616, Test median  Loss= 0.62418, Best Test Loss= 1.46616
finish one epoch, time15404.433714866638

train mseloss : 1.5031478193179217
lambda1 [ 0.01 -0.02 -0.    0.01  0.04  0.08  0.13]
#18, Training Loss= 1.50347, Valid Loss= 1.46611, Valid median Loss= 0.61718, Best Valid Loss= 1.46611, Test Loss= 1.46860, Test median  Loss= 0.61600, Best Test Loss= 1.46616
finish one epoch, time16247.28994011879

train mseloss : 1.5024745664219916
lambda1 [ 0.   -0.02 -0.    0.02  0.04  0.08  0.13]
#19, Training Loss= 1.50367, Valid Loss= 1.46969, Valid median Loss= 0.62568, Best Valid Loss= 1.46611, Test Loss= 1.46607, Test median  Loss= 0.61933, Best Test Loss= 1.46607
finish one epoch, time17092.673727035522

train mseloss : 1.5010923824595852
lambda1 [ 0.01 -0.02 -0.01  0.02  0.05  0.08  0.13]
#20, Training Loss= 1.50200, Valid Loss= 1.46108, Valid median Loss= 0.62481, Best Valid Loss= 1.46108, Test Loss= 1.46836, Test median  Loss= 0.63236, Best Test Loss= 1.46607
finish one epoch, time17939.0014398098

train mseloss : 1.527287831054069
lambda1 [ 0.01 -0.01 -0.    0.02  0.04  0.08  0.13]
#21, Training Loss= 1.52763, Valid Loss= 1.50122, Valid median Loss= 0.63864, Best Valid Loss= 1.46108, Test Loss= 1.49415, Test median  Loss= 0.62567, Best Test Loss= 1.46607
Finished!
----------------------------------------------------------------
Time: 18435.391988754272
Valid Loss: 1.4610753
Test Loss: 1.4660655
