os.environ: 1
1.14.0
ok
dataset information: nodes:626741, n_sequence:994, n_steps:18 
===================configuration===================
dropout prob :  0.001
l2 0.05
learning rate :  0.0005
emb_learning_rate :  0.0005
observation hour [7,19]
observation threshold :  8
prediction time :  86400
cascade length [10,1000]
model save at : ../model_save/deephawkes/dblp/
===================configuration===================
---------***---------
Number: 65024, Max: 12.574120435009748 and Min: 0.0 label Value in Train
NUmber: 13934, Max: 11.770250927394864 and Min: 0.0 label Value in Test
NUmber: 13934, Max: 12.282798858683533 and Min: 0.0 label Value in Valid
---------***---------
65024 13934 13934
Total_parameters:31362307
finish one epoch, time385.43934082984924

train mseloss : 3.4334653182679746
lambda1 [0.19 0.13 0.1  0.09 0.04 0.05 0.05 0.05]
#0, Training Loss= 3.46084, Valid Loss= 3.42979, Valid median Loss= 1.47641, Best Valid Loss= 3.42979, Test Loss= 3.47733, Test median  Loss= 1.51323, Best Test Loss= 3.47733
finish one epoch, time1309.1336500644684

train mseloss : 2.4326633114073957
lambda1 [0.13 0.06 0.06 0.06 0.04 0.06 0.06 0.07]
#1, Training Loss= 2.42971, Valid Loss= 2.45571, Valid median Loss= 1.07943, Best Valid Loss= 2.45571, Test Loss= 2.47558, Test median  Loss= 1.10405, Best Test Loss= 2.47558
finish one epoch, time2349.3027992248535

train mseloss : 2.2415140972336265
lambda1 [0.08 0.   0.02 0.04 0.04 0.06 0.07 0.09]
#2, Training Loss= 2.23929, Valid Loss= 2.28469, Valid median Loss= 1.01051, Best Valid Loss= 2.28469, Test Loss= 2.26239, Test median  Loss= 1.02189, Best Test Loss= 2.26239
finish one epoch, time3397.671860218048

train mseloss : 1.7231328159399895
lambda1 [ 0.   -0.03 -0.02  0.01  0.02  0.05  0.07  0.1 ]
#3, Training Loss= 1.72618, Valid Loss= 1.74653, Valid median Loss= 0.72687, Best Valid Loss= 1.74653, Test Loss= 1.74635, Test median  Loss= 0.75642, Best Test Loss= 1.74635
finish one epoch, time4447.054918766022

train mseloss : 1.5330017262138187
lambda1 [ 0.   -0.02 -0.01  0.    0.02  0.04  0.07  0.11]
#4, Training Loss= 1.53089, Valid Loss= 1.54437, Valid median Loss= 0.64531, Best Valid Loss= 1.54437, Test Loss= 1.57140, Test median  Loss= 0.66014, Best Test Loss= 1.57140
finish one epoch, time5503.530376195908

train mseloss : 1.4918270250527315
lambda1 [ 0.   -0.02 -0.01 -0.    0.02  0.04  0.07  0.11]
#5, Training Loss= 1.48961, Valid Loss= 1.49003, Valid median Loss= 0.61891, Best Valid Loss= 1.49003, Test Loss= 1.52556, Test median  Loss= 0.63675, Best Test Loss= 1.52556
finish one epoch, time6570.406911373138

train mseloss : 1.4864961551487383
lambda1 [ 0.01 -0.01 -0.01  0.01  0.02  0.04  0.07  0.11]
#6, Training Loss= 1.48752, Valid Loss= 1.48081, Valid median Loss= 0.62601, Best Valid Loss= 1.48081, Test Loss= 1.52549, Test median  Loss= 0.63946, Best Test Loss= 1.52549
finish one epoch, time7606.980637311935

train mseloss : 1.4729966534057672
lambda1 [ 0.01 -0.01 -0.01  0.    0.02  0.04  0.06  0.11]
#7, Training Loss= 1.47288, Valid Loss= 1.47526, Valid median Loss= 0.61211, Best Valid Loss= 1.47526, Test Loss= 1.51425, Test median  Loss= 0.64387, Best Test Loss= 1.51425
finish one epoch, time8639.719079971313

train mseloss : 1.464372029767711
lambda1 [ 0.01 -0.01 -0.01  0.    0.02  0.04  0.06  0.11]
#8, Training Loss= 1.46456, Valid Loss= 1.46174, Valid median Loss= 0.61154, Best Valid Loss= 1.46174, Test Loss= 1.51016, Test median  Loss= 0.63246, Best Test Loss= 1.51016
finish one epoch, time9672.164692163467

train mseloss : 1.463343031716148
lambda1 [ 0.01 -0.02 -0.01  0.    0.02  0.04  0.06  0.11]
#9, Training Loss= 1.46198, Valid Loss= 1.45946, Valid median Loss= 0.61426, Best Valid Loss= 1.45946, Test Loss= 1.50668, Test median  Loss= 0.63301, Best Test Loss= 1.50668
finish one epoch, time10705.400150299072

train mseloss : 1.4564157698214342
lambda1 [ 0.01 -0.01 -0.01  0.01  0.02  0.04  0.06  0.11]
#10, Training Loss= 1.45768, Valid Loss= 1.45494, Valid median Loss= 0.60855, Best Valid Loss= 1.45494, Test Loss= 1.50485, Test median  Loss= 0.63350, Best Test Loss= 1.50485
finish one epoch, time11735.275930404663

train mseloss : 1.4720494207338872
lambda1 [ 0.01 -0.01 -0.01  0.    0.02  0.04  0.07  0.11]
#11, Training Loss= 1.47042, Valid Loss= 1.47086, Valid median Loss= 0.62392, Best Valid Loss= 1.45494, Test Loss= 1.51871, Test median  Loss= 0.64172, Best Test Loss= 1.50485
finish one epoch, time12758.16678929329

train mseloss : 1.4555312120900687
lambda1 [ 0.01 -0.01 -0.01  0.    0.02  0.04  0.07  0.1 ]
#12, Training Loss= 1.45602, Valid Loss= 1.45529, Valid median Loss= 0.61129, Best Valid Loss= 1.45494, Test Loss= 1.50009, Test median  Loss= 0.62282, Best Test Loss= 1.50009
finish one epoch, time13793.127029657364

train mseloss : 1.4656512197304001
lambda1 [ 0.   -0.01 -0.01  0.    0.02  0.04  0.07  0.1 ]
#13, Training Loss= 1.46308, Valid Loss= 1.46694, Valid median Loss= 0.62676, Best Valid Loss= 1.45494, Test Loss= 1.50845, Test median  Loss= 0.64165, Best Test Loss= 1.50009
finish one epoch, time14896.931218624115

train mseloss : 1.456336709131355
lambda1 [ 0.01 -0.01 -0.01  0.    0.02  0.04  0.06  0.1 ]
#14, Training Loss= 1.45743, Valid Loss= 1.45356, Valid median Loss= 0.61778, Best Valid Loss= 1.45356, Test Loss= 1.50012, Test median  Loss= 0.62655, Best Test Loss= 1.50009
finish one epoch, time15995.337369441986

train mseloss : 1.458736872938235
lambda1 [ 0.01 -0.02 -0.    0.    0.02  0.04  0.06  0.1 ]
#15, Training Loss= 1.45714, Valid Loss= 1.45671, Valid median Loss= 0.61987, Best Valid Loss= 1.45356, Test Loss= 1.50560, Test median  Loss= 0.63144, Best Test Loss= 1.50009
finish one epoch, time17082.844237565994

train mseloss : 1.4500525930309944
lambda1 [ 0.01 -0.01 -0.    0.    0.02  0.04  0.06  0.1 ]
#16, Training Loss= 1.44874, Valid Loss= 1.45182, Valid median Loss= 0.61569, Best Valid Loss= 1.45182, Test Loss= 1.48299, Test median  Loss= 0.62992, Best Test Loss= 1.48299
finish one epoch, time18132.258967638016

train mseloss : 1.4471515556171
lambda1 [ 0.01 -0.01 -0.    0.    0.02  0.04  0.06  0.1 ]
#17, Training Loss= 1.44691, Valid Loss= 1.44432, Valid median Loss= 0.60867, Best Valid Loss= 1.44432, Test Loss= 1.48549, Test median  Loss= 0.62335, Best Test Loss= 1.48299
finish one epoch, time19181.200874328613

train mseloss : 1.443639024999641
lambda1 [ 0.01 -0.01 -0.01  0.    0.02  0.04  0.06  0.1 ]
#18, Training Loss= 1.44462, Valid Loss= 1.44438, Valid median Loss= 0.60545, Best Valid Loss= 1.44432, Test Loss= 1.49003, Test median  Loss= 0.62514, Best Test Loss= 1.48299
Finished!
----------------------------------------------------------------
Time: 20089.03852891922
Valid Loss: 1.4443222
Test Loss: 1.4829926
