os.environ: 0
1.14.0
ok
dataset information: nodes:152907, n_sequence:120, n_steps:16 
===================configuration===================
dropout prob :  0.001
l2 0.05
learning rate :  0.0005
emb_learning_rate :  0.0005
observation hour [7,19]
observation threshold :  2160
prediction time :  86400
cascade length [10,100]
model save at : ../model_save/deephawkes/citation/
===================configuration===================
---------***---------
Number: 23394, Max: 9.642051692927977 and Min: 0.0 label Value in Train
NUmber: 5013, Max: 9.515699838284043 and Min: 0.0 label Value in Test
NUmber: 5014, Max: 8.988684686772165 and Min: 0.0 label Value in Valid
---------***---------
23394 5013 5014
Total_parameters:7670605
finish one epoch, time115.28749203681946

train mseloss : 4.045835549753161
lambda1 [0.08 0.06 0.06 0.07 0.06 0.09]
#0, Training Loss= 4.04422, Valid Loss= 3.93872, Valid median Loss= 2.09342, Best Valid Loss= 3.93872, Test Loss= 3.96233, Test median  Loss= 2.02819, Best Test Loss= 3.96233
finish one epoch, time390.1694333553314

train mseloss : 2.378671627909075
lambda1 [0.04 0.03 0.05 0.07 0.07 0.1 ]
#1, Training Loss= 2.37823, Valid Loss= 2.28597, Valid median Loss= 1.06825, Best Valid Loss= 2.28597, Test Loss= 2.32994, Test median  Loss= 1.11927, Best Test Loss= 2.32994
finish one epoch, time688.2014617919922

train mseloss : 1.71248493000493
lambda1 [-0.    0.01  0.04  0.07  0.08  0.12]
#2, Training Loss= 1.70218, Valid Loss= 1.62424, Valid median Loss= 0.76273, Best Valid Loss= 1.62424, Test Loss= 1.67569, Test median  Loss= 0.78129, Best Test Loss= 1.67569
finish one epoch, time988.524894952774

train mseloss : 1.623569365312086
lambda1 [-0.02 -0.    0.03  0.06  0.08  0.12]
#3, Training Loss= 1.61959, Valid Loss= 1.56754, Valid median Loss= 0.70500, Best Valid Loss= 1.56754, Test Loss= 1.59377, Test median  Loss= 0.71291, Best Test Loss= 1.59377
finish one epoch, time1303.6824080944061

train mseloss : 1.5745188113860815
lambda1 [-0.03 -0.    0.02  0.05  0.08  0.12]
#4, Training Loss= 1.57324, Valid Loss= 1.52015, Valid median Loss= 0.68191, Best Valid Loss= 1.52015, Test Loss= 1.54429, Test median  Loss= 0.70553, Best Test Loss= 1.54429
finish one epoch, time1653.2480092048645

train mseloss : 1.5399135722274473
lambda1 [-0.03 -0.    0.02  0.05  0.08  0.12]
#5, Training Loss= 1.53924, Valid Loss= 1.47999, Valid median Loss= 0.65956, Best Valid Loss= 1.47999, Test Loss= 1.52870, Test median  Loss= 0.67942, Best Test Loss= 1.52870
finish one epoch, time1991.4696033000946

train mseloss : 1.504401004453173
lambda1 [-0.03 -0.    0.02  0.04  0.08  0.12]
#6, Training Loss= 1.50649, Valid Loss= 1.45777, Valid median Loss= 0.66310, Best Valid Loss= 1.45777, Test Loss= 1.48627, Test median  Loss= 0.68877, Best Test Loss= 1.48627
finish one epoch, time2347.1917657852173

train mseloss : 1.4824419432461964
lambda1 [-0.02 -0.    0.02  0.04  0.08  0.12]
#7, Training Loss= 1.48323, Valid Loss= 1.42483, Valid median Loss= 0.63749, Best Valid Loss= 1.42483, Test Loss= 1.46612, Test median  Loss= 0.65869, Best Test Loss= 1.46612
finish one epoch, time2683.2594673633575

train mseloss : 1.4665339571707068
lambda1 [-0.02 -0.    0.02  0.04  0.08  0.12]
#8, Training Loss= 1.46668, Valid Loss= 1.40925, Valid median Loss= 0.63509, Best Valid Loss= 1.40925, Test Loss= 1.44753, Test median  Loss= 0.67492, Best Test Loss= 1.44753
finish one epoch, time3040.2941002845764

train mseloss : 1.4642578098947618
lambda1 [-0.02  0.    0.02  0.04  0.08  0.12]
#9, Training Loss= 1.46391, Valid Loss= 1.42186, Valid median Loss= 0.63710, Best Valid Loss= 1.40925, Test Loss= 1.44641, Test median  Loss= 0.66889, Best Test Loss= 1.44641
finish one epoch, time3386.820433139801

train mseloss : 1.4492143683680045
lambda1 [-0.02 -0.    0.02  0.04  0.08  0.12]
#10, Training Loss= 1.45053, Valid Loss= 1.40798, Valid median Loss= 0.62950, Best Valid Loss= 1.40798, Test Loss= 1.43781, Test median  Loss= 0.67412, Best Test Loss= 1.43781
finish one epoch, time3734.9175951480865

train mseloss : 1.445819809454053
lambda1 [-0.02  0.    0.02  0.04  0.08  0.12]
#11, Training Loss= 1.44339, Valid Loss= 1.39679, Valid median Loss= 0.61255, Best Valid Loss= 1.39679, Test Loss= 1.42698, Test median  Loss= 0.64273, Best Test Loss= 1.42698
finish one epoch, time4090.4437770843506

train mseloss : 1.4309225967270311
lambda1 [-0.02 -0.    0.02  0.04  0.08  0.12]
#12, Training Loss= 1.43252, Valid Loss= 1.39670, Valid median Loss= 0.62923, Best Valid Loss= 1.39670, Test Loss= 1.42262, Test median  Loss= 0.64822, Best Test Loss= 1.42262
finish one epoch, time4438.921229124069

train mseloss : 1.432032911664847
lambda1 [-0.01  0.    0.02  0.04  0.07  0.12]
#13, Training Loss= 1.43178, Valid Loss= 1.38911, Valid median Loss= 0.61224, Best Valid Loss= 1.38911, Test Loss= 1.41689, Test median  Loss= 0.66154, Best Test Loss= 1.41689
finish one epoch, time4794.25560593605

train mseloss : 1.4335033255959568
lambda1 [-0.02 -0.    0.02  0.04  0.07  0.12]
#14, Training Loss= 1.43321, Valid Loss= 1.38890, Valid median Loss= 0.62985, Best Valid Loss= 1.38890, Test Loss= 1.41902, Test median  Loss= 0.64781, Best Test Loss= 1.41689
finish one epoch, time5144.444225549698

train mseloss : 1.4385970719728234
lambda1 [-1.59e-02 -3.99e-05  1.93e-02  4.30e-02  7.31e-02  1.17e-01]
#15, Training Loss= 1.43748, Valid Loss= 1.39545, Valid median Loss= 0.62183, Best Valid Loss= 1.38890, Test Loss= 1.42514, Test median  Loss= 0.67130, Best Test Loss= 1.41689
finish one epoch, time5498.6132090091705

train mseloss : 1.4265264546147391
lambda1 [-0.02  0.    0.02  0.04  0.07  0.12]
#16, Training Loss= 1.42730, Valid Loss= 1.37941, Valid median Loss= 0.61047, Best Valid Loss= 1.37941, Test Loss= 1.41312, Test median  Loss= 0.64573, Best Test Loss= 1.41312
finish one epoch, time5847.687858819962

train mseloss : 1.4261744149699656
lambda1 [-0.01 -0.    0.02  0.04  0.07  0.12]
#17, Training Loss= 1.42428, Valid Loss= 1.37993, Valid median Loss= 0.61164, Best Valid Loss= 1.37941, Test Loss= 1.41382, Test median  Loss= 0.64580, Best Test Loss= 1.41312
finish one epoch, time6214.874329566956

train mseloss : 1.4193575712305921
lambda1 [-0.02 -0.    0.02  0.04  0.07  0.12]
#18, Training Loss= 1.42242, Valid Loss= 1.37326, Valid median Loss= 0.61331, Best Valid Loss= 1.37326, Test Loss= 1.41273, Test median  Loss= 0.64145, Best Test Loss= 1.41273
finish one epoch, time6560.240687847137

train mseloss : 1.427009975351629
lambda1 [-0.01  0.    0.02  0.04  0.07  0.12]
#19, Training Loss= 1.42692, Valid Loss= 1.38732, Valid median Loss= 0.61596, Best Valid Loss= 1.37326, Test Loss= 1.41411, Test median  Loss= 0.64407, Best Test Loss= 1.41273
finish one epoch, time6925.562356710434

train mseloss : 1.4208301713096296
lambda1 [-0.02 -0.    0.02  0.04  0.07  0.12]
#20, Training Loss= 1.41794, Valid Loss= 1.37861, Valid median Loss= 0.60401, Best Valid Loss= 1.37326, Test Loss= 1.40085, Test median  Loss= 0.64324, Best Test Loss= 1.40085
finish one epoch, time7282.797452926636

train mseloss : 1.4217512920964737
lambda1 [-0.01 -0.    0.02  0.04  0.07  0.12]
#21, Training Loss= 1.42124, Valid Loss= 1.37371, Valid median Loss= 0.60580, Best Valid Loss= 1.37326, Test Loss= 1.40390, Test median  Loss= 0.64579, Best Test Loss= 1.40085
finish one epoch, time7641.720864772797

train mseloss : 1.420028101159584
lambda1 [-0.01  0.    0.02  0.04  0.07  0.11]
#22, Training Loss= 1.42150, Valid Loss= 1.37427, Valid median Loss= 0.60896, Best Valid Loss= 1.37326, Test Loss= 1.40180, Test median  Loss= 0.64008, Best Test Loss= 1.40085
finish one epoch, time7999.247264862061

train mseloss : 1.4209686847523137
lambda1 [-0.01  0.    0.02  0.04  0.07  0.11]
#23, Training Loss= 1.41883, Valid Loss= 1.38336, Valid median Loss= 0.61518, Best Valid Loss= 1.37326, Test Loss= 1.40751, Test median  Loss= 0.63888, Best Test Loss= 1.40085
finish one epoch, time8361.33160996437

train mseloss : 1.4240588751293324
lambda1 [-0.02  0.    0.02  0.04  0.07  0.11]
#24, Training Loss= 1.42359, Valid Loss= 1.38417, Valid median Loss= 0.61003, Best Valid Loss= 1.37326, Test Loss= 1.40938, Test median  Loss= 0.64601, Best Test Loss= 1.40085
finish one epoch, time8710.763801336288

train mseloss : 1.4239646427268022
lambda1 [-0.01  0.    0.02  0.04  0.07  0.11]
#25, Training Loss= 1.42346, Valid Loss= 1.38888, Valid median Loss= 0.63119, Best Valid Loss= 1.37326, Test Loss= 1.41680, Test median  Loss= 0.65226, Best Test Loss= 1.40085
finish one epoch, time9068.162492275238

train mseloss : 1.4530221191172614
lambda1 [-0.02 -0.    0.02  0.04  0.07  0.11]
#26, Training Loss= 1.45232, Valid Loss= 1.42151, Valid median Loss= 0.62870, Best Valid Loss= 1.37326, Test Loss= 1.44473, Test median  Loss= 0.67388, Best Test Loss= 1.40085
Finished!
----------------------------------------------------------------
Time: 9298.818566083908
Valid Loss: 1.3732556
Test Loss: 1.4008545
