os.environ: 0
1.14.0
ok
dataset information: nodes:166371, n_sequence:120, n_steps:15 
===================configuration===================
dropout prob :  0.001
l2 0.05
learning rate :  0.0005
emb_learning_rate :  0.0005
observation hour [7,19]
observation threshold :  2520
prediction time :  86400
cascade length [10,100]
model save at : ../model_save/deephawkes/citation/
===================configuration===================
---------***---------
Number: 25941, Max: 9.634811050171718 and Min: 0.0 label Value in Train
NUmber: 5559, Max: 8.459431618637296 and Min: 0.0 label Value in Test
NUmber: 5559, Max: 8.717676423066395 and Min: 0.0 label Value in Valid
---------***---------
25941 5559 5559
Total_parameters:8343805
finish one epoch, time124.0942816734314

train mseloss : 3.065687153744642
lambda1 [0.07 0.05 0.06 0.08 0.06 0.09]
#0, Training Loss= 3.08157, Valid Loss= 3.11431, Valid median Loss= 1.56786, Best Valid Loss= 3.11431, Test Loss= 3.02938, Test median  Loss= 1.54236, Best Test Loss= 3.02938
finish one epoch, time433.9350366592407

train mseloss : 1.7316478312543686
lambda1 [0.01 0.02 0.04 0.07 0.08 0.12]
#1, Training Loss= 1.73784, Valid Loss= 1.75027, Valid median Loss= 0.83689, Best Valid Loss= 1.75027, Test Loss= 1.71710, Test median  Loss= 0.80448, Best Test Loss= 1.71710
finish one epoch, time769.5334367752075

train mseloss : 1.5605225213128184
lambda1 [-0.02  0.    0.03  0.06  0.08  0.13]
#2, Training Loss= 1.55527, Valid Loss= 1.56000, Valid median Loss= 0.74653, Best Valid Loss= 1.56000, Test Loss= 1.54206, Test median  Loss= 0.72420, Best Test Loss= 1.54206
finish one epoch, time1106.1805789470673

train mseloss : 1.5204964106573482
lambda1 [-0.02 -0.    0.02  0.05  0.08  0.13]
#3, Training Loss= 1.52135, Valid Loss= 1.52978, Valid median Loss= 0.74060, Best Valid Loss= 1.52978, Test Loss= 1.50378, Test median  Loss= 0.71716, Best Test Loss= 1.50378
finish one epoch, time1455.166178703308

train mseloss : 1.5104562211803991
lambda1 [-0.03 -0.    0.02  0.05  0.08  0.13]
#4, Training Loss= 1.50604, Valid Loss= 1.51872, Valid median Loss= 0.69337, Best Valid Loss= 1.51872, Test Loss= 1.49018, Test median  Loss= 0.68327, Best Test Loss= 1.49018
finish one epoch, time1850.3582162857056

train mseloss : 1.4837796922992967
lambda1 [-0.03  0.    0.02  0.05  0.08  0.14]
#5, Training Loss= 1.48654, Valid Loss= 1.49791, Valid median Loss= 0.68772, Best Valid Loss= 1.49791, Test Loss= 1.47531, Test median  Loss= 0.68198, Best Test Loss= 1.47531
finish one epoch, time2231.402419567108

train mseloss : 1.479434088192848
lambda1 [-2.66e-02 -9.42e-05  2.31e-02  4.78e-02  8.21e-02  1.38e-01]
#6, Training Loss= 1.47965, Valid Loss= 1.49848, Valid median Loss= 0.69932, Best Valid Loss= 1.49791, Test Loss= 1.46747, Test median  Loss= 0.68770, Best Test Loss= 1.46747
finish one epoch, time2631.3632967472076

train mseloss : 1.4761789206373797
lambda1 [-0.03  0.    0.03  0.05  0.08  0.14]
#7, Training Loss= 1.47339, Valid Loss= 1.49225, Valid median Loss= 0.71467, Best Valid Loss= 1.49225, Test Loss= 1.46131, Test median  Loss= 0.69186, Best Test Loss= 1.46131
finish one epoch, time3021.9005591869354

train mseloss : 1.4678264849237814
lambda1 [-0.03  0.    0.02  0.05  0.08  0.14]
#8, Training Loss= 1.46987, Valid Loss= 1.47799, Valid median Loss= 0.69644, Best Valid Loss= 1.47799, Test Loss= 1.46168, Test median  Loss= 0.68129, Best Test Loss= 1.46131
finish one epoch, time3408.3936762809753

train mseloss : 1.4721120513571408
lambda1 [-0.02  0.    0.02  0.05  0.08  0.14]
#9, Training Loss= 1.47152, Valid Loss= 1.48576, Valid median Loss= 0.68590, Best Valid Loss= 1.47799, Test Loss= 1.45561, Test median  Loss= 0.67485, Best Test Loss= 1.45561
finish one epoch, time3806.988731622696

train mseloss : 1.4821715676904408
lambda1 [-0.03 -0.    0.02  0.05  0.08  0.14]
#10, Training Loss= 1.48098, Valid Loss= 1.49514, Valid median Loss= 0.67808, Best Valid Loss= 1.47799, Test Loss= 1.46830, Test median  Loss= 0.67469, Best Test Loss= 1.45561
finish one epoch, time4205.566105604172

train mseloss : 1.4637465741196856
lambda1 [-0.02  0.    0.02  0.05  0.08  0.14]
#11, Training Loss= 1.46013, Valid Loss= 1.47358, Valid median Loss= 0.67003, Best Valid Loss= 1.47358, Test Loss= 1.45425, Test median  Loss= 0.67330, Best Test Loss= 1.45425
finish one epoch, time4595.152864217758

train mseloss : 1.4693000757294974
lambda1 [-0.03 -0.    0.02  0.05  0.08  0.14]
#12, Training Loss= 1.46898, Valid Loss= 1.49333, Valid median Loss= 0.71557, Best Valid Loss= 1.47358, Test Loss= 1.46251, Test median  Loss= 0.68782, Best Test Loss= 1.45425
finish one epoch, time4995.357249736786

train mseloss : 1.4602945540034846
lambda1 [-0.03 -0.    0.02  0.05  0.08  0.14]
#13, Training Loss= 1.46030, Valid Loss= 1.47798, Valid median Loss= 0.70683, Best Valid Loss= 1.47358, Test Loss= 1.45364, Test median  Loss= 0.68384, Best Test Loss= 1.45364
finish one epoch, time5392.047105073929

train mseloss : 1.455396567905765
lambda1 [-0.03  0.    0.02  0.05  0.08  0.14]
#14, Training Loss= 1.45724, Valid Loss= 1.47540, Valid median Loss= 0.69161, Best Valid Loss= 1.47358, Test Loss= 1.44980, Test median  Loss= 0.67840, Best Test Loss= 1.44980
finish one epoch, time5787.675521850586

train mseloss : 1.4598230277714355
lambda1 [-0.03  0.    0.03  0.05  0.09  0.14]
#15, Training Loss= 1.45942, Valid Loss= 1.47061, Valid median Loss= 0.67625, Best Valid Loss= 1.47061, Test Loss= 1.45562, Test median  Loss= 0.66527, Best Test Loss= 1.44980
finish one epoch, time6190.180285453796

train mseloss : 1.4671247696232208
lambda1 [-0.02  0.    0.03  0.05  0.09  0.15]
#16, Training Loss= 1.46601, Valid Loss= 1.47783, Valid median Loss= 0.67028, Best Valid Loss= 1.47061, Test Loss= 1.45512, Test median  Loss= 0.66781, Best Test Loss= 1.44980
finish one epoch, time6584.664192199707

train mseloss : 1.4634443307332916
lambda1 [-0.02  0.    0.03  0.05  0.09  0.15]
#17, Training Loss= 1.46331, Valid Loss= 1.47377, Valid median Loss= 0.66412, Best Valid Loss= 1.47061, Test Loss= 1.46167, Test median  Loss= 0.67466, Best Test Loss= 1.44980
finish one epoch, time6998.6356201171875

train mseloss : 1.4816949626314428
lambda1 [-0.03 -0.    0.03  0.05  0.09  0.15]
#18, Training Loss= 1.48213, Valid Loss= 1.49452, Valid median Loss= 0.65333, Best Valid Loss= 1.47061, Test Loss= 1.47164, Test median  Loss= 0.66238, Best Test Loss= 1.44980
finish one epoch, time7383.845229148865

train mseloss : 1.4516077580649904
lambda1 [-0.03  0.    0.03  0.05  0.09  0.15]
#19, Training Loss= 1.45317, Valid Loss= 1.46817, Valid median Loss= 0.68074, Best Valid Loss= 1.46817, Test Loss= 1.44847, Test median  Loss= 0.67436, Best Test Loss= 1.44847
finish one epoch, time7798.266327857971

train mseloss : 1.453706705578185
lambda1 [-0.03 -0.    0.03  0.05  0.09  0.15]
#20, Training Loss= 1.45300, Valid Loss= 1.47745, Valid median Loss= 0.68562, Best Valid Loss= 1.46817, Test Loss= 1.45155, Test median  Loss= 0.68437, Best Test Loss= 1.44847
finish one epoch, time8200.938029289246

train mseloss : 1.4597707318300785
lambda1 [-0.03  0.    0.03  0.05  0.09  0.15]
#21, Training Loss= 1.45887, Valid Loss= 1.47182, Valid median Loss= 0.70003, Best Valid Loss= 1.46817, Test Loss= 1.44945, Test median  Loss= 0.68669, Best Test Loss= 1.44847
finish one epoch, time8607.866119146347

train mseloss : 1.4632558296436657
lambda1 [-0.03 -0.    0.03  0.05  0.09  0.15]
#22, Training Loss= 1.46432, Valid Loss= 1.47968, Valid median Loss= 0.70574, Best Valid Loss= 1.46817, Test Loss= 1.46452, Test median  Loss= 0.69667, Best Test Loss= 1.44847
finish one epoch, time9006.123247623444

train mseloss : 1.4460239955454726
lambda1 [-0.03  0.    0.03  0.05  0.09  0.15]
#23, Training Loss= 1.44490, Valid Loss= 1.46394, Valid median Loss= 0.67900, Best Valid Loss= 1.46394, Test Loss= 1.44638, Test median  Loss= 0.68152, Best Test Loss= 1.44638
Finished!
----------------------------------------------------------------
Time: 9332.929691314697
Valid Loss: 1.4639388
Test Loss: 1.4463836
