===================configuration===================
learning rate :0.001 
num_mlp_layers : 1
num_layers : 2
gnn input_features : 100
gnn output_features : 64
input of rnn/transformer : 64
hidden_size (out put of rnn/tranformer) : 64
observation hour [7,19]
observation interval : 180
observation threshold : 7200
prediction time : 86400
cascade length [5,100]
model save at : ../model_save/cas2vec/weibo2/
====bidirected: True, attention: , gcn_type: self, rnn: gru====
===================configuration===================
len(Y_train), len(Y_valid), len(Y_test): 39522 8470 8469
preparing time:258.5635995864868
total parameters 73297
---------------*****---------------
Starting training the epoch: 0 
total batch: 617.53125 
batch:99 average train loss 2.5993
batch:199 average train loss 2.3785
batch:299 average train loss 2.2910
batch:399 average train loss 2.2198
batch:499 average train loss 2.1582
batch:599 average train loss 2.1213
average train loss 2.1249
Train Consuming time:151.99 in the epoch: 0
total val iterations: 133 
average val loss 1.9084
accuracy ( less than 0.1 ): 0.1544
median val loss 0.5475
total test iterations: 133 
average test loss 1.8908
accuracy ( less than 0.1 ): 0.1526
median test loss 0.5549
Consuming time:210.23 in the epoch: 0
Best test loss is 1.89
---------------*****---------------
---------------*****---------------
Starting training the epoch: 1 
total batch: 617.53125 
batch:99 average train loss 1.9980
batch:199 average train loss 1.9856
batch:299 average train loss 1.9914
batch:399 average train loss 1.9715
batch:499 average train loss 1.9451
batch:599 average train loss 1.9326
average train loss 1.9388
Train Consuming time:152.67 in the epoch: 1
total val iterations: 133 
average val loss 1.8945
accuracy ( less than 0.1 ): 0.1515
median val loss 0.5475
total test iterations: 133 
average test loss 1.8690
accuracy ( less than 0.1 ): 0.1513
median test loss 0.5533
Consuming time:210.52 in the epoch: 1
Best test loss is 1.87
---------------*****---------------
---------------*****---------------
Starting training the epoch: 2 
total batch: 617.53125 
batch:99 average train loss 1.9439
batch:199 average train loss 1.9312
batch:299 average train loss 1.9455
batch:399 average train loss 1.9255
batch:499 average train loss 1.9032
batch:599 average train loss 1.8930
average train loss 1.9008
Train Consuming time:157.56 in the epoch: 2
total val iterations: 133 
average val loss 1.8267
accuracy ( less than 0.1 ): 0.1970
median val loss 0.5486
total test iterations: 133 
average test loss 1.8223
accuracy ( less than 0.1 ): 0.1998
median test loss 0.5575
Consuming time:218.35 in the epoch: 2
Best test loss is 1.82
---------------*****---------------
---------------*****---------------
Starting training the epoch: 3 
total batch: 617.53125 
batch:99 average train loss 1.9122
batch:199 average train loss 1.9032
batch:299 average train loss 1.9188
batch:399 average train loss 1.8995
batch:499 average train loss 1.8754
batch:599 average train loss 1.8641
average train loss 1.8721
Train Consuming time:152.09 in the epoch: 3
total val iterations: 133 
average val loss 1.8154
accuracy ( less than 0.1 ): 0.1851
median val loss 0.5415
total test iterations: 133 
average test loss 1.8143
accuracy ( less than 0.1 ): 0.1867
median test loss 0.5550
Consuming time:209.43 in the epoch: 3
Best test loss is 1.81
---------------*****---------------
---------------*****---------------
Starting training the epoch: 4 
total batch: 617.53125 
batch:99 average train loss 1.8841
batch:199 average train loss 1.8714
batch:299 average train loss 1.8862
batch:399 average train loss 1.8686
batch:499 average train loss 1.8478
batch:599 average train loss 1.8367
average train loss 1.8445
Train Consuming time:163.49 in the epoch: 4
total val iterations: 133 
average val loss 1.8070
accuracy ( less than 0.1 ): 0.1687
median val loss 0.5303
total test iterations: 133 
average test loss 1.8014
accuracy ( less than 0.1 ): 0.1715
median test loss 0.5293
Consuming time:221.30 in the epoch: 4
Best test loss is 1.80
---------------*****---------------
---------------*****---------------
Starting training the epoch: 5 
total batch: 617.53125 
batch:99 average train loss 1.8651
batch:199 average train loss 1.8513
batch:299 average train loss 1.8664
batch:399 average train loss 1.8516
batch:499 average train loss 1.8317
batch:599 average train loss 1.8221
average train loss 1.8295
Train Consuming time:147.00 in the epoch: 5
total val iterations: 133 
average val loss 1.8088
accuracy ( less than 0.1 ): 0.1621
median val loss 0.5406
total test iterations: 133 
average test loss 1.7957
accuracy ( less than 0.1 ): 0.1671
median test loss 0.5237
Consuming time:205.98 in the epoch: 5
Best test loss is 1.80
---------------*****---------------
---------------*****---------------
Starting training the epoch: 6 
total batch: 617.53125 
batch:99 average train loss 1.8555
batch:199 average train loss 1.8364
batch:299 average train loss 1.8495
batch:399 average train loss 1.8361
batch:499 average train loss 1.8165
batch:599 average train loss 1.8048
average train loss 1.8126
Train Consuming time:153.23 in the epoch: 6
total val iterations: 133 
average val loss 1.7967
accuracy ( less than 0.1 ): 0.1525
median val loss 0.5144
total test iterations: 133 
average test loss 1.7847
accuracy ( less than 0.1 ): 0.1542
median test loss 0.5131
Consuming time:211.83 in the epoch: 6
Best test loss is 1.78
---------------*****---------------
---------------*****---------------
Starting training the epoch: 7 
total batch: 617.53125 
batch:99 average train loss 1.8361
batch:199 average train loss 1.8152
batch:299 average train loss 1.8296
batch:399 average train loss 1.8139
batch:499 average train loss 1.7958
batch:599 average train loss 1.7861
average train loss 1.7932
Train Consuming time:153.37 in the epoch: 7
total val iterations: 133 
average val loss 1.7923
accuracy ( less than 0.1 ): 0.1477
median val loss 0.5180
total test iterations: 133 
average test loss 1.7921
accuracy ( less than 0.1 ): 0.1535
median test loss 0.5237
Consuming time:214.85 in the epoch: 7
Best test loss is 1.78
---------------*****---------------
---------------*****---------------
Starting training the epoch: 8 
total batch: 617.53125 
batch:99 average train loss 1.8148
batch:199 average train loss 1.7918
batch:299 average train loss 1.8056
batch:399 average train loss 1.7926
batch:499 average train loss 1.7755
batch:599 average train loss 1.7670
average train loss 1.7739
Train Consuming time:165.04 in the epoch: 8
total val iterations: 133 
average val loss 1.7709
accuracy ( less than 0.1 ): 0.1671
median val loss 0.5292
total test iterations: 133 
average test loss 1.7763
accuracy ( less than 0.1 ): 0.1709
median test loss 0.5237
Consuming time:228.07 in the epoch: 8
Best test loss is 1.78
---------------*****---------------
---------------*****---------------
Starting training the epoch: 9 
total batch: 617.53125 
batch:99 average train loss 1.8035
batch:199 average train loss 1.7803
batch:299 average train loss 1.7919
batch:399 average train loss 1.7789
batch:499 average train loss 1.7617
batch:599 average train loss 1.7531
average train loss 1.7603
Train Consuming time:164.96 in the epoch: 9
total val iterations: 133 
average val loss 1.8033
accuracy ( less than 0.1 ): 0.1572
median val loss 0.5327
total test iterations: 133 
average test loss 1.7958
accuracy ( less than 0.1 ): 0.1599
median test loss 0.5190
Consuming time:228.08 in the epoch: 9
Best test loss is 1.78
---------------*****---------------
---------------*****---------------
Starting training the epoch: 10 
total batch: 617.53125 
batch:99 average train loss 1.7876
batch:199 average train loss 1.7654
batch:299 average train loss 1.7808
batch:399 average train loss 1.7686
batch:499 average train loss 1.7523
batch:599 average train loss 1.7423
average train loss 1.7485
Train Consuming time:157.54 in the epoch: 10
total val iterations: 133 
average val loss 1.7941
accuracy ( less than 0.1 ): 0.1671
median val loss 0.5409
total test iterations: 133 
average test loss 1.7844
accuracy ( less than 0.1 ): 0.1708
median test loss 0.5288
Consuming time:216.53 in the epoch: 10
Best test loss is 1.78
---------------*****---------------
---------------*****---------------
Starting training the epoch: 11 
total batch: 617.53125 
batch:99 average train loss 1.7720
batch:199 average train loss 1.7490
batch:299 average train loss 1.7603
batch:399 average train loss 1.7487
batch:499 average train loss 1.7338
batch:599 average train loss 1.7237
average train loss 1.7294
Train Consuming time:154.23 in the epoch: 11
total val iterations: 133 
average val loss 1.8077
accuracy ( less than 0.1 ): 0.1641
median val loss 0.5461
total test iterations: 133 
average test loss 1.8005
accuracy ( less than 0.1 ): 0.1744
median test loss 0.5312
Consuming time:213.24 in the epoch: 11
Best test loss is 1.78
---------------*****---------------
---------------*****---------------
Starting training the epoch: 12 
total batch: 617.53125 
batch:99 average train loss 1.7658
batch:199 average train loss 1.7417
batch:299 average train loss 1.7514
batch:399 average train loss 1.7395
batch:499 average train loss 1.7224
batch:599 average train loss 1.7121
average train loss 1.7179
Train Consuming time:154.26 in the epoch: 12
total val iterations: 133 
average val loss 1.8006
accuracy ( less than 0.1 ): 0.1684
median val loss 0.5461
total test iterations: 133 
average test loss 1.7915
accuracy ( less than 0.1 ): 0.1725
median test loss 0.5247
Consuming time:213.32 in the epoch: 12
Best test loss is 1.78
---------------*****---------------
---------------*****---------------
Starting training the epoch: 13 
total batch: 617.53125 
batch:99 average train loss 1.7418
batch:199 average train loss 1.7227
batch:299 average train loss 1.7356
batch:399 average train loss 1.7275
batch:499 average train loss 1.7113
batch:599 average train loss 1.7002
average train loss 1.7051
Train Consuming time:158.27 in the epoch: 13
total val iterations: 133 
average val loss 1.8303
accuracy ( less than 0.1 ): 0.1616
median val loss 0.5378
total test iterations: 133 
average test loss 1.8226
accuracy ( less than 0.1 ): 0.1624
median test loss 0.5327
Consuming time:219.04 in the epoch: 13
Best test loss is 1.78
---------------*****---------------
---------------*****---------------
Starting training the epoch: 14 
total batch: 617.53125 
batch:99 average train loss 1.7367
batch:199 average train loss 1.7120
batch:299 average train loss 1.7180
batch:399 average train loss 1.7099
batch:499 average train loss 1.6946
batch:599 average train loss 1.6856
average train loss 1.6905
Train Consuming time:159.02 in the epoch: 14
total val iterations: 133 
average val loss 1.8115
accuracy ( less than 0.1 ): 0.1750
median val loss 0.5515
total test iterations: 133 
average test loss 1.8108
accuracy ( less than 0.1 ): 0.1785
median test loss 0.5482
Consuming time:220.77 in the epoch: 14
Best test loss is 1.78
---------------*****---------------
---------------*****---------------
Starting training the epoch: 15 
total batch: 617.53125 
batch:99 average train loss 1.7227
batch:199 average train loss 1.6948
batch:299 average train loss 1.7039
batch:399 average train loss 1.6977
batch:499 average train loss 1.6830
batch:599 average train loss 1.6728
average train loss 1.6786
Train Consuming time:161.63 in the epoch: 15
total val iterations: 133 
average val loss 1.8393
accuracy ( less than 0.1 ): 0.1683
median val loss 0.5405
total test iterations: 133 
average test loss 1.8321
accuracy ( less than 0.1 ): 0.1742
median test loss 0.5423
Consuming time:216.19 in the epoch: 15
Best test loss is 1.78
---------------*****---------------
---------------*****---------------
Starting training the epoch: 16 
total batch: 617.53125 
batch:99 average train loss 1.7102
batch:199 average train loss 1.6784
batch:299 average train loss 1.6858
batch:399 average train loss 1.6818
batch:499 average train loss 1.6666
batch:599 average train loss 1.6573
average train loss 1.6618
Train Consuming time:154.77 in the epoch: 16
total val iterations: 133 
average val loss 1.8326
accuracy ( less than 0.1 ): 0.1694
median val loss 0.5530
total test iterations: 133 
average test loss 1.8384
accuracy ( less than 0.1 ): 0.1705
median test loss 0.5518
Consuming time:214.09 in the epoch: 16
Best test loss is 1.78
---------------*****---------------
---------------*****---------------
Starting training the epoch: 17 
total batch: 617.53125 
batch:99 average train loss 1.6900
batch:199 average train loss 1.6607
batch:299 average train loss 1.6706
batch:399 average train loss 1.6672
batch:499 average train loss 1.6548
batch:599 average train loss 1.6468
average train loss 1.6514
Train Consuming time:155.16 in the epoch: 17
total val iterations: 133 
average val loss 1.8251
accuracy ( less than 0.1 ): 0.1746
median val loss 0.5583
total test iterations: 133 
average test loss 1.8303
accuracy ( less than 0.1 ): 0.1787
median test loss 0.5458
Consuming time:214.20 in the epoch: 17
Best test loss is 1.78
---------------*****---------------
---------------*****---------------
Starting training the epoch: 18 
total batch: 617.53125 
batch:99 average train loss 1.6878
batch:199 average train loss 1.6565
batch:299 average train loss 1.6652
batch:399 average train loss 1.6598
batch:499 average train loss 1.6444
batch:599 average train loss 1.6372
average train loss 1.6410
Train Consuming time:155.19 in the epoch: 18
total val iterations: 133 
average val loss 1.8199
accuracy ( less than 0.1 ): 0.1688
median val loss 0.5321
total test iterations: 133 
average test loss 1.8122
accuracy ( less than 0.1 ): 0.1738
median test loss 0.5319
Consuming time:213.04 in the epoch: 18
Best test loss is 1.78
---------------*****---------------
---------------*****---------------
Starting training the epoch: 19 
total batch: 617.53125 
batch:99 average train loss 1.6734
batch:199 average train loss 1.6385
batch:299 average train loss 1.6473
batch:399 average train loss 1.6463
batch:499 average train loss 1.6307
batch:599 average train loss 1.6247
average train loss 1.6285
Train Consuming time:167.21 in the epoch: 19
total val iterations: 133 
average val loss 1.8296
accuracy ( less than 0.1 ): 0.1651
median val loss 0.5422
total test iterations: 133 
average test loss 1.8373
accuracy ( less than 0.1 ): 0.1657
median test loss 0.5370
Consuming time:231.44 in the epoch: 19
Best test loss is 1.78
---------------*****---------------
---------------*****---------------
Starting training the epoch: 20 
total batch: 617.53125 
batch:99 average train loss 1.7385
batch:199 average train loss 1.6949
batch:299 average train loss 1.7055
batch:399 average train loss 1.6908
batch:499 average train loss 1.6632
batch:599 average train loss 1.6386
average train loss 1.6354
Train Consuming time:166.92 in the epoch: 20
total val iterations: 133 
average val loss 1.7481
accuracy ( less than 0.1 ): 0.1984
median val loss 0.5360
total test iterations: 133 
average test loss 1.7677
accuracy ( less than 0.1 ): 0.2018
median test loss 0.5359
Consuming time:230.65 in the epoch: 20
Best test loss is 1.77
---------------*****---------------
---------------*****---------------
Starting training the epoch: 21 
total batch: 617.53125 
batch:99 average train loss 1.6805
batch:199 average train loss 1.6446
batch:299 average train loss 1.6597
batch:399 average train loss 1.6491
batch:499 average train loss 1.6251
batch:599 average train loss 1.6055
average train loss 1.6036
Train Consuming time:160.34 in the epoch: 21
total val iterations: 133 
average val loss 1.7338
accuracy ( less than 0.1 ): 0.1957
median val loss 0.5286
total test iterations: 133 
average test loss 1.7573
accuracy ( less than 0.1 ): 0.1985
median test loss 0.5313
Consuming time:217.82 in the epoch: 21
Best test loss is 1.76
---------------*****---------------
---------------*****---------------
Starting training the epoch: 22 
total batch: 617.53125 
batch:99 average train loss 1.6685
batch:199 average train loss 1.6316
batch:299 average train loss 1.6455
batch:399 average train loss 1.6353
batch:499 average train loss 1.6119
batch:599 average train loss 1.5939
average train loss 1.5926
Train Consuming time:150.98 in the epoch: 22
total val iterations: 133 
average val loss 1.7291
accuracy ( less than 0.1 ): 0.1964
median val loss 0.5220
total test iterations: 133 
average test loss 1.7533
accuracy ( less than 0.1 ): 0.1982
median test loss 0.5283
Consuming time:208.81 in the epoch: 22
Best test loss is 1.75
---------------*****---------------
---------------*****---------------
Starting training the epoch: 23 
total batch: 617.53125 
batch:99 average train loss 1.6624
batch:199 average train loss 1.6239
batch:299 average train loss 1.6367
batch:399 average train loss 1.6268
batch:499 average train loss 1.6041
batch:599 average train loss 1.5870
average train loss 1.5859
Train Consuming time:151.43 in the epoch: 23
total val iterations: 133 
average val loss 1.7271
accuracy ( less than 0.1 ): 0.1963
median val loss 0.5236
total test iterations: 133 
average test loss 1.7514
accuracy ( less than 0.1 ): 0.1993
median test loss 0.5253
Consuming time:209.54 in the epoch: 23
Best test loss is 1.75
---------------*****---------------
---------------*****---------------
Starting training the epoch: 24 
total batch: 617.53125 
batch:99 average train loss 1.6581
batch:199 average train loss 1.6178
batch:299 average train loss 1.6298
batch:399 average train loss 1.6204
batch:499 average train loss 1.5982
batch:599 average train loss 1.5817
average train loss 1.5809
Train Consuming time:147.45 in the epoch: 24
total val iterations: 133 
average val loss 1.7258
accuracy ( less than 0.1 ): 0.1946
median val loss 0.5223
total test iterations: 133 
average test loss 1.7504
accuracy ( less than 0.1 ): 0.1984
median test loss 0.5248
Consuming time:206.77 in the epoch: 24
Best test loss is 1.75
---------------*****---------------
---------------*****---------------
Starting training the epoch: 25 
total batch: 617.53125 
batch:99 average train loss 1.6536
batch:199 average train loss 1.6127
batch:299 average train loss 1.6241
batch:399 average train loss 1.6151
batch:499 average train loss 1.5933
batch:599 average train loss 1.5773
average train loss 1.5766
Train Consuming time:161.41 in the epoch: 25
total val iterations: 133 
average val loss 1.7253
accuracy ( less than 0.1 ): 0.1940
median val loss 0.5225
total test iterations: 133 
average test loss 1.7501
accuracy ( less than 0.1 ): 0.1977
median test loss 0.5220
Consuming time:223.74 in the epoch: 25
Best test loss is 1.75
---------------*****---------------
---------------*****---------------
Starting training the epoch: 26 
total batch: 617.53125 
batch:99 average train loss 1.6505
batch:199 average train loss 1.6087
batch:299 average train loss 1.6195
batch:399 average train loss 1.6110
batch:499 average train loss 1.5895
batch:599 average train loss 1.5739
average train loss 1.5733
Train Consuming time:162.73 in the epoch: 26
total val iterations: 133 
average val loss 1.7256
accuracy ( less than 0.1 ): 0.1953
median val loss 0.5218
total test iterations: 133 
average test loss 1.7504
accuracy ( less than 0.1 ): 0.1980
median test loss 0.5205
Consuming time:225.54 in the epoch: 26
Best test loss is 1.75
---------------*****---------------
---------------*****---------------
Starting training the epoch: 27 
total batch: 617.53125 
batch:99 average train loss 1.6486
batch:199 average train loss 1.6061
batch:299 average train loss 1.6162
batch:399 average train loss 1.6079
batch:499 average train loss 1.5866
batch:599 average train loss 1.5714
average train loss 1.5708
Train Consuming time:156.16 in the epoch: 27
total val iterations: 133 
average val loss 1.7254
accuracy ( less than 0.1 ): 0.1955
median val loss 0.5205
total test iterations: 133 
average test loss 1.7500
accuracy ( less than 0.1 ): 0.1980
median test loss 0.5171
Consuming time:214.90 in the epoch: 27
Best test loss is 1.75
---------------*****---------------
---------------*****---------------
Starting training the epoch: 28 
total batch: 617.53125 
batch:99 average train loss 1.6460
batch:199 average train loss 1.6029
batch:299 average train loss 1.6128
batch:399 average train loss 1.6049
batch:499 average train loss 1.5839
batch:599 average train loss 1.5689
average train loss 1.5685
Train Consuming time:152.77 in the epoch: 28
total val iterations: 133 
average val loss 1.7254
accuracy ( less than 0.1 ): 0.1955
median val loss 0.5191
total test iterations: 133 
average test loss 1.7499
accuracy ( less than 0.1 ): 0.1987
median test loss 0.5193
Consuming time:211.07 in the epoch: 28
Best test loss is 1.75
---------------*****---------------
---------------*****---------------
Starting training the epoch: 29 
total batch: 617.53125 
batch:99 average train loss 1.6438
batch:199 average train loss 1.6004
batch:299 average train loss 1.6100
batch:399 average train loss 1.6024
batch:499 average train loss 1.5815
batch:599 average train loss 1.5668
average train loss 1.5664
Train Consuming time:153.88 in the epoch: 29
total val iterations: 133 
average val loss 1.7252
accuracy ( less than 0.1 ): 0.1945
median val loss 0.5191
total test iterations: 133 
average test loss 1.7500
accuracy ( less than 0.1 ): 0.1978
median test loss 0.5199
Consuming time:213.05 in the epoch: 29
Best test loss is 1.75
---------------*****---------------
---------------*****---------------
Starting training the epoch: 30 
total batch: 617.53125 
batch:99 average train loss 1.6417
batch:199 average train loss 1.5979
batch:299 average train loss 1.6074
batch:399 average train loss 1.5999
batch:499 average train loss 1.5793
batch:599 average train loss 1.5648
average train loss 1.5644
Train Consuming time:159.77 in the epoch: 30
total val iterations: 133 
average val loss 1.7252
accuracy ( less than 0.1 ): 0.1944
median val loss 0.5199
total test iterations: 133 
average test loss 1.7500
accuracy ( less than 0.1 ): 0.1976
median test loss 0.5204
Consuming time:222.89 in the epoch: 30
Best test loss is 1.75
---------------*****---------------
---------------*****---------------
Starting training the epoch: 31 
total batch: 617.53125 
batch:99 average train loss 1.6399
batch:199 average train loss 1.5960
batch:299 average train loss 1.6052
batch:399 average train loss 1.5979
batch:499 average train loss 1.5774
batch:599 average train loss 1.5631
average train loss 1.5628
Train Consuming time:164.94 in the epoch: 31
total val iterations: 133 
average val loss 1.7249
accuracy ( less than 0.1 ): 0.1935
median val loss 0.5203
total test iterations: 133 
average test loss 1.7498
accuracy ( less than 0.1 ): 0.1959
median test loss 0.5192
Consuming time:228.83 in the epoch: 31
Best test loss is 1.75
---------------*****---------------
---------------*****---------------
Starting training the epoch: 32 
total batch: 617.53125 
batch:99 average train loss 1.6381
batch:199 average train loss 1.5940
batch:299 average train loss 1.6031
batch:399 average train loss 1.5959
batch:499 average train loss 1.5756
batch:599 average train loss 1.5616
average train loss 1.5613
Train Consuming time:166.22 in the epoch: 32
total val iterations: 133 
average val loss 1.7247
accuracy ( less than 0.1 ): 0.1933
median val loss 0.5187
total test iterations: 133 
average test loss 1.7498
accuracy ( less than 0.1 ): 0.1967
median test loss 0.5197
Consuming time:226.64 in the epoch: 32
Best test loss is 1.75
---------------*****---------------
---------------*****---------------
Starting training the epoch: 33 
total batch: 617.53125 
batch:99 average train loss 1.6362
batch:199 average train loss 1.5920
batch:299 average train loss 1.6010
batch:399 average train loss 1.5940
batch:499 average train loss 1.5739
batch:599 average train loss 1.5600
average train loss 1.5598
Train Consuming time:153.80 in the epoch: 33
total val iterations: 133 
average val loss 1.7244
accuracy ( less than 0.1 ): 0.1934
median val loss 0.5181
total test iterations: 133 
average test loss 1.7496
accuracy ( less than 0.1 ): 0.1961
median test loss 0.5187
Consuming time:212.49 in the epoch: 33
Best test loss is 1.75
---------------*****---------------
---------------*****---------------
Starting training the epoch: 34 
total batch: 617.53125 
batch:99 average train loss 1.6345
batch:199 average train loss 1.5901
batch:299 average train loss 1.5993
batch:399 average train loss 1.5923
batch:499 average train loss 1.5723
batch:599 average train loss 1.5585
average train loss 1.5584
Train Consuming time:154.35 in the epoch: 34
total val iterations: 133 
average val loss 1.7242
accuracy ( less than 0.1 ): 0.1931
median val loss 0.5180
total test iterations: 133 
average test loss 1.7497
accuracy ( less than 0.1 ): 0.1957
median test loss 0.5185
Consuming time:210.14 in the epoch: 34
Best test loss is 1.75
---------------*****---------------
---------------*****---------------
Starting training the epoch: 35 
total batch: 617.53125 
batch:99 average train loss 1.6326
batch:199 average train loss 1.5883
batch:299 average train loss 1.5974
batch:399 average train loss 1.5906
batch:499 average train loss 1.5707
batch:599 average train loss 1.5570
average train loss 1.5569
Train Consuming time:149.36 in the epoch: 35
total val iterations: 133 
average val loss 1.7242
accuracy ( less than 0.1 ): 0.1932
median val loss 0.5179
total test iterations: 133 
average test loss 1.7498
accuracy ( less than 0.1 ): 0.1951
median test loss 0.5168
Consuming time:206.66 in the epoch: 35
Best test loss is 1.75
---------------*****---------------
---------------*****---------------
Starting training the epoch: 36 
total batch: 617.53125 
batch:99 average train loss 1.6311
batch:199 average train loss 1.5869
batch:299 average train loss 1.5958
batch:399 average train loss 1.5890
batch:499 average train loss 1.5692
batch:599 average train loss 1.5557
average train loss 1.5556
Train Consuming time:160.87 in the epoch: 36
total val iterations: 133 
average val loss 1.7242
accuracy ( less than 0.1 ): 0.1932
median val loss 0.5188
total test iterations: 133 
average test loss 1.7500
accuracy ( less than 0.1 ): 0.1941
median test loss 0.5139
Consuming time:219.35 in the epoch: 36
Best test loss is 1.75
---------------*****---------------
---------------*****---------------
Starting training the epoch: 37 
total batch: 617.53125 
batch:99 average train loss 1.6297
batch:199 average train loss 1.5854
batch:299 average train loss 1.5942
batch:399 average train loss 1.5876
batch:499 average train loss 1.5679
batch:599 average train loss 1.5544
average train loss 1.5544
Train Consuming time:164.40 in the epoch: 37
total val iterations: 133 
average val loss 1.7240
accuracy ( less than 0.1 ): 0.1932
median val loss 0.5175
total test iterations: 133 
average test loss 1.7500
accuracy ( less than 0.1 ): 0.1932
median test loss 0.5142
Consuming time:227.82 in the epoch: 37
Best test loss is 1.75
---------------*****---------------
---------------*****---------------
Starting training the epoch: 38 
total batch: 617.53125 
batch:99 average train loss 1.6283
batch:199 average train loss 1.5839
batch:299 average train loss 1.5927
batch:399 average train loss 1.5862
batch:499 average train loss 1.5666
batch:599 average train loss 1.5532
average train loss 1.5532
Train Consuming time:161.63 in the epoch: 38
total val iterations: 133 
average val loss 1.7241
accuracy ( less than 0.1 ): 0.1933
median val loss 0.5164
total test iterations: 133 
average test loss 1.7502
accuracy ( less than 0.1 ): 0.1929
median test loss 0.5144
Consuming time:220.11 in the epoch: 38
Best test loss is 1.75
---------------*****---------------
---------------*****---------------
Starting training the epoch: 39 
total batch: 617.53125 
batch:99 average train loss 1.6270
batch:199 average train loss 1.5826
batch:299 average train loss 1.5913
batch:399 average train loss 1.5849
batch:499 average train loss 1.5654
batch:599 average train loss 1.5520
average train loss 1.5521
Train Consuming time:153.25 in the epoch: 39
total val iterations: 133 
average val loss 1.7240
accuracy ( less than 0.1 ): 0.1921
median val loss 0.5175
total test iterations: 133 
average test loss 1.7503
accuracy ( less than 0.1 ): 0.1929
median test loss 0.5140
Consuming time:211.67 in the epoch: 39
Best test loss is 1.75
---------------*****---------------
---------------*****---------------
Starting training the epoch: 40 
total batch: 617.53125 
batch:99 average train loss 1.6259
batch:199 average train loss 1.5815
batch:299 average train loss 1.5900
batch:399 average train loss 1.5836
batch:499 average train loss 1.5641
batch:599 average train loss 1.5509
average train loss 1.5509
Train Consuming time:153.62 in the epoch: 40
total val iterations: 133 
average val loss 1.7241
accuracy ( less than 0.1 ): 0.1924
median val loss 0.5176
total test iterations: 133 
average test loss 1.7505
accuracy ( less than 0.1 ): 0.1928
median test loss 0.5142
Consuming time:211.96 in the epoch: 40
Best test loss is 1.75
---------------*****---------------
---------------*****---------------
Starting training the epoch: 41 
total batch: 617.53125 
batch:99 average train loss 1.6248
batch:199 average train loss 1.5803
batch:299 average train loss 1.5887
batch:399 average train loss 1.5824
batch:499 average train loss 1.5630
batch:599 average train loss 1.5498
average train loss 1.5499
Train Consuming time:153.01 in the epoch: 41
total val iterations: 133 
average val loss 1.7242
accuracy ( less than 0.1 ): 0.1927
median val loss 0.5170
total test iterations: 133 
average test loss 1.7505
accuracy ( less than 0.1 ): 0.1918
median test loss 0.5148
Consuming time:214.81 in the epoch: 41
Best test loss is 1.75
---------------*****---------------
---------------*****---------------
Starting training the epoch: 42 
total batch: 617.53125 
batch:99 average train loss 1.6236
batch:199 average train loss 1.5792
batch:299 average train loss 1.5875
batch:399 average train loss 1.5812
batch:499 average train loss 1.5618
batch:599 average train loss 1.5487
average train loss 1.5488
Train Consuming time:163.90 in the epoch: 42
total val iterations: 133 
average val loss 1.7242
accuracy ( less than 0.1 ): 0.1925
median val loss 0.5172
total test iterations: 133 
average test loss 1.7509
accuracy ( less than 0.1 ): 0.1920
median test loss 0.5139
Consuming time:227.70 in the epoch: 42
Best test loss is 1.75
---------------*****---------------
---------------*****---------------
Starting training the epoch: 43 
total batch: 617.53125 
batch:99 average train loss 1.6225
batch:199 average train loss 1.5780
batch:299 average train loss 1.5863
batch:399 average train loss 1.5801
batch:499 average train loss 1.5608
batch:599 average train loss 1.5477
average train loss 1.5478
Train Consuming time:166.23 in the epoch: 43
total val iterations: 133 
average val loss 1.7242
accuracy ( less than 0.1 ): 0.1927
median val loss 0.5177
total test iterations: 133 
average test loss 1.7511
accuracy ( less than 0.1 ): 0.1925
median test loss 0.5153
Consuming time:230.79 in the epoch: 43
Best test loss is 1.75
---------------*****---------------
---------------*****---------------
Starting training the epoch: 44 
total batch: 617.53125 
batch:99 average train loss 1.6215
batch:199 average train loss 1.5769
batch:299 average train loss 1.5851
batch:399 average train loss 1.5789
batch:499 average train loss 1.5597
batch:599 average train loss 1.5467
average train loss 1.5468
Train Consuming time:159.53 in the epoch: 44
total val iterations: 133 
average val loss 1.7243
accuracy ( less than 0.1 ): 0.1928
median val loss 0.5197
total test iterations: 133 
average test loss 1.7513
accuracy ( less than 0.1 ): 0.1929
median test loss 0.5157
Consuming time:219.25 in the epoch: 44
Best test loss is 1.75
---------------*****---------------
---------------*****---------------
Starting training the epoch: 45 
total batch: 617.53125 
batch:99 average train loss 1.6206
batch:199 average train loss 1.5757
batch:299 average train loss 1.5840
batch:399 average train loss 1.5779
batch:499 average train loss 1.5587
batch:599 average train loss 1.5458
average train loss 1.5459
Train Consuming time:147.90 in the epoch: 45
total val iterations: 133 
average val loss 1.7244
accuracy ( less than 0.1 ): 0.1935
median val loss 0.5189
total test iterations: 133 
average test loss 1.7516
accuracy ( less than 0.1 ): 0.1935
median test loss 0.5155
Consuming time:196.85 in the epoch: 45
Best test loss is 1.75
---------------*****---------------
---------------*****---------------
Starting training the epoch: 46 
total batch: 617.53125 
batch:99 average train loss 1.6196
batch:199 average train loss 1.5748
batch:299 average train loss 1.5830
batch:399 average train loss 1.5770
batch:499 average train loss 1.5578
batch:599 average train loss 1.5449
average train loss 1.5450
Train Consuming time:121.75 in the epoch: 46
total val iterations: 133 
average val loss 1.7245
accuracy ( less than 0.1 ): 0.1941
median val loss 0.5176
total test iterations: 133 
average test loss 1.7518
accuracy ( less than 0.1 ): 0.1931
median test loss 0.5143
Consuming time:167.12 in the epoch: 46
Best test loss is 1.75
---------------*****---------------
---------------*****---------------
Starting training the epoch: 47 
total batch: 617.53125 
batch:99 average train loss 1.6188
batch:199 average train loss 1.5739
batch:299 average train loss 1.5821
batch:399 average train loss 1.5762
batch:499 average train loss 1.5570
batch:599 average train loss 1.5441
average train loss 1.5442
Train Consuming time:126.57 in the epoch: 47
total val iterations: 133 
average val loss 1.7247
accuracy ( less than 0.1 ): 0.1940
median val loss 0.5174
total test iterations: 133 
average test loss 1.7521
accuracy ( less than 0.1 ): 0.1933
median test loss 0.5147
Consuming time:176.96 in the epoch: 47
Best test loss is 1.75
---------------*****---------------
---------------*****---------------
Starting training the epoch: 48 
total batch: 617.53125 
batch:99 average train loss 1.6179
batch:199 average train loss 1.5729
batch:299 average train loss 1.5811
batch:399 average train loss 1.5753
batch:499 average train loss 1.5560
batch:599 average train loss 1.5432
average train loss 1.5433
Train Consuming time:133.36 in the epoch: 48
total val iterations: 133 
average val loss 1.7248
accuracy ( less than 0.1 ): 0.1939
median val loss 0.5164
total test iterations: 133 
average test loss 1.7524
accuracy ( less than 0.1 ): 0.1932
median test loss 0.5157
Consuming time:183.99 in the epoch: 48
Best test loss is 1.75
---------------*****---------------
---------------*****---------------
Starting training the epoch: 49 
total batch: 617.53125 
batch:99 average train loss 1.6170
batch:199 average train loss 1.5720
batch:299 average train loss 1.5802
batch:399 average train loss 1.5744
batch:499 average train loss 1.5552
batch:599 average train loss 1.5425
average train loss 1.5426
Train Consuming time:135.44 in the epoch: 49
total val iterations: 133 
average val loss 1.7250
accuracy ( less than 0.1 ): 0.1940
median val loss 0.5171
total test iterations: 133 
average test loss 1.7527
accuracy ( less than 0.1 ): 0.1933
median test loss 0.5163
Consuming time:182.23 in the epoch: 49
Best test loss is 1.75
---------------*****---------------
