===================configuration===================
learning rate :0.001 
num_mlp_layers : 1
num_layers : 2
gnn input_features : 100
gnn output_features : 64
input of rnn/transformer : 64
hidden_size (out put of rnn/tranformer) : 64
observation hour [7,19]
observation interval : 1
observation threshold : 7
prediction time : 86400
cascade length [10,100]
model save at : ../model_save/cas2vec/dblp2/
====bidirected: True, attention: , gcn_type: self, rnn: gru====
===================configuration===================
len(Y_train), len(Y_valid), len(Y_test): 56612 12132 12131
preparing time:43.3118097782135
total parameters 73231
---------------*****---------------
Starting training the epoch: 0 
total batch: 884.5625 
batch:99 average train loss 2.5697
batch:199 average train loss 2.1794
batch:299 average train loss 2.0166
batch:399 average train loss 1.9373
batch:499 average train loss 1.8768
batch:599 average train loss 1.8282
batch:699 average train loss 1.7979
batch:799 average train loss 1.7757
average train loss 1.7613
Train Consuming time:17.13 in the epoch: 0
total val iterations: 190 
average val loss 1.5718
accuracy ( less than 0.1 ): 0.2065
median val loss 0.6779
total test iterations: 190 
average test loss 1.5444
accuracy ( less than 0.1 ): 0.2060
median test loss 0.6735
Consuming time:21.34 in the epoch: 0
Best test loss is 1.54
---------------*****---------------
---------------*****---------------
Starting training the epoch: 1 
total batch: 884.5625 
batch:99 average train loss 1.5985
batch:199 average train loss 1.5924
batch:299 average train loss 1.5834
batch:399 average train loss 1.5922
batch:499 average train loss 1.5864
batch:599 average train loss 1.5792
batch:699 average train loss 1.5785
batch:799 average train loss 1.5787
average train loss 1.5786
Train Consuming time:16.98 in the epoch: 1
total val iterations: 190 
average val loss 1.5805
accuracy ( less than 0.1 ): 0.1965
median val loss 0.6881
total test iterations: 190 
average test loss 1.5496
accuracy ( less than 0.1 ): 0.1996
median test loss 0.6807
Consuming time:21.21 in the epoch: 1
Best test loss is 1.54
---------------*****---------------
---------------*****---------------
Starting training the epoch: 2 
total batch: 884.5625 
batch:99 average train loss 1.5476
batch:199 average train loss 1.5498
batch:299 average train loss 1.5468
batch:399 average train loss 1.5568
batch:499 average train loss 1.5518
batch:599 average train loss 1.5469
batch:699 average train loss 1.5482
batch:799 average train loss 1.5490
average train loss 1.5490
Train Consuming time:16.95 in the epoch: 2
total val iterations: 190 
average val loss 1.5462
accuracy ( less than 0.1 ): 0.1973
median val loss 0.6700
total test iterations: 190 
average test loss 1.5132
accuracy ( less than 0.1 ): 0.2022
median test loss 0.6630
Consuming time:21.18 in the epoch: 2
Best test loss is 1.51
---------------*****---------------
---------------*****---------------
Starting training the epoch: 3 
total batch: 884.5625 
batch:99 average train loss 1.5350
batch:199 average train loss 1.5351
batch:299 average train loss 1.5288
batch:399 average train loss 1.5403
batch:499 average train loss 1.5366
batch:599 average train loss 1.5330
batch:699 average train loss 1.5336
batch:799 average train loss 1.5350
average train loss 1.5350
Train Consuming time:17.07 in the epoch: 3
total val iterations: 190 
average val loss 1.5389
accuracy ( less than 0.1 ): 0.1925
median val loss 0.6654
total test iterations: 190 
average test loss 1.5029
accuracy ( less than 0.1 ): 0.1975
median test loss 0.6581
Consuming time:21.25 in the epoch: 3
Best test loss is 1.50
---------------*****---------------
---------------*****---------------
Starting training the epoch: 4 
total batch: 884.5625 
batch:99 average train loss 1.5238
batch:199 average train loss 1.5249
batch:299 average train loss 1.5190
batch:399 average train loss 1.5309
batch:499 average train loss 1.5270
batch:599 average train loss 1.5226
batch:699 average train loss 1.5240
batch:799 average train loss 1.5255
average train loss 1.5258
Train Consuming time:16.84 in the epoch: 4
total val iterations: 190 
average val loss 1.5346
accuracy ( less than 0.1 ): 0.1897
median val loss 0.6649
total test iterations: 190 
average test loss 1.4974
accuracy ( less than 0.1 ): 0.1954
median test loss 0.6511
Consuming time:21.01 in the epoch: 4
Best test loss is 1.50
---------------*****---------------
---------------*****---------------
Starting training the epoch: 5 
total batch: 884.5625 
batch:99 average train loss 1.5183
batch:199 average train loss 1.5211
batch:299 average train loss 1.5155
batch:399 average train loss 1.5264
batch:499 average train loss 1.5233
batch:599 average train loss 1.5195
batch:699 average train loss 1.5197
batch:799 average train loss 1.5211
average train loss 1.5212
Train Consuming time:16.82 in the epoch: 5
total val iterations: 190 
average val loss 1.5421
accuracy ( less than 0.1 ): 0.1909
median val loss 0.6656
total test iterations: 190 
average test loss 1.5071
accuracy ( less than 0.1 ): 0.1965
median test loss 0.6549
Consuming time:20.98 in the epoch: 5
Best test loss is 1.50
---------------*****---------------
---------------*****---------------
Starting training the epoch: 6 
total batch: 884.5625 
batch:99 average train loss 1.5127
batch:199 average train loss 1.5124
batch:299 average train loss 1.5087
batch:399 average train loss 1.5198
batch:499 average train loss 1.5161
batch:599 average train loss 1.5140
batch:699 average train loss 1.5145
batch:799 average train loss 1.5161
average train loss 1.5158
Train Consuming time:16.82 in the epoch: 6
total val iterations: 190 
average val loss 1.5456
accuracy ( less than 0.1 ): 0.1873
median val loss 0.6665
total test iterations: 190 
average test loss 1.5108
accuracy ( less than 0.1 ): 0.1915
median test loss 0.6515
Consuming time:20.98 in the epoch: 6
Best test loss is 1.50
---------------*****---------------
---------------*****---------------
Starting training the epoch: 7 
total batch: 884.5625 
batch:99 average train loss 1.5086
batch:199 average train loss 1.5100
batch:299 average train loss 1.5051
batch:399 average train loss 1.5160
batch:499 average train loss 1.5116
batch:599 average train loss 1.5092
batch:699 average train loss 1.5102
batch:799 average train loss 1.5119
average train loss 1.5121
Train Consuming time:16.83 in the epoch: 7
total val iterations: 190 
average val loss 1.5419
accuracy ( less than 0.1 ): 0.1828
median val loss 0.6633
total test iterations: 190 
average test loss 1.5035
accuracy ( less than 0.1 ): 0.1879
median test loss 0.6518
Consuming time:21.02 in the epoch: 7
Best test loss is 1.50
---------------*****---------------
---------------*****---------------
Starting training the epoch: 8 
total batch: 884.5625 
batch:99 average train loss 1.5054
batch:199 average train loss 1.5096
batch:299 average train loss 1.5027
batch:399 average train loss 1.5133
batch:499 average train loss 1.5096
batch:599 average train loss 1.5069
batch:699 average train loss 1.5072
batch:799 average train loss 1.5085
average train loss 1.5084
Train Consuming time:16.91 in the epoch: 8
total val iterations: 190 
average val loss 1.5724
accuracy ( less than 0.1 ): 0.1661
median val loss 0.6718
total test iterations: 190 
average test loss 1.5320
accuracy ( less than 0.1 ): 0.1720
median test loss 0.6720
Consuming time:21.09 in the epoch: 8
Best test loss is 1.50
---------------*****---------------
---------------*****---------------
Starting training the epoch: 9 
total batch: 884.5625 
batch:99 average train loss 1.5034
batch:199 average train loss 1.5063
batch:299 average train loss 1.4996
batch:399 average train loss 1.5098
batch:499 average train loss 1.5057
batch:599 average train loss 1.5038
batch:699 average train loss 1.5045
batch:799 average train loss 1.5064
average train loss 1.5061
Train Consuming time:17.17 in the epoch: 9
total val iterations: 190 
average val loss 1.5567
accuracy ( less than 0.1 ): 0.1729
median val loss 0.6694
total test iterations: 190 
average test loss 1.5171
accuracy ( less than 0.1 ): 0.1776
median test loss 0.6621
Consuming time:21.50 in the epoch: 9
Best test loss is 1.50
---------------*****---------------
---------------*****---------------
Starting training the epoch: 10 
total batch: 884.5625 
batch:99 average train loss 1.5015
batch:199 average train loss 1.5032
batch:299 average train loss 1.4958
batch:399 average train loss 1.5072
batch:499 average train loss 1.5037
batch:599 average train loss 1.5022
batch:699 average train loss 1.5025
batch:799 average train loss 1.5042
average train loss 1.5037
Train Consuming time:17.30 in the epoch: 10
total val iterations: 190 
average val loss 1.5536
accuracy ( less than 0.1 ): 0.1724
median val loss 0.6684
total test iterations: 190 
average test loss 1.5147
accuracy ( less than 0.1 ): 0.1752
median test loss 0.6613
Consuming time:21.67 in the epoch: 10
Best test loss is 1.50
---------------*****---------------
---------------*****---------------
Starting training the epoch: 11 
total batch: 884.5625 
batch:99 average train loss 1.4991
batch:199 average train loss 1.5019
batch:299 average train loss 1.4939
batch:399 average train loss 1.5043
batch:499 average train loss 1.5008
batch:599 average train loss 1.4999
batch:699 average train loss 1.5008
batch:799 average train loss 1.5025
average train loss 1.5022
Train Consuming time:17.12 in the epoch: 11
total val iterations: 190 
average val loss 1.5622
accuracy ( less than 0.1 ): 0.1658
median val loss 0.6717
total test iterations: 190 
average test loss 1.5225
accuracy ( less than 0.1 ): 0.1689
median test loss 0.6614
Consuming time:21.37 in the epoch: 11
Best test loss is 1.50
---------------*****---------------
---------------*****---------------
Starting training the epoch: 12 
total batch: 884.5625 
batch:99 average train loss 1.4987
batch:199 average train loss 1.5011
batch:299 average train loss 1.4927
batch:399 average train loss 1.5036
batch:499 average train loss 1.4998
batch:599 average train loss 1.4985
batch:699 average train loss 1.4993
batch:799 average train loss 1.5007
average train loss 1.5004
Train Consuming time:16.93 in the epoch: 12
total val iterations: 190 
average val loss 1.5686
accuracy ( less than 0.1 ): 0.1615
median val loss 0.6695
total test iterations: 190 
average test loss 1.5278
accuracy ( less than 0.1 ): 0.1641
median test loss 0.6638
Consuming time:21.08 in the epoch: 12
Best test loss is 1.50
---------------*****---------------
---------------*****---------------
Starting training the epoch: 13 
total batch: 884.5625 
batch:99 average train loss 1.4962
batch:199 average train loss 1.4987
batch:299 average train loss 1.4910
batch:399 average train loss 1.5014
batch:499 average train loss 1.4982
batch:599 average train loss 1.4971
batch:699 average train loss 1.4980
batch:799 average train loss 1.4997
average train loss 1.4992
Train Consuming time:16.81 in the epoch: 13
total val iterations: 190 
average val loss 1.5523
accuracy ( less than 0.1 ): 0.1700
median val loss 0.6679
total test iterations: 190 
average test loss 1.5139
accuracy ( less than 0.1 ): 0.1727
median test loss 0.6607
Consuming time:20.96 in the epoch: 13
Best test loss is 1.50
---------------*****---------------
---------------*****---------------
Starting training the epoch: 14 
total batch: 884.5625 
batch:99 average train loss 1.4942
batch:199 average train loss 1.4971
batch:299 average train loss 1.4896
batch:399 average train loss 1.5000
batch:499 average train loss 1.4964
batch:599 average train loss 1.4954
batch:699 average train loss 1.4963
batch:799 average train loss 1.4980
average train loss 1.4976
Train Consuming time:16.81 in the epoch: 14
total val iterations: 190 
average val loss 1.5536
accuracy ( less than 0.1 ): 0.1700
median val loss 0.6672
total test iterations: 190 
average test loss 1.5146
accuracy ( less than 0.1 ): 0.1731
median test loss 0.6602
Consuming time:21.01 in the epoch: 14
Best test loss is 1.50
---------------*****---------------
