===================configuration===================
learning rate :0.001 
num_mlp_layers : 1
num_layers : 2
gnn input_features : 100
gnn output_features : 64
input of rnn/transformer : 64
hidden_size (out put of rnn/tranformer) : 64
observation hour [7,19]
observation interval : 1
observation threshold : 8
prediction time : 86400
cascade length [10,100]
model save at : ../model_save/cas2vec/dblp3/
====bidirected: True, attention: , gcn_type: self, rnn: gru====
===================configuration===================
len(Y_train), len(Y_valid), len(Y_test): 63099 13522 13521
preparing time:52.653568267822266
total parameters 73233
---------------*****---------------
Starting training the epoch: 0 
total batch: 985.921875 
batch:99 average train loss 2.4093
batch:199 average train loss 2.0925
batch:299 average train loss 1.9381
batch:399 average train loss 1.8593
batch:499 average train loss 1.8026
batch:599 average train loss 1.7709
batch:699 average train loss 1.7456
batch:799 average train loss 1.7283
batch:899 average train loss 1.7128
average train loss 1.6926
Train Consuming time:21.55 in the epoch: 0
total val iterations: 212 
average val loss 1.4648
accuracy ( less than 0.1 ): 0.1779
median val loss 0.6276
total test iterations: 212 
average test loss 1.5145
accuracy ( less than 0.1 ): 0.1802
median test loss 0.6482
Consuming time:27.11 in the epoch: 0
Best test loss is 1.51
---------------*****---------------
---------------*****---------------
Starting training the epoch: 1 
total batch: 985.921875 
batch:99 average train loss 1.5457
batch:199 average train loss 1.5472
batch:299 average train loss 1.5281
batch:399 average train loss 1.5188
batch:499 average train loss 1.5132
batch:599 average train loss 1.5162
batch:699 average train loss 1.5166
batch:799 average train loss 1.5192
batch:899 average train loss 1.5219
average train loss 1.5145
Train Consuming time:21.60 in the epoch: 1
total val iterations: 212 
average val loss 1.4545
accuracy ( less than 0.1 ): 0.1720
median val loss 0.6247
total test iterations: 212 
average test loss 1.5050
accuracy ( less than 0.1 ): 0.1730
median test loss 0.6393
Consuming time:27.20 in the epoch: 1
Best test loss is 1.50
---------------*****---------------
---------------*****---------------
Starting training the epoch: 2 
total batch: 985.921875 
batch:99 average train loss 1.5178
batch:199 average train loss 1.5163
batch:299 average train loss 1.4968
batch:399 average train loss 1.4885
batch:499 average train loss 1.4834
batch:599 average train loss 1.4875
batch:699 average train loss 1.4899
batch:799 average train loss 1.4930
batch:899 average train loss 1.4961
average train loss 1.4904
Train Consuming time:21.63 in the epoch: 2
total val iterations: 212 
average val loss 1.6081
accuracy ( less than 0.1 ): 0.1082
median val loss 0.7296
total test iterations: 212 
average test loss 1.6622
accuracy ( less than 0.1 ): 0.1051
median test loss 0.7462
Consuming time:27.43 in the epoch: 2
Best test loss is 1.50
---------------*****---------------
---------------*****---------------
Starting training the epoch: 3 
total batch: 985.921875 
batch:99 average train loss 1.5147
batch:199 average train loss 1.5050
batch:299 average train loss 1.4839
batch:399 average train loss 1.4772
batch:499 average train loss 1.4708
batch:599 average train loss 1.4754
batch:699 average train loss 1.4769
batch:799 average train loss 1.4799
batch:899 average train loss 1.4838
average train loss 1.4779
Train Consuming time:21.98 in the epoch: 3
total val iterations: 212 
average val loss 1.5984
accuracy ( less than 0.1 ): 0.1090
median val loss 0.7234
total test iterations: 212 
average test loss 1.6528
accuracy ( less than 0.1 ): 0.1073
median test loss 0.7393
Consuming time:27.70 in the epoch: 3
Best test loss is 1.50
---------------*****---------------
---------------*****---------------
Starting training the epoch: 4 
total batch: 985.921875 
batch:99 average train loss 1.5025
batch:199 average train loss 1.4955
batch:299 average train loss 1.4750
batch:399 average train loss 1.4686
batch:499 average train loss 1.4644
batch:599 average train loss 1.4682
batch:699 average train loss 1.4706
batch:799 average train loss 1.4738
batch:899 average train loss 1.4774
average train loss 1.4714
Train Consuming time:21.73 in the epoch: 4
total val iterations: 212 
average val loss 1.5783
accuracy ( less than 0.1 ): 0.1123
median val loss 0.7090
total test iterations: 212 
average test loss 1.6344
accuracy ( less than 0.1 ): 0.1117
median test loss 0.7263
Consuming time:27.23 in the epoch: 4
Best test loss is 1.50
---------------*****---------------
---------------*****---------------
Starting training the epoch: 5 
total batch: 985.921875 
batch:99 average train loss 1.4957
batch:199 average train loss 1.4896
batch:299 average train loss 1.4687
batch:399 average train loss 1.4617
batch:499 average train loss 1.4561
batch:599 average train loss 1.4605
batch:699 average train loss 1.4632
batch:799 average train loss 1.4669
batch:899 average train loss 1.4706
average train loss 1.4645
Train Consuming time:21.38 in the epoch: 5
total val iterations: 212 
average val loss 1.5660
accuracy ( less than 0.1 ): 0.1163
median val loss 0.6972
total test iterations: 212 
average test loss 1.6219
accuracy ( less than 0.1 ): 0.1132
median test loss 0.7199
Consuming time:26.88 in the epoch: 5
Best test loss is 1.50
---------------*****---------------
---------------*****---------------
Starting training the epoch: 6 
total batch: 985.921875 
batch:99 average train loss 1.4864
batch:199 average train loss 1.4836
batch:299 average train loss 1.4637
batch:399 average train loss 1.4570
batch:499 average train loss 1.4511
batch:599 average train loss 1.4562
batch:699 average train loss 1.4586
batch:799 average train loss 1.4619
batch:899 average train loss 1.4662
average train loss 1.4603
Train Consuming time:21.38 in the epoch: 6
total val iterations: 212 
average val loss 1.4949
accuracy ( less than 0.1 ): 0.1353
median val loss 0.6582
total test iterations: 212 
average test loss 1.5494
accuracy ( less than 0.1 ): 0.1366
median test loss 0.6725
Consuming time:27.03 in the epoch: 6
Best test loss is 1.50
---------------*****---------------
---------------*****---------------
Starting training the epoch: 7 
total batch: 985.921875 
batch:99 average train loss 1.4823
batch:199 average train loss 1.4800
batch:299 average train loss 1.4593
batch:399 average train loss 1.4523
batch:499 average train loss 1.4463
batch:599 average train loss 1.4511
batch:699 average train loss 1.4537
batch:799 average train loss 1.4573
batch:899 average train loss 1.4615
average train loss 1.4557
Train Consuming time:21.58 in the epoch: 7
total val iterations: 212 
average val loss 1.4583
accuracy ( less than 0.1 ): 0.1509
median val loss 0.6289
total test iterations: 212 
average test loss 1.5114
accuracy ( less than 0.1 ): 0.1517
median test loss 0.6447
Consuming time:27.06 in the epoch: 7
Best test loss is 1.50
---------------*****---------------
---------------*****---------------
Starting training the epoch: 8 
total batch: 985.921875 
batch:99 average train loss 1.4757
batch:199 average train loss 1.4765
batch:299 average train loss 1.4568
batch:399 average train loss 1.4500
batch:499 average train loss 1.4441
batch:599 average train loss 1.4489
batch:699 average train loss 1.4516
batch:799 average train loss 1.4555
batch:899 average train loss 1.4597
average train loss 1.4540
Train Consuming time:21.31 in the epoch: 8
total val iterations: 212 
average val loss 1.4550
accuracy ( less than 0.1 ): 0.1520
median val loss 0.6270
total test iterations: 212 
average test loss 1.5078
accuracy ( less than 0.1 ): 0.1549
median test loss 0.6443
Consuming time:26.78 in the epoch: 8
Best test loss is 1.50
---------------*****---------------
---------------*****---------------
Starting training the epoch: 9 
total batch: 985.921875 
batch:99 average train loss 1.4739
batch:199 average train loss 1.4745
batch:299 average train loss 1.4546
batch:399 average train loss 1.4473
batch:499 average train loss 1.4415
batch:599 average train loss 1.4467
batch:699 average train loss 1.4491
batch:799 average train loss 1.4529
batch:899 average train loss 1.4569
average train loss 1.4513
Train Consuming time:21.33 in the epoch: 9
total val iterations: 212 
average val loss 1.4535
accuracy ( less than 0.1 ): 0.1551
median val loss 0.6220
total test iterations: 212 
average test loss 1.5075
accuracy ( less than 0.1 ): 0.1577
median test loss 0.6495
Consuming time:26.83 in the epoch: 9
Best test loss is 1.50
---------------*****---------------
---------------*****---------------
Starting training the epoch: 10 
total batch: 985.921875 
batch:99 average train loss 1.4711
batch:199 average train loss 1.4726
batch:299 average train loss 1.4528
batch:399 average train loss 1.4455
batch:499 average train loss 1.4397
batch:599 average train loss 1.4443
batch:699 average train loss 1.4466
batch:799 average train loss 1.4504
batch:899 average train loss 1.4548
average train loss 1.4493
Train Consuming time:21.37 in the epoch: 10
total val iterations: 212 
average val loss 1.4421
accuracy ( less than 0.1 ): 0.1642
median val loss 0.6169
total test iterations: 212 
average test loss 1.4978
accuracy ( less than 0.1 ): 0.1668
median test loss 0.6353
Consuming time:26.97 in the epoch: 10
Best test loss is 1.50
---------------*****---------------
---------------*****---------------
Starting training the epoch: 11 
total batch: 985.921875 
batch:99 average train loss 1.4715
batch:199 average train loss 1.4720
batch:299 average train loss 1.4524
batch:399 average train loss 1.4448
batch:499 average train loss 1.4388
batch:599 average train loss 1.4432
batch:699 average train loss 1.4457
batch:799 average train loss 1.4494
batch:899 average train loss 1.4534
average train loss 1.4476
Train Consuming time:21.70 in the epoch: 11
total val iterations: 212 
average val loss 1.4650
accuracy ( less than 0.1 ): 0.1495
median val loss 0.6364
total test iterations: 212 
average test loss 1.5193
accuracy ( less than 0.1 ): 0.1523
median test loss 0.6577
Consuming time:27.30 in the epoch: 11
Best test loss is 1.50
---------------*****---------------
---------------*****---------------
Starting training the epoch: 12 
total batch: 985.921875 
batch:99 average train loss 1.4713
batch:199 average train loss 1.4713
batch:299 average train loss 1.4511
batch:399 average train loss 1.4438
batch:499 average train loss 1.4380
batch:599 average train loss 1.4426
batch:699 average train loss 1.4447
batch:799 average train loss 1.4483
batch:899 average train loss 1.4525
average train loss 1.4470
Train Consuming time:21.49 in the epoch: 12
total val iterations: 212 
average val loss 1.4611
accuracy ( less than 0.1 ): 0.1526
median val loss 0.6315
total test iterations: 212 
average test loss 1.5175
accuracy ( less than 0.1 ): 0.1525
median test loss 0.6521
Consuming time:27.05 in the epoch: 12
Best test loss is 1.50
---------------*****---------------
---------------*****---------------
Starting training the epoch: 13 
total batch: 985.921875 
batch:99 average train loss 1.4650
batch:199 average train loss 1.4675
batch:299 average train loss 1.4492
batch:399 average train loss 1.4419
batch:499 average train loss 1.4361
batch:599 average train loss 1.4406
batch:699 average train loss 1.4427
batch:799 average train loss 1.4465
batch:899 average train loss 1.4506
average train loss 1.4449
Train Consuming time:21.18 in the epoch: 13
total val iterations: 212 
average val loss 1.4409
accuracy ( less than 0.1 ): 0.1662
median val loss 0.6247
total test iterations: 212 
average test loss 1.4950
accuracy ( less than 0.1 ): 0.1696
median test loss 0.6307
Consuming time:26.67 in the epoch: 13
Best test loss is 1.50
---------------*****---------------
---------------*****---------------
Starting training the epoch: 14 
total batch: 985.921875 
batch:99 average train loss 1.4625
batch:199 average train loss 1.4655
batch:299 average train loss 1.4474
batch:399 average train loss 1.4402
batch:499 average train loss 1.4347
batch:599 average train loss 1.4393
batch:699 average train loss 1.4416
batch:799 average train loss 1.4452
batch:899 average train loss 1.4493
average train loss 1.4436
Train Consuming time:21.32 in the epoch: 14
total val iterations: 212 
average val loss 1.4398
accuracy ( less than 0.1 ): 0.1657
median val loss 0.6163
total test iterations: 212 
average test loss 1.4938
accuracy ( less than 0.1 ): 0.1699
median test loss 0.6307
Consuming time:26.81 in the epoch: 14
Best test loss is 1.49
---------------*****---------------
---------------*****---------------
Starting training the epoch: 15 
total batch: 985.921875 
batch:99 average train loss 1.4621
batch:199 average train loss 1.4647
batch:299 average train loss 1.4465
batch:399 average train loss 1.4395
batch:499 average train loss 1.4336
batch:599 average train loss 1.4383
batch:699 average train loss 1.4404
batch:799 average train loss 1.4439
batch:899 average train loss 1.4480
average train loss 1.4424
Train Consuming time:21.30 in the epoch: 15
total val iterations: 212 
average val loss 1.4415
accuracy ( less than 0.1 ): 0.1636
median val loss 0.6218
total test iterations: 212 
average test loss 1.4955
accuracy ( less than 0.1 ): 0.1669
median test loss 0.6316
Consuming time:26.81 in the epoch: 15
Best test loss is 1.49
---------------*****---------------
---------------*****---------------
Starting training the epoch: 16 
total batch: 985.921875 
batch:99 average train loss 1.4591
batch:199 average train loss 1.4637
batch:299 average train loss 1.4456
batch:399 average train loss 1.4390
batch:499 average train loss 1.4329
batch:599 average train loss 1.4373
batch:699 average train loss 1.4392
batch:799 average train loss 1.4432
batch:899 average train loss 1.4470
average train loss 1.4413
Train Consuming time:21.24 in the epoch: 16
total val iterations: 212 
average val loss 1.4455
accuracy ( less than 0.1 ): 0.1672
median val loss 0.6262
total test iterations: 212 
average test loss 1.4998
accuracy ( less than 0.1 ): 0.1702
median test loss 0.6350
Consuming time:26.74 in the epoch: 16
Best test loss is 1.49
---------------*****---------------
---------------*****---------------
Starting training the epoch: 17 
total batch: 985.921875 
batch:99 average train loss 1.4586
batch:199 average train loss 1.4620
batch:299 average train loss 1.4436
batch:399 average train loss 1.4368
batch:499 average train loss 1.4308
batch:599 average train loss 1.4356
batch:699 average train loss 1.4378
batch:799 average train loss 1.4413
batch:899 average train loss 1.4452
average train loss 1.4397
Train Consuming time:21.39 in the epoch: 17
total val iterations: 212 
average val loss 1.4390
accuracy ( less than 0.1 ): 0.1665
median val loss 0.6202
total test iterations: 212 
average test loss 1.4935
accuracy ( less than 0.1 ): 0.1722
median test loss 0.6309
Consuming time:26.89 in the epoch: 17
Best test loss is 1.49
---------------*****---------------
---------------*****---------------
Starting training the epoch: 18 
total batch: 985.921875 
batch:99 average train loss 1.4614
batch:199 average train loss 1.4633
batch:299 average train loss 1.4448
batch:399 average train loss 1.4369
batch:499 average train loss 1.4309
batch:599 average train loss 1.4352
batch:699 average train loss 1.4369
batch:799 average train loss 1.4408
batch:899 average train loss 1.4447
average train loss 1.4390
Train Consuming time:21.32 in the epoch: 18
total val iterations: 212 
average val loss 1.4439
accuracy ( less than 0.1 ): 0.1662
median val loss 0.6288
total test iterations: 212 
average test loss 1.4964
accuracy ( less than 0.1 ): 0.1694
median test loss 0.6316
Consuming time:26.84 in the epoch: 18
Best test loss is 1.49
---------------*****---------------
---------------*****---------------
Starting training the epoch: 19 
total batch: 985.921875 
batch:99 average train loss 1.4591
batch:199 average train loss 1.4623
batch:299 average train loss 1.4431
batch:399 average train loss 1.4360
batch:499 average train loss 1.4302
batch:599 average train loss 1.4345
batch:699 average train loss 1.4362
batch:799 average train loss 1.4397
batch:899 average train loss 1.4434
average train loss 1.4378
Train Consuming time:21.58 in the epoch: 19
total val iterations: 212 
average val loss 1.4468
accuracy ( less than 0.1 ): 0.1668
median val loss 0.6280
total test iterations: 212 
average test loss 1.5035
accuracy ( less than 0.1 ): 0.1683
median test loss 0.6463
Consuming time:27.17 in the epoch: 19
Best test loss is 1.49
---------------*****---------------
---------------*****---------------
Starting training the epoch: 20 
total batch: 985.921875 
batch:99 average train loss 1.4562
batch:199 average train loss 1.4534
batch:299 average train loss 1.4332
batch:399 average train loss 1.4255
batch:499 average train loss 1.4190
batch:599 average train loss 1.4220
batch:699 average train loss 1.4240
batch:799 average train loss 1.4257
batch:899 average train loss 1.4284
average train loss 1.4213
Train Consuming time:21.41 in the epoch: 20
total val iterations: 212 
average val loss 1.4236
accuracy ( less than 0.1 ): 0.1808
median val loss 0.6103
total test iterations: 212 
average test loss 1.4777
accuracy ( less than 0.1 ): 0.1862
median test loss 0.6294
Consuming time:27.10 in the epoch: 20
Best test loss is 1.48
---------------*****---------------
---------------*****---------------
Starting training the epoch: 21 
total batch: 985.921875 
batch:99 average train loss 1.4488
batch:199 average train loss 1.4463
batch:299 average train loss 1.4261
batch:399 average train loss 1.4188
batch:499 average train loss 1.4127
batch:599 average train loss 1.4164
batch:699 average train loss 1.4188
batch:799 average train loss 1.4208
batch:899 average train loss 1.4239
average train loss 1.4174
Train Consuming time:21.57 in the epoch: 21
total val iterations: 212 
average val loss 1.4224
accuracy ( less than 0.1 ): 0.1805
median val loss 0.6119
total test iterations: 212 
average test loss 1.4757
accuracy ( less than 0.1 ): 0.1862
median test loss 0.6284
Consuming time:27.26 in the epoch: 21
Best test loss is 1.48
---------------*****---------------
---------------*****---------------
Starting training the epoch: 22 
total batch: 985.921875 
batch:99 average train loss 1.4474
batch:199 average train loss 1.4447
batch:299 average train loss 1.4243
batch:399 average train loss 1.4171
batch:499 average train loss 1.4109
batch:599 average train loss 1.4148
batch:699 average train loss 1.4173
batch:799 average train loss 1.4194
batch:899 average train loss 1.4226
average train loss 1.4164
Train Consuming time:21.35 in the epoch: 22
total val iterations: 212 
average val loss 1.4219
accuracy ( less than 0.1 ): 0.1803
median val loss 0.6109
total test iterations: 212 
average test loss 1.4750
accuracy ( less than 0.1 ): 0.1862
median test loss 0.6257
Consuming time:26.98 in the epoch: 22
Best test loss is 1.47
---------------*****---------------
---------------*****---------------
Starting training the epoch: 23 
total batch: 985.921875 
batch:99 average train loss 1.4465
batch:199 average train loss 1.4438
batch:299 average train loss 1.4235
batch:399 average train loss 1.4163
batch:499 average train loss 1.4101
batch:599 average train loss 1.4141
batch:699 average train loss 1.4166
batch:799 average train loss 1.4188
batch:899 average train loss 1.4221
average train loss 1.4158
Train Consuming time:21.13 in the epoch: 23
total val iterations: 212 
average val loss 1.4217
accuracy ( less than 0.1 ): 0.1805
median val loss 0.6115
total test iterations: 212 
average test loss 1.4749
accuracy ( less than 0.1 ): 0.1862
median test loss 0.6264
Consuming time:26.68 in the epoch: 23
Best test loss is 1.47
---------------*****---------------
---------------*****---------------
Starting training the epoch: 24 
total batch: 985.921875 
batch:99 average train loss 1.4459
batch:199 average train loss 1.4432
batch:299 average train loss 1.4231
batch:399 average train loss 1.4158
batch:499 average train loss 1.4097
batch:599 average train loss 1.4136
batch:699 average train loss 1.4162
batch:799 average train loss 1.4184
batch:899 average train loss 1.4217
average train loss 1.4155
Train Consuming time:21.49 in the epoch: 24
total val iterations: 212 
average val loss 1.4217
accuracy ( less than 0.1 ): 0.1803
median val loss 0.6121
total test iterations: 212 
average test loss 1.4747
accuracy ( less than 0.1 ): 0.1863
median test loss 0.6245
Consuming time:27.10 in the epoch: 24
Best test loss is 1.47
---------------*****---------------
---------------*****---------------
Starting training the epoch: 25 
total batch: 985.921875 
batch:99 average train loss 1.4458
batch:199 average train loss 1.4431
batch:299 average train loss 1.4228
batch:399 average train loss 1.4155
batch:499 average train loss 1.4094
batch:599 average train loss 1.4133
batch:699 average train loss 1.4159
batch:799 average train loss 1.4182
batch:899 average train loss 1.4215
average train loss 1.4153
Train Consuming time:21.17 in the epoch: 25
total val iterations: 212 
average val loss 1.4217
accuracy ( less than 0.1 ): 0.1805
median val loss 0.6118
total test iterations: 212 
average test loss 1.4747
accuracy ( less than 0.1 ): 0.1862
median test loss 0.6253
Consuming time:26.68 in the epoch: 25
Best test loss is 1.47
---------------*****---------------
---------------*****---------------
Starting training the epoch: 26 
total batch: 985.921875 
batch:99 average train loss 1.4457
batch:199 average train loss 1.4429
batch:299 average train loss 1.4227
batch:399 average train loss 1.4153
batch:499 average train loss 1.4092
batch:599 average train loss 1.4131
batch:699 average train loss 1.4157
batch:799 average train loss 1.4180
batch:899 average train loss 1.4213
average train loss 1.4152
Train Consuming time:21.15 in the epoch: 26
total val iterations: 212 
average val loss 1.4217
accuracy ( less than 0.1 ): 0.1807
median val loss 0.6121
total test iterations: 212 
average test loss 1.4747
accuracy ( less than 0.1 ): 0.1859
median test loss 0.6262
Consuming time:26.67 in the epoch: 26
Best test loss is 1.47
---------------*****---------------
---------------*****---------------
Starting training the epoch: 27 
total batch: 985.921875 
batch:99 average train loss 1.4456
batch:199 average train loss 1.4428
batch:299 average train loss 1.4225
batch:399 average train loss 1.4151
batch:499 average train loss 1.4090
batch:599 average train loss 1.4129
batch:699 average train loss 1.4155
batch:799 average train loss 1.4178
batch:899 average train loss 1.4212
average train loss 1.4151
Train Consuming time:21.00 in the epoch: 27
total val iterations: 212 
average val loss 1.4218
accuracy ( less than 0.1 ): 0.1809
median val loss 0.6111
total test iterations: 212 
average test loss 1.4747
accuracy ( less than 0.1 ): 0.1852
median test loss 0.6273
Consuming time:26.51 in the epoch: 27
Best test loss is 1.47
---------------*****---------------
---------------*****---------------
Starting training the epoch: 28 
total batch: 985.921875 
batch:99 average train loss 1.4455
batch:199 average train loss 1.4427
batch:299 average train loss 1.4223
batch:399 average train loss 1.4150
batch:499 average train loss 1.4088
batch:599 average train loss 1.4127
batch:699 average train loss 1.4154
batch:799 average train loss 1.4177
batch:899 average train loss 1.4211
average train loss 1.4150
Train Consuming time:21.00 in the epoch: 28
total val iterations: 212 
average val loss 1.4217
accuracy ( less than 0.1 ): 0.1813
median val loss 0.6118
total test iterations: 212 
average test loss 1.4746
accuracy ( less than 0.1 ): 0.1854
median test loss 0.6287
Consuming time:26.51 in the epoch: 28
Best test loss is 1.47
---------------*****---------------
---------------*****---------------
Starting training the epoch: 29 
total batch: 985.921875 
batch:99 average train loss 1.4453
batch:199 average train loss 1.4425
batch:299 average train loss 1.4220
batch:399 average train loss 1.4147
batch:499 average train loss 1.4085
batch:599 average train loss 1.4125
batch:699 average train loss 1.4151
batch:799 average train loss 1.4175
batch:899 average train loss 1.4208
average train loss 1.4148
Train Consuming time:21.28 in the epoch: 29
total val iterations: 212 
average val loss 1.4215
accuracy ( less than 0.1 ): 0.1816
median val loss 0.6123
total test iterations: 212 
average test loss 1.4746
accuracy ( less than 0.1 ): 0.1848
median test loss 0.6284
Consuming time:26.87 in the epoch: 29
Best test loss is 1.47
---------------*****---------------
---------------*****---------------
Starting training the epoch: 30 
total batch: 985.921875 
batch:99 average train loss 1.4456
batch:199 average train loss 1.4424
batch:299 average train loss 1.4218
batch:399 average train loss 1.4144
batch:499 average train loss 1.4082
batch:599 average train loss 1.4122
batch:699 average train loss 1.4148
batch:799 average train loss 1.4172
batch:899 average train loss 1.4206
average train loss 1.4146
Train Consuming time:21.22 in the epoch: 30
total val iterations: 212 
average val loss 1.4214
accuracy ( less than 0.1 ): 0.1816
median val loss 0.6117
total test iterations: 212 
average test loss 1.4746
accuracy ( less than 0.1 ): 0.1849
median test loss 0.6284
Consuming time:26.78 in the epoch: 30
Best test loss is 1.47
---------------*****---------------
---------------*****---------------
Starting training the epoch: 31 
total batch: 985.921875 
batch:99 average train loss 1.4453
batch:199 average train loss 1.4421
batch:299 average train loss 1.4216
batch:399 average train loss 1.4142
batch:499 average train loss 1.4081
batch:599 average train loss 1.4121
batch:699 average train loss 1.4147
batch:799 average train loss 1.4171
batch:899 average train loss 1.4205
average train loss 1.4145
Train Consuming time:21.16 in the epoch: 31
total val iterations: 212 
average val loss 1.4212
accuracy ( less than 0.1 ): 0.1811
median val loss 0.6122
total test iterations: 212 
average test loss 1.4747
accuracy ( less than 0.1 ): 0.1846
median test loss 0.6284
Consuming time:26.80 in the epoch: 31
Best test loss is 1.47
---------------*****---------------
---------------*****---------------
Starting training the epoch: 32 
total batch: 985.921875 
batch:99 average train loss 1.4454
batch:199 average train loss 1.4421
batch:299 average train loss 1.4215
batch:399 average train loss 1.4141
batch:499 average train loss 1.4079
batch:599 average train loss 1.4119
batch:699 average train loss 1.4146
batch:799 average train loss 1.4170
batch:899 average train loss 1.4204
average train loss 1.4144
Train Consuming time:21.47 in the epoch: 32
total val iterations: 212 
average val loss 1.4212
accuracy ( less than 0.1 ): 0.1810
median val loss 0.6098
total test iterations: 212 
average test loss 1.4747
accuracy ( less than 0.1 ): 0.1847
median test loss 0.6285
Consuming time:27.13 in the epoch: 32
Best test loss is 1.47
---------------*****---------------
---------------*****---------------
Starting training the epoch: 33 
total batch: 985.921875 
batch:99 average train loss 1.4452
batch:199 average train loss 1.4420
batch:299 average train loss 1.4214
batch:399 average train loss 1.4140
batch:499 average train loss 1.4078
batch:599 average train loss 1.4118
batch:699 average train loss 1.4145
batch:799 average train loss 1.4169
batch:899 average train loss 1.4203
average train loss 1.4143
Train Consuming time:20.92 in the epoch: 33
total val iterations: 212 
average val loss 1.4212
accuracy ( less than 0.1 ): 0.1810
median val loss 0.6105
total test iterations: 212 
average test loss 1.4747
accuracy ( less than 0.1 ): 0.1842
median test loss 0.6282
Consuming time:26.58 in the epoch: 33
Best test loss is 1.47
---------------*****---------------
---------------*****---------------
Starting training the epoch: 34 
total batch: 985.921875 
batch:99 average train loss 1.4452
batch:199 average train loss 1.4419
batch:299 average train loss 1.4213
batch:399 average train loss 1.4139
batch:499 average train loss 1.4077
batch:599 average train loss 1.4117
batch:699 average train loss 1.4144
batch:799 average train loss 1.4168
batch:899 average train loss 1.4203
average train loss 1.4142
Train Consuming time:19.00 in the epoch: 34
total val iterations: 212 
average val loss 1.4212
accuracy ( less than 0.1 ): 0.1810
median val loss 0.6103
total test iterations: 212 
average test loss 1.4747
accuracy ( less than 0.1 ): 0.1842
median test loss 0.6281
Consuming time:24.66 in the epoch: 34
Best test loss is 1.47
---------------*****---------------
