===================configuration===================
learning rate :0.001 
num_mlp_layers : 1
num_layers : 2
gnn input_features : 100
gnn output_features : 64
input of rnn/transformer : 64
hidden_size (out put of rnn/tranformer) : 64
observation hour [7,19]
observation interval : 360
observation threshold : 10800
prediction time : 86400
cascade length [5,100]
model save at : ../model_save/cas2vec/weibo3/
====bidirected: False, attention: GAT, gcn_type: self, rnn: transformer====
===================configuration===================
len(Y_train), len(Y_valid), len(Y_test): 40150 8604 8604
preparing time:126.26007962226868
emb_size is not avalible when using transformer
total parameters 109725
---------------*****---------------
Starting training the epoch: 0 
total batch: 627.34375 
batch:99 average train loss 2.9729
batch:199 average train loss 2.7169
batch:299 average train loss 2.5293
batch:399 average train loss 2.4257
batch:499 average train loss 2.3475
batch:599 average train loss 2.3089
average train loss 2.2956
Train Consuming time:271.49 in the epoch: 0
total val iterations: 135 
average val loss 2.0853
accuracy ( less than 0.1 ): 0.1247
median val loss 0.6048
total test iterations: 135 
average test loss 2.0084
accuracy ( less than 0.1 ): 0.1255
median test loss 0.6010
Consuming time:378.64 in the epoch: 0
Best test loss is 2.01
---------------*****---------------
---------------*****---------------
Starting training the epoch: 1 
total batch: 627.34375 
batch:99 average train loss 2.0427
batch:199 average train loss 2.0687
batch:299 average train loss 2.0288
batch:399 average train loss 2.0176
batch:499 average train loss 2.0000
batch:599 average train loss 2.0037
average train loss 2.0006
Train Consuming time:172.45 in the epoch: 1
total val iterations: 135 
average val loss 2.0355
accuracy ( less than 0.1 ): 0.1048
median val loss 0.5889
total test iterations: 135 
average test loss 1.9489
accuracy ( less than 0.1 ): 0.1006
median test loss 0.5734
Consuming time:224.53 in the epoch: 1
Best test loss is 1.95
---------------*****---------------
---------------*****---------------
Starting training the epoch: 2 
total batch: 627.34375 
batch:99 average train loss 1.9833
batch:199 average train loss 2.0028
batch:299 average train loss 1.9759
batch:399 average train loss 1.9633
batch:499 average train loss 1.9432
batch:599 average train loss 1.9457
average train loss 1.9432
Train Consuming time:171.96 in the epoch: 2
total val iterations: 135 
average val loss 1.9267
accuracy ( less than 0.1 ): 0.1342
median val loss 0.5664
total test iterations: 135 
average test loss 1.8542
accuracy ( less than 0.1 ): 0.1271
median test loss 0.5529
Consuming time:224.26 in the epoch: 2
Best test loss is 1.85
---------------*****---------------
---------------*****---------------
Starting training the epoch: 3 
total batch: 627.34375 
batch:99 average train loss 1.9176
batch:199 average train loss 1.9399
batch:299 average train loss 1.9169
batch:399 average train loss 1.9093
batch:499 average train loss 1.8948
batch:599 average train loss 1.9006
average train loss 1.8967
Train Consuming time:174.15 in the epoch: 3
total val iterations: 135 
average val loss 1.9252
accuracy ( less than 0.1 ): 0.1139
median val loss 0.5639
total test iterations: 135 
average test loss 1.8360
accuracy ( less than 0.1 ): 0.1118
median test loss 0.5502
Consuming time:227.32 in the epoch: 3
Best test loss is 1.84
---------------*****---------------
---------------*****---------------
Starting training the epoch: 4 
total batch: 627.34375 
batch:99 average train loss 1.8808
batch:199 average train loss 1.8940
batch:299 average train loss 1.8711
batch:399 average train loss 1.8646
batch:499 average train loss 1.8558
batch:599 average train loss 1.8619
average train loss 1.8591
Train Consuming time:175.00 in the epoch: 4
total val iterations: 135 
average val loss 1.8967
accuracy ( less than 0.1 ): 0.1284
median val loss 0.5582
total test iterations: 135 
average test loss 1.7875
accuracy ( less than 0.1 ): 0.1256
median test loss 0.5396
Consuming time:228.12 in the epoch: 4
Best test loss is 1.79
---------------*****---------------
---------------*****---------------
Starting training the epoch: 5 
total batch: 627.34375 
batch:99 average train loss 1.8597
batch:199 average train loss 1.8718
batch:299 average train loss 1.8546
batch:399 average train loss 1.8463
batch:499 average train loss 1.8362
batch:599 average train loss 1.8419
average train loss 1.8385
Train Consuming time:174.19 in the epoch: 5
total val iterations: 135 
average val loss 1.9386
accuracy ( less than 0.1 ): 0.1139
median val loss 0.5629
total test iterations: 135 
average test loss 1.8269
accuracy ( less than 0.1 ): 0.1087
median test loss 0.5346
Consuming time:227.79 in the epoch: 5
Best test loss is 1.79
---------------*****---------------
---------------*****---------------
Starting training the epoch: 6 
total batch: 627.34375 
batch:99 average train loss 1.8492
batch:199 average train loss 1.8643
batch:299 average train loss 1.8402
batch:399 average train loss 1.8324
batch:499 average train loss 1.8240
batch:599 average train loss 1.8288
average train loss 1.8257
Train Consuming time:183.03 in the epoch: 6
total val iterations: 135 
average val loss 1.8712
accuracy ( less than 0.1 ): 0.1340
median val loss 0.5542
total test iterations: 135 
average test loss 1.7641
accuracy ( less than 0.1 ): 0.1335
median test loss 0.5394
Consuming time:237.56 in the epoch: 6
Best test loss is 1.76
---------------*****---------------
---------------*****---------------
Starting training the epoch: 7 
total batch: 627.34375 
batch:99 average train loss 1.8285
batch:199 average train loss 1.8427
batch:299 average train loss 1.8178
batch:399 average train loss 1.8087
batch:499 average train loss 1.8015
batch:599 average train loss 1.8087
average train loss 1.8060
Train Consuming time:177.67 in the epoch: 7
total val iterations: 135 
average val loss 1.8456
accuracy ( less than 0.1 ): 0.1281
median val loss 0.5372
total test iterations: 135 
average test loss 1.7436
accuracy ( less than 0.1 ): 0.1247
median test loss 0.5124
Consuming time:237.46 in the epoch: 7
Best test loss is 1.74
---------------*****---------------
---------------*****---------------
Starting training the epoch: 8 
total batch: 627.34375 
batch:99 average train loss 1.8078
batch:199 average train loss 1.8242
batch:299 average train loss 1.8002
batch:399 average train loss 1.7922
batch:499 average train loss 1.7840
batch:599 average train loss 1.7889
average train loss 1.7863
Train Consuming time:189.17 in the epoch: 8
total val iterations: 135 
average val loss 1.8836
accuracy ( less than 0.1 ): 0.1103
median val loss 0.5401
total test iterations: 135 
average test loss 1.7744
accuracy ( less than 0.1 ): 0.1122
median test loss 0.5051
Consuming time:246.43 in the epoch: 8
Best test loss is 1.74
---------------*****---------------
---------------*****---------------
Starting training the epoch: 9 
total batch: 627.34375 
batch:99 average train loss 1.7982
batch:199 average train loss 1.8157
batch:299 average train loss 1.7929
batch:399 average train loss 1.7822
batch:499 average train loss 1.7740
batch:599 average train loss 1.7785
average train loss 1.7766
Train Consuming time:183.31 in the epoch: 9
total val iterations: 135 
average val loss 1.8393
accuracy ( less than 0.1 ): 0.1279
median val loss 0.5516
total test iterations: 135 
average test loss 1.7386
accuracy ( less than 0.1 ): 0.1280
median test loss 0.5140
Consuming time:242.70 in the epoch: 9
Best test loss is 1.74
---------------*****---------------
---------------*****---------------
Starting training the epoch: 10 
total batch: 627.34375 
batch:99 average train loss 1.7757
batch:199 average train loss 1.7943
batch:299 average train loss 1.7732
batch:399 average train loss 1.7680
batch:499 average train loss 1.7623
batch:599 average train loss 1.7693
average train loss 1.7674
Train Consuming time:193.40 in the epoch: 10
total val iterations: 135 
average val loss 1.8424
accuracy ( less than 0.1 ): 0.1344
median val loss 0.5449
total test iterations: 135 
average test loss 1.7248
accuracy ( less than 0.1 ): 0.1391
median test loss 0.5113
Consuming time:253.85 in the epoch: 10
Best test loss is 1.72
---------------*****---------------
---------------*****---------------
Starting training the epoch: 11 
total batch: 627.34375 
batch:99 average train loss 1.7711
batch:199 average train loss 1.7853
batch:299 average train loss 1.7636
batch:399 average train loss 1.7616
batch:499 average train loss 1.7618
batch:599 average train loss 1.7666
average train loss 1.7630
Train Consuming time:186.83 in the epoch: 11
total val iterations: 135 
average val loss 1.8916
accuracy ( less than 0.1 ): 0.1104
median val loss 0.5495
total test iterations: 135 
average test loss 1.7757
accuracy ( less than 0.1 ): 0.1161
median test loss 0.5223
Consuming time:246.37 in the epoch: 11
Best test loss is 1.72
---------------*****---------------
---------------*****---------------
Starting training the epoch: 12 
total batch: 627.34375 
batch:99 average train loss 1.7614
batch:199 average train loss 1.7759
batch:299 average train loss 1.7541
batch:399 average train loss 1.7487
batch:499 average train loss 1.7429
batch:599 average train loss 1.7485
average train loss 1.7448
Train Consuming time:189.05 in the epoch: 12
total val iterations: 135 
average val loss 1.8597
accuracy ( less than 0.1 ): 0.1207
median val loss 0.5475
total test iterations: 135 
average test loss 1.7546
accuracy ( less than 0.1 ): 0.1215
median test loss 0.5090
Consuming time:249.49 in the epoch: 12
Best test loss is 1.72
---------------*****---------------
---------------*****---------------
Starting training the epoch: 13 
total batch: 627.34375 
batch:99 average train loss 1.7622
batch:199 average train loss 1.7893
batch:299 average train loss 1.7685
batch:399 average train loss 1.7607
batch:499 average train loss 1.7492
batch:599 average train loss 1.7535
average train loss 1.7504
Train Consuming time:187.07 in the epoch: 13
total val iterations: 135 
average val loss 1.8384
accuracy ( less than 0.1 ): 0.1347
median val loss 0.5347
total test iterations: 135 
average test loss 1.7152
accuracy ( less than 0.1 ): 0.1322
median test loss 0.4911
Consuming time:244.15 in the epoch: 13
Best test loss is 1.72
---------------*****---------------
---------------*****---------------
Starting training the epoch: 14 
total batch: 627.34375 
batch:99 average train loss 1.7502
batch:199 average train loss 1.7695
batch:299 average train loss 1.7476
batch:399 average train loss 1.7400
batch:499 average train loss 1.7321
batch:599 average train loss 1.7368
average train loss 1.7347
Train Consuming time:183.54 in the epoch: 14
total val iterations: 135 
average val loss 1.8559
accuracy ( less than 0.1 ): 0.1177
median val loss 0.5351
total test iterations: 135 
average test loss 1.7411
accuracy ( less than 0.1 ): 0.1178
median test loss 0.5028
Consuming time:242.96 in the epoch: 14
Best test loss is 1.72
---------------*****---------------
---------------*****---------------
Starting training the epoch: 15 
total batch: 627.34375 
batch:99 average train loss 1.7458
batch:199 average train loss 1.7585
batch:299 average train loss 1.7324
batch:399 average train loss 1.7286
batch:499 average train loss 1.7216
batch:599 average train loss 1.7258
average train loss 1.7224
Train Consuming time:190.32 in the epoch: 15
total val iterations: 135 
average val loss 1.8187
accuracy ( less than 0.1 ): 0.1441
median val loss 0.5532
total test iterations: 135 
average test loss 1.7170
accuracy ( less than 0.1 ): 0.1448
median test loss 0.5120
Consuming time:249.30 in the epoch: 15
Best test loss is 1.72
---------------*****---------------
---------------*****---------------
Starting training the epoch: 16 
total batch: 627.34375 
batch:99 average train loss 1.7392
batch:199 average train loss 1.7607
batch:299 average train loss 1.7379
batch:399 average train loss 1.7318
batch:499 average train loss 1.7221
batch:599 average train loss 1.7276
average train loss 1.7251
Train Consuming time:183.13 in the epoch: 16
total val iterations: 135 
average val loss 1.8306
accuracy ( less than 0.1 ): 0.1313
median val loss 0.5383
total test iterations: 135 
average test loss 1.7219
accuracy ( less than 0.1 ): 0.1309
median test loss 0.5024
Consuming time:239.96 in the epoch: 16
Best test loss is 1.72
---------------*****---------------
---------------*****---------------
Starting training the epoch: 17 
total batch: 627.34375 
batch:99 average train loss 1.7457
batch:199 average train loss 1.7563
batch:299 average train loss 1.7272
batch:399 average train loss 1.7214
batch:499 average train loss 1.7126
batch:599 average train loss 1.7152
average train loss 1.7125
Train Consuming time:185.59 in the epoch: 17
total val iterations: 135 
average val loss 1.8213
accuracy ( less than 0.1 ): 0.1278
median val loss 0.5276
total test iterations: 135 
average test loss 1.7051
accuracy ( less than 0.1 ): 0.1279
median test loss 0.4882
Consuming time:245.66 in the epoch: 17
Best test loss is 1.71
---------------*****---------------
---------------*****---------------
Starting training the epoch: 18 
total batch: 627.34375 
batch:99 average train loss 1.7295
batch:199 average train loss 1.7415
batch:299 average train loss 1.7143
batch:399 average train loss 1.7069
batch:499 average train loss 1.6995
batch:599 average train loss 1.7057
average train loss 1.7032
Train Consuming time:188.04 in the epoch: 18
total val iterations: 135 
average val loss 1.8508
accuracy ( less than 0.1 ): 0.1181
median val loss 0.5328
total test iterations: 135 
average test loss 1.7520
accuracy ( less than 0.1 ): 0.1158
median test loss 0.5075
Consuming time:245.81 in the epoch: 18
Best test loss is 1.71
---------------*****---------------
---------------*****---------------
Starting training the epoch: 19 
total batch: 627.34375 
batch:99 average train loss 1.7139
batch:199 average train loss 1.7307
batch:299 average train loss 1.7196
batch:399 average train loss 1.7153
batch:499 average train loss 1.7087
batch:599 average train loss 1.7117
average train loss 1.7073
Train Consuming time:183.39 in the epoch: 19
total val iterations: 135 
average val loss 1.8741
accuracy ( less than 0.1 ): 0.1187
median val loss 0.5304
total test iterations: 135 
average test loss 1.7727
accuracy ( less than 0.1 ): 0.1231
median test loss 0.5138
Consuming time:241.03 in the epoch: 19
Best test loss is 1.71
---------------*****---------------
---------------*****---------------
Starting training the epoch: 20 
total batch: 627.34375 
batch:99 average train loss 1.7525
batch:199 average train loss 1.7413
batch:299 average train loss 1.7093
batch:399 average train loss 1.7006
batch:499 average train loss 1.6845
batch:599 average train loss 1.6753
average train loss 1.6660
Train Consuming time:187.69 in the epoch: 20
total val iterations: 135 
average val loss 1.7963
accuracy ( less than 0.1 ): 0.1602
median val loss 0.5457
total test iterations: 135 
average test loss 1.7058
accuracy ( less than 0.1 ): 0.1624
median test loss 0.5180
Consuming time:247.46 in the epoch: 20
Best test loss is 1.71
---------------*****---------------
---------------*****---------------
Starting training the epoch: 21 
total batch: 627.34375 
batch:99 average train loss 1.7006
batch:199 average train loss 1.6969
batch:299 average train loss 1.6743
batch:399 average train loss 1.6694
batch:499 average train loss 1.6573
batch:599 average train loss 1.6508
average train loss 1.6424
Train Consuming time:182.48 in the epoch: 21
total val iterations: 135 
average val loss 1.7902
accuracy ( less than 0.1 ): 0.1642
median val loss 0.5492
total test iterations: 135 
average test loss 1.7020
accuracy ( less than 0.1 ): 0.1660
median test loss 0.5177
Consuming time:239.24 in the epoch: 21
Best test loss is 1.70
---------------*****---------------
---------------*****---------------
Starting training the epoch: 22 
total batch: 627.34375 
batch:99 average train loss 1.6935
batch:199 average train loss 1.6886
batch:299 average train loss 1.6666
batch:399 average train loss 1.6618
batch:499 average train loss 1.6497
batch:599 average train loss 1.6437
average train loss 1.6359
Train Consuming time:182.77 in the epoch: 22
total val iterations: 135 
average val loss 1.7876
accuracy ( less than 0.1 ): 0.1650
median val loss 0.5476
total test iterations: 135 
average test loss 1.7004
accuracy ( less than 0.1 ): 0.1667
median test loss 0.5195
Consuming time:243.10 in the epoch: 22
Best test loss is 1.70
---------------*****---------------
---------------*****---------------
Starting training the epoch: 23 
total batch: 627.34375 
batch:99 average train loss 1.6853
batch:199 average train loss 1.6815
batch:299 average train loss 1.6594
batch:399 average train loss 1.6548
batch:499 average train loss 1.6433
batch:599 average train loss 1.6377
average train loss 1.6299
Train Consuming time:188.42 in the epoch: 23
total val iterations: 135 
average val loss 1.7860
accuracy ( less than 0.1 ): 0.1641
median val loss 0.5434
total test iterations: 135 
average test loss 1.6984
accuracy ( less than 0.1 ): 0.1657
median test loss 0.5154
Consuming time:245.56 in the epoch: 23
Best test loss is 1.70
---------------*****---------------
---------------*****---------------
Starting training the epoch: 24 
total batch: 627.34375 
batch:99 average train loss 1.6840
batch:199 average train loss 1.6791
batch:299 average train loss 1.6564
batch:399 average train loss 1.6513
batch:499 average train loss 1.6396
batch:599 average train loss 1.6338
average train loss 1.6262
Train Consuming time:182.51 in the epoch: 24
total val iterations: 135 
average val loss 1.7845
accuracy ( less than 0.1 ): 0.1645
median val loss 0.5427
total test iterations: 135 
average test loss 1.6978
accuracy ( less than 0.1 ): 0.1657
median test loss 0.5155
Consuming time:239.49 in the epoch: 24
Best test loss is 1.70
---------------*****---------------
---------------*****---------------
Starting training the epoch: 25 
total batch: 627.34375 
batch:99 average train loss 1.6791
batch:199 average train loss 1.6754
batch:299 average train loss 1.6532
batch:399 average train loss 1.6470
batch:499 average train loss 1.6353
batch:599 average train loss 1.6299
average train loss 1.6226
Train Consuming time:189.75 in the epoch: 25
total val iterations: 135 
average val loss 1.7828
accuracy ( less than 0.1 ): 0.1635
median val loss 0.5436
total test iterations: 135 
average test loss 1.6970
accuracy ( less than 0.1 ): 0.1636
median test loss 0.5140
Consuming time:250.57 in the epoch: 25
Best test loss is 1.70
---------------*****---------------
---------------*****---------------
Starting training the epoch: 26 
total batch: 627.34375 
batch:99 average train loss 1.6778
batch:199 average train loss 1.6735
batch:299 average train loss 1.6515
batch:399 average train loss 1.6463
batch:499 average train loss 1.6340
batch:599 average train loss 1.6284
average train loss 1.6209
Train Consuming time:186.71 in the epoch: 26
total val iterations: 135 
average val loss 1.7823
accuracy ( less than 0.1 ): 0.1627
median val loss 0.5456
total test iterations: 135 
average test loss 1.6956
accuracy ( less than 0.1 ): 0.1642
median test loss 0.5197
Consuming time:244.55 in the epoch: 26
Best test loss is 1.70
---------------*****---------------
---------------*****---------------
Starting training the epoch: 27 
total batch: 627.34375 
batch:99 average train loss 1.6732
batch:199 average train loss 1.6711
batch:299 average train loss 1.6489
batch:399 average train loss 1.6435
batch:499 average train loss 1.6313
batch:599 average train loss 1.6260
average train loss 1.6187
Train Consuming time:184.20 in the epoch: 27
total val iterations: 135 
average val loss 1.7821
accuracy ( less than 0.1 ): 0.1653
median val loss 0.5476
total test iterations: 135 
average test loss 1.6954
accuracy ( less than 0.1 ): 0.1652
median test loss 0.5182
Consuming time:244.59 in the epoch: 27
Best test loss is 1.70
---------------*****---------------
---------------*****---------------
Starting training the epoch: 28 
total batch: 627.34375 
batch:99 average train loss 1.6722
batch:199 average train loss 1.6681
batch:299 average train loss 1.6455
batch:399 average train loss 1.6403
batch:499 average train loss 1.6283
batch:599 average train loss 1.6235
average train loss 1.6163
Train Consuming time:189.51 in the epoch: 28
total val iterations: 135 
average val loss 1.7821
accuracy ( less than 0.1 ): 0.1645
median val loss 0.5485
total test iterations: 135 
average test loss 1.6951
accuracy ( less than 0.1 ): 0.1648
median test loss 0.5200
Consuming time:247.48 in the epoch: 28
Best test loss is 1.70
---------------*****---------------
---------------*****---------------
Starting training the epoch: 29 
total batch: 627.34375 
batch:99 average train loss 1.6736
batch:199 average train loss 1.6679
batch:299 average train loss 1.6445
batch:399 average train loss 1.6390
batch:499 average train loss 1.6269
batch:599 average train loss 1.6221
average train loss 1.6149
Train Consuming time:183.39 in the epoch: 29
total val iterations: 135 
average val loss 1.7821
accuracy ( less than 0.1 ): 0.1656
median val loss 0.5508
total test iterations: 135 
average test loss 1.6953
accuracy ( less than 0.1 ): 0.1673
median test loss 0.5182
Consuming time:241.16 in the epoch: 29
Best test loss is 1.70
---------------*****---------------
---------------*****---------------
Starting training the epoch: 30 
total batch: 627.34375 
batch:99 average train loss 1.6701
batch:199 average train loss 1.6660
batch:299 average train loss 1.6428
batch:399 average train loss 1.6372
batch:499 average train loss 1.6250
batch:599 average train loss 1.6200
average train loss 1.6130
Train Consuming time:186.74 in the epoch: 30
total val iterations: 135 
average val loss 1.7814
accuracy ( less than 0.1 ): 0.1632
median val loss 0.5464
total test iterations: 135 
average test loss 1.6939
accuracy ( less than 0.1 ): 0.1642
median test loss 0.5201
Consuming time:247.28 in the epoch: 30
Best test loss is 1.69
---------------*****---------------
---------------*****---------------
Starting training the epoch: 31 
total batch: 627.34375 
batch:99 average train loss 1.6677
batch:199 average train loss 1.6649
batch:299 average train loss 1.6407
batch:399 average train loss 1.6356
batch:499 average train loss 1.6234
batch:599 average train loss 1.6188
average train loss 1.6116
Train Consuming time:187.84 in the epoch: 31
total val iterations: 135 
average val loss 1.7819
accuracy ( less than 0.1 ): 0.1642
median val loss 0.5437
total test iterations: 135 
average test loss 1.6935
accuracy ( less than 0.1 ): 0.1669
median test loss 0.5189
Consuming time:245.85 in the epoch: 31
Best test loss is 1.69
---------------*****---------------
---------------*****---------------
Starting training the epoch: 32 
total batch: 627.34375 
batch:99 average train loss 1.6679
batch:199 average train loss 1.6635
batch:299 average train loss 1.6399
batch:399 average train loss 1.6345
batch:499 average train loss 1.6222
batch:599 average train loss 1.6180
average train loss 1.6109
Train Consuming time:184.51 in the epoch: 32
total val iterations: 135 
average val loss 1.7809
accuracy ( less than 0.1 ): 0.1635
median val loss 0.5450
total test iterations: 135 
average test loss 1.6931
accuracy ( less than 0.1 ): 0.1659
median test loss 0.5218
Consuming time:243.94 in the epoch: 32
Best test loss is 1.69
---------------*****---------------
---------------*****---------------
Starting training the epoch: 33 
total batch: 627.34375 
batch:99 average train loss 1.6659
batch:199 average train loss 1.6610
batch:299 average train loss 1.6374
batch:399 average train loss 1.6325
batch:499 average train loss 1.6204
batch:599 average train loss 1.6155
average train loss 1.6086
Train Consuming time:190.68 in the epoch: 33
total val iterations: 135 
average val loss 1.7815
accuracy ( less than 0.1 ): 0.1649
median val loss 0.5458
total test iterations: 135 
average test loss 1.6940
accuracy ( less than 0.1 ): 0.1659
median test loss 0.5198
Consuming time:251.23 in the epoch: 33
Best test loss is 1.69
---------------*****---------------
---------------*****---------------
Starting training the epoch: 34 
total batch: 627.34375 
batch:99 average train loss 1.6630
batch:199 average train loss 1.6595
batch:299 average train loss 1.6363
batch:399 average train loss 1.6305
batch:499 average train loss 1.6185
batch:599 average train loss 1.6140
average train loss 1.6073
Train Consuming time:185.50 in the epoch: 34
total val iterations: 135 
average val loss 1.7805
accuracy ( less than 0.1 ): 0.1641
median val loss 0.5437
total test iterations: 135 
average test loss 1.6943
accuracy ( less than 0.1 ): 0.1652
median test loss 0.5162
Consuming time:244.12 in the epoch: 34
Best test loss is 1.69
---------------*****---------------
---------------*****---------------
Starting training the epoch: 35 
total batch: 627.34375 
batch:99 average train loss 1.6627
batch:199 average train loss 1.6587
batch:299 average train loss 1.6345
batch:399 average train loss 1.6301
batch:499 average train loss 1.6178
batch:599 average train loss 1.6135
average train loss 1.6069
Train Consuming time:188.35 in the epoch: 35
total val iterations: 135 
average val loss 1.7808
accuracy ( less than 0.1 ): 0.1650
median val loss 0.5431
total test iterations: 135 
average test loss 1.6938
accuracy ( less than 0.1 ): 0.1666
median test loss 0.5155
Consuming time:248.77 in the epoch: 35
Best test loss is 1.69
---------------*****---------------
---------------*****---------------
Starting training the epoch: 36 
total batch: 627.34375 
batch:99 average train loss 1.6617
batch:199 average train loss 1.6574
batch:299 average train loss 1.6333
batch:399 average train loss 1.6281
batch:499 average train loss 1.6161
batch:599 average train loss 1.6121
average train loss 1.6053
Train Consuming time:189.61 in the epoch: 36
total val iterations: 135 
average val loss 1.7809
accuracy ( less than 0.1 ): 0.1664
median val loss 0.5467
total test iterations: 135 
average test loss 1.6941
accuracy ( less than 0.1 ): 0.1674
median test loss 0.5169
Consuming time:247.55 in the epoch: 36
Best test loss is 1.69
---------------*****---------------
---------------*****---------------
Starting training the epoch: 37 
total batch: 627.34375 
batch:99 average train loss 1.6613
batch:199 average train loss 1.6573
batch:299 average train loss 1.6327
batch:399 average train loss 1.6281
batch:499 average train loss 1.6156
batch:599 average train loss 1.6111
average train loss 1.6045
Train Consuming time:184.84 in the epoch: 37
total val iterations: 135 
average val loss 1.7817
accuracy ( less than 0.1 ): 0.1663
median val loss 0.5476
total test iterations: 135 
average test loss 1.6951
accuracy ( less than 0.1 ): 0.1681
median test loss 0.5188
Consuming time:242.99 in the epoch: 37
Best test loss is 1.69
---------------*****---------------
---------------*****---------------
Starting training the epoch: 38 
total batch: 627.34375 
batch:99 average train loss 1.6591
batch:199 average train loss 1.6547
batch:299 average train loss 1.6309
batch:399 average train loss 1.6261
batch:499 average train loss 1.6138
batch:599 average train loss 1.6098
average train loss 1.6031
Train Consuming time:190.33 in the epoch: 38
total val iterations: 135 
average val loss 1.7809
accuracy ( less than 0.1 ): 0.1672
median val loss 0.5463
total test iterations: 135 
average test loss 1.6946
accuracy ( less than 0.1 ): 0.1685
median test loss 0.5187
Consuming time:250.64 in the epoch: 38
Best test loss is 1.69
---------------*****---------------
---------------*****---------------
Starting training the epoch: 39 
total batch: 627.34375 
batch:99 average train loss 1.6594
batch:199 average train loss 1.6546
batch:299 average train loss 1.6308
batch:399 average train loss 1.6260
batch:499 average train loss 1.6142
batch:599 average train loss 1.6097
average train loss 1.6032
Train Consuming time:186.05 in the epoch: 39
total val iterations: 135 
average val loss 1.7816
accuracy ( less than 0.1 ): 0.1663
median val loss 0.5455
total test iterations: 135 
average test loss 1.6953
accuracy ( less than 0.1 ): 0.1676
median test loss 0.5188
Consuming time:243.59 in the epoch: 39
Best test loss is 1.69
---------------*****---------------
---------------*****---------------
Starting training the epoch: 40 
total batch: 627.34375 
batch:99 average train loss 1.6589
batch:199 average train loss 1.6541
batch:299 average train loss 1.6302
batch:399 average train loss 1.6244
batch:499 average train loss 1.6126
batch:599 average train loss 1.6086
average train loss 1.6021
Train Consuming time:185.29 in the epoch: 40
total val iterations: 135 
average val loss 1.7811
accuracy ( less than 0.1 ): 0.1664
median val loss 0.5448
total test iterations: 135 
average test loss 1.6941
accuracy ( less than 0.1 ): 0.1681
median test loss 0.5185
Consuming time:245.80 in the epoch: 40
Best test loss is 1.69
---------------*****---------------
---------------*****---------------
Starting training the epoch: 41 
total batch: 627.34375 
batch:99 average train loss 1.6582
batch:199 average train loss 1.6519
batch:299 average train loss 1.6275
batch:399 average train loss 1.6227
batch:499 average train loss 1.6110
batch:599 average train loss 1.6072
average train loss 1.6007
Train Consuming time:190.16 in the epoch: 41
total val iterations: 135 
average val loss 1.7810
accuracy ( less than 0.1 ): 0.1670
median val loss 0.5469
total test iterations: 135 
average test loss 1.6949
accuracy ( less than 0.1 ): 0.1698
median test loss 0.5212
Consuming time:248.71 in the epoch: 41
Best test loss is 1.69
---------------*****---------------
---------------*****---------------
Starting training the epoch: 42 
total batch: 627.34375 
batch:99 average train loss 1.6551
batch:199 average train loss 1.6509
batch:299 average train loss 1.6268
batch:399 average train loss 1.6220
batch:499 average train loss 1.6101
batch:599 average train loss 1.6064
average train loss 1.5998
Train Consuming time:186.01 in the epoch: 42
total val iterations: 135 
average val loss 1.7813
accuracy ( less than 0.1 ): 0.1687
median val loss 0.5510
total test iterations: 135 
average test loss 1.6952
accuracy ( less than 0.1 ): 0.1708
median test loss 0.5242
Consuming time:244.69 in the epoch: 42
Best test loss is 1.69
---------------*****---------------
---------------*****---------------
Starting training the epoch: 43 
total batch: 627.34375 
batch:99 average train loss 1.6572
batch:199 average train loss 1.6505
batch:299 average train loss 1.6274
batch:399 average train loss 1.6223
batch:499 average train loss 1.6104
batch:599 average train loss 1.6063
average train loss 1.6000
Train Consuming time:190.64 in the epoch: 43
total val iterations: 135 
average val loss 1.7817
accuracy ( less than 0.1 ): 0.1691
median val loss 0.5521
total test iterations: 135 
average test loss 1.6960
accuracy ( less than 0.1 ): 0.1718
median test loss 0.5242
Consuming time:252.01 in the epoch: 43
Best test loss is 1.69
---------------*****---------------
---------------*****---------------
Starting training the epoch: 44 
total batch: 627.34375 
batch:99 average train loss 1.6539
batch:199 average train loss 1.6490
batch:299 average train loss 1.6250
batch:399 average train loss 1.6196
batch:499 average train loss 1.6083
batch:599 average train loss 1.6046
average train loss 1.5984
Train Consuming time:188.22 in the epoch: 44
total val iterations: 135 
average val loss 1.7802
accuracy ( less than 0.1 ): 0.1667
median val loss 0.5459
total test iterations: 135 
average test loss 1.6939
accuracy ( less than 0.1 ): 0.1683
median test loss 0.5190
Consuming time:245.69 in the epoch: 44
Best test loss is 1.69
---------------*****---------------
---------------*****---------------
Starting training the epoch: 45 
total batch: 627.34375 
batch:99 average train loss 1.6531
batch:199 average train loss 1.6488
batch:299 average train loss 1.6237
batch:399 average train loss 1.6185
batch:499 average train loss 1.6078
batch:599 average train loss 1.6041
average train loss 1.5979
Train Consuming time:184.09 in the epoch: 45
total val iterations: 135 
average val loss 1.7804
accuracy ( less than 0.1 ): 0.1678
median val loss 0.5443
total test iterations: 135 
average test loss 1.6946
accuracy ( less than 0.1 ): 0.1695
median test loss 0.5198
Consuming time:242.18 in the epoch: 45
Best test loss is 1.69
---------------*****---------------
---------------*****---------------
Starting training the epoch: 46 
total batch: 627.34375 
batch:99 average train loss 1.6535
batch:199 average train loss 1.6483
batch:299 average train loss 1.6244
batch:399 average train loss 1.6195
batch:499 average train loss 1.6079
batch:599 average train loss 1.6042
average train loss 1.5980
Train Consuming time:188.22 in the epoch: 46
total val iterations: 135 
average val loss 1.7810
accuracy ( less than 0.1 ): 0.1664
median val loss 0.5434
total test iterations: 135 
average test loss 1.6946
accuracy ( less than 0.1 ): 0.1678
median test loss 0.5125
Consuming time:246.40 in the epoch: 46
Best test loss is 1.69
---------------*****---------------
---------------*****---------------
Starting training the epoch: 47 
total batch: 627.34375 
batch:99 average train loss 1.6523
batch:199 average train loss 1.6475
batch:299 average train loss 1.6226
batch:399 average train loss 1.6174
batch:499 average train loss 1.6060
batch:599 average train loss 1.6023
average train loss 1.5961
Train Consuming time:185.09 in the epoch: 47
total val iterations: 135 
average val loss 1.7798
accuracy ( less than 0.1 ): 0.1683
median val loss 0.5450
total test iterations: 135 
average test loss 1.6943
accuracy ( less than 0.1 ): 0.1701
median test loss 0.5203
Consuming time:243.53 in the epoch: 47
Best test loss is 1.69
---------------*****---------------
---------------*****---------------
Starting training the epoch: 48 
total batch: 627.34375 
batch:99 average train loss 1.6518
batch:199 average train loss 1.6471
batch:299 average train loss 1.6229
batch:399 average train loss 1.6174
batch:499 average train loss 1.6058
batch:599 average train loss 1.6020
average train loss 1.5958
Train Consuming time:187.28 in the epoch: 48
total val iterations: 135 
average val loss 1.7794
accuracy ( less than 0.1 ): 0.1679
median val loss 0.5458
total test iterations: 135 
average test loss 1.6942
accuracy ( less than 0.1 ): 0.1695
median test loss 0.5214
Consuming time:248.20 in the epoch: 48
Best test loss is 1.69
---------------*****---------------
---------------*****---------------
Starting training the epoch: 49 
total batch: 627.34375 
batch:99 average train loss 1.6538
batch:199 average train loss 1.6475
batch:299 average train loss 1.6227
batch:399 average train loss 1.6170
batch:499 average train loss 1.6050
batch:599 average train loss 1.6016
average train loss 1.5952
Train Consuming time:188.03 in the epoch: 49
total val iterations: 135 
average val loss 1.7799
accuracy ( less than 0.1 ): 0.1677
median val loss 0.5471
total test iterations: 135 
average test loss 1.6940
accuracy ( less than 0.1 ): 0.1700
median test loss 0.5185
Consuming time:245.73 in the epoch: 49
Best test loss is 1.69
---------------*****---------------
