===================configuration===================
learning rate :0.001 
num_mlp_layers : 1
num_layers : 2
gnn input_features : 100
gnn output_features : 64
input of rnn/transformer : 64
hidden_size (out put of rnn/tranformer) : 64
observation hour [7,19]
observation interval : 1
observation threshold : 6
prediction time : 86400
cascade length [10,100]
model save at : ../model_save/cas2vec/dblp1/
====bidirected: False, attention: GAT, gcn_type: self, rnn: transformer====
===================configuration===================
len(Y_train), len(Y_valid), len(Y_test): 48622 10420 10419
preparing time:35.80798673629761
emb_size is not avalible when using transformer
total parameters 108141
---------------*****---------------
Starting training the epoch: 0 
total batch: 759.71875 
batch:99 average train loss 2.5971
batch:199 average train loss 2.2354
batch:299 average train loss 2.0884
batch:399 average train loss 2.0023
batch:499 average train loss 1.9499
batch:599 average train loss 1.9115
batch:699 average train loss 1.8874
average train loss 1.8696
Train Consuming time:27.17 in the epoch: 0
total val iterations: 163 
average val loss 1.7182
accuracy ( less than 0.1 ): 0.2677
median val loss 0.7399
total test iterations: 163 
average test loss 1.6871
accuracy ( less than 0.1 ): 0.2715
median test loss 0.7094
Consuming time:32.58 in the epoch: 0
Best test loss is 1.69
---------------*****---------------
---------------*****---------------
Starting training the epoch: 1 
total batch: 759.71875 
batch:99 average train loss 1.6284
batch:199 average train loss 1.6380
batch:299 average train loss 1.6392
batch:399 average train loss 1.6427
batch:499 average train loss 1.6435
batch:599 average train loss 1.6467
batch:699 average train loss 1.6522
average train loss 1.6498
Train Consuming time:26.49 in the epoch: 1
total val iterations: 163 
average val loss 1.6847
accuracy ( less than 0.1 ): 0.2690
median val loss 0.7239
total test iterations: 163 
average test loss 1.6499
accuracy ( less than 0.1 ): 0.2705
median test loss 0.6821
Consuming time:31.67 in the epoch: 1
Best test loss is 1.65
---------------*****---------------
---------------*****---------------
Starting training the epoch: 2 
total batch: 759.71875 
batch:99 average train loss 1.5975
batch:199 average train loss 1.6021
batch:299 average train loss 1.6077
batch:399 average train loss 1.6121
batch:499 average train loss 1.6145
batch:599 average train loss 1.6185
batch:699 average train loss 1.6261
average train loss 1.6230
Train Consuming time:26.50 in the epoch: 2
total val iterations: 163 
average val loss 1.6511
accuracy ( less than 0.1 ): 0.2547
median val loss 0.7064
total test iterations: 163 
average test loss 1.6123
accuracy ( less than 0.1 ): 0.2567
median test loss 0.6643
Consuming time:31.77 in the epoch: 2
Best test loss is 1.61
---------------*****---------------
---------------*****---------------
Starting training the epoch: 3 
total batch: 759.71875 
batch:99 average train loss 1.5859
batch:199 average train loss 1.5911
batch:299 average train loss 1.5938
batch:399 average train loss 1.5974
batch:499 average train loss 1.6007
batch:599 average train loss 1.6023
batch:699 average train loss 1.6104
average train loss 1.6085
Train Consuming time:26.15 in the epoch: 3
total val iterations: 163 
average val loss 1.6503
accuracy ( less than 0.1 ): 0.1806
median val loss 0.6798
total test iterations: 163 
average test loss 1.6094
accuracy ( less than 0.1 ): 0.1860
median test loss 0.6595
Consuming time:31.43 in the epoch: 3
Best test loss is 1.61
---------------*****---------------
---------------*****---------------
Starting training the epoch: 4 
total batch: 759.71875 
batch:99 average train loss 1.5737
batch:199 average train loss 1.5806
batch:299 average train loss 1.5814
batch:399 average train loss 1.5844
batch:499 average train loss 1.5869
batch:599 average train loss 1.5910
batch:699 average train loss 1.5994
average train loss 1.5987
Train Consuming time:26.09 in the epoch: 4
total val iterations: 163 
average val loss 1.6328
accuracy ( less than 0.1 ): 0.1987
median val loss 0.6788
total test iterations: 163 
average test loss 1.5913
accuracy ( less than 0.1 ): 0.1997
median test loss 0.6565
Consuming time:31.25 in the epoch: 4
Best test loss is 1.59
---------------*****---------------
---------------*****---------------
Starting training the epoch: 5 
total batch: 759.71875 
batch:99 average train loss 1.5618
batch:199 average train loss 1.5662
batch:299 average train loss 1.5688
batch:399 average train loss 1.5738
batch:499 average train loss 1.5785
batch:599 average train loss 1.5826
batch:699 average train loss 1.5908
average train loss 1.5895
Train Consuming time:25.55 in the epoch: 5
total val iterations: 163 
average val loss 1.6431
accuracy ( less than 0.1 ): 0.1747
median val loss 0.6871
total test iterations: 163 
average test loss 1.6027
accuracy ( less than 0.1 ): 0.1808
median test loss 0.6631
Consuming time:30.35 in the epoch: 5
Best test loss is 1.59
---------------*****---------------
---------------*****---------------
Starting training the epoch: 6 
total batch: 759.71875 
batch:99 average train loss 1.5570
batch:199 average train loss 1.5575
batch:299 average train loss 1.5618
batch:399 average train loss 1.5668
batch:499 average train loss 1.5712
batch:599 average train loss 1.5758
batch:699 average train loss 1.5831
average train loss 1.5824
Train Consuming time:24.85 in the epoch: 6
total val iterations: 163 
average val loss 1.6190
accuracy ( less than 0.1 ): 0.2509
median val loss 0.6744
total test iterations: 163 
average test loss 1.5803
accuracy ( less than 0.1 ): 0.2528
median test loss 0.6563
Consuming time:29.77 in the epoch: 6
Best test loss is 1.58
---------------*****---------------
---------------*****---------------
Starting training the epoch: 7 
total batch: 759.71875 
batch:99 average train loss 1.5465
batch:199 average train loss 1.5508
batch:299 average train loss 1.5574
batch:399 average train loss 1.5628
batch:499 average train loss 1.5670
batch:599 average train loss 1.5726
batch:699 average train loss 1.5810
average train loss 1.5805
Train Consuming time:25.01 in the epoch: 7
total val iterations: 163 
average val loss 1.6354
accuracy ( less than 0.1 ): 0.2610
median val loss 0.6900
total test iterations: 163 
average test loss 1.5956
accuracy ( less than 0.1 ): 0.2621
median test loss 0.6604
Consuming time:29.93 in the epoch: 7
Best test loss is 1.58
---------------*****---------------
---------------*****---------------
Starting training the epoch: 8 
total batch: 759.71875 
batch:99 average train loss 1.5562
batch:199 average train loss 1.5507
batch:299 average train loss 1.5543
batch:399 average train loss 1.5591
batch:499 average train loss 1.5636
batch:599 average train loss 1.5679
batch:699 average train loss 1.5772
average train loss 1.5764
Train Consuming time:25.04 in the epoch: 8
total val iterations: 163 
average val loss 1.6169
accuracy ( less than 0.1 ): 0.2513
median val loss 0.6866
total test iterations: 163 
average test loss 1.5777
accuracy ( less than 0.1 ): 0.2515
median test loss 0.6534
Consuming time:29.95 in the epoch: 8
Best test loss is 1.58
---------------*****---------------
---------------*****---------------
Starting training the epoch: 9 
total batch: 759.71875 
batch:99 average train loss 1.5510
batch:199 average train loss 1.5516
batch:299 average train loss 1.5528
batch:399 average train loss 1.5576
batch:499 average train loss 1.5622
batch:599 average train loss 1.5679
batch:699 average train loss 1.5760
average train loss 1.5755
Train Consuming time:25.23 in the epoch: 9
total val iterations: 163 
average val loss 1.6073
accuracy ( less than 0.1 ): 0.1908
median val loss 0.6910
total test iterations: 163 
average test loss 1.5673
accuracy ( less than 0.1 ): 0.1890
median test loss 0.6586
Consuming time:30.10 in the epoch: 9
Best test loss is 1.57
---------------*****---------------
---------------*****---------------
Starting training the epoch: 10 
total batch: 759.71875 
batch:99 average train loss 1.5512
batch:199 average train loss 1.5437
batch:299 average train loss 1.5479
batch:399 average train loss 1.5521
batch:499 average train loss 1.5573
batch:599 average train loss 1.5621
batch:699 average train loss 1.5701
average train loss 1.5700
Train Consuming time:25.27 in the epoch: 10
total val iterations: 163 
average val loss 1.5935
accuracy ( less than 0.1 ): 0.2293
median val loss 0.6716
total test iterations: 163 
average test loss 1.5540
accuracy ( less than 0.1 ): 0.2293
median test loss 0.6420
Consuming time:30.19 in the epoch: 10
Best test loss is 1.55
---------------*****---------------
---------------*****---------------
Starting training the epoch: 11 
total batch: 759.71875 
batch:99 average train loss 1.5424
batch:199 average train loss 1.5406
batch:299 average train loss 1.5448
batch:399 average train loss 1.5482
batch:499 average train loss 1.5527
batch:599 average train loss 1.5579
batch:699 average train loss 1.5669
average train loss 1.5692
Train Consuming time:25.63 in the epoch: 11
total val iterations: 163 
average val loss 1.7591
accuracy ( less than 0.1 ): 0.2664
median val loss 0.7366
total test iterations: 163 
average test loss 1.7317
accuracy ( less than 0.1 ): 0.2720
median test loss 0.7241
Consuming time:30.46 in the epoch: 11
Best test loss is 1.55
---------------*****---------------
---------------*****---------------
Starting training the epoch: 12 
total batch: 759.71875 
batch:99 average train loss 1.5583
batch:199 average train loss 1.5503
batch:299 average train loss 1.5538
batch:399 average train loss 1.5553
batch:499 average train loss 1.5591
batch:599 average train loss 1.5633
batch:699 average train loss 1.5716
average train loss 1.5705
Train Consuming time:25.28 in the epoch: 12
total val iterations: 163 
average val loss 1.6426
accuracy ( less than 0.1 ): 0.1756
median val loss 0.6869
total test iterations: 163 
average test loss 1.6001
accuracy ( less than 0.1 ): 0.1794
median test loss 0.6659
Consuming time:30.11 in the epoch: 12
Best test loss is 1.55
---------------*****---------------
---------------*****---------------
Starting training the epoch: 13 
total batch: 759.71875 
batch:99 average train loss 1.5402
batch:199 average train loss 1.5430
batch:299 average train loss 1.5453
batch:399 average train loss 1.5480
batch:499 average train loss 1.5525
batch:599 average train loss 1.5576
batch:699 average train loss 1.5660
average train loss 1.5655
Train Consuming time:25.35 in the epoch: 13
total val iterations: 163 
average val loss 1.6157
accuracy ( less than 0.1 ): 0.1848
median val loss 0.6828
total test iterations: 163 
average test loss 1.5725
accuracy ( less than 0.1 ): 0.1878
median test loss 0.6592
Consuming time:30.27 in the epoch: 13
Best test loss is 1.55
---------------*****---------------
---------------*****---------------
Starting training the epoch: 14 
total batch: 759.71875 
batch:99 average train loss 1.5373
batch:199 average train loss 1.5343
batch:299 average train loss 1.5373
batch:399 average train loss 1.5411
batch:499 average train loss 1.5458
batch:599 average train loss 1.5504
batch:699 average train loss 1.5591
average train loss 1.5590
Train Consuming time:25.62 in the epoch: 14
total val iterations: 163 
average val loss 1.5946
accuracy ( less than 0.1 ): 0.2112
median val loss 0.6712
total test iterations: 163 
average test loss 1.5543
accuracy ( less than 0.1 ): 0.2102
median test loss 0.6493
Consuming time:30.47 in the epoch: 14
Best test loss is 1.55
---------------*****---------------
---------------*****---------------
Starting training the epoch: 15 
total batch: 759.71875 
batch:99 average train loss 1.5374
batch:199 average train loss 1.5335
batch:299 average train loss 1.5366
batch:399 average train loss 1.5397
batch:499 average train loss 1.5441
batch:599 average train loss 1.5491
batch:699 average train loss 1.5576
average train loss 1.5576
Train Consuming time:24.71 in the epoch: 15
total val iterations: 163 
average val loss 1.6129
accuracy ( less than 0.1 ): 0.1831
median val loss 0.6718
total test iterations: 163 
average test loss 1.5706
accuracy ( less than 0.1 ): 0.1868
median test loss 0.6544
Consuming time:29.52 in the epoch: 15
Best test loss is 1.55
---------------*****---------------
---------------*****---------------
Starting training the epoch: 16 
total batch: 759.71875 
batch:99 average train loss 1.5306
batch:199 average train loss 1.5304
batch:299 average train loss 1.5346
batch:399 average train loss 1.5391
batch:499 average train loss 1.5432
batch:599 average train loss 1.5494
batch:699 average train loss 1.5575
average train loss 1.5575
Train Consuming time:25.72 in the epoch: 16
total val iterations: 163 
average val loss 1.5972
accuracy ( less than 0.1 ): 0.2015
median val loss 0.6695
total test iterations: 163 
average test loss 1.5573
accuracy ( less than 0.1 ): 0.2002
median test loss 0.6417
Consuming time:30.56 in the epoch: 16
Best test loss is 1.55
---------------*****---------------
---------------*****---------------
Starting training the epoch: 17 
total batch: 759.71875 
batch:99 average train loss 1.5263
batch:199 average train loss 1.5266
batch:299 average train loss 1.5323
batch:399 average train loss 1.5347
batch:499 average train loss 1.5395
batch:599 average train loss 1.5451
batch:699 average train loss 1.5534
average train loss 1.5530
Train Consuming time:25.48 in the epoch: 17
total val iterations: 163 
average val loss 1.5934
accuracy ( less than 0.1 ): 0.2111
median val loss 0.6634
total test iterations: 163 
average test loss 1.5553
accuracy ( less than 0.1 ): 0.2110
median test loss 0.6449
Consuming time:30.45 in the epoch: 17
Best test loss is 1.55
---------------*****---------------
---------------*****---------------
Starting training the epoch: 18 
total batch: 759.71875 
batch:99 average train loss 1.5241
batch:199 average train loss 1.5226
batch:299 average train loss 1.5277
batch:399 average train loss 1.5318
batch:499 average train loss 1.5373
batch:599 average train loss 1.5422
batch:699 average train loss 1.5502
average train loss 1.5494
Train Consuming time:25.15 in the epoch: 18
total val iterations: 163 
average val loss 1.5966
accuracy ( less than 0.1 ): 0.2365
median val loss 0.6661
total test iterations: 163 
average test loss 1.5591
accuracy ( less than 0.1 ): 0.2351
median test loss 0.6423
Consuming time:29.99 in the epoch: 18
Best test loss is 1.55
---------------*****---------------
---------------*****---------------
Starting training the epoch: 19 
total batch: 759.71875 
batch:99 average train loss 1.5245
batch:199 average train loss 1.5224
batch:299 average train loss 1.5266
batch:399 average train loss 1.5307
batch:499 average train loss 1.5356
batch:599 average train loss 1.5409
batch:699 average train loss 1.5500
average train loss 1.5494
Train Consuming time:25.41 in the epoch: 19
total val iterations: 163 
average val loss 1.5981
accuracy ( less than 0.1 ): 0.2384
median val loss 0.6692
total test iterations: 163 
average test loss 1.5633
accuracy ( less than 0.1 ): 0.2354
median test loss 0.6475
Consuming time:30.29 in the epoch: 19
Best test loss is 1.55
---------------*****---------------
---------------*****---------------
Starting training the epoch: 20 
total batch: 759.71875 
batch:99 average train loss 1.4994
batch:199 average train loss 1.4989
batch:299 average train loss 1.5064
batch:399 average train loss 1.5095
batch:499 average train loss 1.5132
batch:599 average train loss 1.5167
batch:699 average train loss 1.5241
average train loss 1.5223
Train Consuming time:24.73 in the epoch: 20
total val iterations: 163 
average val loss 1.5765
accuracy ( less than 0.1 ): 0.2313
median val loss 0.6731
total test iterations: 163 
average test loss 1.5371
accuracy ( less than 0.1 ): 0.2310
median test loss 0.6345
Consuming time:29.66 in the epoch: 20
Best test loss is 1.54
---------------*****---------------
---------------*****---------------
Starting training the epoch: 21 
total batch: 759.71875 
batch:99 average train loss 1.4809
batch:199 average train loss 1.4810
batch:299 average train loss 1.4891
batch:399 average train loss 1.4938
batch:499 average train loss 1.4990
batch:599 average train loss 1.5037
batch:699 average train loss 1.5118
average train loss 1.5106
Train Consuming time:25.98 in the epoch: 21
total val iterations: 163 
average val loss 1.5753
accuracy ( less than 0.1 ): 0.2334
median val loss 0.6733
total test iterations: 163 
average test loss 1.5337
accuracy ( less than 0.1 ): 0.2311
median test loss 0.6334
Consuming time:31.02 in the epoch: 21
Best test loss is 1.53
---------------*****---------------
---------------*****---------------
Starting training the epoch: 22 
total batch: 759.71875 
batch:99 average train loss 1.4787
batch:199 average train loss 1.4781
batch:299 average train loss 1.4866
batch:399 average train loss 1.4912
batch:499 average train loss 1.4961
batch:599 average train loss 1.5006
batch:699 average train loss 1.5090
average train loss 1.5081
Train Consuming time:26.02 in the epoch: 22
total val iterations: 163 
average val loss 1.5751
accuracy ( less than 0.1 ): 0.2351
median val loss 0.6719
total test iterations: 163 
average test loss 1.5325
accuracy ( less than 0.1 ): 0.2314
median test loss 0.6328
Consuming time:31.16 in the epoch: 22
Best test loss is 1.53
---------------*****---------------
---------------*****---------------
Starting training the epoch: 23 
total batch: 759.71875 
batch:99 average train loss 1.4753
batch:199 average train loss 1.4746
batch:299 average train loss 1.4828
batch:399 average train loss 1.4879
batch:499 average train loss 1.4938
batch:599 average train loss 1.4983
batch:699 average train loss 1.5067
average train loss 1.5060
Train Consuming time:25.73 in the epoch: 23
total val iterations: 163 
average val loss 1.5749
accuracy ( less than 0.1 ): 0.2360
median val loss 0.6727
total test iterations: 163 
average test loss 1.5320
accuracy ( less than 0.1 ): 0.2319
median test loss 0.6342
Consuming time:31.08 in the epoch: 23
Best test loss is 1.53
---------------*****---------------
---------------*****---------------
Starting training the epoch: 24 
total batch: 759.71875 
batch:99 average train loss 1.4720
batch:199 average train loss 1.4724
batch:299 average train loss 1.4805
batch:399 average train loss 1.4861
batch:499 average train loss 1.4919
batch:599 average train loss 1.4960
batch:699 average train loss 1.5047
average train loss 1.5042
Train Consuming time:26.00 in the epoch: 24
total val iterations: 163 
average val loss 1.5748
accuracy ( less than 0.1 ): 0.2359
median val loss 0.6723
total test iterations: 163 
average test loss 1.5316
accuracy ( less than 0.1 ): 0.2318
median test loss 0.6344
Consuming time:31.27 in the epoch: 24
Best test loss is 1.53
---------------*****---------------
---------------*****---------------
Starting training the epoch: 25 
total batch: 759.71875 
batch:99 average train loss 1.4714
batch:199 average train loss 1.4719
batch:299 average train loss 1.4796
batch:399 average train loss 1.4851
batch:499 average train loss 1.4907
batch:599 average train loss 1.4954
batch:699 average train loss 1.5038
average train loss 1.5034
Train Consuming time:26.35 in the epoch: 25
total val iterations: 163 
average val loss 1.5746
accuracy ( less than 0.1 ): 0.2363
median val loss 0.6727
total test iterations: 163 
average test loss 1.5314
accuracy ( less than 0.1 ): 0.2315
median test loss 0.6342
Consuming time:31.44 in the epoch: 25
Best test loss is 1.53
---------------*****---------------
---------------*****---------------
Starting training the epoch: 26 
total batch: 759.71875 
batch:99 average train loss 1.4721
batch:199 average train loss 1.4714
batch:299 average train loss 1.4787
batch:399 average train loss 1.4840
batch:499 average train loss 1.4898
batch:599 average train loss 1.4943
batch:699 average train loss 1.5025
average train loss 1.5023
Train Consuming time:26.03 in the epoch: 26
total val iterations: 163 
average val loss 1.5740
accuracy ( less than 0.1 ): 0.2358
median val loss 0.6701
total test iterations: 163 
average test loss 1.5306
accuracy ( less than 0.1 ): 0.2312
median test loss 0.6335
Consuming time:31.38 in the epoch: 26
Best test loss is 1.53
---------------*****---------------
---------------*****---------------
Starting training the epoch: 27 
total batch: 759.71875 
batch:99 average train loss 1.4706
batch:199 average train loss 1.4706
batch:299 average train loss 1.4780
batch:399 average train loss 1.4831
batch:499 average train loss 1.4890
batch:599 average train loss 1.4937
batch:699 average train loss 1.5021
average train loss 1.5021
Train Consuming time:26.10 in the epoch: 27
total val iterations: 163 
average val loss 1.5745
accuracy ( less than 0.1 ): 0.2365
median val loss 0.6701
total test iterations: 163 
average test loss 1.5309
accuracy ( less than 0.1 ): 0.2307
median test loss 0.6308
Consuming time:31.36 in the epoch: 27
Best test loss is 1.53
---------------*****---------------
---------------*****---------------
Starting training the epoch: 28 
total batch: 759.71875 
batch:99 average train loss 1.4701
batch:199 average train loss 1.4708
batch:299 average train loss 1.4782
batch:399 average train loss 1.4836
batch:499 average train loss 1.4892
batch:599 average train loss 1.4933
batch:699 average train loss 1.5017
average train loss 1.5014
Train Consuming time:26.07 in the epoch: 28
total val iterations: 163 
average val loss 1.5744
accuracy ( less than 0.1 ): 0.2366
median val loss 0.6711
total test iterations: 163 
average test loss 1.5307
accuracy ( less than 0.1 ): 0.2306
median test loss 0.6332
Consuming time:31.18 in the epoch: 28
Best test loss is 1.53
---------------*****---------------
---------------*****---------------
Starting training the epoch: 29 
total batch: 759.71875 
batch:99 average train loss 1.4708
batch:199 average train loss 1.4687
batch:299 average train loss 1.4766
batch:399 average train loss 1.4823
batch:499 average train loss 1.4887
batch:599 average train loss 1.4932
batch:699 average train loss 1.5019
average train loss 1.5019
Train Consuming time:25.83 in the epoch: 29
total val iterations: 163 
average val loss 1.5745
accuracy ( less than 0.1 ): 0.2361
median val loss 0.6713
total test iterations: 163 
average test loss 1.5305
accuracy ( less than 0.1 ): 0.2310
median test loss 0.6323
Consuming time:31.08 in the epoch: 29
Best test loss is 1.53
---------------*****---------------
---------------*****---------------
Starting training the epoch: 30 
total batch: 759.71875 
batch:99 average train loss 1.4698
batch:199 average train loss 1.4686
batch:299 average train loss 1.4763
batch:399 average train loss 1.4818
batch:499 average train loss 1.4879
batch:599 average train loss 1.4927
batch:699 average train loss 1.5012
average train loss 1.5012
Train Consuming time:26.07 in the epoch: 30
total val iterations: 163 
average val loss 1.5746
accuracy ( less than 0.1 ): 0.2366
median val loss 0.6728
total test iterations: 163 
average test loss 1.5306
accuracy ( less than 0.1 ): 0.2310
median test loss 0.6322
Consuming time:31.28 in the epoch: 30
Best test loss is 1.53
---------------*****---------------
---------------*****---------------
Starting training the epoch: 31 
total batch: 759.71875 
batch:99 average train loss 1.4672
batch:199 average train loss 1.4665
batch:299 average train loss 1.4750
batch:399 average train loss 1.4812
batch:499 average train loss 1.4874
batch:599 average train loss 1.4918
batch:699 average train loss 1.5005
average train loss 1.5007
Train Consuming time:26.14 in the epoch: 31
total val iterations: 163 
average val loss 1.5743
accuracy ( less than 0.1 ): 0.2357
median val loss 0.6726
total test iterations: 163 
average test loss 1.5301
accuracy ( less than 0.1 ): 0.2304
median test loss 0.6310
Consuming time:31.30 in the epoch: 31
Best test loss is 1.53
---------------*****---------------
---------------*****---------------
Starting training the epoch: 32 
total batch: 759.71875 
batch:99 average train loss 1.4698
batch:199 average train loss 1.4680
batch:299 average train loss 1.4754
batch:399 average train loss 1.4809
batch:499 average train loss 1.4868
batch:599 average train loss 1.4916
batch:699 average train loss 1.5001
average train loss 1.5003
Train Consuming time:26.08 in the epoch: 32
total val iterations: 163 
average val loss 1.5745
accuracy ( less than 0.1 ): 0.2362
median val loss 0.6739
total test iterations: 163 
average test loss 1.5301
accuracy ( less than 0.1 ): 0.2298
median test loss 0.6299
Consuming time:31.28 in the epoch: 32
Best test loss is 1.53
---------------*****---------------
---------------*****---------------
Starting training the epoch: 33 
total batch: 759.71875 
batch:99 average train loss 1.4716
batch:199 average train loss 1.4701
batch:299 average train loss 1.4771
batch:399 average train loss 1.4830
batch:499 average train loss 1.4885
batch:599 average train loss 1.4925
batch:699 average train loss 1.5013
average train loss 1.5015
Train Consuming time:25.26 in the epoch: 33
total val iterations: 163 
average val loss 1.5747
accuracy ( less than 0.1 ): 0.2362
median val loss 0.6740
total test iterations: 163 
average test loss 1.5301
accuracy ( less than 0.1 ): 0.2300
median test loss 0.6307
Consuming time:30.09 in the epoch: 33
Best test loss is 1.53
---------------*****---------------
---------------*****---------------
Starting training the epoch: 34 
total batch: 759.71875 
batch:99 average train loss 1.4664
batch:199 average train loss 1.4653
batch:299 average train loss 1.4729
batch:399 average train loss 1.4793
batch:499 average train loss 1.4854
batch:599 average train loss 1.4900
batch:699 average train loss 1.4988
average train loss 1.4993
Train Consuming time:24.88 in the epoch: 34
total val iterations: 163 
average val loss 1.5750
accuracy ( less than 0.1 ): 0.2366
median val loss 0.6756
total test iterations: 163 
average test loss 1.5303
accuracy ( less than 0.1 ): 0.2308
median test loss 0.6305
Consuming time:29.80 in the epoch: 34
Best test loss is 1.53
---------------*****---------------
---------------*****---------------
Starting training the epoch: 35 
total batch: 759.71875 
batch:99 average train loss 1.4680
batch:199 average train loss 1.4665
batch:299 average train loss 1.4747
batch:399 average train loss 1.4802
batch:499 average train loss 1.4856
batch:599 average train loss 1.4904
batch:699 average train loss 1.4992
average train loss 1.4994
Train Consuming time:25.07 in the epoch: 35
total val iterations: 163 
average val loss 1.5746
accuracy ( less than 0.1 ): 0.2355
median val loss 0.6726
total test iterations: 163 
average test loss 1.5298
accuracy ( less than 0.1 ): 0.2302
median test loss 0.6295
Consuming time:30.07 in the epoch: 35
Best test loss is 1.53
---------------*****---------------
---------------*****---------------
Starting training the epoch: 36 
total batch: 759.71875 
batch:99 average train loss 1.4701
batch:199 average train loss 1.4681
batch:299 average train loss 1.4749
batch:399 average train loss 1.4808
batch:499 average train loss 1.4869
batch:599 average train loss 1.4918
batch:699 average train loss 1.5002
average train loss 1.5003
Train Consuming time:25.29 in the epoch: 36
total val iterations: 163 
average val loss 1.5748
accuracy ( less than 0.1 ): 0.2355
median val loss 0.6741
total test iterations: 163 
average test loss 1.5299
accuracy ( less than 0.1 ): 0.2305
median test loss 0.6293
Consuming time:30.19 in the epoch: 36
Best test loss is 1.53
---------------*****---------------
---------------*****---------------
Starting training the epoch: 37 
total batch: 759.71875 
batch:99 average train loss 1.4683
batch:199 average train loss 1.4672
batch:299 average train loss 1.4743
batch:399 average train loss 1.4799
batch:499 average train loss 1.4860
batch:599 average train loss 1.4908
batch:699 average train loss 1.4996
average train loss 1.4998
Train Consuming time:24.79 in the epoch: 37
total val iterations: 163 
average val loss 1.5750
accuracy ( less than 0.1 ): 0.2346
median val loss 0.6730
total test iterations: 163 
average test loss 1.5299
accuracy ( less than 0.1 ): 0.2305
median test loss 0.6296
Consuming time:29.61 in the epoch: 37
Best test loss is 1.53
---------------*****---------------
---------------*****---------------
Starting training the epoch: 38 
total batch: 759.71875 
batch:99 average train loss 1.4675
batch:199 average train loss 1.4655
batch:299 average train loss 1.4724
batch:399 average train loss 1.4782
batch:499 average train loss 1.4849
batch:599 average train loss 1.4896
batch:699 average train loss 1.4981
average train loss 1.4984
Train Consuming time:24.67 in the epoch: 38
total val iterations: 163 
average val loss 1.5753
accuracy ( less than 0.1 ): 0.2359
median val loss 0.6751
total test iterations: 163 
average test loss 1.5303
accuracy ( less than 0.1 ): 0.2309
median test loss 0.6294
Consuming time:29.52 in the epoch: 38
Best test loss is 1.53
---------------*****---------------
---------------*****---------------
Starting training the epoch: 39 
total batch: 759.71875 
batch:99 average train loss 1.4691
batch:199 average train loss 1.4655
batch:299 average train loss 1.4721
batch:399 average train loss 1.4779
batch:499 average train loss 1.4838
batch:599 average train loss 1.4888
batch:699 average train loss 1.4978
average train loss 1.4980
Train Consuming time:24.85 in the epoch: 39
total val iterations: 163 
average val loss 1.5748
accuracy ( less than 0.1 ): 0.2345
median val loss 0.6741
total test iterations: 163 
average test loss 1.5296
accuracy ( less than 0.1 ): 0.2301
median test loss 0.6292
Consuming time:29.79 in the epoch: 39
Best test loss is 1.53
---------------*****---------------
---------------*****---------------
Starting training the epoch: 40 
total batch: 759.71875 
batch:99 average train loss 1.4685
batch:199 average train loss 1.4658
batch:299 average train loss 1.4730
batch:399 average train loss 1.4783
batch:499 average train loss 1.4845
batch:599 average train loss 1.4893
batch:699 average train loss 1.4979
average train loss 1.4982
Train Consuming time:24.76 in the epoch: 40
total val iterations: 163 
average val loss 1.5747
accuracy ( less than 0.1 ): 0.2333
median val loss 0.6742
total test iterations: 163 
average test loss 1.5294
accuracy ( less than 0.1 ): 0.2297
median test loss 0.6285
Consuming time:29.73 in the epoch: 40
Best test loss is 1.53
---------------*****---------------
---------------*****---------------
Starting training the epoch: 41 
total batch: 759.71875 
batch:99 average train loss 1.4666
batch:199 average train loss 1.4640
batch:299 average train loss 1.4725
batch:399 average train loss 1.4786
batch:499 average train loss 1.4850
batch:599 average train loss 1.4898
batch:699 average train loss 1.4984
average train loss 1.4988
Train Consuming time:24.92 in the epoch: 41
total val iterations: 163 
average val loss 1.5752
accuracy ( less than 0.1 ): 0.2349
median val loss 0.6720
total test iterations: 163 
average test loss 1.5298
accuracy ( less than 0.1 ): 0.2301
median test loss 0.6272
Consuming time:29.81 in the epoch: 41
Best test loss is 1.53
---------------*****---------------
---------------*****---------------
Starting training the epoch: 42 
total batch: 759.71875 
batch:99 average train loss 1.4697
batch:199 average train loss 1.4664
batch:299 average train loss 1.4729
batch:399 average train loss 1.4789
batch:499 average train loss 1.4848
batch:599 average train loss 1.4895
batch:699 average train loss 1.4983
average train loss 1.4988
Train Consuming time:23.84 in the epoch: 42
total val iterations: 163 
average val loss 1.5748
accuracy ( less than 0.1 ): 0.2337
median val loss 0.6727
total test iterations: 163 
average test loss 1.5295
accuracy ( less than 0.1 ): 0.2301
median test loss 0.6268
Consuming time:28.66 in the epoch: 42
Best test loss is 1.53
---------------*****---------------
---------------*****---------------
Starting training the epoch: 43 
total batch: 759.71875 
batch:99 average train loss 1.4663
batch:199 average train loss 1.4650
batch:299 average train loss 1.4724
batch:399 average train loss 1.4787
batch:499 average train loss 1.4848
batch:599 average train loss 1.4891
batch:699 average train loss 1.4981
average train loss 1.4984
Train Consuming time:25.21 in the epoch: 43
total val iterations: 163 
average val loss 1.5749
accuracy ( less than 0.1 ): 0.2332
median val loss 0.6736
total test iterations: 163 
average test loss 1.5294
accuracy ( less than 0.1 ): 0.2299
median test loss 0.6264
Consuming time:30.11 in the epoch: 43
Best test loss is 1.53
---------------*****---------------
---------------*****---------------
Starting training the epoch: 44 
total batch: 759.71875 
batch:99 average train loss 1.4681
batch:199 average train loss 1.4652
batch:299 average train loss 1.4724
batch:399 average train loss 1.4779
batch:499 average train loss 1.4841
batch:599 average train loss 1.4890
batch:699 average train loss 1.4977
average train loss 1.4981
Train Consuming time:24.65 in the epoch: 44
total val iterations: 163 
average val loss 1.5753
accuracy ( less than 0.1 ): 0.2346
median val loss 0.6740
total test iterations: 163 
average test loss 1.5298
accuracy ( less than 0.1 ): 0.2300
median test loss 0.6272
Consuming time:29.53 in the epoch: 44
Best test loss is 1.53
---------------*****---------------
---------------*****---------------
Starting training the epoch: 45 
total batch: 759.71875 
batch:99 average train loss 1.4680
batch:199 average train loss 1.4646
batch:299 average train loss 1.4714
batch:399 average train loss 1.4775
batch:499 average train loss 1.4834
batch:599 average train loss 1.4881
batch:699 average train loss 1.4972
average train loss 1.4978
Train Consuming time:24.57 in the epoch: 45
total val iterations: 163 
average val loss 1.5742
accuracy ( less than 0.1 ): 0.2306
median val loss 0.6712
total test iterations: 163 
average test loss 1.5286
accuracy ( less than 0.1 ): 0.2277
median test loss 0.6284
Consuming time:29.47 in the epoch: 45
Best test loss is 1.53
---------------*****---------------
---------------*****---------------
Starting training the epoch: 46 
total batch: 759.71875 
batch:99 average train loss 1.4677
batch:199 average train loss 1.4632
batch:299 average train loss 1.4714
batch:399 average train loss 1.4775
batch:499 average train loss 1.4835
batch:599 average train loss 1.4884
batch:699 average train loss 1.4973
average train loss 1.4978
Train Consuming time:24.83 in the epoch: 46
total val iterations: 163 
average val loss 1.5753
accuracy ( less than 0.1 ): 0.2335
median val loss 0.6725
total test iterations: 163 
average test loss 1.5296
accuracy ( less than 0.1 ): 0.2298
median test loss 0.6273
Consuming time:29.64 in the epoch: 46
Best test loss is 1.53
---------------*****---------------
---------------*****---------------
Starting training the epoch: 47 
total batch: 759.71875 
batch:99 average train loss 1.4687
batch:199 average train loss 1.4655
batch:299 average train loss 1.4726
batch:399 average train loss 1.4781
batch:499 average train loss 1.4844
batch:599 average train loss 1.4889
batch:699 average train loss 1.4973
average train loss 1.4979
Train Consuming time:24.75 in the epoch: 47
total val iterations: 163 
average val loss 1.5750
accuracy ( less than 0.1 ): 0.2326
median val loss 0.6743
total test iterations: 163 
average test loss 1.5293
accuracy ( less than 0.1 ): 0.2294
median test loss 0.6273
Consuming time:29.66 in the epoch: 47
Best test loss is 1.53
---------------*****---------------
---------------*****---------------
Starting training the epoch: 48 
total batch: 759.71875 
batch:99 average train loss 1.4667
batch:199 average train loss 1.4638
batch:299 average train loss 1.4713
batch:399 average train loss 1.4773
batch:499 average train loss 1.4833
batch:599 average train loss 1.4877
batch:699 average train loss 1.4966
average train loss 1.4971
Train Consuming time:24.80 in the epoch: 48
total val iterations: 163 
average val loss 1.5750
accuracy ( less than 0.1 ): 0.2322
median val loss 0.6729
total test iterations: 163 
average test loss 1.5291
accuracy ( less than 0.1 ): 0.2296
median test loss 0.6286
Consuming time:29.69 in the epoch: 48
Best test loss is 1.53
---------------*****---------------
---------------*****---------------
Starting training the epoch: 49 
total batch: 759.71875 
batch:99 average train loss 1.4652
batch:199 average train loss 1.4636
batch:299 average train loss 1.4715
batch:399 average train loss 1.4773
batch:499 average train loss 1.4830
batch:599 average train loss 1.4875
batch:699 average train loss 1.4964
average train loss 1.4968
Train Consuming time:25.68 in the epoch: 49
total val iterations: 163 
average val loss 1.5752
accuracy ( less than 0.1 ): 0.2331
median val loss 0.6739
total test iterations: 163 
average test loss 1.5293
accuracy ( less than 0.1 ): 0.2299
median test loss 0.6281
Consuming time:30.87 in the epoch: 49
Best test loss is 1.53
---------------*****---------------
