===================configuration===================
learning rate :0.001 
num_mlp_layers : 1
num_layers : 2
gnn input_features : 100
gnn output_features : 64
input of rnn/transformer : 64
hidden_size (out put of rnn/tranformer) : 64
observation hour [7,19]
observation interval : 1
observation threshold : 7
prediction time : 86400
cascade length [10,100]
model save at : ../model_save/cas2vec/dblp2/
====bidirected: False, attention: GAT, gcn_type: self, rnn: transformer====
===================configuration===================
len(Y_train), len(Y_valid), len(Y_test): 56612 12132 12131
preparing time:46.82177805900574
emb_size is not avalible when using transformer
total parameters 108207
---------------*****---------------
Starting training the epoch: 0 
total batch: 884.5625 
batch:99 average train loss 2.6827
batch:199 average train loss 2.2998
batch:299 average train loss 2.1243
batch:399 average train loss 2.0454
batch:499 average train loss 1.9860
batch:599 average train loss 1.9310
batch:699 average train loss 1.8961
batch:799 average train loss 1.8698
average train loss 1.8506
Train Consuming time:36.12 in the epoch: 0
total val iterations: 190 
average val loss 1.7665
accuracy ( less than 0.1 ): 0.1369
median val loss 0.7584
total test iterations: 190 
average test loss 1.7321
accuracy ( less than 0.1 ): 0.1401
median test loss 0.7740
Consuming time:43.52 in the epoch: 0
Best test loss is 1.73
---------------*****---------------
---------------*****---------------
Starting training the epoch: 1 
total batch: 884.5625 
batch:99 average train loss 1.6685
batch:199 average train loss 1.6617
batch:299 average train loss 1.6504
batch:399 average train loss 1.6610
batch:499 average train loss 1.6543
batch:599 average train loss 1.6433
batch:699 average train loss 1.6404
batch:799 average train loss 1.6387
average train loss 1.6368
Train Consuming time:35.47 in the epoch: 1
total val iterations: 190 
average val loss 1.9680
accuracy ( less than 0.1 ): 0.1129
median val loss 0.8585
total test iterations: 190 
average test loss 1.9340
accuracy ( less than 0.1 ): 0.1165
median test loss 0.8804
Consuming time:42.88 in the epoch: 1
Best test loss is 1.73
---------------*****---------------
---------------*****---------------
Starting training the epoch: 2 
total batch: 884.5625 
batch:99 average train loss 1.6233
batch:199 average train loss 1.6120
batch:299 average train loss 1.6046
batch:399 average train loss 1.6097
batch:499 average train loss 1.6005
batch:599 average train loss 1.5962
batch:699 average train loss 1.5940
batch:799 average train loss 1.5942
average train loss 1.5946
Train Consuming time:35.93 in the epoch: 2
total val iterations: 190 
average val loss 1.9081
accuracy ( less than 0.1 ): 0.1052
median val loss 0.8330
total test iterations: 190 
average test loss 1.8748
accuracy ( less than 0.1 ): 0.1038
median test loss 0.8577
Consuming time:43.18 in the epoch: 2
Best test loss is 1.73
---------------*****---------------
---------------*****---------------
Starting training the epoch: 3 
total batch: 884.5625 
batch:99 average train loss 1.5918
batch:199 average train loss 1.5856
batch:299 average train loss 1.5772
batch:399 average train loss 1.5841
batch:499 average train loss 1.5796
batch:599 average train loss 1.5735
batch:699 average train loss 1.5721
batch:799 average train loss 1.5734
average train loss 1.5734
Train Consuming time:35.47 in the epoch: 3
total val iterations: 190 
average val loss 1.7729
accuracy ( less than 0.1 ): 0.1205
median val loss 0.7573
total test iterations: 190 
average test loss 1.7412
accuracy ( less than 0.1 ): 0.1209
median test loss 0.7802
Consuming time:42.74 in the epoch: 3
Best test loss is 1.73
---------------*****---------------
---------------*****---------------
Starting training the epoch: 4 
total batch: 884.5625 
batch:99 average train loss 1.5676
batch:199 average train loss 1.5618
batch:299 average train loss 1.5557
batch:399 average train loss 1.5634
batch:499 average train loss 1.5588
batch:599 average train loss 1.5553
batch:699 average train loss 1.5563
batch:799 average train loss 1.5595
average train loss 1.5595
Train Consuming time:35.71 in the epoch: 4
total val iterations: 190 
average val loss 1.7512
accuracy ( less than 0.1 ): 0.1226
median val loss 0.7486
total test iterations: 190 
average test loss 1.7119
accuracy ( less than 0.1 ): 0.1219
median test loss 0.7690
Consuming time:42.96 in the epoch: 4
Best test loss is 1.71
---------------*****---------------
---------------*****---------------
Starting training the epoch: 5 
total batch: 884.5625 
batch:99 average train loss 1.5484
batch:199 average train loss 1.5481
batch:299 average train loss 1.5455
batch:399 average train loss 1.5509
batch:499 average train loss 1.5582
batch:599 average train loss 1.5529
batch:699 average train loss 1.5528
batch:799 average train loss 1.5540
average train loss 1.5550
Train Consuming time:35.67 in the epoch: 5
total val iterations: 190 
average val loss 1.7551
accuracy ( less than 0.1 ): 0.1190
median val loss 0.7491
total test iterations: 190 
average test loss 1.7192
accuracy ( less than 0.1 ): 0.1187
median test loss 0.7819
Consuming time:42.97 in the epoch: 5
Best test loss is 1.71
---------------*****---------------
---------------*****---------------
Starting training the epoch: 6 
total batch: 884.5625 
batch:99 average train loss 1.5462
batch:199 average train loss 1.5428
batch:299 average train loss 1.5361
batch:399 average train loss 1.5420
batch:499 average train loss 1.5484
batch:599 average train loss 1.5432
batch:699 average train loss 1.5441
batch:799 average train loss 1.5466
average train loss 1.5463
Train Consuming time:35.56 in the epoch: 6
total val iterations: 190 
average val loss 1.7053
accuracy ( less than 0.1 ): 0.1342
median val loss 0.7299
total test iterations: 190 
average test loss 1.6651
accuracy ( less than 0.1 ): 0.1295
median test loss 0.7444
Consuming time:42.50 in the epoch: 6
Best test loss is 1.67
---------------*****---------------
---------------*****---------------
Starting training the epoch: 7 
total batch: 884.5625 
batch:99 average train loss 1.5398
batch:199 average train loss 1.5390
batch:299 average train loss 1.5322
batch:399 average train loss 1.5390
batch:499 average train loss 1.5365
batch:599 average train loss 1.5339
batch:699 average train loss 1.5363
batch:799 average train loss 1.5385
average train loss 1.5392
Train Consuming time:34.25 in the epoch: 7
total val iterations: 190 
average val loss 1.8270
accuracy ( less than 0.1 ): 0.1204
median val loss 0.7871
total test iterations: 190 
average test loss 1.7966
accuracy ( less than 0.1 ): 0.1202
median test loss 0.8113
Consuming time:41.15 in the epoch: 7
Best test loss is 1.67
---------------*****---------------
---------------*****---------------
Starting training the epoch: 8 
total batch: 884.5625 
batch:99 average train loss 1.5419
batch:199 average train loss 1.5359
batch:299 average train loss 1.5284
batch:399 average train loss 1.5347
batch:499 average train loss 1.5306
batch:599 average train loss 1.5270
batch:699 average train loss 1.5280
batch:799 average train loss 1.5303
average train loss 1.5311
Train Consuming time:34.29 in the epoch: 8
total val iterations: 190 
average val loss 1.7790
accuracy ( less than 0.1 ): 0.1183
median val loss 0.7670
total test iterations: 190 
average test loss 1.7447
accuracy ( less than 0.1 ): 0.1186
median test loss 0.7862
Consuming time:41.32 in the epoch: 8
Best test loss is 1.67
---------------*****---------------
---------------*****---------------
Starting training the epoch: 9 
total batch: 884.5625 
batch:99 average train loss 1.5361
batch:199 average train loss 1.5370
batch:299 average train loss 1.5283
batch:399 average train loss 1.5329
batch:499 average train loss 1.5283
batch:599 average train loss 1.5253
batch:699 average train loss 1.5264
batch:799 average train loss 1.5285
average train loss 1.5285
Train Consuming time:33.83 in the epoch: 9
total val iterations: 190 
average val loss 1.7047
accuracy ( less than 0.1 ): 0.1302
median val loss 0.7239
total test iterations: 190 
average test loss 1.6673
accuracy ( less than 0.1 ): 0.1281
median test loss 0.7459
Consuming time:40.67 in the epoch: 9
Best test loss is 1.67
---------------*****---------------
---------------*****---------------
Starting training the epoch: 10 
total batch: 884.5625 
batch:99 average train loss 1.5308
batch:199 average train loss 1.5306
batch:299 average train loss 1.5226
batch:399 average train loss 1.5274
batch:499 average train loss 1.5241
batch:599 average train loss 1.5215
batch:699 average train loss 1.5234
batch:799 average train loss 1.5248
average train loss 1.5249
Train Consuming time:34.16 in the epoch: 10
total val iterations: 190 
average val loss 1.6687
accuracy ( less than 0.1 ): 0.1358
median val loss 0.7006
total test iterations: 190 
average test loss 1.6298
accuracy ( less than 0.1 ): 0.1328
median test loss 0.7155
Consuming time:41.12 in the epoch: 10
Best test loss is 1.63
---------------*****---------------
---------------*****---------------
Starting training the epoch: 11 
total batch: 884.5625 
batch:99 average train loss 1.5248
batch:199 average train loss 1.5209
batch:299 average train loss 1.5141
batch:399 average train loss 1.5216
batch:499 average train loss 1.5184
batch:599 average train loss 1.5159
batch:699 average train loss 1.5162
batch:799 average train loss 1.5195
average train loss 1.5198
Train Consuming time:34.13 in the epoch: 11
total val iterations: 190 
average val loss 1.7533
accuracy ( less than 0.1 ): 0.1248
median val loss 0.7385
total test iterations: 190 
average test loss 1.7164
accuracy ( less than 0.1 ): 0.1205
median test loss 0.7762
Consuming time:40.98 in the epoch: 11
Best test loss is 1.63
---------------*****---------------
---------------*****---------------
Starting training the epoch: 12 
total batch: 884.5625 
batch:99 average train loss 1.5256
batch:199 average train loss 1.5225
batch:299 average train loss 1.5156
batch:399 average train loss 1.5209
batch:499 average train loss 1.5166
batch:599 average train loss 1.5146
batch:699 average train loss 1.5169
batch:799 average train loss 1.5191
average train loss 1.5195
Train Consuming time:34.36 in the epoch: 12
total val iterations: 190 
average val loss 1.6724
accuracy ( less than 0.1 ): 0.1345
median val loss 0.7084
total test iterations: 190 
average test loss 1.6310
accuracy ( less than 0.1 ): 0.1311
median test loss 0.7091
Consuming time:41.22 in the epoch: 12
Best test loss is 1.63
---------------*****---------------
---------------*****---------------
Starting training the epoch: 13 
total batch: 884.5625 
batch:99 average train loss 1.5215
batch:199 average train loss 1.5208
batch:299 average train loss 1.5137
batch:399 average train loss 1.5177
batch:499 average train loss 1.5143
batch:599 average train loss 1.5111
batch:699 average train loss 1.5125
batch:799 average train loss 1.5148
average train loss 1.5154
Train Consuming time:34.51 in the epoch: 13
total val iterations: 190 
average val loss 1.6329
accuracy ( less than 0.1 ): 0.1421
median val loss 0.7029
total test iterations: 190 
average test loss 1.5895
accuracy ( less than 0.1 ): 0.1386
median test loss 0.6858
Consuming time:41.48 in the epoch: 13
Best test loss is 1.59
---------------*****---------------
---------------*****---------------
Starting training the epoch: 14 
total batch: 884.5625 
batch:99 average train loss 1.5135
batch:199 average train loss 1.5138
batch:299 average train loss 1.5063
batch:399 average train loss 1.5125
batch:499 average train loss 1.5079
batch:599 average train loss 1.5067
batch:699 average train loss 1.5087
batch:799 average train loss 1.5115
average train loss 1.5119
Train Consuming time:34.42 in the epoch: 14
total val iterations: 190 
average val loss 1.6579
accuracy ( less than 0.1 ): 0.1376
median val loss 0.7075
total test iterations: 190 
average test loss 1.6210
accuracy ( less than 0.1 ): 0.1353
median test loss 0.7138
Consuming time:41.32 in the epoch: 14
Best test loss is 1.59
---------------*****---------------
---------------*****---------------
Starting training the epoch: 15 
total batch: 884.5625 
batch:99 average train loss 1.5156
batch:199 average train loss 1.5168
batch:299 average train loss 1.5104
batch:399 average train loss 1.5143
batch:499 average train loss 1.5096
batch:599 average train loss 1.5076
batch:699 average train loss 1.5083
batch:799 average train loss 1.5110
average train loss 1.5111
Train Consuming time:34.27 in the epoch: 15
total val iterations: 190 
average val loss 1.6124
accuracy ( less than 0.1 ): 0.1492
median val loss 0.6896
total test iterations: 190 
average test loss 1.5746
accuracy ( less than 0.1 ): 0.1448
median test loss 0.6847
Consuming time:41.09 in the epoch: 15
Best test loss is 1.57
---------------*****---------------
---------------*****---------------
Starting training the epoch: 16 
total batch: 884.5625 
batch:99 average train loss 1.5098
batch:199 average train loss 1.5122
batch:299 average train loss 1.5051
batch:399 average train loss 1.5098
batch:499 average train loss 1.5057
batch:599 average train loss 1.5042
batch:699 average train loss 1.5053
batch:799 average train loss 1.5076
average train loss 1.5077
Train Consuming time:34.27 in the epoch: 16
total val iterations: 190 
average val loss 1.6489
accuracy ( less than 0.1 ): 0.1438
median val loss 0.6974
total test iterations: 190 
average test loss 1.6070
accuracy ( less than 0.1 ): 0.1376
median test loss 0.7001
Consuming time:40.96 in the epoch: 16
Best test loss is 1.57
---------------*****---------------
---------------*****---------------
Starting training the epoch: 17 
total batch: 884.5625 
batch:99 average train loss 1.5090
batch:199 average train loss 1.5122
batch:299 average train loss 1.5049
batch:399 average train loss 1.5095
batch:499 average train loss 1.5046
batch:599 average train loss 1.5031
batch:699 average train loss 1.5056
batch:799 average train loss 1.5082
average train loss 1.5084
Train Consuming time:34.13 in the epoch: 17
total val iterations: 190 
average val loss 1.6436
accuracy ( less than 0.1 ): 0.1434
median val loss 0.7025
total test iterations: 190 
average test loss 1.6048
accuracy ( less than 0.1 ): 0.1385
median test loss 0.6940
Consuming time:40.95 in the epoch: 17
Best test loss is 1.57
---------------*****---------------
---------------*****---------------
Starting training the epoch: 18 
total batch: 884.5625 
batch:99 average train loss 1.5100
batch:199 average train loss 1.5126
batch:299 average train loss 1.5049
batch:399 average train loss 1.5106
batch:499 average train loss 1.5058
batch:599 average train loss 1.5044
batch:699 average train loss 1.5052
batch:799 average train loss 1.5070
average train loss 1.5074
Train Consuming time:34.50 in the epoch: 18
total val iterations: 190 
average val loss 1.6474
accuracy ( less than 0.1 ): 0.1411
median val loss 0.7063
total test iterations: 190 
average test loss 1.6037
accuracy ( less than 0.1 ): 0.1383
median test loss 0.6997
Consuming time:41.74 in the epoch: 18
Best test loss is 1.57
---------------*****---------------
---------------*****---------------
Starting training the epoch: 19 
total batch: 884.5625 
batch:99 average train loss 1.5028
batch:199 average train loss 1.5068
batch:299 average train loss 1.4981
batch:399 average train loss 1.5040
batch:499 average train loss 1.4996
batch:599 average train loss 1.4989
batch:699 average train loss 1.5016
batch:799 average train loss 1.5039
average train loss 1.5083
Train Consuming time:35.10 in the epoch: 19
total val iterations: 190 
average val loss 1.6636
accuracy ( less than 0.1 ): 0.1440
median val loss 0.7108
total test iterations: 190 
average test loss 1.6260
accuracy ( less than 0.1 ): 0.1410
median test loss 0.7197
Consuming time:42.31 in the epoch: 19
Best test loss is 1.57
---------------*****---------------
---------------*****---------------
Starting training the epoch: 20 
total batch: 884.5625 
batch:99 average train loss 1.5221
batch:199 average train loss 1.5088
batch:299 average train loss 1.4978
batch:399 average train loss 1.4991
batch:499 average train loss 1.4915
batch:599 average train loss 1.4869
batch:699 average train loss 1.4833
batch:799 average train loss 1.4830
average train loss 1.4816
Train Consuming time:34.73 in the epoch: 20
total val iterations: 190 
average val loss 1.5231
accuracy ( less than 0.1 ): 0.2055
median val loss 0.6547
total test iterations: 190 
average test loss 1.4817
accuracy ( less than 0.1 ): 0.2035
median test loss 0.6352
Consuming time:41.82 in the epoch: 20
Best test loss is 1.48
---------------*****---------------
---------------*****---------------
Starting training the epoch: 21 
total batch: 884.5625 
batch:99 average train loss 1.4780
batch:199 average train loss 1.4800
batch:299 average train loss 1.4767
batch:399 average train loss 1.4819
batch:499 average train loss 1.4771
batch:599 average train loss 1.4743
batch:699 average train loss 1.4717
batch:799 average train loss 1.4729
average train loss 1.4722
Train Consuming time:34.60 in the epoch: 21
total val iterations: 190 
average val loss 1.5209
accuracy ( less than 0.1 ): 0.2060
median val loss 0.6564
total test iterations: 190 
average test loss 1.4797
accuracy ( less than 0.1 ): 0.2034
median test loss 0.6348
Consuming time:41.67 in the epoch: 21
Best test loss is 1.48
---------------*****---------------
---------------*****---------------
Starting training the epoch: 22 
total batch: 884.5625 
batch:99 average train loss 1.4739
batch:199 average train loss 1.4774
batch:299 average train loss 1.4733
batch:399 average train loss 1.4788
batch:499 average train loss 1.4744
batch:599 average train loss 1.4720
batch:699 average train loss 1.4699
batch:799 average train loss 1.4709
average train loss 1.4702
Train Consuming time:34.61 in the epoch: 22
total val iterations: 190 
average val loss 1.5190
accuracy ( less than 0.1 ): 0.2060
median val loss 0.6559
total test iterations: 190 
average test loss 1.4785
accuracy ( less than 0.1 ): 0.2027
median test loss 0.6337
Consuming time:41.86 in the epoch: 22
Best test loss is 1.48
---------------*****---------------
---------------*****---------------
Starting training the epoch: 23 
total batch: 884.5625 
batch:99 average train loss 1.4751
batch:199 average train loss 1.4773
batch:299 average train loss 1.4728
batch:399 average train loss 1.4779
batch:499 average train loss 1.4729
batch:599 average train loss 1.4703
batch:699 average train loss 1.4683
batch:799 average train loss 1.4698
average train loss 1.4695
Train Consuming time:34.55 in the epoch: 23
total val iterations: 190 
average val loss 1.5189
accuracy ( less than 0.1 ): 0.2068
median val loss 0.6564
total test iterations: 190 
average test loss 1.4779
accuracy ( less than 0.1 ): 0.2021
median test loss 0.6332
Consuming time:41.61 in the epoch: 23
Best test loss is 1.48
---------------*****---------------
---------------*****---------------
Starting training the epoch: 24 
total batch: 884.5625 
batch:99 average train loss 1.4723
batch:199 average train loss 1.4756
batch:299 average train loss 1.4718
batch:399 average train loss 1.4764
batch:499 average train loss 1.4716
batch:599 average train loss 1.4693
batch:699 average train loss 1.4670
batch:799 average train loss 1.4683
average train loss 1.4682
Train Consuming time:34.32 in the epoch: 24
total val iterations: 190 
average val loss 1.5183
accuracy ( less than 0.1 ): 0.2066
median val loss 0.6566
total test iterations: 190 
average test loss 1.4776
accuracy ( less than 0.1 ): 0.2024
median test loss 0.6323
Consuming time:41.60 in the epoch: 24
Best test loss is 1.48
---------------*****---------------
---------------*****---------------
Starting training the epoch: 25 
total batch: 884.5625 
batch:99 average train loss 1.4724
batch:199 average train loss 1.4747
batch:299 average train loss 1.4699
batch:399 average train loss 1.4746
batch:499 average train loss 1.4696
batch:599 average train loss 1.4674
batch:699 average train loss 1.4653
batch:799 average train loss 1.4669
average train loss 1.4669
Train Consuming time:34.68 in the epoch: 25
total val iterations: 190 
average val loss 1.5175
accuracy ( less than 0.1 ): 0.2067
median val loss 0.6568
total test iterations: 190 
average test loss 1.4766
accuracy ( less than 0.1 ): 0.2031
median test loss 0.6299
Consuming time:41.78 in the epoch: 25
Best test loss is 1.48
---------------*****---------------
---------------*****---------------
Starting training the epoch: 26 
total batch: 884.5625 
batch:99 average train loss 1.4729
batch:199 average train loss 1.4738
batch:299 average train loss 1.4697
batch:399 average train loss 1.4748
batch:499 average train loss 1.4699
batch:599 average train loss 1.4675
batch:699 average train loss 1.4657
batch:799 average train loss 1.4674
average train loss 1.4673
Train Consuming time:34.75 in the epoch: 26
total val iterations: 190 
average val loss 1.5174
accuracy ( less than 0.1 ): 0.2044
median val loss 0.6567
total test iterations: 190 
average test loss 1.4771
accuracy ( less than 0.1 ): 0.2024
median test loss 0.6294
Consuming time:41.77 in the epoch: 26
Best test loss is 1.48
---------------*****---------------
---------------*****---------------
Starting training the epoch: 27 
total batch: 884.5625 
batch:99 average train loss 1.4724
batch:199 average train loss 1.4738
batch:299 average train loss 1.4690
batch:399 average train loss 1.4733
batch:499 average train loss 1.4684
batch:599 average train loss 1.4665
batch:699 average train loss 1.4649
batch:799 average train loss 1.4663
average train loss 1.4660
Train Consuming time:34.13 in the epoch: 27
total val iterations: 190 
average val loss 1.5173
accuracy ( less than 0.1 ): 0.2071
median val loss 0.6575
total test iterations: 190 
average test loss 1.4765
accuracy ( less than 0.1 ): 0.2044
median test loss 0.6288
Consuming time:40.94 in the epoch: 27
Best test loss is 1.48
---------------*****---------------
---------------*****---------------
Starting training the epoch: 28 
total batch: 884.5625 
batch:99 average train loss 1.4690
batch:199 average train loss 1.4720
batch:299 average train loss 1.4674
batch:399 average train loss 1.4724
batch:499 average train loss 1.4683
batch:599 average train loss 1.4665
batch:699 average train loss 1.4646
batch:799 average train loss 1.4660
average train loss 1.4659
Train Consuming time:33.36 in the epoch: 28
total val iterations: 190 
average val loss 1.5171
accuracy ( less than 0.1 ): 0.2068
median val loss 0.6553
total test iterations: 190 
average test loss 1.4764
accuracy ( less than 0.1 ): 0.2044
median test loss 0.6274
Consuming time:40.16 in the epoch: 28
Best test loss is 1.48
---------------*****---------------
---------------*****---------------
Starting training the epoch: 29 
total batch: 884.5625 
batch:99 average train loss 1.4688
batch:199 average train loss 1.4722
batch:299 average train loss 1.4679
batch:399 average train loss 1.4733
batch:499 average train loss 1.4691
batch:599 average train loss 1.4670
batch:699 average train loss 1.4654
batch:799 average train loss 1.4667
average train loss 1.4664
Train Consuming time:33.34 in the epoch: 29
total val iterations: 190 
average val loss 1.5155
accuracy ( less than 0.1 ): 0.2065
median val loss 0.6552
total test iterations: 190 
average test loss 1.4749
accuracy ( less than 0.1 ): 0.2035
median test loss 0.6261
Consuming time:40.06 in the epoch: 29
Best test loss is 1.47
---------------*****---------------
---------------*****---------------
Starting training the epoch: 30 
total batch: 884.5625 
batch:99 average train loss 1.4709
batch:199 average train loss 1.4726
batch:299 average train loss 1.4671
batch:399 average train loss 1.4720
batch:499 average train loss 1.4676
batch:599 average train loss 1.4658
batch:699 average train loss 1.4639
batch:799 average train loss 1.4655
average train loss 1.4655
Train Consuming time:33.45 in the epoch: 30
total val iterations: 190 
average val loss 1.5161
accuracy ( less than 0.1 ): 0.2077
median val loss 0.6587
total test iterations: 190 
average test loss 1.4752
accuracy ( less than 0.1 ): 0.2036
median test loss 0.6269
Consuming time:40.13 in the epoch: 30
Best test loss is 1.47
---------------*****---------------
---------------*****---------------
Starting training the epoch: 31 
total batch: 884.5625 
batch:99 average train loss 1.4697
batch:199 average train loss 1.4716
batch:299 average train loss 1.4672
batch:399 average train loss 1.4717
batch:499 average train loss 1.4673
batch:599 average train loss 1.4655
batch:699 average train loss 1.4637
batch:799 average train loss 1.4651
average train loss 1.4649
Train Consuming time:33.37 in the epoch: 31
total val iterations: 190 
average val loss 1.5159
accuracy ( less than 0.1 ): 0.2076
median val loss 0.6585
total test iterations: 190 
average test loss 1.4752
accuracy ( less than 0.1 ): 0.2049
median test loss 0.6275
Consuming time:40.21 in the epoch: 31
Best test loss is 1.47
---------------*****---------------
---------------*****---------------
Starting training the epoch: 32 
total batch: 884.5625 
batch:99 average train loss 1.4682
batch:199 average train loss 1.4698
batch:299 average train loss 1.4644
batch:399 average train loss 1.4695
batch:499 average train loss 1.4657
batch:599 average train loss 1.4641
batch:699 average train loss 1.4623
batch:799 average train loss 1.4640
average train loss 1.4640
Train Consuming time:33.33 in the epoch: 32
total val iterations: 190 
average val loss 1.5151
accuracy ( less than 0.1 ): 0.2087
median val loss 0.6578
total test iterations: 190 
average test loss 1.4751
accuracy ( less than 0.1 ): 0.2053
median test loss 0.6292
Consuming time:40.00 in the epoch: 32
Best test loss is 1.47
---------------*****---------------
---------------*****---------------
Starting training the epoch: 33 
total batch: 884.5625 
batch:99 average train loss 1.4697
batch:199 average train loss 1.4705
batch:299 average train loss 1.4649
batch:399 average train loss 1.4696
batch:499 average train loss 1.4653
batch:599 average train loss 1.4636
batch:699 average train loss 1.4621
batch:799 average train loss 1.4637
average train loss 1.4636
Train Consuming time:33.30 in the epoch: 33
total val iterations: 190 
average val loss 1.5149
accuracy ( less than 0.1 ): 0.2073
median val loss 0.6556
total test iterations: 190 
average test loss 1.4746
accuracy ( less than 0.1 ): 0.2037
median test loss 0.6277
Consuming time:39.99 in the epoch: 33
Best test loss is 1.47
---------------*****---------------
---------------*****---------------
Starting training the epoch: 34 
total batch: 884.5625 
batch:99 average train loss 1.4680
batch:199 average train loss 1.4697
batch:299 average train loss 1.4651
batch:399 average train loss 1.4699
batch:499 average train loss 1.4655
batch:599 average train loss 1.4638
batch:699 average train loss 1.4624
batch:799 average train loss 1.4636
average train loss 1.4636
Train Consuming time:33.42 in the epoch: 34
total val iterations: 190 
average val loss 1.5147
accuracy ( less than 0.1 ): 0.2079
median val loss 0.6558
total test iterations: 190 
average test loss 1.4747
accuracy ( less than 0.1 ): 0.2039
median test loss 0.6270
Consuming time:40.13 in the epoch: 34
Best test loss is 1.47
---------------*****---------------
---------------*****---------------
Starting training the epoch: 35 
total batch: 884.5625 
batch:99 average train loss 1.4697
batch:199 average train loss 1.4709
batch:299 average train loss 1.4659
batch:399 average train loss 1.4706
batch:499 average train loss 1.4662
batch:599 average train loss 1.4642
batch:699 average train loss 1.4628
batch:799 average train loss 1.4639
average train loss 1.4637
Train Consuming time:33.39 in the epoch: 35
total val iterations: 190 
average val loss 1.5147
accuracy ( less than 0.1 ): 0.2068
median val loss 0.6551
total test iterations: 190 
average test loss 1.4744
accuracy ( less than 0.1 ): 0.2035
median test loss 0.6276
Consuming time:40.21 in the epoch: 35
Best test loss is 1.47
---------------*****---------------
---------------*****---------------
Starting training the epoch: 36 
total batch: 884.5625 
batch:99 average train loss 1.4677
batch:199 average train loss 1.4687
batch:299 average train loss 1.4634
batch:399 average train loss 1.4687
batch:499 average train loss 1.4640
batch:599 average train loss 1.4630
batch:699 average train loss 1.4617
batch:799 average train loss 1.4632
average train loss 1.4632
Train Consuming time:32.81 in the epoch: 36
total val iterations: 190 
average val loss 1.5148
accuracy ( less than 0.1 ): 0.2078
median val loss 0.6542
total test iterations: 190 
average test loss 1.4746
accuracy ( less than 0.1 ): 0.2049
median test loss 0.6286
Consuming time:39.49 in the epoch: 36
Best test loss is 1.47
---------------*****---------------
---------------*****---------------
Starting training the epoch: 37 
total batch: 884.5625 
batch:99 average train loss 1.4695
batch:199 average train loss 1.4692
batch:299 average train loss 1.4648
batch:399 average train loss 1.4697
batch:499 average train loss 1.4651
batch:599 average train loss 1.4636
batch:699 average train loss 1.4617
batch:799 average train loss 1.4631
average train loss 1.4631
Train Consuming time:33.36 in the epoch: 37
total val iterations: 190 
average val loss 1.5161
accuracy ( less than 0.1 ): 0.2082
median val loss 0.6553
total test iterations: 190 
average test loss 1.4750
accuracy ( less than 0.1 ): 0.2060
median test loss 0.6280
Consuming time:40.05 in the epoch: 37
Best test loss is 1.47
---------------*****---------------
---------------*****---------------
Starting training the epoch: 38 
total batch: 884.5625 
batch:99 average train loss 1.4686
batch:199 average train loss 1.4693
batch:299 average train loss 1.4645
batch:399 average train loss 1.4689
batch:499 average train loss 1.4647
batch:599 average train loss 1.4633
batch:699 average train loss 1.4618
batch:799 average train loss 1.4634
average train loss 1.4634
Train Consuming time:33.39 in the epoch: 38
total val iterations: 190 
average val loss 1.5150
accuracy ( less than 0.1 ): 0.2072
median val loss 0.6576
total test iterations: 190 
average test loss 1.4743
accuracy ( less than 0.1 ): 0.2043
median test loss 0.6277
Consuming time:40.08 in the epoch: 38
Best test loss is 1.47
---------------*****---------------
---------------*****---------------
Starting training the epoch: 39 
total batch: 884.5625 
batch:99 average train loss 1.4651
batch:199 average train loss 1.4675
batch:299 average train loss 1.4626
batch:399 average train loss 1.4682
batch:499 average train loss 1.4641
batch:599 average train loss 1.4629
batch:699 average train loss 1.4615
batch:799 average train loss 1.4629
average train loss 1.4627
Train Consuming time:34.24 in the epoch: 39
total val iterations: 190 
average val loss 1.5149
accuracy ( less than 0.1 ): 0.2075
median val loss 0.6565
total test iterations: 190 
average test loss 1.4741
accuracy ( less than 0.1 ): 0.2038
median test loss 0.6267
Consuming time:41.43 in the epoch: 39
Best test loss is 1.47
---------------*****---------------
---------------*****---------------
Starting training the epoch: 40 
total batch: 884.5625 
batch:99 average train loss 1.4674
batch:199 average train loss 1.4683
batch:299 average train loss 1.4628
batch:399 average train loss 1.4684
batch:499 average train loss 1.4643
batch:599 average train loss 1.4631
batch:699 average train loss 1.4614
batch:799 average train loss 1.4628
average train loss 1.4628
Train Consuming time:34.17 in the epoch: 40
total val iterations: 190 
average val loss 1.5153
accuracy ( less than 0.1 ): 0.2089
median val loss 0.6554
total test iterations: 190 
average test loss 1.4744
accuracy ( less than 0.1 ): 0.2065
median test loss 0.6266
Consuming time:41.32 in the epoch: 40
Best test loss is 1.47
---------------*****---------------
---------------*****---------------
Starting training the epoch: 41 
total batch: 884.5625 
batch:99 average train loss 1.4656
batch:199 average train loss 1.4677
batch:299 average train loss 1.4622
batch:399 average train loss 1.4674
batch:499 average train loss 1.4636
batch:599 average train loss 1.4622
batch:699 average train loss 1.4605
batch:799 average train loss 1.4621
average train loss 1.4623
Train Consuming time:34.68 in the epoch: 41
total val iterations: 190 
average val loss 1.5154
accuracy ( less than 0.1 ): 0.2073
median val loss 0.6561
total test iterations: 190 
average test loss 1.4742
accuracy ( less than 0.1 ): 0.2045
median test loss 0.6275
Consuming time:41.74 in the epoch: 41
Best test loss is 1.47
---------------*****---------------
---------------*****---------------
Starting training the epoch: 42 
total batch: 884.5625 
batch:99 average train loss 1.4679
batch:199 average train loss 1.4684
batch:299 average train loss 1.4634
batch:399 average train loss 1.4681
batch:499 average train loss 1.4639
batch:599 average train loss 1.4623
batch:699 average train loss 1.4607
batch:799 average train loss 1.4622
average train loss 1.4620
Train Consuming time:34.37 in the epoch: 42
total val iterations: 190 
average val loss 1.5151
accuracy ( less than 0.1 ): 0.2072
median val loss 0.6555
total test iterations: 190 
average test loss 1.4740
accuracy ( less than 0.1 ): 0.2038
median test loss 0.6270
Consuming time:41.42 in the epoch: 42
Best test loss is 1.47
---------------*****---------------
---------------*****---------------
Starting training the epoch: 43 
total batch: 884.5625 
batch:99 average train loss 1.4676
batch:199 average train loss 1.4691
batch:299 average train loss 1.4630
batch:399 average train loss 1.4684
batch:499 average train loss 1.4641
batch:599 average train loss 1.4628
batch:699 average train loss 1.4612
batch:799 average train loss 1.4624
average train loss 1.4624
Train Consuming time:34.76 in the epoch: 43
total val iterations: 190 
average val loss 1.5151
accuracy ( less than 0.1 ): 0.2061
median val loss 0.6565
total test iterations: 190 
average test loss 1.4737
accuracy ( less than 0.1 ): 0.2034
median test loss 0.6287
Consuming time:41.96 in the epoch: 43
Best test loss is 1.47
---------------*****---------------
---------------*****---------------
Starting training the epoch: 44 
total batch: 884.5625 
batch:99 average train loss 1.4656
batch:199 average train loss 1.4668
batch:299 average train loss 1.4609
batch:399 average train loss 1.4666
batch:499 average train loss 1.4623
batch:599 average train loss 1.4610
batch:699 average train loss 1.4598
batch:799 average train loss 1.4612
average train loss 1.4613
Train Consuming time:34.53 in the epoch: 44
total val iterations: 190 
average val loss 1.5153
accuracy ( less than 0.1 ): 0.2063
median val loss 0.6563
total test iterations: 190 
average test loss 1.4739
accuracy ( less than 0.1 ): 0.2031
median test loss 0.6281
Consuming time:41.84 in the epoch: 44
Best test loss is 1.47
---------------*****---------------
---------------*****---------------
Starting training the epoch: 45 
total batch: 884.5625 
batch:99 average train loss 1.4681
batch:199 average train loss 1.4677
batch:299 average train loss 1.4625
batch:399 average train loss 1.4673
batch:499 average train loss 1.4629
batch:599 average train loss 1.4615
batch:699 average train loss 1.4603
batch:799 average train loss 1.4619
average train loss 1.4620
Train Consuming time:33.91 in the epoch: 45
total val iterations: 190 
average val loss 1.5151
accuracy ( less than 0.1 ): 0.2059
median val loss 0.6563
total test iterations: 190 
average test loss 1.4736
accuracy ( less than 0.1 ): 0.2030
median test loss 0.6293
Consuming time:40.99 in the epoch: 45
Best test loss is 1.47
---------------*****---------------
---------------*****---------------
Starting training the epoch: 46 
total batch: 884.5625 
batch:99 average train loss 1.4691
batch:199 average train loss 1.4684
batch:299 average train loss 1.4625
batch:399 average train loss 1.4678
batch:499 average train loss 1.4630
batch:599 average train loss 1.4616
batch:699 average train loss 1.4600
batch:799 average train loss 1.4616
average train loss 1.4616
Train Consuming time:34.66 in the epoch: 46
total val iterations: 190 
average val loss 1.5157
accuracy ( less than 0.1 ): 0.2070
median val loss 0.6559
total test iterations: 190 
average test loss 1.4741
accuracy ( less than 0.1 ): 0.2053
median test loss 0.6297
Consuming time:41.78 in the epoch: 46
Best test loss is 1.47
---------------*****---------------
---------------*****---------------
Starting training the epoch: 47 
total batch: 884.5625 
batch:99 average train loss 1.4671
batch:199 average train loss 1.4669
batch:299 average train loss 1.4615
batch:399 average train loss 1.4665
batch:499 average train loss 1.4623
batch:599 average train loss 1.4610
batch:699 average train loss 1.4598
batch:799 average train loss 1.4612
average train loss 1.4613
Train Consuming time:34.29 in the epoch: 47
total val iterations: 190 
average val loss 1.5154
accuracy ( less than 0.1 ): 0.2076
median val loss 0.6576
total test iterations: 190 
average test loss 1.4734
accuracy ( less than 0.1 ): 0.2035
median test loss 0.6311
Consuming time:41.56 in the epoch: 47
Best test loss is 1.47
---------------*****---------------
---------------*****---------------
Starting training the epoch: 48 
total batch: 884.5625 
batch:99 average train loss 1.4664
batch:199 average train loss 1.4670
batch:299 average train loss 1.4610
batch:399 average train loss 1.4660
batch:499 average train loss 1.4616
batch:599 average train loss 1.4606
batch:699 average train loss 1.4592
batch:799 average train loss 1.4608
average train loss 1.4609
Train Consuming time:33.08 in the epoch: 48
total val iterations: 190 
average val loss 1.5153
accuracy ( less than 0.1 ): 0.2063
median val loss 0.6562
total test iterations: 190 
average test loss 1.4738
accuracy ( less than 0.1 ): 0.2040
median test loss 0.6276
Consuming time:39.91 in the epoch: 48
Best test loss is 1.47
---------------*****---------------
---------------*****---------------
Starting training the epoch: 49 
total batch: 884.5625 
batch:99 average train loss 1.4665
batch:199 average train loss 1.4672
batch:299 average train loss 1.4615
batch:399 average train loss 1.4666
batch:499 average train loss 1.4623
batch:599 average train loss 1.4608
batch:699 average train loss 1.4597
batch:799 average train loss 1.4610
average train loss 1.4611
Train Consuming time:33.37 in the epoch: 49
total val iterations: 190 
average val loss 1.5153
accuracy ( less than 0.1 ): 0.2060
median val loss 0.6580
total test iterations: 190 
average test loss 1.4737
accuracy ( less than 0.1 ): 0.2037
median test loss 0.6303
Consuming time:40.07 in the epoch: 49
Best test loss is 1.47
---------------*****---------------
