===================configuration===================
learning rate :0.001 
num_mlp_layers : 1
num_layers : 2
gnn input_features : 100
gnn output_features : 64
input of rnn/transformer : 64
hidden_size (out put of rnn/tranformer) : 64
observation hour [7,19]
observation interval : 180
observation threshold : 7200
prediction time : 86400
cascade length [5,100]
model save at : ../model_save/cas2vec/weibo2/
====bidirected: False, attention: , gcn_type: self, rnn: gru====
===================configuration===================
len(Y_train), len(Y_valid), len(Y_test): 39522 8470 8469
preparing time:264.15772819519043
total parameters 44241
---------------*****---------------
Starting training the epoch: 0 
total batch: 617.53125 
batch:99 average train loss 2.6944
batch:199 average train loss 2.4627
batch:299 average train loss 2.3551
batch:399 average train loss 2.2707
batch:499 average train loss 2.2037
batch:599 average train loss 2.1645
average train loss 2.1682
Train Consuming time:275.29 in the epoch: 0
total val iterations: 133 
average val loss 1.8913
accuracy ( less than 0.1 ): 0.1705
median val loss 0.5689
total test iterations: 133 
average test loss 1.8724
accuracy ( less than 0.1 ): 0.1681
median test loss 0.5465
Consuming time:386.79 in the epoch: 0
Best test loss is 1.87
---------------*****---------------
---------------*****---------------
Starting training the epoch: 1 
total batch: 617.53125 
batch:99 average train loss 2.0264
batch:199 average train loss 2.0068
batch:299 average train loss 2.0156
batch:399 average train loss 1.9945
batch:499 average train loss 1.9702
batch:599 average train loss 1.9582
average train loss 1.9662
Train Consuming time:276.71 in the epoch: 1
total val iterations: 133 
average val loss 1.8788
accuracy ( less than 0.1 ): 0.1500
median val loss 0.5564
total test iterations: 133 
average test loss 1.8704
accuracy ( less than 0.1 ): 0.1476
median test loss 0.5408
Consuming time:394.35 in the epoch: 1
Best test loss is 1.87
---------------*****---------------
---------------*****---------------
Starting training the epoch: 2 
total batch: 617.53125 
batch:99 average train loss 1.9723
batch:199 average train loss 1.9560
batch:299 average train loss 1.9700
batch:399 average train loss 1.9491
batch:499 average train loss 1.9253
batch:599 average train loss 1.9163
average train loss 1.9247
Train Consuming time:173.99 in the epoch: 2
total val iterations: 133 
average val loss 1.8187
accuracy ( less than 0.1 ): 0.1625
median val loss 0.5349
total test iterations: 133 
average test loss 1.8207
accuracy ( less than 0.1 ): 0.1625
median test loss 0.5350
Consuming time:241.05 in the epoch: 2
Best test loss is 1.82
---------------*****---------------
---------------*****---------------
Starting training the epoch: 3 
total batch: 617.53125 
batch:99 average train loss 1.9296
batch:199 average train loss 1.9136
batch:299 average train loss 1.9257
batch:399 average train loss 1.9072
batch:499 average train loss 1.8857
batch:599 average train loss 1.8788
average train loss 1.8875
Train Consuming time:174.69 in the epoch: 3
total val iterations: 133 
average val loss 1.7962
accuracy ( less than 0.1 ): 0.1668
median val loss 0.5365
total test iterations: 133 
average test loss 1.7966
accuracy ( less than 0.1 ): 0.1734
median test loss 0.5481
Consuming time:242.03 in the epoch: 3
Best test loss is 1.80
---------------*****---------------
---------------*****---------------
Starting training the epoch: 4 
total batch: 617.53125 
batch:99 average train loss 1.9056
batch:199 average train loss 1.8870
batch:299 average train loss 1.9003
batch:399 average train loss 1.8831
batch:499 average train loss 1.8620
batch:599 average train loss 1.8564
average train loss 1.8648
Train Consuming time:173.28 in the epoch: 4
total val iterations: 133 
average val loss 1.7741
accuracy ( less than 0.1 ): 0.1761
median val loss 0.5333
total test iterations: 133 
average test loss 1.7869
accuracy ( less than 0.1 ): 0.1772
median test loss 0.5390
Consuming time:240.34 in the epoch: 4
Best test loss is 1.79
---------------*****---------------
---------------*****---------------
Starting training the epoch: 5 
total batch: 617.53125 
batch:99 average train loss 1.8890
batch:199 average train loss 1.8716
batch:299 average train loss 1.8828
batch:399 average train loss 1.8645
batch:499 average train loss 1.8439
batch:599 average train loss 1.8376
average train loss 1.8463
Train Consuming time:164.17 in the epoch: 5
total val iterations: 133 
average val loss 1.7837
accuracy ( less than 0.1 ): 0.1592
median val loss 0.5236
total test iterations: 133 
average test loss 1.7820
accuracy ( less than 0.1 ): 0.1643
median test loss 0.5147
Consuming time:223.80 in the epoch: 5
Best test loss is 1.78
---------------*****---------------
---------------*****---------------
Starting training the epoch: 6 
total batch: 617.53125 
batch:99 average train loss 1.8695
batch:199 average train loss 1.8506
batch:299 average train loss 1.8606
batch:399 average train loss 1.8468
batch:499 average train loss 1.8284
batch:599 average train loss 1.8244
average train loss 1.8321
Train Consuming time:159.66 in the epoch: 6
total val iterations: 133 
average val loss 1.7754
accuracy ( less than 0.1 ): 0.1699
median val loss 0.5332
total test iterations: 133 
average test loss 1.7740
accuracy ( less than 0.1 ): 0.1694
median test loss 0.5320
Consuming time:221.67 in the epoch: 6
Best test loss is 1.77
---------------*****---------------
---------------*****---------------
Starting training the epoch: 7 
total batch: 617.53125 
batch:99 average train loss 1.8512
batch:199 average train loss 1.8341
batch:299 average train loss 1.8470
batch:399 average train loss 1.8309
batch:499 average train loss 1.8116
batch:599 average train loss 1.8056
average train loss 1.8142
Train Consuming time:156.22 in the epoch: 7
total val iterations: 133 
average val loss 1.7661
accuracy ( less than 0.1 ): 0.1712
median val loss 0.5204
total test iterations: 133 
average test loss 1.7627
accuracy ( less than 0.1 ): 0.1732
median test loss 0.5194
Consuming time:218.25 in the epoch: 7
Best test loss is 1.76
---------------*****---------------
---------------*****---------------
Starting training the epoch: 8 
total batch: 617.53125 
batch:99 average train loss 1.8335
batch:199 average train loss 1.8187
batch:299 average train loss 1.8315
batch:399 average train loss 1.8164
batch:499 average train loss 1.7984
batch:599 average train loss 1.7935
average train loss 1.8017
Train Consuming time:161.71 in the epoch: 8
total val iterations: 133 
average val loss 1.7708
accuracy ( less than 0.1 ): 0.1727
median val loss 0.5289
total test iterations: 133 
average test loss 1.7616
accuracy ( less than 0.1 ): 0.1750
median test loss 0.5236
Consuming time:224.66 in the epoch: 8
Best test loss is 1.76
---------------*****---------------
---------------*****---------------
Starting training the epoch: 9 
total batch: 617.53125 
batch:99 average train loss 1.8243
batch:199 average train loss 1.8088
batch:299 average train loss 1.8199
batch:399 average train loss 1.8058
batch:499 average train loss 1.7882
batch:599 average train loss 1.7840
average train loss 1.7932
Train Consuming time:164.49 in the epoch: 9
total val iterations: 133 
average val loss 1.7733
accuracy ( less than 0.1 ): 0.1680
median val loss 0.5316
total test iterations: 133 
average test loss 1.7623
accuracy ( less than 0.1 ): 0.1723
median test loss 0.5313
Consuming time:231.11 in the epoch: 9
Best test loss is 1.76
---------------*****---------------
---------------*****---------------
Starting training the epoch: 10 
total batch: 617.53125 
batch:99 average train loss 1.8196
batch:199 average train loss 1.7985
batch:299 average train loss 1.8125
batch:399 average train loss 1.7974
batch:499 average train loss 1.7805
batch:599 average train loss 1.7752
average train loss 1.7845
Train Consuming time:173.67 in the epoch: 10
total val iterations: 133 
average val loss 1.7601
accuracy ( less than 0.1 ): 0.1674
median val loss 0.5089
total test iterations: 133 
average test loss 1.7566
accuracy ( less than 0.1 ): 0.1689
median test loss 0.5156
Consuming time:241.77 in the epoch: 10
Best test loss is 1.76
---------------*****---------------
---------------*****---------------
Starting training the epoch: 11 
total batch: 617.53125 
batch:99 average train loss 1.8065
batch:199 average train loss 1.7835
batch:299 average train loss 1.7981
batch:399 average train loss 1.7840
batch:499 average train loss 1.7670
batch:599 average train loss 1.7611
average train loss 1.7704
Train Consuming time:173.81 in the epoch: 11
total val iterations: 133 
average val loss 1.7681
accuracy ( less than 0.1 ): 0.1622
median val loss 0.5263
total test iterations: 133 
average test loss 1.7725
accuracy ( less than 0.1 ): 0.1647
median test loss 0.5243
Consuming time:241.12 in the epoch: 11
Best test loss is 1.76
---------------*****---------------
---------------*****---------------
Starting training the epoch: 12 
total batch: 617.53125 
batch:99 average train loss 1.7985
batch:199 average train loss 1.7758
batch:299 average train loss 1.7888
batch:399 average train loss 1.7752
batch:499 average train loss 1.7582
batch:599 average train loss 1.7530
average train loss 1.7616
Train Consuming time:174.80 in the epoch: 12
total val iterations: 133 
average val loss 1.7699
accuracy ( less than 0.1 ): 0.1718
median val loss 0.5131
total test iterations: 133 
average test loss 1.7581
accuracy ( less than 0.1 ): 0.1750
median test loss 0.5211
Consuming time:240.47 in the epoch: 12
Best test loss is 1.76
---------------*****---------------
---------------*****---------------
Starting training the epoch: 13 
total batch: 617.53125 
batch:99 average train loss 1.7904
batch:199 average train loss 1.7652
batch:299 average train loss 1.7784
batch:399 average train loss 1.7677
batch:499 average train loss 1.7503
batch:599 average train loss 1.7443
average train loss 1.7532
Train Consuming time:163.14 in the epoch: 13
total val iterations: 133 
average val loss 1.7604
accuracy ( less than 0.1 ): 0.1681
median val loss 0.5066
total test iterations: 133 
average test loss 1.7555
accuracy ( less than 0.1 ): 0.1729
median test loss 0.5095
Consuming time:225.33 in the epoch: 13
Best test loss is 1.76
---------------*****---------------
---------------*****---------------
Starting training the epoch: 14 
total batch: 617.53125 
batch:99 average train loss 1.7868
batch:199 average train loss 1.7549
batch:299 average train loss 1.7706
batch:399 average train loss 1.7589
batch:499 average train loss 1.7423
batch:599 average train loss 1.7364
average train loss 1.7444
Train Consuming time:164.11 in the epoch: 14
total val iterations: 133 
average val loss 1.7615
accuracy ( less than 0.1 ): 0.1764
median val loss 0.5297
total test iterations: 133 
average test loss 1.7623
accuracy ( less than 0.1 ): 0.1772
median test loss 0.5246
Consuming time:227.42 in the epoch: 14
Best test loss is 1.76
---------------*****---------------
---------------*****---------------
Starting training the epoch: 15 
total batch: 617.53125 
batch:99 average train loss 1.7720
batch:199 average train loss 1.7415
batch:299 average train loss 1.7562
batch:399 average train loss 1.7466
batch:499 average train loss 1.7289
batch:599 average train loss 1.7225
average train loss 1.7305
Train Consuming time:160.99 in the epoch: 15
total val iterations: 133 
average val loss 1.7692
accuracy ( less than 0.1 ): 0.1706
median val loss 0.5168
total test iterations: 133 
average test loss 1.7587
accuracy ( less than 0.1 ): 0.1744
median test loss 0.5218
Consuming time:220.94 in the epoch: 15
Best test loss is 1.76
---------------*****---------------
---------------*****---------------
Starting training the epoch: 16 
total batch: 617.53125 
batch:99 average train loss 1.7720
batch:199 average train loss 1.7345
batch:299 average train loss 1.7445
batch:399 average train loss 1.7356
batch:499 average train loss 1.7207
batch:599 average train loss 1.7147
average train loss 1.7223
Train Consuming time:159.61 in the epoch: 16
total val iterations: 133 
average val loss 1.7741
accuracy ( less than 0.1 ): 0.1676
median val loss 0.5196
total test iterations: 133 
average test loss 1.7700
accuracy ( less than 0.1 ): 0.1748
median test loss 0.5243
Consuming time:220.13 in the epoch: 16
Best test loss is 1.76
---------------*****---------------
---------------*****---------------
Starting training the epoch: 17 
total batch: 617.53125 
batch:99 average train loss 1.7701
batch:199 average train loss 1.7303
batch:299 average train loss 1.7387
batch:399 average train loss 1.7280
batch:499 average train loss 1.7124
batch:599 average train loss 1.7066
average train loss 1.7151
Train Consuming time:156.57 in the epoch: 17
total val iterations: 133 
average val loss 1.7754
accuracy ( less than 0.1 ): 0.1675
median val loss 0.5267
total test iterations: 133 
average test loss 1.7727
accuracy ( less than 0.1 ): 0.1734
median test loss 0.5197
Consuming time:217.71 in the epoch: 17
Best test loss is 1.76
---------------*****---------------
---------------*****---------------
Starting training the epoch: 18 
total batch: 617.53125 
batch:99 average train loss 1.7462
batch:199 average train loss 1.7105
batch:299 average train loss 1.7232
batch:399 average train loss 1.7169
batch:499 average train loss 1.7014
batch:599 average train loss 1.6953
average train loss 1.7031
Train Consuming time:166.02 in the epoch: 18
total val iterations: 133 
average val loss 1.7647
accuracy ( less than 0.1 ): 0.1639
median val loss 0.5037
total test iterations: 133 
average test loss 1.7681
accuracy ( less than 0.1 ): 0.1694
median test loss 0.5097
Consuming time:233.17 in the epoch: 18
Best test loss is 1.76
---------------*****---------------
---------------*****---------------
Starting training the epoch: 19 
total batch: 617.53125 
batch:99 average train loss 1.7367
batch:199 average train loss 1.7013
batch:299 average train loss 1.7132
batch:399 average train loss 1.7039
batch:499 average train loss 1.6900
batch:599 average train loss 1.6865
average train loss 1.6948
Train Consuming time:174.69 in the epoch: 19
total val iterations: 133 
average val loss 1.7673
accuracy ( less than 0.1 ): 0.1661
median val loss 0.5087
total test iterations: 133 
average test loss 1.7761
accuracy ( less than 0.1 ): 0.1713
median test loss 0.5204
Consuming time:242.26 in the epoch: 19
Best test loss is 1.76
---------------*****---------------
---------------*****---------------
Starting training the epoch: 20 
total batch: 617.53125 
batch:99 average train loss 1.7469
batch:199 average train loss 1.7089
batch:299 average train loss 1.7201
batch:399 average train loss 1.7041
batch:499 average train loss 1.6792
batch:599 average train loss 1.6620
average train loss 1.6650
Train Consuming time:173.73 in the epoch: 20
total val iterations: 133 
average val loss 1.7355
accuracy ( less than 0.1 ): 0.1909
median val loss 0.5189
total test iterations: 133 
average test loss 1.7441
accuracy ( less than 0.1 ): 0.1980
median test loss 0.5232
Consuming time:241.42 in the epoch: 20
Best test loss is 1.74
---------------*****---------------
---------------*****---------------
Starting training the epoch: 21 
total batch: 617.53125 
batch:99 average train loss 1.7140
batch:199 average train loss 1.6791
batch:299 average train loss 1.6909
batch:399 average train loss 1.6776
batch:499 average train loss 1.6550
batch:599 average train loss 1.6408
average train loss 1.6450
Train Consuming time:172.06 in the epoch: 21
total val iterations: 133 
average val loss 1.7302
accuracy ( less than 0.1 ): 0.1941
median val loss 0.5188
total test iterations: 133 
average test loss 1.7400
accuracy ( less than 0.1 ): 0.1974
median test loss 0.5240
Consuming time:239.24 in the epoch: 21
Best test loss is 1.74
---------------*****---------------
---------------*****---------------
Starting training the epoch: 22 
total batch: 617.53125 
batch:99 average train loss 1.7062
batch:199 average train loss 1.6701
batch:299 average train loss 1.6811
batch:399 average train loss 1.6683
batch:499 average train loss 1.6461
batch:599 average train loss 1.6329
average train loss 1.6376
Train Consuming time:167.66 in the epoch: 22
total val iterations: 133 
average val loss 1.7278
accuracy ( less than 0.1 ): 0.1941
median val loss 0.5171
total test iterations: 133 
average test loss 1.7391
accuracy ( less than 0.1 ): 0.1974
median test loss 0.5227
Consuming time:229.82 in the epoch: 22
Best test loss is 1.74
---------------*****---------------
---------------*****---------------
Starting training the epoch: 23 
total batch: 617.53125 
batch:99 average train loss 1.7025
batch:199 average train loss 1.6650
batch:299 average train loss 1.6753
batch:399 average train loss 1.6623
batch:499 average train loss 1.6403
batch:599 average train loss 1.6277
average train loss 1.6327
Train Consuming time:162.19 in the epoch: 23
total val iterations: 133 
average val loss 1.7266
accuracy ( less than 0.1 ): 0.1958
median val loss 0.5208
total test iterations: 133 
average test loss 1.7384
accuracy ( less than 0.1 ): 0.1967
median test loss 0.5192
Consuming time:224.70 in the epoch: 23
Best test loss is 1.74
---------------*****---------------
---------------*****---------------
Starting training the epoch: 24 
total batch: 617.53125 
batch:99 average train loss 1.6993
batch:199 average train loss 1.6612
batch:299 average train loss 1.6709
batch:399 average train loss 1.6578
batch:499 average train loss 1.6359
batch:599 average train loss 1.6238
average train loss 1.6290
Train Consuming time:161.73 in the epoch: 24
total val iterations: 133 
average val loss 1.7259
accuracy ( less than 0.1 ): 0.1961
median val loss 0.5201
total test iterations: 133 
average test loss 1.7378
accuracy ( less than 0.1 ): 0.1969
median test loss 0.5177
Consuming time:224.01 in the epoch: 24
Best test loss is 1.74
---------------*****---------------
---------------*****---------------
Starting training the epoch: 25 
total batch: 617.53125 
batch:99 average train loss 1.6965
batch:199 average train loss 1.6582
batch:299 average train loss 1.6677
batch:399 average train loss 1.6544
batch:499 average train loss 1.6327
batch:599 average train loss 1.6210
average train loss 1.6264
Train Consuming time:160.98 in the epoch: 25
total val iterations: 133 
average val loss 1.7254
accuracy ( less than 0.1 ): 0.1969
median val loss 0.5191
total test iterations: 133 
average test loss 1.7369
accuracy ( less than 0.1 ): 0.1974
median test loss 0.5168
Consuming time:220.53 in the epoch: 25
Best test loss is 1.74
---------------*****---------------
---------------*****---------------
Starting training the epoch: 26 
total batch: 617.53125 
batch:99 average train loss 1.6938
batch:199 average train loss 1.6553
batch:299 average train loss 1.6647
batch:399 average train loss 1.6513
batch:499 average train loss 1.6297
batch:599 average train loss 1.6184
average train loss 1.6239
Train Consuming time:156.36 in the epoch: 26
total val iterations: 133 
average val loss 1.7254
accuracy ( less than 0.1 ): 0.1964
median val loss 0.5169
total test iterations: 133 
average test loss 1.7365
accuracy ( less than 0.1 ): 0.1972
median test loss 0.5151
Consuming time:217.27 in the epoch: 26
Best test loss is 1.74
---------------*****---------------
---------------*****---------------
Starting training the epoch: 27 
total batch: 617.53125 
batch:99 average train loss 1.6917
batch:199 average train loss 1.6530
batch:299 average train loss 1.6623
batch:399 average train loss 1.6488
batch:499 average train loss 1.6273
batch:599 average train loss 1.6163
average train loss 1.6219
Train Consuming time:161.82 in the epoch: 27
total val iterations: 133 
average val loss 1.7255
accuracy ( less than 0.1 ): 0.1954
median val loss 0.5144
total test iterations: 133 
average test loss 1.7361
accuracy ( less than 0.1 ): 0.1966
median test loss 0.5164
Consuming time:229.79 in the epoch: 27
Best test loss is 1.74
---------------*****---------------
---------------*****---------------
Starting training the epoch: 28 
total batch: 617.53125 
batch:99 average train loss 1.6899
batch:199 average train loss 1.6510
batch:299 average train loss 1.6601
batch:399 average train loss 1.6467
batch:499 average train loss 1.6252
batch:599 average train loss 1.6144
average train loss 1.6201
Train Consuming time:181.33 in the epoch: 28
total val iterations: 133 
average val loss 1.7255
accuracy ( less than 0.1 ): 0.1946
median val loss 0.5143
total test iterations: 133 
average test loss 1.7355
accuracy ( less than 0.1 ): 0.1966
median test loss 0.5145
Consuming time:251.80 in the epoch: 28
Best test loss is 1.74
---------------*****---------------
---------------*****---------------
Starting training the epoch: 29 
total batch: 617.53125 
batch:99 average train loss 1.6880
batch:199 average train loss 1.6490
batch:299 average train loss 1.6581
batch:399 average train loss 1.6446
batch:499 average train loss 1.6233
batch:599 average train loss 1.6127
average train loss 1.6185
Train Consuming time:179.67 in the epoch: 29
total val iterations: 133 
average val loss 1.7255
accuracy ( less than 0.1 ): 0.1946
median val loss 0.5138
total test iterations: 133 
average test loss 1.7350
accuracy ( less than 0.1 ): 0.1960
median test loss 0.5135
Consuming time:249.54 in the epoch: 29
Best test loss is 1.74
---------------*****---------------
---------------*****---------------
Starting training the epoch: 30 
total batch: 617.53125 
batch:99 average train loss 1.6862
batch:199 average train loss 1.6473
batch:299 average train loss 1.6562
batch:399 average train loss 1.6427
batch:499 average train loss 1.6214
batch:599 average train loss 1.6111
average train loss 1.6169
Train Consuming time:175.80 in the epoch: 30
total val iterations: 133 
average val loss 1.7253
accuracy ( less than 0.1 ): 0.1948
median val loss 0.5145
total test iterations: 133 
average test loss 1.7346
accuracy ( less than 0.1 ): 0.1958
median test loss 0.5142
Consuming time:243.79 in the epoch: 30
Best test loss is 1.73
---------------*****---------------
---------------*****---------------
Starting training the epoch: 31 
total batch: 617.53125 
batch:99 average train loss 1.6848
batch:199 average train loss 1.6456
batch:299 average train loss 1.6545
batch:399 average train loss 1.6409
batch:499 average train loss 1.6198
batch:599 average train loss 1.6097
average train loss 1.6155
Train Consuming time:165.93 in the epoch: 31
total val iterations: 133 
average val loss 1.7250
accuracy ( less than 0.1 ): 0.1942
median val loss 0.5146
total test iterations: 133 
average test loss 1.7341
accuracy ( less than 0.1 ): 0.1955
median test loss 0.5176
Consuming time:228.64 in the epoch: 31
Best test loss is 1.73
---------------*****---------------
---------------*****---------------
Starting training the epoch: 32 
total batch: 617.53125 
batch:99 average train loss 1.6834
batch:199 average train loss 1.6441
batch:299 average train loss 1.6529
batch:399 average train loss 1.6394
batch:499 average train loss 1.6184
batch:599 average train loss 1.6085
average train loss 1.6144
Train Consuming time:164.29 in the epoch: 32
total val iterations: 133 
average val loss 1.7251
accuracy ( less than 0.1 ): 0.1952
median val loss 0.5143
total test iterations: 133 
average test loss 1.7341
accuracy ( less than 0.1 ): 0.1953
median test loss 0.5182
Consuming time:227.49 in the epoch: 32
Best test loss is 1.73
---------------*****---------------
---------------*****---------------
Starting training the epoch: 33 
total batch: 617.53125 
batch:99 average train loss 1.6819
batch:199 average train loss 1.6425
batch:299 average train loss 1.6513
batch:399 average train loss 1.6378
batch:499 average train loss 1.6170
batch:599 average train loss 1.6072
average train loss 1.6131
Train Consuming time:163.66 in the epoch: 33
total val iterations: 133 
average val loss 1.7252
accuracy ( less than 0.1 ): 0.1958
median val loss 0.5138
total test iterations: 133 
average test loss 1.7340
accuracy ( less than 0.1 ): 0.1959
median test loss 0.5173
Consuming time:226.81 in the epoch: 33
Best test loss is 1.73
---------------*****---------------
---------------*****---------------
Starting training the epoch: 34 
total batch: 617.53125 
batch:99 average train loss 1.6806
batch:199 average train loss 1.6410
batch:299 average train loss 1.6499
batch:399 average train loss 1.6364
batch:499 average train loss 1.6156
batch:599 average train loss 1.6060
average train loss 1.6120
Train Consuming time:164.34 in the epoch: 34
total val iterations: 133 
average val loss 1.7253
accuracy ( less than 0.1 ): 0.1955
median val loss 0.5154
total test iterations: 133 
average test loss 1.7341
accuracy ( less than 0.1 ): 0.1963
median test loss 0.5163
Consuming time:227.21 in the epoch: 34
Best test loss is 1.73
---------------*****---------------
---------------*****---------------
Starting training the epoch: 35 
total batch: 617.53125 
batch:99 average train loss 1.6795
batch:199 average train loss 1.6398
batch:299 average train loss 1.6486
batch:399 average train loss 1.6351
batch:499 average train loss 1.6145
batch:599 average train loss 1.6050
average train loss 1.6110
Train Consuming time:160.43 in the epoch: 35
total val iterations: 133 
average val loss 1.7253
accuracy ( less than 0.1 ): 0.1957
median val loss 0.5145
total test iterations: 133 
average test loss 1.7340
accuracy ( less than 0.1 ): 0.1964
median test loss 0.5167
Consuming time:220.58 in the epoch: 35
Best test loss is 1.73
---------------*****---------------
---------------*****---------------
Starting training the epoch: 36 
total batch: 617.53125 
batch:99 average train loss 1.6784
batch:199 average train loss 1.6387
batch:299 average train loss 1.6474
batch:399 average train loss 1.6340
batch:499 average train loss 1.6134
batch:599 average train loss 1.6040
average train loss 1.6100
Train Consuming time:169.87 in the epoch: 36
total val iterations: 133 
average val loss 1.7257
accuracy ( less than 0.1 ): 0.1961
median val loss 0.5143
total test iterations: 133 
average test loss 1.7342
accuracy ( less than 0.1 ): 0.1976
median test loss 0.5145
Consuming time:236.16 in the epoch: 36
Best test loss is 1.73
---------------*****---------------
---------------*****---------------
Starting training the epoch: 37 
total batch: 617.53125 
batch:99 average train loss 1.6775
batch:199 average train loss 1.6375
batch:299 average train loss 1.6462
batch:399 average train loss 1.6328
batch:499 average train loss 1.6123
batch:599 average train loss 1.6030
average train loss 1.6091
Train Consuming time:166.72 in the epoch: 37
total val iterations: 133 
average val loss 1.7259
accuracy ( less than 0.1 ): 0.1959
median val loss 0.5141
total test iterations: 133 
average test loss 1.7343
accuracy ( less than 0.1 ): 0.1979
median test loss 0.5160
Consuming time:234.25 in the epoch: 37
Best test loss is 1.73
---------------*****---------------
---------------*****---------------
Starting training the epoch: 38 
total batch: 617.53125 
batch:99 average train loss 1.6766
batch:199 average train loss 1.6365
batch:299 average train loss 1.6451
batch:399 average train loss 1.6317
batch:499 average train loss 1.6113
batch:599 average train loss 1.6021
average train loss 1.6082
Train Consuming time:173.79 in the epoch: 38
total val iterations: 133 
average val loss 1.7260
accuracy ( less than 0.1 ): 0.1959
median val loss 0.5133
total test iterations: 133 
average test loss 1.7342
accuracy ( less than 0.1 ): 0.1978
median test loss 0.5165
Consuming time:240.90 in the epoch: 38
Best test loss is 1.73
---------------*****---------------
---------------*****---------------
Starting training the epoch: 39 
total batch: 617.53125 
batch:99 average train loss 1.6755
batch:199 average train loss 1.6354
batch:299 average train loss 1.6439
batch:399 average train loss 1.6306
batch:499 average train loss 1.6102
batch:599 average train loss 1.6011
average train loss 1.6073
Train Consuming time:172.41 in the epoch: 39
total val iterations: 133 
average val loss 1.7261
accuracy ( less than 0.1 ): 0.1965
median val loss 0.5131
total test iterations: 133 
average test loss 1.7341
accuracy ( less than 0.1 ): 0.1973
median test loss 0.5164
Consuming time:239.64 in the epoch: 39
Best test loss is 1.73
---------------*****---------------
---------------*****---------------
Starting training the epoch: 40 
total batch: 617.53125 
batch:99 average train loss 1.6744
batch:199 average train loss 1.6344
batch:299 average train loss 1.6428
batch:399 average train loss 1.6295
batch:499 average train loss 1.6092
batch:599 average train loss 1.6003
average train loss 1.6064
Train Consuming time:161.86 in the epoch: 40
total val iterations: 133 
average val loss 1.7260
accuracy ( less than 0.1 ): 0.1959
median val loss 0.5125
total test iterations: 133 
average test loss 1.7341
accuracy ( less than 0.1 ): 0.1976
median test loss 0.5168
Consuming time:224.07 in the epoch: 40
Best test loss is 1.73
---------------*****---------------
---------------*****---------------
Starting training the epoch: 41 
total batch: 617.53125 
batch:99 average train loss 1.6736
batch:199 average train loss 1.6334
batch:299 average train loss 1.6418
batch:399 average train loss 1.6285
batch:499 average train loss 1.6083
batch:599 average train loss 1.5994
average train loss 1.6056
Train Consuming time:163.04 in the epoch: 41
total val iterations: 133 
average val loss 1.7261
accuracy ( less than 0.1 ): 0.1961
median val loss 0.5126
total test iterations: 133 
average test loss 1.7341
accuracy ( less than 0.1 ): 0.1972
median test loss 0.5167
Consuming time:225.00 in the epoch: 41
Best test loss is 1.73
---------------*****---------------
---------------*****---------------
Starting training the epoch: 42 
total batch: 617.53125 
batch:99 average train loss 1.6727
batch:199 average train loss 1.6324
batch:299 average train loss 1.6407
batch:399 average train loss 1.6275
batch:499 average train loss 1.6073
batch:599 average train loss 1.5985
average train loss 1.6048
Train Consuming time:161.85 in the epoch: 42
total val iterations: 133 
average val loss 1.7261
accuracy ( less than 0.1 ): 0.1958
median val loss 0.5141
total test iterations: 133 
average test loss 1.7340
accuracy ( less than 0.1 ): 0.1969
median test loss 0.5195
Consuming time:224.51 in the epoch: 42
Best test loss is 1.73
---------------*****---------------
---------------*****---------------
Starting training the epoch: 43 
total batch: 617.53125 
batch:99 average train loss 1.6718
batch:199 average train loss 1.6315
batch:299 average train loss 1.6398
batch:399 average train loss 1.6266
batch:499 average train loss 1.6065
batch:599 average train loss 1.5978
average train loss 1.6041
Train Consuming time:162.68 in the epoch: 43
total val iterations: 133 
average val loss 1.7262
accuracy ( less than 0.1 ): 0.1959
median val loss 0.5130
total test iterations: 133 
average test loss 1.7342
accuracy ( less than 0.1 ): 0.1976
median test loss 0.5191
Consuming time:225.14 in the epoch: 43
Best test loss is 1.73
---------------*****---------------
---------------*****---------------
Starting training the epoch: 44 
total batch: 617.53125 
batch:99 average train loss 1.6708
batch:199 average train loss 1.6305
batch:299 average train loss 1.6388
batch:399 average train loss 1.6257
batch:499 average train loss 1.6056
batch:599 average train loss 1.5970
average train loss 1.6033
Train Consuming time:161.06 in the epoch: 44
total val iterations: 133 
average val loss 1.7264
accuracy ( less than 0.1 ): 0.1955
median val loss 0.5139
total test iterations: 133 
average test loss 1.7344
accuracy ( less than 0.1 ): 0.1978
median test loss 0.5196
Consuming time:223.39 in the epoch: 44
Best test loss is 1.73
---------------*****---------------
---------------*****---------------
Starting training the epoch: 45 
total batch: 617.53125 
batch:99 average train loss 1.6702
batch:199 average train loss 1.6297
batch:299 average train loss 1.6379
batch:399 average train loss 1.6248
batch:499 average train loss 1.6048
batch:599 average train loss 1.5963
average train loss 1.6026
Train Consuming time:172.52 in the epoch: 45
total val iterations: 133 
average val loss 1.7266
accuracy ( less than 0.1 ): 0.1954
median val loss 0.5132
total test iterations: 133 
average test loss 1.7345
accuracy ( less than 0.1 ): 0.1977
median test loss 0.5215
Consuming time:236.78 in the epoch: 45
Best test loss is 1.73
---------------*****---------------
---------------*****---------------
Starting training the epoch: 46 
total batch: 617.53125 
batch:99 average train loss 1.6697
batch:199 average train loss 1.6290
batch:299 average train loss 1.6371
batch:399 average train loss 1.6240
batch:499 average train loss 1.6040
batch:599 average train loss 1.5955
average train loss 1.6019
Train Consuming time:168.15 in the epoch: 46
total val iterations: 133 
average val loss 1.7267
accuracy ( less than 0.1 ): 0.1958
median val loss 0.5143
total test iterations: 133 
average test loss 1.7346
accuracy ( less than 0.1 ): 0.1977
median test loss 0.5214
Consuming time:233.38 in the epoch: 46
Best test loss is 1.73
---------------*****---------------
---------------*****---------------
Starting training the epoch: 47 
total batch: 617.53125 
batch:99 average train loss 1.6690
batch:199 average train loss 1.6283
batch:299 average train loss 1.6363
batch:399 average train loss 1.6232
batch:499 average train loss 1.6033
batch:599 average train loss 1.5948
average train loss 1.6012
Train Consuming time:171.56 in the epoch: 47
total val iterations: 133 
average val loss 1.7269
accuracy ( less than 0.1 ): 0.1954
median val loss 0.5143
total test iterations: 133 
average test loss 1.7347
accuracy ( less than 0.1 ): 0.1970
median test loss 0.5213
Consuming time:237.03 in the epoch: 47
Best test loss is 1.73
---------------*****---------------
---------------*****---------------
Starting training the epoch: 48 
total batch: 617.53125 
batch:99 average train loss 1.6684
batch:199 average train loss 1.6275
batch:299 average train loss 1.6354
batch:399 average train loss 1.6224
batch:499 average train loss 1.6025
batch:599 average train loss 1.5941
average train loss 1.6005
Train Consuming time:172.05 in the epoch: 48
total val iterations: 133 
average val loss 1.7271
accuracy ( less than 0.1 ): 0.1948
median val loss 0.5139
total test iterations: 133 
average test loss 1.7347
accuracy ( less than 0.1 ): 0.1970
median test loss 0.5208
Consuming time:238.05 in the epoch: 48
Best test loss is 1.73
---------------*****---------------
---------------*****---------------
Starting training the epoch: 49 
total batch: 617.53125 
batch:99 average train loss 1.6677
batch:199 average train loss 1.6268
batch:299 average train loss 1.6346
batch:399 average train loss 1.6217
batch:499 average train loss 1.6018
batch:599 average train loss 1.5935
average train loss 1.5998
Train Consuming time:161.43 in the epoch: 49
total val iterations: 133 
average val loss 1.7273
accuracy ( less than 0.1 ): 0.1951
median val loss 0.5156
total test iterations: 133 
average test loss 1.7349
accuracy ( less than 0.1 ): 0.1974
median test loss 0.5213
Consuming time:223.43 in the epoch: 49
Best test loss is 1.73
---------------*****---------------
