/home/ta/anaconda3/lib/python3.6/site-packages/tensorflow/python/framework/dtypes.py:516: FutureWarning: Passing (type, 1) or '1type' as a synonym of type is deprecated; in a future version of numpy, it will be understood as (type, (1,)) / '(1,)type'.
  _np_qint8 = np.dtype([("qint8", np.int8, 1)])
/home/ta/anaconda3/lib/python3.6/site-packages/tensorflow/python/framework/dtypes.py:517: FutureWarning: Passing (type, 1) or '1type' as a synonym of type is deprecated; in a future version of numpy, it will be understood as (type, (1,)) / '(1,)type'.
  _np_quint8 = np.dtype([("quint8", np.uint8, 1)])
/home/ta/anaconda3/lib/python3.6/site-packages/tensorflow/python/framework/dtypes.py:518: FutureWarning: Passing (type, 1) or '1type' as a synonym of type is deprecated; in a future version of numpy, it will be understood as (type, (1,)) / '(1,)type'.
  _np_qint16 = np.dtype([("qint16", np.int16, 1)])
/home/ta/anaconda3/lib/python3.6/site-packages/tensorflow/python/framework/dtypes.py:519: FutureWarning: Passing (type, 1) or '1type' as a synonym of type is deprecated; in a future version of numpy, it will be understood as (type, (1,)) / '(1,)type'.
  _np_quint16 = np.dtype([("quint16", np.uint16, 1)])
/home/ta/anaconda3/lib/python3.6/site-packages/tensorflow/python/framework/dtypes.py:520: FutureWarning: Passing (type, 1) or '1type' as a synonym of type is deprecated; in a future version of numpy, it will be understood as (type, (1,)) / '(1,)type'.
  _np_qint32 = np.dtype([("qint32", np.int32, 1)])
/home/ta/anaconda3/lib/python3.6/site-packages/tensorflow/python/framework/dtypes.py:525: FutureWarning: Passing (type, 1) or '1type' as a synonym of type is deprecated; in a future version of numpy, it will be understood as (type, (1,)) / '(1,)type'.
  np_resource = np.dtype([("resource", np.ubyte, 1)])
/home/ta/.local/lib/python3.6/site-packages/tensorboard/compat/tensorflow_stub/dtypes.py:541: FutureWarning: Passing (type, 1) or '1type' as a synonym of type is deprecated; in a future version of numpy, it will be understood as (type, (1,)) / '(1,)type'.
  _np_qint8 = np.dtype([("qint8", np.int8, 1)])
/home/ta/.local/lib/python3.6/site-packages/tensorboard/compat/tensorflow_stub/dtypes.py:542: FutureWarning: Passing (type, 1) or '1type' as a synonym of type is deprecated; in a future version of numpy, it will be understood as (type, (1,)) / '(1,)type'.
  _np_quint8 = np.dtype([("quint8", np.uint8, 1)])
/home/ta/.local/lib/python3.6/site-packages/tensorboard/compat/tensorflow_stub/dtypes.py:543: FutureWarning: Passing (type, 1) or '1type' as a synonym of type is deprecated; in a future version of numpy, it will be understood as (type, (1,)) / '(1,)type'.
  _np_qint16 = np.dtype([("qint16", np.int16, 1)])
/home/ta/.local/lib/python3.6/site-packages/tensorboard/compat/tensorflow_stub/dtypes.py:544: FutureWarning: Passing (type, 1) or '1type' as a synonym of type is deprecated; in a future version of numpy, it will be understood as (type, (1,)) / '(1,)type'.
  _np_quint16 = np.dtype([("quint16", np.uint16, 1)])
/home/ta/.local/lib/python3.6/site-packages/tensorboard/compat/tensorflow_stub/dtypes.py:545: FutureWarning: Passing (type, 1) or '1type' as a synonym of type is deprecated; in a future version of numpy, it will be understood as (type, (1,)) / '(1,)type'.
  _np_qint32 = np.dtype([("qint32", np.int32, 1)])
/home/ta/.local/lib/python3.6/site-packages/tensorboard/compat/tensorflow_stub/dtypes.py:550: FutureWarning: Passing (type, 1) or '1type' as a synonym of type is deprecated; in a future version of numpy, it will be understood as (type, (1,)) / '(1,)type'.
  np_resource = np.dtype([("resource", np.ubyte, 1)])
===================configuration===================
learning rate :0.001 
num_mlp_layers : 1
num_layers : 2
gnn input_features : 100
gnn output_features : 64
input of rnn/transformer : 64
hidden_size (out put of rnn/tranformer) : 64
observation hour [7,19]
observation interval : 180
observation threshold : 3600
prediction time : 86400
cascade length [5,100]
model save at : ../model_save/cas2vec/weibo/
====bidirected: False, attention: , gcn_type: self, rnn: gru====
===================configuration===================
len(Y_train), len(Y_valid), len(Y_test): 37228 7978 7978
preparing time:217.8400547504425
total parameters 44201
---------------*****---------------
Starting training the epoch: 0 
total batch: 581.6875 
batch:99 average train loss 2.8365
batch:199 average train loss 2.5526
batch:299 average train loss 2.4184
batch:399 average train loss 2.3591
batch:499 average train loss 2.2941
average train loss 2.2790
Train Consuming time:293.34 in the epoch: 0
total val iterations: 125 
average val loss 2.2342
accuracy ( less than 0.1 ): 0.1522
median val loss 0.6103
total test iterations: 125 
average test loss 2.0943
accuracy ( less than 0.1 ): 0.1532
median test loss 0.5832
Consuming time:415.70 in the epoch: 0
Best test loss is 2.09
---------------*****---------------
---------------*****---------------
Starting training the epoch: 1 
total batch: 581.6875 
batch:99 average train loss 1.9672
batch:199 average train loss 2.0299
batch:299 average train loss 2.0371
batch:399 average train loss 2.0515
batch:499 average train loss 2.0321
average train loss 2.0435
Train Consuming time:34.55 in the epoch: 1
total val iterations: 125 
average val loss 2.1554
accuracy ( less than 0.1 ): 0.1554
median val loss 0.5602
total test iterations: 125 
average test loss 2.0309
accuracy ( less than 0.1 ): 0.1583
median test loss 0.5542
Consuming time:45.89 in the epoch: 1
Best test loss is 2.03
---------------*****---------------
---------------*****---------------
Starting training the epoch: 2 
total batch: 581.6875 
batch:99 average train loss 1.9160
batch:199 average train loss 1.9683
batch:299 average train loss 1.9756
batch:399 average train loss 1.9938
batch:499 average train loss 1.9807
average train loss 1.9936
Train Consuming time:33.99 in the epoch: 2
total val iterations: 125 
average val loss 2.1024
accuracy ( less than 0.1 ): 0.1559
median val loss 0.5485
total test iterations: 125 
average test loss 1.9789
accuracy ( less than 0.1 ): 0.1605
median test loss 0.5461
Consuming time:45.12 in the epoch: 2
Best test loss is 1.98
---------------*****---------------
---------------*****---------------
Starting training the epoch: 3 
total batch: 581.6875 
batch:99 average train loss 1.8763
batch:199 average train loss 1.9244
batch:299 average train loss 1.9388
batch:399 average train loss 1.9598
batch:499 average train loss 1.9495
average train loss 1.9637
Train Consuming time:34.19 in the epoch: 3
total val iterations: 125 
average val loss 2.0960
accuracy ( less than 0.1 ): 0.1634
median val loss 0.5582
total test iterations: 125 
average test loss 1.9675
accuracy ( less than 0.1 ): 0.1665
median test loss 0.5433
Consuming time:45.33 in the epoch: 3
Best test loss is 1.97
---------------*****---------------
---------------*****---------------
Starting training the epoch: 4 
total batch: 581.6875 
batch:99 average train loss 1.8463
batch:199 average train loss 1.9011
batch:299 average train loss 1.9158
batch:399 average train loss 1.9360
batch:499 average train loss 1.9265
average train loss 1.9413
Train Consuming time:34.33 in the epoch: 4
total val iterations: 125 
average val loss 2.0905
accuracy ( less than 0.1 ): 0.1759
median val loss 0.5614
total test iterations: 125 
average test loss 1.9675
accuracy ( less than 0.1 ): 0.1774
median test loss 0.5448
Consuming time:45.53 in the epoch: 4
Best test loss is 1.97
---------------*****---------------
---------------*****---------------
Starting training the epoch: 5 
total batch: 581.6875 
batch:99 average train loss 1.8271
batch:199 average train loss 1.8792
batch:299 average train loss 1.8932
batch:399 average train loss 1.9175
batch:499 average train loss 1.9079
average train loss 1.9233
Train Consuming time:33.88 in the epoch: 5
total val iterations: 125 
average val loss 2.0582
accuracy ( less than 0.1 ): 0.1832
median val loss 0.5502
total test iterations: 125 
average test loss 1.9354
accuracy ( less than 0.1 ): 0.1885
median test loss 0.5480
Consuming time:45.09 in the epoch: 5
Best test loss is 1.94
---------------*****---------------
---------------*****---------------
Starting training the epoch: 6 
total batch: 581.6875 
batch:99 average train loss 1.8082
batch:199 average train loss 1.8675
batch:299 average train loss 1.8816
batch:399 average train loss 1.9041
batch:499 average train loss 1.8908
average train loss 1.9081
Train Consuming time:34.04 in the epoch: 6
total val iterations: 125 
average val loss 2.0849
accuracy ( less than 0.1 ): 0.1723
median val loss 0.5583
total test iterations: 125 
average test loss 1.9675
accuracy ( less than 0.1 ): 0.1681
median test loss 0.5389
Consuming time:45.36 in the epoch: 6
Best test loss is 1.94
---------------*****---------------
---------------*****---------------
Starting training the epoch: 7 
total batch: 581.6875 
batch:99 average train loss 1.7966
batch:199 average train loss 1.8505
batch:299 average train loss 1.8658
batch:399 average train loss 1.8869
batch:499 average train loss 1.8749
average train loss 1.8897
Train Consuming time:33.85 in the epoch: 7
total val iterations: 125 
average val loss 2.0555
accuracy ( less than 0.1 ): 0.1856
median val loss 0.5667
total test iterations: 125 
average test loss 1.9371
accuracy ( less than 0.1 ): 0.1831
median test loss 0.5503
Consuming time:45.10 in the epoch: 7
Best test loss is 1.94
---------------*****---------------
---------------*****---------------
Starting training the epoch: 8 
total batch: 581.6875 
batch:99 average train loss 1.7857
batch:199 average train loss 1.8390
batch:299 average train loss 1.8530
batch:399 average train loss 1.8753
batch:499 average train loss 1.8633
average train loss 1.8792
Train Consuming time:34.03 in the epoch: 8
total val iterations: 125 
average val loss 2.0450
accuracy ( less than 0.1 ): 0.1894
median val loss 0.5497
total test iterations: 125 
average test loss 1.9254
accuracy ( less than 0.1 ): 0.1884
median test loss 0.5394
Consuming time:45.09 in the epoch: 8
Best test loss is 1.93
---------------*****---------------
---------------*****---------------
Starting training the epoch: 9 
total batch: 581.6875 
batch:99 average train loss 1.7766
batch:199 average train loss 1.8295
batch:299 average train loss 1.8450
batch:399 average train loss 1.8664
batch:499 average train loss 1.8530
average train loss 1.8684
Train Consuming time:33.76 in the epoch: 9
total val iterations: 125 
average val loss 2.0407
accuracy ( less than 0.1 ): 0.1908
median val loss 0.5581
total test iterations: 125 
average test loss 1.9172
accuracy ( less than 0.1 ): 0.1908
median test loss 0.5546
Consuming time:44.94 in the epoch: 9
Best test loss is 1.92
---------------*****---------------
---------------*****---------------
Starting training the epoch: 10 
total batch: 581.6875 
batch:99 average train loss 1.7603
batch:199 average train loss 1.8152
batch:299 average train loss 1.8301
batch:399 average train loss 1.8519
batch:499 average train loss 1.8389
average train loss 1.8544
Train Consuming time:33.99 in the epoch: 10
total val iterations: 125 
average val loss 2.0795
accuracy ( less than 0.1 ): 0.1817
median val loss 0.5749
total test iterations: 125 
average test loss 1.9652
accuracy ( less than 0.1 ): 0.1831
median test loss 0.5756
Consuming time:45.25 in the epoch: 10
Best test loss is 1.92
---------------*****---------------
---------------*****---------------
Starting training the epoch: 11 
total batch: 581.6875 
batch:99 average train loss 1.7554
batch:199 average train loss 1.8039
batch:299 average train loss 1.8245
batch:399 average train loss 1.8495
batch:499 average train loss 1.8379
average train loss 1.8517
Train Consuming time:33.83 in the epoch: 11
total val iterations: 125 
average val loss 2.0747
accuracy ( less than 0.1 ): 0.1794
median val loss 0.5674
total test iterations: 125 
average test loss 1.9529
accuracy ( less than 0.1 ): 0.1754
median test loss 0.5741
Consuming time:44.97 in the epoch: 11
Best test loss is 1.92
---------------*****---------------
---------------*****---------------
Starting training the epoch: 12 
total batch: 581.6875 
batch:99 average train loss 1.7447
batch:199 average train loss 1.7998
batch:299 average train loss 1.8164
batch:399 average train loss 1.8381
batch:499 average train loss 1.8257
average train loss 1.8393
Train Consuming time:34.31 in the epoch: 12
total val iterations: 125 
average val loss 2.0692
accuracy ( less than 0.1 ): 0.1866
median val loss 0.5684
total test iterations: 125 
average test loss 1.9547
accuracy ( less than 0.1 ): 0.1869
median test loss 0.5773
Consuming time:45.76 in the epoch: 12
Best test loss is 1.92
---------------*****---------------
---------------*****---------------
Starting training the epoch: 13 
total batch: 581.6875 
batch:99 average train loss 1.7309
batch:199 average train loss 1.7890
batch:299 average train loss 1.8083
batch:399 average train loss 1.8305
batch:499 average train loss 1.8185
average train loss 1.8310
Train Consuming time:34.55 in the epoch: 13
total val iterations: 125 
average val loss 2.0444
accuracy ( less than 0.1 ): 0.1898
median val loss 0.5699
total test iterations: 125 
average test loss 1.9323
accuracy ( less than 0.1 ): 0.1874
median test loss 0.5736
Consuming time:45.94 in the epoch: 13
Best test loss is 1.92
---------------*****---------------
---------------*****---------------
Starting training the epoch: 14 
total batch: 581.6875 
batch:99 average train loss 1.7228
batch:199 average train loss 1.7773
batch:299 average train loss 1.7948
batch:399 average train loss 1.8196
batch:499 average train loss 1.8092
average train loss 1.8228
Train Consuming time:34.52 in the epoch: 14
total val iterations: 125 
average val loss 2.0853
accuracy ( less than 0.1 ): 0.1743
median val loss 0.5674
total test iterations: 125 
average test loss 1.9738
accuracy ( less than 0.1 ): 0.1699
median test loss 0.5747
Consuming time:45.63 in the epoch: 14
Best test loss is 1.92
---------------*****---------------
---------------*****---------------
Starting training the epoch: 15 
total batch: 581.6875 
batch:99 average train loss 1.7202
batch:199 average train loss 1.7712
batch:299 average train loss 1.7912
batch:399 average train loss 1.8111
batch:499 average train loss 1.8015
average train loss 1.8137
Train Consuming time:34.12 in the epoch: 15
total val iterations: 125 
average val loss 2.0708
accuracy ( less than 0.1 ): 0.1880
median val loss 0.5761
total test iterations: 125 
average test loss 1.9584
accuracy ( less than 0.1 ): 0.1815
median test loss 0.5689
Consuming time:45.28 in the epoch: 15
Best test loss is 1.92
---------------*****---------------
---------------*****---------------
Starting training the epoch: 16 
total batch: 581.6875 
batch:99 average train loss 1.7088
batch:199 average train loss 1.7606
batch:299 average train loss 1.7786
batch:399 average train loss 1.8010
batch:499 average train loss 1.7891
average train loss 1.8002
Train Consuming time:34.06 in the epoch: 16
total val iterations: 125 
average val loss 2.0516
accuracy ( less than 0.1 ): 0.1915
median val loss 0.5717
total test iterations: 125 
average test loss 1.9343
accuracy ( less than 0.1 ): 0.1874
median test loss 0.5593
Consuming time:45.25 in the epoch: 16
Best test loss is 1.92
---------------*****---------------
---------------*****---------------
Starting training the epoch: 17 
total batch: 581.6875 
batch:99 average train loss 1.6970
batch:199 average train loss 1.7535
batch:299 average train loss 1.7716
batch:399 average train loss 1.7909
batch:499 average train loss 1.7796
average train loss 1.7924
Train Consuming time:34.03 in the epoch: 17
total val iterations: 125 
average val loss 2.0543
accuracy ( less than 0.1 ): 0.1889
median val loss 0.5725
total test iterations: 125 
average test loss 1.9473
accuracy ( less than 0.1 ): 0.1865
median test loss 0.5587
Consuming time:45.24 in the epoch: 17
Best test loss is 1.92
---------------*****---------------
---------------*****---------------
Starting training the epoch: 18 
total batch: 581.6875 
batch:99 average train loss 1.6983
batch:199 average train loss 1.7495
batch:299 average train loss 1.7660
batch:399 average train loss 1.7844
batch:499 average train loss 1.7705
average train loss 1.7826
Train Consuming time:34.06 in the epoch: 18
total val iterations: 125 
average val loss 2.0545
accuracy ( less than 0.1 ): 0.1947
median val loss 0.5777
total test iterations: 125 
average test loss 1.9362
accuracy ( less than 0.1 ): 0.1907
median test loss 0.5687
Consuming time:45.57 in the epoch: 18
Best test loss is 1.92
---------------*****---------------
---------------*****---------------
Starting training the epoch: 19 
total batch: 581.6875 
batch:99 average train loss 1.6879
batch:199 average train loss 1.7385
batch:299 average train loss 1.7565
batch:399 average train loss 1.7765
batch:499 average train loss 1.7615
average train loss 1.7735
Train Consuming time:34.08 in the epoch: 19
total val iterations: 125 
average val loss 2.0489
accuracy ( less than 0.1 ): 0.1924
median val loss 0.5785
total test iterations: 125 
average test loss 1.9338
accuracy ( less than 0.1 ): 0.1866
median test loss 0.5569
Consuming time:45.53 in the epoch: 19
Best test loss is 1.92
---------------*****---------------
---------------*****---------------
Starting training the epoch: 20 
total batch: 581.6875 
batch:99 average train loss 1.7186
batch:199 average train loss 1.7682
batch:299 average train loss 1.7729
batch:399 average train loss 1.7838
batch:499 average train loss 1.7596
average train loss 1.7549
Train Consuming time:34.27 in the epoch: 20
total val iterations: 125 
average val loss 1.9838
accuracy ( less than 0.1 ): 0.2327
median val loss 0.6022
total test iterations: 125 
average test loss 1.8674
accuracy ( less than 0.1 ): 0.2234
median test loss 0.5678
Consuming time:45.55 in the epoch: 20
Best test loss is 1.87
---------------*****---------------
---------------*****---------------
Starting training the epoch: 21 
total batch: 581.6875 
batch:99 average train loss 1.6679
batch:199 average train loss 1.7221
batch:299 average train loss 1.7347
batch:399 average train loss 1.7486
batch:499 average train loss 1.7284
average train loss 1.7277
Train Consuming time:33.76 in the epoch: 21
total val iterations: 125 
average val loss 1.9732
accuracy ( less than 0.1 ): 0.2325
median val loss 0.6039
total test iterations: 125 
average test loss 1.8583
accuracy ( less than 0.1 ): 0.2223
median test loss 0.5584
Consuming time:44.97 in the epoch: 21
Best test loss is 1.86
---------------*****---------------
---------------*****---------------
Starting training the epoch: 22 
total batch: 581.6875 
batch:99 average train loss 1.6552
batch:199 average train loss 1.7085
batch:299 average train loss 1.7216
batch:399 average train loss 1.7356
batch:499 average train loss 1.7163
average train loss 1.7177
Train Consuming time:33.76 in the epoch: 22
total val iterations: 125 
average val loss 1.9688
accuracy ( less than 0.1 ): 0.2317
median val loss 0.5976
total test iterations: 125 
average test loss 1.8552
accuracy ( less than 0.1 ): 0.2233
median test loss 0.5512
Consuming time:45.08 in the epoch: 22
Best test loss is 1.86
---------------*****---------------
---------------*****---------------
Starting training the epoch: 23 
total batch: 581.6875 
batch:99 average train loss 1.6483
batch:199 average train loss 1.7011
batch:299 average train loss 1.7141
batch:399 average train loss 1.7283
batch:499 average train loss 1.7096
average train loss 1.7122
Train Consuming time:34.04 in the epoch: 23
total val iterations: 125 
average val loss 1.9669
accuracy ( less than 0.1 ): 0.2295
median val loss 0.5975
total test iterations: 125 
average test loss 1.8539
accuracy ( less than 0.1 ): 0.2229
median test loss 0.5467
Consuming time:45.23 in the epoch: 23
Best test loss is 1.85
---------------*****---------------
---------------*****---------------
Starting training the epoch: 24 
total batch: 581.6875 
batch:99 average train loss 1.6435
batch:199 average train loss 1.6960
batch:299 average train loss 1.7090
batch:399 average train loss 1.7234
batch:499 average train loss 1.7050
average train loss 1.7083
Train Consuming time:33.83 in the epoch: 24
total val iterations: 125 
average val loss 1.9667
accuracy ( less than 0.1 ): 0.2297
median val loss 0.5970
total test iterations: 125 
average test loss 1.8534
accuracy ( less than 0.1 ): 0.2232
median test loss 0.5467
Consuming time:44.99 in the epoch: 24
Best test loss is 1.85
---------------*****---------------
---------------*****---------------
Starting training the epoch: 25 
total batch: 581.6875 
batch:99 average train loss 1.6395
batch:199 average train loss 1.6918
batch:299 average train loss 1.7050
batch:399 average train loss 1.7196
batch:499 average train loss 1.7015
average train loss 1.7055
Train Consuming time:33.72 in the epoch: 25
total val iterations: 125 
average val loss 1.9662
accuracy ( less than 0.1 ): 0.2288
median val loss 0.5931
total test iterations: 125 
average test loss 1.8531
accuracy ( less than 0.1 ): 0.2233
median test loss 0.5431
Consuming time:44.79 in the epoch: 25
Best test loss is 1.85
---------------*****---------------
---------------*****---------------
Starting training the epoch: 26 
total batch: 581.6875 
batch:99 average train loss 1.6364
batch:199 average train loss 1.6883
batch:299 average train loss 1.7016
batch:399 average train loss 1.7165
batch:499 average train loss 1.6985
average train loss 1.7030
Train Consuming time:33.92 in the epoch: 26
total val iterations: 125 
average val loss 1.9664
accuracy ( less than 0.1 ): 0.2298
median val loss 0.5939
total test iterations: 125 
average test loss 1.8531
accuracy ( less than 0.1 ): 0.2233
median test loss 0.5424
Consuming time:45.24 in the epoch: 26
Best test loss is 1.85
---------------*****---------------
---------------*****---------------
Starting training the epoch: 27 
total batch: 581.6875 
batch:99 average train loss 1.6328
batch:199 average train loss 1.6848
batch:299 average train loss 1.6986
batch:399 average train loss 1.7135
batch:499 average train loss 1.6957
average train loss 1.7006
Train Consuming time:33.89 in the epoch: 27
total val iterations: 125 
average val loss 1.9663
accuracy ( less than 0.1 ): 0.2305
median val loss 0.5920
total test iterations: 125 
average test loss 1.8536
accuracy ( less than 0.1 ): 0.2240
median test loss 0.5432
Consuming time:45.21 in the epoch: 27
Best test loss is 1.85
---------------*****---------------
---------------*****---------------
Starting training the epoch: 28 
total batch: 581.6875 
batch:99 average train loss 1.6300
batch:199 average train loss 1.6821
batch:299 average train loss 1.6960
batch:399 average train loss 1.7111
batch:499 average train loss 1.6934
average train loss 1.6986
Train Consuming time:34.02 in the epoch: 28
total val iterations: 125 
average val loss 1.9661
accuracy ( less than 0.1 ): 0.2316
median val loss 0.5904
total test iterations: 125 
average test loss 1.8535
accuracy ( less than 0.1 ): 0.2244
median test loss 0.5425
Consuming time:45.21 in the epoch: 28
Best test loss is 1.85
---------------*****---------------
---------------*****---------------
Starting training the epoch: 29 
total batch: 581.6875 
batch:99 average train loss 1.6274
batch:199 average train loss 1.6796
batch:299 average train loss 1.6937
batch:399 average train loss 1.7090
batch:499 average train loss 1.6915
average train loss 1.6970
Train Consuming time:33.82 in the epoch: 29
total val iterations: 125 
average val loss 1.9663
accuracy ( less than 0.1 ): 0.2308
median val loss 0.5863
total test iterations: 125 
average test loss 1.8536
accuracy ( less than 0.1 ): 0.2247
median test loss 0.5438
Consuming time:45.02 in the epoch: 29
Best test loss is 1.85
---------------*****---------------
---------------*****---------------
Starting training the epoch: 30 
total batch: 581.6875 
batch:99 average train loss 1.6252
batch:199 average train loss 1.6772
batch:299 average train loss 1.6916
batch:399 average train loss 1.7069
batch:499 average train loss 1.6896
average train loss 1.6954
Train Consuming time:33.99 in the epoch: 30
total val iterations: 125 
average val loss 1.9665
accuracy ( less than 0.1 ): 0.2305
median val loss 0.5843
total test iterations: 125 
average test loss 1.8537
accuracy ( less than 0.1 ): 0.2240
median test loss 0.5448
Consuming time:45.11 in the epoch: 30
Best test loss is 1.85
---------------*****---------------
---------------*****---------------
Starting training the epoch: 31 
total batch: 581.6875 
batch:99 average train loss 1.6232
batch:199 average train loss 1.6752
batch:299 average train loss 1.6898
batch:399 average train loss 1.7052
batch:499 average train loss 1.6880
average train loss 1.6941
Train Consuming time:33.71 in the epoch: 31
total val iterations: 125 
average val loss 1.9667
accuracy ( less than 0.1 ): 0.2315
median val loss 0.5850
total test iterations: 125 
average test loss 1.8539
accuracy ( less than 0.1 ): 0.2253
median test loss 0.5447
Consuming time:44.87 in the epoch: 31
Best test loss is 1.85
---------------*****---------------
---------------*****---------------
Starting training the epoch: 32 
total batch: 581.6875 
batch:99 average train loss 1.6214
batch:199 average train loss 1.6733
batch:299 average train loss 1.6880
batch:399 average train loss 1.7034
batch:499 average train loss 1.6864
average train loss 1.6927
Train Consuming time:33.82 in the epoch: 32
total val iterations: 125 
average val loss 1.9670
accuracy ( less than 0.1 ): 0.2314
median val loss 0.5865
total test iterations: 125 
average test loss 1.8538
accuracy ( less than 0.1 ): 0.2253
median test loss 0.5459
Consuming time:45.03 in the epoch: 32
Best test loss is 1.85
---------------*****---------------
---------------*****---------------
Starting training the epoch: 33 
total batch: 581.6875 
batch:99 average train loss 1.6197
batch:199 average train loss 1.6716
batch:299 average train loss 1.6865
batch:399 average train loss 1.7019
batch:499 average train loss 1.6850
average train loss 1.6915
Train Consuming time:33.74 in the epoch: 33
total val iterations: 125 
average val loss 1.9670
accuracy ( less than 0.1 ): 0.2322
median val loss 0.5871
total test iterations: 125 
average test loss 1.8538
accuracy ( less than 0.1 ): 0.2248
median test loss 0.5471
Consuming time:44.91 in the epoch: 33
Best test loss is 1.85
---------------*****---------------
---------------*****---------------
Starting training the epoch: 34 
total batch: 581.6875 
batch:99 average train loss 1.6183
batch:199 average train loss 1.6701
batch:299 average train loss 1.6851
batch:399 average train loss 1.7005
batch:499 average train loss 1.6836
average train loss 1.6904
Train Consuming time:33.62 in the epoch: 34
total val iterations: 125 
average val loss 1.9672
accuracy ( less than 0.1 ): 0.2314
median val loss 0.5864
total test iterations: 125 
average test loss 1.8542
accuracy ( less than 0.1 ): 0.2245
median test loss 0.5467
Consuming time:44.73 in the epoch: 34
Best test loss is 1.85
---------------*****---------------
---------------*****---------------
Starting training the epoch: 35 
total batch: 581.6875 
batch:99 average train loss 1.6169
batch:199 average train loss 1.6687
batch:299 average train loss 1.6837
batch:399 average train loss 1.6991
batch:499 average train loss 1.6824
average train loss 1.6893
Train Consuming time:33.57 in the epoch: 35
total val iterations: 125 
average val loss 1.9674
accuracy ( less than 0.1 ): 0.2310
median val loss 0.5877
total test iterations: 125 
average test loss 1.8544
accuracy ( less than 0.1 ): 0.2240
median test loss 0.5490
Consuming time:44.67 in the epoch: 35
Best test loss is 1.85
---------------*****---------------
---------------*****---------------
Starting training the epoch: 36 
total batch: 581.6875 
batch:99 average train loss 1.6156
batch:199 average train loss 1.6673
batch:299 average train loss 1.6823
batch:399 average train loss 1.6977
batch:499 average train loss 1.6812
average train loss 1.6882
Train Consuming time:33.79 in the epoch: 36
total val iterations: 125 
average val loss 1.9676
accuracy ( less than 0.1 ): 0.2314
median val loss 0.5883
total test iterations: 125 
average test loss 1.8543
accuracy ( less than 0.1 ): 0.2240
median test loss 0.5478
Consuming time:44.83 in the epoch: 36
Best test loss is 1.85
---------------*****---------------
---------------*****---------------
Starting training the epoch: 37 
total batch: 581.6875 
batch:99 average train loss 1.6144
batch:199 average train loss 1.6661
batch:299 average train loss 1.6812
batch:399 average train loss 1.6965
batch:499 average train loss 1.6802
average train loss 1.6873
Train Consuming time:33.74 in the epoch: 37
total val iterations: 125 
average val loss 1.9676
accuracy ( less than 0.1 ): 0.2319
median val loss 0.5888
total test iterations: 125 
average test loss 1.8544
accuracy ( less than 0.1 ): 0.2240
median test loss 0.5473
Consuming time:44.95 in the epoch: 37
Best test loss is 1.85
---------------*****---------------
---------------*****---------------
Starting training the epoch: 38 
total batch: 581.6875 
batch:99 average train loss 1.6134
batch:199 average train loss 1.6650
batch:299 average train loss 1.6801
batch:399 average train loss 1.6953
batch:499 average train loss 1.6792
average train loss 1.6864
Train Consuming time:33.90 in the epoch: 38
total val iterations: 125 
average val loss 1.9676
accuracy ( less than 0.1 ): 0.2314
median val loss 0.5889
total test iterations: 125 
average test loss 1.8545
accuracy ( less than 0.1 ): 0.2239
median test loss 0.5488
Consuming time:45.19 in the epoch: 38
Best test loss is 1.85
---------------*****---------------
---------------*****---------------
Starting training the epoch: 39 
total batch: 581.6875 
batch:99 average train loss 1.6123
batch:199 average train loss 1.6638
batch:299 average train loss 1.6789
batch:399 average train loss 1.6941
batch:499 average train loss 1.6781
average train loss 1.6854
Train Consuming time:33.45 in the epoch: 39
total val iterations: 125 
average val loss 1.9677
accuracy ( less than 0.1 ): 0.2306
median val loss 0.5870
total test iterations: 125 
average test loss 1.8545
accuracy ( less than 0.1 ): 0.2228
median test loss 0.5499
Consuming time:44.56 in the epoch: 39
Best test loss is 1.85
---------------*****---------------
---------------*****---------------
Starting training the epoch: 40 
total batch: 581.6875 
batch:99 average train loss 1.6114
batch:199 average train loss 1.6627
batch:299 average train loss 1.6779
batch:399 average train loss 1.6931
batch:499 average train loss 1.6772
average train loss 1.6846
Train Consuming time:33.79 in the epoch: 40
total val iterations: 125 
average val loss 1.9678
accuracy ( less than 0.1 ): 0.2317
median val loss 0.5869
total test iterations: 125 
average test loss 1.8545
accuracy ( less than 0.1 ): 0.2238
median test loss 0.5493
Consuming time:45.00 in the epoch: 40
Best test loss is 1.85
---------------*****---------------
---------------*****---------------
Starting training the epoch: 41 
total batch: 581.6875 
batch:99 average train loss 1.6104
batch:199 average train loss 1.6617
batch:299 average train loss 1.6769
batch:399 average train loss 1.6921
batch:499 average train loss 1.6762
average train loss 1.6837
Train Consuming time:33.66 in the epoch: 41
total val iterations: 125 
average val loss 1.9679
accuracy ( less than 0.1 ): 0.2305
median val loss 0.5861
total test iterations: 125 
average test loss 1.8547
accuracy ( less than 0.1 ): 0.2235
median test loss 0.5499
Consuming time:44.85 in the epoch: 41
Best test loss is 1.85
---------------*****---------------
---------------*****---------------
Starting training the epoch: 42 
total batch: 581.6875 
batch:99 average train loss 1.6095
batch:199 average train loss 1.6608
batch:299 average train loss 1.6761
batch:399 average train loss 1.6913
batch:499 average train loss 1.6754
average train loss 1.6829
Train Consuming time:33.77 in the epoch: 42
total val iterations: 125 
average val loss 1.9681
accuracy ( less than 0.1 ): 0.2302
median val loss 0.5872
total test iterations: 125 
average test loss 1.8548
accuracy ( less than 0.1 ): 0.2234
median test loss 0.5509
Consuming time:44.86 in the epoch: 42
Best test loss is 1.85
---------------*****---------------
---------------*****---------------
Starting training the epoch: 43 
total batch: 581.6875 
batch:99 average train loss 1.6087
batch:199 average train loss 1.6598
batch:299 average train loss 1.6752
batch:399 average train loss 1.6904
batch:499 average train loss 1.6746
average train loss 1.6822
Train Consuming time:33.72 in the epoch: 43
total val iterations: 125 
average val loss 1.9681
accuracy ( less than 0.1 ): 0.2305
median val loss 0.5858
total test iterations: 125 
Traceback (most recent call last):
  File "run.py", line 435, in <module>
    t_avg_loss, t_median_loss = model_test(model, X_test, Y_test, batch_size,n_seq, device, load_concat)
  File "run.py", line 205, in model_test
    batch_x = pickle.load(open((opts.DATA_PATH + 'temp{}/batch_x_{}_{}_{}_test.pkl').format(num_try, i, observation_time, interval), 'rb'))
  File "/home/ta/.local/lib/python3.6/site-packages/torch/storage.py", line 141, in _load_from_bytes
    def _load_from_bytes(b):
KeyboardInterrupt
