===================configuration===================
learning rate :0.001 
num_mlp_layers : 1
num_layers : 2
gnn input_features : 100
gnn output_features : 64
input of rnn/transformer : 64
hidden_size (out put of rnn/tranformer) : 64
observation hour [7,19]
observation interval : 1
observation threshold : 6
prediction time : 86400
cascade length [10,100]
model save at : ../model_save/cas2vec/dblp1/
====bidirected: False, attention: , gcn_type: self, rnn: gru====
===================configuration===================
len(Y_train), len(Y_valid), len(Y_test): 48622 10420 10419
preparing time:32.5248019695282
total parameters 44173
---------------*****---------------
Starting training the epoch: 0 
total batch: 759.71875 
batch:99 average train loss 2.7301
batch:199 average train loss 2.2707
batch:299 average train loss 2.0879
batch:399 average train loss 1.9844
batch:499 average train loss 1.9237
batch:599 average train loss 1.8815
batch:699 average train loss 1.8547
average train loss 1.8370
Train Consuming time:32.40 in the epoch: 0
total val iterations: 163 
average val loss 1.6602
accuracy ( less than 0.1 ): 0.2450
median val loss 0.6970
total test iterations: 163 
average test loss 1.6228
accuracy ( less than 0.1 ): 0.2446
median test loss 0.6736
Consuming time:43.33 in the epoch: 0
Best test loss is 1.62
---------------*****---------------
---------------*****---------------
Starting training the epoch: 1 
total batch: 759.71875 
batch:99 average train loss 1.6075
batch:199 average train loss 1.6033
batch:299 average train loss 1.6061
batch:399 average train loss 1.6055
batch:499 average train loss 1.6065
batch:599 average train loss 1.6087
batch:699 average train loss 1.6142
average train loss 1.6115
Train Consuming time:11.96 in the epoch: 1
total val iterations: 163 
average val loss 1.6603
accuracy ( less than 0.1 ): 0.2536
median val loss 0.7095
total test iterations: 163 
average test loss 1.6211
accuracy ( less than 0.1 ): 0.2537
median test loss 0.6760
Consuming time:14.91 in the epoch: 1
Best test loss is 1.62
---------------*****---------------
---------------*****---------------
Starting training the epoch: 2 
total batch: 759.71875 
batch:99 average train loss 1.5727
batch:199 average train loss 1.5699
batch:299 average train loss 1.5759
batch:399 average train loss 1.5763
batch:499 average train loss 1.5789
batch:599 average train loss 1.5829
batch:699 average train loss 1.5890
average train loss 1.5873
Train Consuming time:11.71 in the epoch: 2
total val iterations: 163 
average val loss 1.6289
accuracy ( less than 0.1 ): 0.2526
median val loss 0.7053
total test iterations: 163 
average test loss 1.5842
accuracy ( less than 0.1 ): 0.2528
median test loss 0.6561
Consuming time:14.55 in the epoch: 2
Best test loss is 1.58
---------------*****---------------
---------------*****---------------
Starting training the epoch: 3 
total batch: 759.71875 
batch:99 average train loss 1.5531
batch:199 average train loss 1.5529
batch:299 average train loss 1.5592
batch:399 average train loss 1.5623
batch:499 average train loss 1.5641
batch:599 average train loss 1.5693
batch:699 average train loss 1.5756
average train loss 1.5743
Train Consuming time:11.59 in the epoch: 3
total val iterations: 163 
average val loss 1.6137
accuracy ( less than 0.1 ): 0.2351
median val loss 0.6773
total test iterations: 163 
average test loss 1.5680
accuracy ( less than 0.1 ): 0.2386
median test loss 0.6443
Consuming time:14.41 in the epoch: 3
Best test loss is 1.57
---------------*****---------------
---------------*****---------------
Starting training the epoch: 4 
total batch: 759.71875 
batch:99 average train loss 1.5430
batch:199 average train loss 1.5414
batch:299 average train loss 1.5488
batch:399 average train loss 1.5526
batch:499 average train loss 1.5562
batch:599 average train loss 1.5608
batch:699 average train loss 1.5673
average train loss 1.5658
Train Consuming time:11.62 in the epoch: 4
total val iterations: 163 
average val loss 1.5951
accuracy ( less than 0.1 ): 0.2407
median val loss 0.6805
total test iterations: 163 
average test loss 1.5518
accuracy ( less than 0.1 ): 0.2406
median test loss 0.6406
Consuming time:14.46 in the epoch: 4
Best test loss is 1.55
---------------*****---------------
---------------*****---------------
Starting training the epoch: 5 
total batch: 759.71875 
batch:99 average train loss 1.5380
batch:199 average train loss 1.5372
batch:299 average train loss 1.5431
batch:399 average train loss 1.5456
batch:499 average train loss 1.5482
batch:599 average train loss 1.5537
batch:699 average train loss 1.5600
average train loss 1.5591
Train Consuming time:11.68 in the epoch: 5
total val iterations: 163 
average val loss 1.5990
accuracy ( less than 0.1 ): 0.2450
median val loss 0.6763
total test iterations: 163 
average test loss 1.5518
accuracy ( less than 0.1 ): 0.2486
median test loss 0.6447
Consuming time:14.54 in the epoch: 5
Best test loss is 1.55
---------------*****---------------
---------------*****---------------
Starting training the epoch: 6 
total batch: 759.71875 
batch:99 average train loss 1.5318
batch:199 average train loss 1.5292
batch:299 average train loss 1.5356
batch:399 average train loss 1.5386
batch:499 average train loss 1.5416
batch:599 average train loss 1.5471
batch:699 average train loss 1.5540
average train loss 1.5532
Train Consuming time:11.80 in the epoch: 6
total val iterations: 163 
average val loss 1.5917
accuracy ( less than 0.1 ): 0.2462
median val loss 0.6714
total test iterations: 163 
average test loss 1.5450
accuracy ( less than 0.1 ): 0.2486
median test loss 0.6369
Consuming time:14.62 in the epoch: 6
Best test loss is 1.54
---------------*****---------------
---------------*****---------------
Starting training the epoch: 7 
total batch: 759.71875 
batch:99 average train loss 1.5255
batch:199 average train loss 1.5264
batch:299 average train loss 1.5322
batch:399 average train loss 1.5356
batch:499 average train loss 1.5379
batch:599 average train loss 1.5428
batch:699 average train loss 1.5501
average train loss 1.5494
Train Consuming time:11.68 in the epoch: 7
total val iterations: 163 
average val loss 1.5789
accuracy ( less than 0.1 ): 0.2348
median val loss 0.6660
total test iterations: 163 
average test loss 1.5320
accuracy ( less than 0.1 ): 0.2362
median test loss 0.6297
Consuming time:14.53 in the epoch: 7
Best test loss is 1.53
---------------*****---------------
---------------*****---------------
Starting training the epoch: 8 
total batch: 759.71875 
batch:99 average train loss 1.5206
batch:199 average train loss 1.5208
batch:299 average train loss 1.5280
batch:399 average train loss 1.5328
batch:499 average train loss 1.5356
batch:599 average train loss 1.5404
batch:699 average train loss 1.5477
average train loss 1.5467
Train Consuming time:11.79 in the epoch: 8
total val iterations: 163 
average val loss 1.5831
accuracy ( less than 0.1 ): 0.2351
median val loss 0.6722
total test iterations: 163 
average test loss 1.5370
accuracy ( less than 0.1 ): 0.2369
median test loss 0.6340
Consuming time:14.72 in the epoch: 8
Best test loss is 1.53
---------------*****---------------
---------------*****---------------
Starting training the epoch: 9 
total batch: 759.71875 
batch:99 average train loss 1.5172
batch:199 average train loss 1.5164
batch:299 average train loss 1.5243
batch:399 average train loss 1.5291
batch:499 average train loss 1.5322
batch:599 average train loss 1.5374
batch:699 average train loss 1.5444
average train loss 1.5437
Train Consuming time:11.87 in the epoch: 9
total val iterations: 163 
average val loss 1.5765
accuracy ( less than 0.1 ): 0.2300
median val loss 0.6590
total test iterations: 163 
average test loss 1.5312
accuracy ( less than 0.1 ): 0.2301
median test loss 0.6209
Consuming time:14.80 in the epoch: 9
Best test loss is 1.53
---------------*****---------------
---------------*****---------------
Starting training the epoch: 10 
total batch: 759.71875 
batch:99 average train loss 1.5166
batch:199 average train loss 1.5153
batch:299 average train loss 1.5225
batch:399 average train loss 1.5269
batch:499 average train loss 1.5301
batch:599 average train loss 1.5350
batch:699 average train loss 1.5421
average train loss 1.5414
Train Consuming time:11.85 in the epoch: 10
total val iterations: 163 
average val loss 1.5716
accuracy ( less than 0.1 ): 0.2281
median val loss 0.6612
total test iterations: 163 
average test loss 1.5253
accuracy ( less than 0.1 ): 0.2295
median test loss 0.6186
Consuming time:14.78 in the epoch: 10
Best test loss is 1.53
---------------*****---------------
---------------*****---------------
Starting training the epoch: 11 
total batch: 759.71875 
batch:99 average train loss 1.5159
batch:199 average train loss 1.5141
batch:299 average train loss 1.5207
batch:399 average train loss 1.5247
batch:499 average train loss 1.5276
batch:599 average train loss 1.5327
batch:699 average train loss 1.5399
average train loss 1.5391
Train Consuming time:11.85 in the epoch: 11
total val iterations: 163 
average val loss 1.5717
accuracy ( less than 0.1 ): 0.2273
median val loss 0.6598
total test iterations: 163 
average test loss 1.5254
accuracy ( less than 0.1 ): 0.2284
median test loss 0.6244
Consuming time:14.77 in the epoch: 11
Best test loss is 1.53
---------------*****---------------
---------------*****---------------
Starting training the epoch: 12 
total batch: 759.71875 
batch:99 average train loss 1.5107
batch:199 average train loss 1.5098
batch:299 average train loss 1.5178
batch:399 average train loss 1.5223
batch:499 average train loss 1.5256
batch:599 average train loss 1.5306
batch:699 average train loss 1.5379
average train loss 1.5371
Train Consuming time:11.85 in the epoch: 12
total val iterations: 163 
average val loss 1.5816
accuracy ( less than 0.1 ): 0.2327
median val loss 0.6719
total test iterations: 163 
average test loss 1.5372
accuracy ( less than 0.1 ): 0.2364
median test loss 0.6330
Consuming time:14.77 in the epoch: 12
Best test loss is 1.53
---------------*****---------------
---------------*****---------------
Starting training the epoch: 13 
total batch: 759.71875 
batch:99 average train loss 1.5108
batch:199 average train loss 1.5083
batch:299 average train loss 1.5154
batch:399 average train loss 1.5194
batch:499 average train loss 1.5224
batch:599 average train loss 1.5280
batch:699 average train loss 1.5356
average train loss 1.5347
Train Consuming time:11.86 in the epoch: 13
total val iterations: 163 
average val loss 1.5732
accuracy ( less than 0.1 ): 0.2274
median val loss 0.6571
total test iterations: 163 
average test loss 1.5278
accuracy ( less than 0.1 ): 0.2301
median test loss 0.6275
Consuming time:14.77 in the epoch: 13
Best test loss is 1.53
---------------*****---------------
---------------*****---------------
Starting training the epoch: 14 
total batch: 759.71875 
batch:99 average train loss 1.5091
batch:199 average train loss 1.5076
batch:299 average train loss 1.5147
batch:399 average train loss 1.5196
batch:499 average train loss 1.5223
batch:599 average train loss 1.5270
batch:699 average train loss 1.5347
average train loss 1.5337
Train Consuming time:11.88 in the epoch: 14
total val iterations: 163 
average val loss 1.5728
accuracy ( less than 0.1 ): 0.2256
median val loss 0.6685
total test iterations: 163 
average test loss 1.5274
accuracy ( less than 0.1 ): 0.2270
median test loss 0.6311
Consuming time:14.79 in the epoch: 14
Best test loss is 1.53
---------------*****---------------
---------------*****---------------
Starting training the epoch: 15 
total batch: 759.71875 
batch:99 average train loss 1.5068
batch:199 average train loss 1.5047
batch:299 average train loss 1.5129
batch:399 average train loss 1.5171
batch:499 average train loss 1.5200
batch:599 average train loss 1.5251
batch:699 average train loss 1.5329
average train loss 1.5321
Train Consuming time:11.81 in the epoch: 15
total val iterations: 163 
average val loss 1.5745
accuracy ( less than 0.1 ): 0.2304
median val loss 0.6642
total test iterations: 163 
average test loss 1.5316
accuracy ( less than 0.1 ): 0.2314
median test loss 0.6316
Consuming time:14.68 in the epoch: 15
Best test loss is 1.53
---------------*****---------------
---------------*****---------------
Starting training the epoch: 16 
total batch: 759.71875 
batch:99 average train loss 1.5080
batch:199 average train loss 1.5070
batch:299 average train loss 1.5134
batch:399 average train loss 1.5173
batch:499 average train loss 1.5200
batch:599 average train loss 1.5247
batch:699 average train loss 1.5324
average train loss 1.5314
Train Consuming time:11.71 in the epoch: 16
total val iterations: 163 
average val loss 1.5733
accuracy ( less than 0.1 ): 0.2305
median val loss 0.6686
total test iterations: 163 
average test loss 1.5288
accuracy ( less than 0.1 ): 0.2348
median test loss 0.6270
Consuming time:14.59 in the epoch: 16
Best test loss is 1.53
---------------*****---------------
---------------*****---------------
Starting training the epoch: 17 
total batch: 759.71875 
batch:99 average train loss 1.5065
batch:199 average train loss 1.5041
batch:299 average train loss 1.5113
batch:399 average train loss 1.5155
batch:499 average train loss 1.5181
batch:599 average train loss 1.5232
batch:699 average train loss 1.5310
average train loss 1.5299
Train Consuming time:11.74 in the epoch: 17
total val iterations: 163 
average val loss 1.5718
accuracy ( less than 0.1 ): 0.2292
median val loss 0.6635
total test iterations: 163 
average test loss 1.5256
accuracy ( less than 0.1 ): 0.2315
median test loss 0.6273
Consuming time:14.62 in the epoch: 17
Best test loss is 1.53
---------------*****---------------
---------------*****---------------
Starting training the epoch: 18 
total batch: 759.71875 
batch:99 average train loss 1.5060
batch:199 average train loss 1.5039
batch:299 average train loss 1.5105
batch:399 average train loss 1.5143
batch:499 average train loss 1.5169
batch:599 average train loss 1.5219
batch:699 average train loss 1.5299
average train loss 1.5289
Train Consuming time:11.79 in the epoch: 18
total val iterations: 163 
average val loss 1.5706
accuracy ( less than 0.1 ): 0.2276
median val loss 0.6612
total test iterations: 163 
average test loss 1.5235
accuracy ( less than 0.1 ): 0.2291
median test loss 0.6276
Consuming time:14.72 in the epoch: 18
Best test loss is 1.52
---------------*****---------------
---------------*****---------------
Starting training the epoch: 19 
total batch: 759.71875 
batch:99 average train loss 1.5037
batch:199 average train loss 1.5017
batch:299 average train loss 1.5095
batch:399 average train loss 1.5135
batch:499 average train loss 1.5156
batch:599 average train loss 1.5207
batch:699 average train loss 1.5285
average train loss 1.5274
Train Consuming time:11.87 in the epoch: 19
total val iterations: 163 
average val loss 1.5703
accuracy ( less than 0.1 ): 0.2264
median val loss 0.6571
total test iterations: 163 
average test loss 1.5242
accuracy ( less than 0.1 ): 0.2283
median test loss 0.6278
Consuming time:14.80 in the epoch: 19
Best test loss is 1.52
---------------*****---------------
---------------*****---------------
Starting training the epoch: 20 
total batch: 759.71875 
batch:99 average train loss 1.4854
batch:199 average train loss 1.4876
batch:299 average train loss 1.4956
batch:399 average train loss 1.4972
batch:499 average train loss 1.4998
batch:599 average train loss 1.5039
batch:699 average train loss 1.5115
average train loss 1.5101
Train Consuming time:11.67 in the epoch: 20
total val iterations: 163 
average val loss 1.5602
accuracy ( less than 0.1 ): 0.2257
median val loss 0.6588
total test iterations: 163 
average test loss 1.5144
accuracy ( less than 0.1 ): 0.2246
median test loss 0.6168
Consuming time:14.60 in the epoch: 20
Best test loss is 1.51
---------------*****---------------
---------------*****---------------
Starting training the epoch: 21 
total batch: 759.71875 
batch:99 average train loss 1.4737
batch:199 average train loss 1.4772
batch:299 average train loss 1.4857
batch:399 average train loss 1.4885
batch:499 average train loss 1.4915
batch:599 average train loss 1.4961
batch:699 average train loss 1.5042
average train loss 1.5033
Train Consuming time:11.68 in the epoch: 21
total val iterations: 163 
average val loss 1.5577
accuracy ( less than 0.1 ): 0.2263
median val loss 0.6582
total test iterations: 163 
average test loss 1.5114
accuracy ( less than 0.1 ): 0.2242
median test loss 0.6116
Consuming time:14.62 in the epoch: 21
Best test loss is 1.51
---------------*****---------------
---------------*****---------------
Starting training the epoch: 22 
total batch: 759.71875 
batch:99 average train loss 1.4706
batch:199 average train loss 1.4735
batch:299 average train loss 1.4820
batch:399 average train loss 1.4851
batch:499 average train loss 1.4881
batch:599 average train loss 1.4928
batch:699 average train loss 1.5011
average train loss 1.5003
Train Consuming time:11.71 in the epoch: 22
total val iterations: 163 
average val loss 1.5566
accuracy ( less than 0.1 ): 0.2269
median val loss 0.6601
total test iterations: 163 
average test loss 1.5100
accuracy ( less than 0.1 ): 0.2241
median test loss 0.6185
Consuming time:14.64 in the epoch: 22
Best test loss is 1.51
---------------*****---------------
---------------*****---------------
Starting training the epoch: 23 
total batch: 759.71875 
batch:99 average train loss 1.4689
batch:199 average train loss 1.4713
batch:299 average train loss 1.4799
batch:399 average train loss 1.4831
batch:499 average train loss 1.4861
batch:599 average train loss 1.4907
batch:699 average train loss 1.4991
average train loss 1.4986
Train Consuming time:11.73 in the epoch: 23
total val iterations: 163 
average val loss 1.5560
accuracy ( less than 0.1 ): 0.2274
median val loss 0.6571
total test iterations: 163 
average test loss 1.5095
accuracy ( less than 0.1 ): 0.2250
median test loss 0.6197
Consuming time:14.66 in the epoch: 23
Best test loss is 1.51
---------------*****---------------
---------------*****---------------
Starting training the epoch: 24 
total batch: 759.71875 
batch:99 average train loss 1.4682
batch:199 average train loss 1.4699
batch:299 average train loss 1.4785
batch:399 average train loss 1.4819
batch:499 average train loss 1.4849
batch:599 average train loss 1.4895
batch:699 average train loss 1.4980
average train loss 1.4976
Train Consuming time:11.59 in the epoch: 24
total val iterations: 163 
average val loss 1.5557
accuracy ( less than 0.1 ): 0.2272
median val loss 0.6564
total test iterations: 163 
average test loss 1.5094
accuracy ( less than 0.1 ): 0.2244
median test loss 0.6212
Consuming time:14.53 in the epoch: 24
Best test loss is 1.51
---------------*****---------------
---------------*****---------------
Starting training the epoch: 25 
total batch: 759.71875 
batch:99 average train loss 1.4676
batch:199 average train loss 1.4689
batch:299 average train loss 1.4775
batch:399 average train loss 1.4811
batch:499 average train loss 1.4841
batch:599 average train loss 1.4886
batch:699 average train loss 1.4973
average train loss 1.4969
Train Consuming time:11.58 in the epoch: 25
total val iterations: 163 
average val loss 1.5554
accuracy ( less than 0.1 ): 0.2270
median val loss 0.6596
total test iterations: 163 
average test loss 1.5094
accuracy ( less than 0.1 ): 0.2249
median test loss 0.6185
Consuming time:14.43 in the epoch: 25
Best test loss is 1.51
---------------*****---------------
---------------*****---------------
Starting training the epoch: 26 
total batch: 759.71875 
batch:99 average train loss 1.4674
batch:199 average train loss 1.4684
batch:299 average train loss 1.4769
batch:399 average train loss 1.4806
batch:499 average train loss 1.4836
batch:599 average train loss 1.4881
batch:699 average train loss 1.4968
average train loss 1.4966
Train Consuming time:11.54 in the epoch: 26
total val iterations: 163 
average val loss 1.5553
accuracy ( less than 0.1 ): 0.2267
median val loss 0.6588
total test iterations: 163 
average test loss 1.5096
accuracy ( less than 0.1 ): 0.2251
median test loss 0.6195
Consuming time:14.41 in the epoch: 26
Best test loss is 1.51
---------------*****---------------
---------------*****---------------
Starting training the epoch: 27 
total batch: 759.71875 
batch:99 average train loss 1.4672
batch:199 average train loss 1.4680
batch:299 average train loss 1.4765
batch:399 average train loss 1.4803
batch:499 average train loss 1.4833
batch:599 average train loss 1.4878
batch:699 average train loss 1.4966
average train loss 1.4963
Train Consuming time:11.59 in the epoch: 27
total val iterations: 163 
average val loss 1.5552
accuracy ( less than 0.1 ): 0.2269
median val loss 0.6609
total test iterations: 163 
average test loss 1.5097
accuracy ( less than 0.1 ): 0.2248
median test loss 0.6181
Consuming time:14.45 in the epoch: 27
Best test loss is 1.51
---------------*****---------------
---------------*****---------------
Starting training the epoch: 28 
total batch: 759.71875 
batch:99 average train loss 1.4670
batch:199 average train loss 1.4678
batch:299 average train loss 1.4762
batch:399 average train loss 1.4801
batch:499 average train loss 1.4830
batch:599 average train loss 1.4875
batch:699 average train loss 1.4963
average train loss 1.4961
Train Consuming time:11.54 in the epoch: 28
total val iterations: 163 
average val loss 1.5549
accuracy ( less than 0.1 ): 0.2268
median val loss 0.6594
total test iterations: 163 
average test loss 1.5097
accuracy ( less than 0.1 ): 0.2242
median test loss 0.6187
Consuming time:14.39 in the epoch: 28
Best test loss is 1.51
---------------*****---------------
---------------*****---------------
Starting training the epoch: 29 
total batch: 759.71875 
batch:99 average train loss 1.4669
batch:199 average train loss 1.4675
batch:299 average train loss 1.4760
batch:399 average train loss 1.4799
batch:499 average train loss 1.4828
batch:599 average train loss 1.4873
batch:699 average train loss 1.4961
average train loss 1.4960
Train Consuming time:11.57 in the epoch: 29
total val iterations: 163 
average val loss 1.5548
accuracy ( less than 0.1 ): 0.2271
median val loss 0.6609
total test iterations: 163 
average test loss 1.5097
accuracy ( less than 0.1 ): 0.2242
median test loss 0.6174
Consuming time:14.42 in the epoch: 29
Best test loss is 1.51
---------------*****---------------
---------------*****---------------
Starting training the epoch: 30 
total batch: 759.71875 
batch:99 average train loss 1.4667
batch:199 average train loss 1.4673
batch:299 average train loss 1.4758
batch:399 average train loss 1.4797
batch:499 average train loss 1.4826
batch:599 average train loss 1.4871
batch:699 average train loss 1.4959
average train loss 1.4958
Train Consuming time:11.49 in the epoch: 30
total val iterations: 163 
average val loss 1.5547
accuracy ( less than 0.1 ): 0.2273
median val loss 0.6601
total test iterations: 163 
average test loss 1.5097
accuracy ( less than 0.1 ): 0.2242
median test loss 0.6179
Consuming time:14.35 in the epoch: 30
Best test loss is 1.51
---------------*****---------------
---------------*****---------------
Starting training the epoch: 31 
total batch: 759.71875 
batch:99 average train loss 1.4666
batch:199 average train loss 1.4671
batch:299 average train loss 1.4756
batch:399 average train loss 1.4795
batch:499 average train loss 1.4824
batch:599 average train loss 1.4869
batch:699 average train loss 1.4958
average train loss 1.4957
Train Consuming time:11.45 in the epoch: 31
total val iterations: 163 
average val loss 1.5547
accuracy ( less than 0.1 ): 0.2272
median val loss 0.6605
total test iterations: 163 
average test loss 1.5098
accuracy ( less than 0.1 ): 0.2241
median test loss 0.6187
Consuming time:14.31 in the epoch: 31
Best test loss is 1.51
---------------*****---------------
