===================configuration===================
learning rate :0.001 
num_mlp_layers : 1
num_layers : 2
gnn input_features : 100
gnn output_features : 64
input of rnn/transformer : 64
hidden_size (out put of rnn/tranformer) : 64
observation hour [7,19]
observation interval : 1
observation threshold : 7
prediction time : 86400
cascade length [10,100]
model save at : ../model_save/cas2vec/dblp2/
====bidirected: False, attention: , gcn_type: self, rnn: gru====
===================configuration===================
len(Y_train), len(Y_valid), len(Y_test): 56612 12132 12131
preparing time:42.246880531311035
total parameters 44175
---------------*****---------------
Starting training the epoch: 0 
total batch: 884.5625 
batch:99 average train loss 2.5952
batch:199 average train loss 2.1899
batch:299 average train loss 2.0234
batch:399 average train loss 1.9467
batch:499 average train loss 1.8838
batch:599 average train loss 1.8351
batch:699 average train loss 1.8023
batch:799 average train loss 1.7782
average train loss 1.7622
Train Consuming time:43.54 in the epoch: 0
total val iterations: 190 
average val loss 1.6070
accuracy ( less than 0.1 ): 0.1855
median val loss 0.6875
total test iterations: 190 
average test loss 1.5811
accuracy ( less than 0.1 ): 0.1884
median test loss 0.6846
Consuming time:58.47 in the epoch: 0
Best test loss is 1.58
---------------*****---------------
---------------*****---------------
Starting training the epoch: 1 
total batch: 884.5625 
batch:99 average train loss 1.5953
batch:199 average train loss 1.5867
batch:299 average train loss 1.5767
batch:399 average train loss 1.5835
batch:499 average train loss 1.5778
batch:599 average train loss 1.5708
batch:699 average train loss 1.5690
batch:799 average train loss 1.5695
average train loss 1.5689
Train Consuming time:16.28 in the epoch: 1
total val iterations: 190 
average val loss 1.5933
accuracy ( less than 0.1 ): 0.1811
median val loss 0.6867
total test iterations: 190 
average test loss 1.5599
accuracy ( less than 0.1 ): 0.1854
median test loss 0.6808
Consuming time:20.51 in the epoch: 1
Best test loss is 1.56
---------------*****---------------
---------------*****---------------
Starting training the epoch: 2 
total batch: 884.5625 
batch:99 average train loss 1.5464
batch:199 average train loss 1.5459
batch:299 average train loss 1.5400
batch:399 average train loss 1.5491
batch:499 average train loss 1.5450
batch:599 average train loss 1.5404
batch:699 average train loss 1.5411
batch:799 average train loss 1.5419
average train loss 1.5417
Train Consuming time:15.91 in the epoch: 2
total val iterations: 190 
average val loss 1.5791
accuracy ( less than 0.1 ): 0.1806
median val loss 0.6824
total test iterations: 190 
average test loss 1.5434
accuracy ( less than 0.1 ): 0.1864
median test loss 0.6786
Consuming time:20.08 in the epoch: 2
Best test loss is 1.54
---------------*****---------------
---------------*****---------------
Starting training the epoch: 3 
total batch: 884.5625 
batch:99 average train loss 1.5275
batch:199 average train loss 1.5276
batch:299 average train loss 1.5220
batch:399 average train loss 1.5335
batch:499 average train loss 1.5296
batch:599 average train loss 1.5260
batch:699 average train loss 1.5261
batch:799 average train loss 1.5273
average train loss 1.5276
Train Consuming time:15.88 in the epoch: 3
total val iterations: 190 
average val loss 1.5671
accuracy ( less than 0.1 ): 0.1764
median val loss 0.6784
total test iterations: 190 
average test loss 1.5306
accuracy ( less than 0.1 ): 0.1819
median test loss 0.6691
Consuming time:20.05 in the epoch: 3
Best test loss is 1.53
---------------*****---------------
---------------*****---------------
Starting training the epoch: 4 
total batch: 884.5625 
batch:99 average train loss 1.5154
batch:199 average train loss 1.5180
batch:299 average train loss 1.5124
batch:399 average train loss 1.5231
batch:499 average train loss 1.5194
batch:599 average train loss 1.5169
batch:699 average train loss 1.5175
batch:799 average train loss 1.5193
average train loss 1.5195
Train Consuming time:15.87 in the epoch: 4
total val iterations: 190 
average val loss 1.5507
accuracy ( less than 0.1 ): 0.1768
median val loss 0.6689
total test iterations: 190 
average test loss 1.5130
accuracy ( less than 0.1 ): 0.1800
median test loss 0.6566
Consuming time:20.03 in the epoch: 4
Best test loss is 1.51
---------------*****---------------
---------------*****---------------
Starting training the epoch: 5 
total batch: 884.5625 
batch:99 average train loss 1.5118
batch:199 average train loss 1.5110
batch:299 average train loss 1.5057
batch:399 average train loss 1.5169
batch:499 average train loss 1.5126
batch:599 average train loss 1.5101
batch:699 average train loss 1.5111
batch:799 average train loss 1.5131
average train loss 1.5134
Train Consuming time:15.85 in the epoch: 5
total val iterations: 190 
average val loss 1.6310
accuracy ( less than 0.1 ): 0.1511
median val loss 0.6966
total test iterations: 190 
average test loss 1.5910
accuracy ( less than 0.1 ): 0.1526
median test loss 0.7068
Consuming time:20.04 in the epoch: 5
Best test loss is 1.51
---------------*****---------------
---------------*****---------------
Starting training the epoch: 6 
total batch: 884.5625 
batch:99 average train loss 1.5090
batch:199 average train loss 1.5087
batch:299 average train loss 1.5035
batch:399 average train loss 1.5144
batch:499 average train loss 1.5101
batch:599 average train loss 1.5073
batch:699 average train loss 1.5081
batch:799 average train loss 1.5099
average train loss 1.5103
Train Consuming time:16.00 in the epoch: 6
total val iterations: 190 
average val loss 1.5474
accuracy ( less than 0.1 ): 0.1758
median val loss 0.6632
total test iterations: 190 
average test loss 1.5115
accuracy ( less than 0.1 ): 0.1793
median test loss 0.6560
Consuming time:20.22 in the epoch: 6
Best test loss is 1.51
---------------*****---------------
---------------*****---------------
Starting training the epoch: 7 
total batch: 884.5625 
batch:99 average train loss 1.5036
batch:199 average train loss 1.5047
batch:299 average train loss 1.4997
batch:399 average train loss 1.5105
batch:499 average train loss 1.5062
batch:599 average train loss 1.5036
batch:699 average train loss 1.5051
batch:799 average train loss 1.5067
average train loss 1.5070
Train Consuming time:15.98 in the epoch: 7
total val iterations: 190 
average val loss 1.5534
accuracy ( less than 0.1 ): 0.1730
median val loss 0.6701
total test iterations: 190 
average test loss 1.5167
accuracy ( less than 0.1 ): 0.1792
median test loss 0.6556
Consuming time:20.19 in the epoch: 7
Best test loss is 1.51
---------------*****---------------
---------------*****---------------
Starting training the epoch: 8 
total batch: 884.5625 
batch:99 average train loss 1.5019
batch:199 average train loss 1.5037
batch:299 average train loss 1.4977
batch:399 average train loss 1.5070
batch:499 average train loss 1.5032
batch:599 average train loss 1.5009
batch:699 average train loss 1.5023
batch:799 average train loss 1.5043
average train loss 1.5048
Train Consuming time:15.92 in the epoch: 8
total val iterations: 190 
average val loss 1.5736
accuracy ( less than 0.1 ): 0.1642
median val loss 0.6797
total test iterations: 190 
average test loss 1.5326
accuracy ( less than 0.1 ): 0.1691
median test loss 0.6706
Consuming time:20.05 in the epoch: 8
Best test loss is 1.51
---------------*****---------------
---------------*****---------------
Starting training the epoch: 9 
total batch: 884.5625 
batch:99 average train loss 1.5014
batch:199 average train loss 1.5022
batch:299 average train loss 1.4959
batch:399 average train loss 1.5054
batch:499 average train loss 1.5012
batch:599 average train loss 1.4991
batch:699 average train loss 1.5006
batch:799 average train loss 1.5026
average train loss 1.5031
Train Consuming time:15.72 in the epoch: 9
total val iterations: 190 
average val loss 1.5671
accuracy ( less than 0.1 ): 0.1658
median val loss 0.6739
total test iterations: 190 
average test loss 1.5275
accuracy ( less than 0.1 ): 0.1692
median test loss 0.6641
Consuming time:19.81 in the epoch: 9
Best test loss is 1.51
---------------*****---------------
---------------*****---------------
Starting training the epoch: 10 
total batch: 884.5625 
batch:99 average train loss 1.4993
batch:199 average train loss 1.5002
batch:299 average train loss 1.4939
batch:399 average train loss 1.5034
batch:499 average train loss 1.4996
batch:599 average train loss 1.4977
batch:699 average train loss 1.4991
batch:799 average train loss 1.5011
average train loss 1.5013
Train Consuming time:15.73 in the epoch: 10
total val iterations: 190 
average val loss 1.5577
accuracy ( less than 0.1 ): 0.1684
median val loss 0.6690
total test iterations: 190 
average test loss 1.5179
accuracy ( less than 0.1 ): 0.1723
median test loss 0.6601
Consuming time:19.83 in the epoch: 10
Best test loss is 1.51
---------------*****---------------
---------------*****---------------
Starting training the epoch: 11 
total batch: 884.5625 
batch:99 average train loss 1.4981
batch:199 average train loss 1.4989
batch:299 average train loss 1.4917
batch:399 average train loss 1.5013
batch:499 average train loss 1.4975
batch:599 average train loss 1.4958
batch:699 average train loss 1.4970
batch:799 average train loss 1.4989
average train loss 1.4992
Train Consuming time:15.77 in the epoch: 11
total val iterations: 190 
average val loss 1.5532
accuracy ( less than 0.1 ): 0.1691
median val loss 0.6639
total test iterations: 190 
average test loss 1.5128
accuracy ( less than 0.1 ): 0.1734
median test loss 0.6525
Consuming time:19.93 in the epoch: 11
Best test loss is 1.51
---------------*****---------------
---------------*****---------------
Starting training the epoch: 12 
total batch: 884.5625 
batch:99 average train loss 1.4951
batch:199 average train loss 1.4966
batch:299 average train loss 1.4890
batch:399 average train loss 1.4986
batch:499 average train loss 1.4949
batch:599 average train loss 1.4934
batch:699 average train loss 1.4948
batch:799 average train loss 1.4969
average train loss 1.4972
Train Consuming time:15.87 in the epoch: 12
total val iterations: 190 
average val loss 1.5567
accuracy ( less than 0.1 ): 0.1674
median val loss 0.6677
total test iterations: 190 
average test loss 1.5163
accuracy ( less than 0.1 ): 0.1713
median test loss 0.6557
Consuming time:20.03 in the epoch: 12
Best test loss is 1.51
---------------*****---------------
---------------*****---------------
Starting training the epoch: 13 
total batch: 884.5625 
batch:99 average train loss 1.4959
batch:199 average train loss 1.4968
batch:299 average train loss 1.4892
batch:399 average train loss 1.4983
batch:499 average train loss 1.4942
batch:599 average train loss 1.4925
batch:699 average train loss 1.4938
batch:799 average train loss 1.4957
average train loss 1.4960
Train Consuming time:15.86 in the epoch: 13
total val iterations: 190 
average val loss 1.5579
accuracy ( less than 0.1 ): 0.1657
median val loss 0.6672
total test iterations: 190 
average test loss 1.5165
accuracy ( less than 0.1 ): 0.1710
median test loss 0.6584
Consuming time:19.98 in the epoch: 13
Best test loss is 1.51
---------------*****---------------
---------------*****---------------
Starting training the epoch: 14 
total batch: 884.5625 
batch:99 average train loss 1.4925
batch:199 average train loss 1.4940
batch:299 average train loss 1.4867
batch:399 average train loss 1.4968
batch:499 average train loss 1.4928
batch:599 average train loss 1.4911
batch:699 average train loss 1.4924
batch:799 average train loss 1.4943
average train loss 1.4945
Train Consuming time:15.79 in the epoch: 14
total val iterations: 190 
average val loss 1.5599
accuracy ( less than 0.1 ): 0.1657
median val loss 0.6671
total test iterations: 190 
average test loss 1.5179
accuracy ( less than 0.1 ): 0.1682
median test loss 0.6608
Consuming time:19.92 in the epoch: 14
Best test loss is 1.51
---------------*****---------------
---------------*****---------------
Starting training the epoch: 15 
total batch: 884.5625 
batch:99 average train loss 1.4923
batch:199 average train loss 1.4936
batch:299 average train loss 1.4862
batch:399 average train loss 1.4953
batch:499 average train loss 1.4913
batch:599 average train loss 1.4899
batch:699 average train loss 1.4911
batch:799 average train loss 1.4932
average train loss 1.4934
Train Consuming time:15.79 in the epoch: 15
total val iterations: 190 
average val loss 1.5608
accuracy ( less than 0.1 ): 0.1633
median val loss 0.6646
total test iterations: 190 
average test loss 1.5171
accuracy ( less than 0.1 ): 0.1675
median test loss 0.6560
Consuming time:19.91 in the epoch: 15
Best test loss is 1.51
---------------*****---------------
---------------*****---------------
Starting training the epoch: 16 
total batch: 884.5625 
batch:99 average train loss 1.4911
batch:199 average train loss 1.4922
batch:299 average train loss 1.4844
batch:399 average train loss 1.4942
batch:499 average train loss 1.4908
batch:599 average train loss 1.4892
batch:699 average train loss 1.4903
batch:799 average train loss 1.4922
average train loss 1.4925
Train Consuming time:15.80 in the epoch: 16
total val iterations: 190 
average val loss 1.5528
accuracy ( less than 0.1 ): 0.1665
median val loss 0.6591
total test iterations: 190 
average test loss 1.5110
accuracy ( less than 0.1 ): 0.1699
median test loss 0.6536
Consuming time:19.92 in the epoch: 16
Best test loss is 1.51
---------------*****---------------
---------------*****---------------
Starting training the epoch: 17 
total batch: 884.5625 
batch:99 average train loss 1.4893
batch:199 average train loss 1.4914
batch:299 average train loss 1.4837
batch:399 average train loss 1.4936
batch:499 average train loss 1.4898
batch:599 average train loss 1.4885
batch:699 average train loss 1.4898
batch:799 average train loss 1.4920
average train loss 1.4922
Train Consuming time:15.77 in the epoch: 17
total val iterations: 190 
average val loss 1.5637
accuracy ( less than 0.1 ): 0.1613
median val loss 0.6610
total test iterations: 190 
average test loss 1.5206
accuracy ( less than 0.1 ): 0.1663
median test loss 0.6589
Consuming time:19.90 in the epoch: 17
Best test loss is 1.51
---------------*****---------------
---------------*****---------------
Starting training the epoch: 18 
total batch: 884.5625 
batch:99 average train loss 1.4887
batch:199 average train loss 1.4908
batch:299 average train loss 1.4832
batch:399 average train loss 1.4932
batch:499 average train loss 1.4892
batch:599 average train loss 1.4878
batch:699 average train loss 1.4889
batch:799 average train loss 1.4910
average train loss 1.4910
Train Consuming time:15.79 in the epoch: 18
total val iterations: 190 
average val loss 1.5689
accuracy ( less than 0.1 ): 0.1586
median val loss 0.6641
total test iterations: 190 
average test loss 1.5263
accuracy ( less than 0.1 ): 0.1635
median test loss 0.6597
Consuming time:19.96 in the epoch: 18
Best test loss is 1.51
---------------*****---------------
---------------*****---------------
Starting training the epoch: 19 
total batch: 884.5625 
batch:99 average train loss 1.4885
batch:199 average train loss 1.4896
batch:299 average train loss 1.4822
batch:399 average train loss 1.4921
batch:499 average train loss 1.4881
batch:599 average train loss 1.4869
batch:699 average train loss 1.4879
batch:799 average train loss 1.4902
average train loss 1.4901
Train Consuming time:15.93 in the epoch: 19
total val iterations: 190 
average val loss 1.5653
accuracy ( less than 0.1 ): 0.1602
median val loss 0.6623
total test iterations: 190 
average test loss 1.5219
accuracy ( less than 0.1 ): 0.1629
median test loss 0.6583
Consuming time:20.11 in the epoch: 19
Best test loss is 1.51
---------------*****---------------
---------------*****---------------
Starting training the epoch: 20 
total batch: 884.5625 
batch:99 average train loss 1.4829
batch:199 average train loss 1.4801
batch:299 average train loss 1.4731
batch:399 average train loss 1.4787
batch:499 average train loss 1.4739
batch:599 average train loss 1.4727
batch:699 average train loss 1.4721
batch:799 average train loss 1.4727
average train loss 1.4719
Train Consuming time:15.71 in the epoch: 20
total val iterations: 190 
average val loss 1.5033
accuracy ( less than 0.1 ): 0.2054
median val loss 0.6496
total test iterations: 190 
average test loss 1.4626
accuracy ( less than 0.1 ): 0.2067
median test loss 0.6401
Consuming time:19.89 in the epoch: 20
Best test loss is 1.46
---------------*****---------------
---------------*****---------------
Starting training the epoch: 21 
total batch: 884.5625 
batch:99 average train loss 1.4636
batch:199 average train loss 1.4678
batch:299 average train loss 1.4641
batch:399 average train loss 1.4714
batch:499 average train loss 1.4676
batch:599 average train loss 1.4673
batch:699 average train loss 1.4671
batch:799 average train loss 1.4683
average train loss 1.4679
Train Consuming time:15.67 in the epoch: 21
total val iterations: 190 
average val loss 1.5023
accuracy ( less than 0.1 ): 0.2064
median val loss 0.6493
total test iterations: 190 
average test loss 1.4617
accuracy ( less than 0.1 ): 0.2069
median test loss 0.6386
Consuming time:19.81 in the epoch: 21
Best test loss is 1.46
---------------*****---------------
---------------*****---------------
Starting training the epoch: 22 
total batch: 884.5625 
batch:99 average train loss 1.4628
batch:199 average train loss 1.4671
batch:299 average train loss 1.4633
batch:399 average train loss 1.4705
batch:499 average train loss 1.4667
batch:599 average train loss 1.4664
batch:699 average train loss 1.4662
batch:799 average train loss 1.4676
average train loss 1.4672
Train Consuming time:15.61 in the epoch: 22
total val iterations: 190 
average val loss 1.5019
accuracy ( less than 0.1 ): 0.2064
median val loss 0.6459
total test iterations: 190 
average test loss 1.4612
accuracy ( less than 0.1 ): 0.2071
median test loss 0.6389
Consuming time:19.79 in the epoch: 22
Best test loss is 1.46
---------------*****---------------
---------------*****---------------
Starting training the epoch: 23 
total batch: 884.5625 
batch:99 average train loss 1.4624
batch:199 average train loss 1.4668
batch:299 average train loss 1.4628
batch:399 average train loss 1.4700
batch:499 average train loss 1.4661
batch:599 average train loss 1.4658
batch:699 average train loss 1.4657
batch:799 average train loss 1.4671
average train loss 1.4668
Train Consuming time:15.68 in the epoch: 23
total val iterations: 190 
average val loss 1.5016
accuracy ( less than 0.1 ): 0.2061
median val loss 0.6465
total test iterations: 190 
average test loss 1.4608
accuracy ( less than 0.1 ): 0.2082
median test loss 0.6381
Consuming time:19.86 in the epoch: 23
Best test loss is 1.46
---------------*****---------------
---------------*****---------------
Starting training the epoch: 24 
total batch: 884.5625 
batch:99 average train loss 1.4621
batch:199 average train loss 1.4664
batch:299 average train loss 1.4623
batch:399 average train loss 1.4695
batch:499 average train loss 1.4657
batch:599 average train loss 1.4654
batch:699 average train loss 1.4653
batch:799 average train loss 1.4667
average train loss 1.4665
Train Consuming time:15.66 in the epoch: 24
total val iterations: 190 
average val loss 1.5013
accuracy ( less than 0.1 ): 0.2061
median val loss 0.6474
total test iterations: 190 
average test loss 1.4606
accuracy ( less than 0.1 ): 0.2087
median test loss 0.6375
Consuming time:19.80 in the epoch: 24
Best test loss is 1.46
---------------*****---------------
---------------*****---------------
Starting training the epoch: 25 
total batch: 884.5625 
batch:99 average train loss 1.4619
batch:199 average train loss 1.4661
batch:299 average train loss 1.4620
batch:399 average train loss 1.4692
batch:499 average train loss 1.4653
batch:599 average train loss 1.4650
batch:699 average train loss 1.4650
batch:799 average train loss 1.4665
average train loss 1.4663
Train Consuming time:15.58 in the epoch: 25
total val iterations: 190 
average val loss 1.5012
accuracy ( less than 0.1 ): 0.2068
median val loss 0.6476
total test iterations: 190 
average test loss 1.4604
accuracy ( less than 0.1 ): 0.2089
median test loss 0.6358
Consuming time:19.71 in the epoch: 25
Best test loss is 1.46
---------------*****---------------
---------------*****---------------
Starting training the epoch: 26 
total batch: 884.5625 
batch:99 average train loss 1.4617
batch:199 average train loss 1.4659
batch:299 average train loss 1.4617
batch:399 average train loss 1.4689
batch:499 average train loss 1.4650
batch:599 average train loss 1.4648
batch:699 average train loss 1.4647
batch:799 average train loss 1.4663
average train loss 1.4661
Train Consuming time:15.56 in the epoch: 26
total val iterations: 190 
average val loss 1.5010
accuracy ( less than 0.1 ): 0.2072
median val loss 0.6462
total test iterations: 190 
average test loss 1.4603
accuracy ( less than 0.1 ): 0.2093
median test loss 0.6355
Consuming time:19.69 in the epoch: 26
Best test loss is 1.46
---------------*****---------------
---------------*****---------------
Starting training the epoch: 27 
total batch: 884.5625 
batch:99 average train loss 1.4615
batch:199 average train loss 1.4657
batch:299 average train loss 1.4614
batch:399 average train loss 1.4686
batch:499 average train loss 1.4647
batch:599 average train loss 1.4645
batch:699 average train loss 1.4645
batch:799 average train loss 1.4661
average train loss 1.4659
Train Consuming time:15.80 in the epoch: 27
total val iterations: 190 
average val loss 1.5009
accuracy ( less than 0.1 ): 0.2071
median val loss 0.6460
total test iterations: 190 
average test loss 1.4603
accuracy ( less than 0.1 ): 0.2092
median test loss 0.6361
Consuming time:20.03 in the epoch: 27
Best test loss is 1.46
---------------*****---------------
---------------*****---------------
Starting training the epoch: 28 
total batch: 884.5625 
batch:99 average train loss 1.4612
batch:199 average train loss 1.4654
batch:299 average train loss 1.4611
batch:399 average train loss 1.4683
batch:499 average train loss 1.4645
batch:599 average train loss 1.4643
batch:699 average train loss 1.4643
batch:799 average train loss 1.4659
average train loss 1.4658
Train Consuming time:15.81 in the epoch: 28
total val iterations: 190 
average val loss 1.5008
accuracy ( less than 0.1 ): 0.2068
median val loss 0.6448
total test iterations: 190 
average test loss 1.4602
accuracy ( less than 0.1 ): 0.2092
median test loss 0.6352
Consuming time:20.04 in the epoch: 28
Best test loss is 1.46
---------------*****---------------
---------------*****---------------
Starting training the epoch: 29 
total batch: 884.5625 
batch:99 average train loss 1.4610
batch:199 average train loss 1.4652
batch:299 average train loss 1.4609
batch:399 average train loss 1.4681
batch:499 average train loss 1.4643
batch:599 average train loss 1.4642
batch:699 average train loss 1.4641
batch:799 average train loss 1.4658
average train loss 1.4657
Train Consuming time:15.77 in the epoch: 29
total val iterations: 190 
average val loss 1.5008
accuracy ( less than 0.1 ): 0.2071
median val loss 0.6445
total test iterations: 190 
average test loss 1.4602
accuracy ( less than 0.1 ): 0.2091
median test loss 0.6350
Consuming time:19.95 in the epoch: 29
Best test loss is 1.46
---------------*****---------------
---------------*****---------------
Starting training the epoch: 30 
total batch: 884.5625 
batch:99 average train loss 1.4609
batch:199 average train loss 1.4651
batch:299 average train loss 1.4607
batch:399 average train loss 1.4680
batch:499 average train loss 1.4642
batch:599 average train loss 1.4640
batch:699 average train loss 1.4640
batch:799 average train loss 1.4656
average train loss 1.4656
Train Consuming time:15.70 in the epoch: 30
total val iterations: 190 
average val loss 1.5008
accuracy ( less than 0.1 ): 0.2071
median val loss 0.6444
total test iterations: 190 
average test loss 1.4602
accuracy ( less than 0.1 ): 0.2087
median test loss 0.6356
Consuming time:19.90 in the epoch: 30
Best test loss is 1.46
---------------*****---------------
---------------*****---------------
Starting training the epoch: 31 
total batch: 884.5625 
batch:99 average train loss 1.4607
batch:199 average train loss 1.4649
batch:299 average train loss 1.4605
batch:399 average train loss 1.4678
batch:499 average train loss 1.4640
batch:599 average train loss 1.4639
batch:699 average train loss 1.4638
batch:799 average train loss 1.4655
average train loss 1.4655
Train Consuming time:15.70 in the epoch: 31
total val iterations: 190 
average val loss 1.5007
accuracy ( less than 0.1 ): 0.2071
median val loss 0.6450
total test iterations: 190 
average test loss 1.4602
accuracy ( less than 0.1 ): 0.2089
median test loss 0.6366
Consuming time:19.93 in the epoch: 31
Best test loss is 1.46
---------------*****---------------
---------------*****---------------
Starting training the epoch: 32 
total batch: 884.5625 
batch:99 average train loss 1.4605
batch:199 average train loss 1.4647
batch:299 average train loss 1.4604
batch:399 average train loss 1.4676
batch:499 average train loss 1.4639
batch:599 average train loss 1.4637
batch:699 average train loss 1.4637
batch:799 average train loss 1.4654
average train loss 1.4654
Train Consuming time:15.73 in the epoch: 32
total val iterations: 190 
average val loss 1.5007
accuracy ( less than 0.1 ): 0.2070
median val loss 0.6433
total test iterations: 190 
average test loss 1.4602
accuracy ( less than 0.1 ): 0.2086
median test loss 0.6369
Consuming time:19.90 in the epoch: 32
Best test loss is 1.46
---------------*****---------------
---------------*****---------------
Starting training the epoch: 33 
total batch: 884.5625 
batch:99 average train loss 1.4604
batch:199 average train loss 1.4646
batch:299 average train loss 1.4603
batch:399 average train loss 1.4675
batch:499 average train loss 1.4637
batch:599 average train loss 1.4636
batch:699 average train loss 1.4636
batch:799 average train loss 1.4653
average train loss 1.4653
Train Consuming time:15.95 in the epoch: 33
total val iterations: 190 
average val loss 1.5006
accuracy ( less than 0.1 ): 0.2073
median val loss 0.6439
total test iterations: 190 
average test loss 1.4602
accuracy ( less than 0.1 ): 0.2087
median test loss 0.6361
Consuming time:20.16 in the epoch: 33
Best test loss is 1.46
---------------*****---------------
---------------*****---------------
Starting training the epoch: 34 
total batch: 884.5625 
batch:99 average train loss 1.4602
batch:199 average train loss 1.4645
batch:299 average train loss 1.4602
batch:399 average train loss 1.4674
batch:499 average train loss 1.4636
batch:599 average train loss 1.4635
batch:699 average train loss 1.4635
batch:799 average train loss 1.4652
average train loss 1.4652
Train Consuming time:15.67 in the epoch: 34
total val iterations: 190 
average val loss 1.5006
accuracy ( less than 0.1 ): 0.2072
median val loss 0.6451
total test iterations: 190 
average test loss 1.4602
accuracy ( less than 0.1 ): 0.2083
median test loss 0.6363
Consuming time:19.83 in the epoch: 34
Best test loss is 1.46
---------------*****---------------
---------------*****---------------
Starting training the epoch: 35 
total batch: 884.5625 
batch:99 average train loss 1.4601
batch:199 average train loss 1.4644
batch:299 average train loss 1.4601
batch:399 average train loss 1.4673
batch:499 average train loss 1.4635
batch:599 average train loss 1.4635
batch:699 average train loss 1.4634
batch:799 average train loss 1.4652
average train loss 1.4651
Train Consuming time:15.40 in the epoch: 35
total val iterations: 190 
average val loss 1.5006
accuracy ( less than 0.1 ): 0.2072
median val loss 0.6447
total test iterations: 190 
average test loss 1.4603
accuracy ( less than 0.1 ): 0.2083
median test loss 0.6357
Consuming time:19.57 in the epoch: 35
Best test loss is 1.46
---------------*****---------------
---------------*****---------------
Starting training the epoch: 36 
total batch: 884.5625 
batch:99 average train loss 1.4600
batch:199 average train loss 1.4643
batch:299 average train loss 1.4599
batch:399 average train loss 1.4672
batch:499 average train loss 1.4634
batch:599 average train loss 1.4633
batch:699 average train loss 1.4633
batch:799 average train loss 1.4651
average train loss 1.4651
Train Consuming time:15.52 in the epoch: 36
total val iterations: 190 
average val loss 1.5006
accuracy ( less than 0.1 ): 0.2069
median val loss 0.6448
total test iterations: 190 
average test loss 1.4603
accuracy ( less than 0.1 ): 0.2083
median test loss 0.6362
Consuming time:19.68 in the epoch: 36
Best test loss is 1.46
---------------*****---------------
---------------*****---------------
Starting training the epoch: 37 
total batch: 884.5625 
batch:99 average train loss 1.4598
batch:199 average train loss 1.4642
batch:299 average train loss 1.4598
batch:399 average train loss 1.4671
batch:499 average train loss 1.4633
batch:599 average train loss 1.4633
batch:699 average train loss 1.4632
batch:799 average train loss 1.4650
average train loss 1.4650
Train Consuming time:15.53 in the epoch: 37
total val iterations: 190 
average val loss 1.5006
accuracy ( less than 0.1 ): 0.2071
median val loss 0.6455
total test iterations: 190 
average test loss 1.4603
accuracy ( less than 0.1 ): 0.2082
median test loss 0.6361
Consuming time:19.69 in the epoch: 37
Best test loss is 1.46
---------------*****---------------
---------------*****---------------
Starting training the epoch: 38 
total batch: 884.5625 
batch:99 average train loss 1.4597
batch:199 average train loss 1.4641
batch:299 average train loss 1.4597
batch:399 average train loss 1.4669
batch:499 average train loss 1.4632
batch:599 average train loss 1.4632
batch:699 average train loss 1.4632
batch:799 average train loss 1.4650
average train loss 1.4650
Train Consuming time:15.58 in the epoch: 38
total val iterations: 190 
average val loss 1.5006
accuracy ( less than 0.1 ): 0.2068
median val loss 0.6458
total test iterations: 190 
average test loss 1.4603
accuracy ( less than 0.1 ): 0.2081
median test loss 0.6354
Consuming time:19.73 in the epoch: 38
Best test loss is 1.46
---------------*****---------------
---------------*****---------------
Starting training the epoch: 39 
total batch: 884.5625 
batch:99 average train loss 1.4596
batch:199 average train loss 1.4639
batch:299 average train loss 1.4596
batch:399 average train loss 1.4668
batch:499 average train loss 1.4631
batch:599 average train loss 1.4631
batch:699 average train loss 1.4631
batch:799 average train loss 1.4649
average train loss 1.4649
Train Consuming time:15.59 in the epoch: 39
total val iterations: 190 
average val loss 1.5006
accuracy ( less than 0.1 ): 0.2068
median val loss 0.6459
total test iterations: 190 
average test loss 1.4603
accuracy ( less than 0.1 ): 0.2083
median test loss 0.6354
Consuming time:19.71 in the epoch: 39
Best test loss is 1.46
---------------*****---------------
