===================configuration===================
learning rate :0.001 
num_mlp_layers : 1
num_layers : 2
gnn input_features : 100
gnn output_features : 64
input of rnn/transformer : 64
hidden_size (out put of rnn/tranformer) : 64
observation hour [7,19]
observation interval : 1
observation threshold : 8
prediction time : 86400
cascade length [10,100]
model save at : ../model_save/cas2vec/dblp3/
====bidirected: False, attention: , gcn_type: self, rnn: gru====
===================configuration===================
len(Y_train), len(Y_valid), len(Y_test): 63099 13522 13521
preparing time:52.946534872055054
total parameters 44177
---------------*****---------------
Starting training the epoch: 0 
total batch: 985.921875 
batch:99 average train loss 2.4580
batch:199 average train loss 2.1205
batch:299 average train loss 1.9588
batch:399 average train loss 1.8708
batch:499 average train loss 1.8123
batch:599 average train loss 1.7765
batch:699 average train loss 1.7482
batch:799 average train loss 1.7290
batch:899 average train loss 1.7129
average train loss 1.6920
Train Consuming time:55.86 in the epoch: 0
total val iterations: 212 
average val loss 1.4694
accuracy ( less than 0.1 ): 0.1791
median val loss 0.6320
total test iterations: 212 
average test loss 1.5125
accuracy ( less than 0.1 ): 0.1832
median test loss 0.6455
Consuming time:75.71 in the epoch: 0
Best test loss is 1.51
---------------*****---------------
---------------*****---------------
Starting training the epoch: 1 
total batch: 985.921875 
batch:99 average train loss 1.5458
batch:199 average train loss 1.5461
batch:299 average train loss 1.5249
batch:399 average train loss 1.5165
batch:499 average train loss 1.5110
batch:599 average train loss 1.5154
batch:699 average train loss 1.5153
batch:799 average train loss 1.5177
batch:899 average train loss 1.5196
average train loss 1.5126
Train Consuming time:20.81 in the epoch: 1
total val iterations: 212 
average val loss 1.6118
accuracy ( less than 0.1 ): 0.1121
median val loss 0.7280
total test iterations: 212 
average test loss 1.6658
accuracy ( less than 0.1 ): 0.1092
median test loss 0.7396
Consuming time:26.42 in the epoch: 1
Best test loss is 1.51
---------------*****---------------
---------------*****---------------
Starting training the epoch: 2 
total batch: 985.921875 
batch:99 average train loss 1.5176
batch:199 average train loss 1.5157
batch:299 average train loss 1.4956
batch:399 average train loss 1.4893
batch:499 average train loss 1.4841
batch:599 average train loss 1.4885
batch:699 average train loss 1.4895
batch:799 average train loss 1.4933
batch:899 average train loss 1.4965
average train loss 1.4900
Train Consuming time:20.38 in the epoch: 2
total val iterations: 212 
average val loss 1.6029
accuracy ( less than 0.1 ): 0.1123
median val loss 0.7203
total test iterations: 212 
average test loss 1.6580
accuracy ( less than 0.1 ): 0.1092
median test loss 0.7399
Consuming time:25.89 in the epoch: 2
Best test loss is 1.51
---------------*****---------------
---------------*****---------------
Starting training the epoch: 3 
total batch: 985.921875 
batch:99 average train loss 1.5022
batch:199 average train loss 1.5011
batch:299 average train loss 1.4820
batch:399 average train loss 1.4752
batch:499 average train loss 1.4701
batch:599 average train loss 1.4749
batch:699 average train loss 1.4765
batch:799 average train loss 1.4806
batch:899 average train loss 1.4843
average train loss 1.4783
Train Consuming time:20.35 in the epoch: 3
total val iterations: 212 
average val loss 1.5764
accuracy ( less than 0.1 ): 0.1164
median val loss 0.7044
total test iterations: 212 
average test loss 1.6325
accuracy ( less than 0.1 ): 0.1134
median test loss 0.7264
Consuming time:25.82 in the epoch: 3
Best test loss is 1.51
---------------*****---------------
---------------*****---------------
Starting training the epoch: 4 
total batch: 985.921875 
batch:99 average train loss 1.4986
batch:199 average train loss 1.4934
batch:299 average train loss 1.4734
batch:399 average train loss 1.4669
batch:499 average train loss 1.4611
batch:599 average train loss 1.4660
batch:699 average train loss 1.4679
batch:799 average train loss 1.4714
batch:899 average train loss 1.4754
average train loss 1.4694
Train Consuming time:20.32 in the epoch: 4
total val iterations: 212 
average val loss 1.5659
accuracy ( less than 0.1 ): 0.1173
median val loss 0.6948
total test iterations: 212 
average test loss 1.6226
accuracy ( less than 0.1 ): 0.1147
median test loss 0.7157
Consuming time:25.80 in the epoch: 4
Best test loss is 1.51
---------------*****---------------
---------------*****---------------
Starting training the epoch: 5 
total batch: 985.921875 
batch:99 average train loss 1.4916
batch:199 average train loss 1.4874
batch:299 average train loss 1.4664
batch:399 average train loss 1.4605
batch:499 average train loss 1.4547
batch:599 average train loss 1.4593
batch:699 average train loss 1.4612
batch:799 average train loss 1.4652
batch:899 average train loss 1.4694
average train loss 1.4635
Train Consuming time:20.32 in the epoch: 5
total val iterations: 212 
average val loss 1.5512
accuracy ( less than 0.1 ): 0.1214
median val loss 0.6868
total test iterations: 212 
average test loss 1.6089
accuracy ( less than 0.1 ): 0.1195
median test loss 0.7096
Consuming time:25.81 in the epoch: 5
Best test loss is 1.51
---------------*****---------------
---------------*****---------------
Starting training the epoch: 6 
total batch: 985.921875 
batch:99 average train loss 1.4854
batch:199 average train loss 1.4818
batch:299 average train loss 1.4622
batch:399 average train loss 1.4553
batch:499 average train loss 1.4497
batch:599 average train loss 1.4544
batch:699 average train loss 1.4564
batch:799 average train loss 1.4597
batch:899 average train loss 1.4640
average train loss 1.4584
Train Consuming time:20.27 in the epoch: 6
total val iterations: 212 
average val loss 1.5075
accuracy ( less than 0.1 ): 0.1305
median val loss 0.6628
total test iterations: 212 
average test loss 1.5649
accuracy ( less than 0.1 ): 0.1335
median test loss 0.6800
Consuming time:25.69 in the epoch: 6
Best test loss is 1.51
---------------*****---------------
---------------*****---------------
Starting training the epoch: 7 
total batch: 985.921875 
batch:99 average train loss 1.4797
batch:199 average train loss 1.4778
batch:299 average train loss 1.4576
batch:399 average train loss 1.4517
batch:499 average train loss 1.4461
batch:599 average train loss 1.4510
batch:699 average train loss 1.4530
batch:799 average train loss 1.4567
batch:899 average train loss 1.4614
average train loss 1.4557
Train Consuming time:20.14 in the epoch: 7
total val iterations: 212 
average val loss 1.5035
accuracy ( less than 0.1 ): 0.1316
median val loss 0.6560
total test iterations: 212 
average test loss 1.5601
accuracy ( less than 0.1 ): 0.1351
median test loss 0.6767
Consuming time:25.55 in the epoch: 7
Best test loss is 1.51
---------------*****---------------
---------------*****---------------
Starting training the epoch: 8 
total batch: 985.921875 
batch:99 average train loss 1.4817
batch:199 average train loss 1.4777
batch:299 average train loss 1.4571
batch:399 average train loss 1.4501
batch:499 average train loss 1.4440
batch:599 average train loss 1.4486
batch:699 average train loss 1.4505
batch:799 average train loss 1.4540
batch:899 average train loss 1.4585
average train loss 1.4529
Train Consuming time:20.19 in the epoch: 8
total val iterations: 212 
average val loss 1.4775
accuracy ( less than 0.1 ): 0.1457
median val loss 0.6463
total test iterations: 212 
average test loss 1.5334
accuracy ( less than 0.1 ): 0.1455
median test loss 0.6628
Consuming time:25.65 in the epoch: 8
Best test loss is 1.51
---------------*****---------------
---------------*****---------------
Starting training the epoch: 9 
total batch: 985.921875 
batch:99 average train loss 1.4752
batch:199 average train loss 1.4734
batch:299 average train loss 1.4538
batch:399 average train loss 1.4470
batch:499 average train loss 1.4412
batch:599 average train loss 1.4457
batch:699 average train loss 1.4477
batch:799 average train loss 1.4512
batch:899 average train loss 1.4557
average train loss 1.4504
Train Consuming time:20.34 in the epoch: 9
total val iterations: 212 
average val loss 1.4586
accuracy ( less than 0.1 ): 0.1522
median val loss 0.6301
total test iterations: 212 
average test loss 1.5160
accuracy ( less than 0.1 ): 0.1537
median test loss 0.6492
Consuming time:25.83 in the epoch: 9
Best test loss is 1.51
---------------*****---------------
---------------*****---------------
Starting training the epoch: 10 
total batch: 985.921875 
batch:99 average train loss 1.4769
batch:199 average train loss 1.4733
batch:299 average train loss 1.4524
batch:399 average train loss 1.4456
batch:499 average train loss 1.4395
batch:599 average train loss 1.4440
batch:699 average train loss 1.4463
batch:799 average train loss 1.4496
batch:899 average train loss 1.4542
average train loss 1.4488
Train Consuming time:20.31 in the epoch: 10
total val iterations: 212 
average val loss 1.4542
accuracy ( less than 0.1 ): 0.1553
median val loss 0.6288
total test iterations: 212 
average test loss 1.5096
accuracy ( less than 0.1 ): 0.1560
median test loss 0.6446
Consuming time:25.73 in the epoch: 10
Best test loss is 1.51
---------------*****---------------
---------------*****---------------
Starting training the epoch: 11 
total batch: 985.921875 
batch:99 average train loss 1.4727
batch:199 average train loss 1.4709
batch:299 average train loss 1.4506
batch:399 average train loss 1.4436
batch:499 average train loss 1.4377
batch:599 average train loss 1.4426
batch:699 average train loss 1.4447
batch:799 average train loss 1.4481
batch:899 average train loss 1.4528
average train loss 1.4473
Train Consuming time:20.15 in the epoch: 11
total val iterations: 212 
average val loss 1.4487
accuracy ( less than 0.1 ): 0.1568
median val loss 0.6242
total test iterations: 212 
average test loss 1.5021
accuracy ( less than 0.1 ): 0.1582
median test loss 0.6362
Consuming time:25.57 in the epoch: 11
Best test loss is 1.50
---------------*****---------------
---------------*****---------------
Starting training the epoch: 12 
total batch: 985.921875 
batch:99 average train loss 1.4723
batch:199 average train loss 1.4708
batch:299 average train loss 1.4503
batch:399 average train loss 1.4426
batch:499 average train loss 1.4368
batch:599 average train loss 1.4416
batch:699 average train loss 1.4441
batch:799 average train loss 1.4472
batch:899 average train loss 1.4517
average train loss 1.4463
Train Consuming time:20.14 in the epoch: 12
total val iterations: 212 
average val loss 1.4410
accuracy ( less than 0.1 ): 0.1605
median val loss 0.6142
total test iterations: 212 
average test loss 1.4953
accuracy ( less than 0.1 ): 0.1626
median test loss 0.6321
Consuming time:25.55 in the epoch: 12
Best test loss is 1.50
---------------*****---------------
---------------*****---------------
Starting training the epoch: 13 
total batch: 985.921875 
batch:99 average train loss 1.4690
batch:199 average train loss 1.4689
batch:299 average train loss 1.4490
batch:399 average train loss 1.4418
batch:499 average train loss 1.4358
batch:599 average train loss 1.4405
batch:699 average train loss 1.4428
batch:799 average train loss 1.4461
batch:899 average train loss 1.4504
average train loss 1.4451
Train Consuming time:20.13 in the epoch: 13
total val iterations: 212 
average val loss 1.4433
accuracy ( less than 0.1 ): 0.1587
median val loss 0.6180
total test iterations: 212 
average test loss 1.4991
accuracy ( less than 0.1 ): 0.1622
median test loss 0.6381
Consuming time:25.55 in the epoch: 13
Best test loss is 1.50
---------------*****---------------
---------------*****---------------
Starting training the epoch: 14 
total batch: 985.921875 
batch:99 average train loss 1.4714
batch:199 average train loss 1.4688
batch:299 average train loss 1.4484
batch:399 average train loss 1.4412
batch:499 average train loss 1.4353
batch:599 average train loss 1.4395
batch:699 average train loss 1.4419
batch:799 average train loss 1.4451
batch:899 average train loss 1.4496
average train loss 1.4440
Train Consuming time:20.15 in the epoch: 14
total val iterations: 212 
average val loss 1.4407
accuracy ( less than 0.1 ): 0.1619
median val loss 0.6229
total test iterations: 212 
average test loss 1.4940
accuracy ( less than 0.1 ): 0.1651
median test loss 0.6308
Consuming time:25.57 in the epoch: 14
Best test loss is 1.49
---------------*****---------------
---------------*****---------------
Starting training the epoch: 15 
total batch: 985.921875 
batch:99 average train loss 1.4682
batch:199 average train loss 1.4664
batch:299 average train loss 1.4457
batch:399 average train loss 1.4387
batch:499 average train loss 1.4331
batch:599 average train loss 1.4375
batch:699 average train loss 1.4400
batch:799 average train loss 1.4434
batch:899 average train loss 1.4480
average train loss 1.4426
Train Consuming time:20.15 in the epoch: 15
total val iterations: 212 
average val loss 1.4418
accuracy ( less than 0.1 ): 0.1647
median val loss 0.6207
total test iterations: 212 
average test loss 1.4955
accuracy ( less than 0.1 ): 0.1666
median test loss 0.6309
Consuming time:25.55 in the epoch: 15
Best test loss is 1.49
---------------*****---------------
---------------*****---------------
Starting training the epoch: 16 
total batch: 985.921875 
batch:99 average train loss 1.4681
batch:199 average train loss 1.4660
batch:299 average train loss 1.4455
batch:399 average train loss 1.4379
batch:499 average train loss 1.4324
batch:599 average train loss 1.4369
batch:699 average train loss 1.4393
batch:799 average train loss 1.4427
batch:899 average train loss 1.4472
average train loss 1.4418
Train Consuming time:20.15 in the epoch: 16
total val iterations: 212 
average val loss 1.4450
accuracy ( less than 0.1 ): 0.1602
median val loss 0.6234
total test iterations: 212 
average test loss 1.5010
accuracy ( less than 0.1 ): 0.1630
median test loss 0.6363
Consuming time:25.55 in the epoch: 16
Best test loss is 1.49
---------------*****---------------
---------------*****---------------
Starting training the epoch: 17 
total batch: 985.921875 
batch:99 average train loss 1.4678
batch:199 average train loss 1.4664
batch:299 average train loss 1.4461
batch:399 average train loss 1.4384
batch:499 average train loss 1.4324
batch:599 average train loss 1.4367
batch:699 average train loss 1.4391
batch:799 average train loss 1.4422
batch:899 average train loss 1.4466
average train loss 1.4411
Train Consuming time:20.11 in the epoch: 17
total val iterations: 212 
average val loss 1.4441
accuracy ( less than 0.1 ): 0.1614
median val loss 0.6205
total test iterations: 212 
average test loss 1.4989
accuracy ( less than 0.1 ): 0.1627
median test loss 0.6333
Consuming time:25.54 in the epoch: 17
Best test loss is 1.49
---------------*****---------------
---------------*****---------------
Starting training the epoch: 18 
total batch: 985.921875 
batch:99 average train loss 1.4653
batch:199 average train loss 1.4643
batch:299 average train loss 1.4437
batch:399 average train loss 1.4366
batch:499 average train loss 1.4310
batch:599 average train loss 1.4353
batch:699 average train loss 1.4376
batch:799 average train loss 1.4409
batch:899 average train loss 1.4452
average train loss 1.4398
Train Consuming time:20.29 in the epoch: 18
total val iterations: 212 
average val loss 1.4419
accuracy ( less than 0.1 ): 0.1600
median val loss 0.6202
total test iterations: 212 
average test loss 1.4970
accuracy ( less than 0.1 ): 0.1645
median test loss 0.6323
Consuming time:25.78 in the epoch: 18
Best test loss is 1.49
---------------*****---------------
---------------*****---------------
Starting training the epoch: 19 
total batch: 985.921875 
batch:99 average train loss 1.4637
batch:199 average train loss 1.4633
batch:299 average train loss 1.4433
batch:399 average train loss 1.4358
batch:499 average train loss 1.4299
batch:599 average train loss 1.4339
batch:699 average train loss 1.4364
batch:799 average train loss 1.4396
batch:899 average train loss 1.4440
average train loss 1.4388
Train Consuming time:20.31 in the epoch: 19
total val iterations: 212 
average val loss 1.4451
accuracy ( less than 0.1 ): 0.1604
median val loss 0.6149
total test iterations: 212 
average test loss 1.4991
accuracy ( less than 0.1 ): 0.1621
median test loss 0.6372
Consuming time:25.80 in the epoch: 19
Best test loss is 1.49
---------------*****---------------
---------------*****---------------
Starting training the epoch: 20 
total batch: 985.921875 
batch:99 average train loss 1.4549
batch:199 average train loss 1.4476
batch:299 average train loss 1.4268
batch:399 average train loss 1.4185
batch:499 average train loss 1.4124
batch:599 average train loss 1.4167
batch:699 average train loss 1.4187
batch:799 average train loss 1.4208
batch:899 average train loss 1.4243
average train loss 1.4180
Train Consuming time:19.92 in the epoch: 20
total val iterations: 212 
average val loss 1.4227
accuracy ( less than 0.1 ): 0.1853
median val loss 0.6108
total test iterations: 212 
average test loss 1.4742
accuracy ( less than 0.1 ): 0.1882
median test loss 0.6286
Consuming time:25.33 in the epoch: 20
Best test loss is 1.47
---------------*****---------------
---------------*****---------------
Starting training the epoch: 21 
total batch: 985.921875 
batch:99 average train loss 1.4493
batch:199 average train loss 1.4438
batch:299 average train loss 1.4236
batch:399 average train loss 1.4159
batch:499 average train loss 1.4099
batch:599 average train loss 1.4145
batch:699 average train loss 1.4168
batch:799 average train loss 1.4190
batch:899 average train loss 1.4225
average train loss 1.4164
Train Consuming time:19.87 in the epoch: 21
total val iterations: 212 
average val loss 1.4223
accuracy ( less than 0.1 ): 0.1847
median val loss 0.6090
total test iterations: 212 
average test loss 1.4732
accuracy ( less than 0.1 ): 0.1887
median test loss 0.6277
Consuming time:25.29 in the epoch: 21
Best test loss is 1.47
---------------*****---------------
---------------*****---------------
Starting training the epoch: 22 
total batch: 985.921875 
batch:99 average train loss 1.4483
batch:199 average train loss 1.4428
batch:299 average train loss 1.4227
batch:399 average train loss 1.4150
batch:499 average train loss 1.4091
batch:599 average train loss 1.4136
batch:699 average train loss 1.4160
batch:799 average train loss 1.4182
batch:899 average train loss 1.4217
average train loss 1.4157
Train Consuming time:19.89 in the epoch: 22
total val iterations: 212 
average val loss 1.4219
accuracy ( less than 0.1 ): 0.1836
median val loss 0.6104
total test iterations: 212 
average test loss 1.4726
accuracy ( less than 0.1 ): 0.1882
median test loss 0.6281
Consuming time:25.31 in the epoch: 22
Best test loss is 1.47
---------------*****---------------
---------------*****---------------
Starting training the epoch: 23 
total batch: 985.921875 
batch:99 average train loss 1.4478
batch:199 average train loss 1.4424
batch:299 average train loss 1.4223
batch:399 average train loss 1.4147
batch:499 average train loss 1.4086
batch:599 average train loss 1.4132
batch:699 average train loss 1.4155
batch:799 average train loss 1.4177
batch:899 average train loss 1.4213
average train loss 1.4154
Train Consuming time:19.92 in the epoch: 23
total val iterations: 212 
average val loss 1.4219
accuracy ( less than 0.1 ): 0.1836
median val loss 0.6108
total test iterations: 212 
average test loss 1.4725
accuracy ( less than 0.1 ): 0.1882
median test loss 0.6256
Consuming time:25.38 in the epoch: 23
Best test loss is 1.47
---------------*****---------------
---------------*****---------------
Starting training the epoch: 24 
total batch: 985.921875 
batch:99 average train loss 1.4473
batch:199 average train loss 1.4419
batch:299 average train loss 1.4219
batch:399 average train loss 1.4144
batch:499 average train loss 1.4083
batch:599 average train loss 1.4128
batch:699 average train loss 1.4152
batch:799 average train loss 1.4174
batch:899 average train loss 1.4210
average train loss 1.4151
Train Consuming time:20.00 in the epoch: 24
total val iterations: 212 
average val loss 1.4216
accuracy ( less than 0.1 ): 0.1834
median val loss 0.6099
total test iterations: 212 
average test loss 1.4722
accuracy ( less than 0.1 ): 0.1881
median test loss 0.6260
Consuming time:25.44 in the epoch: 24
Best test loss is 1.47
---------------*****---------------
---------------*****---------------
Starting training the epoch: 25 
total batch: 985.921875 
batch:99 average train loss 1.4469
batch:199 average train loss 1.4416
batch:299 average train loss 1.4217
batch:399 average train loss 1.4142
batch:499 average train loss 1.4080
batch:599 average train loss 1.4125
batch:699 average train loss 1.4149
batch:799 average train loss 1.4171
batch:899 average train loss 1.4208
average train loss 1.4149
Train Consuming time:18.86 in the epoch: 25
total val iterations: 212 
average val loss 1.4216
accuracy ( less than 0.1 ): 0.1839
median val loss 0.6113
total test iterations: 212 
average test loss 1.4722
accuracy ( less than 0.1 ): 0.1877
median test loss 0.6257
Consuming time:24.42 in the epoch: 25
Best test loss is 1.47
---------------*****---------------
---------------*****---------------
Starting training the epoch: 26 
total batch: 985.921875 
batch:99 average train loss 1.4467
batch:199 average train loss 1.4413
batch:299 average train loss 1.4214
batch:399 average train loss 1.4139
batch:499 average train loss 1.4078
batch:599 average train loss 1.4123
batch:699 average train loss 1.4147
batch:799 average train loss 1.4169
batch:899 average train loss 1.4206
average train loss 1.4147
Train Consuming time:19.91 in the epoch: 26
total val iterations: 212 
average val loss 1.4216
accuracy ( less than 0.1 ): 0.1839
median val loss 0.6121
total test iterations: 212 
average test loss 1.4721
accuracy ( less than 0.1 ): 0.1882
median test loss 0.6248
Consuming time:25.44 in the epoch: 26
Best test loss is 1.47
---------------*****---------------
---------------*****---------------
Starting training the epoch: 27 
total batch: 985.921875 
batch:99 average train loss 1.4463
batch:199 average train loss 1.4409
batch:299 average train loss 1.4211
batch:399 average train loss 1.4136
batch:499 average train loss 1.4075
batch:599 average train loss 1.4120
batch:699 average train loss 1.4144
batch:799 average train loss 1.4167
batch:899 average train loss 1.4204
average train loss 1.4145
Train Consuming time:20.16 in the epoch: 27
total val iterations: 212 
average val loss 1.4217
accuracy ( less than 0.1 ): 0.1832
median val loss 0.6091
total test iterations: 212 
average test loss 1.4721
accuracy ( less than 0.1 ): 0.1879
median test loss 0.6241
Consuming time:25.74 in the epoch: 27
Best test loss is 1.47
---------------*****---------------
---------------*****---------------
Starting training the epoch: 28 
total batch: 985.921875 
batch:99 average train loss 1.4461
batch:199 average train loss 1.4408
batch:299 average train loss 1.4210
batch:399 average train loss 1.4135
batch:499 average train loss 1.4074
batch:599 average train loss 1.4118
batch:699 average train loss 1.4143
batch:799 average train loss 1.4165
batch:899 average train loss 1.4202
average train loss 1.4144
Train Consuming time:20.36 in the epoch: 28
total val iterations: 212 
average val loss 1.4218
accuracy ( less than 0.1 ): 0.1837
median val loss 0.6093
total test iterations: 212 
average test loss 1.4722
accuracy ( less than 0.1 ): 0.1879
median test loss 0.6232
Consuming time:25.96 in the epoch: 28
Best test loss is 1.47
---------------*****---------------
---------------*****---------------
Starting training the epoch: 29 
total batch: 985.921875 
batch:99 average train loss 1.4460
batch:199 average train loss 1.4407
batch:299 average train loss 1.4209
batch:399 average train loss 1.4133
batch:499 average train loss 1.4072
batch:599 average train loss 1.4116
batch:699 average train loss 1.4141
batch:799 average train loss 1.4163
batch:899 average train loss 1.4201
average train loss 1.4143
Train Consuming time:20.34 in the epoch: 29
total val iterations: 212 
average val loss 1.4217
accuracy ( less than 0.1 ): 0.1835
median val loss 0.6085
total test iterations: 212 
average test loss 1.4721
accuracy ( less than 0.1 ): 0.1879
median test loss 0.6247
Consuming time:25.94 in the epoch: 29
Best test loss is 1.47
---------------*****---------------
---------------*****---------------
Starting training the epoch: 30 
total batch: 985.921875 
batch:99 average train loss 1.4459
batch:199 average train loss 1.4405
batch:299 average train loss 1.4207
batch:399 average train loss 1.4132
batch:499 average train loss 1.4070
batch:599 average train loss 1.4114
batch:699 average train loss 1.4139
batch:799 average train loss 1.4162
batch:899 average train loss 1.4199
average train loss 1.4142
Train Consuming time:20.13 in the epoch: 30
total val iterations: 212 
average val loss 1.4217
accuracy ( less than 0.1 ): 0.1835
median val loss 0.6094
total test iterations: 212 
average test loss 1.4719
accuracy ( less than 0.1 ): 0.1873
median test loss 0.6245
Consuming time:25.65 in the epoch: 30
Best test loss is 1.47
---------------*****---------------
---------------*****---------------
Starting training the epoch: 31 
total batch: 985.921875 
batch:99 average train loss 1.4457
batch:199 average train loss 1.4404
batch:299 average train loss 1.4206
batch:399 average train loss 1.4130
batch:499 average train loss 1.4068
batch:599 average train loss 1.4112
batch:699 average train loss 1.4138
batch:799 average train loss 1.4160
batch:899 average train loss 1.4198
average train loss 1.4141
Train Consuming time:20.09 in the epoch: 31
total val iterations: 212 
average val loss 1.4216
accuracy ( less than 0.1 ): 0.1837
median val loss 0.6109
total test iterations: 212 
average test loss 1.4717
accuracy ( less than 0.1 ): 0.1882
median test loss 0.6236
Consuming time:25.61 in the epoch: 31
Best test loss is 1.47
---------------*****---------------
---------------*****---------------
Starting training the epoch: 32 
total batch: 985.921875 
batch:99 average train loss 1.4455
batch:199 average train loss 1.4401
batch:299 average train loss 1.4203
batch:399 average train loss 1.4128
batch:499 average train loss 1.4066
batch:599 average train loss 1.4110
batch:699 average train loss 1.4136
batch:799 average train loss 1.4158
batch:899 average train loss 1.4196
average train loss 1.4139
Train Consuming time:20.11 in the epoch: 32
total val iterations: 212 
average val loss 1.4215
accuracy ( less than 0.1 ): 0.1839
median val loss 0.6111
total test iterations: 212 
average test loss 1.4716
accuracy ( less than 0.1 ): 0.1876
median test loss 0.6244
Consuming time:25.62 in the epoch: 32
Best test loss is 1.47
---------------*****---------------
---------------*****---------------
Starting training the epoch: 33 
total batch: 985.921875 
batch:99 average train loss 1.4454
batch:199 average train loss 1.4400
batch:299 average train loss 1.4203
batch:399 average train loss 1.4127
batch:499 average train loss 1.4065
batch:599 average train loss 1.4109
batch:699 average train loss 1.4135
batch:799 average train loss 1.4157
batch:899 average train loss 1.4195
average train loss 1.4138
Train Consuming time:20.09 in the epoch: 33
total val iterations: 212 
average val loss 1.4214
accuracy ( less than 0.1 ): 0.1839
median val loss 0.6111
total test iterations: 212 
average test loss 1.4715
accuracy ( less than 0.1 ): 0.1873
median test loss 0.6253
Consuming time:25.60 in the epoch: 33
Best test loss is 1.47
---------------*****---------------
---------------*****---------------
Starting training the epoch: 34 
total batch: 985.921875 
batch:99 average train loss 1.4452
batch:199 average train loss 1.4399
batch:299 average train loss 1.4201
batch:399 average train loss 1.4126
batch:499 average train loss 1.4064
batch:599 average train loss 1.4108
batch:699 average train loss 1.4134
batch:799 average train loss 1.4156
batch:899 average train loss 1.4194
average train loss 1.4137
Train Consuming time:20.09 in the epoch: 34
total val iterations: 212 
average val loss 1.4214
accuracy ( less than 0.1 ): 0.1839
median val loss 0.6111
total test iterations: 212 
average test loss 1.4715
accuracy ( less than 0.1 ): 0.1871
median test loss 0.6256
Consuming time:25.59 in the epoch: 34
Best test loss is 1.47
---------------*****---------------
---------------*****---------------
Starting training the epoch: 35 
total batch: 985.921875 
batch:99 average train loss 1.4451
batch:199 average train loss 1.4399
batch:299 average train loss 1.4201
batch:399 average train loss 1.4125
batch:499 average train loss 1.4064
batch:599 average train loss 1.4107
batch:699 average train loss 1.4133
batch:799 average train loss 1.4156
batch:899 average train loss 1.4194
average train loss 1.4137
Train Consuming time:20.11 in the epoch: 35
total val iterations: 212 
average val loss 1.4214
accuracy ( less than 0.1 ): 0.1839
median val loss 0.6117
total test iterations: 212 
average test loss 1.4715
accuracy ( less than 0.1 ): 0.1874
median test loss 0.6259
Consuming time:25.62 in the epoch: 35
Best test loss is 1.47
---------------*****---------------
---------------*****---------------
Starting training the epoch: 36 
total batch: 985.921875 
batch:99 average train loss 1.4450
batch:199 average train loss 1.4397
batch:299 average train loss 1.4199
batch:399 average train loss 1.4124
batch:499 average train loss 1.4062
batch:599 average train loss 1.4106
batch:699 average train loss 1.4132
batch:799 average train loss 1.4154
batch:899 average train loss 1.4193
average train loss 1.4136
Train Consuming time:20.08 in the epoch: 36
total val iterations: 212 
average val loss 1.4214
accuracy ( less than 0.1 ): 0.1839
median val loss 0.6110
total test iterations: 212 
average test loss 1.4715
accuracy ( less than 0.1 ): 0.1872
median test loss 0.6260
Consuming time:25.59 in the epoch: 36
Best test loss is 1.47
---------------*****---------------
---------------*****---------------
Starting training the epoch: 37 
total batch: 985.921875 
batch:99 average train loss 1.4449
batch:199 average train loss 1.4396
batch:299 average train loss 1.4199
batch:399 average train loss 1.4123
batch:499 average train loss 1.4061
batch:599 average train loss 1.4105
batch:699 average train loss 1.4131
batch:799 average train loss 1.4154
batch:899 average train loss 1.4192
average train loss 1.4136
Train Consuming time:20.10 in the epoch: 37
total val iterations: 212 
average val loss 1.4214
accuracy ( less than 0.1 ): 0.1842
median val loss 0.6107
total test iterations: 212 
average test loss 1.4715
accuracy ( less than 0.1 ): 0.1871
median test loss 0.6264
Consuming time:25.66 in the epoch: 37
Best test loss is 1.47
---------------*****---------------
---------------*****---------------
Starting training the epoch: 38 
total batch: 985.921875 
batch:99 average train loss 1.4449
batch:199 average train loss 1.4396
batch:299 average train loss 1.4198
batch:399 average train loss 1.4122
batch:499 average train loss 1.4061
batch:599 average train loss 1.4104
batch:699 average train loss 1.4130
batch:799 average train loss 1.4153
batch:899 average train loss 1.4192
average train loss 1.4135
Train Consuming time:20.25 in the epoch: 38
total val iterations: 212 
average val loss 1.4214
accuracy ( less than 0.1 ): 0.1838
median val loss 0.6105
total test iterations: 212 
average test loss 1.4715
accuracy ( less than 0.1 ): 0.1874
median test loss 0.6272
Consuming time:25.82 in the epoch: 38
Best test loss is 1.47
---------------*****---------------
